[2025-08-07T16:19:34.069+0700] {taskinstance.py:1159} INFO - Dependencies all met for dep_context=non-requeueable deps ti=<TaskInstance: ekstrak_pdf_dag.ekstrak_pdf manual__2025-08-07T09:19:15.513924+00:00 [queued]>
[2025-08-07T16:19:34.096+0700] {taskinstance.py:1159} INFO - Dependencies all met for dep_context=requeueable deps ti=<TaskInstance: ekstrak_pdf_dag.ekstrak_pdf manual__2025-08-07T09:19:15.513924+00:00 [queued]>
[2025-08-07T16:19:34.097+0700] {taskinstance.py:1361} INFO - Starting attempt 1 of 1
[2025-08-07T16:19:34.170+0700] {taskinstance.py:1382} INFO - Executing <Task(PythonOperator): ekstrak_pdf> on 2025-08-07 09:19:15.513924+00:00
[2025-08-07T16:19:34.210+0700] {standard_task_runner.py:57} INFO - Started process 123569 to run task
[2025-08-07T16:19:34.273+0700] {standard_task_runner.py:84} INFO - Running: ['airflow', 'tasks', 'run', 'ekstrak_pdf_dag', 'ekstrak_pdf', 'manual__2025-08-07T09:19:15.513924+00:00', '--job-id', '14', '--raw', '--subdir', 'DAGS_FOLDER/etl.py', '--cfg-path', '/tmp/tmpp3sf3dgl']
[2025-08-07T16:19:34.277+0700] {standard_task_runner.py:85} INFO - Job 14: Subtask ekstrak_pdf
[2025-08-07T16:19:34.791+0700] {task_command.py:416} INFO - Running <TaskInstance: ekstrak_pdf_dag.ekstrak_pdf manual__2025-08-07T09:19:15.513924+00:00 [running]> on host dwmhr.localdomain
[2025-08-07T16:19:35.077+0700] {taskinstance.py:1662} INFO - Exporting env vars: AIRFLOW_CTX_DAG_OWNER='airflow' AIRFLOW_CTX_DAG_ID='ekstrak_pdf_dag' AIRFLOW_CTX_TASK_ID='ekstrak_pdf' AIRFLOW_CTX_EXECUTION_DATE='2025-08-07T09:19:15.513924+00:00' AIRFLOW_CTX_TRY_NUMBER='1' AIRFLOW_CTX_DAG_RUN_ID='manual__2025-08-07T09:19:15.513924+00:00'
[2025-08-07T16:19:35.094+0700] {ekstrak.py:173} INFO - === Mulai ekstraksi PDF ===
[2025-08-07T16:19:35.577+0700] {logging_mixin.py:154} INFO - Processing page 1...
[2025-08-07T16:19:36.160+0700] {logging_mixin.py:154} INFO - Processing page 2...
[2025-08-07T16:19:37.097+0700] {logging_mixin.py:154} INFO - Processing page 3...
[2025-08-07T16:19:37.949+0700] {logging_mixin.py:154} INFO - Processing page 4...
[2025-08-07T16:19:39.050+0700] {logging_mixin.py:154} INFO - Processing page 5...
[2025-08-07T16:19:39.179+0700] {logging_mixin.py:154} INFO - Processing page 6...
[2025-08-07T16:19:39.779+0700] {logging_mixin.py:154} INFO - Processing page 7...
[2025-08-07T16:19:40.293+0700] {logging_mixin.py:154} INFO - Processing page 8...
[2025-08-07T16:19:40.828+0700] {logging_mixin.py:154} INFO - Processing page 9...
[2025-08-07T16:19:41.264+0700] {logging_mixin.py:154} INFO - Processing page 10...
[2025-08-07T16:19:41.619+0700] {logging_mixin.py:154} INFO - Processing page 11...
[2025-08-07T16:19:42.001+0700] {logging_mixin.py:154} INFO - Processing page 12...
[2025-08-07T16:19:42.314+0700] {logging_mixin.py:154} INFO - Processing page 13...
[2025-08-07T16:19:42.598+0700] {logging_mixin.py:154} INFO - Processing page 14...
[2025-08-07T16:19:42.987+0700] {logging_mixin.py:154} INFO - Processing page 15...
[2025-08-07T16:19:43.206+0700] {logging_mixin.py:154} INFO - Processing page 16...
[2025-08-07T16:19:43.482+0700] {logging_mixin.py:154} INFO - Processing page 17...
[2025-08-07T16:19:44.325+0700] {logging_mixin.py:154} INFO - Processing page 18...
[2025-08-07T16:19:45.120+0700] {logging_mixin.py:154} INFO - Processing page 19...
[2025-08-07T16:19:45.730+0700] {logging_mixin.py:154} INFO - Processing page 20...
[2025-08-07T16:19:46.372+0700] {logging_mixin.py:154} INFO - Processing page 21...
[2025-08-07T16:19:47.005+0700] {logging_mixin.py:154} INFO - Processing page 22...
[2025-08-07T16:19:47.609+0700] {logging_mixin.py:154} INFO - Processing page 23...
[2025-08-07T16:19:47.908+0700] {logging_mixin.py:154} INFO - Processing page 24...
[2025-08-07T16:19:48.390+0700] {logging_mixin.py:154} INFO - Processing page 25...
[2025-08-07T16:19:48.826+0700] {logging_mixin.py:154} INFO - Processing page 26...
[2025-08-07T16:19:49.173+0700] {logging_mixin.py:154} INFO - Processing page 27...
[2025-08-07T16:19:49.317+0700] {logging_mixin.py:154} INFO - Extraction completed. 27 pages processed.
[2025-08-07T16:19:49.318+0700] {logging_mixin.py:154} INFO - Output saved to: /home/dwmhr/pln/data/processed/Kepdir 0306 Kepdir 2023/Kepdir 0306 Kepdir 2023_ekstrak.jsonl
[2025-08-07T16:19:49.319+0700] {logging_mixin.py:154} INFO - Found 3 unique bookmarks:
[2025-08-07T16:19:49.320+0700] {logging_mixin.py:154} INFO -   - LAMPIRAN I
[2025-08-07T16:19:49.321+0700] {logging_mixin.py:154} INFO -   - LAMPIRAN I ll
[2025-08-07T16:19:49.321+0700] {logging_mixin.py:154} INFO -   - LAMPIRAN II
[2025-08-07T16:19:49.321+0700] {ekstrak.py:181} INFO - === Ekstraksi selesai untuk Kepdir 0306 Kepdir 2023.pdf ===
[2025-08-07T16:19:49.322+0700] {python.py:194} INFO - Done. Returned value was: None
[2025-08-07T16:19:49.351+0700] {taskinstance.py:1400} INFO - Marking task as SUCCESS. dag_id=ekstrak_pdf_dag, task_id=ekstrak_pdf, execution_date=20250807T091915, start_date=20250807T091934, end_date=20250807T091949
[2025-08-07T16:19:49.455+0700] {local_task_job_runner.py:228} INFO - Task exited with return code 0
[2025-08-07T16:19:49.527+0700] {taskinstance.py:2778} INFO - 1 downstream tasks scheduled from follow-on schedule check
