[2025-08-07T16:21:43.800+0700] {taskinstance.py:1159} INFO - Dependencies all met for dep_context=non-requeueable deps ti=<TaskInstance: ekstrak_pdf_dag.generate_embeddings manual__2025-08-07T09:19:15.513924+00:00 [queued]>
[2025-08-07T16:21:43.815+0700] {taskinstance.py:1159} INFO - Dependencies all met for dep_context=requeueable deps ti=<TaskInstance: ekstrak_pdf_dag.generate_embeddings manual__2025-08-07T09:19:15.513924+00:00 [queued]>
[2025-08-07T16:21:43.815+0700] {taskinstance.py:1361} INFO - Starting attempt 1 of 1
[2025-08-07T16:21:43.847+0700] {taskinstance.py:1382} INFO - Executing <Task(PythonOperator): generate_embeddings> on 2025-08-07 09:19:15.513924+00:00
[2025-08-07T16:21:43.857+0700] {standard_task_runner.py:57} INFO - Started process 124149 to run task
[2025-08-07T16:21:43.876+0700] {standard_task_runner.py:84} INFO - Running: ['airflow', 'tasks', 'run', 'ekstrak_pdf_dag', 'generate_embeddings', 'manual__2025-08-07T09:19:15.513924+00:00', '--job-id', '17', '--raw', '--subdir', 'DAGS_FOLDER/etl.py', '--cfg-path', '/tmp/tmpn0i4efa8']
[2025-08-07T16:21:43.878+0700] {standard_task_runner.py:85} INFO - Job 17: Subtask generate_embeddings
[2025-08-07T16:21:43.995+0700] {task_command.py:416} INFO - Running <TaskInstance: ekstrak_pdf_dag.generate_embeddings manual__2025-08-07T09:19:15.513924+00:00 [running]> on host dwmhr.localdomain
[2025-08-07T16:21:44.150+0700] {taskinstance.py:1662} INFO - Exporting env vars: AIRFLOW_CTX_DAG_OWNER='airflow' AIRFLOW_CTX_DAG_ID='ekstrak_pdf_dag' AIRFLOW_CTX_TASK_ID='generate_embeddings' AIRFLOW_CTX_EXECUTION_DATE='2025-08-07T09:19:15.513924+00:00' AIRFLOW_CTX_TRY_NUMBER='1' AIRFLOW_CTX_DAG_RUN_ID='manual__2025-08-07T09:19:15.513924+00:00'
[2025-08-07T16:21:56.322+0700] {logging_mixin.py:154} INFO - Generating embeddings...
[2025-08-07T16:21:56.324+0700] {SentenceTransformer.py:227} INFO - Load pretrained SentenceTransformer: intfloat/multilingual-e5-large
[2025-08-07T16:22:06.327+0700] {logging_mixin.py:154} WARNING - Batches:   0%|          | 0/8 [00:00<?, ?it/s]
[2025-08-07T16:23:22.182+0700] {logging_mixin.py:154} WARNING - Batches:  12%|#2        | 1/8 [01:15<08:50, 75.79s/it]
[2025-08-07T16:23:58.869+0700] {logging_mixin.py:154} WARNING - Batches:  25%|##5       | 2/8 [01:52<05:16, 52.81s/it]
[2025-08-07T16:24:30.262+0700] {logging_mixin.py:154} WARNING - Batches:  38%|###7      | 3/8 [02:23<03:35, 43.03s/it]
[2025-08-07T16:24:57.061+0700] {logging_mixin.py:154} WARNING - Batches:  50%|#####     | 4/8 [02:50<02:26, 36.62s/it]
[2025-08-07T16:25:18.625+0700] {logging_mixin.py:154} WARNING - Batches:  62%|######2   | 5/8 [03:12<01:33, 31.19s/it]
[2025-08-07T16:25:41.993+0700] {logging_mixin.py:154} WARNING - Batches:  75%|#######5  | 6/8 [03:35<00:57, 28.53s/it]
[2025-08-07T16:26:00.857+0700] {logging_mixin.py:154} WARNING - Batches:  88%|########7 | 7/8 [03:54<00:25, 25.37s/it]
[2025-08-07T16:26:09.618+0700] {logging_mixin.py:154} WARNING - Batches: 100%|##########| 8/8 [04:03<00:00, 20.08s/it]
[2025-08-07T16:26:09.631+0700] {logging_mixin.py:154} WARNING - Batches: 100%|##########| 8/8 [04:03<00:00, 30.41s/it]
[2025-08-07T16:26:10.077+0700] {logging_mixin.py:154} INFO - Embeddings saved to /home/dwmhr/pln/data/processed/Kepdir 0306 Kepdir 2023/Kepdir 0306 Kepdir 2023_ekstrak_chunked_embedding.jsonl
[2025-08-07T16:26:10.099+0700] {python.py:194} INFO - Done. Returned value was: None
[2025-08-07T16:26:10.630+0700] {taskinstance.py:1400} INFO - Marking task as SUCCESS. dag_id=ekstrak_pdf_dag, task_id=generate_embeddings, execution_date=20250807T091915, start_date=20250807T092143, end_date=20250807T092610
[2025-08-07T16:26:11.122+0700] {local_task_job_runner.py:228} INFO - Task exited with return code 0
[2025-08-07T16:26:11.371+0700] {taskinstance.py:2778} INFO - 1 downstream tasks scheduled from follow-on schedule check
