[2025-08-08T15:04:08.250+0700] {processor.py:157} INFO - Started process (PID=88702) to work on /home/dwmhr/pln/venv/lib/python3.10/site-packages/airflow/example_dags/plugins/listener_plugin.py
[2025-08-08T15:04:08.255+0700] {processor.py:829} INFO - Processing file /home/dwmhr/pln/venv/lib/python3.10/site-packages/airflow/example_dags/plugins/listener_plugin.py for tasks to queue
[2025-08-08T15:04:08.259+0700] {logging_mixin.py:154} INFO - [2025-08-08T15:04:08.257+0700] {dagbag.py:536} INFO - Filling up the DagBag from /home/dwmhr/pln/venv/lib/python3.10/site-packages/airflow/example_dags/plugins/listener_plugin.py
[2025-08-08T15:04:08.283+0700] {processor.py:841} WARNING - No viable dags retrieved from /home/dwmhr/pln/venv/lib/python3.10/site-packages/airflow/example_dags/plugins/listener_plugin.py
[2025-08-08T15:04:08.368+0700] {processor.py:179} INFO - Processing /home/dwmhr/pln/venv/lib/python3.10/site-packages/airflow/example_dags/plugins/listener_plugin.py took 0.137 seconds
[2025-08-08T15:05:51.461+0700] {processor.py:157} INFO - Started process (PID=88987) to work on /home/dwmhr/pln/venv/lib/python3.10/site-packages/airflow/example_dags/plugins/listener_plugin.py
[2025-08-08T15:05:51.464+0700] {processor.py:829} INFO - Processing file /home/dwmhr/pln/venv/lib/python3.10/site-packages/airflow/example_dags/plugins/listener_plugin.py for tasks to queue
[2025-08-08T15:05:51.465+0700] {logging_mixin.py:154} INFO - [2025-08-08T15:05:51.465+0700] {dagbag.py:536} INFO - Filling up the DagBag from /home/dwmhr/pln/venv/lib/python3.10/site-packages/airflow/example_dags/plugins/listener_plugin.py
[2025-08-08T15:05:51.471+0700] {processor.py:841} WARNING - No viable dags retrieved from /home/dwmhr/pln/venv/lib/python3.10/site-packages/airflow/example_dags/plugins/listener_plugin.py
[2025-08-08T15:05:51.490+0700] {processor.py:179} INFO - Processing /home/dwmhr/pln/venv/lib/python3.10/site-packages/airflow/example_dags/plugins/listener_plugin.py took 0.035 seconds
[2025-08-08T15:06:40.793+0700] {processor.py:157} INFO - Started process (PID=89126) to work on /home/dwmhr/pln/venv/lib/python3.10/site-packages/airflow/example_dags/plugins/listener_plugin.py
[2025-08-08T15:06:40.795+0700] {processor.py:829} INFO - Processing file /home/dwmhr/pln/venv/lib/python3.10/site-packages/airflow/example_dags/plugins/listener_plugin.py for tasks to queue
[2025-08-08T15:06:40.796+0700] {logging_mixin.py:154} INFO - [2025-08-08T15:06:40.796+0700] {dagbag.py:536} INFO - Filling up the DagBag from /home/dwmhr/pln/venv/lib/python3.10/site-packages/airflow/example_dags/plugins/listener_plugin.py
[2025-08-08T15:06:40.800+0700] {processor.py:841} WARNING - No viable dags retrieved from /home/dwmhr/pln/venv/lib/python3.10/site-packages/airflow/example_dags/plugins/listener_plugin.py
[2025-08-08T15:06:40.815+0700] {processor.py:179} INFO - Processing /home/dwmhr/pln/venv/lib/python3.10/site-packages/airflow/example_dags/plugins/listener_plugin.py took 0.037 seconds
[2025-08-08T15:07:20.755+0700] {processor.py:157} INFO - Started process (PID=89281) to work on /home/dwmhr/pln/venv/lib/python3.10/site-packages/airflow/example_dags/plugins/listener_plugin.py
[2025-08-08T15:07:20.758+0700] {processor.py:829} INFO - Processing file /home/dwmhr/pln/venv/lib/python3.10/site-packages/airflow/example_dags/plugins/listener_plugin.py for tasks to queue
[2025-08-08T15:07:20.759+0700] {logging_mixin.py:154} INFO - [2025-08-08T15:07:20.759+0700] {dagbag.py:536} INFO - Filling up the DagBag from /home/dwmhr/pln/venv/lib/python3.10/site-packages/airflow/example_dags/plugins/listener_plugin.py
[2025-08-08T15:07:20.765+0700] {processor.py:841} WARNING - No viable dags retrieved from /home/dwmhr/pln/venv/lib/python3.10/site-packages/airflow/example_dags/plugins/listener_plugin.py
[2025-08-08T15:07:20.785+0700] {processor.py:179} INFO - Processing /home/dwmhr/pln/venv/lib/python3.10/site-packages/airflow/example_dags/plugins/listener_plugin.py took 0.035 seconds
[2025-08-08T15:07:59.127+0700] {processor.py:157} INFO - Started process (PID=89393) to work on /home/dwmhr/pln/venv/lib/python3.10/site-packages/airflow/example_dags/plugins/listener_plugin.py
[2025-08-08T15:07:59.130+0700] {processor.py:829} INFO - Processing file /home/dwmhr/pln/venv/lib/python3.10/site-packages/airflow/example_dags/plugins/listener_plugin.py for tasks to queue
[2025-08-08T15:07:59.132+0700] {logging_mixin.py:154} INFO - [2025-08-08T15:07:59.131+0700] {dagbag.py:536} INFO - Filling up the DagBag from /home/dwmhr/pln/venv/lib/python3.10/site-packages/airflow/example_dags/plugins/listener_plugin.py
[2025-08-08T15:07:59.137+0700] {processor.py:841} WARNING - No viable dags retrieved from /home/dwmhr/pln/venv/lib/python3.10/site-packages/airflow/example_dags/plugins/listener_plugin.py
[2025-08-08T15:07:59.160+0700] {processor.py:179} INFO - Processing /home/dwmhr/pln/venv/lib/python3.10/site-packages/airflow/example_dags/plugins/listener_plugin.py took 0.039 seconds
[2025-08-08T15:09:57.802+0700] {processor.py:157} INFO - Started process (PID=89589) to work on /home/dwmhr/pln/venv/lib/python3.10/site-packages/airflow/example_dags/plugins/listener_plugin.py
[2025-08-08T15:09:57.834+0700] {processor.py:829} INFO - Processing file /home/dwmhr/pln/venv/lib/python3.10/site-packages/airflow/example_dags/plugins/listener_plugin.py for tasks to queue
[2025-08-08T15:09:57.851+0700] {logging_mixin.py:154} INFO - [2025-08-08T15:09:57.847+0700] {dagbag.py:536} INFO - Filling up the DagBag from /home/dwmhr/pln/venv/lib/python3.10/site-packages/airflow/example_dags/plugins/listener_plugin.py
[2025-08-08T15:09:58.337+0700] {processor.py:841} WARNING - No viable dags retrieved from /home/dwmhr/pln/venv/lib/python3.10/site-packages/airflow/example_dags/plugins/listener_plugin.py
[2025-08-08T15:09:58.508+0700] {processor.py:179} INFO - Processing /home/dwmhr/pln/venv/lib/python3.10/site-packages/airflow/example_dags/plugins/listener_plugin.py took 0.758 seconds
[2025-08-08T15:11:48.361+0700] {processor.py:157} INFO - Started process (PID=89842) to work on /home/dwmhr/pln/venv/lib/python3.10/site-packages/airflow/example_dags/plugins/listener_plugin.py
[2025-08-08T15:11:48.369+0700] {processor.py:829} INFO - Processing file /home/dwmhr/pln/venv/lib/python3.10/site-packages/airflow/example_dags/plugins/listener_plugin.py for tasks to queue
[2025-08-08T15:11:48.375+0700] {logging_mixin.py:154} INFO - [2025-08-08T15:11:48.373+0700] {dagbag.py:536} INFO - Filling up the DagBag from /home/dwmhr/pln/venv/lib/python3.10/site-packages/airflow/example_dags/plugins/listener_plugin.py
[2025-08-08T15:11:48.412+0700] {processor.py:841} WARNING - No viable dags retrieved from /home/dwmhr/pln/venv/lib/python3.10/site-packages/airflow/example_dags/plugins/listener_plugin.py
[2025-08-08T15:11:48.520+0700] {processor.py:179} INFO - Processing /home/dwmhr/pln/venv/lib/python3.10/site-packages/airflow/example_dags/plugins/listener_plugin.py took 0.197 seconds
[2025-08-08T15:13:03.769+0700] {processor.py:157} INFO - Started process (PID=90035) to work on /home/dwmhr/pln/venv/lib/python3.10/site-packages/airflow/example_dags/plugins/listener_plugin.py
[2025-08-08T15:13:03.772+0700] {processor.py:829} INFO - Processing file /home/dwmhr/pln/venv/lib/python3.10/site-packages/airflow/example_dags/plugins/listener_plugin.py for tasks to queue
[2025-08-08T15:13:03.775+0700] {logging_mixin.py:154} INFO - [2025-08-08T15:13:03.774+0700] {dagbag.py:536} INFO - Filling up the DagBag from /home/dwmhr/pln/venv/lib/python3.10/site-packages/airflow/example_dags/plugins/listener_plugin.py
[2025-08-08T15:13:03.782+0700] {processor.py:841} WARNING - No viable dags retrieved from /home/dwmhr/pln/venv/lib/python3.10/site-packages/airflow/example_dags/plugins/listener_plugin.py
[2025-08-08T15:13:03.809+0700] {processor.py:179} INFO - Processing /home/dwmhr/pln/venv/lib/python3.10/site-packages/airflow/example_dags/plugins/listener_plugin.py took 0.047 seconds
[2025-08-08T15:13:55.005+0700] {processor.py:157} INFO - Started process (PID=90202) to work on /home/dwmhr/pln/venv/lib/python3.10/site-packages/airflow/example_dags/plugins/listener_plugin.py
[2025-08-08T15:13:55.006+0700] {processor.py:829} INFO - Processing file /home/dwmhr/pln/venv/lib/python3.10/site-packages/airflow/example_dags/plugins/listener_plugin.py for tasks to queue
[2025-08-08T15:13:55.007+0700] {logging_mixin.py:154} INFO - [2025-08-08T15:13:55.007+0700] {dagbag.py:536} INFO - Filling up the DagBag from /home/dwmhr/pln/venv/lib/python3.10/site-packages/airflow/example_dags/plugins/listener_plugin.py
[2025-08-08T15:13:55.009+0700] {processor.py:841} WARNING - No viable dags retrieved from /home/dwmhr/pln/venv/lib/python3.10/site-packages/airflow/example_dags/plugins/listener_plugin.py
[2025-08-08T15:13:55.018+0700] {processor.py:179} INFO - Processing /home/dwmhr/pln/venv/lib/python3.10/site-packages/airflow/example_dags/plugins/listener_plugin.py took 0.016 seconds
[2025-08-08T15:14:50.650+0700] {processor.py:157} INFO - Started process (PID=90372) to work on /home/dwmhr/pln/venv/lib/python3.10/site-packages/airflow/example_dags/plugins/listener_plugin.py
[2025-08-08T15:14:50.651+0700] {processor.py:829} INFO - Processing file /home/dwmhr/pln/venv/lib/python3.10/site-packages/airflow/example_dags/plugins/listener_plugin.py for tasks to queue
[2025-08-08T15:14:50.652+0700] {logging_mixin.py:154} INFO - [2025-08-08T15:14:50.652+0700] {dagbag.py:536} INFO - Filling up the DagBag from /home/dwmhr/pln/venv/lib/python3.10/site-packages/airflow/example_dags/plugins/listener_plugin.py
[2025-08-08T15:14:50.655+0700] {processor.py:841} WARNING - No viable dags retrieved from /home/dwmhr/pln/venv/lib/python3.10/site-packages/airflow/example_dags/plugins/listener_plugin.py
[2025-08-08T15:14:50.666+0700] {processor.py:179} INFO - Processing /home/dwmhr/pln/venv/lib/python3.10/site-packages/airflow/example_dags/plugins/listener_plugin.py took 0.020 seconds
[2025-08-08T15:15:29.381+0700] {processor.py:157} INFO - Started process (PID=90480) to work on /home/dwmhr/pln/venv/lib/python3.10/site-packages/airflow/example_dags/plugins/listener_plugin.py
[2025-08-08T15:15:29.384+0700] {processor.py:829} INFO - Processing file /home/dwmhr/pln/venv/lib/python3.10/site-packages/airflow/example_dags/plugins/listener_plugin.py for tasks to queue
[2025-08-08T15:15:29.386+0700] {logging_mixin.py:154} INFO - [2025-08-08T15:15:29.385+0700] {dagbag.py:536} INFO - Filling up the DagBag from /home/dwmhr/pln/venv/lib/python3.10/site-packages/airflow/example_dags/plugins/listener_plugin.py
[2025-08-08T15:15:29.393+0700] {processor.py:841} WARNING - No viable dags retrieved from /home/dwmhr/pln/venv/lib/python3.10/site-packages/airflow/example_dags/plugins/listener_plugin.py
[2025-08-08T15:15:29.419+0700] {processor.py:179} INFO - Processing /home/dwmhr/pln/venv/lib/python3.10/site-packages/airflow/example_dags/plugins/listener_plugin.py took 0.046 seconds
[2025-08-08T15:16:09.115+0700] {processor.py:157} INFO - Started process (PID=90591) to work on /home/dwmhr/pln/venv/lib/python3.10/site-packages/airflow/example_dags/plugins/listener_plugin.py
[2025-08-08T15:16:09.118+0700] {processor.py:829} INFO - Processing file /home/dwmhr/pln/venv/lib/python3.10/site-packages/airflow/example_dags/plugins/listener_plugin.py for tasks to queue
[2025-08-08T15:16:09.121+0700] {logging_mixin.py:154} INFO - [2025-08-08T15:16:09.120+0700] {dagbag.py:536} INFO - Filling up the DagBag from /home/dwmhr/pln/venv/lib/python3.10/site-packages/airflow/example_dags/plugins/listener_plugin.py
[2025-08-08T15:16:09.129+0700] {processor.py:841} WARNING - No viable dags retrieved from /home/dwmhr/pln/venv/lib/python3.10/site-packages/airflow/example_dags/plugins/listener_plugin.py
[2025-08-08T15:16:09.159+0700] {processor.py:179} INFO - Processing /home/dwmhr/pln/venv/lib/python3.10/site-packages/airflow/example_dags/plugins/listener_plugin.py took 0.054 seconds
[2025-08-08T15:16:49.828+0700] {processor.py:157} INFO - Started process (PID=90745) to work on /home/dwmhr/pln/venv/lib/python3.10/site-packages/airflow/example_dags/plugins/listener_plugin.py
[2025-08-08T15:16:49.834+0700] {processor.py:829} INFO - Processing file /home/dwmhr/pln/venv/lib/python3.10/site-packages/airflow/example_dags/plugins/listener_plugin.py for tasks to queue
[2025-08-08T15:16:49.835+0700] {logging_mixin.py:154} INFO - [2025-08-08T15:16:49.834+0700] {dagbag.py:536} INFO - Filling up the DagBag from /home/dwmhr/pln/venv/lib/python3.10/site-packages/airflow/example_dags/plugins/listener_plugin.py
[2025-08-08T15:16:49.839+0700] {processor.py:841} WARNING - No viable dags retrieved from /home/dwmhr/pln/venv/lib/python3.10/site-packages/airflow/example_dags/plugins/listener_plugin.py
[2025-08-08T15:16:49.853+0700] {processor.py:179} INFO - Processing /home/dwmhr/pln/venv/lib/python3.10/site-packages/airflow/example_dags/plugins/listener_plugin.py took 0.029 seconds
[2025-08-08T15:17:23.327+0700] {processor.py:157} INFO - Started process (PID=90848) to work on /home/dwmhr/pln/venv/lib/python3.10/site-packages/airflow/example_dags/plugins/listener_plugin.py
[2025-08-08T15:17:23.331+0700] {processor.py:829} INFO - Processing file /home/dwmhr/pln/venv/lib/python3.10/site-packages/airflow/example_dags/plugins/listener_plugin.py for tasks to queue
[2025-08-08T15:17:23.332+0700] {logging_mixin.py:154} INFO - [2025-08-08T15:17:23.332+0700] {dagbag.py:536} INFO - Filling up the DagBag from /home/dwmhr/pln/venv/lib/python3.10/site-packages/airflow/example_dags/plugins/listener_plugin.py
[2025-08-08T15:17:23.335+0700] {processor.py:841} WARNING - No viable dags retrieved from /home/dwmhr/pln/venv/lib/python3.10/site-packages/airflow/example_dags/plugins/listener_plugin.py
[2025-08-08T15:17:23.344+0700] {processor.py:179} INFO - Processing /home/dwmhr/pln/venv/lib/python3.10/site-packages/airflow/example_dags/plugins/listener_plugin.py took 0.019 seconds
[2025-08-08T15:17:57.160+0700] {processor.py:157} INFO - Started process (PID=90946) to work on /home/dwmhr/pln/venv/lib/python3.10/site-packages/airflow/example_dags/plugins/listener_plugin.py
[2025-08-08T15:17:57.172+0700] {processor.py:829} INFO - Processing file /home/dwmhr/pln/venv/lib/python3.10/site-packages/airflow/example_dags/plugins/listener_plugin.py for tasks to queue
[2025-08-08T15:17:57.173+0700] {logging_mixin.py:154} INFO - [2025-08-08T15:17:57.173+0700] {dagbag.py:536} INFO - Filling up the DagBag from /home/dwmhr/pln/venv/lib/python3.10/site-packages/airflow/example_dags/plugins/listener_plugin.py
[2025-08-08T15:17:57.176+0700] {processor.py:841} WARNING - No viable dags retrieved from /home/dwmhr/pln/venv/lib/python3.10/site-packages/airflow/example_dags/plugins/listener_plugin.py
[2025-08-08T15:17:57.184+0700] {processor.py:179} INFO - Processing /home/dwmhr/pln/venv/lib/python3.10/site-packages/airflow/example_dags/plugins/listener_plugin.py took 0.027 seconds
[2025-08-08T15:18:48.419+0700] {processor.py:157} INFO - Started process (PID=91123) to work on /home/dwmhr/pln/venv/lib/python3.10/site-packages/airflow/example_dags/plugins/listener_plugin.py
[2025-08-08T15:18:48.423+0700] {processor.py:829} INFO - Processing file /home/dwmhr/pln/venv/lib/python3.10/site-packages/airflow/example_dags/plugins/listener_plugin.py for tasks to queue
[2025-08-08T15:18:48.425+0700] {logging_mixin.py:154} INFO - [2025-08-08T15:18:48.424+0700] {dagbag.py:536} INFO - Filling up the DagBag from /home/dwmhr/pln/venv/lib/python3.10/site-packages/airflow/example_dags/plugins/listener_plugin.py
[2025-08-08T15:18:48.431+0700] {processor.py:841} WARNING - No viable dags retrieved from /home/dwmhr/pln/venv/lib/python3.10/site-packages/airflow/example_dags/plugins/listener_plugin.py
[2025-08-08T15:18:48.454+0700] {processor.py:179} INFO - Processing /home/dwmhr/pln/venv/lib/python3.10/site-packages/airflow/example_dags/plugins/listener_plugin.py took 0.042 seconds
[2025-08-08T15:19:36.452+0700] {processor.py:157} INFO - Started process (PID=91260) to work on /home/dwmhr/pln/venv/lib/python3.10/site-packages/airflow/example_dags/plugins/listener_plugin.py
[2025-08-08T15:19:36.455+0700] {processor.py:829} INFO - Processing file /home/dwmhr/pln/venv/lib/python3.10/site-packages/airflow/example_dags/plugins/listener_plugin.py for tasks to queue
[2025-08-08T15:19:36.458+0700] {logging_mixin.py:154} INFO - [2025-08-08T15:19:36.456+0700] {dagbag.py:536} INFO - Filling up the DagBag from /home/dwmhr/pln/venv/lib/python3.10/site-packages/airflow/example_dags/plugins/listener_plugin.py
[2025-08-08T15:19:36.466+0700] {processor.py:841} WARNING - No viable dags retrieved from /home/dwmhr/pln/venv/lib/python3.10/site-packages/airflow/example_dags/plugins/listener_plugin.py
[2025-08-08T15:19:36.501+0700] {processor.py:179} INFO - Processing /home/dwmhr/pln/venv/lib/python3.10/site-packages/airflow/example_dags/plugins/listener_plugin.py took 0.061 seconds
[2025-08-08T15:20:33.149+0700] {processor.py:157} INFO - Started process (PID=91413) to work on /home/dwmhr/pln/venv/lib/python3.10/site-packages/airflow/example_dags/plugins/listener_plugin.py
[2025-08-08T15:20:33.151+0700] {processor.py:829} INFO - Processing file /home/dwmhr/pln/venv/lib/python3.10/site-packages/airflow/example_dags/plugins/listener_plugin.py for tasks to queue
[2025-08-08T15:20:33.152+0700] {logging_mixin.py:154} INFO - [2025-08-08T15:20:33.152+0700] {dagbag.py:536} INFO - Filling up the DagBag from /home/dwmhr/pln/venv/lib/python3.10/site-packages/airflow/example_dags/plugins/listener_plugin.py
[2025-08-08T15:20:33.158+0700] {processor.py:841} WARNING - No viable dags retrieved from /home/dwmhr/pln/venv/lib/python3.10/site-packages/airflow/example_dags/plugins/listener_plugin.py
[2025-08-08T15:20:33.179+0700] {processor.py:179} INFO - Processing /home/dwmhr/pln/venv/lib/python3.10/site-packages/airflow/example_dags/plugins/listener_plugin.py took 0.038 seconds
[2025-08-08T15:21:38.531+0700] {processor.py:157} INFO - Started process (PID=91595) to work on /home/dwmhr/pln/venv/lib/python3.10/site-packages/airflow/example_dags/plugins/listener_plugin.py
[2025-08-08T15:21:38.534+0700] {processor.py:829} INFO - Processing file /home/dwmhr/pln/venv/lib/python3.10/site-packages/airflow/example_dags/plugins/listener_plugin.py for tasks to queue
[2025-08-08T15:21:38.536+0700] {logging_mixin.py:154} INFO - [2025-08-08T15:21:38.535+0700] {dagbag.py:536} INFO - Filling up the DagBag from /home/dwmhr/pln/venv/lib/python3.10/site-packages/airflow/example_dags/plugins/listener_plugin.py
[2025-08-08T15:21:38.546+0700] {processor.py:841} WARNING - No viable dags retrieved from /home/dwmhr/pln/venv/lib/python3.10/site-packages/airflow/example_dags/plugins/listener_plugin.py
[2025-08-08T15:21:38.577+0700] {processor.py:179} INFO - Processing /home/dwmhr/pln/venv/lib/python3.10/site-packages/airflow/example_dags/plugins/listener_plugin.py took 0.056 seconds
[2025-08-08T15:22:22.981+0700] {processor.py:157} INFO - Started process (PID=91725) to work on /home/dwmhr/pln/venv/lib/python3.10/site-packages/airflow/example_dags/plugins/listener_plugin.py
[2025-08-08T15:22:22.984+0700] {processor.py:829} INFO - Processing file /home/dwmhr/pln/venv/lib/python3.10/site-packages/airflow/example_dags/plugins/listener_plugin.py for tasks to queue
[2025-08-08T15:22:22.985+0700] {logging_mixin.py:154} INFO - [2025-08-08T15:22:22.985+0700] {dagbag.py:536} INFO - Filling up the DagBag from /home/dwmhr/pln/venv/lib/python3.10/site-packages/airflow/example_dags/plugins/listener_plugin.py
[2025-08-08T15:22:22.989+0700] {processor.py:841} WARNING - No viable dags retrieved from /home/dwmhr/pln/venv/lib/python3.10/site-packages/airflow/example_dags/plugins/listener_plugin.py
[2025-08-08T15:22:23.006+0700] {processor.py:179} INFO - Processing /home/dwmhr/pln/venv/lib/python3.10/site-packages/airflow/example_dags/plugins/listener_plugin.py took 0.031 seconds
[2025-08-08T15:23:18.565+0700] {processor.py:157} INFO - Started process (PID=91880) to work on /home/dwmhr/pln/venv/lib/python3.10/site-packages/airflow/example_dags/plugins/listener_plugin.py
[2025-08-08T15:23:18.583+0700] {processor.py:829} INFO - Processing file /home/dwmhr/pln/venv/lib/python3.10/site-packages/airflow/example_dags/plugins/listener_plugin.py for tasks to queue
[2025-08-08T15:23:18.600+0700] {logging_mixin.py:154} INFO - [2025-08-08T15:23:18.597+0700] {dagbag.py:536} INFO - Filling up the DagBag from /home/dwmhr/pln/venv/lib/python3.10/site-packages/airflow/example_dags/plugins/listener_plugin.py
[2025-08-08T15:23:18.786+0700] {processor.py:841} WARNING - No viable dags retrieved from /home/dwmhr/pln/venv/lib/python3.10/site-packages/airflow/example_dags/plugins/listener_plugin.py
[2025-08-08T15:23:18.974+0700] {processor.py:179} INFO - Processing /home/dwmhr/pln/venv/lib/python3.10/site-packages/airflow/example_dags/plugins/listener_plugin.py took 0.463 seconds
[2025-08-08T15:24:05.863+0700] {processor.py:157} INFO - Started process (PID=92003) to work on /home/dwmhr/pln/venv/lib/python3.10/site-packages/airflow/example_dags/plugins/listener_plugin.py
[2025-08-08T15:24:05.868+0700] {processor.py:829} INFO - Processing file /home/dwmhr/pln/venv/lib/python3.10/site-packages/airflow/example_dags/plugins/listener_plugin.py for tasks to queue
[2025-08-08T15:24:05.871+0700] {logging_mixin.py:154} INFO - [2025-08-08T15:24:05.870+0700] {dagbag.py:536} INFO - Filling up the DagBag from /home/dwmhr/pln/venv/lib/python3.10/site-packages/airflow/example_dags/plugins/listener_plugin.py
[2025-08-08T15:24:05.885+0700] {processor.py:841} WARNING - No viable dags retrieved from /home/dwmhr/pln/venv/lib/python3.10/site-packages/airflow/example_dags/plugins/listener_plugin.py
[2025-08-08T15:24:05.931+0700] {processor.py:179} INFO - Processing /home/dwmhr/pln/venv/lib/python3.10/site-packages/airflow/example_dags/plugins/listener_plugin.py took 0.082 seconds
[2025-08-08T15:25:02.111+0700] {processor.py:157} INFO - Started process (PID=92148) to work on /home/dwmhr/pln/venv/lib/python3.10/site-packages/airflow/example_dags/plugins/listener_plugin.py
[2025-08-08T15:25:02.119+0700] {processor.py:829} INFO - Processing file /home/dwmhr/pln/venv/lib/python3.10/site-packages/airflow/example_dags/plugins/listener_plugin.py for tasks to queue
[2025-08-08T15:25:02.125+0700] {logging_mixin.py:154} INFO - [2025-08-08T15:25:02.123+0700] {dagbag.py:536} INFO - Filling up the DagBag from /home/dwmhr/pln/venv/lib/python3.10/site-packages/airflow/example_dags/plugins/listener_plugin.py
[2025-08-08T15:25:02.144+0700] {processor.py:841} WARNING - No viable dags retrieved from /home/dwmhr/pln/venv/lib/python3.10/site-packages/airflow/example_dags/plugins/listener_plugin.py
[2025-08-08T15:25:02.180+0700] {processor.py:179} INFO - Processing /home/dwmhr/pln/venv/lib/python3.10/site-packages/airflow/example_dags/plugins/listener_plugin.py took 0.096 seconds
[2025-08-08T15:25:42.574+0700] {processor.py:157} INFO - Started process (PID=92278) to work on /home/dwmhr/pln/venv/lib/python3.10/site-packages/airflow/example_dags/plugins/listener_plugin.py
[2025-08-08T15:25:42.576+0700] {processor.py:829} INFO - Processing file /home/dwmhr/pln/venv/lib/python3.10/site-packages/airflow/example_dags/plugins/listener_plugin.py for tasks to queue
[2025-08-08T15:25:42.577+0700] {logging_mixin.py:154} INFO - [2025-08-08T15:25:42.577+0700] {dagbag.py:536} INFO - Filling up the DagBag from /home/dwmhr/pln/venv/lib/python3.10/site-packages/airflow/example_dags/plugins/listener_plugin.py
[2025-08-08T15:25:42.582+0700] {processor.py:841} WARNING - No viable dags retrieved from /home/dwmhr/pln/venv/lib/python3.10/site-packages/airflow/example_dags/plugins/listener_plugin.py
[2025-08-08T15:25:42.596+0700] {processor.py:179} INFO - Processing /home/dwmhr/pln/venv/lib/python3.10/site-packages/airflow/example_dags/plugins/listener_plugin.py took 0.026 seconds
[2025-08-08T15:26:37.242+0700] {processor.py:157} INFO - Started process (PID=92443) to work on /home/dwmhr/pln/venv/lib/python3.10/site-packages/airflow/example_dags/plugins/listener_plugin.py
[2025-08-08T15:26:37.244+0700] {processor.py:829} INFO - Processing file /home/dwmhr/pln/venv/lib/python3.10/site-packages/airflow/example_dags/plugins/listener_plugin.py for tasks to queue
[2025-08-08T15:26:37.244+0700] {logging_mixin.py:154} INFO - [2025-08-08T15:26:37.244+0700] {dagbag.py:536} INFO - Filling up the DagBag from /home/dwmhr/pln/venv/lib/python3.10/site-packages/airflow/example_dags/plugins/listener_plugin.py
[2025-08-08T15:26:37.247+0700] {processor.py:841} WARNING - No viable dags retrieved from /home/dwmhr/pln/venv/lib/python3.10/site-packages/airflow/example_dags/plugins/listener_plugin.py
[2025-08-08T15:26:37.257+0700] {processor.py:179} INFO - Processing /home/dwmhr/pln/venv/lib/python3.10/site-packages/airflow/example_dags/plugins/listener_plugin.py took 0.018 seconds
[2025-08-08T15:27:18.741+0700] {processor.py:157} INFO - Started process (PID=92557) to work on /home/dwmhr/pln/venv/lib/python3.10/site-packages/airflow/example_dags/plugins/listener_plugin.py
[2025-08-08T15:27:18.742+0700] {processor.py:829} INFO - Processing file /home/dwmhr/pln/venv/lib/python3.10/site-packages/airflow/example_dags/plugins/listener_plugin.py for tasks to queue
[2025-08-08T15:27:18.743+0700] {logging_mixin.py:154} INFO - [2025-08-08T15:27:18.743+0700] {dagbag.py:536} INFO - Filling up the DagBag from /home/dwmhr/pln/venv/lib/python3.10/site-packages/airflow/example_dags/plugins/listener_plugin.py
[2025-08-08T15:27:18.745+0700] {processor.py:841} WARNING - No viable dags retrieved from /home/dwmhr/pln/venv/lib/python3.10/site-packages/airflow/example_dags/plugins/listener_plugin.py
[2025-08-08T15:27:18.754+0700] {processor.py:179} INFO - Processing /home/dwmhr/pln/venv/lib/python3.10/site-packages/airflow/example_dags/plugins/listener_plugin.py took 0.016 seconds
[2025-08-08T15:28:05.604+0700] {processor.py:157} INFO - Started process (PID=92719) to work on /home/dwmhr/pln/venv/lib/python3.10/site-packages/airflow/example_dags/plugins/listener_plugin.py
[2025-08-08T15:28:05.619+0700] {processor.py:829} INFO - Processing file /home/dwmhr/pln/venv/lib/python3.10/site-packages/airflow/example_dags/plugins/listener_plugin.py for tasks to queue
[2025-08-08T15:28:05.623+0700] {logging_mixin.py:154} INFO - [2025-08-08T15:28:05.621+0700] {dagbag.py:536} INFO - Filling up the DagBag from /home/dwmhr/pln/venv/lib/python3.10/site-packages/airflow/example_dags/plugins/listener_plugin.py
[2025-08-08T15:28:05.635+0700] {processor.py:841} WARNING - No viable dags retrieved from /home/dwmhr/pln/venv/lib/python3.10/site-packages/airflow/example_dags/plugins/listener_plugin.py
[2025-08-08T15:28:05.678+0700] {processor.py:179} INFO - Processing /home/dwmhr/pln/venv/lib/python3.10/site-packages/airflow/example_dags/plugins/listener_plugin.py took 0.089 seconds
[2025-08-08T15:29:10.442+0700] {processor.py:157} INFO - Started process (PID=92889) to work on /home/dwmhr/pln/venv/lib/python3.10/site-packages/airflow/example_dags/plugins/listener_plugin.py
[2025-08-08T15:29:10.443+0700] {processor.py:829} INFO - Processing file /home/dwmhr/pln/venv/lib/python3.10/site-packages/airflow/example_dags/plugins/listener_plugin.py for tasks to queue
[2025-08-08T15:29:10.444+0700] {logging_mixin.py:154} INFO - [2025-08-08T15:29:10.444+0700] {dagbag.py:536} INFO - Filling up the DagBag from /home/dwmhr/pln/venv/lib/python3.10/site-packages/airflow/example_dags/plugins/listener_plugin.py
[2025-08-08T15:29:10.448+0700] {processor.py:841} WARNING - No viable dags retrieved from /home/dwmhr/pln/venv/lib/python3.10/site-packages/airflow/example_dags/plugins/listener_plugin.py
[2025-08-08T15:29:10.458+0700] {processor.py:179} INFO - Processing /home/dwmhr/pln/venv/lib/python3.10/site-packages/airflow/example_dags/plugins/listener_plugin.py took 0.019 seconds
[2025-08-08T15:29:57.851+0700] {processor.py:157} INFO - Started process (PID=93017) to work on /home/dwmhr/pln/venv/lib/python3.10/site-packages/airflow/example_dags/plugins/listener_plugin.py
[2025-08-08T15:29:57.852+0700] {processor.py:829} INFO - Processing file /home/dwmhr/pln/venv/lib/python3.10/site-packages/airflow/example_dags/plugins/listener_plugin.py for tasks to queue
[2025-08-08T15:29:57.853+0700] {logging_mixin.py:154} INFO - [2025-08-08T15:29:57.853+0700] {dagbag.py:536} INFO - Filling up the DagBag from /home/dwmhr/pln/venv/lib/python3.10/site-packages/airflow/example_dags/plugins/listener_plugin.py
[2025-08-08T15:29:57.857+0700] {processor.py:841} WARNING - No viable dags retrieved from /home/dwmhr/pln/venv/lib/python3.10/site-packages/airflow/example_dags/plugins/listener_plugin.py
[2025-08-08T15:29:57.869+0700] {processor.py:179} INFO - Processing /home/dwmhr/pln/venv/lib/python3.10/site-packages/airflow/example_dags/plugins/listener_plugin.py took 0.022 seconds
[2025-08-08T15:30:37.766+0700] {processor.py:157} INFO - Started process (PID=93157) to work on /home/dwmhr/pln/venv/lib/python3.10/site-packages/airflow/example_dags/plugins/listener_plugin.py
[2025-08-08T15:30:37.768+0700] {processor.py:829} INFO - Processing file /home/dwmhr/pln/venv/lib/python3.10/site-packages/airflow/example_dags/plugins/listener_plugin.py for tasks to queue
[2025-08-08T15:30:37.769+0700] {logging_mixin.py:154} INFO - [2025-08-08T15:30:37.768+0700] {dagbag.py:536} INFO - Filling up the DagBag from /home/dwmhr/pln/venv/lib/python3.10/site-packages/airflow/example_dags/plugins/listener_plugin.py
[2025-08-08T15:30:37.772+0700] {processor.py:841} WARNING - No viable dags retrieved from /home/dwmhr/pln/venv/lib/python3.10/site-packages/airflow/example_dags/plugins/listener_plugin.py
[2025-08-08T15:30:37.783+0700] {processor.py:179} INFO - Processing /home/dwmhr/pln/venv/lib/python3.10/site-packages/airflow/example_dags/plugins/listener_plugin.py took 0.019 seconds
[2025-08-08T15:31:14.670+0700] {processor.py:157} INFO - Started process (PID=93281) to work on /home/dwmhr/pln/venv/lib/python3.10/site-packages/airflow/example_dags/plugins/listener_plugin.py
[2025-08-08T15:31:14.680+0700] {processor.py:829} INFO - Processing file /home/dwmhr/pln/venv/lib/python3.10/site-packages/airflow/example_dags/plugins/listener_plugin.py for tasks to queue
[2025-08-08T15:31:14.685+0700] {logging_mixin.py:154} INFO - [2025-08-08T15:31:14.683+0700] {dagbag.py:536} INFO - Filling up the DagBag from /home/dwmhr/pln/venv/lib/python3.10/site-packages/airflow/example_dags/plugins/listener_plugin.py
[2025-08-08T15:31:14.703+0700] {processor.py:841} WARNING - No viable dags retrieved from /home/dwmhr/pln/venv/lib/python3.10/site-packages/airflow/example_dags/plugins/listener_plugin.py
[2025-08-08T15:31:14.751+0700] {processor.py:179} INFO - Processing /home/dwmhr/pln/venv/lib/python3.10/site-packages/airflow/example_dags/plugins/listener_plugin.py took 0.095 seconds
[2025-08-08T15:31:54.073+0700] {processor.py:157} INFO - Started process (PID=93387) to work on /home/dwmhr/pln/venv/lib/python3.10/site-packages/airflow/example_dags/plugins/listener_plugin.py
[2025-08-08T15:31:54.075+0700] {processor.py:829} INFO - Processing file /home/dwmhr/pln/venv/lib/python3.10/site-packages/airflow/example_dags/plugins/listener_plugin.py for tasks to queue
[2025-08-08T15:31:54.075+0700] {logging_mixin.py:154} INFO - [2025-08-08T15:31:54.075+0700] {dagbag.py:536} INFO - Filling up the DagBag from /home/dwmhr/pln/venv/lib/python3.10/site-packages/airflow/example_dags/plugins/listener_plugin.py
[2025-08-08T15:31:54.078+0700] {processor.py:841} WARNING - No viable dags retrieved from /home/dwmhr/pln/venv/lib/python3.10/site-packages/airflow/example_dags/plugins/listener_plugin.py
[2025-08-08T15:31:54.086+0700] {processor.py:179} INFO - Processing /home/dwmhr/pln/venv/lib/python3.10/site-packages/airflow/example_dags/plugins/listener_plugin.py took 0.016 seconds
[2025-08-08T15:32:54.024+0700] {processor.py:157} INFO - Started process (PID=93557) to work on /home/dwmhr/pln/venv/lib/python3.10/site-packages/airflow/example_dags/plugins/listener_plugin.py
[2025-08-08T15:32:54.026+0700] {processor.py:829} INFO - Processing file /home/dwmhr/pln/venv/lib/python3.10/site-packages/airflow/example_dags/plugins/listener_plugin.py for tasks to queue
[2025-08-08T15:32:54.027+0700] {logging_mixin.py:154} INFO - [2025-08-08T15:32:54.026+0700] {dagbag.py:536} INFO - Filling up the DagBag from /home/dwmhr/pln/venv/lib/python3.10/site-packages/airflow/example_dags/plugins/listener_plugin.py
[2025-08-08T15:32:54.029+0700] {processor.py:841} WARNING - No viable dags retrieved from /home/dwmhr/pln/venv/lib/python3.10/site-packages/airflow/example_dags/plugins/listener_plugin.py
[2025-08-08T15:32:54.038+0700] {processor.py:179} INFO - Processing /home/dwmhr/pln/venv/lib/python3.10/site-packages/airflow/example_dags/plugins/listener_plugin.py took 0.017 seconds
[2025-08-08T15:33:38.820+0700] {processor.py:157} INFO - Started process (PID=93698) to work on /home/dwmhr/pln/venv/lib/python3.10/site-packages/airflow/example_dags/plugins/listener_plugin.py
[2025-08-08T15:33:38.825+0700] {processor.py:829} INFO - Processing file /home/dwmhr/pln/venv/lib/python3.10/site-packages/airflow/example_dags/plugins/listener_plugin.py for tasks to queue
[2025-08-08T15:33:38.829+0700] {logging_mixin.py:154} INFO - [2025-08-08T15:33:38.828+0700] {dagbag.py:536} INFO - Filling up the DagBag from /home/dwmhr/pln/venv/lib/python3.10/site-packages/airflow/example_dags/plugins/listener_plugin.py
[2025-08-08T15:33:38.851+0700] {processor.py:841} WARNING - No viable dags retrieved from /home/dwmhr/pln/venv/lib/python3.10/site-packages/airflow/example_dags/plugins/listener_plugin.py
[2025-08-08T15:33:38.911+0700] {processor.py:179} INFO - Processing /home/dwmhr/pln/venv/lib/python3.10/site-packages/airflow/example_dags/plugins/listener_plugin.py took 0.105 seconds
[2025-08-08T15:34:22.655+0700] {processor.py:157} INFO - Started process (PID=93864) to work on /home/dwmhr/pln/venv/lib/python3.10/site-packages/airflow/example_dags/plugins/listener_plugin.py
[2025-08-08T15:34:22.667+0700] {processor.py:829} INFO - Processing file /home/dwmhr/pln/venv/lib/python3.10/site-packages/airflow/example_dags/plugins/listener_plugin.py for tasks to queue
[2025-08-08T15:34:22.668+0700] {logging_mixin.py:154} INFO - [2025-08-08T15:34:22.668+0700] {dagbag.py:536} INFO - Filling up the DagBag from /home/dwmhr/pln/venv/lib/python3.10/site-packages/airflow/example_dags/plugins/listener_plugin.py
[2025-08-08T15:34:22.670+0700] {processor.py:841} WARNING - No viable dags retrieved from /home/dwmhr/pln/venv/lib/python3.10/site-packages/airflow/example_dags/plugins/listener_plugin.py
[2025-08-08T15:34:22.680+0700] {processor.py:179} INFO - Processing /home/dwmhr/pln/venv/lib/python3.10/site-packages/airflow/example_dags/plugins/listener_plugin.py took 0.028 seconds
[2025-08-08T15:35:05.642+0700] {processor.py:157} INFO - Started process (PID=93985) to work on /home/dwmhr/pln/venv/lib/python3.10/site-packages/airflow/example_dags/plugins/listener_plugin.py
[2025-08-08T15:35:05.644+0700] {processor.py:829} INFO - Processing file /home/dwmhr/pln/venv/lib/python3.10/site-packages/airflow/example_dags/plugins/listener_plugin.py for tasks to queue
[2025-08-08T15:35:05.645+0700] {logging_mixin.py:154} INFO - [2025-08-08T15:35:05.645+0700] {dagbag.py:536} INFO - Filling up the DagBag from /home/dwmhr/pln/venv/lib/python3.10/site-packages/airflow/example_dags/plugins/listener_plugin.py
[2025-08-08T15:35:05.647+0700] {processor.py:841} WARNING - No viable dags retrieved from /home/dwmhr/pln/venv/lib/python3.10/site-packages/airflow/example_dags/plugins/listener_plugin.py
[2025-08-08T15:35:05.656+0700] {processor.py:179} INFO - Processing /home/dwmhr/pln/venv/lib/python3.10/site-packages/airflow/example_dags/plugins/listener_plugin.py took 0.016 seconds
[2025-08-08T15:35:43.108+0700] {processor.py:157} INFO - Started process (PID=94102) to work on /home/dwmhr/pln/venv/lib/python3.10/site-packages/airflow/example_dags/plugins/listener_plugin.py
[2025-08-08T15:35:43.121+0700] {processor.py:829} INFO - Processing file /home/dwmhr/pln/venv/lib/python3.10/site-packages/airflow/example_dags/plugins/listener_plugin.py for tasks to queue
[2025-08-08T15:35:43.122+0700] {logging_mixin.py:154} INFO - [2025-08-08T15:35:43.121+0700] {dagbag.py:536} INFO - Filling up the DagBag from /home/dwmhr/pln/venv/lib/python3.10/site-packages/airflow/example_dags/plugins/listener_plugin.py
[2025-08-08T15:35:43.125+0700] {processor.py:841} WARNING - No viable dags retrieved from /home/dwmhr/pln/venv/lib/python3.10/site-packages/airflow/example_dags/plugins/listener_plugin.py
[2025-08-08T15:35:43.138+0700] {processor.py:179} INFO - Processing /home/dwmhr/pln/venv/lib/python3.10/site-packages/airflow/example_dags/plugins/listener_plugin.py took 0.033 seconds
[2025-08-08T15:36:32.833+0700] {processor.py:157} INFO - Started process (PID=94293) to work on /home/dwmhr/pln/venv/lib/python3.10/site-packages/airflow/example_dags/plugins/listener_plugin.py
[2025-08-08T15:36:32.838+0700] {processor.py:829} INFO - Processing file /home/dwmhr/pln/venv/lib/python3.10/site-packages/airflow/example_dags/plugins/listener_plugin.py for tasks to queue
[2025-08-08T15:36:32.840+0700] {logging_mixin.py:154} INFO - [2025-08-08T15:36:32.839+0700] {dagbag.py:536} INFO - Filling up the DagBag from /home/dwmhr/pln/venv/lib/python3.10/site-packages/airflow/example_dags/plugins/listener_plugin.py
[2025-08-08T15:36:32.843+0700] {processor.py:841} WARNING - No viable dags retrieved from /home/dwmhr/pln/venv/lib/python3.10/site-packages/airflow/example_dags/plugins/listener_plugin.py
[2025-08-08T15:36:32.862+0700] {processor.py:179} INFO - Processing /home/dwmhr/pln/venv/lib/python3.10/site-packages/airflow/example_dags/plugins/listener_plugin.py took 0.033 seconds
[2025-08-08T15:37:25.587+0700] {processor.py:157} INFO - Started process (PID=94432) to work on /home/dwmhr/pln/venv/lib/python3.10/site-packages/airflow/example_dags/plugins/listener_plugin.py
[2025-08-08T15:37:25.593+0700] {processor.py:829} INFO - Processing file /home/dwmhr/pln/venv/lib/python3.10/site-packages/airflow/example_dags/plugins/listener_plugin.py for tasks to queue
[2025-08-08T15:37:25.594+0700] {logging_mixin.py:154} INFO - [2025-08-08T15:37:25.593+0700] {dagbag.py:536} INFO - Filling up the DagBag from /home/dwmhr/pln/venv/lib/python3.10/site-packages/airflow/example_dags/plugins/listener_plugin.py
[2025-08-08T15:37:25.596+0700] {processor.py:841} WARNING - No viable dags retrieved from /home/dwmhr/pln/venv/lib/python3.10/site-packages/airflow/example_dags/plugins/listener_plugin.py
[2025-08-08T15:37:25.605+0700] {processor.py:179} INFO - Processing /home/dwmhr/pln/venv/lib/python3.10/site-packages/airflow/example_dags/plugins/listener_plugin.py took 0.021 seconds
[2025-08-08T15:38:08.286+0700] {processor.py:157} INFO - Started process (PID=94567) to work on /home/dwmhr/pln/venv/lib/python3.10/site-packages/airflow/example_dags/plugins/listener_plugin.py
[2025-08-08T15:38:08.288+0700] {processor.py:829} INFO - Processing file /home/dwmhr/pln/venv/lib/python3.10/site-packages/airflow/example_dags/plugins/listener_plugin.py for tasks to queue
[2025-08-08T15:38:08.289+0700] {logging_mixin.py:154} INFO - [2025-08-08T15:38:08.289+0700] {dagbag.py:536} INFO - Filling up the DagBag from /home/dwmhr/pln/venv/lib/python3.10/site-packages/airflow/example_dags/plugins/listener_plugin.py
[2025-08-08T15:38:08.292+0700] {processor.py:841} WARNING - No viable dags retrieved from /home/dwmhr/pln/venv/lib/python3.10/site-packages/airflow/example_dags/plugins/listener_plugin.py
[2025-08-08T15:38:08.304+0700] {processor.py:179} INFO - Processing /home/dwmhr/pln/venv/lib/python3.10/site-packages/airflow/example_dags/plugins/listener_plugin.py took 0.022 seconds
[2025-08-08T15:38:43.257+0700] {processor.py:157} INFO - Started process (PID=94690) to work on /home/dwmhr/pln/venv/lib/python3.10/site-packages/airflow/example_dags/plugins/listener_plugin.py
[2025-08-08T15:38:43.270+0700] {processor.py:829} INFO - Processing file /home/dwmhr/pln/venv/lib/python3.10/site-packages/airflow/example_dags/plugins/listener_plugin.py for tasks to queue
[2025-08-08T15:38:43.271+0700] {logging_mixin.py:154} INFO - [2025-08-08T15:38:43.270+0700] {dagbag.py:536} INFO - Filling up the DagBag from /home/dwmhr/pln/venv/lib/python3.10/site-packages/airflow/example_dags/plugins/listener_plugin.py
[2025-08-08T15:38:43.273+0700] {processor.py:841} WARNING - No viable dags retrieved from /home/dwmhr/pln/venv/lib/python3.10/site-packages/airflow/example_dags/plugins/listener_plugin.py
[2025-08-08T15:38:43.281+0700] {processor.py:179} INFO - Processing /home/dwmhr/pln/venv/lib/python3.10/site-packages/airflow/example_dags/plugins/listener_plugin.py took 0.027 seconds
[2025-08-08T15:39:27.139+0700] {processor.py:157} INFO - Started process (PID=94813) to work on /home/dwmhr/pln/venv/lib/python3.10/site-packages/airflow/example_dags/plugins/listener_plugin.py
[2025-08-08T15:39:27.143+0700] {processor.py:829} INFO - Processing file /home/dwmhr/pln/venv/lib/python3.10/site-packages/airflow/example_dags/plugins/listener_plugin.py for tasks to queue
[2025-08-08T15:39:27.146+0700] {logging_mixin.py:154} INFO - [2025-08-08T15:39:27.145+0700] {dagbag.py:536} INFO - Filling up the DagBag from /home/dwmhr/pln/venv/lib/python3.10/site-packages/airflow/example_dags/plugins/listener_plugin.py
[2025-08-08T15:39:27.156+0700] {processor.py:841} WARNING - No viable dags retrieved from /home/dwmhr/pln/venv/lib/python3.10/site-packages/airflow/example_dags/plugins/listener_plugin.py
[2025-08-08T15:39:27.195+0700] {processor.py:179} INFO - Processing /home/dwmhr/pln/venv/lib/python3.10/site-packages/airflow/example_dags/plugins/listener_plugin.py took 0.066 seconds
[2025-08-08T15:40:07.250+0700] {processor.py:157} INFO - Started process (PID=94927) to work on /home/dwmhr/pln/venv/lib/python3.10/site-packages/airflow/example_dags/plugins/listener_plugin.py
[2025-08-08T15:40:07.252+0700] {processor.py:829} INFO - Processing file /home/dwmhr/pln/venv/lib/python3.10/site-packages/airflow/example_dags/plugins/listener_plugin.py for tasks to queue
[2025-08-08T15:40:07.253+0700] {logging_mixin.py:154} INFO - [2025-08-08T15:40:07.253+0700] {dagbag.py:536} INFO - Filling up the DagBag from /home/dwmhr/pln/venv/lib/python3.10/site-packages/airflow/example_dags/plugins/listener_plugin.py
[2025-08-08T15:40:07.256+0700] {processor.py:841} WARNING - No viable dags retrieved from /home/dwmhr/pln/venv/lib/python3.10/site-packages/airflow/example_dags/plugins/listener_plugin.py
[2025-08-08T15:40:07.265+0700] {processor.py:179} INFO - Processing /home/dwmhr/pln/venv/lib/python3.10/site-packages/airflow/example_dags/plugins/listener_plugin.py took 0.018 seconds
[2025-08-08T15:40:52.263+0700] {processor.py:157} INFO - Started process (PID=95075) to work on /home/dwmhr/pln/venv/lib/python3.10/site-packages/airflow/example_dags/plugins/listener_plugin.py
[2025-08-08T15:40:52.265+0700] {processor.py:829} INFO - Processing file /home/dwmhr/pln/venv/lib/python3.10/site-packages/airflow/example_dags/plugins/listener_plugin.py for tasks to queue
[2025-08-08T15:40:52.266+0700] {logging_mixin.py:154} INFO - [2025-08-08T15:40:52.265+0700] {dagbag.py:536} INFO - Filling up the DagBag from /home/dwmhr/pln/venv/lib/python3.10/site-packages/airflow/example_dags/plugins/listener_plugin.py
[2025-08-08T15:40:52.269+0700] {processor.py:841} WARNING - No viable dags retrieved from /home/dwmhr/pln/venv/lib/python3.10/site-packages/airflow/example_dags/plugins/listener_plugin.py
[2025-08-08T15:40:52.280+0700] {processor.py:179} INFO - Processing /home/dwmhr/pln/venv/lib/python3.10/site-packages/airflow/example_dags/plugins/listener_plugin.py took 0.020 seconds
[2025-08-08T15:41:40.631+0700] {processor.py:157} INFO - Started process (PID=95235) to work on /home/dwmhr/pln/venv/lib/python3.10/site-packages/airflow/example_dags/plugins/listener_plugin.py
[2025-08-08T15:41:40.634+0700] {processor.py:829} INFO - Processing file /home/dwmhr/pln/venv/lib/python3.10/site-packages/airflow/example_dags/plugins/listener_plugin.py for tasks to queue
[2025-08-08T15:41:40.635+0700] {logging_mixin.py:154} INFO - [2025-08-08T15:41:40.634+0700] {dagbag.py:536} INFO - Filling up the DagBag from /home/dwmhr/pln/venv/lib/python3.10/site-packages/airflow/example_dags/plugins/listener_plugin.py
[2025-08-08T15:41:40.638+0700] {processor.py:841} WARNING - No viable dags retrieved from /home/dwmhr/pln/venv/lib/python3.10/site-packages/airflow/example_dags/plugins/listener_plugin.py
[2025-08-08T15:41:40.648+0700] {processor.py:179} INFO - Processing /home/dwmhr/pln/venv/lib/python3.10/site-packages/airflow/example_dags/plugins/listener_plugin.py took 0.020 seconds
[2025-08-08T15:42:25.359+0700] {processor.py:157} INFO - Started process (PID=95371) to work on /home/dwmhr/pln/venv/lib/python3.10/site-packages/airflow/example_dags/plugins/listener_plugin.py
[2025-08-08T15:42:25.373+0700] {processor.py:829} INFO - Processing file /home/dwmhr/pln/venv/lib/python3.10/site-packages/airflow/example_dags/plugins/listener_plugin.py for tasks to queue
[2025-08-08T15:42:25.375+0700] {logging_mixin.py:154} INFO - [2025-08-08T15:42:25.374+0700] {dagbag.py:536} INFO - Filling up the DagBag from /home/dwmhr/pln/venv/lib/python3.10/site-packages/airflow/example_dags/plugins/listener_plugin.py
[2025-08-08T15:42:25.379+0700] {processor.py:841} WARNING - No viable dags retrieved from /home/dwmhr/pln/venv/lib/python3.10/site-packages/airflow/example_dags/plugins/listener_plugin.py
[2025-08-08T15:42:25.396+0700] {processor.py:179} INFO - Processing /home/dwmhr/pln/venv/lib/python3.10/site-packages/airflow/example_dags/plugins/listener_plugin.py took 0.043 seconds
[2025-08-08T15:43:01.811+0700] {processor.py:157} INFO - Started process (PID=95474) to work on /home/dwmhr/pln/venv/lib/python3.10/site-packages/airflow/example_dags/plugins/listener_plugin.py
[2025-08-08T15:43:01.813+0700] {processor.py:829} INFO - Processing file /home/dwmhr/pln/venv/lib/python3.10/site-packages/airflow/example_dags/plugins/listener_plugin.py for tasks to queue
[2025-08-08T15:43:01.814+0700] {logging_mixin.py:154} INFO - [2025-08-08T15:43:01.814+0700] {dagbag.py:536} INFO - Filling up the DagBag from /home/dwmhr/pln/venv/lib/python3.10/site-packages/airflow/example_dags/plugins/listener_plugin.py
[2025-08-08T15:43:01.817+0700] {processor.py:841} WARNING - No viable dags retrieved from /home/dwmhr/pln/venv/lib/python3.10/site-packages/airflow/example_dags/plugins/listener_plugin.py
[2025-08-08T15:43:01.830+0700] {processor.py:179} INFO - Processing /home/dwmhr/pln/venv/lib/python3.10/site-packages/airflow/example_dags/plugins/listener_plugin.py took 0.023 seconds
[2025-08-08T15:43:46.972+0700] {processor.py:157} INFO - Started process (PID=95639) to work on /home/dwmhr/pln/venv/lib/python3.10/site-packages/airflow/example_dags/plugins/listener_plugin.py
[2025-08-08T15:43:46.984+0700] {processor.py:829} INFO - Processing file /home/dwmhr/pln/venv/lib/python3.10/site-packages/airflow/example_dags/plugins/listener_plugin.py for tasks to queue
[2025-08-08T15:43:46.985+0700] {logging_mixin.py:154} INFO - [2025-08-08T15:43:46.985+0700] {dagbag.py:536} INFO - Filling up the DagBag from /home/dwmhr/pln/venv/lib/python3.10/site-packages/airflow/example_dags/plugins/listener_plugin.py
[2025-08-08T15:43:46.988+0700] {processor.py:841} WARNING - No viable dags retrieved from /home/dwmhr/pln/venv/lib/python3.10/site-packages/airflow/example_dags/plugins/listener_plugin.py
[2025-08-08T15:43:46.997+0700] {processor.py:179} INFO - Processing /home/dwmhr/pln/venv/lib/python3.10/site-packages/airflow/example_dags/plugins/listener_plugin.py took 0.028 seconds
[2025-08-08T15:44:30.923+0700] {processor.py:157} INFO - Started process (PID=95785) to work on /home/dwmhr/pln/venv/lib/python3.10/site-packages/airflow/example_dags/plugins/listener_plugin.py
[2025-08-08T15:44:30.936+0700] {processor.py:829} INFO - Processing file /home/dwmhr/pln/venv/lib/python3.10/site-packages/airflow/example_dags/plugins/listener_plugin.py for tasks to queue
[2025-08-08T15:44:30.937+0700] {logging_mixin.py:154} INFO - [2025-08-08T15:44:30.936+0700] {dagbag.py:536} INFO - Filling up the DagBag from /home/dwmhr/pln/venv/lib/python3.10/site-packages/airflow/example_dags/plugins/listener_plugin.py
[2025-08-08T15:44:30.939+0700] {processor.py:841} WARNING - No viable dags retrieved from /home/dwmhr/pln/venv/lib/python3.10/site-packages/airflow/example_dags/plugins/listener_plugin.py
[2025-08-08T15:44:30.948+0700] {processor.py:179} INFO - Processing /home/dwmhr/pln/venv/lib/python3.10/site-packages/airflow/example_dags/plugins/listener_plugin.py took 0.028 seconds
[2025-08-08T15:45:10.515+0700] {processor.py:157} INFO - Started process (PID=95890) to work on /home/dwmhr/pln/venv/lib/python3.10/site-packages/airflow/example_dags/plugins/listener_plugin.py
[2025-08-08T15:45:10.518+0700] {processor.py:829} INFO - Processing file /home/dwmhr/pln/venv/lib/python3.10/site-packages/airflow/example_dags/plugins/listener_plugin.py for tasks to queue
[2025-08-08T15:45:10.519+0700] {logging_mixin.py:154} INFO - [2025-08-08T15:45:10.518+0700] {dagbag.py:536} INFO - Filling up the DagBag from /home/dwmhr/pln/venv/lib/python3.10/site-packages/airflow/example_dags/plugins/listener_plugin.py
[2025-08-08T15:45:10.522+0700] {processor.py:841} WARNING - No viable dags retrieved from /home/dwmhr/pln/venv/lib/python3.10/site-packages/airflow/example_dags/plugins/listener_plugin.py
[2025-08-08T15:45:10.535+0700] {processor.py:179} INFO - Processing /home/dwmhr/pln/venv/lib/python3.10/site-packages/airflow/example_dags/plugins/listener_plugin.py took 0.024 seconds
[2025-08-08T15:45:46.190+0700] {processor.py:157} INFO - Started process (PID=96015) to work on /home/dwmhr/pln/venv/lib/python3.10/site-packages/airflow/example_dags/plugins/listener_plugin.py
[2025-08-08T15:45:46.191+0700] {processor.py:829} INFO - Processing file /home/dwmhr/pln/venv/lib/python3.10/site-packages/airflow/example_dags/plugins/listener_plugin.py for tasks to queue
[2025-08-08T15:45:46.192+0700] {logging_mixin.py:154} INFO - [2025-08-08T15:45:46.192+0700] {dagbag.py:536} INFO - Filling up the DagBag from /home/dwmhr/pln/venv/lib/python3.10/site-packages/airflow/example_dags/plugins/listener_plugin.py
[2025-08-08T15:45:46.194+0700] {processor.py:841} WARNING - No viable dags retrieved from /home/dwmhr/pln/venv/lib/python3.10/site-packages/airflow/example_dags/plugins/listener_plugin.py
[2025-08-08T15:45:46.203+0700] {processor.py:179} INFO - Processing /home/dwmhr/pln/venv/lib/python3.10/site-packages/airflow/example_dags/plugins/listener_plugin.py took 0.016 seconds
[2025-08-08T15:46:18.603+0700] {processor.py:157} INFO - Started process (PID=96109) to work on /home/dwmhr/pln/venv/lib/python3.10/site-packages/airflow/example_dags/plugins/listener_plugin.py
[2025-08-08T15:46:18.616+0700] {processor.py:829} INFO - Processing file /home/dwmhr/pln/venv/lib/python3.10/site-packages/airflow/example_dags/plugins/listener_plugin.py for tasks to queue
[2025-08-08T15:46:18.617+0700] {logging_mixin.py:154} INFO - [2025-08-08T15:46:18.616+0700] {dagbag.py:536} INFO - Filling up the DagBag from /home/dwmhr/pln/venv/lib/python3.10/site-packages/airflow/example_dags/plugins/listener_plugin.py
[2025-08-08T15:46:18.619+0700] {processor.py:841} WARNING - No viable dags retrieved from /home/dwmhr/pln/venv/lib/python3.10/site-packages/airflow/example_dags/plugins/listener_plugin.py
[2025-08-08T15:46:18.628+0700] {processor.py:179} INFO - Processing /home/dwmhr/pln/venv/lib/python3.10/site-packages/airflow/example_dags/plugins/listener_plugin.py took 0.027 seconds
[2025-08-08T15:46:51.099+0700] {processor.py:157} INFO - Started process (PID=96206) to work on /home/dwmhr/pln/venv/lib/python3.10/site-packages/airflow/example_dags/plugins/listener_plugin.py
[2025-08-08T15:46:51.101+0700] {processor.py:829} INFO - Processing file /home/dwmhr/pln/venv/lib/python3.10/site-packages/airflow/example_dags/plugins/listener_plugin.py for tasks to queue
[2025-08-08T15:46:51.103+0700] {logging_mixin.py:154} INFO - [2025-08-08T15:46:51.102+0700] {dagbag.py:536} INFO - Filling up the DagBag from /home/dwmhr/pln/venv/lib/python3.10/site-packages/airflow/example_dags/plugins/listener_plugin.py
[2025-08-08T15:46:51.108+0700] {processor.py:841} WARNING - No viable dags retrieved from /home/dwmhr/pln/venv/lib/python3.10/site-packages/airflow/example_dags/plugins/listener_plugin.py
[2025-08-08T15:46:51.124+0700] {processor.py:179} INFO - Processing /home/dwmhr/pln/venv/lib/python3.10/site-packages/airflow/example_dags/plugins/listener_plugin.py took 0.030 seconds
[2025-08-08T15:47:23.620+0700] {processor.py:157} INFO - Started process (PID=96330) to work on /home/dwmhr/pln/venv/lib/python3.10/site-packages/airflow/example_dags/plugins/listener_plugin.py
[2025-08-08T15:47:23.633+0700] {processor.py:829} INFO - Processing file /home/dwmhr/pln/venv/lib/python3.10/site-packages/airflow/example_dags/plugins/listener_plugin.py for tasks to queue
[2025-08-08T15:47:23.634+0700] {logging_mixin.py:154} INFO - [2025-08-08T15:47:23.634+0700] {dagbag.py:536} INFO - Filling up the DagBag from /home/dwmhr/pln/venv/lib/python3.10/site-packages/airflow/example_dags/plugins/listener_plugin.py
[2025-08-08T15:47:23.637+0700] {processor.py:841} WARNING - No viable dags retrieved from /home/dwmhr/pln/venv/lib/python3.10/site-packages/airflow/example_dags/plugins/listener_plugin.py
[2025-08-08T15:47:23.646+0700] {processor.py:179} INFO - Processing /home/dwmhr/pln/venv/lib/python3.10/site-packages/airflow/example_dags/plugins/listener_plugin.py took 0.029 seconds
[2025-08-08T15:47:58.480+0700] {processor.py:157} INFO - Started process (PID=96437) to work on /home/dwmhr/pln/venv/lib/python3.10/site-packages/airflow/example_dags/plugins/listener_plugin.py
[2025-08-08T15:47:58.482+0700] {processor.py:829} INFO - Processing file /home/dwmhr/pln/venv/lib/python3.10/site-packages/airflow/example_dags/plugins/listener_plugin.py for tasks to queue
[2025-08-08T15:47:58.483+0700] {logging_mixin.py:154} INFO - [2025-08-08T15:47:58.483+0700] {dagbag.py:536} INFO - Filling up the DagBag from /home/dwmhr/pln/venv/lib/python3.10/site-packages/airflow/example_dags/plugins/listener_plugin.py
[2025-08-08T15:47:58.485+0700] {processor.py:841} WARNING - No viable dags retrieved from /home/dwmhr/pln/venv/lib/python3.10/site-packages/airflow/example_dags/plugins/listener_plugin.py
[2025-08-08T15:47:58.493+0700] {processor.py:179} INFO - Processing /home/dwmhr/pln/venv/lib/python3.10/site-packages/airflow/example_dags/plugins/listener_plugin.py took 0.016 seconds
[2025-08-08T15:48:46.054+0700] {processor.py:157} INFO - Started process (PID=96567) to work on /home/dwmhr/pln/venv/lib/python3.10/site-packages/airflow/example_dags/plugins/listener_plugin.py
[2025-08-08T15:48:46.056+0700] {processor.py:829} INFO - Processing file /home/dwmhr/pln/venv/lib/python3.10/site-packages/airflow/example_dags/plugins/listener_plugin.py for tasks to queue
[2025-08-08T15:48:46.057+0700] {logging_mixin.py:154} INFO - [2025-08-08T15:48:46.056+0700] {dagbag.py:536} INFO - Filling up the DagBag from /home/dwmhr/pln/venv/lib/python3.10/site-packages/airflow/example_dags/plugins/listener_plugin.py
[2025-08-08T15:48:46.059+0700] {processor.py:841} WARNING - No viable dags retrieved from /home/dwmhr/pln/venv/lib/python3.10/site-packages/airflow/example_dags/plugins/listener_plugin.py
[2025-08-08T15:48:46.067+0700] {processor.py:179} INFO - Processing /home/dwmhr/pln/venv/lib/python3.10/site-packages/airflow/example_dags/plugins/listener_plugin.py took 0.016 seconds
[2025-08-08T15:49:19.555+0700] {processor.py:157} INFO - Started process (PID=96700) to work on /home/dwmhr/pln/venv/lib/python3.10/site-packages/airflow/example_dags/plugins/listener_plugin.py
[2025-08-08T15:49:19.568+0700] {processor.py:829} INFO - Processing file /home/dwmhr/pln/venv/lib/python3.10/site-packages/airflow/example_dags/plugins/listener_plugin.py for tasks to queue
[2025-08-08T15:49:19.569+0700] {logging_mixin.py:154} INFO - [2025-08-08T15:49:19.568+0700] {dagbag.py:536} INFO - Filling up the DagBag from /home/dwmhr/pln/venv/lib/python3.10/site-packages/airflow/example_dags/plugins/listener_plugin.py
[2025-08-08T15:49:19.571+0700] {processor.py:841} WARNING - No viable dags retrieved from /home/dwmhr/pln/venv/lib/python3.10/site-packages/airflow/example_dags/plugins/listener_plugin.py
[2025-08-08T15:49:19.580+0700] {processor.py:179} INFO - Processing /home/dwmhr/pln/venv/lib/python3.10/site-packages/airflow/example_dags/plugins/listener_plugin.py took 0.028 seconds
[2025-08-08T15:50:05.786+0700] {processor.py:157} INFO - Started process (PID=96837) to work on /home/dwmhr/pln/venv/lib/python3.10/site-packages/airflow/example_dags/plugins/listener_plugin.py
[2025-08-08T15:50:05.801+0700] {processor.py:829} INFO - Processing file /home/dwmhr/pln/venv/lib/python3.10/site-packages/airflow/example_dags/plugins/listener_plugin.py for tasks to queue
[2025-08-08T15:50:05.804+0700] {logging_mixin.py:154} INFO - [2025-08-08T15:50:05.802+0700] {dagbag.py:536} INFO - Filling up the DagBag from /home/dwmhr/pln/venv/lib/python3.10/site-packages/airflow/example_dags/plugins/listener_plugin.py
[2025-08-08T15:50:05.811+0700] {processor.py:841} WARNING - No viable dags retrieved from /home/dwmhr/pln/venv/lib/python3.10/site-packages/airflow/example_dags/plugins/listener_plugin.py
[2025-08-08T15:50:05.840+0700] {processor.py:179} INFO - Processing /home/dwmhr/pln/venv/lib/python3.10/site-packages/airflow/example_dags/plugins/listener_plugin.py took 0.064 seconds
[2025-08-08T15:50:45.770+0700] {processor.py:157} INFO - Started process (PID=96978) to work on /home/dwmhr/pln/venv/lib/python3.10/site-packages/airflow/example_dags/plugins/listener_plugin.py
[2025-08-08T15:50:45.783+0700] {processor.py:829} INFO - Processing file /home/dwmhr/pln/venv/lib/python3.10/site-packages/airflow/example_dags/plugins/listener_plugin.py for tasks to queue
[2025-08-08T15:50:45.784+0700] {logging_mixin.py:154} INFO - [2025-08-08T15:50:45.784+0700] {dagbag.py:536} INFO - Filling up the DagBag from /home/dwmhr/pln/venv/lib/python3.10/site-packages/airflow/example_dags/plugins/listener_plugin.py
[2025-08-08T15:50:45.787+0700] {processor.py:841} WARNING - No viable dags retrieved from /home/dwmhr/pln/venv/lib/python3.10/site-packages/airflow/example_dags/plugins/listener_plugin.py
[2025-08-08T15:50:45.800+0700] {processor.py:179} INFO - Processing /home/dwmhr/pln/venv/lib/python3.10/site-packages/airflow/example_dags/plugins/listener_plugin.py took 0.036 seconds
[2025-08-08T15:51:27.759+0700] {processor.py:157} INFO - Started process (PID=97081) to work on /home/dwmhr/pln/venv/lib/python3.10/site-packages/airflow/example_dags/plugins/listener_plugin.py
[2025-08-08T15:51:27.773+0700] {processor.py:829} INFO - Processing file /home/dwmhr/pln/venv/lib/python3.10/site-packages/airflow/example_dags/plugins/listener_plugin.py for tasks to queue
[2025-08-08T15:51:27.776+0700] {logging_mixin.py:154} INFO - [2025-08-08T15:51:27.775+0700] {dagbag.py:536} INFO - Filling up the DagBag from /home/dwmhr/pln/venv/lib/python3.10/site-packages/airflow/example_dags/plugins/listener_plugin.py
[2025-08-08T15:51:27.783+0700] {processor.py:841} WARNING - No viable dags retrieved from /home/dwmhr/pln/venv/lib/python3.10/site-packages/airflow/example_dags/plugins/listener_plugin.py
[2025-08-08T15:51:27.800+0700] {processor.py:179} INFO - Processing /home/dwmhr/pln/venv/lib/python3.10/site-packages/airflow/example_dags/plugins/listener_plugin.py took 0.051 seconds
[2025-08-08T15:52:12.650+0700] {processor.py:157} INFO - Started process (PID=97246) to work on /home/dwmhr/pln/venv/lib/python3.10/site-packages/airflow/example_dags/plugins/listener_plugin.py
[2025-08-08T15:52:12.652+0700] {processor.py:829} INFO - Processing file /home/dwmhr/pln/venv/lib/python3.10/site-packages/airflow/example_dags/plugins/listener_plugin.py for tasks to queue
[2025-08-08T15:52:12.653+0700] {logging_mixin.py:154} INFO - [2025-08-08T15:52:12.653+0700] {dagbag.py:536} INFO - Filling up the DagBag from /home/dwmhr/pln/venv/lib/python3.10/site-packages/airflow/example_dags/plugins/listener_plugin.py
[2025-08-08T15:52:12.657+0700] {processor.py:841} WARNING - No viable dags retrieved from /home/dwmhr/pln/venv/lib/python3.10/site-packages/airflow/example_dags/plugins/listener_plugin.py
[2025-08-08T15:52:12.671+0700] {processor.py:179} INFO - Processing /home/dwmhr/pln/venv/lib/python3.10/site-packages/airflow/example_dags/plugins/listener_plugin.py took 0.026 seconds
[2025-08-08T15:52:54.604+0700] {processor.py:157} INFO - Started process (PID=97354) to work on /home/dwmhr/pln/venv/lib/python3.10/site-packages/airflow/example_dags/plugins/listener_plugin.py
[2025-08-08T15:52:54.608+0700] {processor.py:829} INFO - Processing file /home/dwmhr/pln/venv/lib/python3.10/site-packages/airflow/example_dags/plugins/listener_plugin.py for tasks to queue
[2025-08-08T15:52:54.612+0700] {logging_mixin.py:154} INFO - [2025-08-08T15:52:54.610+0700] {dagbag.py:536} INFO - Filling up the DagBag from /home/dwmhr/pln/venv/lib/python3.10/site-packages/airflow/example_dags/plugins/listener_plugin.py
[2025-08-08T15:52:54.619+0700] {processor.py:841} WARNING - No viable dags retrieved from /home/dwmhr/pln/venv/lib/python3.10/site-packages/airflow/example_dags/plugins/listener_plugin.py
[2025-08-08T15:52:54.653+0700] {processor.py:179} INFO - Processing /home/dwmhr/pln/venv/lib/python3.10/site-packages/airflow/example_dags/plugins/listener_plugin.py took 0.058 seconds
[2025-08-08T15:53:34.768+0700] {processor.py:157} INFO - Started process (PID=97477) to work on /home/dwmhr/pln/venv/lib/python3.10/site-packages/airflow/example_dags/plugins/listener_plugin.py
[2025-08-08T15:53:34.771+0700] {processor.py:829} INFO - Processing file /home/dwmhr/pln/venv/lib/python3.10/site-packages/airflow/example_dags/plugins/listener_plugin.py for tasks to queue
[2025-08-08T15:53:34.773+0700] {logging_mixin.py:154} INFO - [2025-08-08T15:53:34.772+0700] {dagbag.py:536} INFO - Filling up the DagBag from /home/dwmhr/pln/venv/lib/python3.10/site-packages/airflow/example_dags/plugins/listener_plugin.py
[2025-08-08T15:53:34.778+0700] {processor.py:841} WARNING - No viable dags retrieved from /home/dwmhr/pln/venv/lib/python3.10/site-packages/airflow/example_dags/plugins/listener_plugin.py
[2025-08-08T15:53:34.794+0700] {processor.py:179} INFO - Processing /home/dwmhr/pln/venv/lib/python3.10/site-packages/airflow/example_dags/plugins/listener_plugin.py took 0.034 seconds
[2025-08-08T15:54:12.390+0700] {processor.py:157} INFO - Started process (PID=97612) to work on /home/dwmhr/pln/venv/lib/python3.10/site-packages/airflow/example_dags/plugins/listener_plugin.py
[2025-08-08T15:54:12.404+0700] {processor.py:829} INFO - Processing file /home/dwmhr/pln/venv/lib/python3.10/site-packages/airflow/example_dags/plugins/listener_plugin.py for tasks to queue
[2025-08-08T15:54:12.407+0700] {logging_mixin.py:154} INFO - [2025-08-08T15:54:12.406+0700] {dagbag.py:536} INFO - Filling up the DagBag from /home/dwmhr/pln/venv/lib/python3.10/site-packages/airflow/example_dags/plugins/listener_plugin.py
[2025-08-08T15:54:12.413+0700] {processor.py:841} WARNING - No viable dags retrieved from /home/dwmhr/pln/venv/lib/python3.10/site-packages/airflow/example_dags/plugins/listener_plugin.py
[2025-08-08T15:54:12.429+0700] {processor.py:179} INFO - Processing /home/dwmhr/pln/venv/lib/python3.10/site-packages/airflow/example_dags/plugins/listener_plugin.py took 0.046 seconds
[2025-08-08T15:54:54.010+0700] {processor.py:157} INFO - Started process (PID=97741) to work on /home/dwmhr/pln/venv/lib/python3.10/site-packages/airflow/example_dags/plugins/listener_plugin.py
[2025-08-08T15:54:54.012+0700] {processor.py:829} INFO - Processing file /home/dwmhr/pln/venv/lib/python3.10/site-packages/airflow/example_dags/plugins/listener_plugin.py for tasks to queue
[2025-08-08T15:54:54.014+0700] {logging_mixin.py:154} INFO - [2025-08-08T15:54:54.013+0700] {dagbag.py:536} INFO - Filling up the DagBag from /home/dwmhr/pln/venv/lib/python3.10/site-packages/airflow/example_dags/plugins/listener_plugin.py
[2025-08-08T15:54:54.020+0700] {processor.py:841} WARNING - No viable dags retrieved from /home/dwmhr/pln/venv/lib/python3.10/site-packages/airflow/example_dags/plugins/listener_plugin.py
[2025-08-08T15:54:54.043+0700] {processor.py:179} INFO - Processing /home/dwmhr/pln/venv/lib/python3.10/site-packages/airflow/example_dags/plugins/listener_plugin.py took 0.042 seconds
[2025-08-08T15:55:34.065+0700] {processor.py:157} INFO - Started process (PID=97846) to work on /home/dwmhr/pln/venv/lib/python3.10/site-packages/airflow/example_dags/plugins/listener_plugin.py
[2025-08-08T15:55:34.080+0700] {processor.py:829} INFO - Processing file /home/dwmhr/pln/venv/lib/python3.10/site-packages/airflow/example_dags/plugins/listener_plugin.py for tasks to queue
[2025-08-08T15:55:34.082+0700] {logging_mixin.py:154} INFO - [2025-08-08T15:55:34.081+0700] {dagbag.py:536} INFO - Filling up the DagBag from /home/dwmhr/pln/venv/lib/python3.10/site-packages/airflow/example_dags/plugins/listener_plugin.py
[2025-08-08T15:55:34.088+0700] {processor.py:841} WARNING - No viable dags retrieved from /home/dwmhr/pln/venv/lib/python3.10/site-packages/airflow/example_dags/plugins/listener_plugin.py
[2025-08-08T15:55:34.103+0700] {processor.py:179} INFO - Processing /home/dwmhr/pln/venv/lib/python3.10/site-packages/airflow/example_dags/plugins/listener_plugin.py took 0.046 seconds
[2025-08-08T15:56:13.406+0700] {processor.py:157} INFO - Started process (PID=97984) to work on /home/dwmhr/pln/venv/lib/python3.10/site-packages/airflow/example_dags/plugins/listener_plugin.py
[2025-08-08T15:56:13.407+0700] {processor.py:829} INFO - Processing file /home/dwmhr/pln/venv/lib/python3.10/site-packages/airflow/example_dags/plugins/listener_plugin.py for tasks to queue
[2025-08-08T15:56:13.408+0700] {logging_mixin.py:154} INFO - [2025-08-08T15:56:13.408+0700] {dagbag.py:536} INFO - Filling up the DagBag from /home/dwmhr/pln/venv/lib/python3.10/site-packages/airflow/example_dags/plugins/listener_plugin.py
[2025-08-08T15:56:13.410+0700] {processor.py:841} WARNING - No viable dags retrieved from /home/dwmhr/pln/venv/lib/python3.10/site-packages/airflow/example_dags/plugins/listener_plugin.py
[2025-08-08T15:56:13.419+0700] {processor.py:179} INFO - Processing /home/dwmhr/pln/venv/lib/python3.10/site-packages/airflow/example_dags/plugins/listener_plugin.py took 0.016 seconds
[2025-08-08T15:56:48.989+0700] {processor.py:157} INFO - Started process (PID=98111) to work on /home/dwmhr/pln/venv/lib/python3.10/site-packages/airflow/example_dags/plugins/listener_plugin.py
[2025-08-08T15:56:49.001+0700] {processor.py:829} INFO - Processing file /home/dwmhr/pln/venv/lib/python3.10/site-packages/airflow/example_dags/plugins/listener_plugin.py for tasks to queue
[2025-08-08T15:56:49.003+0700] {logging_mixin.py:154} INFO - [2025-08-08T15:56:49.002+0700] {dagbag.py:536} INFO - Filling up the DagBag from /home/dwmhr/pln/venv/lib/python3.10/site-packages/airflow/example_dags/plugins/listener_plugin.py
[2025-08-08T15:56:49.005+0700] {processor.py:841} WARNING - No viable dags retrieved from /home/dwmhr/pln/venv/lib/python3.10/site-packages/airflow/example_dags/plugins/listener_plugin.py
[2025-08-08T15:56:49.013+0700] {processor.py:179} INFO - Processing /home/dwmhr/pln/venv/lib/python3.10/site-packages/airflow/example_dags/plugins/listener_plugin.py took 0.027 seconds
[2025-08-08T15:57:31.733+0700] {processor.py:157} INFO - Started process (PID=98251) to work on /home/dwmhr/pln/venv/lib/python3.10/site-packages/airflow/example_dags/plugins/listener_plugin.py
[2025-08-08T15:57:31.746+0700] {processor.py:829} INFO - Processing file /home/dwmhr/pln/venv/lib/python3.10/site-packages/airflow/example_dags/plugins/listener_plugin.py for tasks to queue
[2025-08-08T15:57:31.747+0700] {logging_mixin.py:154} INFO - [2025-08-08T15:57:31.747+0700] {dagbag.py:536} INFO - Filling up the DagBag from /home/dwmhr/pln/venv/lib/python3.10/site-packages/airflow/example_dags/plugins/listener_plugin.py
[2025-08-08T15:57:31.750+0700] {processor.py:841} WARNING - No viable dags retrieved from /home/dwmhr/pln/venv/lib/python3.10/site-packages/airflow/example_dags/plugins/listener_plugin.py
[2025-08-08T15:57:31.758+0700] {processor.py:179} INFO - Processing /home/dwmhr/pln/venv/lib/python3.10/site-packages/airflow/example_dags/plugins/listener_plugin.py took 0.028 seconds
[2025-08-08T15:58:15.120+0700] {processor.py:157} INFO - Started process (PID=98385) to work on /home/dwmhr/pln/venv/lib/python3.10/site-packages/airflow/example_dags/plugins/listener_plugin.py
[2025-08-08T15:58:15.133+0700] {processor.py:829} INFO - Processing file /home/dwmhr/pln/venv/lib/python3.10/site-packages/airflow/example_dags/plugins/listener_plugin.py for tasks to queue
[2025-08-08T15:58:15.134+0700] {logging_mixin.py:154} INFO - [2025-08-08T15:58:15.134+0700] {dagbag.py:536} INFO - Filling up the DagBag from /home/dwmhr/pln/venv/lib/python3.10/site-packages/airflow/example_dags/plugins/listener_plugin.py
[2025-08-08T15:58:15.138+0700] {processor.py:841} WARNING - No viable dags retrieved from /home/dwmhr/pln/venv/lib/python3.10/site-packages/airflow/example_dags/plugins/listener_plugin.py
[2025-08-08T15:58:15.147+0700] {processor.py:179} INFO - Processing /home/dwmhr/pln/venv/lib/python3.10/site-packages/airflow/example_dags/plugins/listener_plugin.py took 0.029 seconds
[2025-08-08T15:58:58.894+0700] {processor.py:157} INFO - Started process (PID=98525) to work on /home/dwmhr/pln/venv/lib/python3.10/site-packages/airflow/example_dags/plugins/listener_plugin.py
[2025-08-08T15:58:58.907+0700] {processor.py:829} INFO - Processing file /home/dwmhr/pln/venv/lib/python3.10/site-packages/airflow/example_dags/plugins/listener_plugin.py for tasks to queue
[2025-08-08T15:58:58.908+0700] {logging_mixin.py:154} INFO - [2025-08-08T15:58:58.907+0700] {dagbag.py:536} INFO - Filling up the DagBag from /home/dwmhr/pln/venv/lib/python3.10/site-packages/airflow/example_dags/plugins/listener_plugin.py
[2025-08-08T15:58:58.912+0700] {processor.py:841} WARNING - No viable dags retrieved from /home/dwmhr/pln/venv/lib/python3.10/site-packages/airflow/example_dags/plugins/listener_plugin.py
[2025-08-08T15:58:58.921+0700] {processor.py:179} INFO - Processing /home/dwmhr/pln/venv/lib/python3.10/site-packages/airflow/example_dags/plugins/listener_plugin.py took 0.030 seconds
[2025-08-08T15:59:46.493+0700] {processor.py:157} INFO - Started process (PID=98663) to work on /home/dwmhr/pln/venv/lib/python3.10/site-packages/airflow/example_dags/plugins/listener_plugin.py
[2025-08-08T15:59:46.507+0700] {processor.py:829} INFO - Processing file /home/dwmhr/pln/venv/lib/python3.10/site-packages/airflow/example_dags/plugins/listener_plugin.py for tasks to queue
[2025-08-08T15:59:46.508+0700] {logging_mixin.py:154} INFO - [2025-08-08T15:59:46.507+0700] {dagbag.py:536} INFO - Filling up the DagBag from /home/dwmhr/pln/venv/lib/python3.10/site-packages/airflow/example_dags/plugins/listener_plugin.py
[2025-08-08T15:59:46.510+0700] {processor.py:841} WARNING - No viable dags retrieved from /home/dwmhr/pln/venv/lib/python3.10/site-packages/airflow/example_dags/plugins/listener_plugin.py
[2025-08-08T15:59:46.519+0700] {processor.py:179} INFO - Processing /home/dwmhr/pln/venv/lib/python3.10/site-packages/airflow/example_dags/plugins/listener_plugin.py took 0.028 seconds
[2025-08-08T16:00:48.589+0700] {processor.py:157} INFO - Started process (PID=98837) to work on /home/dwmhr/pln/venv/lib/python3.10/site-packages/airflow/example_dags/plugins/listener_plugin.py
[2025-08-08T16:00:48.592+0700] {processor.py:829} INFO - Processing file /home/dwmhr/pln/venv/lib/python3.10/site-packages/airflow/example_dags/plugins/listener_plugin.py for tasks to queue
[2025-08-08T16:00:48.594+0700] {logging_mixin.py:154} INFO - [2025-08-08T16:00:48.593+0700] {dagbag.py:536} INFO - Filling up the DagBag from /home/dwmhr/pln/venv/lib/python3.10/site-packages/airflow/example_dags/plugins/listener_plugin.py
[2025-08-08T16:00:48.600+0700] {processor.py:841} WARNING - No viable dags retrieved from /home/dwmhr/pln/venv/lib/python3.10/site-packages/airflow/example_dags/plugins/listener_plugin.py
[2025-08-08T16:00:48.623+0700] {processor.py:179} INFO - Processing /home/dwmhr/pln/venv/lib/python3.10/site-packages/airflow/example_dags/plugins/listener_plugin.py took 0.043 seconds
[2025-08-08T16:01:26.653+0700] {processor.py:157} INFO - Started process (PID=98970) to work on /home/dwmhr/pln/venv/lib/python3.10/site-packages/airflow/example_dags/plugins/listener_plugin.py
[2025-08-08T16:01:26.666+0700] {processor.py:829} INFO - Processing file /home/dwmhr/pln/venv/lib/python3.10/site-packages/airflow/example_dags/plugins/listener_plugin.py for tasks to queue
[2025-08-08T16:01:26.667+0700] {logging_mixin.py:154} INFO - [2025-08-08T16:01:26.666+0700] {dagbag.py:536} INFO - Filling up the DagBag from /home/dwmhr/pln/venv/lib/python3.10/site-packages/airflow/example_dags/plugins/listener_plugin.py
[2025-08-08T16:01:26.669+0700] {processor.py:841} WARNING - No viable dags retrieved from /home/dwmhr/pln/venv/lib/python3.10/site-packages/airflow/example_dags/plugins/listener_plugin.py
[2025-08-08T16:01:26.678+0700] {processor.py:179} INFO - Processing /home/dwmhr/pln/venv/lib/python3.10/site-packages/airflow/example_dags/plugins/listener_plugin.py took 0.027 seconds
[2025-08-08T16:02:01.404+0700] {processor.py:157} INFO - Started process (PID=99075) to work on /home/dwmhr/pln/venv/lib/python3.10/site-packages/airflow/example_dags/plugins/listener_plugin.py
[2025-08-08T16:02:01.406+0700] {processor.py:829} INFO - Processing file /home/dwmhr/pln/venv/lib/python3.10/site-packages/airflow/example_dags/plugins/listener_plugin.py for tasks to queue
[2025-08-08T16:02:01.407+0700] {logging_mixin.py:154} INFO - [2025-08-08T16:02:01.406+0700] {dagbag.py:536} INFO - Filling up the DagBag from /home/dwmhr/pln/venv/lib/python3.10/site-packages/airflow/example_dags/plugins/listener_plugin.py
[2025-08-08T16:02:01.409+0700] {processor.py:841} WARNING - No viable dags retrieved from /home/dwmhr/pln/venv/lib/python3.10/site-packages/airflow/example_dags/plugins/listener_plugin.py
[2025-08-08T16:02:01.418+0700] {processor.py:179} INFO - Processing /home/dwmhr/pln/venv/lib/python3.10/site-packages/airflow/example_dags/plugins/listener_plugin.py took 0.016 seconds
[2025-08-08T16:02:46.819+0700] {processor.py:157} INFO - Started process (PID=99208) to work on /home/dwmhr/pln/venv/lib/python3.10/site-packages/airflow/example_dags/plugins/listener_plugin.py
[2025-08-08T16:02:46.832+0700] {processor.py:829} INFO - Processing file /home/dwmhr/pln/venv/lib/python3.10/site-packages/airflow/example_dags/plugins/listener_plugin.py for tasks to queue
[2025-08-08T16:02:46.833+0700] {logging_mixin.py:154} INFO - [2025-08-08T16:02:46.832+0700] {dagbag.py:536} INFO - Filling up the DagBag from /home/dwmhr/pln/venv/lib/python3.10/site-packages/airflow/example_dags/plugins/listener_plugin.py
[2025-08-08T16:02:46.835+0700] {processor.py:841} WARNING - No viable dags retrieved from /home/dwmhr/pln/venv/lib/python3.10/site-packages/airflow/example_dags/plugins/listener_plugin.py
[2025-08-08T16:02:46.845+0700] {processor.py:179} INFO - Processing /home/dwmhr/pln/venv/lib/python3.10/site-packages/airflow/example_dags/plugins/listener_plugin.py took 0.029 seconds
[2025-08-08T16:03:29.892+0700] {processor.py:157} INFO - Started process (PID=99343) to work on /home/dwmhr/pln/venv/lib/python3.10/site-packages/airflow/example_dags/plugins/listener_plugin.py
[2025-08-08T16:03:29.905+0700] {processor.py:829} INFO - Processing file /home/dwmhr/pln/venv/lib/python3.10/site-packages/airflow/example_dags/plugins/listener_plugin.py for tasks to queue
[2025-08-08T16:03:29.906+0700] {logging_mixin.py:154} INFO - [2025-08-08T16:03:29.905+0700] {dagbag.py:536} INFO - Filling up the DagBag from /home/dwmhr/pln/venv/lib/python3.10/site-packages/airflow/example_dags/plugins/listener_plugin.py
[2025-08-08T16:03:29.908+0700] {processor.py:841} WARNING - No viable dags retrieved from /home/dwmhr/pln/venv/lib/python3.10/site-packages/airflow/example_dags/plugins/listener_plugin.py
[2025-08-08T16:03:29.917+0700] {processor.py:179} INFO - Processing /home/dwmhr/pln/venv/lib/python3.10/site-packages/airflow/example_dags/plugins/listener_plugin.py took 0.027 seconds
[2025-08-08T16:04:06.466+0700] {processor.py:157} INFO - Started process (PID=99473) to work on /home/dwmhr/pln/venv/lib/python3.10/site-packages/airflow/example_dags/plugins/listener_plugin.py
[2025-08-08T16:04:06.478+0700] {processor.py:829} INFO - Processing file /home/dwmhr/pln/venv/lib/python3.10/site-packages/airflow/example_dags/plugins/listener_plugin.py for tasks to queue
[2025-08-08T16:04:06.479+0700] {logging_mixin.py:154} INFO - [2025-08-08T16:04:06.479+0700] {dagbag.py:536} INFO - Filling up the DagBag from /home/dwmhr/pln/venv/lib/python3.10/site-packages/airflow/example_dags/plugins/listener_plugin.py
[2025-08-08T16:04:06.483+0700] {processor.py:841} WARNING - No viable dags retrieved from /home/dwmhr/pln/venv/lib/python3.10/site-packages/airflow/example_dags/plugins/listener_plugin.py
[2025-08-08T16:04:06.492+0700] {processor.py:179} INFO - Processing /home/dwmhr/pln/venv/lib/python3.10/site-packages/airflow/example_dags/plugins/listener_plugin.py took 0.029 seconds
[2025-08-08T16:04:43.078+0700] {processor.py:157} INFO - Started process (PID=99576) to work on /home/dwmhr/pln/venv/lib/python3.10/site-packages/airflow/example_dags/plugins/listener_plugin.py
[2025-08-08T16:04:43.091+0700] {processor.py:829} INFO - Processing file /home/dwmhr/pln/venv/lib/python3.10/site-packages/airflow/example_dags/plugins/listener_plugin.py for tasks to queue
[2025-08-08T16:04:43.092+0700] {logging_mixin.py:154} INFO - [2025-08-08T16:04:43.092+0700] {dagbag.py:536} INFO - Filling up the DagBag from /home/dwmhr/pln/venv/lib/python3.10/site-packages/airflow/example_dags/plugins/listener_plugin.py
[2025-08-08T16:04:43.094+0700] {processor.py:841} WARNING - No viable dags retrieved from /home/dwmhr/pln/venv/lib/python3.10/site-packages/airflow/example_dags/plugins/listener_plugin.py
[2025-08-08T16:04:43.103+0700] {processor.py:179} INFO - Processing /home/dwmhr/pln/venv/lib/python3.10/site-packages/airflow/example_dags/plugins/listener_plugin.py took 0.028 seconds
[2025-08-08T16:05:24.738+0700] {processor.py:157} INFO - Started process (PID=99721) to work on /home/dwmhr/pln/venv/lib/python3.10/site-packages/airflow/example_dags/plugins/listener_plugin.py
[2025-08-08T16:05:24.750+0700] {processor.py:829} INFO - Processing file /home/dwmhr/pln/venv/lib/python3.10/site-packages/airflow/example_dags/plugins/listener_plugin.py for tasks to queue
[2025-08-08T16:05:24.751+0700] {logging_mixin.py:154} INFO - [2025-08-08T16:05:24.751+0700] {dagbag.py:536} INFO - Filling up the DagBag from /home/dwmhr/pln/venv/lib/python3.10/site-packages/airflow/example_dags/plugins/listener_plugin.py
[2025-08-08T16:05:24.754+0700] {processor.py:841} WARNING - No viable dags retrieved from /home/dwmhr/pln/venv/lib/python3.10/site-packages/airflow/example_dags/plugins/listener_plugin.py
[2025-08-08T16:05:24.763+0700] {processor.py:179} INFO - Processing /home/dwmhr/pln/venv/lib/python3.10/site-packages/airflow/example_dags/plugins/listener_plugin.py took 0.027 seconds
[2025-08-08T16:06:07.185+0700] {processor.py:157} INFO - Started process (PID=99859) to work on /home/dwmhr/pln/venv/lib/python3.10/site-packages/airflow/example_dags/plugins/listener_plugin.py
[2025-08-08T16:06:07.187+0700] {processor.py:829} INFO - Processing file /home/dwmhr/pln/venv/lib/python3.10/site-packages/airflow/example_dags/plugins/listener_plugin.py for tasks to queue
[2025-08-08T16:06:07.187+0700] {logging_mixin.py:154} INFO - [2025-08-08T16:06:07.187+0700] {dagbag.py:536} INFO - Filling up the DagBag from /home/dwmhr/pln/venv/lib/python3.10/site-packages/airflow/example_dags/plugins/listener_plugin.py
[2025-08-08T16:06:07.190+0700] {processor.py:841} WARNING - No viable dags retrieved from /home/dwmhr/pln/venv/lib/python3.10/site-packages/airflow/example_dags/plugins/listener_plugin.py
[2025-08-08T16:06:07.198+0700] {processor.py:179} INFO - Processing /home/dwmhr/pln/venv/lib/python3.10/site-packages/airflow/example_dags/plugins/listener_plugin.py took 0.016 seconds
[2025-08-08T16:06:53.012+0700] {processor.py:157} INFO - Started process (PID=100001) to work on /home/dwmhr/pln/venv/lib/python3.10/site-packages/airflow/example_dags/plugins/listener_plugin.py
[2025-08-08T16:06:53.025+0700] {processor.py:829} INFO - Processing file /home/dwmhr/pln/venv/lib/python3.10/site-packages/airflow/example_dags/plugins/listener_plugin.py for tasks to queue
[2025-08-08T16:06:53.026+0700] {logging_mixin.py:154} INFO - [2025-08-08T16:06:53.026+0700] {dagbag.py:536} INFO - Filling up the DagBag from /home/dwmhr/pln/venv/lib/python3.10/site-packages/airflow/example_dags/plugins/listener_plugin.py
[2025-08-08T16:06:53.029+0700] {processor.py:841} WARNING - No viable dags retrieved from /home/dwmhr/pln/venv/lib/python3.10/site-packages/airflow/example_dags/plugins/listener_plugin.py
[2025-08-08T16:06:53.039+0700] {processor.py:179} INFO - Processing /home/dwmhr/pln/venv/lib/python3.10/site-packages/airflow/example_dags/plugins/listener_plugin.py took 0.029 seconds
[2025-08-08T16:07:36.664+0700] {processor.py:157} INFO - Started process (PID=100164) to work on /home/dwmhr/pln/venv/lib/python3.10/site-packages/airflow/example_dags/plugins/listener_plugin.py
[2025-08-08T16:07:36.677+0700] {processor.py:829} INFO - Processing file /home/dwmhr/pln/venv/lib/python3.10/site-packages/airflow/example_dags/plugins/listener_plugin.py for tasks to queue
[2025-08-08T16:07:36.678+0700] {logging_mixin.py:154} INFO - [2025-08-08T16:07:36.677+0700] {dagbag.py:536} INFO - Filling up the DagBag from /home/dwmhr/pln/venv/lib/python3.10/site-packages/airflow/example_dags/plugins/listener_plugin.py
[2025-08-08T16:07:36.680+0700] {processor.py:841} WARNING - No viable dags retrieved from /home/dwmhr/pln/venv/lib/python3.10/site-packages/airflow/example_dags/plugins/listener_plugin.py
[2025-08-08T16:07:36.689+0700] {processor.py:179} INFO - Processing /home/dwmhr/pln/venv/lib/python3.10/site-packages/airflow/example_dags/plugins/listener_plugin.py took 0.028 seconds
[2025-08-08T16:08:07.919+0700] {processor.py:157} INFO - Started process (PID=100266) to work on /home/dwmhr/pln/venv/lib/python3.10/site-packages/airflow/example_dags/plugins/listener_plugin.py
[2025-08-08T16:08:07.931+0700] {processor.py:829} INFO - Processing file /home/dwmhr/pln/venv/lib/python3.10/site-packages/airflow/example_dags/plugins/listener_plugin.py for tasks to queue
[2025-08-08T16:08:07.932+0700] {logging_mixin.py:154} INFO - [2025-08-08T16:08:07.932+0700] {dagbag.py:536} INFO - Filling up the DagBag from /home/dwmhr/pln/venv/lib/python3.10/site-packages/airflow/example_dags/plugins/listener_plugin.py
[2025-08-08T16:08:07.935+0700] {processor.py:841} WARNING - No viable dags retrieved from /home/dwmhr/pln/venv/lib/python3.10/site-packages/airflow/example_dags/plugins/listener_plugin.py
[2025-08-08T16:08:07.944+0700] {processor.py:179} INFO - Processing /home/dwmhr/pln/venv/lib/python3.10/site-packages/airflow/example_dags/plugins/listener_plugin.py took 0.028 seconds
[2025-08-08T16:08:51.785+0700] {processor.py:157} INFO - Started process (PID=100396) to work on /home/dwmhr/pln/venv/lib/python3.10/site-packages/airflow/example_dags/plugins/listener_plugin.py
[2025-08-08T16:08:51.787+0700] {processor.py:829} INFO - Processing file /home/dwmhr/pln/venv/lib/python3.10/site-packages/airflow/example_dags/plugins/listener_plugin.py for tasks to queue
[2025-08-08T16:08:51.787+0700] {logging_mixin.py:154} INFO - [2025-08-08T16:08:51.787+0700] {dagbag.py:536} INFO - Filling up the DagBag from /home/dwmhr/pln/venv/lib/python3.10/site-packages/airflow/example_dags/plugins/listener_plugin.py
[2025-08-08T16:08:51.790+0700] {processor.py:841} WARNING - No viable dags retrieved from /home/dwmhr/pln/venv/lib/python3.10/site-packages/airflow/example_dags/plugins/listener_plugin.py
[2025-08-08T16:08:51.798+0700] {processor.py:179} INFO - Processing /home/dwmhr/pln/venv/lib/python3.10/site-packages/airflow/example_dags/plugins/listener_plugin.py took 0.016 seconds
[2025-08-08T16:09:37.518+0700] {processor.py:157} INFO - Started process (PID=100544) to work on /home/dwmhr/pln/venv/lib/python3.10/site-packages/airflow/example_dags/plugins/listener_plugin.py
[2025-08-08T16:09:37.531+0700] {processor.py:829} INFO - Processing file /home/dwmhr/pln/venv/lib/python3.10/site-packages/airflow/example_dags/plugins/listener_plugin.py for tasks to queue
[2025-08-08T16:09:37.532+0700] {logging_mixin.py:154} INFO - [2025-08-08T16:09:37.531+0700] {dagbag.py:536} INFO - Filling up the DagBag from /home/dwmhr/pln/venv/lib/python3.10/site-packages/airflow/example_dags/plugins/listener_plugin.py
[2025-08-08T16:09:37.534+0700] {processor.py:841} WARNING - No viable dags retrieved from /home/dwmhr/pln/venv/lib/python3.10/site-packages/airflow/example_dags/plugins/listener_plugin.py
[2025-08-08T16:09:37.543+0700] {processor.py:179} INFO - Processing /home/dwmhr/pln/venv/lib/python3.10/site-packages/airflow/example_dags/plugins/listener_plugin.py took 0.028 seconds
[2025-08-08T16:10:24.907+0700] {processor.py:157} INFO - Started process (PID=100681) to work on /home/dwmhr/pln/venv/lib/python3.10/site-packages/airflow/example_dags/plugins/listener_plugin.py
[2025-08-08T16:10:24.920+0700] {processor.py:829} INFO - Processing file /home/dwmhr/pln/venv/lib/python3.10/site-packages/airflow/example_dags/plugins/listener_plugin.py for tasks to queue
[2025-08-08T16:10:24.922+0700] {logging_mixin.py:154} INFO - [2025-08-08T16:10:24.922+0700] {dagbag.py:536} INFO - Filling up the DagBag from /home/dwmhr/pln/venv/lib/python3.10/site-packages/airflow/example_dags/plugins/listener_plugin.py
[2025-08-08T16:10:24.926+0700] {processor.py:841} WARNING - No viable dags retrieved from /home/dwmhr/pln/venv/lib/python3.10/site-packages/airflow/example_dags/plugins/listener_plugin.py
[2025-08-08T16:10:24.935+0700] {processor.py:179} INFO - Processing /home/dwmhr/pln/venv/lib/python3.10/site-packages/airflow/example_dags/plugins/listener_plugin.py took 0.030 seconds
[2025-08-08T16:10:58.815+0700] {processor.py:157} INFO - Started process (PID=100805) to work on /home/dwmhr/pln/venv/lib/python3.10/site-packages/airflow/example_dags/plugins/listener_plugin.py
[2025-08-08T16:10:58.816+0700] {processor.py:829} INFO - Processing file /home/dwmhr/pln/venv/lib/python3.10/site-packages/airflow/example_dags/plugins/listener_plugin.py for tasks to queue
[2025-08-08T16:10:58.817+0700] {logging_mixin.py:154} INFO - [2025-08-08T16:10:58.816+0700] {dagbag.py:536} INFO - Filling up the DagBag from /home/dwmhr/pln/venv/lib/python3.10/site-packages/airflow/example_dags/plugins/listener_plugin.py
[2025-08-08T16:10:58.819+0700] {processor.py:841} WARNING - No viable dags retrieved from /home/dwmhr/pln/venv/lib/python3.10/site-packages/airflow/example_dags/plugins/listener_plugin.py
[2025-08-08T16:10:58.829+0700] {processor.py:179} INFO - Processing /home/dwmhr/pln/venv/lib/python3.10/site-packages/airflow/example_dags/plugins/listener_plugin.py took 0.017 seconds
[2025-08-08T16:11:33.220+0700] {processor.py:157} INFO - Started process (PID=100918) to work on /home/dwmhr/pln/venv/lib/python3.10/site-packages/airflow/example_dags/plugins/listener_plugin.py
[2025-08-08T16:11:33.232+0700] {processor.py:829} INFO - Processing file /home/dwmhr/pln/venv/lib/python3.10/site-packages/airflow/example_dags/plugins/listener_plugin.py for tasks to queue
[2025-08-08T16:11:33.233+0700] {logging_mixin.py:154} INFO - [2025-08-08T16:11:33.233+0700] {dagbag.py:536} INFO - Filling up the DagBag from /home/dwmhr/pln/venv/lib/python3.10/site-packages/airflow/example_dags/plugins/listener_plugin.py
[2025-08-08T16:11:33.236+0700] {processor.py:841} WARNING - No viable dags retrieved from /home/dwmhr/pln/venv/lib/python3.10/site-packages/airflow/example_dags/plugins/listener_plugin.py
[2025-08-08T16:11:33.245+0700] {processor.py:179} INFO - Processing /home/dwmhr/pln/venv/lib/python3.10/site-packages/airflow/example_dags/plugins/listener_plugin.py took 0.027 seconds
[2025-08-08T16:12:08.332+0700] {processor.py:157} INFO - Started process (PID=101015) to work on /home/dwmhr/pln/venv/lib/python3.10/site-packages/airflow/example_dags/plugins/listener_plugin.py
[2025-08-08T16:12:08.345+0700] {processor.py:829} INFO - Processing file /home/dwmhr/pln/venv/lib/python3.10/site-packages/airflow/example_dags/plugins/listener_plugin.py for tasks to queue
[2025-08-08T16:12:08.346+0700] {logging_mixin.py:154} INFO - [2025-08-08T16:12:08.345+0700] {dagbag.py:536} INFO - Filling up the DagBag from /home/dwmhr/pln/venv/lib/python3.10/site-packages/airflow/example_dags/plugins/listener_plugin.py
[2025-08-08T16:12:08.348+0700] {processor.py:841} WARNING - No viable dags retrieved from /home/dwmhr/pln/venv/lib/python3.10/site-packages/airflow/example_dags/plugins/listener_plugin.py
[2025-08-08T16:12:08.357+0700] {processor.py:179} INFO - Processing /home/dwmhr/pln/venv/lib/python3.10/site-packages/airflow/example_dags/plugins/listener_plugin.py took 0.027 seconds
[2025-08-08T16:12:52.130+0700] {processor.py:157} INFO - Started process (PID=101153) to work on /home/dwmhr/pln/venv/lib/python3.10/site-packages/airflow/example_dags/plugins/listener_plugin.py
[2025-08-08T16:12:52.142+0700] {processor.py:829} INFO - Processing file /home/dwmhr/pln/venv/lib/python3.10/site-packages/airflow/example_dags/plugins/listener_plugin.py for tasks to queue
[2025-08-08T16:12:52.143+0700] {logging_mixin.py:154} INFO - [2025-08-08T16:12:52.143+0700] {dagbag.py:536} INFO - Filling up the DagBag from /home/dwmhr/pln/venv/lib/python3.10/site-packages/airflow/example_dags/plugins/listener_plugin.py
[2025-08-08T16:12:52.145+0700] {processor.py:841} WARNING - No viable dags retrieved from /home/dwmhr/pln/venv/lib/python3.10/site-packages/airflow/example_dags/plugins/listener_plugin.py
[2025-08-08T16:12:52.154+0700] {processor.py:179} INFO - Processing /home/dwmhr/pln/venv/lib/python3.10/site-packages/airflow/example_dags/plugins/listener_plugin.py took 0.027 seconds
[2025-08-08T16:13:40.606+0700] {processor.py:157} INFO - Started process (PID=101318) to work on /home/dwmhr/pln/venv/lib/python3.10/site-packages/airflow/example_dags/plugins/listener_plugin.py
[2025-08-08T16:13:40.619+0700] {processor.py:829} INFO - Processing file /home/dwmhr/pln/venv/lib/python3.10/site-packages/airflow/example_dags/plugins/listener_plugin.py for tasks to queue
[2025-08-08T16:13:40.620+0700] {logging_mixin.py:154} INFO - [2025-08-08T16:13:40.620+0700] {dagbag.py:536} INFO - Filling up the DagBag from /home/dwmhr/pln/venv/lib/python3.10/site-packages/airflow/example_dags/plugins/listener_plugin.py
[2025-08-08T16:13:40.623+0700] {processor.py:841} WARNING - No viable dags retrieved from /home/dwmhr/pln/venv/lib/python3.10/site-packages/airflow/example_dags/plugins/listener_plugin.py
[2025-08-08T16:13:40.633+0700] {processor.py:179} INFO - Processing /home/dwmhr/pln/venv/lib/python3.10/site-packages/airflow/example_dags/plugins/listener_plugin.py took 0.029 seconds
[2025-08-08T16:14:16.131+0700] {processor.py:157} INFO - Started process (PID=101425) to work on /home/dwmhr/pln/venv/lib/python3.10/site-packages/airflow/example_dags/plugins/listener_plugin.py
[2025-08-08T16:14:16.133+0700] {processor.py:829} INFO - Processing file /home/dwmhr/pln/venv/lib/python3.10/site-packages/airflow/example_dags/plugins/listener_plugin.py for tasks to queue
[2025-08-08T16:14:16.134+0700] {logging_mixin.py:154} INFO - [2025-08-08T16:14:16.134+0700] {dagbag.py:536} INFO - Filling up the DagBag from /home/dwmhr/pln/venv/lib/python3.10/site-packages/airflow/example_dags/plugins/listener_plugin.py
[2025-08-08T16:14:16.136+0700] {processor.py:841} WARNING - No viable dags retrieved from /home/dwmhr/pln/venv/lib/python3.10/site-packages/airflow/example_dags/plugins/listener_plugin.py
[2025-08-08T16:14:16.145+0700] {processor.py:179} INFO - Processing /home/dwmhr/pln/venv/lib/python3.10/site-packages/airflow/example_dags/plugins/listener_plugin.py took 0.016 seconds
[2025-08-08T16:14:49.799+0700] {processor.py:157} INFO - Started process (PID=101523) to work on /home/dwmhr/pln/venv/lib/python3.10/site-packages/airflow/example_dags/plugins/listener_plugin.py
[2025-08-08T16:14:49.800+0700] {processor.py:829} INFO - Processing file /home/dwmhr/pln/venv/lib/python3.10/site-packages/airflow/example_dags/plugins/listener_plugin.py for tasks to queue
[2025-08-08T16:14:49.801+0700] {logging_mixin.py:154} INFO - [2025-08-08T16:14:49.801+0700] {dagbag.py:536} INFO - Filling up the DagBag from /home/dwmhr/pln/venv/lib/python3.10/site-packages/airflow/example_dags/plugins/listener_plugin.py
[2025-08-08T16:14:49.803+0700] {processor.py:841} WARNING - No viable dags retrieved from /home/dwmhr/pln/venv/lib/python3.10/site-packages/airflow/example_dags/plugins/listener_plugin.py
[2025-08-08T16:14:49.812+0700] {processor.py:179} INFO - Processing /home/dwmhr/pln/venv/lib/python3.10/site-packages/airflow/example_dags/plugins/listener_plugin.py took 0.016 seconds
[2025-08-08T16:15:24.143+0700] {processor.py:157} INFO - Started process (PID=101653) to work on /home/dwmhr/pln/venv/lib/python3.10/site-packages/airflow/example_dags/plugins/listener_plugin.py
[2025-08-08T16:15:24.156+0700] {processor.py:829} INFO - Processing file /home/dwmhr/pln/venv/lib/python3.10/site-packages/airflow/example_dags/plugins/listener_plugin.py for tasks to queue
[2025-08-08T16:15:24.157+0700] {logging_mixin.py:154} INFO - [2025-08-08T16:15:24.157+0700] {dagbag.py:536} INFO - Filling up the DagBag from /home/dwmhr/pln/venv/lib/python3.10/site-packages/airflow/example_dags/plugins/listener_plugin.py
[2025-08-08T16:15:24.160+0700] {processor.py:841} WARNING - No viable dags retrieved from /home/dwmhr/pln/venv/lib/python3.10/site-packages/airflow/example_dags/plugins/listener_plugin.py
[2025-08-08T16:15:24.171+0700] {processor.py:179} INFO - Processing /home/dwmhr/pln/venv/lib/python3.10/site-packages/airflow/example_dags/plugins/listener_plugin.py took 0.031 seconds
[2025-08-08T16:16:12.648+0700] {processor.py:157} INFO - Started process (PID=101789) to work on /home/dwmhr/pln/venv/lib/python3.10/site-packages/airflow/example_dags/plugins/listener_plugin.py
[2025-08-08T16:16:12.652+0700] {processor.py:829} INFO - Processing file /home/dwmhr/pln/venv/lib/python3.10/site-packages/airflow/example_dags/plugins/listener_plugin.py for tasks to queue
[2025-08-08T16:16:12.654+0700] {logging_mixin.py:154} INFO - [2025-08-08T16:16:12.653+0700] {dagbag.py:536} INFO - Filling up the DagBag from /home/dwmhr/pln/venv/lib/python3.10/site-packages/airflow/example_dags/plugins/listener_plugin.py
[2025-08-08T16:16:12.665+0700] {processor.py:841} WARNING - No viable dags retrieved from /home/dwmhr/pln/venv/lib/python3.10/site-packages/airflow/example_dags/plugins/listener_plugin.py
[2025-08-08T16:16:12.699+0700] {processor.py:179} INFO - Processing /home/dwmhr/pln/venv/lib/python3.10/site-packages/airflow/example_dags/plugins/listener_plugin.py took 0.062 seconds
[2025-08-08T16:16:56.522+0700] {processor.py:157} INFO - Started process (PID=101934) to work on /home/dwmhr/pln/venv/lib/python3.10/site-packages/airflow/example_dags/plugins/listener_plugin.py
[2025-08-08T16:16:56.535+0700] {processor.py:829} INFO - Processing file /home/dwmhr/pln/venv/lib/python3.10/site-packages/airflow/example_dags/plugins/listener_plugin.py for tasks to queue
[2025-08-08T16:16:56.536+0700] {logging_mixin.py:154} INFO - [2025-08-08T16:16:56.536+0700] {dagbag.py:536} INFO - Filling up the DagBag from /home/dwmhr/pln/venv/lib/python3.10/site-packages/airflow/example_dags/plugins/listener_plugin.py
[2025-08-08T16:16:56.539+0700] {processor.py:841} WARNING - No viable dags retrieved from /home/dwmhr/pln/venv/lib/python3.10/site-packages/airflow/example_dags/plugins/listener_plugin.py
[2025-08-08T16:16:56.548+0700] {processor.py:179} INFO - Processing /home/dwmhr/pln/venv/lib/python3.10/site-packages/airflow/example_dags/plugins/listener_plugin.py took 0.029 seconds
