[2025-08-07T15:54:07.055+0700] {taskinstance.py:1159} INFO - Dependencies all met for dep_context=non-requeueable deps ti=<TaskInstance: ekstrak_pdf_dag.ekstrak_pdf manual__2025-08-07T08:53:54.004426+00:00 [queued]>
[2025-08-07T15:54:07.073+0700] {taskinstance.py:1159} INFO - Dependencies all met for dep_context=requeueable deps ti=<TaskInstance: ekstrak_pdf_dag.ekstrak_pdf manual__2025-08-07T08:53:54.004426+00:00 [queued]>
[2025-08-07T15:54:07.074+0700] {taskinstance.py:1361} INFO - Starting attempt 1 of 1
[2025-08-07T15:54:07.111+0700] {taskinstance.py:1382} INFO - Executing <Task(PythonOperator): ekstrak_pdf> on 2025-08-07 08:53:54.004426+00:00
[2025-08-07T15:54:07.124+0700] {standard_task_runner.py:57} INFO - Started process 115922 to run task
[2025-08-07T15:54:07.134+0700] {standard_task_runner.py:84} INFO - Running: ['airflow', 'tasks', 'run', 'ekstrak_pdf_dag', 'ekstrak_pdf', 'manual__2025-08-07T08:53:54.004426+00:00', '--job-id', '3', '--raw', '--subdir', 'DAGS_FOLDER/etl.py', '--cfg-path', '/tmp/tmp5bvbtkuu']
[2025-08-07T15:54:07.136+0700] {standard_task_runner.py:85} INFO - Job 3: Subtask ekstrak_pdf
[2025-08-07T15:54:07.354+0700] {task_command.py:416} INFO - Running <TaskInstance: ekstrak_pdf_dag.ekstrak_pdf manual__2025-08-07T08:53:54.004426+00:00 [running]> on host dwmhr.localdomain
[2025-08-07T15:54:07.748+0700] {taskinstance.py:1662} INFO - Exporting env vars: AIRFLOW_CTX_DAG_OWNER='airflow' AIRFLOW_CTX_DAG_ID='ekstrak_pdf_dag' AIRFLOW_CTX_TASK_ID='ekstrak_pdf' AIRFLOW_CTX_EXECUTION_DATE='2025-08-07T08:53:54.004426+00:00' AIRFLOW_CTX_TRY_NUMBER='1' AIRFLOW_CTX_DAG_RUN_ID='manual__2025-08-07T08:53:54.004426+00:00'
[2025-08-07T15:54:07.761+0700] {ekstrak.py:173} INFO - === Mulai ekstraksi PDF ===
[2025-08-07T15:54:08.367+0700] {logging_mixin.py:154} INFO - Processing page 1...
[2025-08-07T15:54:09.183+0700] {logging_mixin.py:154} INFO - Processing page 2...
[2025-08-07T15:54:10.153+0700] {logging_mixin.py:154} INFO - Processing page 3...
[2025-08-07T15:54:11.303+0700] {logging_mixin.py:154} INFO - Processing page 4...
[2025-08-07T15:54:13.661+0700] {logging_mixin.py:154} INFO - Processing page 5...
[2025-08-07T15:54:14.027+0700] {logging_mixin.py:154} INFO - Processing page 6...
[2025-08-07T15:54:15.167+0700] {logging_mixin.py:154} INFO - Processing page 7...
[2025-08-07T15:54:15.950+0700] {logging_mixin.py:154} INFO - Processing page 8...
[2025-08-07T15:54:16.317+0700] {logging_mixin.py:154} INFO - Processing page 9...
[2025-08-07T15:54:16.664+0700] {logging_mixin.py:154} INFO - Processing page 10...
[2025-08-07T15:54:17.079+0700] {logging_mixin.py:154} INFO - Processing page 11...
[2025-08-07T15:54:17.354+0700] {logging_mixin.py:154} INFO - Processing page 12...
[2025-08-07T15:54:17.595+0700] {logging_mixin.py:154} INFO - Processing page 13...
[2025-08-07T15:54:17.842+0700] {logging_mixin.py:154} INFO - Processing page 14...
[2025-08-07T15:54:18.090+0700] {logging_mixin.py:154} INFO - Processing page 15...
[2025-08-07T15:54:18.290+0700] {logging_mixin.py:154} INFO - Processing page 16...
[2025-08-07T15:54:18.523+0700] {logging_mixin.py:154} INFO - Processing page 17...
[2025-08-07T15:54:19.089+0700] {logging_mixin.py:154} INFO - Processing page 18...
[2025-08-07T15:54:20.388+0700] {logging_mixin.py:154} INFO - Processing page 19...
[2025-08-07T15:54:21.068+0700] {logging_mixin.py:154} INFO - Processing page 20...
[2025-08-07T15:54:21.948+0700] {logging_mixin.py:154} INFO - Processing page 21...
[2025-08-07T15:54:22.383+0700] {logging_mixin.py:154} INFO - Processing page 22...
[2025-08-07T15:54:22.916+0700] {logging_mixin.py:154} INFO - Processing page 23...
[2025-08-07T15:54:23.515+0700] {logging_mixin.py:154} INFO - Processing page 24...
[2025-08-07T15:54:24.250+0700] {logging_mixin.py:154} INFO - Processing page 25...
[2025-08-07T15:54:24.584+0700] {logging_mixin.py:154} INFO - Processing page 26...
[2025-08-07T15:54:24.783+0700] {logging_mixin.py:154} INFO - Processing page 27...
[2025-08-07T15:54:24.859+0700] {logging_mixin.py:154} INFO - Extraction completed. 27 pages processed.
[2025-08-07T15:54:24.859+0700] {logging_mixin.py:154} INFO - Output saved to: /home/dwmhr/pln/data/processed/Kepdir 0306 Kepdir 2023/Kepdir 0306 Kepdir 2023_ekstrak.jsonl
[2025-08-07T15:54:24.859+0700] {logging_mixin.py:154} INFO - Found 3 unique bookmarks:
[2025-08-07T15:54:24.860+0700] {logging_mixin.py:154} INFO -   - LAMPIRAN I
[2025-08-07T15:54:24.860+0700] {logging_mixin.py:154} INFO -   - LAMPIRAN I ll
[2025-08-07T15:54:24.860+0700] {logging_mixin.py:154} INFO -   - LAMPIRAN II
[2025-08-07T15:54:24.860+0700] {ekstrak.py:181} INFO - === Ekstraksi selesai untuk Kepdir 0306 Kepdir 2023.pdf ===
[2025-08-07T15:54:24.860+0700] {python.py:194} INFO - Done. Returned value was: None
[2025-08-07T15:54:24.872+0700] {taskinstance.py:1400} INFO - Marking task as SUCCESS. dag_id=ekstrak_pdf_dag, task_id=ekstrak_pdf, execution_date=20250807T085354, start_date=20250807T085407, end_date=20250807T085424
[2025-08-07T15:54:24.966+0700] {local_task_job_runner.py:228} INFO - Task exited with return code 0
[2025-08-07T15:54:25.008+0700] {taskinstance.py:2778} INFO - 1 downstream tasks scheduled from follow-on schedule check
