[2025-08-07T15:45:14.206+0700] {processor.py:157} INFO - Started process (PID=113261) to work on /home/dwmhr/pln/venv/lib/python3.10/site-packages/airflow/example_dags/example_trigger_controller_dag.py
[2025-08-07T15:45:14.207+0700] {processor.py:829} INFO - Processing file /home/dwmhr/pln/venv/lib/python3.10/site-packages/airflow/example_dags/example_trigger_controller_dag.py for tasks to queue
[2025-08-07T15:45:14.208+0700] {logging_mixin.py:154} INFO - [2025-08-07T15:45:14.208+0700] {dagbag.py:536} INFO - Filling up the DagBag from /home/dwmhr/pln/venv/lib/python3.10/site-packages/airflow/example_dags/example_trigger_controller_dag.py
[2025-08-07T15:45:14.216+0700] {processor.py:839} INFO - DAG(s) dict_keys(['example_trigger_controller_dag']) retrieved from /home/dwmhr/pln/venv/lib/python3.10/site-packages/airflow/example_dags/example_trigger_controller_dag.py
[2025-08-07T15:45:14.322+0700] {logging_mixin.py:154} INFO - [2025-08-07T15:45:14.321+0700] {manager.py:499} INFO - Created Permission View: %s
[2025-08-07T15:45:14.334+0700] {logging_mixin.py:154} INFO - [2025-08-07T15:45:14.334+0700] {manager.py:499} INFO - Created Permission View: %s
[2025-08-07T15:45:14.344+0700] {logging_mixin.py:154} INFO - [2025-08-07T15:45:14.344+0700] {manager.py:499} INFO - Created Permission View: %s
[2025-08-07T15:45:14.344+0700] {logging_mixin.py:154} INFO - [2025-08-07T15:45:14.344+0700] {dag.py:2941} INFO - Sync 1 DAGs
[2025-08-07T15:45:14.356+0700] {logging_mixin.py:154} INFO - [2025-08-07T15:45:14.355+0700] {dag.py:2963} INFO - Creating ORM DAG for example_trigger_controller_dag
[2025-08-07T15:45:14.365+0700] {logging_mixin.py:154} INFO - [2025-08-07T15:45:14.365+0700] {dag.py:3722} INFO - Setting next_dagrun for example_trigger_controller_dag to 2021-01-01T00:00:00+00:00, run_after=2021-01-01T00:00:00+00:00
[2025-08-07T15:45:14.389+0700] {processor.py:179} INFO - Processing /home/dwmhr/pln/venv/lib/python3.10/site-packages/airflow/example_dags/example_trigger_controller_dag.py took 0.188 seconds
[2025-08-07T15:46:25.283+0700] {processor.py:157} INFO - Started process (PID=113596) to work on /home/dwmhr/pln/venv/lib/python3.10/site-packages/airflow/example_dags/example_trigger_controller_dag.py
[2025-08-07T15:46:25.291+0700] {processor.py:829} INFO - Processing file /home/dwmhr/pln/venv/lib/python3.10/site-packages/airflow/example_dags/example_trigger_controller_dag.py for tasks to queue
[2025-08-07T15:46:25.292+0700] {logging_mixin.py:154} INFO - [2025-08-07T15:46:25.292+0700] {dagbag.py:536} INFO - Filling up the DagBag from /home/dwmhr/pln/venv/lib/python3.10/site-packages/airflow/example_dags/example_trigger_controller_dag.py
[2025-08-07T15:46:25.300+0700] {processor.py:839} INFO - DAG(s) dict_keys(['example_trigger_controller_dag']) retrieved from /home/dwmhr/pln/venv/lib/python3.10/site-packages/airflow/example_dags/example_trigger_controller_dag.py
[2025-08-07T15:46:25.323+0700] {logging_mixin.py:154} INFO - [2025-08-07T15:46:25.323+0700] {dag.py:2941} INFO - Sync 1 DAGs
[2025-08-07T15:46:25.354+0700] {logging_mixin.py:154} INFO - [2025-08-07T15:46:25.353+0700] {dag.py:3722} INFO - Setting next_dagrun for example_trigger_controller_dag to 2021-01-01T00:00:00+00:00, run_after=2021-01-01T00:00:00+00:00
[2025-08-07T15:46:25.391+0700] {processor.py:179} INFO - Processing /home/dwmhr/pln/venv/lib/python3.10/site-packages/airflow/example_dags/example_trigger_controller_dag.py took 0.113 seconds
[2025-08-07T15:47:19.852+0700] {processor.py:157} INFO - Started process (PID=113890) to work on /home/dwmhr/pln/venv/lib/python3.10/site-packages/airflow/example_dags/example_trigger_controller_dag.py
[2025-08-07T15:47:19.860+0700] {processor.py:829} INFO - Processing file /home/dwmhr/pln/venv/lib/python3.10/site-packages/airflow/example_dags/example_trigger_controller_dag.py for tasks to queue
[2025-08-07T15:47:19.861+0700] {logging_mixin.py:154} INFO - [2025-08-07T15:47:19.860+0700] {dagbag.py:536} INFO - Filling up the DagBag from /home/dwmhr/pln/venv/lib/python3.10/site-packages/airflow/example_dags/example_trigger_controller_dag.py
[2025-08-07T15:47:19.868+0700] {processor.py:839} INFO - DAG(s) dict_keys(['example_trigger_controller_dag']) retrieved from /home/dwmhr/pln/venv/lib/python3.10/site-packages/airflow/example_dags/example_trigger_controller_dag.py
[2025-08-07T15:47:19.893+0700] {logging_mixin.py:154} INFO - [2025-08-07T15:47:19.892+0700] {dag.py:2941} INFO - Sync 1 DAGs
[2025-08-07T15:47:19.917+0700] {logging_mixin.py:154} INFO - [2025-08-07T15:47:19.916+0700] {dag.py:3722} INFO - Setting next_dagrun for example_trigger_controller_dag to 2021-01-01T00:00:00+00:00, run_after=2021-01-01T00:00:00+00:00
[2025-08-07T15:47:19.949+0700] {processor.py:179} INFO - Processing /home/dwmhr/pln/venv/lib/python3.10/site-packages/airflow/example_dags/example_trigger_controller_dag.py took 0.102 seconds
[2025-08-07T15:48:10.634+0700] {processor.py:157} INFO - Started process (PID=114163) to work on /home/dwmhr/pln/venv/lib/python3.10/site-packages/airflow/example_dags/example_trigger_controller_dag.py
[2025-08-07T15:48:10.636+0700] {processor.py:829} INFO - Processing file /home/dwmhr/pln/venv/lib/python3.10/site-packages/airflow/example_dags/example_trigger_controller_dag.py for tasks to queue
[2025-08-07T15:48:10.637+0700] {logging_mixin.py:154} INFO - [2025-08-07T15:48:10.637+0700] {dagbag.py:536} INFO - Filling up the DagBag from /home/dwmhr/pln/venv/lib/python3.10/site-packages/airflow/example_dags/example_trigger_controller_dag.py
[2025-08-07T15:48:10.644+0700] {processor.py:839} INFO - DAG(s) dict_keys(['example_trigger_controller_dag']) retrieved from /home/dwmhr/pln/venv/lib/python3.10/site-packages/airflow/example_dags/example_trigger_controller_dag.py
[2025-08-07T15:48:10.668+0700] {logging_mixin.py:154} INFO - [2025-08-07T15:48:10.668+0700] {dag.py:2941} INFO - Sync 1 DAGs
[2025-08-07T15:48:10.693+0700] {logging_mixin.py:154} INFO - [2025-08-07T15:48:10.693+0700] {dag.py:3722} INFO - Setting next_dagrun for example_trigger_controller_dag to 2021-01-01T00:00:00+00:00, run_after=2021-01-01T00:00:00+00:00
[2025-08-07T15:48:10.721+0700] {processor.py:179} INFO - Processing /home/dwmhr/pln/venv/lib/python3.10/site-packages/airflow/example_dags/example_trigger_controller_dag.py took 0.091 seconds
[2025-08-07T15:49:03.131+0700] {processor.py:157} INFO - Started process (PID=114459) to work on /home/dwmhr/pln/venv/lib/python3.10/site-packages/airflow/example_dags/example_trigger_controller_dag.py
[2025-08-07T15:49:03.134+0700] {processor.py:829} INFO - Processing file /home/dwmhr/pln/venv/lib/python3.10/site-packages/airflow/example_dags/example_trigger_controller_dag.py for tasks to queue
[2025-08-07T15:49:03.135+0700] {logging_mixin.py:154} INFO - [2025-08-07T15:49:03.135+0700] {dagbag.py:536} INFO - Filling up the DagBag from /home/dwmhr/pln/venv/lib/python3.10/site-packages/airflow/example_dags/example_trigger_controller_dag.py
[2025-08-07T15:49:03.144+0700] {processor.py:839} INFO - DAG(s) dict_keys(['example_trigger_controller_dag']) retrieved from /home/dwmhr/pln/venv/lib/python3.10/site-packages/airflow/example_dags/example_trigger_controller_dag.py
[2025-08-07T15:49:03.178+0700] {logging_mixin.py:154} INFO - [2025-08-07T15:49:03.178+0700] {dag.py:2941} INFO - Sync 1 DAGs
[2025-08-07T15:49:03.216+0700] {logging_mixin.py:154} INFO - [2025-08-07T15:49:03.215+0700] {dag.py:3722} INFO - Setting next_dagrun for example_trigger_controller_dag to 2021-01-01T00:00:00+00:00, run_after=2021-01-01T00:00:00+00:00
[2025-08-07T15:49:03.261+0700] {processor.py:179} INFO - Processing /home/dwmhr/pln/venv/lib/python3.10/site-packages/airflow/example_dags/example_trigger_controller_dag.py took 0.136 seconds
[2025-08-07T15:50:23.762+0700] {processor.py:157} INFO - Started process (PID=114866) to work on /home/dwmhr/pln/venv/lib/python3.10/site-packages/airflow/example_dags/example_trigger_controller_dag.py
[2025-08-07T15:50:23.764+0700] {processor.py:829} INFO - Processing file /home/dwmhr/pln/venv/lib/python3.10/site-packages/airflow/example_dags/example_trigger_controller_dag.py for tasks to queue
[2025-08-07T15:50:23.766+0700] {logging_mixin.py:154} INFO - [2025-08-07T15:50:23.766+0700] {dagbag.py:536} INFO - Filling up the DagBag from /home/dwmhr/pln/venv/lib/python3.10/site-packages/airflow/example_dags/example_trigger_controller_dag.py
[2025-08-07T15:50:23.775+0700] {processor.py:839} INFO - DAG(s) dict_keys(['example_trigger_controller_dag']) retrieved from /home/dwmhr/pln/venv/lib/python3.10/site-packages/airflow/example_dags/example_trigger_controller_dag.py
[2025-08-07T15:50:23.805+0700] {logging_mixin.py:154} INFO - [2025-08-07T15:50:23.805+0700] {dag.py:2941} INFO - Sync 1 DAGs
[2025-08-07T15:50:23.836+0700] {logging_mixin.py:154} INFO - [2025-08-07T15:50:23.835+0700] {dag.py:3722} INFO - Setting next_dagrun for example_trigger_controller_dag to 2021-01-01T00:00:00+00:00, run_after=2021-01-01T00:00:00+00:00
[2025-08-07T15:50:23.876+0700] {processor.py:179} INFO - Processing /home/dwmhr/pln/venv/lib/python3.10/site-packages/airflow/example_dags/example_trigger_controller_dag.py took 0.120 seconds
[2025-08-07T15:51:31.943+0700] {processor.py:157} INFO - Started process (PID=115249) to work on /home/dwmhr/pln/venv/lib/python3.10/site-packages/airflow/example_dags/example_trigger_controller_dag.py
[2025-08-07T15:51:31.945+0700] {processor.py:829} INFO - Processing file /home/dwmhr/pln/venv/lib/python3.10/site-packages/airflow/example_dags/example_trigger_controller_dag.py for tasks to queue
[2025-08-07T15:51:31.947+0700] {logging_mixin.py:154} INFO - [2025-08-07T15:51:31.946+0700] {dagbag.py:536} INFO - Filling up the DagBag from /home/dwmhr/pln/venv/lib/python3.10/site-packages/airflow/example_dags/example_trigger_controller_dag.py
[2025-08-07T15:51:31.953+0700] {processor.py:839} INFO - DAG(s) dict_keys(['example_trigger_controller_dag']) retrieved from /home/dwmhr/pln/venv/lib/python3.10/site-packages/airflow/example_dags/example_trigger_controller_dag.py
[2025-08-07T15:51:31.975+0700] {logging_mixin.py:154} INFO - [2025-08-07T15:51:31.974+0700] {dag.py:2941} INFO - Sync 1 DAGs
[2025-08-07T15:51:31.996+0700] {logging_mixin.py:154} INFO - [2025-08-07T15:51:31.995+0700] {dag.py:3722} INFO - Setting next_dagrun for example_trigger_controller_dag to 2021-01-01T00:00:00+00:00, run_after=2021-01-01T00:00:00+00:00
[2025-08-07T15:51:32.020+0700] {processor.py:179} INFO - Processing /home/dwmhr/pln/venv/lib/python3.10/site-packages/airflow/example_dags/example_trigger_controller_dag.py took 0.082 seconds
[2025-08-07T15:53:11.601+0700] {processor.py:157} INFO - Started process (PID=115667) to work on /home/dwmhr/pln/venv/lib/python3.10/site-packages/airflow/example_dags/example_trigger_controller_dag.py
[2025-08-07T15:53:11.613+0700] {processor.py:829} INFO - Processing file /home/dwmhr/pln/venv/lib/python3.10/site-packages/airflow/example_dags/example_trigger_controller_dag.py for tasks to queue
[2025-08-07T15:53:11.618+0700] {logging_mixin.py:154} INFO - [2025-08-07T15:53:11.616+0700] {dagbag.py:536} INFO - Filling up the DagBag from /home/dwmhr/pln/venv/lib/python3.10/site-packages/airflow/example_dags/example_trigger_controller_dag.py
[2025-08-07T15:53:11.694+0700] {processor.py:839} INFO - DAG(s) dict_keys(['example_trigger_controller_dag']) retrieved from /home/dwmhr/pln/venv/lib/python3.10/site-packages/airflow/example_dags/example_trigger_controller_dag.py
[2025-08-07T15:53:11.849+0700] {logging_mixin.py:154} INFO - [2025-08-07T15:53:11.847+0700] {dag.py:2941} INFO - Sync 1 DAGs
[2025-08-07T15:53:12.015+0700] {logging_mixin.py:154} INFO - [2025-08-07T15:53:12.014+0700] {dag.py:3722} INFO - Setting next_dagrun for example_trigger_controller_dag to 2021-01-01T00:00:00+00:00, run_after=2021-01-01T00:00:00+00:00
[2025-08-07T15:53:12.233+0700] {processor.py:179} INFO - Processing /home/dwmhr/pln/venv/lib/python3.10/site-packages/airflow/example_dags/example_trigger_controller_dag.py took 0.657 seconds
[2025-08-07T15:54:45.430+0700] {processor.py:157} INFO - Started process (PID=116131) to work on /home/dwmhr/pln/venv/lib/python3.10/site-packages/airflow/example_dags/example_trigger_controller_dag.py
[2025-08-07T15:54:45.438+0700] {processor.py:829} INFO - Processing file /home/dwmhr/pln/venv/lib/python3.10/site-packages/airflow/example_dags/example_trigger_controller_dag.py for tasks to queue
[2025-08-07T15:54:45.440+0700] {logging_mixin.py:154} INFO - [2025-08-07T15:54:45.439+0700] {dagbag.py:536} INFO - Filling up the DagBag from /home/dwmhr/pln/venv/lib/python3.10/site-packages/airflow/example_dags/example_trigger_controller_dag.py
[2025-08-07T15:54:45.452+0700] {processor.py:839} INFO - DAG(s) dict_keys(['example_trigger_controller_dag']) retrieved from /home/dwmhr/pln/venv/lib/python3.10/site-packages/airflow/example_dags/example_trigger_controller_dag.py
[2025-08-07T15:54:45.487+0700] {logging_mixin.py:154} INFO - [2025-08-07T15:54:45.486+0700] {dag.py:2941} INFO - Sync 1 DAGs
[2025-08-07T15:54:45.523+0700] {logging_mixin.py:154} INFO - [2025-08-07T15:54:45.522+0700] {dag.py:3722} INFO - Setting next_dagrun for example_trigger_controller_dag to 2021-01-01T00:00:00+00:00, run_after=2021-01-01T00:00:00+00:00
[2025-08-07T15:54:45.565+0700] {processor.py:179} INFO - Processing /home/dwmhr/pln/venv/lib/python3.10/site-packages/airflow/example_dags/example_trigger_controller_dag.py took 0.141 seconds
[2025-08-07T15:56:02.190+0700] {processor.py:157} INFO - Started process (PID=116524) to work on /home/dwmhr/pln/venv/lib/python3.10/site-packages/airflow/example_dags/example_trigger_controller_dag.py
[2025-08-07T15:56:02.192+0700] {processor.py:829} INFO - Processing file /home/dwmhr/pln/venv/lib/python3.10/site-packages/airflow/example_dags/example_trigger_controller_dag.py for tasks to queue
[2025-08-07T15:56:02.193+0700] {logging_mixin.py:154} INFO - [2025-08-07T15:56:02.193+0700] {dagbag.py:536} INFO - Filling up the DagBag from /home/dwmhr/pln/venv/lib/python3.10/site-packages/airflow/example_dags/example_trigger_controller_dag.py
[2025-08-07T15:56:02.203+0700] {processor.py:839} INFO - DAG(s) dict_keys(['example_trigger_controller_dag']) retrieved from /home/dwmhr/pln/venv/lib/python3.10/site-packages/airflow/example_dags/example_trigger_controller_dag.py
[2025-08-07T15:56:02.229+0700] {logging_mixin.py:154} INFO - [2025-08-07T15:56:02.228+0700] {dag.py:2941} INFO - Sync 1 DAGs
[2025-08-07T15:56:02.255+0700] {logging_mixin.py:154} INFO - [2025-08-07T15:56:02.255+0700] {dag.py:3722} INFO - Setting next_dagrun for example_trigger_controller_dag to 2021-01-01T00:00:00+00:00, run_after=2021-01-01T00:00:00+00:00
[2025-08-07T15:56:02.292+0700] {processor.py:179} INFO - Processing /home/dwmhr/pln/venv/lib/python3.10/site-packages/airflow/example_dags/example_trigger_controller_dag.py took 0.108 seconds
[2025-08-07T15:57:12.945+0700] {processor.py:157} INFO - Started process (PID=116903) to work on /home/dwmhr/pln/venv/lib/python3.10/site-packages/airflow/example_dags/example_trigger_controller_dag.py
[2025-08-07T15:57:12.948+0700] {processor.py:829} INFO - Processing file /home/dwmhr/pln/venv/lib/python3.10/site-packages/airflow/example_dags/example_trigger_controller_dag.py for tasks to queue
[2025-08-07T15:57:12.951+0700] {logging_mixin.py:154} INFO - [2025-08-07T15:57:12.950+0700] {dagbag.py:536} INFO - Filling up the DagBag from /home/dwmhr/pln/venv/lib/python3.10/site-packages/airflow/example_dags/example_trigger_controller_dag.py
[2025-08-07T15:57:12.965+0700] {processor.py:839} INFO - DAG(s) dict_keys(['example_trigger_controller_dag']) retrieved from /home/dwmhr/pln/venv/lib/python3.10/site-packages/airflow/example_dags/example_trigger_controller_dag.py
[2025-08-07T15:57:13.020+0700] {logging_mixin.py:154} INFO - [2025-08-07T15:57:13.020+0700] {dag.py:2941} INFO - Sync 1 DAGs
[2025-08-07T15:57:13.080+0700] {logging_mixin.py:154} INFO - [2025-08-07T15:57:13.079+0700] {dag.py:3722} INFO - Setting next_dagrun for example_trigger_controller_dag to 2021-01-01T00:00:00+00:00, run_after=2021-01-01T00:00:00+00:00
[2025-08-07T15:57:13.141+0700] {processor.py:179} INFO - Processing /home/dwmhr/pln/venv/lib/python3.10/site-packages/airflow/example_dags/example_trigger_controller_dag.py took 0.204 seconds
[2025-08-07T15:59:24.504+0700] {processor.py:157} INFO - Started process (PID=117573) to work on /home/dwmhr/pln/venv/lib/python3.10/site-packages/airflow/example_dags/example_trigger_controller_dag.py
[2025-08-07T15:59:24.521+0700] {processor.py:829} INFO - Processing file /home/dwmhr/pln/venv/lib/python3.10/site-packages/airflow/example_dags/example_trigger_controller_dag.py for tasks to queue
[2025-08-07T15:59:24.527+0700] {logging_mixin.py:154} INFO - [2025-08-07T15:59:24.525+0700] {dagbag.py:536} INFO - Filling up the DagBag from /home/dwmhr/pln/venv/lib/python3.10/site-packages/airflow/example_dags/example_trigger_controller_dag.py
[2025-08-07T15:59:24.588+0700] {processor.py:839} INFO - DAG(s) dict_keys(['example_trigger_controller_dag']) retrieved from /home/dwmhr/pln/venv/lib/python3.10/site-packages/airflow/example_dags/example_trigger_controller_dag.py
[2025-08-07T15:59:24.744+0700] {logging_mixin.py:154} INFO - [2025-08-07T15:59:24.743+0700] {dag.py:2941} INFO - Sync 1 DAGs
[2025-08-07T15:59:24.915+0700] {logging_mixin.py:154} INFO - [2025-08-07T15:59:24.911+0700] {dag.py:3722} INFO - Setting next_dagrun for example_trigger_controller_dag to 2021-01-01T00:00:00+00:00, run_after=2021-01-01T00:00:00+00:00
[2025-08-07T15:59:25.108+0700] {processor.py:179} INFO - Processing /home/dwmhr/pln/venv/lib/python3.10/site-packages/airflow/example_dags/example_trigger_controller_dag.py took 0.622 seconds
[2025-08-07T16:01:03.899+0700] {processor.py:157} INFO - Started process (PID=118073) to work on /home/dwmhr/pln/venv/lib/python3.10/site-packages/airflow/example_dags/example_trigger_controller_dag.py
[2025-08-07T16:01:03.983+0700] {processor.py:829} INFO - Processing file /home/dwmhr/pln/venv/lib/python3.10/site-packages/airflow/example_dags/example_trigger_controller_dag.py for tasks to queue
[2025-08-07T16:01:03.990+0700] {logging_mixin.py:154} INFO - [2025-08-07T16:01:03.988+0700] {dagbag.py:536} INFO - Filling up the DagBag from /home/dwmhr/pln/venv/lib/python3.10/site-packages/airflow/example_dags/example_trigger_controller_dag.py
[2025-08-07T16:01:04.088+0700] {processor.py:839} INFO - DAG(s) dict_keys(['example_trigger_controller_dag']) retrieved from /home/dwmhr/pln/venv/lib/python3.10/site-packages/airflow/example_dags/example_trigger_controller_dag.py
[2025-08-07T16:01:04.297+0700] {logging_mixin.py:154} INFO - [2025-08-07T16:01:04.296+0700] {dag.py:2941} INFO - Sync 1 DAGs
[2025-08-07T16:01:04.521+0700] {logging_mixin.py:154} INFO - [2025-08-07T16:01:04.520+0700] {dag.py:3722} INFO - Setting next_dagrun for example_trigger_controller_dag to 2021-01-01T00:00:00+00:00, run_after=2021-01-01T00:00:00+00:00
[2025-08-07T16:01:05.015+0700] {processor.py:179} INFO - Processing /home/dwmhr/pln/venv/lib/python3.10/site-packages/airflow/example_dags/example_trigger_controller_dag.py took 1.164 seconds
[2025-08-07T16:03:55.273+0700] {processor.py:157} INFO - Started process (PID=118836) to work on /home/dwmhr/pln/venv/lib/python3.10/site-packages/airflow/example_dags/example_trigger_controller_dag.py
[2025-08-07T16:03:55.278+0700] {processor.py:829} INFO - Processing file /home/dwmhr/pln/venv/lib/python3.10/site-packages/airflow/example_dags/example_trigger_controller_dag.py for tasks to queue
[2025-08-07T16:03:55.282+0700] {logging_mixin.py:154} INFO - [2025-08-07T16:03:55.281+0700] {dagbag.py:536} INFO - Filling up the DagBag from /home/dwmhr/pln/venv/lib/python3.10/site-packages/airflow/example_dags/example_trigger_controller_dag.py
[2025-08-07T16:03:55.304+0700] {processor.py:839} INFO - DAG(s) dict_keys(['example_trigger_controller_dag']) retrieved from /home/dwmhr/pln/venv/lib/python3.10/site-packages/airflow/example_dags/example_trigger_controller_dag.py
[2025-08-07T16:03:55.421+0700] {logging_mixin.py:154} INFO - [2025-08-07T16:03:55.420+0700] {dag.py:2941} INFO - Sync 1 DAGs
[2025-08-07T16:03:55.503+0700] {logging_mixin.py:154} INFO - [2025-08-07T16:03:55.502+0700] {dag.py:3722} INFO - Setting next_dagrun for example_trigger_controller_dag to 2021-01-01T00:00:00+00:00, run_after=2021-01-01T00:00:00+00:00
[2025-08-07T16:03:55.577+0700] {processor.py:179} INFO - Processing /home/dwmhr/pln/venv/lib/python3.10/site-packages/airflow/example_dags/example_trigger_controller_dag.py took 0.317 seconds
[2025-08-07T16:05:03.549+0700] {processor.py:157} INFO - Started process (PID=119192) to work on /home/dwmhr/pln/venv/lib/python3.10/site-packages/airflow/example_dags/example_trigger_controller_dag.py
[2025-08-07T16:05:03.551+0700] {processor.py:829} INFO - Processing file /home/dwmhr/pln/venv/lib/python3.10/site-packages/airflow/example_dags/example_trigger_controller_dag.py for tasks to queue
[2025-08-07T16:05:03.552+0700] {logging_mixin.py:154} INFO - [2025-08-07T16:05:03.552+0700] {dagbag.py:536} INFO - Filling up the DagBag from /home/dwmhr/pln/venv/lib/python3.10/site-packages/airflow/example_dags/example_trigger_controller_dag.py
[2025-08-07T16:05:03.565+0700] {processor.py:839} INFO - DAG(s) dict_keys(['example_trigger_controller_dag']) retrieved from /home/dwmhr/pln/venv/lib/python3.10/site-packages/airflow/example_dags/example_trigger_controller_dag.py
[2025-08-07T16:05:03.586+0700] {logging_mixin.py:154} INFO - [2025-08-07T16:05:03.586+0700] {dag.py:2941} INFO - Sync 1 DAGs
[2025-08-07T16:05:03.603+0700] {logging_mixin.py:154} INFO - [2025-08-07T16:05:03.603+0700] {dag.py:3722} INFO - Setting next_dagrun for example_trigger_controller_dag to 2021-01-01T00:00:00+00:00, run_after=2021-01-01T00:00:00+00:00
[2025-08-07T16:05:03.626+0700] {processor.py:179} INFO - Processing /home/dwmhr/pln/venv/lib/python3.10/site-packages/airflow/example_dags/example_trigger_controller_dag.py took 0.081 seconds
[2025-08-07T16:06:04.957+0700] {processor.py:157} INFO - Started process (PID=119498) to work on /home/dwmhr/pln/venv/lib/python3.10/site-packages/airflow/example_dags/example_trigger_controller_dag.py
[2025-08-07T16:06:04.988+0700] {processor.py:829} INFO - Processing file /home/dwmhr/pln/venv/lib/python3.10/site-packages/airflow/example_dags/example_trigger_controller_dag.py for tasks to queue
[2025-08-07T16:06:05.009+0700] {logging_mixin.py:154} INFO - [2025-08-07T16:06:05.000+0700] {dagbag.py:536} INFO - Filling up the DagBag from /home/dwmhr/pln/venv/lib/python3.10/site-packages/airflow/example_dags/example_trigger_controller_dag.py
[2025-08-07T16:06:05.098+0700] {processor.py:839} INFO - DAG(s) dict_keys(['example_trigger_controller_dag']) retrieved from /home/dwmhr/pln/venv/lib/python3.10/site-packages/airflow/example_dags/example_trigger_controller_dag.py
[2025-08-07T16:06:05.299+0700] {logging_mixin.py:154} INFO - [2025-08-07T16:06:05.298+0700] {dag.py:2941} INFO - Sync 1 DAGs
[2025-08-07T16:06:05.379+0700] {logging_mixin.py:154} INFO - [2025-08-07T16:06:05.378+0700] {dag.py:3722} INFO - Setting next_dagrun for example_trigger_controller_dag to 2021-01-01T00:00:00+00:00, run_after=2021-01-01T00:00:00+00:00
[2025-08-07T16:06:05.559+0700] {processor.py:179} INFO - Processing /home/dwmhr/pln/venv/lib/python3.10/site-packages/airflow/example_dags/example_trigger_controller_dag.py took 0.620 seconds
[2025-08-07T16:07:22.338+0700] {processor.py:157} INFO - Started process (PID=119850) to work on /home/dwmhr/pln/venv/lib/python3.10/site-packages/airflow/example_dags/example_trigger_controller_dag.py
[2025-08-07T16:07:22.343+0700] {processor.py:829} INFO - Processing file /home/dwmhr/pln/venv/lib/python3.10/site-packages/airflow/example_dags/example_trigger_controller_dag.py for tasks to queue
[2025-08-07T16:07:22.345+0700] {logging_mixin.py:154} INFO - [2025-08-07T16:07:22.344+0700] {dagbag.py:536} INFO - Filling up the DagBag from /home/dwmhr/pln/venv/lib/python3.10/site-packages/airflow/example_dags/example_trigger_controller_dag.py
[2025-08-07T16:07:22.363+0700] {processor.py:839} INFO - DAG(s) dict_keys(['example_trigger_controller_dag']) retrieved from /home/dwmhr/pln/venv/lib/python3.10/site-packages/airflow/example_dags/example_trigger_controller_dag.py
[2025-08-07T16:07:22.417+0700] {logging_mixin.py:154} INFO - [2025-08-07T16:07:22.417+0700] {dag.py:2941} INFO - Sync 1 DAGs
[2025-08-07T16:07:22.469+0700] {logging_mixin.py:154} INFO - [2025-08-07T16:07:22.469+0700] {dag.py:3722} INFO - Setting next_dagrun for example_trigger_controller_dag to 2021-01-01T00:00:00+00:00, run_after=2021-01-01T00:00:00+00:00
[2025-08-07T16:07:22.537+0700] {processor.py:179} INFO - Processing /home/dwmhr/pln/venv/lib/python3.10/site-packages/airflow/example_dags/example_trigger_controller_dag.py took 0.211 seconds
[2025-08-07T16:08:47.319+0700] {processor.py:157} INFO - Started process (PID=120263) to work on /home/dwmhr/pln/venv/lib/python3.10/site-packages/airflow/example_dags/example_trigger_controller_dag.py
[2025-08-07T16:08:47.321+0700] {processor.py:829} INFO - Processing file /home/dwmhr/pln/venv/lib/python3.10/site-packages/airflow/example_dags/example_trigger_controller_dag.py for tasks to queue
[2025-08-07T16:08:47.322+0700] {logging_mixin.py:154} INFO - [2025-08-07T16:08:47.322+0700] {dagbag.py:536} INFO - Filling up the DagBag from /home/dwmhr/pln/venv/lib/python3.10/site-packages/airflow/example_dags/example_trigger_controller_dag.py
[2025-08-07T16:08:47.327+0700] {processor.py:839} INFO - DAG(s) dict_keys(['example_trigger_controller_dag']) retrieved from /home/dwmhr/pln/venv/lib/python3.10/site-packages/airflow/example_dags/example_trigger_controller_dag.py
[2025-08-07T16:08:47.343+0700] {logging_mixin.py:154} INFO - [2025-08-07T16:08:47.342+0700] {dag.py:2941} INFO - Sync 1 DAGs
[2025-08-07T16:08:47.358+0700] {logging_mixin.py:154} INFO - [2025-08-07T16:08:47.358+0700] {dag.py:3722} INFO - Setting next_dagrun for example_trigger_controller_dag to 2021-01-01T00:00:00+00:00, run_after=2021-01-01T00:00:00+00:00
[2025-08-07T16:08:47.379+0700] {processor.py:179} INFO - Processing /home/dwmhr/pln/venv/lib/python3.10/site-packages/airflow/example_dags/example_trigger_controller_dag.py took 0.063 seconds
[2025-08-07T16:09:59.570+0700] {processor.py:157} INFO - Started process (PID=120650) to work on /home/dwmhr/pln/venv/lib/python3.10/site-packages/airflow/example_dags/example_trigger_controller_dag.py
[2025-08-07T16:09:59.575+0700] {processor.py:829} INFO - Processing file /home/dwmhr/pln/venv/lib/python3.10/site-packages/airflow/example_dags/example_trigger_controller_dag.py for tasks to queue
[2025-08-07T16:09:59.578+0700] {logging_mixin.py:154} INFO - [2025-08-07T16:09:59.577+0700] {dagbag.py:536} INFO - Filling up the DagBag from /home/dwmhr/pln/venv/lib/python3.10/site-packages/airflow/example_dags/example_trigger_controller_dag.py
[2025-08-07T16:09:59.601+0700] {processor.py:839} INFO - DAG(s) dict_keys(['example_trigger_controller_dag']) retrieved from /home/dwmhr/pln/venv/lib/python3.10/site-packages/airflow/example_dags/example_trigger_controller_dag.py
[2025-08-07T16:09:59.674+0700] {logging_mixin.py:154} INFO - [2025-08-07T16:09:59.673+0700] {dag.py:2941} INFO - Sync 1 DAGs
[2025-08-07T16:09:59.736+0700] {logging_mixin.py:154} INFO - [2025-08-07T16:09:59.736+0700] {dag.py:3722} INFO - Setting next_dagrun for example_trigger_controller_dag to 2021-01-01T00:00:00+00:00, run_after=2021-01-01T00:00:00+00:00
[2025-08-07T16:09:59.817+0700] {processor.py:179} INFO - Processing /home/dwmhr/pln/venv/lib/python3.10/site-packages/airflow/example_dags/example_trigger_controller_dag.py took 0.262 seconds
[2025-08-07T16:10:57.140+0700] {processor.py:157} INFO - Started process (PID=120961) to work on /home/dwmhr/pln/venv/lib/python3.10/site-packages/airflow/example_dags/example_trigger_controller_dag.py
[2025-08-07T16:10:57.142+0700] {processor.py:829} INFO - Processing file /home/dwmhr/pln/venv/lib/python3.10/site-packages/airflow/example_dags/example_trigger_controller_dag.py for tasks to queue
[2025-08-07T16:10:57.144+0700] {logging_mixin.py:154} INFO - [2025-08-07T16:10:57.143+0700] {dagbag.py:536} INFO - Filling up the DagBag from /home/dwmhr/pln/venv/lib/python3.10/site-packages/airflow/example_dags/example_trigger_controller_dag.py
[2025-08-07T16:10:57.156+0700] {processor.py:839} INFO - DAG(s) dict_keys(['example_trigger_controller_dag']) retrieved from /home/dwmhr/pln/venv/lib/python3.10/site-packages/airflow/example_dags/example_trigger_controller_dag.py
[2025-08-07T16:10:57.186+0700] {logging_mixin.py:154} INFO - [2025-08-07T16:10:57.185+0700] {dag.py:2941} INFO - Sync 1 DAGs
[2025-08-07T16:10:57.211+0700] {logging_mixin.py:154} INFO - [2025-08-07T16:10:57.210+0700] {dag.py:3722} INFO - Setting next_dagrun for example_trigger_controller_dag to 2021-01-01T00:00:00+00:00, run_after=2021-01-01T00:00:00+00:00
[2025-08-07T16:10:57.259+0700] {processor.py:179} INFO - Processing /home/dwmhr/pln/venv/lib/python3.10/site-packages/airflow/example_dags/example_trigger_controller_dag.py took 0.126 seconds
[2025-08-07T16:11:46.245+0700] {processor.py:157} INFO - Started process (PID=121177) to work on /home/dwmhr/pln/venv/lib/python3.10/site-packages/airflow/example_dags/example_trigger_controller_dag.py
[2025-08-07T16:11:46.251+0700] {processor.py:829} INFO - Processing file /home/dwmhr/pln/venv/lib/python3.10/site-packages/airflow/example_dags/example_trigger_controller_dag.py for tasks to queue
[2025-08-07T16:11:46.253+0700] {logging_mixin.py:154} INFO - [2025-08-07T16:11:46.252+0700] {dagbag.py:536} INFO - Filling up the DagBag from /home/dwmhr/pln/venv/lib/python3.10/site-packages/airflow/example_dags/example_trigger_controller_dag.py
[2025-08-07T16:11:46.265+0700] {processor.py:839} INFO - DAG(s) dict_keys(['example_trigger_controller_dag']) retrieved from /home/dwmhr/pln/venv/lib/python3.10/site-packages/airflow/example_dags/example_trigger_controller_dag.py
[2025-08-07T16:11:46.307+0700] {logging_mixin.py:154} INFO - [2025-08-07T16:11:46.306+0700] {dag.py:2941} INFO - Sync 1 DAGs
[2025-08-07T16:11:46.342+0700] {logging_mixin.py:154} INFO - [2025-08-07T16:11:46.342+0700] {dag.py:3722} INFO - Setting next_dagrun for example_trigger_controller_dag to 2021-01-01T00:00:00+00:00, run_after=2021-01-01T00:00:00+00:00
[2025-08-07T16:11:46.398+0700] {processor.py:179} INFO - Processing /home/dwmhr/pln/venv/lib/python3.10/site-packages/airflow/example_dags/example_trigger_controller_dag.py took 0.161 seconds
[2025-08-07T16:12:35.410+0700] {processor.py:157} INFO - Started process (PID=121458) to work on /home/dwmhr/pln/venv/lib/python3.10/site-packages/airflow/example_dags/example_trigger_controller_dag.py
[2025-08-07T16:12:35.422+0700] {processor.py:829} INFO - Processing file /home/dwmhr/pln/venv/lib/python3.10/site-packages/airflow/example_dags/example_trigger_controller_dag.py for tasks to queue
[2025-08-07T16:12:35.424+0700] {logging_mixin.py:154} INFO - [2025-08-07T16:12:35.423+0700] {dagbag.py:536} INFO - Filling up the DagBag from /home/dwmhr/pln/venv/lib/python3.10/site-packages/airflow/example_dags/example_trigger_controller_dag.py
[2025-08-07T16:12:35.434+0700] {processor.py:839} INFO - DAG(s) dict_keys(['example_trigger_controller_dag']) retrieved from /home/dwmhr/pln/venv/lib/python3.10/site-packages/airflow/example_dags/example_trigger_controller_dag.py
[2025-08-07T16:12:35.465+0700] {logging_mixin.py:154} INFO - [2025-08-07T16:12:35.465+0700] {dag.py:2941} INFO - Sync 1 DAGs
[2025-08-07T16:12:35.497+0700] {logging_mixin.py:154} INFO - [2025-08-07T16:12:35.497+0700] {dag.py:3722} INFO - Setting next_dagrun for example_trigger_controller_dag to 2021-01-01T00:00:00+00:00, run_after=2021-01-01T00:00:00+00:00
[2025-08-07T16:12:35.539+0700] {processor.py:179} INFO - Processing /home/dwmhr/pln/venv/lib/python3.10/site-packages/airflow/example_dags/example_trigger_controller_dag.py took 0.137 seconds
[2025-08-07T16:13:22.032+0700] {processor.py:157} INFO - Started process (PID=121733) to work on /home/dwmhr/pln/venv/lib/python3.10/site-packages/airflow/example_dags/example_trigger_controller_dag.py
[2025-08-07T16:13:22.034+0700] {processor.py:829} INFO - Processing file /home/dwmhr/pln/venv/lib/python3.10/site-packages/airflow/example_dags/example_trigger_controller_dag.py for tasks to queue
[2025-08-07T16:13:22.035+0700] {logging_mixin.py:154} INFO - [2025-08-07T16:13:22.035+0700] {dagbag.py:536} INFO - Filling up the DagBag from /home/dwmhr/pln/venv/lib/python3.10/site-packages/airflow/example_dags/example_trigger_controller_dag.py
[2025-08-07T16:13:22.042+0700] {processor.py:839} INFO - DAG(s) dict_keys(['example_trigger_controller_dag']) retrieved from /home/dwmhr/pln/venv/lib/python3.10/site-packages/airflow/example_dags/example_trigger_controller_dag.py
[2025-08-07T16:13:22.061+0700] {logging_mixin.py:154} INFO - [2025-08-07T16:13:22.061+0700] {dag.py:2941} INFO - Sync 1 DAGs
[2025-08-07T16:13:22.082+0700] {logging_mixin.py:154} INFO - [2025-08-07T16:13:22.082+0700] {dag.py:3722} INFO - Setting next_dagrun for example_trigger_controller_dag to 2021-01-01T00:00:00+00:00, run_after=2021-01-01T00:00:00+00:00
[2025-08-07T16:13:22.108+0700] {processor.py:179} INFO - Processing /home/dwmhr/pln/venv/lib/python3.10/site-packages/airflow/example_dags/example_trigger_controller_dag.py took 0.081 seconds
[2025-08-07T16:14:12.548+0700] {processor.py:157} INFO - Started process (PID=121947) to work on /home/dwmhr/pln/venv/lib/python3.10/site-packages/airflow/example_dags/example_trigger_controller_dag.py
[2025-08-07T16:14:12.557+0700] {processor.py:829} INFO - Processing file /home/dwmhr/pln/venv/lib/python3.10/site-packages/airflow/example_dags/example_trigger_controller_dag.py for tasks to queue
[2025-08-07T16:14:12.559+0700] {logging_mixin.py:154} INFO - [2025-08-07T16:14:12.558+0700] {dagbag.py:536} INFO - Filling up the DagBag from /home/dwmhr/pln/venv/lib/python3.10/site-packages/airflow/example_dags/example_trigger_controller_dag.py
[2025-08-07T16:14:12.568+0700] {processor.py:839} INFO - DAG(s) dict_keys(['example_trigger_controller_dag']) retrieved from /home/dwmhr/pln/venv/lib/python3.10/site-packages/airflow/example_dags/example_trigger_controller_dag.py
[2025-08-07T16:14:12.601+0700] {logging_mixin.py:154} INFO - [2025-08-07T16:14:12.601+0700] {dag.py:2941} INFO - Sync 1 DAGs
[2025-08-07T16:14:12.633+0700] {logging_mixin.py:154} INFO - [2025-08-07T16:14:12.633+0700] {dag.py:3722} INFO - Setting next_dagrun for example_trigger_controller_dag to 2021-01-01T00:00:00+00:00, run_after=2021-01-01T00:00:00+00:00
[2025-08-07T16:14:12.675+0700] {processor.py:179} INFO - Processing /home/dwmhr/pln/venv/lib/python3.10/site-packages/airflow/example_dags/example_trigger_controller_dag.py took 0.133 seconds
[2025-08-07T16:15:16.297+0700] {processor.py:157} INFO - Started process (PID=122318) to work on /home/dwmhr/pln/venv/lib/python3.10/site-packages/airflow/example_dags/example_trigger_controller_dag.py
[2025-08-07T16:15:16.301+0700] {processor.py:829} INFO - Processing file /home/dwmhr/pln/venv/lib/python3.10/site-packages/airflow/example_dags/example_trigger_controller_dag.py for tasks to queue
[2025-08-07T16:15:16.303+0700] {logging_mixin.py:154} INFO - [2025-08-07T16:15:16.302+0700] {dagbag.py:536} INFO - Filling up the DagBag from /home/dwmhr/pln/venv/lib/python3.10/site-packages/airflow/example_dags/example_trigger_controller_dag.py
[2025-08-07T16:15:16.315+0700] {processor.py:839} INFO - DAG(s) dict_keys(['example_trigger_controller_dag']) retrieved from /home/dwmhr/pln/venv/lib/python3.10/site-packages/airflow/example_dags/example_trigger_controller_dag.py
[2025-08-07T16:15:16.350+0700] {logging_mixin.py:154} INFO - [2025-08-07T16:15:16.350+0700] {dag.py:2941} INFO - Sync 1 DAGs
[2025-08-07T16:15:16.388+0700] {logging_mixin.py:154} INFO - [2025-08-07T16:15:16.387+0700] {dag.py:3722} INFO - Setting next_dagrun for example_trigger_controller_dag to 2021-01-01T00:00:00+00:00, run_after=2021-01-01T00:00:00+00:00
[2025-08-07T16:15:16.481+0700] {processor.py:179} INFO - Processing /home/dwmhr/pln/venv/lib/python3.10/site-packages/airflow/example_dags/example_trigger_controller_dag.py took 0.192 seconds
[2025-08-07T16:16:28.559+0700] {processor.py:157} INFO - Started process (PID=122648) to work on /home/dwmhr/pln/venv/lib/python3.10/site-packages/airflow/example_dags/example_trigger_controller_dag.py
[2025-08-07T16:16:28.563+0700] {processor.py:829} INFO - Processing file /home/dwmhr/pln/venv/lib/python3.10/site-packages/airflow/example_dags/example_trigger_controller_dag.py for tasks to queue
[2025-08-07T16:16:28.566+0700] {logging_mixin.py:154} INFO - [2025-08-07T16:16:28.565+0700] {dagbag.py:536} INFO - Filling up the DagBag from /home/dwmhr/pln/venv/lib/python3.10/site-packages/airflow/example_dags/example_trigger_controller_dag.py
[2025-08-07T16:16:28.583+0700] {processor.py:839} INFO - DAG(s) dict_keys(['example_trigger_controller_dag']) retrieved from /home/dwmhr/pln/venv/lib/python3.10/site-packages/airflow/example_dags/example_trigger_controller_dag.py
[2025-08-07T16:16:28.637+0700] {logging_mixin.py:154} INFO - [2025-08-07T16:16:28.637+0700] {dag.py:2941} INFO - Sync 1 DAGs
[2025-08-07T16:16:28.683+0700] {logging_mixin.py:154} INFO - [2025-08-07T16:16:28.682+0700] {dag.py:3722} INFO - Setting next_dagrun for example_trigger_controller_dag to 2021-01-01T00:00:00+00:00, run_after=2021-01-01T00:00:00+00:00
[2025-08-07T16:16:28.746+0700] {processor.py:179} INFO - Processing /home/dwmhr/pln/venv/lib/python3.10/site-packages/airflow/example_dags/example_trigger_controller_dag.py took 0.199 seconds
[2025-08-07T16:17:23.410+0700] {processor.py:157} INFO - Started process (PID=122946) to work on /home/dwmhr/pln/venv/lib/python3.10/site-packages/airflow/example_dags/example_trigger_controller_dag.py
[2025-08-07T16:17:23.423+0700] {processor.py:829} INFO - Processing file /home/dwmhr/pln/venv/lib/python3.10/site-packages/airflow/example_dags/example_trigger_controller_dag.py for tasks to queue
[2025-08-07T16:17:23.436+0700] {logging_mixin.py:154} INFO - [2025-08-07T16:17:23.427+0700] {dagbag.py:536} INFO - Filling up the DagBag from /home/dwmhr/pln/venv/lib/python3.10/site-packages/airflow/example_dags/example_trigger_controller_dag.py
[2025-08-07T16:17:23.498+0700] {processor.py:839} INFO - DAG(s) dict_keys(['example_trigger_controller_dag']) retrieved from /home/dwmhr/pln/venv/lib/python3.10/site-packages/airflow/example_dags/example_trigger_controller_dag.py
[2025-08-07T16:17:23.776+0700] {logging_mixin.py:154} INFO - [2025-08-07T16:17:23.774+0700] {dag.py:2941} INFO - Sync 1 DAGs
[2025-08-07T16:17:23.898+0700] {logging_mixin.py:154} INFO - [2025-08-07T16:17:23.897+0700] {dag.py:3722} INFO - Setting next_dagrun for example_trigger_controller_dag to 2021-01-01T00:00:00+00:00, run_after=2021-01-01T00:00:00+00:00
[2025-08-07T16:17:24.032+0700] {processor.py:179} INFO - Processing /home/dwmhr/pln/venv/lib/python3.10/site-packages/airflow/example_dags/example_trigger_controller_dag.py took 0.657 seconds
[2025-08-07T16:18:32.305+0700] {processor.py:157} INFO - Started process (PID=123257) to work on /home/dwmhr/pln/venv/lib/python3.10/site-packages/airflow/example_dags/example_trigger_controller_dag.py
[2025-08-07T16:18:32.314+0700] {processor.py:829} INFO - Processing file /home/dwmhr/pln/venv/lib/python3.10/site-packages/airflow/example_dags/example_trigger_controller_dag.py for tasks to queue
[2025-08-07T16:18:32.315+0700] {logging_mixin.py:154} INFO - [2025-08-07T16:18:32.315+0700] {dagbag.py:536} INFO - Filling up the DagBag from /home/dwmhr/pln/venv/lib/python3.10/site-packages/airflow/example_dags/example_trigger_controller_dag.py
[2025-08-07T16:18:32.320+0700] {processor.py:839} INFO - DAG(s) dict_keys(['example_trigger_controller_dag']) retrieved from /home/dwmhr/pln/venv/lib/python3.10/site-packages/airflow/example_dags/example_trigger_controller_dag.py
[2025-08-07T16:18:32.335+0700] {logging_mixin.py:154} INFO - [2025-08-07T16:18:32.335+0700] {dag.py:2941} INFO - Sync 1 DAGs
[2025-08-07T16:18:32.348+0700] {logging_mixin.py:154} INFO - [2025-08-07T16:18:32.348+0700] {dag.py:3722} INFO - Setting next_dagrun for example_trigger_controller_dag to 2021-01-01T00:00:00+00:00, run_after=2021-01-01T00:00:00+00:00
[2025-08-07T16:18:32.367+0700] {processor.py:179} INFO - Processing /home/dwmhr/pln/venv/lib/python3.10/site-packages/airflow/example_dags/example_trigger_controller_dag.py took 0.065 seconds
[2025-08-07T16:27:01.292+0700] {processor.py:157} INFO - Started process (PID=125456) to work on /home/dwmhr/pln/venv/lib/python3.10/site-packages/airflow/example_dags/example_trigger_controller_dag.py
[2025-08-07T16:27:01.295+0700] {processor.py:829} INFO - Processing file /home/dwmhr/pln/venv/lib/python3.10/site-packages/airflow/example_dags/example_trigger_controller_dag.py for tasks to queue
[2025-08-07T16:27:01.296+0700] {logging_mixin.py:154} INFO - [2025-08-07T16:27:01.296+0700] {dagbag.py:536} INFO - Filling up the DagBag from /home/dwmhr/pln/venv/lib/python3.10/site-packages/airflow/example_dags/example_trigger_controller_dag.py
[2025-08-07T16:27:01.304+0700] {processor.py:839} INFO - DAG(s) dict_keys(['example_trigger_controller_dag']) retrieved from /home/dwmhr/pln/venv/lib/python3.10/site-packages/airflow/example_dags/example_trigger_controller_dag.py
[2025-08-07T16:27:01.328+0700] {logging_mixin.py:154} INFO - [2025-08-07T16:27:01.328+0700] {dag.py:2941} INFO - Sync 1 DAGs
[2025-08-07T16:27:01.350+0700] {logging_mixin.py:154} INFO - [2025-08-07T16:27:01.350+0700] {dag.py:3722} INFO - Setting next_dagrun for example_trigger_controller_dag to 2021-01-01T00:00:00+00:00, run_after=2021-01-01T00:00:00+00:00
[2025-08-07T16:27:01.382+0700] {processor.py:179} INFO - Processing /home/dwmhr/pln/venv/lib/python3.10/site-packages/airflow/example_dags/example_trigger_controller_dag.py took 0.094 seconds
[2025-08-07T16:27:54.772+0700] {processor.py:157} INFO - Started process (PID=125732) to work on /home/dwmhr/pln/venv/lib/python3.10/site-packages/airflow/example_dags/example_trigger_controller_dag.py
[2025-08-07T16:27:54.776+0700] {processor.py:829} INFO - Processing file /home/dwmhr/pln/venv/lib/python3.10/site-packages/airflow/example_dags/example_trigger_controller_dag.py for tasks to queue
[2025-08-07T16:27:54.778+0700] {logging_mixin.py:154} INFO - [2025-08-07T16:27:54.777+0700] {dagbag.py:536} INFO - Filling up the DagBag from /home/dwmhr/pln/venv/lib/python3.10/site-packages/airflow/example_dags/example_trigger_controller_dag.py
[2025-08-07T16:27:54.794+0700] {processor.py:839} INFO - DAG(s) dict_keys(['example_trigger_controller_dag']) retrieved from /home/dwmhr/pln/venv/lib/python3.10/site-packages/airflow/example_dags/example_trigger_controller_dag.py
[2025-08-07T16:27:54.833+0700] {logging_mixin.py:154} INFO - [2025-08-07T16:27:54.833+0700] {dag.py:2941} INFO - Sync 1 DAGs
[2025-08-07T16:27:54.890+0700] {logging_mixin.py:154} INFO - [2025-08-07T16:27:54.889+0700] {dag.py:3722} INFO - Setting next_dagrun for example_trigger_controller_dag to 2021-01-01T00:00:00+00:00, run_after=2021-01-01T00:00:00+00:00
[2025-08-07T16:27:54.959+0700] {processor.py:179} INFO - Processing /home/dwmhr/pln/venv/lib/python3.10/site-packages/airflow/example_dags/example_trigger_controller_dag.py took 0.194 seconds
[2025-08-07T16:29:20.102+0700] {processor.py:157} INFO - Started process (PID=126134) to work on /home/dwmhr/pln/venv/lib/python3.10/site-packages/airflow/example_dags/example_trigger_controller_dag.py
[2025-08-07T16:29:20.104+0700] {processor.py:829} INFO - Processing file /home/dwmhr/pln/venv/lib/python3.10/site-packages/airflow/example_dags/example_trigger_controller_dag.py for tasks to queue
[2025-08-07T16:29:20.106+0700] {logging_mixin.py:154} INFO - [2025-08-07T16:29:20.105+0700] {dagbag.py:536} INFO - Filling up the DagBag from /home/dwmhr/pln/venv/lib/python3.10/site-packages/airflow/example_dags/example_trigger_controller_dag.py
[2025-08-07T16:29:20.112+0700] {processor.py:839} INFO - DAG(s) dict_keys(['example_trigger_controller_dag']) retrieved from /home/dwmhr/pln/venv/lib/python3.10/site-packages/airflow/example_dags/example_trigger_controller_dag.py
[2025-08-07T16:29:20.132+0700] {logging_mixin.py:154} INFO - [2025-08-07T16:29:20.131+0700] {dag.py:2941} INFO - Sync 1 DAGs
[2025-08-07T16:29:20.152+0700] {logging_mixin.py:154} INFO - [2025-08-07T16:29:20.152+0700] {dag.py:3722} INFO - Setting next_dagrun for example_trigger_controller_dag to 2021-01-01T00:00:00+00:00, run_after=2021-01-01T00:00:00+00:00
[2025-08-07T16:29:20.311+0700] {processor.py:179} INFO - Processing /home/dwmhr/pln/venv/lib/python3.10/site-packages/airflow/example_dags/example_trigger_controller_dag.py took 0.213 seconds
[2025-08-07T16:30:19.862+0700] {processor.py:157} INFO - Started process (PID=126416) to work on /home/dwmhr/pln/venv/lib/python3.10/site-packages/airflow/example_dags/example_trigger_controller_dag.py
[2025-08-07T16:30:19.868+0700] {processor.py:829} INFO - Processing file /home/dwmhr/pln/venv/lib/python3.10/site-packages/airflow/example_dags/example_trigger_controller_dag.py for tasks to queue
[2025-08-07T16:30:19.870+0700] {logging_mixin.py:154} INFO - [2025-08-07T16:30:19.869+0700] {dagbag.py:536} INFO - Filling up the DagBag from /home/dwmhr/pln/venv/lib/python3.10/site-packages/airflow/example_dags/example_trigger_controller_dag.py
[2025-08-07T16:30:19.880+0700] {processor.py:839} INFO - DAG(s) dict_keys(['example_trigger_controller_dag']) retrieved from /home/dwmhr/pln/venv/lib/python3.10/site-packages/airflow/example_dags/example_trigger_controller_dag.py
[2025-08-07T16:30:19.912+0700] {logging_mixin.py:154} INFO - [2025-08-07T16:30:19.912+0700] {dag.py:2941} INFO - Sync 1 DAGs
[2025-08-07T16:30:19.944+0700] {logging_mixin.py:154} INFO - [2025-08-07T16:30:19.944+0700] {dag.py:3722} INFO - Setting next_dagrun for example_trigger_controller_dag to 2021-01-01T00:00:00+00:00, run_after=2021-01-01T00:00:00+00:00
[2025-08-07T16:30:19.990+0700] {processor.py:179} INFO - Processing /home/dwmhr/pln/venv/lib/python3.10/site-packages/airflow/example_dags/example_trigger_controller_dag.py took 0.140 seconds
[2025-08-07T16:31:16.418+0700] {processor.py:157} INFO - Started process (PID=126716) to work on /home/dwmhr/pln/venv/lib/python3.10/site-packages/airflow/example_dags/example_trigger_controller_dag.py
[2025-08-07T16:31:16.420+0700] {processor.py:829} INFO - Processing file /home/dwmhr/pln/venv/lib/python3.10/site-packages/airflow/example_dags/example_trigger_controller_dag.py for tasks to queue
[2025-08-07T16:31:16.421+0700] {logging_mixin.py:154} INFO - [2025-08-07T16:31:16.421+0700] {dagbag.py:536} INFO - Filling up the DagBag from /home/dwmhr/pln/venv/lib/python3.10/site-packages/airflow/example_dags/example_trigger_controller_dag.py
[2025-08-07T16:31:16.428+0700] {processor.py:839} INFO - DAG(s) dict_keys(['example_trigger_controller_dag']) retrieved from /home/dwmhr/pln/venv/lib/python3.10/site-packages/airflow/example_dags/example_trigger_controller_dag.py
[2025-08-07T16:31:16.447+0700] {logging_mixin.py:154} INFO - [2025-08-07T16:31:16.447+0700] {dag.py:2941} INFO - Sync 1 DAGs
[2025-08-07T16:31:16.464+0700] {logging_mixin.py:154} INFO - [2025-08-07T16:31:16.464+0700] {dag.py:3722} INFO - Setting next_dagrun for example_trigger_controller_dag to 2021-01-01T00:00:00+00:00, run_after=2021-01-01T00:00:00+00:00
[2025-08-07T16:31:16.489+0700] {processor.py:179} INFO - Processing /home/dwmhr/pln/venv/lib/python3.10/site-packages/airflow/example_dags/example_trigger_controller_dag.py took 0.075 seconds
[2025-08-07T16:32:49.210+0700] {processor.py:157} INFO - Started process (PID=127105) to work on /home/dwmhr/pln/venv/lib/python3.10/site-packages/airflow/example_dags/example_trigger_controller_dag.py
[2025-08-07T16:32:49.221+0700] {processor.py:829} INFO - Processing file /home/dwmhr/pln/venv/lib/python3.10/site-packages/airflow/example_dags/example_trigger_controller_dag.py for tasks to queue
[2025-08-07T16:32:49.319+0700] {logging_mixin.py:154} INFO - [2025-08-07T16:32:49.270+0700] {dagbag.py:536} INFO - Filling up the DagBag from /home/dwmhr/pln/venv/lib/python3.10/site-packages/airflow/example_dags/example_trigger_controller_dag.py
[2025-08-07T16:32:50.456+0700] {processor.py:839} INFO - DAG(s) dict_keys(['example_trigger_controller_dag']) retrieved from /home/dwmhr/pln/venv/lib/python3.10/site-packages/airflow/example_dags/example_trigger_controller_dag.py
[2025-08-07T16:32:54.415+0700] {logging_mixin.py:154} INFO - [2025-08-07T16:32:54.413+0700] {dag.py:2941} INFO - Sync 1 DAGs
[2025-08-07T16:32:55.923+0700] {logging_mixin.py:154} INFO - [2025-08-07T16:32:55.921+0700] {dag.py:3722} INFO - Setting next_dagrun for example_trigger_controller_dag to 2021-01-01T00:00:00+00:00, run_after=2021-01-01T00:00:00+00:00
[2025-08-07T16:32:56.366+0700] {processor.py:179} INFO - Processing /home/dwmhr/pln/venv/lib/python3.10/site-packages/airflow/example_dags/example_trigger_controller_dag.py took 7.189 seconds
[2025-08-07T16:34:33.934+0700] {processor.py:157} INFO - Started process (PID=127522) to work on /home/dwmhr/pln/venv/lib/python3.10/site-packages/airflow/example_dags/example_trigger_controller_dag.py
[2025-08-07T16:34:33.937+0700] {processor.py:829} INFO - Processing file /home/dwmhr/pln/venv/lib/python3.10/site-packages/airflow/example_dags/example_trigger_controller_dag.py for tasks to queue
[2025-08-07T16:34:33.939+0700] {logging_mixin.py:154} INFO - [2025-08-07T16:34:33.938+0700] {dagbag.py:536} INFO - Filling up the DagBag from /home/dwmhr/pln/venv/lib/python3.10/site-packages/airflow/example_dags/example_trigger_controller_dag.py
[2025-08-07T16:34:33.952+0700] {processor.py:839} INFO - DAG(s) dict_keys(['example_trigger_controller_dag']) retrieved from /home/dwmhr/pln/venv/lib/python3.10/site-packages/airflow/example_dags/example_trigger_controller_dag.py
[2025-08-07T16:34:33.998+0700] {logging_mixin.py:154} INFO - [2025-08-07T16:34:33.998+0700] {dag.py:2941} INFO - Sync 1 DAGs
[2025-08-07T16:34:34.043+0700] {logging_mixin.py:154} INFO - [2025-08-07T16:34:34.042+0700] {dag.py:3722} INFO - Setting next_dagrun for example_trigger_controller_dag to 2021-01-01T00:00:00+00:00, run_after=2021-01-01T00:00:00+00:00
[2025-08-07T16:34:34.119+0700] {processor.py:179} INFO - Processing /home/dwmhr/pln/venv/lib/python3.10/site-packages/airflow/example_dags/example_trigger_controller_dag.py took 0.193 seconds
[2025-08-07T16:35:28.729+0700] {processor.py:157} INFO - Started process (PID=127727) to work on /home/dwmhr/pln/venv/lib/python3.10/site-packages/airflow/example_dags/example_trigger_controller_dag.py
[2025-08-07T16:35:28.744+0700] {processor.py:829} INFO - Processing file /home/dwmhr/pln/venv/lib/python3.10/site-packages/airflow/example_dags/example_trigger_controller_dag.py for tasks to queue
[2025-08-07T16:35:28.745+0700] {logging_mixin.py:154} INFO - [2025-08-07T16:35:28.745+0700] {dagbag.py:536} INFO - Filling up the DagBag from /home/dwmhr/pln/venv/lib/python3.10/site-packages/airflow/example_dags/example_trigger_controller_dag.py
[2025-08-07T16:35:28.751+0700] {processor.py:839} INFO - DAG(s) dict_keys(['example_trigger_controller_dag']) retrieved from /home/dwmhr/pln/venv/lib/python3.10/site-packages/airflow/example_dags/example_trigger_controller_dag.py
[2025-08-07T16:35:28.766+0700] {logging_mixin.py:154} INFO - [2025-08-07T16:35:28.766+0700] {dag.py:2941} INFO - Sync 1 DAGs
[2025-08-07T16:35:28.781+0700] {logging_mixin.py:154} INFO - [2025-08-07T16:35:28.781+0700] {dag.py:3722} INFO - Setting next_dagrun for example_trigger_controller_dag to 2021-01-01T00:00:00+00:00, run_after=2021-01-01T00:00:00+00:00
[2025-08-07T16:35:28.802+0700] {processor.py:179} INFO - Processing /home/dwmhr/pln/venv/lib/python3.10/site-packages/airflow/example_dags/example_trigger_controller_dag.py took 0.077 seconds
[2025-08-07T16:36:11.389+0700] {processor.py:157} INFO - Started process (PID=127941) to work on /home/dwmhr/pln/venv/lib/python3.10/site-packages/airflow/example_dags/example_trigger_controller_dag.py
[2025-08-07T16:36:11.391+0700] {processor.py:829} INFO - Processing file /home/dwmhr/pln/venv/lib/python3.10/site-packages/airflow/example_dags/example_trigger_controller_dag.py for tasks to queue
[2025-08-07T16:36:11.392+0700] {logging_mixin.py:154} INFO - [2025-08-07T16:36:11.391+0700] {dagbag.py:536} INFO - Filling up the DagBag from /home/dwmhr/pln/venv/lib/python3.10/site-packages/airflow/example_dags/example_trigger_controller_dag.py
[2025-08-07T16:36:11.398+0700] {processor.py:839} INFO - DAG(s) dict_keys(['example_trigger_controller_dag']) retrieved from /home/dwmhr/pln/venv/lib/python3.10/site-packages/airflow/example_dags/example_trigger_controller_dag.py
[2025-08-07T16:36:11.416+0700] {logging_mixin.py:154} INFO - [2025-08-07T16:36:11.415+0700] {dag.py:2941} INFO - Sync 1 DAGs
[2025-08-07T16:36:11.432+0700] {logging_mixin.py:154} INFO - [2025-08-07T16:36:11.432+0700] {dag.py:3722} INFO - Setting next_dagrun for example_trigger_controller_dag to 2021-01-01T00:00:00+00:00, run_after=2021-01-01T00:00:00+00:00
[2025-08-07T16:36:11.454+0700] {processor.py:179} INFO - Processing /home/dwmhr/pln/venv/lib/python3.10/site-packages/airflow/example_dags/example_trigger_controller_dag.py took 0.069 seconds
[2025-08-07T16:37:05.838+0700] {processor.py:157} INFO - Started process (PID=128157) to work on /home/dwmhr/pln/venv/lib/python3.10/site-packages/airflow/example_dags/example_trigger_controller_dag.py
[2025-08-07T16:37:05.843+0700] {processor.py:829} INFO - Processing file /home/dwmhr/pln/venv/lib/python3.10/site-packages/airflow/example_dags/example_trigger_controller_dag.py for tasks to queue
[2025-08-07T16:37:05.845+0700] {logging_mixin.py:154} INFO - [2025-08-07T16:37:05.844+0700] {dagbag.py:536} INFO - Filling up the DagBag from /home/dwmhr/pln/venv/lib/python3.10/site-packages/airflow/example_dags/example_trigger_controller_dag.py
[2025-08-07T16:37:05.854+0700] {processor.py:839} INFO - DAG(s) dict_keys(['example_trigger_controller_dag']) retrieved from /home/dwmhr/pln/venv/lib/python3.10/site-packages/airflow/example_dags/example_trigger_controller_dag.py
[2025-08-07T16:37:05.882+0700] {logging_mixin.py:154} INFO - [2025-08-07T16:37:05.882+0700] {dag.py:2941} INFO - Sync 1 DAGs
[2025-08-07T16:37:05.913+0700] {logging_mixin.py:154} INFO - [2025-08-07T16:37:05.912+0700] {dag.py:3722} INFO - Setting next_dagrun for example_trigger_controller_dag to 2021-01-01T00:00:00+00:00, run_after=2021-01-01T00:00:00+00:00
[2025-08-07T16:37:05.953+0700] {processor.py:179} INFO - Processing /home/dwmhr/pln/venv/lib/python3.10/site-packages/airflow/example_dags/example_trigger_controller_dag.py took 0.121 seconds
[2025-08-07T16:38:02.048+0700] {processor.py:157} INFO - Started process (PID=128389) to work on /home/dwmhr/pln/venv/lib/python3.10/site-packages/airflow/example_dags/example_trigger_controller_dag.py
[2025-08-07T16:38:02.055+0700] {processor.py:829} INFO - Processing file /home/dwmhr/pln/venv/lib/python3.10/site-packages/airflow/example_dags/example_trigger_controller_dag.py for tasks to queue
[2025-08-07T16:38:02.058+0700] {logging_mixin.py:154} INFO - [2025-08-07T16:38:02.057+0700] {dagbag.py:536} INFO - Filling up the DagBag from /home/dwmhr/pln/venv/lib/python3.10/site-packages/airflow/example_dags/example_trigger_controller_dag.py
[2025-08-07T16:38:02.070+0700] {processor.py:839} INFO - DAG(s) dict_keys(['example_trigger_controller_dag']) retrieved from /home/dwmhr/pln/venv/lib/python3.10/site-packages/airflow/example_dags/example_trigger_controller_dag.py
[2025-08-07T16:38:02.109+0700] {logging_mixin.py:154} INFO - [2025-08-07T16:38:02.109+0700] {dag.py:2941} INFO - Sync 1 DAGs
[2025-08-07T16:38:02.145+0700] {logging_mixin.py:154} INFO - [2025-08-07T16:38:02.145+0700] {dag.py:3722} INFO - Setting next_dagrun for example_trigger_controller_dag to 2021-01-01T00:00:00+00:00, run_after=2021-01-01T00:00:00+00:00
[2025-08-07T16:38:02.196+0700] {processor.py:179} INFO - Processing /home/dwmhr/pln/venv/lib/python3.10/site-packages/airflow/example_dags/example_trigger_controller_dag.py took 0.156 seconds
[2025-08-07T16:39:04.214+0700] {processor.py:157} INFO - Started process (PID=128633) to work on /home/dwmhr/pln/venv/lib/python3.10/site-packages/airflow/example_dags/example_trigger_controller_dag.py
[2025-08-07T16:39:04.215+0700] {processor.py:829} INFO - Processing file /home/dwmhr/pln/venv/lib/python3.10/site-packages/airflow/example_dags/example_trigger_controller_dag.py for tasks to queue
[2025-08-07T16:39:04.216+0700] {logging_mixin.py:154} INFO - [2025-08-07T16:39:04.216+0700] {dagbag.py:536} INFO - Filling up the DagBag from /home/dwmhr/pln/venv/lib/python3.10/site-packages/airflow/example_dags/example_trigger_controller_dag.py
[2025-08-07T16:39:04.222+0700] {processor.py:839} INFO - DAG(s) dict_keys(['example_trigger_controller_dag']) retrieved from /home/dwmhr/pln/venv/lib/python3.10/site-packages/airflow/example_dags/example_trigger_controller_dag.py
[2025-08-07T16:39:04.238+0700] {logging_mixin.py:154} INFO - [2025-08-07T16:39:04.238+0700] {dag.py:2941} INFO - Sync 1 DAGs
[2025-08-07T16:39:04.254+0700] {logging_mixin.py:154} INFO - [2025-08-07T16:39:04.254+0700] {dag.py:3722} INFO - Setting next_dagrun for example_trigger_controller_dag to 2021-01-01T00:00:00+00:00, run_after=2021-01-01T00:00:00+00:00
[2025-08-07T16:39:04.276+0700] {processor.py:179} INFO - Processing /home/dwmhr/pln/venv/lib/python3.10/site-packages/airflow/example_dags/example_trigger_controller_dag.py took 0.066 seconds
[2025-08-07T16:39:55.430+0700] {processor.py:157} INFO - Started process (PID=128870) to work on /home/dwmhr/pln/venv/lib/python3.10/site-packages/airflow/example_dags/example_trigger_controller_dag.py
[2025-08-07T16:39:55.439+0700] {processor.py:829} INFO - Processing file /home/dwmhr/pln/venv/lib/python3.10/site-packages/airflow/example_dags/example_trigger_controller_dag.py for tasks to queue
[2025-08-07T16:39:55.454+0700] {logging_mixin.py:154} INFO - [2025-08-07T16:39:55.450+0700] {dagbag.py:536} INFO - Filling up the DagBag from /home/dwmhr/pln/venv/lib/python3.10/site-packages/airflow/example_dags/example_trigger_controller_dag.py
[2025-08-07T16:39:55.518+0700] {processor.py:839} INFO - DAG(s) dict_keys(['example_trigger_controller_dag']) retrieved from /home/dwmhr/pln/venv/lib/python3.10/site-packages/airflow/example_dags/example_trigger_controller_dag.py
[2025-08-07T16:39:55.657+0700] {logging_mixin.py:154} INFO - [2025-08-07T16:39:55.655+0700] {dag.py:2941} INFO - Sync 1 DAGs
[2025-08-07T16:39:55.757+0700] {logging_mixin.py:154} INFO - [2025-08-07T16:39:55.756+0700] {dag.py:3722} INFO - Setting next_dagrun for example_trigger_controller_dag to 2021-01-01T00:00:00+00:00, run_after=2021-01-01T00:00:00+00:00
[2025-08-07T16:39:55.876+0700] {processor.py:179} INFO - Processing /home/dwmhr/pln/venv/lib/python3.10/site-packages/airflow/example_dags/example_trigger_controller_dag.py took 0.502 seconds
[2025-08-07T16:41:12.664+0700] {processor.py:157} INFO - Started process (PID=129159) to work on /home/dwmhr/pln/venv/lib/python3.10/site-packages/airflow/example_dags/example_trigger_controller_dag.py
[2025-08-07T16:41:12.667+0700] {processor.py:829} INFO - Processing file /home/dwmhr/pln/venv/lib/python3.10/site-packages/airflow/example_dags/example_trigger_controller_dag.py for tasks to queue
[2025-08-07T16:41:12.669+0700] {logging_mixin.py:154} INFO - [2025-08-07T16:41:12.668+0700] {dagbag.py:536} INFO - Filling up the DagBag from /home/dwmhr/pln/venv/lib/python3.10/site-packages/airflow/example_dags/example_trigger_controller_dag.py
[2025-08-07T16:41:12.678+0700] {processor.py:839} INFO - DAG(s) dict_keys(['example_trigger_controller_dag']) retrieved from /home/dwmhr/pln/venv/lib/python3.10/site-packages/airflow/example_dags/example_trigger_controller_dag.py
[2025-08-07T16:41:12.706+0700] {logging_mixin.py:154} INFO - [2025-08-07T16:41:12.705+0700] {dag.py:2941} INFO - Sync 1 DAGs
[2025-08-07T16:41:12.735+0700] {logging_mixin.py:154} INFO - [2025-08-07T16:41:12.735+0700] {dag.py:3722} INFO - Setting next_dagrun for example_trigger_controller_dag to 2021-01-01T00:00:00+00:00, run_after=2021-01-01T00:00:00+00:00
[2025-08-07T16:41:12.791+0700] {processor.py:179} INFO - Processing /home/dwmhr/pln/venv/lib/python3.10/site-packages/airflow/example_dags/example_trigger_controller_dag.py took 0.133 seconds
[2025-08-07T16:42:01.276+0700] {processor.py:157} INFO - Started process (PID=129364) to work on /home/dwmhr/pln/venv/lib/python3.10/site-packages/airflow/example_dags/example_trigger_controller_dag.py
[2025-08-07T16:42:01.280+0700] {processor.py:829} INFO - Processing file /home/dwmhr/pln/venv/lib/python3.10/site-packages/airflow/example_dags/example_trigger_controller_dag.py for tasks to queue
[2025-08-07T16:42:01.284+0700] {logging_mixin.py:154} INFO - [2025-08-07T16:42:01.282+0700] {dagbag.py:536} INFO - Filling up the DagBag from /home/dwmhr/pln/venv/lib/python3.10/site-packages/airflow/example_dags/example_trigger_controller_dag.py
[2025-08-07T16:42:01.301+0700] {processor.py:839} INFO - DAG(s) dict_keys(['example_trigger_controller_dag']) retrieved from /home/dwmhr/pln/venv/lib/python3.10/site-packages/airflow/example_dags/example_trigger_controller_dag.py
[2025-08-07T16:42:01.345+0700] {logging_mixin.py:154} INFO - [2025-08-07T16:42:01.345+0700] {dag.py:2941} INFO - Sync 1 DAGs
[2025-08-07T16:42:01.401+0700] {logging_mixin.py:154} INFO - [2025-08-07T16:42:01.401+0700] {dag.py:3722} INFO - Setting next_dagrun for example_trigger_controller_dag to 2021-01-01T00:00:00+00:00, run_after=2021-01-01T00:00:00+00:00
[2025-08-07T16:42:01.471+0700] {processor.py:179} INFO - Processing /home/dwmhr/pln/venv/lib/python3.10/site-packages/airflow/example_dags/example_trigger_controller_dag.py took 0.204 seconds
[2025-08-07T16:42:49.036+0700] {processor.py:157} INFO - Started process (PID=129585) to work on /home/dwmhr/pln/venv/lib/python3.10/site-packages/airflow/example_dags/example_trigger_controller_dag.py
[2025-08-07T16:42:49.040+0700] {processor.py:829} INFO - Processing file /home/dwmhr/pln/venv/lib/python3.10/site-packages/airflow/example_dags/example_trigger_controller_dag.py for tasks to queue
[2025-08-07T16:42:49.041+0700] {logging_mixin.py:154} INFO - [2025-08-07T16:42:49.041+0700] {dagbag.py:536} INFO - Filling up the DagBag from /home/dwmhr/pln/venv/lib/python3.10/site-packages/airflow/example_dags/example_trigger_controller_dag.py
[2025-08-07T16:42:49.053+0700] {processor.py:839} INFO - DAG(s) dict_keys(['example_trigger_controller_dag']) retrieved from /home/dwmhr/pln/venv/lib/python3.10/site-packages/airflow/example_dags/example_trigger_controller_dag.py
[2025-08-07T16:42:49.091+0700] {logging_mixin.py:154} INFO - [2025-08-07T16:42:49.091+0700] {dag.py:2941} INFO - Sync 1 DAGs
[2025-08-07T16:42:49.126+0700] {logging_mixin.py:154} INFO - [2025-08-07T16:42:49.125+0700] {dag.py:3722} INFO - Setting next_dagrun for example_trigger_controller_dag to 2021-01-01T00:00:00+00:00, run_after=2021-01-01T00:00:00+00:00
[2025-08-07T16:42:49.173+0700] {processor.py:179} INFO - Processing /home/dwmhr/pln/venv/lib/python3.10/site-packages/airflow/example_dags/example_trigger_controller_dag.py took 0.145 seconds
[2025-08-07T16:43:49.899+0700] {processor.py:157} INFO - Started process (PID=129837) to work on /home/dwmhr/pln/venv/lib/python3.10/site-packages/airflow/example_dags/example_trigger_controller_dag.py
[2025-08-07T16:43:49.901+0700] {processor.py:829} INFO - Processing file /home/dwmhr/pln/venv/lib/python3.10/site-packages/airflow/example_dags/example_trigger_controller_dag.py for tasks to queue
[2025-08-07T16:43:49.902+0700] {logging_mixin.py:154} INFO - [2025-08-07T16:43:49.902+0700] {dagbag.py:536} INFO - Filling up the DagBag from /home/dwmhr/pln/venv/lib/python3.10/site-packages/airflow/example_dags/example_trigger_controller_dag.py
[2025-08-07T16:43:49.906+0700] {processor.py:839} INFO - DAG(s) dict_keys(['example_trigger_controller_dag']) retrieved from /home/dwmhr/pln/venv/lib/python3.10/site-packages/airflow/example_dags/example_trigger_controller_dag.py
[2025-08-07T16:43:49.921+0700] {logging_mixin.py:154} INFO - [2025-08-07T16:43:49.920+0700] {dag.py:2941} INFO - Sync 1 DAGs
[2025-08-07T16:43:49.934+0700] {logging_mixin.py:154} INFO - [2025-08-07T16:43:49.934+0700] {dag.py:3722} INFO - Setting next_dagrun for example_trigger_controller_dag to 2021-01-01T00:00:00+00:00, run_after=2021-01-01T00:00:00+00:00
[2025-08-07T16:43:49.955+0700] {processor.py:179} INFO - Processing /home/dwmhr/pln/venv/lib/python3.10/site-packages/airflow/example_dags/example_trigger_controller_dag.py took 0.059 seconds
[2025-08-07T16:44:32.611+0700] {processor.py:157} INFO - Started process (PID=130021) to work on /home/dwmhr/pln/venv/lib/python3.10/site-packages/airflow/example_dags/example_trigger_controller_dag.py
[2025-08-07T16:44:32.623+0700] {processor.py:829} INFO - Processing file /home/dwmhr/pln/venv/lib/python3.10/site-packages/airflow/example_dags/example_trigger_controller_dag.py for tasks to queue
[2025-08-07T16:44:32.624+0700] {logging_mixin.py:154} INFO - [2025-08-07T16:44:32.624+0700] {dagbag.py:536} INFO - Filling up the DagBag from /home/dwmhr/pln/venv/lib/python3.10/site-packages/airflow/example_dags/example_trigger_controller_dag.py
[2025-08-07T16:44:32.629+0700] {processor.py:839} INFO - DAG(s) dict_keys(['example_trigger_controller_dag']) retrieved from /home/dwmhr/pln/venv/lib/python3.10/site-packages/airflow/example_dags/example_trigger_controller_dag.py
[2025-08-07T16:44:32.649+0700] {logging_mixin.py:154} INFO - [2025-08-07T16:44:32.649+0700] {dag.py:2941} INFO - Sync 1 DAGs
[2025-08-07T16:44:32.671+0700] {logging_mixin.py:154} INFO - [2025-08-07T16:44:32.671+0700] {dag.py:3722} INFO - Setting next_dagrun for example_trigger_controller_dag to 2021-01-01T00:00:00+00:00, run_after=2021-01-01T00:00:00+00:00
[2025-08-07T16:44:32.696+0700] {processor.py:179} INFO - Processing /home/dwmhr/pln/venv/lib/python3.10/site-packages/airflow/example_dags/example_trigger_controller_dag.py took 0.090 seconds
[2025-08-07T16:45:28.954+0700] {processor.py:157} INFO - Started process (PID=130276) to work on /home/dwmhr/pln/venv/lib/python3.10/site-packages/airflow/example_dags/example_trigger_controller_dag.py
[2025-08-07T16:45:28.961+0700] {processor.py:829} INFO - Processing file /home/dwmhr/pln/venv/lib/python3.10/site-packages/airflow/example_dags/example_trigger_controller_dag.py for tasks to queue
[2025-08-07T16:45:28.969+0700] {logging_mixin.py:154} INFO - [2025-08-07T16:45:28.966+0700] {dagbag.py:536} INFO - Filling up the DagBag from /home/dwmhr/pln/venv/lib/python3.10/site-packages/airflow/example_dags/example_trigger_controller_dag.py
[2025-08-07T16:45:29.007+0700] {processor.py:839} INFO - DAG(s) dict_keys(['example_trigger_controller_dag']) retrieved from /home/dwmhr/pln/venv/lib/python3.10/site-packages/airflow/example_dags/example_trigger_controller_dag.py
[2025-08-07T16:45:29.110+0700] {logging_mixin.py:154} INFO - [2025-08-07T16:45:29.108+0700] {dag.py:2941} INFO - Sync 1 DAGs
[2025-08-07T16:45:29.213+0700] {logging_mixin.py:154} INFO - [2025-08-07T16:45:29.212+0700] {dag.py:3722} INFO - Setting next_dagrun for example_trigger_controller_dag to 2021-01-01T00:00:00+00:00, run_after=2021-01-01T00:00:00+00:00
[2025-08-07T16:45:29.336+0700] {processor.py:179} INFO - Processing /home/dwmhr/pln/venv/lib/python3.10/site-packages/airflow/example_dags/example_trigger_controller_dag.py took 0.400 seconds
[2025-08-07T16:46:16.330+0700] {processor.py:157} INFO - Started process (PID=130490) to work on /home/dwmhr/pln/venv/lib/python3.10/site-packages/airflow/example_dags/example_trigger_controller_dag.py
[2025-08-07T16:46:16.333+0700] {processor.py:829} INFO - Processing file /home/dwmhr/pln/venv/lib/python3.10/site-packages/airflow/example_dags/example_trigger_controller_dag.py for tasks to queue
[2025-08-07T16:46:16.336+0700] {logging_mixin.py:154} INFO - [2025-08-07T16:46:16.335+0700] {dagbag.py:536} INFO - Filling up the DagBag from /home/dwmhr/pln/venv/lib/python3.10/site-packages/airflow/example_dags/example_trigger_controller_dag.py
[2025-08-07T16:46:16.354+0700] {processor.py:839} INFO - DAG(s) dict_keys(['example_trigger_controller_dag']) retrieved from /home/dwmhr/pln/venv/lib/python3.10/site-packages/airflow/example_dags/example_trigger_controller_dag.py
[2025-08-07T16:46:16.405+0700] {logging_mixin.py:154} INFO - [2025-08-07T16:46:16.404+0700] {dag.py:2941} INFO - Sync 1 DAGs
[2025-08-07T16:46:16.450+0700] {logging_mixin.py:154} INFO - [2025-08-07T16:46:16.450+0700] {dag.py:3722} INFO - Setting next_dagrun for example_trigger_controller_dag to 2021-01-01T00:00:00+00:00, run_after=2021-01-01T00:00:00+00:00
[2025-08-07T16:46:16.514+0700] {processor.py:179} INFO - Processing /home/dwmhr/pln/venv/lib/python3.10/site-packages/airflow/example_dags/example_trigger_controller_dag.py took 0.193 seconds
[2025-08-07T16:47:06.447+0700] {processor.py:157} INFO - Started process (PID=130683) to work on /home/dwmhr/pln/venv/lib/python3.10/site-packages/airflow/example_dags/example_trigger_controller_dag.py
[2025-08-07T16:47:06.450+0700] {processor.py:829} INFO - Processing file /home/dwmhr/pln/venv/lib/python3.10/site-packages/airflow/example_dags/example_trigger_controller_dag.py for tasks to queue
[2025-08-07T16:47:06.451+0700] {logging_mixin.py:154} INFO - [2025-08-07T16:47:06.451+0700] {dagbag.py:536} INFO - Filling up the DagBag from /home/dwmhr/pln/venv/lib/python3.10/site-packages/airflow/example_dags/example_trigger_controller_dag.py
[2025-08-07T16:47:06.455+0700] {processor.py:839} INFO - DAG(s) dict_keys(['example_trigger_controller_dag']) retrieved from /home/dwmhr/pln/venv/lib/python3.10/site-packages/airflow/example_dags/example_trigger_controller_dag.py
[2025-08-07T16:47:06.467+0700] {logging_mixin.py:154} INFO - [2025-08-07T16:47:06.467+0700] {dag.py:2941} INFO - Sync 1 DAGs
[2025-08-07T16:47:06.480+0700] {logging_mixin.py:154} INFO - [2025-08-07T16:47:06.480+0700] {dag.py:3722} INFO - Setting next_dagrun for example_trigger_controller_dag to 2021-01-01T00:00:00+00:00, run_after=2021-01-01T00:00:00+00:00
[2025-08-07T16:47:06.500+0700] {processor.py:179} INFO - Processing /home/dwmhr/pln/venv/lib/python3.10/site-packages/airflow/example_dags/example_trigger_controller_dag.py took 0.056 seconds
[2025-08-07T16:47:58.756+0700] {processor.py:157} INFO - Started process (PID=130922) to work on /home/dwmhr/pln/venv/lib/python3.10/site-packages/airflow/example_dags/example_trigger_controller_dag.py
[2025-08-07T16:47:58.758+0700] {processor.py:829} INFO - Processing file /home/dwmhr/pln/venv/lib/python3.10/site-packages/airflow/example_dags/example_trigger_controller_dag.py for tasks to queue
[2025-08-07T16:47:58.759+0700] {logging_mixin.py:154} INFO - [2025-08-07T16:47:58.758+0700] {dagbag.py:536} INFO - Filling up the DagBag from /home/dwmhr/pln/venv/lib/python3.10/site-packages/airflow/example_dags/example_trigger_controller_dag.py
[2025-08-07T16:47:58.764+0700] {processor.py:839} INFO - DAG(s) dict_keys(['example_trigger_controller_dag']) retrieved from /home/dwmhr/pln/venv/lib/python3.10/site-packages/airflow/example_dags/example_trigger_controller_dag.py
[2025-08-07T16:47:58.780+0700] {logging_mixin.py:154} INFO - [2025-08-07T16:47:58.780+0700] {dag.py:2941} INFO - Sync 1 DAGs
[2025-08-07T16:47:58.798+0700] {logging_mixin.py:154} INFO - [2025-08-07T16:47:58.798+0700] {dag.py:3722} INFO - Setting next_dagrun for example_trigger_controller_dag to 2021-01-01T00:00:00+00:00, run_after=2021-01-01T00:00:00+00:00
[2025-08-07T16:47:58.819+0700] {processor.py:179} INFO - Processing /home/dwmhr/pln/venv/lib/python3.10/site-packages/airflow/example_dags/example_trigger_controller_dag.py took 0.066 seconds
[2025-08-07T16:48:53.542+0700] {processor.py:157} INFO - Started process (PID=131165) to work on /home/dwmhr/pln/venv/lib/python3.10/site-packages/airflow/example_dags/example_trigger_controller_dag.py
[2025-08-07T16:48:53.545+0700] {processor.py:829} INFO - Processing file /home/dwmhr/pln/venv/lib/python3.10/site-packages/airflow/example_dags/example_trigger_controller_dag.py for tasks to queue
[2025-08-07T16:48:53.546+0700] {logging_mixin.py:154} INFO - [2025-08-07T16:48:53.545+0700] {dagbag.py:536} INFO - Filling up the DagBag from /home/dwmhr/pln/venv/lib/python3.10/site-packages/airflow/example_dags/example_trigger_controller_dag.py
[2025-08-07T16:48:53.552+0700] {processor.py:839} INFO - DAG(s) dict_keys(['example_trigger_controller_dag']) retrieved from /home/dwmhr/pln/venv/lib/python3.10/site-packages/airflow/example_dags/example_trigger_controller_dag.py
[2025-08-07T16:48:53.569+0700] {logging_mixin.py:154} INFO - [2025-08-07T16:48:53.569+0700] {dag.py:2941} INFO - Sync 1 DAGs
[2025-08-07T16:48:53.588+0700] {logging_mixin.py:154} INFO - [2025-08-07T16:48:53.588+0700] {dag.py:3722} INFO - Setting next_dagrun for example_trigger_controller_dag to 2021-01-01T00:00:00+00:00, run_after=2021-01-01T00:00:00+00:00
[2025-08-07T16:48:53.612+0700] {processor.py:179} INFO - Processing /home/dwmhr/pln/venv/lib/python3.10/site-packages/airflow/example_dags/example_trigger_controller_dag.py took 0.074 seconds
