[2025-08-07T15:45:58.247+0700] {processor.py:157} INFO - Started process (PID=113471) to work on /home/dwmhr/pln/venv/lib/python3.10/site-packages/airflow/example_dags/example_branch_labels.py
[2025-08-07T15:45:58.249+0700] {processor.py:829} INFO - Processing file /home/dwmhr/pln/venv/lib/python3.10/site-packages/airflow/example_dags/example_branch_labels.py for tasks to queue
[2025-08-07T15:45:58.251+0700] {logging_mixin.py:154} INFO - [2025-08-07T15:45:58.250+0700] {dagbag.py:536} INFO - Filling up the DagBag from /home/dwmhr/pln/venv/lib/python3.10/site-packages/airflow/example_dags/example_branch_labels.py
[2025-08-07T15:45:58.268+0700] {processor.py:839} INFO - DAG(s) dict_keys(['example_branch_labels']) retrieved from /home/dwmhr/pln/venv/lib/python3.10/site-packages/airflow/example_dags/example_branch_labels.py
[2025-08-07T15:45:58.503+0700] {logging_mixin.py:154} INFO - [2025-08-07T15:45:58.503+0700] {manager.py:499} INFO - Created Permission View: %s
[2025-08-07T15:45:58.539+0700] {logging_mixin.py:154} INFO - [2025-08-07T15:45:58.538+0700] {manager.py:499} INFO - Created Permission View: %s
[2025-08-07T15:45:58.570+0700] {logging_mixin.py:154} INFO - [2025-08-07T15:45:58.570+0700] {manager.py:499} INFO - Created Permission View: %s
[2025-08-07T15:45:58.571+0700] {logging_mixin.py:154} INFO - [2025-08-07T15:45:58.571+0700] {dag.py:2941} INFO - Sync 1 DAGs
[2025-08-07T15:45:58.607+0700] {logging_mixin.py:154} INFO - [2025-08-07T15:45:58.607+0700] {dag.py:2963} INFO - Creating ORM DAG for example_branch_labels
[2025-08-07T15:45:58.637+0700] {logging_mixin.py:154} INFO - [2025-08-07T15:45:58.636+0700] {dag.py:3722} INFO - Setting next_dagrun for example_branch_labels to 2025-08-06T00:00:00+00:00, run_after=2025-08-07T00:00:00+00:00
[2025-08-07T15:45:58.686+0700] {processor.py:179} INFO - Processing /home/dwmhr/pln/venv/lib/python3.10/site-packages/airflow/example_dags/example_branch_labels.py took 0.446 seconds
[2025-08-07T15:46:56.672+0700] {processor.py:157} INFO - Started process (PID=113778) to work on /home/dwmhr/pln/venv/lib/python3.10/site-packages/airflow/example_dags/example_branch_labels.py
[2025-08-07T15:46:56.676+0700] {processor.py:829} INFO - Processing file /home/dwmhr/pln/venv/lib/python3.10/site-packages/airflow/example_dags/example_branch_labels.py for tasks to queue
[2025-08-07T15:46:56.678+0700] {logging_mixin.py:154} INFO - [2025-08-07T15:46:56.677+0700] {dagbag.py:536} INFO - Filling up the DagBag from /home/dwmhr/pln/venv/lib/python3.10/site-packages/airflow/example_dags/example_branch_labels.py
[2025-08-07T15:46:56.700+0700] {processor.py:839} INFO - DAG(s) dict_keys(['example_branch_labels']) retrieved from /home/dwmhr/pln/venv/lib/python3.10/site-packages/airflow/example_dags/example_branch_labels.py
[2025-08-07T15:46:56.751+0700] {logging_mixin.py:154} INFO - [2025-08-07T15:46:56.750+0700] {dag.py:2941} INFO - Sync 1 DAGs
[2025-08-07T15:46:56.807+0700] {logging_mixin.py:154} INFO - [2025-08-07T15:46:56.806+0700] {dag.py:3722} INFO - Setting next_dagrun for example_branch_labels to 2025-08-06T00:00:00+00:00, run_after=2025-08-07T00:00:00+00:00
[2025-08-07T15:46:56.872+0700] {processor.py:179} INFO - Processing /home/dwmhr/pln/venv/lib/python3.10/site-packages/airflow/example_dags/example_branch_labels.py took 0.208 seconds
[2025-08-07T15:47:48.857+0700] {processor.py:157} INFO - Started process (PID=114052) to work on /home/dwmhr/pln/venv/lib/python3.10/site-packages/airflow/example_dags/example_branch_labels.py
[2025-08-07T15:47:48.870+0700] {processor.py:829} INFO - Processing file /home/dwmhr/pln/venv/lib/python3.10/site-packages/airflow/example_dags/example_branch_labels.py for tasks to queue
[2025-08-07T15:47:48.871+0700] {logging_mixin.py:154} INFO - [2025-08-07T15:47:48.871+0700] {dagbag.py:536} INFO - Filling up the DagBag from /home/dwmhr/pln/venv/lib/python3.10/site-packages/airflow/example_dags/example_branch_labels.py
[2025-08-07T15:47:48.879+0700] {processor.py:839} INFO - DAG(s) dict_keys(['example_branch_labels']) retrieved from /home/dwmhr/pln/venv/lib/python3.10/site-packages/airflow/example_dags/example_branch_labels.py
[2025-08-07T15:47:48.898+0700] {logging_mixin.py:154} INFO - [2025-08-07T15:47:48.898+0700] {dag.py:2941} INFO - Sync 1 DAGs
[2025-08-07T15:47:48.919+0700] {logging_mixin.py:154} INFO - [2025-08-07T15:47:48.919+0700] {dag.py:3722} INFO - Setting next_dagrun for example_branch_labels to 2025-08-06T00:00:00+00:00, run_after=2025-08-07T00:00:00+00:00
[2025-08-07T15:47:48.941+0700] {processor.py:179} INFO - Processing /home/dwmhr/pln/venv/lib/python3.10/site-packages/airflow/example_dags/example_branch_labels.py took 0.088 seconds
[2025-08-07T15:48:50.254+0700] {processor.py:157} INFO - Started process (PID=114359) to work on /home/dwmhr/pln/venv/lib/python3.10/site-packages/airflow/example_dags/example_branch_labels.py
[2025-08-07T15:48:50.258+0700] {processor.py:829} INFO - Processing file /home/dwmhr/pln/venv/lib/python3.10/site-packages/airflow/example_dags/example_branch_labels.py for tasks to queue
[2025-08-07T15:48:50.261+0700] {logging_mixin.py:154} INFO - [2025-08-07T15:48:50.260+0700] {dagbag.py:536} INFO - Filling up the DagBag from /home/dwmhr/pln/venv/lib/python3.10/site-packages/airflow/example_dags/example_branch_labels.py
[2025-08-07T15:48:50.289+0700] {processor.py:839} INFO - DAG(s) dict_keys(['example_branch_labels']) retrieved from /home/dwmhr/pln/venv/lib/python3.10/site-packages/airflow/example_dags/example_branch_labels.py
[2025-08-07T15:48:50.364+0700] {logging_mixin.py:154} INFO - [2025-08-07T15:48:50.364+0700] {dag.py:2941} INFO - Sync 1 DAGs
[2025-08-07T15:48:50.439+0700] {logging_mixin.py:154} INFO - [2025-08-07T15:48:50.438+0700] {dag.py:3722} INFO - Setting next_dagrun for example_branch_labels to 2025-08-06T00:00:00+00:00, run_after=2025-08-07T00:00:00+00:00
[2025-08-07T15:48:50.533+0700] {processor.py:179} INFO - Processing /home/dwmhr/pln/venv/lib/python3.10/site-packages/airflow/example_dags/example_branch_labels.py took 0.290 seconds
[2025-08-07T15:49:58.145+0700] {processor.py:157} INFO - Started process (PID=114737) to work on /home/dwmhr/pln/venv/lib/python3.10/site-packages/airflow/example_dags/example_branch_labels.py
[2025-08-07T15:49:58.155+0700] {processor.py:829} INFO - Processing file /home/dwmhr/pln/venv/lib/python3.10/site-packages/airflow/example_dags/example_branch_labels.py for tasks to queue
[2025-08-07T15:49:58.165+0700] {logging_mixin.py:154} INFO - [2025-08-07T15:49:58.162+0700] {dagbag.py:536} INFO - Filling up the DagBag from /home/dwmhr/pln/venv/lib/python3.10/site-packages/airflow/example_dags/example_branch_labels.py
[2025-08-07T15:49:58.235+0700] {processor.py:839} INFO - DAG(s) dict_keys(['example_branch_labels']) retrieved from /home/dwmhr/pln/venv/lib/python3.10/site-packages/airflow/example_dags/example_branch_labels.py
[2025-08-07T15:49:58.399+0700] {logging_mixin.py:154} INFO - [2025-08-07T15:49:58.398+0700] {dag.py:2941} INFO - Sync 1 DAGs
[2025-08-07T15:49:58.509+0700] {logging_mixin.py:154} INFO - [2025-08-07T15:49:58.508+0700] {dag.py:3722} INFO - Setting next_dagrun for example_branch_labels to 2025-08-06T00:00:00+00:00, run_after=2025-08-07T00:00:00+00:00
[2025-08-07T15:49:58.622+0700] {processor.py:179} INFO - Processing /home/dwmhr/pln/venv/lib/python3.10/site-packages/airflow/example_dags/example_branch_labels.py took 0.506 seconds
[2025-08-07T15:51:19.237+0700] {processor.py:157} INFO - Started process (PID=115180) to work on /home/dwmhr/pln/venv/lib/python3.10/site-packages/airflow/example_dags/example_branch_labels.py
[2025-08-07T15:51:19.240+0700] {processor.py:829} INFO - Processing file /home/dwmhr/pln/venv/lib/python3.10/site-packages/airflow/example_dags/example_branch_labels.py for tasks to queue
[2025-08-07T15:51:19.242+0700] {logging_mixin.py:154} INFO - [2025-08-07T15:51:19.241+0700] {dagbag.py:536} INFO - Filling up the DagBag from /home/dwmhr/pln/venv/lib/python3.10/site-packages/airflow/example_dags/example_branch_labels.py
[2025-08-07T15:51:19.263+0700] {processor.py:839} INFO - DAG(s) dict_keys(['example_branch_labels']) retrieved from /home/dwmhr/pln/venv/lib/python3.10/site-packages/airflow/example_dags/example_branch_labels.py
[2025-08-07T15:51:19.305+0700] {logging_mixin.py:154} INFO - [2025-08-07T15:51:19.305+0700] {dag.py:2941} INFO - Sync 1 DAGs
[2025-08-07T15:51:19.351+0700] {logging_mixin.py:154} INFO - [2025-08-07T15:51:19.351+0700] {dag.py:3722} INFO - Setting next_dagrun for example_branch_labels to 2025-08-06T00:00:00+00:00, run_after=2025-08-07T00:00:00+00:00
[2025-08-07T15:51:19.398+0700] {processor.py:179} INFO - Processing /home/dwmhr/pln/venv/lib/python3.10/site-packages/airflow/example_dags/example_branch_labels.py took 0.169 seconds
[2025-08-07T15:53:40.374+0700] {processor.py:157} INFO - Started process (PID=115793) to work on /home/dwmhr/pln/venv/lib/python3.10/site-packages/airflow/example_dags/example_branch_labels.py
[2025-08-07T15:53:40.378+0700] {processor.py:829} INFO - Processing file /home/dwmhr/pln/venv/lib/python3.10/site-packages/airflow/example_dags/example_branch_labels.py for tasks to queue
[2025-08-07T15:53:40.381+0700] {logging_mixin.py:154} INFO - [2025-08-07T15:53:40.380+0700] {dagbag.py:536} INFO - Filling up the DagBag from /home/dwmhr/pln/venv/lib/python3.10/site-packages/airflow/example_dags/example_branch_labels.py
[2025-08-07T15:53:40.393+0700] {processor.py:839} INFO - DAG(s) dict_keys(['example_branch_labels']) retrieved from /home/dwmhr/pln/venv/lib/python3.10/site-packages/airflow/example_dags/example_branch_labels.py
[2025-08-07T15:53:40.426+0700] {logging_mixin.py:154} INFO - [2025-08-07T15:53:40.426+0700] {dag.py:2941} INFO - Sync 1 DAGs
[2025-08-07T15:53:40.483+0700] {logging_mixin.py:154} INFO - [2025-08-07T15:53:40.482+0700] {dag.py:3722} INFO - Setting next_dagrun for example_branch_labels to 2025-08-06T00:00:00+00:00, run_after=2025-08-07T00:00:00+00:00
[2025-08-07T15:53:40.553+0700] {processor.py:179} INFO - Processing /home/dwmhr/pln/venv/lib/python3.10/site-packages/airflow/example_dags/example_branch_labels.py took 0.185 seconds
[2025-08-07T15:55:20.973+0700] {processor.py:157} INFO - Started process (PID=116304) to work on /home/dwmhr/pln/venv/lib/python3.10/site-packages/airflow/example_dags/example_branch_labels.py
[2025-08-07T15:55:20.984+0700] {processor.py:829} INFO - Processing file /home/dwmhr/pln/venv/lib/python3.10/site-packages/airflow/example_dags/example_branch_labels.py for tasks to queue
[2025-08-07T15:55:20.986+0700] {logging_mixin.py:154} INFO - [2025-08-07T15:55:20.985+0700] {dagbag.py:536} INFO - Filling up the DagBag from /home/dwmhr/pln/venv/lib/python3.10/site-packages/airflow/example_dags/example_branch_labels.py
[2025-08-07T15:55:21.001+0700] {processor.py:839} INFO - DAG(s) dict_keys(['example_branch_labels']) retrieved from /home/dwmhr/pln/venv/lib/python3.10/site-packages/airflow/example_dags/example_branch_labels.py
[2025-08-07T15:55:21.039+0700] {logging_mixin.py:154} INFO - [2025-08-07T15:55:21.038+0700] {dag.py:2941} INFO - Sync 1 DAGs
[2025-08-07T15:55:21.076+0700] {logging_mixin.py:154} INFO - [2025-08-07T15:55:21.076+0700] {dag.py:3722} INFO - Setting next_dagrun for example_branch_labels to 2025-08-06T00:00:00+00:00, run_after=2025-08-07T00:00:00+00:00
[2025-08-07T15:55:21.104+0700] {processor.py:179} INFO - Processing /home/dwmhr/pln/venv/lib/python3.10/site-packages/airflow/example_dags/example_branch_labels.py took 0.137 seconds
[2025-08-07T15:56:43.412+0700] {processor.py:157} INFO - Started process (PID=116748) to work on /home/dwmhr/pln/venv/lib/python3.10/site-packages/airflow/example_dags/example_branch_labels.py
[2025-08-07T15:56:43.418+0700] {processor.py:829} INFO - Processing file /home/dwmhr/pln/venv/lib/python3.10/site-packages/airflow/example_dags/example_branch_labels.py for tasks to queue
[2025-08-07T15:56:43.424+0700] {logging_mixin.py:154} INFO - [2025-08-07T15:56:43.421+0700] {dagbag.py:536} INFO - Filling up the DagBag from /home/dwmhr/pln/venv/lib/python3.10/site-packages/airflow/example_dags/example_branch_labels.py
[2025-08-07T15:56:43.470+0700] {processor.py:839} INFO - DAG(s) dict_keys(['example_branch_labels']) retrieved from /home/dwmhr/pln/venv/lib/python3.10/site-packages/airflow/example_dags/example_branch_labels.py
[2025-08-07T15:56:43.588+0700] {logging_mixin.py:154} INFO - [2025-08-07T15:56:43.587+0700] {dag.py:2941} INFO - Sync 1 DAGs
[2025-08-07T15:56:43.684+0700] {logging_mixin.py:154} INFO - [2025-08-07T15:56:43.683+0700] {dag.py:3722} INFO - Setting next_dagrun for example_branch_labels to 2025-08-06T00:00:00+00:00, run_after=2025-08-07T00:00:00+00:00
[2025-08-07T15:56:43.817+0700] {processor.py:179} INFO - Processing /home/dwmhr/pln/venv/lib/python3.10/site-packages/airflow/example_dags/example_branch_labels.py took 0.424 seconds
[2025-08-07T15:57:48.140+0700] {processor.py:157} INFO - Started process (PID=117086) to work on /home/dwmhr/pln/venv/lib/python3.10/site-packages/airflow/example_dags/example_branch_labels.py
[2025-08-07T15:57:48.146+0700] {processor.py:829} INFO - Processing file /home/dwmhr/pln/venv/lib/python3.10/site-packages/airflow/example_dags/example_branch_labels.py for tasks to queue
[2025-08-07T15:57:48.148+0700] {logging_mixin.py:154} INFO - [2025-08-07T15:57:48.147+0700] {dagbag.py:536} INFO - Filling up the DagBag from /home/dwmhr/pln/venv/lib/python3.10/site-packages/airflow/example_dags/example_branch_labels.py
[2025-08-07T15:57:48.164+0700] {processor.py:839} INFO - DAG(s) dict_keys(['example_branch_labels']) retrieved from /home/dwmhr/pln/venv/lib/python3.10/site-packages/airflow/example_dags/example_branch_labels.py
[2025-08-07T15:57:48.203+0700] {logging_mixin.py:154} INFO - [2025-08-07T15:57:48.202+0700] {dag.py:2941} INFO - Sync 1 DAGs
[2025-08-07T15:57:48.249+0700] {logging_mixin.py:154} INFO - [2025-08-07T15:57:48.249+0700] {dag.py:3722} INFO - Setting next_dagrun for example_branch_labels to 2025-08-06T00:00:00+00:00, run_after=2025-08-07T00:00:00+00:00
[2025-08-07T15:57:48.295+0700] {processor.py:179} INFO - Processing /home/dwmhr/pln/venv/lib/python3.10/site-packages/airflow/example_dags/example_branch_labels.py took 0.164 seconds
[2025-08-07T16:00:21.603+0700] {processor.py:157} INFO - Started process (PID=117863) to work on /home/dwmhr/pln/venv/lib/python3.10/site-packages/airflow/example_dags/example_branch_labels.py
[2025-08-07T16:00:21.609+0700] {processor.py:829} INFO - Processing file /home/dwmhr/pln/venv/lib/python3.10/site-packages/airflow/example_dags/example_branch_labels.py for tasks to queue
[2025-08-07T16:00:21.610+0700] {logging_mixin.py:154} INFO - [2025-08-07T16:00:21.610+0700] {dagbag.py:536} INFO - Filling up the DagBag from /home/dwmhr/pln/venv/lib/python3.10/site-packages/airflow/example_dags/example_branch_labels.py
[2025-08-07T16:00:21.627+0700] {processor.py:839} INFO - DAG(s) dict_keys(['example_branch_labels']) retrieved from /home/dwmhr/pln/venv/lib/python3.10/site-packages/airflow/example_dags/example_branch_labels.py
[2025-08-07T16:00:21.669+0700] {logging_mixin.py:154} INFO - [2025-08-07T16:00:21.669+0700] {dag.py:2941} INFO - Sync 1 DAGs
[2025-08-07T16:00:21.723+0700] {logging_mixin.py:154} INFO - [2025-08-07T16:00:21.723+0700] {dag.py:3722} INFO - Setting next_dagrun for example_branch_labels to 2025-08-06T00:00:00+00:00, run_after=2025-08-07T00:00:00+00:00
[2025-08-07T16:00:21.767+0700] {processor.py:179} INFO - Processing /home/dwmhr/pln/venv/lib/python3.10/site-packages/airflow/example_dags/example_branch_labels.py took 0.172 seconds
[2025-08-07T16:04:31.560+0700] {processor.py:157} INFO - Started process (PID=119005) to work on /home/dwmhr/pln/venv/lib/python3.10/site-packages/airflow/example_dags/example_branch_labels.py
[2025-08-07T16:04:31.567+0700] {processor.py:829} INFO - Processing file /home/dwmhr/pln/venv/lib/python3.10/site-packages/airflow/example_dags/example_branch_labels.py for tasks to queue
[2025-08-07T16:04:31.571+0700] {logging_mixin.py:154} INFO - [2025-08-07T16:04:31.569+0700] {dagbag.py:536} INFO - Filling up the DagBag from /home/dwmhr/pln/venv/lib/python3.10/site-packages/airflow/example_dags/example_branch_labels.py
[2025-08-07T16:04:31.611+0700] {processor.py:839} INFO - DAG(s) dict_keys(['example_branch_labels']) retrieved from /home/dwmhr/pln/venv/lib/python3.10/site-packages/airflow/example_dags/example_branch_labels.py
[2025-08-07T16:04:31.710+0700] {logging_mixin.py:154} INFO - [2025-08-07T16:04:31.709+0700] {dag.py:2941} INFO - Sync 1 DAGs
[2025-08-07T16:04:31.913+0700] {logging_mixin.py:154} INFO - [2025-08-07T16:04:31.906+0700] {dag.py:3722} INFO - Setting next_dagrun for example_branch_labels to 2025-08-06T00:00:00+00:00, run_after=2025-08-07T00:00:00+00:00
[2025-08-07T16:04:32.086+0700] {processor.py:179} INFO - Processing /home/dwmhr/pln/venv/lib/python3.10/site-packages/airflow/example_dags/example_branch_labels.py took 0.545 seconds
[2025-08-07T16:05:27.921+0700] {processor.py:157} INFO - Started process (PID=119315) to work on /home/dwmhr/pln/venv/lib/python3.10/site-packages/airflow/example_dags/example_branch_labels.py
[2025-08-07T16:05:27.930+0700] {processor.py:829} INFO - Processing file /home/dwmhr/pln/venv/lib/python3.10/site-packages/airflow/example_dags/example_branch_labels.py for tasks to queue
[2025-08-07T16:05:27.931+0700] {logging_mixin.py:154} INFO - [2025-08-07T16:05:27.930+0700] {dagbag.py:536} INFO - Filling up the DagBag from /home/dwmhr/pln/venv/lib/python3.10/site-packages/airflow/example_dags/example_branch_labels.py
[2025-08-07T16:05:27.940+0700] {processor.py:839} INFO - DAG(s) dict_keys(['example_branch_labels']) retrieved from /home/dwmhr/pln/venv/lib/python3.10/site-packages/airflow/example_dags/example_branch_labels.py
[2025-08-07T16:05:27.960+0700] {logging_mixin.py:154} INFO - [2025-08-07T16:05:27.960+0700] {dag.py:2941} INFO - Sync 1 DAGs
[2025-08-07T16:05:27.979+0700] {logging_mixin.py:154} INFO - [2025-08-07T16:05:27.979+0700] {dag.py:3722} INFO - Setting next_dagrun for example_branch_labels to 2025-08-06T00:00:00+00:00, run_after=2025-08-07T00:00:00+00:00
[2025-08-07T16:05:28.009+0700] {processor.py:179} INFO - Processing /home/dwmhr/pln/venv/lib/python3.10/site-packages/airflow/example_dags/example_branch_labels.py took 0.092 seconds
[2025-08-07T16:06:54.139+0700] {processor.py:157} INFO - Started process (PID=119690) to work on /home/dwmhr/pln/venv/lib/python3.10/site-packages/airflow/example_dags/example_branch_labels.py
[2025-08-07T16:06:54.144+0700] {processor.py:829} INFO - Processing file /home/dwmhr/pln/venv/lib/python3.10/site-packages/airflow/example_dags/example_branch_labels.py for tasks to queue
[2025-08-07T16:06:54.147+0700] {logging_mixin.py:154} INFO - [2025-08-07T16:06:54.146+0700] {dagbag.py:536} INFO - Filling up the DagBag from /home/dwmhr/pln/venv/lib/python3.10/site-packages/airflow/example_dags/example_branch_labels.py
[2025-08-07T16:06:54.183+0700] {processor.py:839} INFO - DAG(s) dict_keys(['example_branch_labels']) retrieved from /home/dwmhr/pln/venv/lib/python3.10/site-packages/airflow/example_dags/example_branch_labels.py
[2025-08-07T16:06:54.253+0700] {logging_mixin.py:154} INFO - [2025-08-07T16:06:54.252+0700] {dag.py:2941} INFO - Sync 1 DAGs
[2025-08-07T16:06:54.313+0700] {logging_mixin.py:154} INFO - [2025-08-07T16:06:54.313+0700] {dag.py:3722} INFO - Setting next_dagrun for example_branch_labels to 2025-08-06T00:00:00+00:00, run_after=2025-08-07T00:00:00+00:00
[2025-08-07T16:06:54.375+0700] {processor.py:179} INFO - Processing /home/dwmhr/pln/venv/lib/python3.10/site-packages/airflow/example_dags/example_branch_labels.py took 0.249 seconds
[2025-08-07T16:08:05.808+0700] {processor.py:157} INFO - Started process (PID=120086) to work on /home/dwmhr/pln/venv/lib/python3.10/site-packages/airflow/example_dags/example_branch_labels.py
[2025-08-07T16:08:05.812+0700] {processor.py:829} INFO - Processing file /home/dwmhr/pln/venv/lib/python3.10/site-packages/airflow/example_dags/example_branch_labels.py for tasks to queue
[2025-08-07T16:08:05.814+0700] {logging_mixin.py:154} INFO - [2025-08-07T16:08:05.814+0700] {dagbag.py:536} INFO - Filling up the DagBag from /home/dwmhr/pln/venv/lib/python3.10/site-packages/airflow/example_dags/example_branch_labels.py
[2025-08-07T16:08:05.829+0700] {processor.py:839} INFO - DAG(s) dict_keys(['example_branch_labels']) retrieved from /home/dwmhr/pln/venv/lib/python3.10/site-packages/airflow/example_dags/example_branch_labels.py
[2025-08-07T16:08:05.860+0700] {logging_mixin.py:154} INFO - [2025-08-07T16:08:05.860+0700] {dag.py:2941} INFO - Sync 1 DAGs
[2025-08-07T16:08:05.891+0700] {logging_mixin.py:154} INFO - [2025-08-07T16:08:05.891+0700] {dag.py:3722} INFO - Setting next_dagrun for example_branch_labels to 2025-08-06T00:00:00+00:00, run_after=2025-08-07T00:00:00+00:00
[2025-08-07T16:08:05.938+0700] {processor.py:179} INFO - Processing /home/dwmhr/pln/venv/lib/python3.10/site-packages/airflow/example_dags/example_branch_labels.py took 0.136 seconds
[2025-08-07T16:09:20.599+0700] {processor.py:157} INFO - Started process (PID=120425) to work on /home/dwmhr/pln/venv/lib/python3.10/site-packages/airflow/example_dags/example_branch_labels.py
[2025-08-07T16:09:20.604+0700] {processor.py:829} INFO - Processing file /home/dwmhr/pln/venv/lib/python3.10/site-packages/airflow/example_dags/example_branch_labels.py for tasks to queue
[2025-08-07T16:09:20.606+0700] {logging_mixin.py:154} INFO - [2025-08-07T16:09:20.605+0700] {dagbag.py:536} INFO - Filling up the DagBag from /home/dwmhr/pln/venv/lib/python3.10/site-packages/airflow/example_dags/example_branch_labels.py
[2025-08-07T16:09:20.629+0700] {processor.py:839} INFO - DAG(s) dict_keys(['example_branch_labels']) retrieved from /home/dwmhr/pln/venv/lib/python3.10/site-packages/airflow/example_dags/example_branch_labels.py
[2025-08-07T16:09:20.684+0700] {logging_mixin.py:154} INFO - [2025-08-07T16:09:20.683+0700] {dag.py:2941} INFO - Sync 1 DAGs
[2025-08-07T16:09:20.742+0700] {logging_mixin.py:154} INFO - [2025-08-07T16:09:20.741+0700] {dag.py:3722} INFO - Setting next_dagrun for example_branch_labels to 2025-08-06T00:00:00+00:00, run_after=2025-08-07T00:00:00+00:00
[2025-08-07T16:09:20.931+0700] {processor.py:179} INFO - Processing /home/dwmhr/pln/venv/lib/python3.10/site-packages/airflow/example_dags/example_branch_labels.py took 0.340 seconds
[2025-08-07T16:10:38.399+0700] {processor.py:157} INFO - Started process (PID=120832) to work on /home/dwmhr/pln/venv/lib/python3.10/site-packages/airflow/example_dags/example_branch_labels.py
[2025-08-07T16:10:38.413+0700] {processor.py:829} INFO - Processing file /home/dwmhr/pln/venv/lib/python3.10/site-packages/airflow/example_dags/example_branch_labels.py for tasks to queue
[2025-08-07T16:10:38.414+0700] {logging_mixin.py:154} INFO - [2025-08-07T16:10:38.413+0700] {dagbag.py:536} INFO - Filling up the DagBag from /home/dwmhr/pln/venv/lib/python3.10/site-packages/airflow/example_dags/example_branch_labels.py
[2025-08-07T16:10:38.427+0700] {processor.py:839} INFO - DAG(s) dict_keys(['example_branch_labels']) retrieved from /home/dwmhr/pln/venv/lib/python3.10/site-packages/airflow/example_dags/example_branch_labels.py
[2025-08-07T16:10:38.454+0700] {logging_mixin.py:154} INFO - [2025-08-07T16:10:38.454+0700] {dag.py:2941} INFO - Sync 1 DAGs
[2025-08-07T16:10:38.485+0700] {logging_mixin.py:154} INFO - [2025-08-07T16:10:38.485+0700] {dag.py:3722} INFO - Setting next_dagrun for example_branch_labels to 2025-08-06T00:00:00+00:00, run_after=2025-08-07T00:00:00+00:00
[2025-08-07T16:10:38.534+0700] {processor.py:179} INFO - Processing /home/dwmhr/pln/venv/lib/python3.10/site-packages/airflow/example_dags/example_branch_labels.py took 0.140 seconds
[2025-08-07T16:11:33.251+0700] {processor.py:157} INFO - Started process (PID=121129) to work on /home/dwmhr/pln/venv/lib/python3.10/site-packages/airflow/example_dags/example_branch_labels.py
[2025-08-07T16:11:33.260+0700] {processor.py:829} INFO - Processing file /home/dwmhr/pln/venv/lib/python3.10/site-packages/airflow/example_dags/example_branch_labels.py for tasks to queue
[2025-08-07T16:11:33.261+0700] {logging_mixin.py:154} INFO - [2025-08-07T16:11:33.260+0700] {dagbag.py:536} INFO - Filling up the DagBag from /home/dwmhr/pln/venv/lib/python3.10/site-packages/airflow/example_dags/example_branch_labels.py
[2025-08-07T16:11:33.271+0700] {processor.py:839} INFO - DAG(s) dict_keys(['example_branch_labels']) retrieved from /home/dwmhr/pln/venv/lib/python3.10/site-packages/airflow/example_dags/example_branch_labels.py
[2025-08-07T16:11:33.295+0700] {logging_mixin.py:154} INFO - [2025-08-07T16:11:33.295+0700] {dag.py:2941} INFO - Sync 1 DAGs
[2025-08-07T16:11:33.322+0700] {logging_mixin.py:154} INFO - [2025-08-07T16:11:33.322+0700] {dag.py:3722} INFO - Setting next_dagrun for example_branch_labels to 2025-08-06T00:00:00+00:00, run_after=2025-08-07T00:00:00+00:00
[2025-08-07T16:11:33.356+0700] {processor.py:179} INFO - Processing /home/dwmhr/pln/venv/lib/python3.10/site-packages/airflow/example_dags/example_branch_labels.py took 0.110 seconds
[2025-08-07T16:12:44.493+0700] {processor.py:157} INFO - Started process (PID=121487) to work on /home/dwmhr/pln/venv/lib/python3.10/site-packages/airflow/example_dags/example_branch_labels.py
[2025-08-07T16:12:44.496+0700] {processor.py:829} INFO - Processing file /home/dwmhr/pln/venv/lib/python3.10/site-packages/airflow/example_dags/example_branch_labels.py for tasks to queue
[2025-08-07T16:12:44.498+0700] {logging_mixin.py:154} INFO - [2025-08-07T16:12:44.497+0700] {dagbag.py:536} INFO - Filling up the DagBag from /home/dwmhr/pln/venv/lib/python3.10/site-packages/airflow/example_dags/example_branch_labels.py
[2025-08-07T16:12:44.512+0700] {processor.py:839} INFO - DAG(s) dict_keys(['example_branch_labels']) retrieved from /home/dwmhr/pln/venv/lib/python3.10/site-packages/airflow/example_dags/example_branch_labels.py
[2025-08-07T16:12:44.556+0700] {logging_mixin.py:154} INFO - [2025-08-07T16:12:44.556+0700] {dag.py:2941} INFO - Sync 1 DAGs
[2025-08-07T16:12:44.593+0700] {logging_mixin.py:154} INFO - [2025-08-07T16:12:44.593+0700] {dag.py:3722} INFO - Setting next_dagrun for example_branch_labels to 2025-08-06T00:00:00+00:00, run_after=2025-08-07T00:00:00+00:00
[2025-08-07T16:12:44.632+0700] {processor.py:179} INFO - Processing /home/dwmhr/pln/venv/lib/python3.10/site-packages/airflow/example_dags/example_branch_labels.py took 0.144 seconds
[2025-08-07T16:13:55.910+0700] {processor.py:157} INFO - Started process (PID=121891) to work on /home/dwmhr/pln/venv/lib/python3.10/site-packages/airflow/example_dags/example_branch_labels.py
[2025-08-07T16:13:55.914+0700] {processor.py:829} INFO - Processing file /home/dwmhr/pln/venv/lib/python3.10/site-packages/airflow/example_dags/example_branch_labels.py for tasks to queue
[2025-08-07T16:13:55.917+0700] {logging_mixin.py:154} INFO - [2025-08-07T16:13:55.916+0700] {dagbag.py:536} INFO - Filling up the DagBag from /home/dwmhr/pln/venv/lib/python3.10/site-packages/airflow/example_dags/example_branch_labels.py
[2025-08-07T16:13:55.944+0700] {processor.py:839} INFO - DAG(s) dict_keys(['example_branch_labels']) retrieved from /home/dwmhr/pln/venv/lib/python3.10/site-packages/airflow/example_dags/example_branch_labels.py
[2025-08-07T16:13:55.995+0700] {logging_mixin.py:154} INFO - [2025-08-07T16:13:55.995+0700] {dag.py:2941} INFO - Sync 1 DAGs
[2025-08-07T16:13:56.053+0700] {logging_mixin.py:154} INFO - [2025-08-07T16:13:56.053+0700] {dag.py:3722} INFO - Setting next_dagrun for example_branch_labels to 2025-08-06T00:00:00+00:00, run_after=2025-08-07T00:00:00+00:00
[2025-08-07T16:13:56.122+0700] {processor.py:179} INFO - Processing /home/dwmhr/pln/venv/lib/python3.10/site-packages/airflow/example_dags/example_branch_labels.py took 0.223 seconds
[2025-08-07T16:14:57.621+0700] {processor.py:157} INFO - Started process (PID=122200) to work on /home/dwmhr/pln/venv/lib/python3.10/site-packages/airflow/example_dags/example_branch_labels.py
[2025-08-07T16:14:57.626+0700] {processor.py:829} INFO - Processing file /home/dwmhr/pln/venv/lib/python3.10/site-packages/airflow/example_dags/example_branch_labels.py for tasks to queue
[2025-08-07T16:14:57.629+0700] {logging_mixin.py:154} INFO - [2025-08-07T16:14:57.628+0700] {dagbag.py:536} INFO - Filling up the DagBag from /home/dwmhr/pln/venv/lib/python3.10/site-packages/airflow/example_dags/example_branch_labels.py
[2025-08-07T16:14:57.653+0700] {processor.py:839} INFO - DAG(s) dict_keys(['example_branch_labels']) retrieved from /home/dwmhr/pln/venv/lib/python3.10/site-packages/airflow/example_dags/example_branch_labels.py
[2025-08-07T16:14:57.731+0700] {logging_mixin.py:154} INFO - [2025-08-07T16:14:57.731+0700] {dag.py:2941} INFO - Sync 1 DAGs
[2025-08-07T16:14:57.802+0700] {logging_mixin.py:154} INFO - [2025-08-07T16:14:57.802+0700] {dag.py:3722} INFO - Setting next_dagrun for example_branch_labels to 2025-08-06T00:00:00+00:00, run_after=2025-08-07T00:00:00+00:00
[2025-08-07T16:14:57.881+0700] {processor.py:179} INFO - Processing /home/dwmhr/pln/venv/lib/python3.10/site-packages/airflow/example_dags/example_branch_labels.py took 0.270 seconds
[2025-08-07T16:16:09.823+0700] {processor.py:157} INFO - Started process (PID=122529) to work on /home/dwmhr/pln/venv/lib/python3.10/site-packages/airflow/example_dags/example_branch_labels.py
[2025-08-07T16:16:09.827+0700] {processor.py:829} INFO - Processing file /home/dwmhr/pln/venv/lib/python3.10/site-packages/airflow/example_dags/example_branch_labels.py for tasks to queue
[2025-08-07T16:16:09.830+0700] {logging_mixin.py:154} INFO - [2025-08-07T16:16:09.829+0700] {dagbag.py:536} INFO - Filling up the DagBag from /home/dwmhr/pln/venv/lib/python3.10/site-packages/airflow/example_dags/example_branch_labels.py
[2025-08-07T16:16:09.852+0700] {processor.py:839} INFO - DAG(s) dict_keys(['example_branch_labels']) retrieved from /home/dwmhr/pln/venv/lib/python3.10/site-packages/airflow/example_dags/example_branch_labels.py
[2025-08-07T16:16:09.895+0700] {logging_mixin.py:154} INFO - [2025-08-07T16:16:09.895+0700] {dag.py:2941} INFO - Sync 1 DAGs
[2025-08-07T16:16:09.957+0700] {logging_mixin.py:154} INFO - [2025-08-07T16:16:09.956+0700] {dag.py:3722} INFO - Setting next_dagrun for example_branch_labels to 2025-08-06T00:00:00+00:00, run_after=2025-08-07T00:00:00+00:00
[2025-08-07T16:16:10.020+0700] {processor.py:179} INFO - Processing /home/dwmhr/pln/venv/lib/python3.10/site-packages/airflow/example_dags/example_branch_labels.py took 0.212 seconds
[2025-08-07T16:17:09.308+0700] {processor.py:157} INFO - Started process (PID=122844) to work on /home/dwmhr/pln/venv/lib/python3.10/site-packages/airflow/example_dags/example_branch_labels.py
[2025-08-07T16:17:09.314+0700] {processor.py:829} INFO - Processing file /home/dwmhr/pln/venv/lib/python3.10/site-packages/airflow/example_dags/example_branch_labels.py for tasks to queue
[2025-08-07T16:17:09.319+0700] {logging_mixin.py:154} INFO - [2025-08-07T16:17:09.317+0700] {dagbag.py:536} INFO - Filling up the DagBag from /home/dwmhr/pln/venv/lib/python3.10/site-packages/airflow/example_dags/example_branch_labels.py
[2025-08-07T16:17:09.356+0700] {processor.py:839} INFO - DAG(s) dict_keys(['example_branch_labels']) retrieved from /home/dwmhr/pln/venv/lib/python3.10/site-packages/airflow/example_dags/example_branch_labels.py
[2025-08-07T16:17:09.454+0700] {logging_mixin.py:154} INFO - [2025-08-07T16:17:09.452+0700] {dag.py:2941} INFO - Sync 1 DAGs
[2025-08-07T16:17:09.533+0700] {logging_mixin.py:154} INFO - [2025-08-07T16:17:09.532+0700] {dag.py:3722} INFO - Setting next_dagrun for example_branch_labels to 2025-08-06T00:00:00+00:00, run_after=2025-08-07T00:00:00+00:00
[2025-08-07T16:17:09.626+0700] {processor.py:179} INFO - Processing /home/dwmhr/pln/venv/lib/python3.10/site-packages/airflow/example_dags/example_branch_labels.py took 0.331 seconds
[2025-08-07T16:18:40.186+0700] {processor.py:157} INFO - Started process (PID=123303) to work on /home/dwmhr/pln/venv/lib/python3.10/site-packages/airflow/example_dags/example_branch_labels.py
[2025-08-07T16:18:40.191+0700] {processor.py:829} INFO - Processing file /home/dwmhr/pln/venv/lib/python3.10/site-packages/airflow/example_dags/example_branch_labels.py for tasks to queue
[2025-08-07T16:18:40.192+0700] {logging_mixin.py:154} INFO - [2025-08-07T16:18:40.192+0700] {dagbag.py:536} INFO - Filling up the DagBag from /home/dwmhr/pln/venv/lib/python3.10/site-packages/airflow/example_dags/example_branch_labels.py
[2025-08-07T16:18:40.199+0700] {processor.py:839} INFO - DAG(s) dict_keys(['example_branch_labels']) retrieved from /home/dwmhr/pln/venv/lib/python3.10/site-packages/airflow/example_dags/example_branch_labels.py
[2025-08-07T16:18:40.212+0700] {logging_mixin.py:154} INFO - [2025-08-07T16:18:40.212+0700] {dag.py:2941} INFO - Sync 1 DAGs
[2025-08-07T16:18:40.225+0700] {logging_mixin.py:154} INFO - [2025-08-07T16:18:40.225+0700] {dag.py:3722} INFO - Setting next_dagrun for example_branch_labels to 2025-08-06T00:00:00+00:00, run_after=2025-08-07T00:00:00+00:00
[2025-08-07T16:18:40.242+0700] {processor.py:179} INFO - Processing /home/dwmhr/pln/venv/lib/python3.10/site-packages/airflow/example_dags/example_branch_labels.py took 0.059 seconds
[2025-08-07T16:27:30.675+0700] {processor.py:157} INFO - Started process (PID=125591) to work on /home/dwmhr/pln/venv/lib/python3.10/site-packages/airflow/example_dags/example_branch_labels.py
[2025-08-07T16:27:30.685+0700] {processor.py:829} INFO - Processing file /home/dwmhr/pln/venv/lib/python3.10/site-packages/airflow/example_dags/example_branch_labels.py for tasks to queue
[2025-08-07T16:27:30.686+0700] {logging_mixin.py:154} INFO - [2025-08-07T16:27:30.685+0700] {dagbag.py:536} INFO - Filling up the DagBag from /home/dwmhr/pln/venv/lib/python3.10/site-packages/airflow/example_dags/example_branch_labels.py
[2025-08-07T16:27:30.695+0700] {processor.py:839} INFO - DAG(s) dict_keys(['example_branch_labels']) retrieved from /home/dwmhr/pln/venv/lib/python3.10/site-packages/airflow/example_dags/example_branch_labels.py
[2025-08-07T16:27:30.719+0700] {logging_mixin.py:154} INFO - [2025-08-07T16:27:30.719+0700] {dag.py:2941} INFO - Sync 1 DAGs
[2025-08-07T16:27:30.855+0700] {logging_mixin.py:154} INFO - [2025-08-07T16:27:30.855+0700] {dag.py:3722} INFO - Setting next_dagrun for example_branch_labels to 2025-08-06T00:00:00+00:00, run_after=2025-08-07T00:00:00+00:00
[2025-08-07T16:27:30.879+0700] {processor.py:179} INFO - Processing /home/dwmhr/pln/venv/lib/python3.10/site-packages/airflow/example_dags/example_branch_labels.py took 0.208 seconds
[2025-08-07T16:28:52.212+0700] {processor.py:157} INFO - Started process (PID=125987) to work on /home/dwmhr/pln/venv/lib/python3.10/site-packages/airflow/example_dags/example_branch_labels.py
[2025-08-07T16:28:52.220+0700] {processor.py:829} INFO - Processing file /home/dwmhr/pln/venv/lib/python3.10/site-packages/airflow/example_dags/example_branch_labels.py for tasks to queue
[2025-08-07T16:28:52.221+0700] {logging_mixin.py:154} INFO - [2025-08-07T16:28:52.220+0700] {dagbag.py:536} INFO - Filling up the DagBag from /home/dwmhr/pln/venv/lib/python3.10/site-packages/airflow/example_dags/example_branch_labels.py
[2025-08-07T16:28:52.231+0700] {processor.py:839} INFO - DAG(s) dict_keys(['example_branch_labels']) retrieved from /home/dwmhr/pln/venv/lib/python3.10/site-packages/airflow/example_dags/example_branch_labels.py
[2025-08-07T16:28:52.252+0700] {logging_mixin.py:154} INFO - [2025-08-07T16:28:52.252+0700] {dag.py:2941} INFO - Sync 1 DAGs
[2025-08-07T16:28:52.274+0700] {logging_mixin.py:154} INFO - [2025-08-07T16:28:52.274+0700] {dag.py:3722} INFO - Setting next_dagrun for example_branch_labels to 2025-08-06T00:00:00+00:00, run_after=2025-08-07T00:00:00+00:00
[2025-08-07T16:28:52.305+0700] {processor.py:179} INFO - Processing /home/dwmhr/pln/venv/lib/python3.10/site-packages/airflow/example_dags/example_branch_labels.py took 0.098 seconds
[2025-08-07T16:29:51.585+0700] {processor.py:157} INFO - Started process (PID=126274) to work on /home/dwmhr/pln/venv/lib/python3.10/site-packages/airflow/example_dags/example_branch_labels.py
[2025-08-07T16:29:51.590+0700] {processor.py:829} INFO - Processing file /home/dwmhr/pln/venv/lib/python3.10/site-packages/airflow/example_dags/example_branch_labels.py for tasks to queue
[2025-08-07T16:29:51.595+0700] {logging_mixin.py:154} INFO - [2025-08-07T16:29:51.593+0700] {dagbag.py:536} INFO - Filling up the DagBag from /home/dwmhr/pln/venv/lib/python3.10/site-packages/airflow/example_dags/example_branch_labels.py
[2025-08-07T16:29:51.643+0700] {processor.py:839} INFO - DAG(s) dict_keys(['example_branch_labels']) retrieved from /home/dwmhr/pln/venv/lib/python3.10/site-packages/airflow/example_dags/example_branch_labels.py
[2025-08-07T16:29:51.828+0700] {logging_mixin.py:154} INFO - [2025-08-07T16:29:51.826+0700] {dag.py:2941} INFO - Sync 1 DAGs
[2025-08-07T16:29:52.050+0700] {logging_mixin.py:154} INFO - [2025-08-07T16:29:52.048+0700] {dag.py:3722} INFO - Setting next_dagrun for example_branch_labels to 2025-08-06T00:00:00+00:00, run_after=2025-08-07T00:00:00+00:00
[2025-08-07T16:29:52.163+0700] {processor.py:179} INFO - Processing /home/dwmhr/pln/venv/lib/python3.10/site-packages/airflow/example_dags/example_branch_labels.py took 0.624 seconds
[2025-08-07T16:30:51.475+0700] {processor.py:157} INFO - Started process (PID=126577) to work on /home/dwmhr/pln/venv/lib/python3.10/site-packages/airflow/example_dags/example_branch_labels.py
[2025-08-07T16:30:51.479+0700] {processor.py:829} INFO - Processing file /home/dwmhr/pln/venv/lib/python3.10/site-packages/airflow/example_dags/example_branch_labels.py for tasks to queue
[2025-08-07T16:30:51.480+0700] {logging_mixin.py:154} INFO - [2025-08-07T16:30:51.480+0700] {dagbag.py:536} INFO - Filling up the DagBag from /home/dwmhr/pln/venv/lib/python3.10/site-packages/airflow/example_dags/example_branch_labels.py
[2025-08-07T16:30:51.490+0700] {processor.py:839} INFO - DAG(s) dict_keys(['example_branch_labels']) retrieved from /home/dwmhr/pln/venv/lib/python3.10/site-packages/airflow/example_dags/example_branch_labels.py
[2025-08-07T16:30:51.511+0700] {logging_mixin.py:154} INFO - [2025-08-07T16:30:51.511+0700] {dag.py:2941} INFO - Sync 1 DAGs
[2025-08-07T16:30:51.531+0700] {logging_mixin.py:154} INFO - [2025-08-07T16:30:51.531+0700] {dag.py:3722} INFO - Setting next_dagrun for example_branch_labels to 2025-08-06T00:00:00+00:00, run_after=2025-08-07T00:00:00+00:00
[2025-08-07T16:30:51.555+0700] {processor.py:179} INFO - Processing /home/dwmhr/pln/venv/lib/python3.10/site-packages/airflow/example_dags/example_branch_labels.py took 0.084 seconds
[2025-08-07T16:31:54.998+0700] {processor.py:157} INFO - Started process (PID=126868) to work on /home/dwmhr/pln/venv/lib/python3.10/site-packages/airflow/example_dags/example_branch_labels.py
[2025-08-07T16:31:55.003+0700] {processor.py:829} INFO - Processing file /home/dwmhr/pln/venv/lib/python3.10/site-packages/airflow/example_dags/example_branch_labels.py for tasks to queue
[2025-08-07T16:31:55.005+0700] {logging_mixin.py:154} INFO - [2025-08-07T16:31:55.004+0700] {dagbag.py:536} INFO - Filling up the DagBag from /home/dwmhr/pln/venv/lib/python3.10/site-packages/airflow/example_dags/example_branch_labels.py
[2025-08-07T16:31:55.032+0700] {processor.py:839} INFO - DAG(s) dict_keys(['example_branch_labels']) retrieved from /home/dwmhr/pln/venv/lib/python3.10/site-packages/airflow/example_dags/example_branch_labels.py
[2025-08-07T16:31:55.088+0700] {logging_mixin.py:154} INFO - [2025-08-07T16:31:55.088+0700] {dag.py:2941} INFO - Sync 1 DAGs
[2025-08-07T16:31:55.150+0700] {logging_mixin.py:154} INFO - [2025-08-07T16:31:55.149+0700] {dag.py:3722} INFO - Setting next_dagrun for example_branch_labels to 2025-08-06T00:00:00+00:00, run_after=2025-08-07T00:00:00+00:00
[2025-08-07T16:31:55.204+0700] {processor.py:179} INFO - Processing /home/dwmhr/pln/venv/lib/python3.10/site-packages/airflow/example_dags/example_branch_labels.py took 0.213 seconds
[2025-08-07T16:34:00.709+0700] {processor.py:157} INFO - Started process (PID=127365) to work on /home/dwmhr/pln/venv/lib/python3.10/site-packages/airflow/example_dags/example_branch_labels.py
[2025-08-07T16:34:00.714+0700] {processor.py:829} INFO - Processing file /home/dwmhr/pln/venv/lib/python3.10/site-packages/airflow/example_dags/example_branch_labels.py for tasks to queue
[2025-08-07T16:34:00.718+0700] {logging_mixin.py:154} INFO - [2025-08-07T16:34:00.716+0700] {dagbag.py:536} INFO - Filling up the DagBag from /home/dwmhr/pln/venv/lib/python3.10/site-packages/airflow/example_dags/example_branch_labels.py
[2025-08-07T16:34:00.738+0700] {processor.py:839} INFO - DAG(s) dict_keys(['example_branch_labels']) retrieved from /home/dwmhr/pln/venv/lib/python3.10/site-packages/airflow/example_dags/example_branch_labels.py
[2025-08-07T16:34:00.781+0700] {logging_mixin.py:154} INFO - [2025-08-07T16:34:00.781+0700] {dag.py:2941} INFO - Sync 1 DAGs
[2025-08-07T16:34:00.825+0700] {logging_mixin.py:154} INFO - [2025-08-07T16:34:00.824+0700] {dag.py:3722} INFO - Setting next_dagrun for example_branch_labels to 2025-08-06T00:00:00+00:00, run_after=2025-08-07T00:00:00+00:00
[2025-08-07T16:34:00.896+0700] {processor.py:179} INFO - Processing /home/dwmhr/pln/venv/lib/python3.10/site-packages/airflow/example_dags/example_branch_labels.py took 0.197 seconds
[2025-08-07T16:35:10.726+0700] {processor.py:157} INFO - Started process (PID=127660) to work on /home/dwmhr/pln/venv/lib/python3.10/site-packages/airflow/example_dags/example_branch_labels.py
[2025-08-07T16:35:10.732+0700] {processor.py:829} INFO - Processing file /home/dwmhr/pln/venv/lib/python3.10/site-packages/airflow/example_dags/example_branch_labels.py for tasks to queue
[2025-08-07T16:35:10.734+0700] {logging_mixin.py:154} INFO - [2025-08-07T16:35:10.733+0700] {dagbag.py:536} INFO - Filling up the DagBag from /home/dwmhr/pln/venv/lib/python3.10/site-packages/airflow/example_dags/example_branch_labels.py
[2025-08-07T16:35:10.754+0700] {processor.py:839} INFO - DAG(s) dict_keys(['example_branch_labels']) retrieved from /home/dwmhr/pln/venv/lib/python3.10/site-packages/airflow/example_dags/example_branch_labels.py
[2025-08-07T16:35:10.802+0700] {logging_mixin.py:154} INFO - [2025-08-07T16:35:10.801+0700] {dag.py:2941} INFO - Sync 1 DAGs
[2025-08-07T16:35:10.844+0700] {logging_mixin.py:154} INFO - [2025-08-07T16:35:10.844+0700] {dag.py:3722} INFO - Setting next_dagrun for example_branch_labels to 2025-08-06T00:00:00+00:00, run_after=2025-08-07T00:00:00+00:00
[2025-08-07T16:35:10.901+0700] {processor.py:179} INFO - Processing /home/dwmhr/pln/venv/lib/python3.10/site-packages/airflow/example_dags/example_branch_labels.py took 0.183 seconds
[2025-08-07T16:36:14.651+0700] {processor.py:157} INFO - Started process (PID=127950) to work on /home/dwmhr/pln/venv/lib/python3.10/site-packages/airflow/example_dags/example_branch_labels.py
[2025-08-07T16:36:14.652+0700] {processor.py:829} INFO - Processing file /home/dwmhr/pln/venv/lib/python3.10/site-packages/airflow/example_dags/example_branch_labels.py for tasks to queue
[2025-08-07T16:36:14.653+0700] {logging_mixin.py:154} INFO - [2025-08-07T16:36:14.653+0700] {dagbag.py:536} INFO - Filling up the DagBag from /home/dwmhr/pln/venv/lib/python3.10/site-packages/airflow/example_dags/example_branch_labels.py
[2025-08-07T16:36:14.660+0700] {processor.py:839} INFO - DAG(s) dict_keys(['example_branch_labels']) retrieved from /home/dwmhr/pln/venv/lib/python3.10/site-packages/airflow/example_dags/example_branch_labels.py
[2025-08-07T16:36:14.676+0700] {logging_mixin.py:154} INFO - [2025-08-07T16:36:14.676+0700] {dag.py:2941} INFO - Sync 1 DAGs
[2025-08-07T16:36:14.693+0700] {logging_mixin.py:154} INFO - [2025-08-07T16:36:14.693+0700] {dag.py:3722} INFO - Setting next_dagrun for example_branch_labels to 2025-08-06T00:00:00+00:00, run_after=2025-08-07T00:00:00+00:00
[2025-08-07T16:36:14.713+0700] {processor.py:179} INFO - Processing /home/dwmhr/pln/venv/lib/python3.10/site-packages/airflow/example_dags/example_branch_labels.py took 0.066 seconds
[2025-08-07T16:37:11.171+0700] {processor.py:157} INFO - Started process (PID=128193) to work on /home/dwmhr/pln/venv/lib/python3.10/site-packages/airflow/example_dags/example_branch_labels.py
[2025-08-07T16:37:11.175+0700] {processor.py:829} INFO - Processing file /home/dwmhr/pln/venv/lib/python3.10/site-packages/airflow/example_dags/example_branch_labels.py for tasks to queue
[2025-08-07T16:37:11.177+0700] {logging_mixin.py:154} INFO - [2025-08-07T16:37:11.176+0700] {dagbag.py:536} INFO - Filling up the DagBag from /home/dwmhr/pln/venv/lib/python3.10/site-packages/airflow/example_dags/example_branch_labels.py
[2025-08-07T16:37:11.196+0700] {processor.py:839} INFO - DAG(s) dict_keys(['example_branch_labels']) retrieved from /home/dwmhr/pln/venv/lib/python3.10/site-packages/airflow/example_dags/example_branch_labels.py
[2025-08-07T16:37:11.241+0700] {logging_mixin.py:154} INFO - [2025-08-07T16:37:11.241+0700] {dag.py:2941} INFO - Sync 1 DAGs
[2025-08-07T16:37:11.304+0700] {logging_mixin.py:154} INFO - [2025-08-07T16:37:11.303+0700] {dag.py:3722} INFO - Setting next_dagrun for example_branch_labels to 2025-08-06T00:00:00+00:00, run_after=2025-08-07T00:00:00+00:00
[2025-08-07T16:37:11.366+0700] {processor.py:179} INFO - Processing /home/dwmhr/pln/venv/lib/python3.10/site-packages/airflow/example_dags/example_branch_labels.py took 0.204 seconds
[2025-08-07T16:38:11.149+0700] {processor.py:157} INFO - Started process (PID=128435) to work on /home/dwmhr/pln/venv/lib/python3.10/site-packages/airflow/example_dags/example_branch_labels.py
[2025-08-07T16:38:11.152+0700] {processor.py:829} INFO - Processing file /home/dwmhr/pln/venv/lib/python3.10/site-packages/airflow/example_dags/example_branch_labels.py for tasks to queue
[2025-08-07T16:38:11.153+0700] {logging_mixin.py:154} INFO - [2025-08-07T16:38:11.153+0700] {dagbag.py:536} INFO - Filling up the DagBag from /home/dwmhr/pln/venv/lib/python3.10/site-packages/airflow/example_dags/example_branch_labels.py
[2025-08-07T16:38:11.168+0700] {processor.py:839} INFO - DAG(s) dict_keys(['example_branch_labels']) retrieved from /home/dwmhr/pln/venv/lib/python3.10/site-packages/airflow/example_dags/example_branch_labels.py
[2025-08-07T16:38:11.200+0700] {logging_mixin.py:154} INFO - [2025-08-07T16:38:11.200+0700] {dag.py:2941} INFO - Sync 1 DAGs
[2025-08-07T16:38:11.234+0700] {logging_mixin.py:154} INFO - [2025-08-07T16:38:11.234+0700] {dag.py:3722} INFO - Setting next_dagrun for example_branch_labels to 2025-08-06T00:00:00+00:00, run_after=2025-08-07T00:00:00+00:00
[2025-08-07T16:38:11.284+0700] {processor.py:179} INFO - Processing /home/dwmhr/pln/venv/lib/python3.10/site-packages/airflow/example_dags/example_branch_labels.py took 0.142 seconds
[2025-08-07T16:39:12.259+0700] {processor.py:157} INFO - Started process (PID=128674) to work on /home/dwmhr/pln/venv/lib/python3.10/site-packages/airflow/example_dags/example_branch_labels.py
[2025-08-07T16:39:12.261+0700] {processor.py:829} INFO - Processing file /home/dwmhr/pln/venv/lib/python3.10/site-packages/airflow/example_dags/example_branch_labels.py for tasks to queue
[2025-08-07T16:39:12.262+0700] {logging_mixin.py:154} INFO - [2025-08-07T16:39:12.262+0700] {dagbag.py:536} INFO - Filling up the DagBag from /home/dwmhr/pln/venv/lib/python3.10/site-packages/airflow/example_dags/example_branch_labels.py
[2025-08-07T16:39:12.275+0700] {processor.py:839} INFO - DAG(s) dict_keys(['example_branch_labels']) retrieved from /home/dwmhr/pln/venv/lib/python3.10/site-packages/airflow/example_dags/example_branch_labels.py
[2025-08-07T16:39:12.300+0700] {logging_mixin.py:154} INFO - [2025-08-07T16:39:12.300+0700] {dag.py:2941} INFO - Sync 1 DAGs
[2025-08-07T16:39:12.325+0700] {logging_mixin.py:154} INFO - [2025-08-07T16:39:12.324+0700] {dag.py:3722} INFO - Setting next_dagrun for example_branch_labels to 2025-08-06T00:00:00+00:00, run_after=2025-08-07T00:00:00+00:00
[2025-08-07T16:39:12.364+0700] {processor.py:179} INFO - Processing /home/dwmhr/pln/venv/lib/python3.10/site-packages/airflow/example_dags/example_branch_labels.py took 0.110 seconds
[2025-08-07T16:40:54.072+0700] {processor.py:157} INFO - Started process (PID=129095) to work on /home/dwmhr/pln/venv/lib/python3.10/site-packages/airflow/example_dags/example_branch_labels.py
[2025-08-07T16:40:54.074+0700] {processor.py:829} INFO - Processing file /home/dwmhr/pln/venv/lib/python3.10/site-packages/airflow/example_dags/example_branch_labels.py for tasks to queue
[2025-08-07T16:40:54.074+0700] {logging_mixin.py:154} INFO - [2025-08-07T16:40:54.074+0700] {dagbag.py:536} INFO - Filling up the DagBag from /home/dwmhr/pln/venv/lib/python3.10/site-packages/airflow/example_dags/example_branch_labels.py
[2025-08-07T16:40:54.081+0700] {processor.py:839} INFO - DAG(s) dict_keys(['example_branch_labels']) retrieved from /home/dwmhr/pln/venv/lib/python3.10/site-packages/airflow/example_dags/example_branch_labels.py
[2025-08-07T16:40:54.095+0700] {logging_mixin.py:154} INFO - [2025-08-07T16:40:54.095+0700] {dag.py:2941} INFO - Sync 1 DAGs
[2025-08-07T16:40:54.108+0700] {logging_mixin.py:154} INFO - [2025-08-07T16:40:54.108+0700] {dag.py:3722} INFO - Setting next_dagrun for example_branch_labels to 2025-08-06T00:00:00+00:00, run_after=2025-08-07T00:00:00+00:00
[2025-08-07T16:40:54.127+0700] {processor.py:179} INFO - Processing /home/dwmhr/pln/venv/lib/python3.10/site-packages/airflow/example_dags/example_branch_labels.py took 0.057 seconds
[2025-08-07T16:41:49.469+0700] {processor.py:157} INFO - Started process (PID=129319) to work on /home/dwmhr/pln/venv/lib/python3.10/site-packages/airflow/example_dags/example_branch_labels.py
[2025-08-07T16:41:49.471+0700] {processor.py:829} INFO - Processing file /home/dwmhr/pln/venv/lib/python3.10/site-packages/airflow/example_dags/example_branch_labels.py for tasks to queue
[2025-08-07T16:41:49.473+0700] {logging_mixin.py:154} INFO - [2025-08-07T16:41:49.472+0700] {dagbag.py:536} INFO - Filling up the DagBag from /home/dwmhr/pln/venv/lib/python3.10/site-packages/airflow/example_dags/example_branch_labels.py
[2025-08-07T16:41:49.485+0700] {processor.py:839} INFO - DAG(s) dict_keys(['example_branch_labels']) retrieved from /home/dwmhr/pln/venv/lib/python3.10/site-packages/airflow/example_dags/example_branch_labels.py
[2025-08-07T16:41:49.516+0700] {logging_mixin.py:154} INFO - [2025-08-07T16:41:49.515+0700] {dag.py:2941} INFO - Sync 1 DAGs
[2025-08-07T16:41:49.551+0700] {logging_mixin.py:154} INFO - [2025-08-07T16:41:49.551+0700] {dag.py:3722} INFO - Setting next_dagrun for example_branch_labels to 2025-08-06T00:00:00+00:00, run_after=2025-08-07T00:00:00+00:00
[2025-08-07T16:41:49.596+0700] {processor.py:179} INFO - Processing /home/dwmhr/pln/venv/lib/python3.10/site-packages/airflow/example_dags/example_branch_labels.py took 0.132 seconds
[2025-08-07T16:42:57.841+0700] {processor.py:157} INFO - Started process (PID=129598) to work on /home/dwmhr/pln/venv/lib/python3.10/site-packages/airflow/example_dags/example_branch_labels.py
[2025-08-07T16:42:57.845+0700] {processor.py:829} INFO - Processing file /home/dwmhr/pln/venv/lib/python3.10/site-packages/airflow/example_dags/example_branch_labels.py for tasks to queue
[2025-08-07T16:42:57.848+0700] {logging_mixin.py:154} INFO - [2025-08-07T16:42:57.847+0700] {dagbag.py:536} INFO - Filling up the DagBag from /home/dwmhr/pln/venv/lib/python3.10/site-packages/airflow/example_dags/example_branch_labels.py
[2025-08-07T16:42:57.892+0700] {processor.py:839} INFO - DAG(s) dict_keys(['example_branch_labels']) retrieved from /home/dwmhr/pln/venv/lib/python3.10/site-packages/airflow/example_dags/example_branch_labels.py
[2025-08-07T16:42:57.980+0700] {logging_mixin.py:154} INFO - [2025-08-07T16:42:57.980+0700] {dag.py:2941} INFO - Sync 1 DAGs
[2025-08-07T16:42:58.085+0700] {logging_mixin.py:154} INFO - [2025-08-07T16:42:58.084+0700] {dag.py:3722} INFO - Setting next_dagrun for example_branch_labels to 2025-08-06T00:00:00+00:00, run_after=2025-08-07T00:00:00+00:00
[2025-08-07T16:42:58.182+0700] {processor.py:179} INFO - Processing /home/dwmhr/pln/venv/lib/python3.10/site-packages/airflow/example_dags/example_branch_labels.py took 0.353 seconds
[2025-08-07T16:43:56.871+0700] {processor.py:157} INFO - Started process (PID=129851) to work on /home/dwmhr/pln/venv/lib/python3.10/site-packages/airflow/example_dags/example_branch_labels.py
[2025-08-07T16:43:56.880+0700] {processor.py:829} INFO - Processing file /home/dwmhr/pln/venv/lib/python3.10/site-packages/airflow/example_dags/example_branch_labels.py for tasks to queue
[2025-08-07T16:43:56.881+0700] {logging_mixin.py:154} INFO - [2025-08-07T16:43:56.880+0700] {dagbag.py:536} INFO - Filling up the DagBag from /home/dwmhr/pln/venv/lib/python3.10/site-packages/airflow/example_dags/example_branch_labels.py
[2025-08-07T16:43:56.890+0700] {processor.py:839} INFO - DAG(s) dict_keys(['example_branch_labels']) retrieved from /home/dwmhr/pln/venv/lib/python3.10/site-packages/airflow/example_dags/example_branch_labels.py
[2025-08-07T16:43:56.912+0700] {logging_mixin.py:154} INFO - [2025-08-07T16:43:56.912+0700] {dag.py:2941} INFO - Sync 1 DAGs
[2025-08-07T16:43:56.934+0700] {logging_mixin.py:154} INFO - [2025-08-07T16:43:56.934+0700] {dag.py:3722} INFO - Setting next_dagrun for example_branch_labels to 2025-08-06T00:00:00+00:00, run_after=2025-08-07T00:00:00+00:00
[2025-08-07T16:43:56.962+0700] {processor.py:179} INFO - Processing /home/dwmhr/pln/venv/lib/python3.10/site-packages/airflow/example_dags/example_branch_labels.py took 0.096 seconds
[2025-08-07T16:44:57.420+0700] {processor.py:157} INFO - Started process (PID=130119) to work on /home/dwmhr/pln/venv/lib/python3.10/site-packages/airflow/example_dags/example_branch_labels.py
[2025-08-07T16:44:57.422+0700] {processor.py:829} INFO - Processing file /home/dwmhr/pln/venv/lib/python3.10/site-packages/airflow/example_dags/example_branch_labels.py for tasks to queue
[2025-08-07T16:44:57.423+0700] {logging_mixin.py:154} INFO - [2025-08-07T16:44:57.423+0700] {dagbag.py:536} INFO - Filling up the DagBag from /home/dwmhr/pln/venv/lib/python3.10/site-packages/airflow/example_dags/example_branch_labels.py
[2025-08-07T16:44:57.433+0700] {processor.py:839} INFO - DAG(s) dict_keys(['example_branch_labels']) retrieved from /home/dwmhr/pln/venv/lib/python3.10/site-packages/airflow/example_dags/example_branch_labels.py
[2025-08-07T16:44:57.453+0700] {logging_mixin.py:154} INFO - [2025-08-07T16:44:57.453+0700] {dag.py:2941} INFO - Sync 1 DAGs
[2025-08-07T16:44:57.473+0700] {logging_mixin.py:154} INFO - [2025-08-07T16:44:57.473+0700] {dag.py:3722} INFO - Setting next_dagrun for example_branch_labels to 2025-08-06T00:00:00+00:00, run_after=2025-08-07T00:00:00+00:00
[2025-08-07T16:44:57.502+0700] {processor.py:179} INFO - Processing /home/dwmhr/pln/venv/lib/python3.10/site-packages/airflow/example_dags/example_branch_labels.py took 0.086 seconds
[2025-08-07T16:46:02.098+0700] {processor.py:157} INFO - Started process (PID=130431) to work on /home/dwmhr/pln/venv/lib/python3.10/site-packages/airflow/example_dags/example_branch_labels.py
[2025-08-07T16:46:02.121+0700] {processor.py:829} INFO - Processing file /home/dwmhr/pln/venv/lib/python3.10/site-packages/airflow/example_dags/example_branch_labels.py for tasks to queue
[2025-08-07T16:46:02.131+0700] {logging_mixin.py:154} INFO - [2025-08-07T16:46:02.126+0700] {dagbag.py:536} INFO - Filling up the DagBag from /home/dwmhr/pln/venv/lib/python3.10/site-packages/airflow/example_dags/example_branch_labels.py
[2025-08-07T16:46:02.209+0700] {processor.py:839} INFO - DAG(s) dict_keys(['example_branch_labels']) retrieved from /home/dwmhr/pln/venv/lib/python3.10/site-packages/airflow/example_dags/example_branch_labels.py
[2025-08-07T16:46:02.555+0700] {logging_mixin.py:154} INFO - [2025-08-07T16:46:02.554+0700] {dag.py:2941} INFO - Sync 1 DAGs
[2025-08-07T16:46:02.716+0700] {logging_mixin.py:154} INFO - [2025-08-07T16:46:02.715+0700] {dag.py:3722} INFO - Setting next_dagrun for example_branch_labels to 2025-08-06T00:00:00+00:00, run_after=2025-08-07T00:00:00+00:00
[2025-08-07T16:46:02.849+0700] {processor.py:179} INFO - Processing /home/dwmhr/pln/venv/lib/python3.10/site-packages/airflow/example_dags/example_branch_labels.py took 0.831 seconds
[2025-08-07T16:47:15.426+0700] {processor.py:157} INFO - Started process (PID=130742) to work on /home/dwmhr/pln/venv/lib/python3.10/site-packages/airflow/example_dags/example_branch_labels.py
[2025-08-07T16:47:15.427+0700] {processor.py:829} INFO - Processing file /home/dwmhr/pln/venv/lib/python3.10/site-packages/airflow/example_dags/example_branch_labels.py for tasks to queue
[2025-08-07T16:47:15.428+0700] {logging_mixin.py:154} INFO - [2025-08-07T16:47:15.428+0700] {dagbag.py:536} INFO - Filling up the DagBag from /home/dwmhr/pln/venv/lib/python3.10/site-packages/airflow/example_dags/example_branch_labels.py
[2025-08-07T16:47:15.434+0700] {processor.py:839} INFO - DAG(s) dict_keys(['example_branch_labels']) retrieved from /home/dwmhr/pln/venv/lib/python3.10/site-packages/airflow/example_dags/example_branch_labels.py
[2025-08-07T16:47:15.447+0700] {logging_mixin.py:154} INFO - [2025-08-07T16:47:15.447+0700] {dag.py:2941} INFO - Sync 1 DAGs
[2025-08-07T16:47:15.460+0700] {logging_mixin.py:154} INFO - [2025-08-07T16:47:15.459+0700] {dag.py:3722} INFO - Setting next_dagrun for example_branch_labels to 2025-08-06T00:00:00+00:00, run_after=2025-08-07T00:00:00+00:00
[2025-08-07T16:47:15.477+0700] {processor.py:179} INFO - Processing /home/dwmhr/pln/venv/lib/python3.10/site-packages/airflow/example_dags/example_branch_labels.py took 0.054 seconds
[2025-08-07T16:48:29.225+0700] {processor.py:157} INFO - Started process (PID=131041) to work on /home/dwmhr/pln/venv/lib/python3.10/site-packages/airflow/example_dags/example_branch_labels.py
[2025-08-07T16:48:29.230+0700] {processor.py:829} INFO - Processing file /home/dwmhr/pln/venv/lib/python3.10/site-packages/airflow/example_dags/example_branch_labels.py for tasks to queue
[2025-08-07T16:48:29.234+0700] {logging_mixin.py:154} INFO - [2025-08-07T16:48:29.232+0700] {dagbag.py:536} INFO - Filling up the DagBag from /home/dwmhr/pln/venv/lib/python3.10/site-packages/airflow/example_dags/example_branch_labels.py
[2025-08-07T16:48:29.274+0700] {processor.py:839} INFO - DAG(s) dict_keys(['example_branch_labels']) retrieved from /home/dwmhr/pln/venv/lib/python3.10/site-packages/airflow/example_dags/example_branch_labels.py
[2025-08-07T16:48:29.391+0700] {logging_mixin.py:154} INFO - [2025-08-07T16:48:29.390+0700] {dag.py:2941} INFO - Sync 1 DAGs
[2025-08-07T16:48:29.487+0700] {logging_mixin.py:154} INFO - [2025-08-07T16:48:29.486+0700] {dag.py:3722} INFO - Setting next_dagrun for example_branch_labels to 2025-08-06T00:00:00+00:00, run_after=2025-08-07T00:00:00+00:00
[2025-08-07T16:48:29.564+0700] {processor.py:179} INFO - Processing /home/dwmhr/pln/venv/lib/python3.10/site-packages/airflow/example_dags/example_branch_labels.py took 0.355 seconds
[2025-08-07T16:49:17.237+0700] {processor.py:157} INFO - Started process (PID=131259) to work on /home/dwmhr/pln/venv/lib/python3.10/site-packages/airflow/example_dags/example_branch_labels.py
[2025-08-07T16:49:17.239+0700] {processor.py:829} INFO - Processing file /home/dwmhr/pln/venv/lib/python3.10/site-packages/airflow/example_dags/example_branch_labels.py for tasks to queue
[2025-08-07T16:49:17.240+0700] {logging_mixin.py:154} INFO - [2025-08-07T16:49:17.239+0700] {dagbag.py:536} INFO - Filling up the DagBag from /home/dwmhr/pln/venv/lib/python3.10/site-packages/airflow/example_dags/example_branch_labels.py
[2025-08-07T16:49:17.251+0700] {processor.py:839} INFO - DAG(s) dict_keys(['example_branch_labels']) retrieved from /home/dwmhr/pln/venv/lib/python3.10/site-packages/airflow/example_dags/example_branch_labels.py
[2025-08-07T16:49:17.274+0700] {logging_mixin.py:154} INFO - [2025-08-07T16:49:17.273+0700] {dag.py:2941} INFO - Sync 1 DAGs
[2025-08-07T16:49:17.297+0700] {logging_mixin.py:154} INFO - [2025-08-07T16:49:17.297+0700] {dag.py:3722} INFO - Setting next_dagrun for example_branch_labels to 2025-08-06T00:00:00+00:00, run_after=2025-08-07T00:00:00+00:00
[2025-08-07T16:49:17.326+0700] {processor.py:179} INFO - Processing /home/dwmhr/pln/venv/lib/python3.10/site-packages/airflow/example_dags/example_branch_labels.py took 0.094 seconds
