[2025-08-07T15:45:48.641+0700] {processor.py:157} INFO - Started process (PID=113420) to work on /home/dwmhr/pln/venv/lib/python3.10/site-packages/airflow/example_dags/example_dynamic_task_mapping_with_no_taskflow_operators.py
[2025-08-07T15:45:48.645+0700] {processor.py:829} INFO - Processing file /home/dwmhr/pln/venv/lib/python3.10/site-packages/airflow/example_dags/example_dynamic_task_mapping_with_no_taskflow_operators.py for tasks to queue
[2025-08-07T15:45:48.649+0700] {logging_mixin.py:154} INFO - [2025-08-07T15:45:48.648+0700] {dagbag.py:536} INFO - Filling up the DagBag from /home/dwmhr/pln/venv/lib/python3.10/site-packages/airflow/example_dags/example_dynamic_task_mapping_with_no_taskflow_operators.py
[2025-08-07T15:45:48.684+0700] {processor.py:839} INFO - DAG(s) dict_keys(['example_dynamic_task_mapping_with_no_taskflow_operators']) retrieved from /home/dwmhr/pln/venv/lib/python3.10/site-packages/airflow/example_dags/example_dynamic_task_mapping_with_no_taskflow_operators.py
[2025-08-07T15:45:49.077+0700] {logging_mixin.py:154} INFO - [2025-08-07T15:45:49.076+0700] {manager.py:499} INFO - Created Permission View: %s
[2025-08-07T15:45:49.149+0700] {logging_mixin.py:154} INFO - [2025-08-07T15:45:49.148+0700] {manager.py:499} INFO - Created Permission View: %s
[2025-08-07T15:45:49.234+0700] {logging_mixin.py:154} INFO - [2025-08-07T15:45:49.233+0700] {manager.py:499} INFO - Created Permission View: %s
[2025-08-07T15:45:49.236+0700] {logging_mixin.py:154} INFO - [2025-08-07T15:45:49.236+0700] {dag.py:2941} INFO - Sync 1 DAGs
[2025-08-07T15:45:49.297+0700] {logging_mixin.py:154} INFO - [2025-08-07T15:45:49.296+0700] {dag.py:2963} INFO - Creating ORM DAG for example_dynamic_task_mapping_with_no_taskflow_operators
[2025-08-07T15:45:49.335+0700] {logging_mixin.py:154} INFO - [2025-08-07T15:45:49.334+0700] {dag.py:3722} INFO - Setting next_dagrun for example_dynamic_task_mapping_with_no_taskflow_operators to 2025-08-06T08:45:49.333555+00:00, run_after=2025-08-07T08:45:49.333555+00:00
[2025-08-07T15:45:49.438+0700] {processor.py:179} INFO - Processing /home/dwmhr/pln/venv/lib/python3.10/site-packages/airflow/example_dags/example_dynamic_task_mapping_with_no_taskflow_operators.py took 0.811 seconds
[2025-08-07T15:46:45.575+0700] {processor.py:157} INFO - Started process (PID=113726) to work on /home/dwmhr/pln/venv/lib/python3.10/site-packages/airflow/example_dags/example_dynamic_task_mapping_with_no_taskflow_operators.py
[2025-08-07T15:46:45.578+0700] {processor.py:829} INFO - Processing file /home/dwmhr/pln/venv/lib/python3.10/site-packages/airflow/example_dags/example_dynamic_task_mapping_with_no_taskflow_operators.py for tasks to queue
[2025-08-07T15:46:45.581+0700] {logging_mixin.py:154} INFO - [2025-08-07T15:46:45.580+0700] {dagbag.py:536} INFO - Filling up the DagBag from /home/dwmhr/pln/venv/lib/python3.10/site-packages/airflow/example_dags/example_dynamic_task_mapping_with_no_taskflow_operators.py
[2025-08-07T15:46:45.601+0700] {processor.py:839} INFO - DAG(s) dict_keys(['example_dynamic_task_mapping_with_no_taskflow_operators']) retrieved from /home/dwmhr/pln/venv/lib/python3.10/site-packages/airflow/example_dags/example_dynamic_task_mapping_with_no_taskflow_operators.py
[2025-08-07T15:46:45.642+0700] {logging_mixin.py:154} INFO - [2025-08-07T15:46:45.641+0700] {dag.py:2941} INFO - Sync 1 DAGs
[2025-08-07T15:46:45.693+0700] {logging_mixin.py:154} INFO - [2025-08-07T15:46:45.692+0700] {dag.py:3722} INFO - Setting next_dagrun for example_dynamic_task_mapping_with_no_taskflow_operators to 2025-08-06T08:46:45.692277+00:00, run_after=2025-08-07T08:46:45.692277+00:00
[2025-08-07T15:46:45.750+0700] {processor.py:179} INFO - Processing /home/dwmhr/pln/venv/lib/python3.10/site-packages/airflow/example_dags/example_dynamic_task_mapping_with_no_taskflow_operators.py took 0.190 seconds
[2025-08-07T15:47:41.410+0700] {processor.py:157} INFO - Started process (PID=114026) to work on /home/dwmhr/pln/venv/lib/python3.10/site-packages/airflow/example_dags/example_dynamic_task_mapping_with_no_taskflow_operators.py
[2025-08-07T15:47:41.423+0700] {processor.py:829} INFO - Processing file /home/dwmhr/pln/venv/lib/python3.10/site-packages/airflow/example_dags/example_dynamic_task_mapping_with_no_taskflow_operators.py for tasks to queue
[2025-08-07T15:47:41.425+0700] {logging_mixin.py:154} INFO - [2025-08-07T15:47:41.424+0700] {dagbag.py:536} INFO - Filling up the DagBag from /home/dwmhr/pln/venv/lib/python3.10/site-packages/airflow/example_dags/example_dynamic_task_mapping_with_no_taskflow_operators.py
[2025-08-07T15:47:41.440+0700] {processor.py:839} INFO - DAG(s) dict_keys(['example_dynamic_task_mapping_with_no_taskflow_operators']) retrieved from /home/dwmhr/pln/venv/lib/python3.10/site-packages/airflow/example_dags/example_dynamic_task_mapping_with_no_taskflow_operators.py
[2025-08-07T15:47:41.476+0700] {logging_mixin.py:154} INFO - [2025-08-07T15:47:41.475+0700] {dag.py:2941} INFO - Sync 1 DAGs
[2025-08-07T15:47:41.519+0700] {logging_mixin.py:154} INFO - [2025-08-07T15:47:41.519+0700] {dag.py:3722} INFO - Setting next_dagrun for example_dynamic_task_mapping_with_no_taskflow_operators to 2025-08-06T08:47:41.518929+00:00, run_after=2025-08-07T08:47:41.518929+00:00
[2025-08-07T15:47:41.571+0700] {processor.py:179} INFO - Processing /home/dwmhr/pln/venv/lib/python3.10/site-packages/airflow/example_dags/example_dynamic_task_mapping_with_no_taskflow_operators.py took 0.169 seconds
[2025-08-07T15:48:36.226+0700] {processor.py:157} INFO - Started process (PID=114316) to work on /home/dwmhr/pln/venv/lib/python3.10/site-packages/airflow/example_dags/example_dynamic_task_mapping_with_no_taskflow_operators.py
[2025-08-07T15:48:36.239+0700] {processor.py:829} INFO - Processing file /home/dwmhr/pln/venv/lib/python3.10/site-packages/airflow/example_dags/example_dynamic_task_mapping_with_no_taskflow_operators.py for tasks to queue
[2025-08-07T15:48:36.240+0700] {logging_mixin.py:154} INFO - [2025-08-07T15:48:36.240+0700] {dagbag.py:536} INFO - Filling up the DagBag from /home/dwmhr/pln/venv/lib/python3.10/site-packages/airflow/example_dags/example_dynamic_task_mapping_with_no_taskflow_operators.py
[2025-08-07T15:48:36.247+0700] {processor.py:839} INFO - DAG(s) dict_keys(['example_dynamic_task_mapping_with_no_taskflow_operators']) retrieved from /home/dwmhr/pln/venv/lib/python3.10/site-packages/airflow/example_dags/example_dynamic_task_mapping_with_no_taskflow_operators.py
[2025-08-07T15:48:36.260+0700] {logging_mixin.py:154} INFO - [2025-08-07T15:48:36.259+0700] {dag.py:2941} INFO - Sync 1 DAGs
[2025-08-07T15:48:36.272+0700] {logging_mixin.py:154} INFO - [2025-08-07T15:48:36.272+0700] {dag.py:3722} INFO - Setting next_dagrun for example_dynamic_task_mapping_with_no_taskflow_operators to 2025-08-06T08:48:36.272485+00:00, run_after=2025-08-07T08:48:36.272485+00:00
[2025-08-07T15:48:36.288+0700] {processor.py:179} INFO - Processing /home/dwmhr/pln/venv/lib/python3.10/site-packages/airflow/example_dags/example_dynamic_task_mapping_with_no_taskflow_operators.py took 0.064 seconds
[2025-08-07T15:49:48.616+0700] {processor.py:157} INFO - Started process (PID=114669) to work on /home/dwmhr/pln/venv/lib/python3.10/site-packages/airflow/example_dags/example_dynamic_task_mapping_with_no_taskflow_operators.py
[2025-08-07T15:49:48.620+0700] {processor.py:829} INFO - Processing file /home/dwmhr/pln/venv/lib/python3.10/site-packages/airflow/example_dags/example_dynamic_task_mapping_with_no_taskflow_operators.py for tasks to queue
[2025-08-07T15:49:48.623+0700] {logging_mixin.py:154} INFO - [2025-08-07T15:49:48.622+0700] {dagbag.py:536} INFO - Filling up the DagBag from /home/dwmhr/pln/venv/lib/python3.10/site-packages/airflow/example_dags/example_dynamic_task_mapping_with_no_taskflow_operators.py
[2025-08-07T15:49:48.654+0700] {processor.py:839} INFO - DAG(s) dict_keys(['example_dynamic_task_mapping_with_no_taskflow_operators']) retrieved from /home/dwmhr/pln/venv/lib/python3.10/site-packages/airflow/example_dags/example_dynamic_task_mapping_with_no_taskflow_operators.py
[2025-08-07T15:49:48.720+0700] {logging_mixin.py:154} INFO - [2025-08-07T15:49:48.719+0700] {dag.py:2941} INFO - Sync 1 DAGs
[2025-08-07T15:49:48.792+0700] {logging_mixin.py:154} INFO - [2025-08-07T15:49:48.791+0700] {dag.py:3722} INFO - Setting next_dagrun for example_dynamic_task_mapping_with_no_taskflow_operators to 2025-08-06T08:49:48.790642+00:00, run_after=2025-08-07T08:49:48.790642+00:00
[2025-08-07T15:49:48.914+0700] {processor.py:179} INFO - Processing /home/dwmhr/pln/venv/lib/python3.10/site-packages/airflow/example_dags/example_dynamic_task_mapping_with_no_taskflow_operators.py took 0.309 seconds
[2025-08-07T15:51:11.099+0700] {processor.py:157} INFO - Started process (PID=115118) to work on /home/dwmhr/pln/venv/lib/python3.10/site-packages/airflow/example_dags/example_dynamic_task_mapping_with_no_taskflow_operators.py
[2025-08-07T15:51:11.107+0700] {processor.py:829} INFO - Processing file /home/dwmhr/pln/venv/lib/python3.10/site-packages/airflow/example_dags/example_dynamic_task_mapping_with_no_taskflow_operators.py for tasks to queue
[2025-08-07T15:51:11.111+0700] {logging_mixin.py:154} INFO - [2025-08-07T15:51:11.109+0700] {dagbag.py:536} INFO - Filling up the DagBag from /home/dwmhr/pln/venv/lib/python3.10/site-packages/airflow/example_dags/example_dynamic_task_mapping_with_no_taskflow_operators.py
[2025-08-07T15:51:11.150+0700] {processor.py:839} INFO - DAG(s) dict_keys(['example_dynamic_task_mapping_with_no_taskflow_operators']) retrieved from /home/dwmhr/pln/venv/lib/python3.10/site-packages/airflow/example_dags/example_dynamic_task_mapping_with_no_taskflow_operators.py
[2025-08-07T15:51:11.216+0700] {logging_mixin.py:154} INFO - [2025-08-07T15:51:11.216+0700] {dag.py:2941} INFO - Sync 1 DAGs
[2025-08-07T15:51:11.277+0700] {logging_mixin.py:154} INFO - [2025-08-07T15:51:11.277+0700] {dag.py:3722} INFO - Setting next_dagrun for example_dynamic_task_mapping_with_no_taskflow_operators to 2025-08-06T08:51:11.276371+00:00, run_after=2025-08-07T08:51:11.276371+00:00
[2025-08-07T15:51:11.377+0700] {processor.py:179} INFO - Processing /home/dwmhr/pln/venv/lib/python3.10/site-packages/airflow/example_dags/example_dynamic_task_mapping_with_no_taskflow_operators.py took 0.290 seconds
[2025-08-07T15:53:31.684+0700] {processor.py:157} INFO - Started process (PID=115778) to work on /home/dwmhr/pln/venv/lib/python3.10/site-packages/airflow/example_dags/example_dynamic_task_mapping_with_no_taskflow_operators.py
[2025-08-07T15:53:31.692+0700] {processor.py:829} INFO - Processing file /home/dwmhr/pln/venv/lib/python3.10/site-packages/airflow/example_dags/example_dynamic_task_mapping_with_no_taskflow_operators.py for tasks to queue
[2025-08-07T15:53:31.693+0700] {logging_mixin.py:154} INFO - [2025-08-07T15:53:31.693+0700] {dagbag.py:536} INFO - Filling up the DagBag from /home/dwmhr/pln/venv/lib/python3.10/site-packages/airflow/example_dags/example_dynamic_task_mapping_with_no_taskflow_operators.py
[2025-08-07T15:53:31.699+0700] {processor.py:839} INFO - DAG(s) dict_keys(['example_dynamic_task_mapping_with_no_taskflow_operators']) retrieved from /home/dwmhr/pln/venv/lib/python3.10/site-packages/airflow/example_dags/example_dynamic_task_mapping_with_no_taskflow_operators.py
[2025-08-07T15:53:31.715+0700] {logging_mixin.py:154} INFO - [2025-08-07T15:53:31.715+0700] {dag.py:2941} INFO - Sync 1 DAGs
[2025-08-07T15:53:31.732+0700] {logging_mixin.py:154} INFO - [2025-08-07T15:53:31.732+0700] {dag.py:3722} INFO - Setting next_dagrun for example_dynamic_task_mapping_with_no_taskflow_operators to 2025-08-06T08:53:31.732401+00:00, run_after=2025-08-07T08:53:31.732401+00:00
[2025-08-07T15:53:31.751+0700] {processor.py:179} INFO - Processing /home/dwmhr/pln/venv/lib/python3.10/site-packages/airflow/example_dags/example_dynamic_task_mapping_with_no_taskflow_operators.py took 0.070 seconds
[2025-08-07T15:55:11.320+0700] {processor.py:157} INFO - Started process (PID=116246) to work on /home/dwmhr/pln/venv/lib/python3.10/site-packages/airflow/example_dags/example_dynamic_task_mapping_with_no_taskflow_operators.py
[2025-08-07T15:55:11.325+0700] {processor.py:829} INFO - Processing file /home/dwmhr/pln/venv/lib/python3.10/site-packages/airflow/example_dags/example_dynamic_task_mapping_with_no_taskflow_operators.py for tasks to queue
[2025-08-07T15:55:11.328+0700] {logging_mixin.py:154} INFO - [2025-08-07T15:55:11.327+0700] {dagbag.py:536} INFO - Filling up the DagBag from /home/dwmhr/pln/venv/lib/python3.10/site-packages/airflow/example_dags/example_dynamic_task_mapping_with_no_taskflow_operators.py
[2025-08-07T15:55:11.366+0700] {processor.py:839} INFO - DAG(s) dict_keys(['example_dynamic_task_mapping_with_no_taskflow_operators']) retrieved from /home/dwmhr/pln/venv/lib/python3.10/site-packages/airflow/example_dags/example_dynamic_task_mapping_with_no_taskflow_operators.py
[2025-08-07T15:55:11.435+0700] {logging_mixin.py:154} INFO - [2025-08-07T15:55:11.434+0700] {dag.py:2941} INFO - Sync 1 DAGs
[2025-08-07T15:55:11.525+0700] {logging_mixin.py:154} INFO - [2025-08-07T15:55:11.524+0700] {dag.py:3722} INFO - Setting next_dagrun for example_dynamic_task_mapping_with_no_taskflow_operators to 2025-08-06T08:55:11.523298+00:00, run_after=2025-08-07T08:55:11.523298+00:00
[2025-08-07T15:55:11.618+0700] {processor.py:179} INFO - Processing /home/dwmhr/pln/venv/lib/python3.10/site-packages/airflow/example_dags/example_dynamic_task_mapping_with_no_taskflow_operators.py took 0.310 seconds
[2025-08-07T15:56:34.316+0700] {processor.py:157} INFO - Started process (PID=116681) to work on /home/dwmhr/pln/venv/lib/python3.10/site-packages/airflow/example_dags/example_dynamic_task_mapping_with_no_taskflow_operators.py
[2025-08-07T15:56:34.319+0700] {processor.py:829} INFO - Processing file /home/dwmhr/pln/venv/lib/python3.10/site-packages/airflow/example_dags/example_dynamic_task_mapping_with_no_taskflow_operators.py for tasks to queue
[2025-08-07T15:56:34.321+0700] {logging_mixin.py:154} INFO - [2025-08-07T15:56:34.320+0700] {dagbag.py:536} INFO - Filling up the DagBag from /home/dwmhr/pln/venv/lib/python3.10/site-packages/airflow/example_dags/example_dynamic_task_mapping_with_no_taskflow_operators.py
[2025-08-07T15:56:34.342+0700] {processor.py:839} INFO - DAG(s) dict_keys(['example_dynamic_task_mapping_with_no_taskflow_operators']) retrieved from /home/dwmhr/pln/venv/lib/python3.10/site-packages/airflow/example_dags/example_dynamic_task_mapping_with_no_taskflow_operators.py
[2025-08-07T15:56:34.380+0700] {logging_mixin.py:154} INFO - [2025-08-07T15:56:34.379+0700] {dag.py:2941} INFO - Sync 1 DAGs
[2025-08-07T15:56:34.422+0700] {logging_mixin.py:154} INFO - [2025-08-07T15:56:34.422+0700] {dag.py:3722} INFO - Setting next_dagrun for example_dynamic_task_mapping_with_no_taskflow_operators to 2025-08-06T08:56:34.422008+00:00, run_after=2025-08-07T08:56:34.422008+00:00
[2025-08-07T15:56:34.469+0700] {processor.py:179} INFO - Processing /home/dwmhr/pln/venv/lib/python3.10/site-packages/airflow/example_dags/example_dynamic_task_mapping_with_no_taskflow_operators.py took 0.163 seconds
[2025-08-07T15:57:37.841+0700] {processor.py:157} INFO - Started process (PID=117040) to work on /home/dwmhr/pln/venv/lib/python3.10/site-packages/airflow/example_dags/example_dynamic_task_mapping_with_no_taskflow_operators.py
[2025-08-07T15:57:37.844+0700] {processor.py:829} INFO - Processing file /home/dwmhr/pln/venv/lib/python3.10/site-packages/airflow/example_dags/example_dynamic_task_mapping_with_no_taskflow_operators.py for tasks to queue
[2025-08-07T15:57:37.845+0700] {logging_mixin.py:154} INFO - [2025-08-07T15:57:37.845+0700] {dagbag.py:536} INFO - Filling up the DagBag from /home/dwmhr/pln/venv/lib/python3.10/site-packages/airflow/example_dags/example_dynamic_task_mapping_with_no_taskflow_operators.py
[2025-08-07T15:57:37.861+0700] {processor.py:839} INFO - DAG(s) dict_keys(['example_dynamic_task_mapping_with_no_taskflow_operators']) retrieved from /home/dwmhr/pln/venv/lib/python3.10/site-packages/airflow/example_dags/example_dynamic_task_mapping_with_no_taskflow_operators.py
[2025-08-07T15:57:37.890+0700] {logging_mixin.py:154} INFO - [2025-08-07T15:57:37.889+0700] {dag.py:2941} INFO - Sync 1 DAGs
[2025-08-07T15:57:37.929+0700] {logging_mixin.py:154} INFO - [2025-08-07T15:57:37.928+0700] {dag.py:3722} INFO - Setting next_dagrun for example_dynamic_task_mapping_with_no_taskflow_operators to 2025-08-06T08:57:37.927906+00:00, run_after=2025-08-07T08:57:37.927906+00:00
[2025-08-07T15:57:37.979+0700] {processor.py:179} INFO - Processing /home/dwmhr/pln/venv/lib/python3.10/site-packages/airflow/example_dags/example_dynamic_task_mapping_with_no_taskflow_operators.py took 0.146 seconds
[2025-08-07T16:00:09.373+0700] {processor.py:157} INFO - Started process (PID=117804) to work on /home/dwmhr/pln/venv/lib/python3.10/site-packages/airflow/example_dags/example_dynamic_task_mapping_with_no_taskflow_operators.py
[2025-08-07T16:00:09.378+0700] {processor.py:829} INFO - Processing file /home/dwmhr/pln/venv/lib/python3.10/site-packages/airflow/example_dags/example_dynamic_task_mapping_with_no_taskflow_operators.py for tasks to queue
[2025-08-07T16:00:09.381+0700] {logging_mixin.py:154} INFO - [2025-08-07T16:00:09.380+0700] {dagbag.py:536} INFO - Filling up the DagBag from /home/dwmhr/pln/venv/lib/python3.10/site-packages/airflow/example_dags/example_dynamic_task_mapping_with_no_taskflow_operators.py
[2025-08-07T16:00:09.415+0700] {processor.py:839} INFO - DAG(s) dict_keys(['example_dynamic_task_mapping_with_no_taskflow_operators']) retrieved from /home/dwmhr/pln/venv/lib/python3.10/site-packages/airflow/example_dags/example_dynamic_task_mapping_with_no_taskflow_operators.py
[2025-08-07T16:00:09.512+0700] {logging_mixin.py:154} INFO - [2025-08-07T16:00:09.512+0700] {dag.py:2941} INFO - Sync 1 DAGs
[2025-08-07T16:00:09.583+0700] {logging_mixin.py:154} INFO - [2025-08-07T16:00:09.583+0700] {dag.py:3722} INFO - Setting next_dagrun for example_dynamic_task_mapping_with_no_taskflow_operators to 2025-08-06T09:00:09.581882+00:00, run_after=2025-08-07T09:00:09.581882+00:00
[2025-08-07T16:00:09.666+0700] {processor.py:179} INFO - Processing /home/dwmhr/pln/venv/lib/python3.10/site-packages/airflow/example_dags/example_dynamic_task_mapping_with_no_taskflow_operators.py took 0.304 seconds
[2025-08-07T16:04:20.447+0700] {processor.py:157} INFO - Started process (PID=118940) to work on /home/dwmhr/pln/venv/lib/python3.10/site-packages/airflow/example_dags/example_dynamic_task_mapping_with_no_taskflow_operators.py
[2025-08-07T16:04:20.454+0700] {processor.py:829} INFO - Processing file /home/dwmhr/pln/venv/lib/python3.10/site-packages/airflow/example_dags/example_dynamic_task_mapping_with_no_taskflow_operators.py for tasks to queue
[2025-08-07T16:04:20.458+0700] {logging_mixin.py:154} INFO - [2025-08-07T16:04:20.456+0700] {dagbag.py:536} INFO - Filling up the DagBag from /home/dwmhr/pln/venv/lib/python3.10/site-packages/airflow/example_dags/example_dynamic_task_mapping_with_no_taskflow_operators.py
[2025-08-07T16:04:20.486+0700] {processor.py:839} INFO - DAG(s) dict_keys(['example_dynamic_task_mapping_with_no_taskflow_operators']) retrieved from /home/dwmhr/pln/venv/lib/python3.10/site-packages/airflow/example_dags/example_dynamic_task_mapping_with_no_taskflow_operators.py
[2025-08-07T16:04:20.565+0700] {logging_mixin.py:154} INFO - [2025-08-07T16:04:20.563+0700] {dag.py:2941} INFO - Sync 1 DAGs
[2025-08-07T16:04:20.656+0700] {logging_mixin.py:154} INFO - [2025-08-07T16:04:20.655+0700] {dag.py:3722} INFO - Setting next_dagrun for example_dynamic_task_mapping_with_no_taskflow_operators to 2025-08-06T09:04:20.653148+00:00, run_after=2025-08-07T09:04:20.653148+00:00
[2025-08-07T16:04:20.771+0700] {processor.py:179} INFO - Processing /home/dwmhr/pln/venv/lib/python3.10/site-packages/airflow/example_dags/example_dynamic_task_mapping_with_no_taskflow_operators.py took 0.343 seconds
[2025-08-07T16:05:20.025+0700] {processor.py:157} INFO - Started process (PID=119277) to work on /home/dwmhr/pln/venv/lib/python3.10/site-packages/airflow/example_dags/example_dynamic_task_mapping_with_no_taskflow_operators.py
[2025-08-07T16:05:20.032+0700] {processor.py:829} INFO - Processing file /home/dwmhr/pln/venv/lib/python3.10/site-packages/airflow/example_dags/example_dynamic_task_mapping_with_no_taskflow_operators.py for tasks to queue
[2025-08-07T16:05:20.033+0700] {logging_mixin.py:154} INFO - [2025-08-07T16:05:20.033+0700] {dagbag.py:536} INFO - Filling up the DagBag from /home/dwmhr/pln/venv/lib/python3.10/site-packages/airflow/example_dags/example_dynamic_task_mapping_with_no_taskflow_operators.py
[2025-08-07T16:05:20.039+0700] {processor.py:839} INFO - DAG(s) dict_keys(['example_dynamic_task_mapping_with_no_taskflow_operators']) retrieved from /home/dwmhr/pln/venv/lib/python3.10/site-packages/airflow/example_dags/example_dynamic_task_mapping_with_no_taskflow_operators.py
[2025-08-07T16:05:20.054+0700] {logging_mixin.py:154} INFO - [2025-08-07T16:05:20.054+0700] {dag.py:2941} INFO - Sync 1 DAGs
[2025-08-07T16:05:20.070+0700] {logging_mixin.py:154} INFO - [2025-08-07T16:05:20.070+0700] {dag.py:3722} INFO - Setting next_dagrun for example_dynamic_task_mapping_with_no_taskflow_operators to 2025-08-06T09:05:20.070059+00:00, run_after=2025-08-07T09:05:20.070059+00:00
[2025-08-07T16:05:20.090+0700] {processor.py:179} INFO - Processing /home/dwmhr/pln/venv/lib/python3.10/site-packages/airflow/example_dags/example_dynamic_task_mapping_with_no_taskflow_operators.py took 0.068 seconds
[2025-08-07T16:06:43.148+0700] {processor.py:157} INFO - Started process (PID=119661) to work on /home/dwmhr/pln/venv/lib/python3.10/site-packages/airflow/example_dags/example_dynamic_task_mapping_with_no_taskflow_operators.py
[2025-08-07T16:06:43.153+0700] {processor.py:829} INFO - Processing file /home/dwmhr/pln/venv/lib/python3.10/site-packages/airflow/example_dags/example_dynamic_task_mapping_with_no_taskflow_operators.py for tasks to queue
[2025-08-07T16:06:43.157+0700] {logging_mixin.py:154} INFO - [2025-08-07T16:06:43.155+0700] {dagbag.py:536} INFO - Filling up the DagBag from /home/dwmhr/pln/venv/lib/python3.10/site-packages/airflow/example_dags/example_dynamic_task_mapping_with_no_taskflow_operators.py
[2025-08-07T16:06:43.189+0700] {processor.py:839} INFO - DAG(s) dict_keys(['example_dynamic_task_mapping_with_no_taskflow_operators']) retrieved from /home/dwmhr/pln/venv/lib/python3.10/site-packages/airflow/example_dags/example_dynamic_task_mapping_with_no_taskflow_operators.py
[2025-08-07T16:06:43.263+0700] {logging_mixin.py:154} INFO - [2025-08-07T16:06:43.263+0700] {dag.py:2941} INFO - Sync 1 DAGs
[2025-08-07T16:06:43.338+0700] {logging_mixin.py:154} INFO - [2025-08-07T16:06:43.338+0700] {dag.py:3722} INFO - Setting next_dagrun for example_dynamic_task_mapping_with_no_taskflow_operators to 2025-08-06T09:06:43.337465+00:00, run_after=2025-08-07T09:06:43.337465+00:00
[2025-08-07T16:06:43.424+0700] {processor.py:179} INFO - Processing /home/dwmhr/pln/venv/lib/python3.10/site-packages/airflow/example_dags/example_dynamic_task_mapping_with_no_taskflow_operators.py took 0.288 seconds
[2025-08-07T16:07:56.665+0700] {processor.py:157} INFO - Started process (PID=120047) to work on /home/dwmhr/pln/venv/lib/python3.10/site-packages/airflow/example_dags/example_dynamic_task_mapping_with_no_taskflow_operators.py
[2025-08-07T16:07:56.678+0700] {processor.py:829} INFO - Processing file /home/dwmhr/pln/venv/lib/python3.10/site-packages/airflow/example_dags/example_dynamic_task_mapping_with_no_taskflow_operators.py for tasks to queue
[2025-08-07T16:07:56.682+0700] {logging_mixin.py:154} INFO - [2025-08-07T16:07:56.680+0700] {dagbag.py:536} INFO - Filling up the DagBag from /home/dwmhr/pln/venv/lib/python3.10/site-packages/airflow/example_dags/example_dynamic_task_mapping_with_no_taskflow_operators.py
[2025-08-07T16:07:56.719+0700] {processor.py:839} INFO - DAG(s) dict_keys(['example_dynamic_task_mapping_with_no_taskflow_operators']) retrieved from /home/dwmhr/pln/venv/lib/python3.10/site-packages/airflow/example_dags/example_dynamic_task_mapping_with_no_taskflow_operators.py
[2025-08-07T16:07:56.839+0700] {logging_mixin.py:154} INFO - [2025-08-07T16:07:56.838+0700] {dag.py:2941} INFO - Sync 1 DAGs
[2025-08-07T16:07:56.993+0700] {logging_mixin.py:154} INFO - [2025-08-07T16:07:56.992+0700] {dag.py:3722} INFO - Setting next_dagrun for example_dynamic_task_mapping_with_no_taskflow_operators to 2025-08-06T09:07:56.990519+00:00, run_after=2025-08-07T09:07:56.990519+00:00
[2025-08-07T16:07:57.182+0700] {processor.py:179} INFO - Processing /home/dwmhr/pln/venv/lib/python3.10/site-packages/airflow/example_dags/example_dynamic_task_mapping_with_no_taskflow_operators.py took 0.528 seconds
[2025-08-07T16:09:09.684+0700] {processor.py:157} INFO - Started process (PID=120392) to work on /home/dwmhr/pln/venv/lib/python3.10/site-packages/airflow/example_dags/example_dynamic_task_mapping_with_no_taskflow_operators.py
[2025-08-07T16:09:09.691+0700] {processor.py:829} INFO - Processing file /home/dwmhr/pln/venv/lib/python3.10/site-packages/airflow/example_dags/example_dynamic_task_mapping_with_no_taskflow_operators.py for tasks to queue
[2025-08-07T16:09:09.697+0700] {logging_mixin.py:154} INFO - [2025-08-07T16:09:09.694+0700] {dagbag.py:536} INFO - Filling up the DagBag from /home/dwmhr/pln/venv/lib/python3.10/site-packages/airflow/example_dags/example_dynamic_task_mapping_with_no_taskflow_operators.py
[2025-08-07T16:09:09.731+0700] {processor.py:839} INFO - DAG(s) dict_keys(['example_dynamic_task_mapping_with_no_taskflow_operators']) retrieved from /home/dwmhr/pln/venv/lib/python3.10/site-packages/airflow/example_dags/example_dynamic_task_mapping_with_no_taskflow_operators.py
[2025-08-07T16:09:09.829+0700] {logging_mixin.py:154} INFO - [2025-08-07T16:09:09.828+0700] {dag.py:2941} INFO - Sync 1 DAGs
[2025-08-07T16:09:09.944+0700] {logging_mixin.py:154} INFO - [2025-08-07T16:09:09.943+0700] {dag.py:3722} INFO - Setting next_dagrun for example_dynamic_task_mapping_with_no_taskflow_operators to 2025-08-06T09:09:09.942357+00:00, run_after=2025-08-07T09:09:09.942357+00:00
[2025-08-07T16:09:10.051+0700] {processor.py:179} INFO - Processing /home/dwmhr/pln/venv/lib/python3.10/site-packages/airflow/example_dags/example_dynamic_task_mapping_with_no_taskflow_operators.py took 0.386 seconds
[2025-08-07T16:10:28.927+0700] {processor.py:157} INFO - Started process (PID=120809) to work on /home/dwmhr/pln/venv/lib/python3.10/site-packages/airflow/example_dags/example_dynamic_task_mapping_with_no_taskflow_operators.py
[2025-08-07T16:10:28.930+0700] {processor.py:829} INFO - Processing file /home/dwmhr/pln/venv/lib/python3.10/site-packages/airflow/example_dags/example_dynamic_task_mapping_with_no_taskflow_operators.py for tasks to queue
[2025-08-07T16:10:28.932+0700] {logging_mixin.py:154} INFO - [2025-08-07T16:10:28.931+0700] {dagbag.py:536} INFO - Filling up the DagBag from /home/dwmhr/pln/venv/lib/python3.10/site-packages/airflow/example_dags/example_dynamic_task_mapping_with_no_taskflow_operators.py
[2025-08-07T16:10:28.949+0700] {processor.py:839} INFO - DAG(s) dict_keys(['example_dynamic_task_mapping_with_no_taskflow_operators']) retrieved from /home/dwmhr/pln/venv/lib/python3.10/site-packages/airflow/example_dags/example_dynamic_task_mapping_with_no_taskflow_operators.py
[2025-08-07T16:10:28.999+0700] {logging_mixin.py:154} INFO - [2025-08-07T16:10:28.999+0700] {dag.py:2941} INFO - Sync 1 DAGs
[2025-08-07T16:10:29.095+0700] {logging_mixin.py:154} INFO - [2025-08-07T16:10:29.094+0700] {dag.py:3722} INFO - Setting next_dagrun for example_dynamic_task_mapping_with_no_taskflow_operators to 2025-08-06T09:10:29.093414+00:00, run_after=2025-08-07T09:10:29.093414+00:00
[2025-08-07T16:10:29.166+0700] {processor.py:179} INFO - Processing /home/dwmhr/pln/venv/lib/python3.10/site-packages/airflow/example_dags/example_dynamic_task_mapping_with_no_taskflow_operators.py took 0.247 seconds
[2025-08-07T16:11:23.236+0700] {processor.py:157} INFO - Started process (PID=121102) to work on /home/dwmhr/pln/venv/lib/python3.10/site-packages/airflow/example_dags/example_dynamic_task_mapping_with_no_taskflow_operators.py
[2025-08-07T16:11:23.239+0700] {processor.py:829} INFO - Processing file /home/dwmhr/pln/venv/lib/python3.10/site-packages/airflow/example_dags/example_dynamic_task_mapping_with_no_taskflow_operators.py for tasks to queue
[2025-08-07T16:11:23.240+0700] {logging_mixin.py:154} INFO - [2025-08-07T16:11:23.240+0700] {dagbag.py:536} INFO - Filling up the DagBag from /home/dwmhr/pln/venv/lib/python3.10/site-packages/airflow/example_dags/example_dynamic_task_mapping_with_no_taskflow_operators.py
[2025-08-07T16:11:23.249+0700] {processor.py:839} INFO - DAG(s) dict_keys(['example_dynamic_task_mapping_with_no_taskflow_operators']) retrieved from /home/dwmhr/pln/venv/lib/python3.10/site-packages/airflow/example_dags/example_dynamic_task_mapping_with_no_taskflow_operators.py
[2025-08-07T16:11:23.275+0700] {logging_mixin.py:154} INFO - [2025-08-07T16:11:23.275+0700] {dag.py:2941} INFO - Sync 1 DAGs
[2025-08-07T16:11:23.299+0700] {logging_mixin.py:154} INFO - [2025-08-07T16:11:23.299+0700] {dag.py:3722} INFO - Setting next_dagrun for example_dynamic_task_mapping_with_no_taskflow_operators to 2025-08-06T09:11:23.298861+00:00, run_after=2025-08-07T09:11:23.298861+00:00
[2025-08-07T16:11:23.340+0700] {processor.py:179} INFO - Processing /home/dwmhr/pln/venv/lib/python3.10/site-packages/airflow/example_dags/example_dynamic_task_mapping_with_no_taskflow_operators.py took 0.108 seconds
[2025-08-07T16:12:14.696+0700] {processor.py:157} INFO - Started process (PID=121329) to work on /home/dwmhr/pln/venv/lib/python3.10/site-packages/airflow/example_dags/example_dynamic_task_mapping_with_no_taskflow_operators.py
[2025-08-07T16:12:14.705+0700] {processor.py:829} INFO - Processing file /home/dwmhr/pln/venv/lib/python3.10/site-packages/airflow/example_dags/example_dynamic_task_mapping_with_no_taskflow_operators.py for tasks to queue
[2025-08-07T16:12:14.711+0700] {logging_mixin.py:154} INFO - [2025-08-07T16:12:14.708+0700] {dagbag.py:536} INFO - Filling up the DagBag from /home/dwmhr/pln/venv/lib/python3.10/site-packages/airflow/example_dags/example_dynamic_task_mapping_with_no_taskflow_operators.py
[2025-08-07T16:12:14.745+0700] {processor.py:839} INFO - DAG(s) dict_keys(['example_dynamic_task_mapping_with_no_taskflow_operators']) retrieved from /home/dwmhr/pln/venv/lib/python3.10/site-packages/airflow/example_dags/example_dynamic_task_mapping_with_no_taskflow_operators.py
[2025-08-07T16:12:14.994+0700] {logging_mixin.py:154} INFO - [2025-08-07T16:12:14.991+0700] {dag.py:2941} INFO - Sync 1 DAGs
[2025-08-07T16:12:15.269+0700] {logging_mixin.py:154} INFO - [2025-08-07T16:12:15.268+0700] {dag.py:3722} INFO - Setting next_dagrun for example_dynamic_task_mapping_with_no_taskflow_operators to 2025-08-06T09:12:15.266778+00:00, run_after=2025-08-07T09:12:15.266778+00:00
[2025-08-07T16:12:15.479+0700] {processor.py:179} INFO - Processing /home/dwmhr/pln/venv/lib/python3.10/site-packages/airflow/example_dags/example_dynamic_task_mapping_with_no_taskflow_operators.py took 0.806 seconds
[2025-08-07T16:13:29.586+0700] {processor.py:157} INFO - Started process (PID=121752) to work on /home/dwmhr/pln/venv/lib/python3.10/site-packages/airflow/example_dags/example_dynamic_task_mapping_with_no_taskflow_operators.py
[2025-08-07T16:13:29.592+0700] {processor.py:829} INFO - Processing file /home/dwmhr/pln/venv/lib/python3.10/site-packages/airflow/example_dags/example_dynamic_task_mapping_with_no_taskflow_operators.py for tasks to queue
[2025-08-07T16:13:29.593+0700] {logging_mixin.py:154} INFO - [2025-08-07T16:13:29.593+0700] {dagbag.py:536} INFO - Filling up the DagBag from /home/dwmhr/pln/venv/lib/python3.10/site-packages/airflow/example_dags/example_dynamic_task_mapping_with_no_taskflow_operators.py
[2025-08-07T16:13:29.603+0700] {processor.py:839} INFO - DAG(s) dict_keys(['example_dynamic_task_mapping_with_no_taskflow_operators']) retrieved from /home/dwmhr/pln/venv/lib/python3.10/site-packages/airflow/example_dags/example_dynamic_task_mapping_with_no_taskflow_operators.py
[2025-08-07T16:13:29.622+0700] {logging_mixin.py:154} INFO - [2025-08-07T16:13:29.622+0700] {dag.py:2941} INFO - Sync 1 DAGs
[2025-08-07T16:13:29.643+0700] {logging_mixin.py:154} INFO - [2025-08-07T16:13:29.643+0700] {dag.py:3722} INFO - Setting next_dagrun for example_dynamic_task_mapping_with_no_taskflow_operators to 2025-08-06T09:13:29.643091+00:00, run_after=2025-08-07T09:13:29.643091+00:00
[2025-08-07T16:13:29.751+0700] {processor.py:179} INFO - Processing /home/dwmhr/pln/venv/lib/python3.10/site-packages/airflow/example_dags/example_dynamic_task_mapping_with_no_taskflow_operators.py took 0.170 seconds
[2025-08-07T16:14:45.637+0700] {processor.py:157} INFO - Started process (PID=122146) to work on /home/dwmhr/pln/venv/lib/python3.10/site-packages/airflow/example_dags/example_dynamic_task_mapping_with_no_taskflow_operators.py
[2025-08-07T16:14:45.649+0700] {processor.py:829} INFO - Processing file /home/dwmhr/pln/venv/lib/python3.10/site-packages/airflow/example_dags/example_dynamic_task_mapping_with_no_taskflow_operators.py for tasks to queue
[2025-08-07T16:14:45.670+0700] {logging_mixin.py:154} INFO - [2025-08-07T16:14:45.664+0700] {dagbag.py:536} INFO - Filling up the DagBag from /home/dwmhr/pln/venv/lib/python3.10/site-packages/airflow/example_dags/example_dynamic_task_mapping_with_no_taskflow_operators.py
[2025-08-07T16:14:45.725+0700] {processor.py:839} INFO - DAG(s) dict_keys(['example_dynamic_task_mapping_with_no_taskflow_operators']) retrieved from /home/dwmhr/pln/venv/lib/python3.10/site-packages/airflow/example_dags/example_dynamic_task_mapping_with_no_taskflow_operators.py
[2025-08-07T16:14:45.878+0700] {logging_mixin.py:154} INFO - [2025-08-07T16:14:45.877+0700] {dag.py:2941} INFO - Sync 1 DAGs
[2025-08-07T16:14:46.058+0700] {logging_mixin.py:154} INFO - [2025-08-07T16:14:46.057+0700] {dag.py:3722} INFO - Setting next_dagrun for example_dynamic_task_mapping_with_no_taskflow_operators to 2025-08-06T09:14:46.056594+00:00, run_after=2025-08-07T09:14:46.056594+00:00
[2025-08-07T16:14:46.264+0700] {processor.py:179} INFO - Processing /home/dwmhr/pln/venv/lib/python3.10/site-packages/airflow/example_dags/example_dynamic_task_mapping_with_no_taskflow_operators.py took 0.673 seconds
[2025-08-07T16:15:56.245+0700] {processor.py:157} INFO - Started process (PID=122497) to work on /home/dwmhr/pln/venv/lib/python3.10/site-packages/airflow/example_dags/example_dynamic_task_mapping_with_no_taskflow_operators.py
[2025-08-07T16:15:56.249+0700] {processor.py:829} INFO - Processing file /home/dwmhr/pln/venv/lib/python3.10/site-packages/airflow/example_dags/example_dynamic_task_mapping_with_no_taskflow_operators.py for tasks to queue
[2025-08-07T16:15:56.254+0700] {logging_mixin.py:154} INFO - [2025-08-07T16:15:56.251+0700] {dagbag.py:536} INFO - Filling up the DagBag from /home/dwmhr/pln/venv/lib/python3.10/site-packages/airflow/example_dags/example_dynamic_task_mapping_with_no_taskflow_operators.py
[2025-08-07T16:15:56.286+0700] {processor.py:839} INFO - DAG(s) dict_keys(['example_dynamic_task_mapping_with_no_taskflow_operators']) retrieved from /home/dwmhr/pln/venv/lib/python3.10/site-packages/airflow/example_dags/example_dynamic_task_mapping_with_no_taskflow_operators.py
[2025-08-07T16:15:56.373+0700] {logging_mixin.py:154} INFO - [2025-08-07T16:15:56.372+0700] {dag.py:2941} INFO - Sync 1 DAGs
[2025-08-07T16:15:56.459+0700] {logging_mixin.py:154} INFO - [2025-08-07T16:15:56.459+0700] {dag.py:3722} INFO - Setting next_dagrun for example_dynamic_task_mapping_with_no_taskflow_operators to 2025-08-06T09:15:56.457966+00:00, run_after=2025-08-07T09:15:56.457966+00:00
[2025-08-07T16:15:56.549+0700] {processor.py:179} INFO - Processing /home/dwmhr/pln/venv/lib/python3.10/site-packages/airflow/example_dags/example_dynamic_task_mapping_with_no_taskflow_operators.py took 0.320 seconds
[2025-08-07T16:16:59.577+0700] {processor.py:157} INFO - Started process (PID=122809) to work on /home/dwmhr/pln/venv/lib/python3.10/site-packages/airflow/example_dags/example_dynamic_task_mapping_with_no_taskflow_operators.py
[2025-08-07T16:16:59.579+0700] {processor.py:829} INFO - Processing file /home/dwmhr/pln/venv/lib/python3.10/site-packages/airflow/example_dags/example_dynamic_task_mapping_with_no_taskflow_operators.py for tasks to queue
[2025-08-07T16:16:59.581+0700] {logging_mixin.py:154} INFO - [2025-08-07T16:16:59.581+0700] {dagbag.py:536} INFO - Filling up the DagBag from /home/dwmhr/pln/venv/lib/python3.10/site-packages/airflow/example_dags/example_dynamic_task_mapping_with_no_taskflow_operators.py
[2025-08-07T16:16:59.596+0700] {processor.py:839} INFO - DAG(s) dict_keys(['example_dynamic_task_mapping_with_no_taskflow_operators']) retrieved from /home/dwmhr/pln/venv/lib/python3.10/site-packages/airflow/example_dags/example_dynamic_task_mapping_with_no_taskflow_operators.py
[2025-08-07T16:16:59.633+0700] {logging_mixin.py:154} INFO - [2025-08-07T16:16:59.632+0700] {dag.py:2941} INFO - Sync 1 DAGs
[2025-08-07T16:16:59.678+0700] {logging_mixin.py:154} INFO - [2025-08-07T16:16:59.677+0700] {dag.py:3722} INFO - Setting next_dagrun for example_dynamic_task_mapping_with_no_taskflow_operators to 2025-08-06T09:16:59.677117+00:00, run_after=2025-08-07T09:16:59.677117+00:00
[2025-08-07T16:16:59.730+0700] {processor.py:179} INFO - Processing /home/dwmhr/pln/venv/lib/python3.10/site-packages/airflow/example_dags/example_dynamic_task_mapping_with_no_taskflow_operators.py took 0.162 seconds
[2025-08-07T16:18:03.501+0700] {processor.py:157} INFO - Started process (PID=123115) to work on /home/dwmhr/pln/venv/lib/python3.10/site-packages/airflow/example_dags/example_dynamic_task_mapping_with_no_taskflow_operators.py
[2025-08-07T16:18:03.505+0700] {processor.py:829} INFO - Processing file /home/dwmhr/pln/venv/lib/python3.10/site-packages/airflow/example_dags/example_dynamic_task_mapping_with_no_taskflow_operators.py for tasks to queue
[2025-08-07T16:18:03.508+0700] {logging_mixin.py:154} INFO - [2025-08-07T16:18:03.507+0700] {dagbag.py:536} INFO - Filling up the DagBag from /home/dwmhr/pln/venv/lib/python3.10/site-packages/airflow/example_dags/example_dynamic_task_mapping_with_no_taskflow_operators.py
[2025-08-07T16:18:03.530+0700] {processor.py:839} INFO - DAG(s) dict_keys(['example_dynamic_task_mapping_with_no_taskflow_operators']) retrieved from /home/dwmhr/pln/venv/lib/python3.10/site-packages/airflow/example_dags/example_dynamic_task_mapping_with_no_taskflow_operators.py
[2025-08-07T16:18:03.578+0700] {logging_mixin.py:154} INFO - [2025-08-07T16:18:03.578+0700] {dag.py:2941} INFO - Sync 1 DAGs
[2025-08-07T16:18:03.629+0700] {logging_mixin.py:154} INFO - [2025-08-07T16:18:03.629+0700] {dag.py:3722} INFO - Setting next_dagrun for example_dynamic_task_mapping_with_no_taskflow_operators to 2025-08-06T09:18:03.628339+00:00, run_after=2025-08-07T09:18:03.628339+00:00
[2025-08-07T16:18:03.720+0700] {processor.py:179} INFO - Processing /home/dwmhr/pln/venv/lib/python3.10/site-packages/airflow/example_dags/example_dynamic_task_mapping_with_no_taskflow_operators.py took 0.229 seconds
[2025-08-07T16:18:55.124+0700] {processor.py:157} INFO - Started process (PID=123398) to work on /home/dwmhr/pln/venv/lib/python3.10/site-packages/airflow/example_dags/example_dynamic_task_mapping_with_no_taskflow_operators.py
[2025-08-07T16:18:53.955+0700] {processor.py:829} INFO - Processing file /home/dwmhr/pln/venv/lib/python3.10/site-packages/airflow/example_dags/example_dynamic_task_mapping_with_no_taskflow_operators.py for tasks to queue
[2025-08-07T16:18:53.955+0700] {logging_mixin.py:154} INFO - [2025-08-07T16:18:53.955+0700] {dagbag.py:536} INFO - Filling up the DagBag from /home/dwmhr/pln/venv/lib/python3.10/site-packages/airflow/example_dags/example_dynamic_task_mapping_with_no_taskflow_operators.py
[2025-08-07T16:18:53.960+0700] {processor.py:839} INFO - DAG(s) dict_keys(['example_dynamic_task_mapping_with_no_taskflow_operators']) retrieved from /home/dwmhr/pln/venv/lib/python3.10/site-packages/airflow/example_dags/example_dynamic_task_mapping_with_no_taskflow_operators.py
[2025-08-07T16:18:53.974+0700] {logging_mixin.py:154} INFO - [2025-08-07T16:18:53.974+0700] {dag.py:2941} INFO - Sync 1 DAGs
[2025-08-07T16:18:53.988+0700] {logging_mixin.py:154} INFO - [2025-08-07T16:18:53.988+0700] {dag.py:3722} INFO - Setting next_dagrun for example_dynamic_task_mapping_with_no_taskflow_operators to 2025-08-06T09:18:53.988171+00:00, run_after=2025-08-07T09:18:53.988171+00:00
[2025-08-07T16:18:54.004+0700] {processor.py:179} INFO - Processing /home/dwmhr/pln/venv/lib/python3.10/site-packages/airflow/example_dags/example_dynamic_task_mapping_with_no_taskflow_operators.py took 0.055 seconds
[2025-08-07T16:27:18.815+0700] {processor.py:157} INFO - Started process (PID=125563) to work on /home/dwmhr/pln/venv/lib/python3.10/site-packages/airflow/example_dags/example_dynamic_task_mapping_with_no_taskflow_operators.py
[2025-08-07T16:27:18.824+0700] {processor.py:829} INFO - Processing file /home/dwmhr/pln/venv/lib/python3.10/site-packages/airflow/example_dags/example_dynamic_task_mapping_with_no_taskflow_operators.py for tasks to queue
[2025-08-07T16:27:18.829+0700] {logging_mixin.py:154} INFO - [2025-08-07T16:27:18.827+0700] {dagbag.py:536} INFO - Filling up the DagBag from /home/dwmhr/pln/venv/lib/python3.10/site-packages/airflow/example_dags/example_dynamic_task_mapping_with_no_taskflow_operators.py
[2025-08-07T16:27:18.866+0700] {processor.py:839} INFO - DAG(s) dict_keys(['example_dynamic_task_mapping_with_no_taskflow_operators']) retrieved from /home/dwmhr/pln/venv/lib/python3.10/site-packages/airflow/example_dags/example_dynamic_task_mapping_with_no_taskflow_operators.py
[2025-08-07T16:27:18.937+0700] {logging_mixin.py:154} INFO - [2025-08-07T16:27:18.935+0700] {dag.py:2941} INFO - Sync 1 DAGs
[2025-08-07T16:27:19.364+0700] {logging_mixin.py:154} INFO - [2025-08-07T16:27:19.364+0700] {dag.py:3722} INFO - Setting next_dagrun for example_dynamic_task_mapping_with_no_taskflow_operators to 2025-08-06T09:27:19.362997+00:00, run_after=2025-08-07T09:27:19.362997+00:00
[2025-08-07T16:27:19.449+0700] {processor.py:179} INFO - Processing /home/dwmhr/pln/venv/lib/python3.10/site-packages/airflow/example_dags/example_dynamic_task_mapping_with_no_taskflow_operators.py took 0.651 seconds
[2025-08-07T16:28:40.939+0700] {processor.py:157} INFO - Started process (PID=125934) to work on /home/dwmhr/pln/venv/lib/python3.10/site-packages/airflow/example_dags/example_dynamic_task_mapping_with_no_taskflow_operators.py
[2025-08-07T16:28:40.947+0700] {processor.py:829} INFO - Processing file /home/dwmhr/pln/venv/lib/python3.10/site-packages/airflow/example_dags/example_dynamic_task_mapping_with_no_taskflow_operators.py for tasks to queue
[2025-08-07T16:28:40.948+0700] {logging_mixin.py:154} INFO - [2025-08-07T16:28:40.947+0700] {dagbag.py:536} INFO - Filling up the DagBag from /home/dwmhr/pln/venv/lib/python3.10/site-packages/airflow/example_dags/example_dynamic_task_mapping_with_no_taskflow_operators.py
[2025-08-07T16:28:40.955+0700] {processor.py:839} INFO - DAG(s) dict_keys(['example_dynamic_task_mapping_with_no_taskflow_operators']) retrieved from /home/dwmhr/pln/venv/lib/python3.10/site-packages/airflow/example_dags/example_dynamic_task_mapping_with_no_taskflow_operators.py
[2025-08-07T16:28:40.972+0700] {logging_mixin.py:154} INFO - [2025-08-07T16:28:40.972+0700] {dag.py:2941} INFO - Sync 1 DAGs
[2025-08-07T16:28:40.991+0700] {logging_mixin.py:154} INFO - [2025-08-07T16:28:40.990+0700] {dag.py:3722} INFO - Setting next_dagrun for example_dynamic_task_mapping_with_no_taskflow_operators to 2025-08-06T09:28:40.990562+00:00, run_after=2025-08-07T09:28:40.990562+00:00
[2025-08-07T16:28:41.015+0700] {processor.py:179} INFO - Processing /home/dwmhr/pln/venv/lib/python3.10/site-packages/airflow/example_dags/example_dynamic_task_mapping_with_no_taskflow_operators.py took 0.080 seconds
[2025-08-07T16:29:38.651+0700] {processor.py:157} INFO - Started process (PID=126225) to work on /home/dwmhr/pln/venv/lib/python3.10/site-packages/airflow/example_dags/example_dynamic_task_mapping_with_no_taskflow_operators.py
[2025-08-07T16:29:38.653+0700] {processor.py:829} INFO - Processing file /home/dwmhr/pln/venv/lib/python3.10/site-packages/airflow/example_dags/example_dynamic_task_mapping_with_no_taskflow_operators.py for tasks to queue
[2025-08-07T16:29:38.654+0700] {logging_mixin.py:154} INFO - [2025-08-07T16:29:38.653+0700] {dagbag.py:536} INFO - Filling up the DagBag from /home/dwmhr/pln/venv/lib/python3.10/site-packages/airflow/example_dags/example_dynamic_task_mapping_with_no_taskflow_operators.py
[2025-08-07T16:29:38.661+0700] {processor.py:839} INFO - DAG(s) dict_keys(['example_dynamic_task_mapping_with_no_taskflow_operators']) retrieved from /home/dwmhr/pln/venv/lib/python3.10/site-packages/airflow/example_dags/example_dynamic_task_mapping_with_no_taskflow_operators.py
[2025-08-07T16:29:38.804+0700] {logging_mixin.py:154} INFO - [2025-08-07T16:29:38.804+0700] {dag.py:2941} INFO - Sync 1 DAGs
[2025-08-07T16:29:38.819+0700] {logging_mixin.py:154} INFO - [2025-08-07T16:29:38.819+0700] {dag.py:3722} INFO - Setting next_dagrun for example_dynamic_task_mapping_with_no_taskflow_operators to 2025-08-06T09:29:38.819162+00:00, run_after=2025-08-07T09:29:38.819162+00:00
[2025-08-07T16:29:38.853+0700] {processor.py:179} INFO - Processing /home/dwmhr/pln/venv/lib/python3.10/site-packages/airflow/example_dags/example_dynamic_task_mapping_with_no_taskflow_operators.py took 0.206 seconds
[2025-08-07T16:30:42.014+0700] {processor.py:157} INFO - Started process (PID=126524) to work on /home/dwmhr/pln/venv/lib/python3.10/site-packages/airflow/example_dags/example_dynamic_task_mapping_with_no_taskflow_operators.py
[2025-08-07T16:30:42.017+0700] {processor.py:829} INFO - Processing file /home/dwmhr/pln/venv/lib/python3.10/site-packages/airflow/example_dags/example_dynamic_task_mapping_with_no_taskflow_operators.py for tasks to queue
[2025-08-07T16:30:42.018+0700] {logging_mixin.py:154} INFO - [2025-08-07T16:30:42.018+0700] {dagbag.py:536} INFO - Filling up the DagBag from /home/dwmhr/pln/venv/lib/python3.10/site-packages/airflow/example_dags/example_dynamic_task_mapping_with_no_taskflow_operators.py
[2025-08-07T16:30:42.026+0700] {processor.py:839} INFO - DAG(s) dict_keys(['example_dynamic_task_mapping_with_no_taskflow_operators']) retrieved from /home/dwmhr/pln/venv/lib/python3.10/site-packages/airflow/example_dags/example_dynamic_task_mapping_with_no_taskflow_operators.py
[2025-08-07T16:30:42.046+0700] {logging_mixin.py:154} INFO - [2025-08-07T16:30:42.045+0700] {dag.py:2941} INFO - Sync 1 DAGs
[2025-08-07T16:30:42.066+0700] {logging_mixin.py:154} INFO - [2025-08-07T16:30:42.065+0700] {dag.py:3722} INFO - Setting next_dagrun for example_dynamic_task_mapping_with_no_taskflow_operators to 2025-08-06T09:30:42.065514+00:00, run_after=2025-08-07T09:30:42.065514+00:00
[2025-08-07T16:30:42.111+0700] {processor.py:179} INFO - Processing /home/dwmhr/pln/venv/lib/python3.10/site-packages/airflow/example_dags/example_dynamic_task_mapping_with_no_taskflow_operators.py took 0.101 seconds
[2025-08-07T16:31:44.231+0700] {processor.py:157} INFO - Started process (PID=126848) to work on /home/dwmhr/pln/venv/lib/python3.10/site-packages/airflow/example_dags/example_dynamic_task_mapping_with_no_taskflow_operators.py
[2025-08-07T16:31:44.239+0700] {processor.py:829} INFO - Processing file /home/dwmhr/pln/venv/lib/python3.10/site-packages/airflow/example_dags/example_dynamic_task_mapping_with_no_taskflow_operators.py for tasks to queue
[2025-08-07T16:31:44.245+0700] {logging_mixin.py:154} INFO - [2025-08-07T16:31:44.243+0700] {dagbag.py:536} INFO - Filling up the DagBag from /home/dwmhr/pln/venv/lib/python3.10/site-packages/airflow/example_dags/example_dynamic_task_mapping_with_no_taskflow_operators.py
[2025-08-07T16:31:44.292+0700] {processor.py:839} INFO - DAG(s) dict_keys(['example_dynamic_task_mapping_with_no_taskflow_operators']) retrieved from /home/dwmhr/pln/venv/lib/python3.10/site-packages/airflow/example_dags/example_dynamic_task_mapping_with_no_taskflow_operators.py
[2025-08-07T16:31:44.384+0700] {logging_mixin.py:154} INFO - [2025-08-07T16:31:44.383+0700] {dag.py:2941} INFO - Sync 1 DAGs
[2025-08-07T16:31:44.487+0700] {logging_mixin.py:154} INFO - [2025-08-07T16:31:44.486+0700] {dag.py:3722} INFO - Setting next_dagrun for example_dynamic_task_mapping_with_no_taskflow_operators to 2025-08-06T09:31:44.484839+00:00, run_after=2025-08-07T09:31:44.484839+00:00
[2025-08-07T16:31:44.580+0700] {processor.py:179} INFO - Processing /home/dwmhr/pln/venv/lib/python3.10/site-packages/airflow/example_dags/example_dynamic_task_mapping_with_no_taskflow_operators.py took 0.373 seconds
[2025-08-07T16:33:51.984+0700] {processor.py:157} INFO - Started process (PID=127351) to work on /home/dwmhr/pln/venv/lib/python3.10/site-packages/airflow/example_dags/example_dynamic_task_mapping_with_no_taskflow_operators.py
[2025-08-07T16:33:51.985+0700] {processor.py:829} INFO - Processing file /home/dwmhr/pln/venv/lib/python3.10/site-packages/airflow/example_dags/example_dynamic_task_mapping_with_no_taskflow_operators.py for tasks to queue
[2025-08-07T16:33:51.986+0700] {logging_mixin.py:154} INFO - [2025-08-07T16:33:51.986+0700] {dagbag.py:536} INFO - Filling up the DagBag from /home/dwmhr/pln/venv/lib/python3.10/site-packages/airflow/example_dags/example_dynamic_task_mapping_with_no_taskflow_operators.py
[2025-08-07T16:33:51.993+0700] {processor.py:839} INFO - DAG(s) dict_keys(['example_dynamic_task_mapping_with_no_taskflow_operators']) retrieved from /home/dwmhr/pln/venv/lib/python3.10/site-packages/airflow/example_dags/example_dynamic_task_mapping_with_no_taskflow_operators.py
[2025-08-07T16:33:52.007+0700] {logging_mixin.py:154} INFO - [2025-08-07T16:33:52.007+0700] {dag.py:2941} INFO - Sync 1 DAGs
[2025-08-07T16:33:52.021+0700] {logging_mixin.py:154} INFO - [2025-08-07T16:33:52.021+0700] {dag.py:3722} INFO - Setting next_dagrun for example_dynamic_task_mapping_with_no_taskflow_operators to 2025-08-06T09:33:52.021429+00:00, run_after=2025-08-07T09:33:52.021429+00:00
[2025-08-07T16:33:52.042+0700] {processor.py:179} INFO - Processing /home/dwmhr/pln/venv/lib/python3.10/site-packages/airflow/example_dags/example_dynamic_task_mapping_with_no_taskflow_operators.py took 0.061 seconds
[2025-08-07T16:35:01.289+0700] {processor.py:157} INFO - Started process (PID=127618) to work on /home/dwmhr/pln/venv/lib/python3.10/site-packages/airflow/example_dags/example_dynamic_task_mapping_with_no_taskflow_operators.py
[2025-08-07T16:35:01.294+0700] {processor.py:829} INFO - Processing file /home/dwmhr/pln/venv/lib/python3.10/site-packages/airflow/example_dags/example_dynamic_task_mapping_with_no_taskflow_operators.py for tasks to queue
[2025-08-07T16:35:01.297+0700] {logging_mixin.py:154} INFO - [2025-08-07T16:35:01.296+0700] {dagbag.py:536} INFO - Filling up the DagBag from /home/dwmhr/pln/venv/lib/python3.10/site-packages/airflow/example_dags/example_dynamic_task_mapping_with_no_taskflow_operators.py
[2025-08-07T16:35:01.321+0700] {processor.py:839} INFO - DAG(s) dict_keys(['example_dynamic_task_mapping_with_no_taskflow_operators']) retrieved from /home/dwmhr/pln/venv/lib/python3.10/site-packages/airflow/example_dags/example_dynamic_task_mapping_with_no_taskflow_operators.py
[2025-08-07T16:35:01.382+0700] {logging_mixin.py:154} INFO - [2025-08-07T16:35:01.382+0700] {dag.py:2941} INFO - Sync 1 DAGs
[2025-08-07T16:35:01.451+0700] {logging_mixin.py:154} INFO - [2025-08-07T16:35:01.450+0700] {dag.py:3722} INFO - Setting next_dagrun for example_dynamic_task_mapping_with_no_taskflow_operators to 2025-08-06T09:35:01.449713+00:00, run_after=2025-08-07T09:35:01.449713+00:00
[2025-08-07T16:35:01.551+0700] {processor.py:179} INFO - Processing /home/dwmhr/pln/venv/lib/python3.10/site-packages/airflow/example_dags/example_dynamic_task_mapping_with_no_taskflow_operators.py took 0.275 seconds
[2025-08-07T16:35:50.000+0700] {processor.py:157} INFO - Started process (PID=127831) to work on /home/dwmhr/pln/venv/lib/python3.10/site-packages/airflow/example_dags/example_dynamic_task_mapping_with_no_taskflow_operators.py
[2025-08-07T16:35:50.002+0700] {processor.py:829} INFO - Processing file /home/dwmhr/pln/venv/lib/python3.10/site-packages/airflow/example_dags/example_dynamic_task_mapping_with_no_taskflow_operators.py for tasks to queue
[2025-08-07T16:35:50.003+0700] {logging_mixin.py:154} INFO - [2025-08-07T16:35:50.003+0700] {dagbag.py:536} INFO - Filling up the DagBag from /home/dwmhr/pln/venv/lib/python3.10/site-packages/airflow/example_dags/example_dynamic_task_mapping_with_no_taskflow_operators.py
[2025-08-07T16:35:50.009+0700] {processor.py:839} INFO - DAG(s) dict_keys(['example_dynamic_task_mapping_with_no_taskflow_operators']) retrieved from /home/dwmhr/pln/venv/lib/python3.10/site-packages/airflow/example_dags/example_dynamic_task_mapping_with_no_taskflow_operators.py
[2025-08-07T16:35:50.023+0700] {logging_mixin.py:154} INFO - [2025-08-07T16:35:50.023+0700] {dag.py:2941} INFO - Sync 1 DAGs
[2025-08-07T16:35:50.038+0700] {logging_mixin.py:154} INFO - [2025-08-07T16:35:50.038+0700] {dag.py:3722} INFO - Setting next_dagrun for example_dynamic_task_mapping_with_no_taskflow_operators to 2025-08-06T09:35:50.037932+00:00, run_after=2025-08-07T09:35:50.037932+00:00
[2025-08-07T16:35:50.074+0700] {processor.py:179} INFO - Processing /home/dwmhr/pln/venv/lib/python3.10/site-packages/airflow/example_dags/example_dynamic_task_mapping_with_no_taskflow_operators.py took 0.077 seconds
[2025-08-07T16:36:45.622+0700] {processor.py:157} INFO - Started process (PID=128084) to work on /home/dwmhr/pln/venv/lib/python3.10/site-packages/airflow/example_dags/example_dynamic_task_mapping_with_no_taskflow_operators.py
[2025-08-07T16:36:45.624+0700] {processor.py:829} INFO - Processing file /home/dwmhr/pln/venv/lib/python3.10/site-packages/airflow/example_dags/example_dynamic_task_mapping_with_no_taskflow_operators.py for tasks to queue
[2025-08-07T16:36:45.625+0700] {logging_mixin.py:154} INFO - [2025-08-07T16:36:45.625+0700] {dagbag.py:536} INFO - Filling up the DagBag from /home/dwmhr/pln/venv/lib/python3.10/site-packages/airflow/example_dags/example_dynamic_task_mapping_with_no_taskflow_operators.py
[2025-08-07T16:36:45.632+0700] {processor.py:839} INFO - DAG(s) dict_keys(['example_dynamic_task_mapping_with_no_taskflow_operators']) retrieved from /home/dwmhr/pln/venv/lib/python3.10/site-packages/airflow/example_dags/example_dynamic_task_mapping_with_no_taskflow_operators.py
[2025-08-07T16:36:45.648+0700] {logging_mixin.py:154} INFO - [2025-08-07T16:36:45.648+0700] {dag.py:2941} INFO - Sync 1 DAGs
[2025-08-07T16:36:45.664+0700] {logging_mixin.py:154} INFO - [2025-08-07T16:36:45.664+0700] {dag.py:3722} INFO - Setting next_dagrun for example_dynamic_task_mapping_with_no_taskflow_operators to 2025-08-06T09:36:45.664206+00:00, run_after=2025-08-07T09:36:45.664206+00:00
[2025-08-07T16:36:45.688+0700] {processor.py:179} INFO - Processing /home/dwmhr/pln/venv/lib/python3.10/site-packages/airflow/example_dags/example_dynamic_task_mapping_with_no_taskflow_operators.py took 0.070 seconds
[2025-08-07T16:37:43.367+0700] {processor.py:157} INFO - Started process (PID=128326) to work on /home/dwmhr/pln/venv/lib/python3.10/site-packages/airflow/example_dags/example_dynamic_task_mapping_with_no_taskflow_operators.py
[2025-08-07T16:37:43.373+0700] {processor.py:829} INFO - Processing file /home/dwmhr/pln/venv/lib/python3.10/site-packages/airflow/example_dags/example_dynamic_task_mapping_with_no_taskflow_operators.py for tasks to queue
[2025-08-07T16:37:43.377+0700] {logging_mixin.py:154} INFO - [2025-08-07T16:37:43.375+0700] {dagbag.py:536} INFO - Filling up the DagBag from /home/dwmhr/pln/venv/lib/python3.10/site-packages/airflow/example_dags/example_dynamic_task_mapping_with_no_taskflow_operators.py
[2025-08-07T16:37:43.401+0700] {processor.py:839} INFO - DAG(s) dict_keys(['example_dynamic_task_mapping_with_no_taskflow_operators']) retrieved from /home/dwmhr/pln/venv/lib/python3.10/site-packages/airflow/example_dags/example_dynamic_task_mapping_with_no_taskflow_operators.py
[2025-08-07T16:37:43.456+0700] {logging_mixin.py:154} INFO - [2025-08-07T16:37:43.455+0700] {dag.py:2941} INFO - Sync 1 DAGs
[2025-08-07T16:37:43.511+0700] {logging_mixin.py:154} INFO - [2025-08-07T16:37:43.510+0700] {dag.py:3722} INFO - Setting next_dagrun for example_dynamic_task_mapping_with_no_taskflow_operators to 2025-08-06T09:37:43.509870+00:00, run_after=2025-08-07T09:37:43.509870+00:00
[2025-08-07T16:37:43.650+0700] {processor.py:179} INFO - Processing /home/dwmhr/pln/venv/lib/python3.10/site-packages/airflow/example_dags/example_dynamic_task_mapping_with_no_taskflow_operators.py took 0.294 seconds
[2025-08-07T16:38:48.359+0700] {processor.py:157} INFO - Started process (PID=128570) to work on /home/dwmhr/pln/venv/lib/python3.10/site-packages/airflow/example_dags/example_dynamic_task_mapping_with_no_taskflow_operators.py
[2025-08-07T16:38:48.361+0700] {processor.py:829} INFO - Processing file /home/dwmhr/pln/venv/lib/python3.10/site-packages/airflow/example_dags/example_dynamic_task_mapping_with_no_taskflow_operators.py for tasks to queue
[2025-08-07T16:38:48.362+0700] {logging_mixin.py:154} INFO - [2025-08-07T16:38:48.362+0700] {dagbag.py:536} INFO - Filling up the DagBag from /home/dwmhr/pln/venv/lib/python3.10/site-packages/airflow/example_dags/example_dynamic_task_mapping_with_no_taskflow_operators.py
[2025-08-07T16:38:48.370+0700] {processor.py:839} INFO - DAG(s) dict_keys(['example_dynamic_task_mapping_with_no_taskflow_operators']) retrieved from /home/dwmhr/pln/venv/lib/python3.10/site-packages/airflow/example_dags/example_dynamic_task_mapping_with_no_taskflow_operators.py
[2025-08-07T16:38:48.388+0700] {logging_mixin.py:154} INFO - [2025-08-07T16:38:48.388+0700] {dag.py:2941} INFO - Sync 1 DAGs
[2025-08-07T16:38:48.407+0700] {logging_mixin.py:154} INFO - [2025-08-07T16:38:48.406+0700] {dag.py:3722} INFO - Setting next_dagrun for example_dynamic_task_mapping_with_no_taskflow_operators to 2025-08-06T09:38:48.406606+00:00, run_after=2025-08-07T09:38:48.406606+00:00
[2025-08-07T16:38:48.431+0700] {processor.py:179} INFO - Processing /home/dwmhr/pln/venv/lib/python3.10/site-packages/airflow/example_dags/example_dynamic_task_mapping_with_no_taskflow_operators.py took 0.077 seconds
[2025-08-07T16:40:10.437+0700] {processor.py:157} INFO - Started process (PID=128907) to work on /home/dwmhr/pln/venv/lib/python3.10/site-packages/airflow/example_dags/example_dynamic_task_mapping_with_no_taskflow_operators.py
[2025-08-07T16:40:10.443+0700] {processor.py:829} INFO - Processing file /home/dwmhr/pln/venv/lib/python3.10/site-packages/airflow/example_dags/example_dynamic_task_mapping_with_no_taskflow_operators.py for tasks to queue
[2025-08-07T16:40:10.448+0700] {logging_mixin.py:154} INFO - [2025-08-07T16:40:10.446+0700] {dagbag.py:536} INFO - Filling up the DagBag from /home/dwmhr/pln/venv/lib/python3.10/site-packages/airflow/example_dags/example_dynamic_task_mapping_with_no_taskflow_operators.py
[2025-08-07T16:40:10.494+0700] {processor.py:839} INFO - DAG(s) dict_keys(['example_dynamic_task_mapping_with_no_taskflow_operators']) retrieved from /home/dwmhr/pln/venv/lib/python3.10/site-packages/airflow/example_dags/example_dynamic_task_mapping_with_no_taskflow_operators.py
[2025-08-07T16:40:10.717+0700] {logging_mixin.py:154} INFO - [2025-08-07T16:40:10.715+0700] {dag.py:2941} INFO - Sync 1 DAGs
[2025-08-07T16:40:11.039+0700] {logging_mixin.py:154} INFO - [2025-08-07T16:40:11.037+0700] {dag.py:3722} INFO - Setting next_dagrun for example_dynamic_task_mapping_with_no_taskflow_operators to 2025-08-06T09:40:11.032785+00:00, run_after=2025-08-07T09:40:11.032785+00:00
[2025-08-07T16:40:11.367+0700] {processor.py:179} INFO - Processing /home/dwmhr/pln/venv/lib/python3.10/site-packages/airflow/example_dags/example_dynamic_task_mapping_with_no_taskflow_operators.py took 0.952 seconds
[2025-08-07T16:41:19.851+0700] {processor.py:157} INFO - Started process (PID=129193) to work on /home/dwmhr/pln/venv/lib/python3.10/site-packages/airflow/example_dags/example_dynamic_task_mapping_with_no_taskflow_operators.py
[2025-08-07T16:41:19.860+0700] {processor.py:829} INFO - Processing file /home/dwmhr/pln/venv/lib/python3.10/site-packages/airflow/example_dags/example_dynamic_task_mapping_with_no_taskflow_operators.py for tasks to queue
[2025-08-07T16:41:19.870+0700] {logging_mixin.py:154} INFO - [2025-08-07T16:41:19.867+0700] {dagbag.py:536} INFO - Filling up the DagBag from /home/dwmhr/pln/venv/lib/python3.10/site-packages/airflow/example_dags/example_dynamic_task_mapping_with_no_taskflow_operators.py
[2025-08-07T16:41:19.923+0700] {processor.py:839} INFO - DAG(s) dict_keys(['example_dynamic_task_mapping_with_no_taskflow_operators']) retrieved from /home/dwmhr/pln/venv/lib/python3.10/site-packages/airflow/example_dags/example_dynamic_task_mapping_with_no_taskflow_operators.py
[2025-08-07T16:41:20.032+0700] {logging_mixin.py:154} INFO - [2025-08-07T16:41:20.031+0700] {dag.py:2941} INFO - Sync 1 DAGs
[2025-08-07T16:41:20.116+0700] {logging_mixin.py:154} INFO - [2025-08-07T16:41:20.115+0700] {dag.py:3722} INFO - Setting next_dagrun for example_dynamic_task_mapping_with_no_taskflow_operators to 2025-08-06T09:41:20.114780+00:00, run_after=2025-08-07T09:41:20.114780+00:00
[2025-08-07T16:41:20.266+0700] {processor.py:179} INFO - Processing /home/dwmhr/pln/venv/lib/python3.10/site-packages/airflow/example_dags/example_dynamic_task_mapping_with_no_taskflow_operators.py took 0.479 seconds
[2025-08-07T16:42:06.702+0700] {processor.py:157} INFO - Started process (PID=129401) to work on /home/dwmhr/pln/venv/lib/python3.10/site-packages/airflow/example_dags/example_dynamic_task_mapping_with_no_taskflow_operators.py
[2025-08-07T16:42:06.705+0700] {processor.py:829} INFO - Processing file /home/dwmhr/pln/venv/lib/python3.10/site-packages/airflow/example_dags/example_dynamic_task_mapping_with_no_taskflow_operators.py for tasks to queue
[2025-08-07T16:42:06.706+0700] {logging_mixin.py:154} INFO - [2025-08-07T16:42:06.705+0700] {dagbag.py:536} INFO - Filling up the DagBag from /home/dwmhr/pln/venv/lib/python3.10/site-packages/airflow/example_dags/example_dynamic_task_mapping_with_no_taskflow_operators.py
[2025-08-07T16:42:06.718+0700] {processor.py:839} INFO - DAG(s) dict_keys(['example_dynamic_task_mapping_with_no_taskflow_operators']) retrieved from /home/dwmhr/pln/venv/lib/python3.10/site-packages/airflow/example_dags/example_dynamic_task_mapping_with_no_taskflow_operators.py
[2025-08-07T16:42:06.745+0700] {logging_mixin.py:154} INFO - [2025-08-07T16:42:06.745+0700] {dag.py:2941} INFO - Sync 1 DAGs
[2025-08-07T16:42:06.774+0700] {logging_mixin.py:154} INFO - [2025-08-07T16:42:06.774+0700] {dag.py:3722} INFO - Setting next_dagrun for example_dynamic_task_mapping_with_no_taskflow_operators to 2025-08-06T09:42:06.773789+00:00, run_after=2025-08-07T09:42:06.773789+00:00
[2025-08-07T16:42:06.835+0700] {processor.py:179} INFO - Processing /home/dwmhr/pln/venv/lib/python3.10/site-packages/airflow/example_dags/example_dynamic_task_mapping_with_no_taskflow_operators.py took 0.139 seconds
[2025-08-07T16:43:25.662+0700] {processor.py:157} INFO - Started process (PID=129713) to work on /home/dwmhr/pln/venv/lib/python3.10/site-packages/airflow/example_dags/example_dynamic_task_mapping_with_no_taskflow_operators.py
[2025-08-07T16:43:25.665+0700] {processor.py:829} INFO - Processing file /home/dwmhr/pln/venv/lib/python3.10/site-packages/airflow/example_dags/example_dynamic_task_mapping_with_no_taskflow_operators.py for tasks to queue
[2025-08-07T16:43:25.668+0700] {logging_mixin.py:154} INFO - [2025-08-07T16:43:25.667+0700] {dagbag.py:536} INFO - Filling up the DagBag from /home/dwmhr/pln/venv/lib/python3.10/site-packages/airflow/example_dags/example_dynamic_task_mapping_with_no_taskflow_operators.py
[2025-08-07T16:43:25.687+0700] {processor.py:839} INFO - DAG(s) dict_keys(['example_dynamic_task_mapping_with_no_taskflow_operators']) retrieved from /home/dwmhr/pln/venv/lib/python3.10/site-packages/airflow/example_dags/example_dynamic_task_mapping_with_no_taskflow_operators.py
[2025-08-07T16:43:25.747+0700] {logging_mixin.py:154} INFO - [2025-08-07T16:43:25.747+0700] {dag.py:2941} INFO - Sync 1 DAGs
[2025-08-07T16:43:25.825+0700] {logging_mixin.py:154} INFO - [2025-08-07T16:43:25.824+0700] {dag.py:3722} INFO - Setting next_dagrun for example_dynamic_task_mapping_with_no_taskflow_operators to 2025-08-06T09:43:25.823984+00:00, run_after=2025-08-07T09:43:25.823984+00:00
[2025-08-07T16:43:25.912+0700] {processor.py:179} INFO - Processing /home/dwmhr/pln/venv/lib/python3.10/site-packages/airflow/example_dags/example_dynamic_task_mapping_with_no_taskflow_operators.py took 0.261 seconds
[2025-08-07T16:44:16.788+0700] {processor.py:157} INFO - Started process (PID=129958) to work on /home/dwmhr/pln/venv/lib/python3.10/site-packages/airflow/example_dags/example_dynamic_task_mapping_with_no_taskflow_operators.py
[2025-08-07T16:44:16.792+0700] {processor.py:829} INFO - Processing file /home/dwmhr/pln/venv/lib/python3.10/site-packages/airflow/example_dags/example_dynamic_task_mapping_with_no_taskflow_operators.py for tasks to queue
[2025-08-07T16:44:16.793+0700] {logging_mixin.py:154} INFO - [2025-08-07T16:44:16.793+0700] {dagbag.py:536} INFO - Filling up the DagBag from /home/dwmhr/pln/venv/lib/python3.10/site-packages/airflow/example_dags/example_dynamic_task_mapping_with_no_taskflow_operators.py
[2025-08-07T16:44:16.803+0700] {processor.py:839} INFO - DAG(s) dict_keys(['example_dynamic_task_mapping_with_no_taskflow_operators']) retrieved from /home/dwmhr/pln/venv/lib/python3.10/site-packages/airflow/example_dags/example_dynamic_task_mapping_with_no_taskflow_operators.py
[2025-08-07T16:44:16.832+0700] {logging_mixin.py:154} INFO - [2025-08-07T16:44:16.832+0700] {dag.py:2941} INFO - Sync 1 DAGs
[2025-08-07T16:44:16.863+0700] {logging_mixin.py:154} INFO - [2025-08-07T16:44:16.862+0700] {dag.py:3722} INFO - Setting next_dagrun for example_dynamic_task_mapping_with_no_taskflow_operators to 2025-08-06T09:44:16.861913+00:00, run_after=2025-08-07T09:44:16.861913+00:00
[2025-08-07T16:44:16.904+0700] {processor.py:179} INFO - Processing /home/dwmhr/pln/venv/lib/python3.10/site-packages/airflow/example_dags/example_dynamic_task_mapping_with_no_taskflow_operators.py took 0.121 seconds
[2025-08-07T16:45:18.123+0700] {processor.py:157} INFO - Started process (PID=130232) to work on /home/dwmhr/pln/venv/lib/python3.10/site-packages/airflow/example_dags/example_dynamic_task_mapping_with_no_taskflow_operators.py
[2025-08-07T16:45:18.135+0700] {processor.py:829} INFO - Processing file /home/dwmhr/pln/venv/lib/python3.10/site-packages/airflow/example_dags/example_dynamic_task_mapping_with_no_taskflow_operators.py for tasks to queue
[2025-08-07T16:45:18.136+0700] {logging_mixin.py:154} INFO - [2025-08-07T16:45:18.136+0700] {dagbag.py:536} INFO - Filling up the DagBag from /home/dwmhr/pln/venv/lib/python3.10/site-packages/airflow/example_dags/example_dynamic_task_mapping_with_no_taskflow_operators.py
[2025-08-07T16:45:18.141+0700] {processor.py:839} INFO - DAG(s) dict_keys(['example_dynamic_task_mapping_with_no_taskflow_operators']) retrieved from /home/dwmhr/pln/venv/lib/python3.10/site-packages/airflow/example_dags/example_dynamic_task_mapping_with_no_taskflow_operators.py
[2025-08-07T16:45:18.154+0700] {logging_mixin.py:154} INFO - [2025-08-07T16:45:18.154+0700] {dag.py:2941} INFO - Sync 1 DAGs
[2025-08-07T16:45:18.168+0700] {logging_mixin.py:154} INFO - [2025-08-07T16:45:18.167+0700] {dag.py:3722} INFO - Setting next_dagrun for example_dynamic_task_mapping_with_no_taskflow_operators to 2025-08-06T09:45:18.167762+00:00, run_after=2025-08-07T09:45:18.167762+00:00
[2025-08-07T16:45:18.185+0700] {processor.py:179} INFO - Processing /home/dwmhr/pln/venv/lib/python3.10/site-packages/airflow/example_dags/example_dynamic_task_mapping_with_no_taskflow_operators.py took 0.065 seconds
[2025-08-07T16:46:38.067+0700] {processor.py:157} INFO - Started process (PID=130584) to work on /home/dwmhr/pln/venv/lib/python3.10/site-packages/airflow/example_dags/example_dynamic_task_mapping_with_no_taskflow_operators.py
[2025-08-07T16:46:38.075+0700] {processor.py:829} INFO - Processing file /home/dwmhr/pln/venv/lib/python3.10/site-packages/airflow/example_dags/example_dynamic_task_mapping_with_no_taskflow_operators.py for tasks to queue
[2025-08-07T16:46:38.078+0700] {logging_mixin.py:154} INFO - [2025-08-07T16:46:38.077+0700] {dagbag.py:536} INFO - Filling up the DagBag from /home/dwmhr/pln/venv/lib/python3.10/site-packages/airflow/example_dags/example_dynamic_task_mapping_with_no_taskflow_operators.py
[2025-08-07T16:46:38.122+0700] {processor.py:839} INFO - DAG(s) dict_keys(['example_dynamic_task_mapping_with_no_taskflow_operators']) retrieved from /home/dwmhr/pln/venv/lib/python3.10/site-packages/airflow/example_dags/example_dynamic_task_mapping_with_no_taskflow_operators.py
[2025-08-07T16:46:39.298+0700] {logging_mixin.py:154} INFO - [2025-08-07T16:46:39.297+0700] {dag.py:2941} INFO - Sync 1 DAGs
[2025-08-07T16:46:39.788+0700] {logging_mixin.py:154} INFO - [2025-08-07T16:46:39.788+0700] {dag.py:3722} INFO - Setting next_dagrun for example_dynamic_task_mapping_with_no_taskflow_operators to 2025-08-06T09:46:39.786679+00:00, run_after=2025-08-07T09:46:39.786679+00:00
[2025-08-07T16:46:40.063+0700] {processor.py:179} INFO - Processing /home/dwmhr/pln/venv/lib/python3.10/site-packages/airflow/example_dags/example_dynamic_task_mapping_with_no_taskflow_operators.py took 2.011 seconds
[2025-08-07T16:47:35.153+0700] {processor.py:157} INFO - Started process (PID=130808) to work on /home/dwmhr/pln/venv/lib/python3.10/site-packages/airflow/example_dags/example_dynamic_task_mapping_with_no_taskflow_operators.py
[2025-08-07T16:47:35.166+0700] {processor.py:829} INFO - Processing file /home/dwmhr/pln/venv/lib/python3.10/site-packages/airflow/example_dags/example_dynamic_task_mapping_with_no_taskflow_operators.py for tasks to queue
[2025-08-07T16:47:35.167+0700] {logging_mixin.py:154} INFO - [2025-08-07T16:47:35.167+0700] {dagbag.py:536} INFO - Filling up the DagBag from /home/dwmhr/pln/venv/lib/python3.10/site-packages/airflow/example_dags/example_dynamic_task_mapping_with_no_taskflow_operators.py
[2025-08-07T16:47:35.175+0700] {processor.py:839} INFO - DAG(s) dict_keys(['example_dynamic_task_mapping_with_no_taskflow_operators']) retrieved from /home/dwmhr/pln/venv/lib/python3.10/site-packages/airflow/example_dags/example_dynamic_task_mapping_with_no_taskflow_operators.py
[2025-08-07T16:47:35.202+0700] {logging_mixin.py:154} INFO - [2025-08-07T16:47:35.201+0700] {dag.py:2941} INFO - Sync 1 DAGs
[2025-08-07T16:47:35.232+0700] {logging_mixin.py:154} INFO - [2025-08-07T16:47:35.231+0700] {dag.py:3722} INFO - Setting next_dagrun for example_dynamic_task_mapping_with_no_taskflow_operators to 2025-08-06T09:47:35.231441+00:00, run_after=2025-08-07T09:47:35.231441+00:00
[2025-08-07T16:47:35.269+0700] {processor.py:179} INFO - Processing /home/dwmhr/pln/venv/lib/python3.10/site-packages/airflow/example_dags/example_dynamic_task_mapping_with_no_taskflow_operators.py took 0.121 seconds
[2025-08-07T16:49:01.527+0700] {processor.py:157} INFO - Started process (PID=131180) to work on /home/dwmhr/pln/venv/lib/python3.10/site-packages/airflow/example_dags/example_dynamic_task_mapping_with_no_taskflow_operators.py
[2025-08-07T16:49:01.528+0700] {processor.py:829} INFO - Processing file /home/dwmhr/pln/venv/lib/python3.10/site-packages/airflow/example_dags/example_dynamic_task_mapping_with_no_taskflow_operators.py for tasks to queue
[2025-08-07T16:49:01.529+0700] {logging_mixin.py:154} INFO - [2025-08-07T16:49:01.529+0700] {dagbag.py:536} INFO - Filling up the DagBag from /home/dwmhr/pln/venv/lib/python3.10/site-packages/airflow/example_dags/example_dynamic_task_mapping_with_no_taskflow_operators.py
[2025-08-07T16:49:01.534+0700] {processor.py:839} INFO - DAG(s) dict_keys(['example_dynamic_task_mapping_with_no_taskflow_operators']) retrieved from /home/dwmhr/pln/venv/lib/python3.10/site-packages/airflow/example_dags/example_dynamic_task_mapping_with_no_taskflow_operators.py
[2025-08-07T16:49:01.546+0700] {logging_mixin.py:154} INFO - [2025-08-07T16:49:01.546+0700] {dag.py:2941} INFO - Sync 1 DAGs
[2025-08-07T16:49:01.559+0700] {logging_mixin.py:154} INFO - [2025-08-07T16:49:01.558+0700] {dag.py:3722} INFO - Setting next_dagrun for example_dynamic_task_mapping_with_no_taskflow_operators to 2025-08-06T09:49:01.558672+00:00, run_after=2025-08-07T09:49:01.558672+00:00
[2025-08-07T16:49:01.576+0700] {processor.py:179} INFO - Processing /home/dwmhr/pln/venv/lib/python3.10/site-packages/airflow/example_dags/example_dynamic_task_mapping_with_no_taskflow_operators.py took 0.051 seconds
