[2025-08-07T15:45:57.551+0700] {processor.py:157} INFO - Started process (PID=113445) to work on /home/dwmhr/pln/venv/lib/python3.10/site-packages/airflow/example_dags/example_complex.py
[2025-08-07T15:45:57.553+0700] {processor.py:829} INFO - Processing file /home/dwmhr/pln/venv/lib/python3.10/site-packages/airflow/example_dags/example_complex.py for tasks to queue
[2025-08-07T15:45:57.554+0700] {logging_mixin.py:154} INFO - [2025-08-07T15:45:57.554+0700] {dagbag.py:536} INFO - Filling up the DagBag from /home/dwmhr/pln/venv/lib/python3.10/site-packages/airflow/example_dags/example_complex.py
[2025-08-07T15:45:57.571+0700] {processor.py:839} INFO - DAG(s) dict_keys(['example_complex']) retrieved from /home/dwmhr/pln/venv/lib/python3.10/site-packages/airflow/example_dags/example_complex.py
[2025-08-07T15:45:57.769+0700] {logging_mixin.py:154} INFO - [2025-08-07T15:45:57.769+0700] {manager.py:499} INFO - Created Permission View: %s
[2025-08-07T15:45:57.792+0700] {logging_mixin.py:154} INFO - [2025-08-07T15:45:57.792+0700] {manager.py:499} INFO - Created Permission View: %s
[2025-08-07T15:45:57.813+0700] {logging_mixin.py:154} INFO - [2025-08-07T15:45:57.813+0700] {manager.py:499} INFO - Created Permission View: %s
[2025-08-07T15:45:57.814+0700] {logging_mixin.py:154} INFO - [2025-08-07T15:45:57.814+0700] {dag.py:2941} INFO - Sync 1 DAGs
[2025-08-07T15:45:57.832+0700] {logging_mixin.py:154} INFO - [2025-08-07T15:45:57.832+0700] {dag.py:2963} INFO - Creating ORM DAG for example_complex
[2025-08-07T15:45:57.833+0700] {logging_mixin.py:154} INFO - [2025-08-07T15:45:57.833+0700] {dag.py:3722} INFO - Setting next_dagrun for example_complex to None, run_after=None
[2025-08-07T15:45:57.873+0700] {processor.py:179} INFO - Processing /home/dwmhr/pln/venv/lib/python3.10/site-packages/airflow/example_dags/example_complex.py took 0.328 seconds
[2025-08-07T15:46:55.112+0700] {processor.py:157} INFO - Started process (PID=113745) to work on /home/dwmhr/pln/venv/lib/python3.10/site-packages/airflow/example_dags/example_complex.py
[2025-08-07T15:46:55.119+0700] {processor.py:829} INFO - Processing file /home/dwmhr/pln/venv/lib/python3.10/site-packages/airflow/example_dags/example_complex.py for tasks to queue
[2025-08-07T15:46:55.132+0700] {logging_mixin.py:154} INFO - [2025-08-07T15:46:55.121+0700] {dagbag.py:536} INFO - Filling up the DagBag from /home/dwmhr/pln/venv/lib/python3.10/site-packages/airflow/example_dags/example_complex.py
[2025-08-07T15:46:55.185+0700] {processor.py:839} INFO - DAG(s) dict_keys(['example_complex']) retrieved from /home/dwmhr/pln/venv/lib/python3.10/site-packages/airflow/example_dags/example_complex.py
[2025-08-07T15:46:55.322+0700] {logging_mixin.py:154} INFO - [2025-08-07T15:46:55.321+0700] {dag.py:2941} INFO - Sync 1 DAGs
[2025-08-07T15:46:55.382+0700] {logging_mixin.py:154} INFO - [2025-08-07T15:46:55.381+0700] {dag.py:3722} INFO - Setting next_dagrun for example_complex to None, run_after=None
[2025-08-07T15:46:55.482+0700] {processor.py:179} INFO - Processing /home/dwmhr/pln/venv/lib/python3.10/site-packages/airflow/example_dags/example_complex.py took 0.387 seconds
[2025-08-07T15:47:48.395+0700] {processor.py:157} INFO - Started process (PID=114051) to work on /home/dwmhr/pln/venv/lib/python3.10/site-packages/airflow/example_dags/example_complex.py
[2025-08-07T15:47:48.397+0700] {processor.py:829} INFO - Processing file /home/dwmhr/pln/venv/lib/python3.10/site-packages/airflow/example_dags/example_complex.py for tasks to queue
[2025-08-07T15:47:48.398+0700] {logging_mixin.py:154} INFO - [2025-08-07T15:47:48.398+0700] {dagbag.py:536} INFO - Filling up the DagBag from /home/dwmhr/pln/venv/lib/python3.10/site-packages/airflow/example_dags/example_complex.py
[2025-08-07T15:47:48.407+0700] {processor.py:839} INFO - DAG(s) dict_keys(['example_complex']) retrieved from /home/dwmhr/pln/venv/lib/python3.10/site-packages/airflow/example_dags/example_complex.py
[2025-08-07T15:47:48.431+0700] {logging_mixin.py:154} INFO - [2025-08-07T15:47:48.430+0700] {dag.py:2941} INFO - Sync 1 DAGs
[2025-08-07T15:47:48.440+0700] {logging_mixin.py:154} INFO - [2025-08-07T15:47:48.440+0700] {dag.py:3722} INFO - Setting next_dagrun for example_complex to None, run_after=None
[2025-08-07T15:47:48.465+0700] {processor.py:179} INFO - Processing /home/dwmhr/pln/venv/lib/python3.10/site-packages/airflow/example_dags/example_complex.py took 0.074 seconds
[2025-08-07T15:48:49.477+0700] {processor.py:157} INFO - Started process (PID=114358) to work on /home/dwmhr/pln/venv/lib/python3.10/site-packages/airflow/example_dags/example_complex.py
[2025-08-07T15:48:49.481+0700] {processor.py:829} INFO - Processing file /home/dwmhr/pln/venv/lib/python3.10/site-packages/airflow/example_dags/example_complex.py for tasks to queue
[2025-08-07T15:48:49.485+0700] {logging_mixin.py:154} INFO - [2025-08-07T15:48:49.484+0700] {dagbag.py:536} INFO - Filling up the DagBag from /home/dwmhr/pln/venv/lib/python3.10/site-packages/airflow/example_dags/example_complex.py
[2025-08-07T15:48:49.524+0700] {processor.py:839} INFO - DAG(s) dict_keys(['example_complex']) retrieved from /home/dwmhr/pln/venv/lib/python3.10/site-packages/airflow/example_dags/example_complex.py
[2025-08-07T15:48:49.607+0700] {logging_mixin.py:154} INFO - [2025-08-07T15:48:49.606+0700] {dag.py:2941} INFO - Sync 1 DAGs
[2025-08-07T15:48:49.646+0700] {logging_mixin.py:154} INFO - [2025-08-07T15:48:49.646+0700] {dag.py:3722} INFO - Setting next_dagrun for example_complex to None, run_after=None
[2025-08-07T15:48:49.714+0700] {processor.py:179} INFO - Processing /home/dwmhr/pln/venv/lib/python3.10/site-packages/airflow/example_dags/example_complex.py took 0.249 seconds
[2025-08-07T15:49:56.784+0700] {processor.py:157} INFO - Started process (PID=114733) to work on /home/dwmhr/pln/venv/lib/python3.10/site-packages/airflow/example_dags/example_complex.py
[2025-08-07T15:49:56.786+0700] {processor.py:829} INFO - Processing file /home/dwmhr/pln/venv/lib/python3.10/site-packages/airflow/example_dags/example_complex.py for tasks to queue
[2025-08-07T15:49:56.788+0700] {logging_mixin.py:154} INFO - [2025-08-07T15:49:56.787+0700] {dagbag.py:536} INFO - Filling up the DagBag from /home/dwmhr/pln/venv/lib/python3.10/site-packages/airflow/example_dags/example_complex.py
[2025-08-07T15:49:56.815+0700] {processor.py:839} INFO - DAG(s) dict_keys(['example_complex']) retrieved from /home/dwmhr/pln/venv/lib/python3.10/site-packages/airflow/example_dags/example_complex.py
[2025-08-07T15:49:56.862+0700] {logging_mixin.py:154} INFO - [2025-08-07T15:49:56.861+0700] {dag.py:2941} INFO - Sync 1 DAGs
[2025-08-07T15:49:56.881+0700] {logging_mixin.py:154} INFO - [2025-08-07T15:49:56.881+0700] {dag.py:3722} INFO - Setting next_dagrun for example_complex to None, run_after=None
[2025-08-07T15:49:56.932+0700] {processor.py:179} INFO - Processing /home/dwmhr/pln/venv/lib/python3.10/site-packages/airflow/example_dags/example_complex.py took 0.154 seconds
[2025-08-07T15:51:18.935+0700] {processor.py:157} INFO - Started process (PID=115179) to work on /home/dwmhr/pln/venv/lib/python3.10/site-packages/airflow/example_dags/example_complex.py
[2025-08-07T15:51:18.938+0700] {processor.py:829} INFO - Processing file /home/dwmhr/pln/venv/lib/python3.10/site-packages/airflow/example_dags/example_complex.py for tasks to queue
[2025-08-07T15:51:18.940+0700] {logging_mixin.py:154} INFO - [2025-08-07T15:51:18.939+0700] {dagbag.py:536} INFO - Filling up the DagBag from /home/dwmhr/pln/venv/lib/python3.10/site-packages/airflow/example_dags/example_complex.py
[2025-08-07T15:51:18.971+0700] {processor.py:839} INFO - DAG(s) dict_keys(['example_complex']) retrieved from /home/dwmhr/pln/venv/lib/python3.10/site-packages/airflow/example_dags/example_complex.py
[2025-08-07T15:51:19.032+0700] {logging_mixin.py:154} INFO - [2025-08-07T15:51:19.032+0700] {dag.py:2941} INFO - Sync 1 DAGs
[2025-08-07T15:51:19.059+0700] {logging_mixin.py:154} INFO - [2025-08-07T15:51:19.058+0700] {dag.py:3722} INFO - Setting next_dagrun for example_complex to None, run_after=None
[2025-08-07T15:51:19.116+0700] {processor.py:179} INFO - Processing /home/dwmhr/pln/venv/lib/python3.10/site-packages/airflow/example_dags/example_complex.py took 0.187 seconds
[2025-08-07T15:53:39.105+0700] {processor.py:157} INFO - Started process (PID=115792) to work on /home/dwmhr/pln/venv/lib/python3.10/site-packages/airflow/example_dags/example_complex.py
[2025-08-07T15:53:39.107+0700] {processor.py:829} INFO - Processing file /home/dwmhr/pln/venv/lib/python3.10/site-packages/airflow/example_dags/example_complex.py for tasks to queue
[2025-08-07T15:53:39.109+0700] {logging_mixin.py:154} INFO - [2025-08-07T15:53:39.108+0700] {dagbag.py:536} INFO - Filling up the DagBag from /home/dwmhr/pln/venv/lib/python3.10/site-packages/airflow/example_dags/example_complex.py
[2025-08-07T15:53:39.118+0700] {processor.py:839} INFO - DAG(s) dict_keys(['example_complex']) retrieved from /home/dwmhr/pln/venv/lib/python3.10/site-packages/airflow/example_dags/example_complex.py
[2025-08-07T15:53:39.150+0700] {logging_mixin.py:154} INFO - [2025-08-07T15:53:39.150+0700] {dag.py:2941} INFO - Sync 1 DAGs
[2025-08-07T15:53:39.169+0700] {logging_mixin.py:154} INFO - [2025-08-07T15:53:39.169+0700] {dag.py:3722} INFO - Setting next_dagrun for example_complex to None, run_after=None
[2025-08-07T15:53:39.201+0700] {processor.py:179} INFO - Processing /home/dwmhr/pln/venv/lib/python3.10/site-packages/airflow/example_dags/example_complex.py took 0.098 seconds
[2025-08-07T15:55:19.699+0700] {processor.py:157} INFO - Started process (PID=116302) to work on /home/dwmhr/pln/venv/lib/python3.10/site-packages/airflow/example_dags/example_complex.py
[2025-08-07T15:55:19.702+0700] {processor.py:829} INFO - Processing file /home/dwmhr/pln/venv/lib/python3.10/site-packages/airflow/example_dags/example_complex.py for tasks to queue
[2025-08-07T15:55:19.703+0700] {logging_mixin.py:154} INFO - [2025-08-07T15:55:19.703+0700] {dagbag.py:536} INFO - Filling up the DagBag from /home/dwmhr/pln/venv/lib/python3.10/site-packages/airflow/example_dags/example_complex.py
[2025-08-07T15:55:19.725+0700] {processor.py:839} INFO - DAG(s) dict_keys(['example_complex']) retrieved from /home/dwmhr/pln/venv/lib/python3.10/site-packages/airflow/example_dags/example_complex.py
[2025-08-07T15:55:19.773+0700] {logging_mixin.py:154} INFO - [2025-08-07T15:55:19.772+0700] {dag.py:2941} INFO - Sync 1 DAGs
[2025-08-07T15:55:19.794+0700] {logging_mixin.py:154} INFO - [2025-08-07T15:55:19.794+0700] {dag.py:3722} INFO - Setting next_dagrun for example_complex to None, run_after=None
[2025-08-07T15:55:19.833+0700] {processor.py:179} INFO - Processing /home/dwmhr/pln/venv/lib/python3.10/site-packages/airflow/example_dags/example_complex.py took 0.141 seconds
[2025-08-07T15:56:41.840+0700] {processor.py:157} INFO - Started process (PID=116747) to work on /home/dwmhr/pln/venv/lib/python3.10/site-packages/airflow/example_dags/example_complex.py
[2025-08-07T15:56:41.844+0700] {processor.py:829} INFO - Processing file /home/dwmhr/pln/venv/lib/python3.10/site-packages/airflow/example_dags/example_complex.py for tasks to queue
[2025-08-07T15:56:41.847+0700] {logging_mixin.py:154} INFO - [2025-08-07T15:56:41.846+0700] {dagbag.py:536} INFO - Filling up the DagBag from /home/dwmhr/pln/venv/lib/python3.10/site-packages/airflow/example_dags/example_complex.py
[2025-08-07T15:56:41.881+0700] {processor.py:839} INFO - DAG(s) dict_keys(['example_complex']) retrieved from /home/dwmhr/pln/venv/lib/python3.10/site-packages/airflow/example_dags/example_complex.py
[2025-08-07T15:56:41.998+0700] {logging_mixin.py:154} INFO - [2025-08-07T15:56:41.997+0700] {dag.py:2941} INFO - Sync 1 DAGs
[2025-08-07T15:56:42.047+0700] {logging_mixin.py:154} INFO - [2025-08-07T15:56:42.046+0700] {dag.py:3722} INFO - Setting next_dagrun for example_complex to None, run_after=None
[2025-08-07T15:56:42.134+0700] {processor.py:179} INFO - Processing /home/dwmhr/pln/venv/lib/python3.10/site-packages/airflow/example_dags/example_complex.py took 0.303 seconds
[2025-08-07T15:57:46.759+0700] {processor.py:157} INFO - Started process (PID=117085) to work on /home/dwmhr/pln/venv/lib/python3.10/site-packages/airflow/example_dags/example_complex.py
[2025-08-07T15:57:46.763+0700] {processor.py:829} INFO - Processing file /home/dwmhr/pln/venv/lib/python3.10/site-packages/airflow/example_dags/example_complex.py for tasks to queue
[2025-08-07T15:57:46.765+0700] {logging_mixin.py:154} INFO - [2025-08-07T15:57:46.764+0700] {dagbag.py:536} INFO - Filling up the DagBag from /home/dwmhr/pln/venv/lib/python3.10/site-packages/airflow/example_dags/example_complex.py
[2025-08-07T15:57:46.796+0700] {processor.py:839} INFO - DAG(s) dict_keys(['example_complex']) retrieved from /home/dwmhr/pln/venv/lib/python3.10/site-packages/airflow/example_dags/example_complex.py
[2025-08-07T15:57:46.886+0700] {logging_mixin.py:154} INFO - [2025-08-07T15:57:46.882+0700] {dag.py:2941} INFO - Sync 1 DAGs
[2025-08-07T15:57:46.922+0700] {logging_mixin.py:154} INFO - [2025-08-07T15:57:46.921+0700] {dag.py:3722} INFO - Setting next_dagrun for example_complex to None, run_after=None
[2025-08-07T15:57:46.998+0700] {processor.py:179} INFO - Processing /home/dwmhr/pln/venv/lib/python3.10/site-packages/airflow/example_dags/example_complex.py took 0.248 seconds
[2025-08-07T16:00:20.221+0700] {processor.py:157} INFO - Started process (PID=117862) to work on /home/dwmhr/pln/venv/lib/python3.10/site-packages/airflow/example_dags/example_complex.py
[2025-08-07T16:00:20.226+0700] {processor.py:829} INFO - Processing file /home/dwmhr/pln/venv/lib/python3.10/site-packages/airflow/example_dags/example_complex.py for tasks to queue
[2025-08-07T16:00:20.229+0700] {logging_mixin.py:154} INFO - [2025-08-07T16:00:20.228+0700] {dagbag.py:536} INFO - Filling up the DagBag from /home/dwmhr/pln/venv/lib/python3.10/site-packages/airflow/example_dags/example_complex.py
[2025-08-07T16:00:20.261+0700] {processor.py:839} INFO - DAG(s) dict_keys(['example_complex']) retrieved from /home/dwmhr/pln/venv/lib/python3.10/site-packages/airflow/example_dags/example_complex.py
[2025-08-07T16:00:20.350+0700] {logging_mixin.py:154} INFO - [2025-08-07T16:00:20.350+0700] {dag.py:2941} INFO - Sync 1 DAGs
[2025-08-07T16:00:20.389+0700] {logging_mixin.py:154} INFO - [2025-08-07T16:00:20.389+0700] {dag.py:3722} INFO - Setting next_dagrun for example_complex to None, run_after=None
[2025-08-07T16:00:20.469+0700] {processor.py:179} INFO - Processing /home/dwmhr/pln/venv/lib/python3.10/site-packages/airflow/example_dags/example_complex.py took 0.258 seconds
[2025-08-07T16:04:29.890+0700] {processor.py:157} INFO - Started process (PID=119004) to work on /home/dwmhr/pln/venv/lib/python3.10/site-packages/airflow/example_dags/example_complex.py
[2025-08-07T16:04:29.897+0700] {processor.py:829} INFO - Processing file /home/dwmhr/pln/venv/lib/python3.10/site-packages/airflow/example_dags/example_complex.py for tasks to queue
[2025-08-07T16:04:29.902+0700] {logging_mixin.py:154} INFO - [2025-08-07T16:04:29.900+0700] {dagbag.py:536} INFO - Filling up the DagBag from /home/dwmhr/pln/venv/lib/python3.10/site-packages/airflow/example_dags/example_complex.py
[2025-08-07T16:04:29.968+0700] {processor.py:839} INFO - DAG(s) dict_keys(['example_complex']) retrieved from /home/dwmhr/pln/venv/lib/python3.10/site-packages/airflow/example_dags/example_complex.py
[2025-08-07T16:04:30.089+0700] {logging_mixin.py:154} INFO - [2025-08-07T16:04:30.088+0700] {dag.py:2941} INFO - Sync 1 DAGs
[2025-08-07T16:04:30.127+0700] {logging_mixin.py:154} INFO - [2025-08-07T16:04:30.126+0700] {dag.py:3722} INFO - Setting next_dagrun for example_complex to None, run_after=None
[2025-08-07T16:04:30.210+0700] {processor.py:179} INFO - Processing /home/dwmhr/pln/venv/lib/python3.10/site-packages/airflow/example_dags/example_complex.py took 0.336 seconds
[2025-08-07T16:05:26.771+0700] {processor.py:157} INFO - Started process (PID=119296) to work on /home/dwmhr/pln/venv/lib/python3.10/site-packages/airflow/example_dags/example_complex.py
[2025-08-07T16:05:26.782+0700] {processor.py:829} INFO - Processing file /home/dwmhr/pln/venv/lib/python3.10/site-packages/airflow/example_dags/example_complex.py for tasks to queue
[2025-08-07T16:05:26.783+0700] {logging_mixin.py:154} INFO - [2025-08-07T16:05:26.783+0700] {dagbag.py:536} INFO - Filling up the DagBag from /home/dwmhr/pln/venv/lib/python3.10/site-packages/airflow/example_dags/example_complex.py
[2025-08-07T16:05:26.794+0700] {processor.py:839} INFO - DAG(s) dict_keys(['example_complex']) retrieved from /home/dwmhr/pln/venv/lib/python3.10/site-packages/airflow/example_dags/example_complex.py
[2025-08-07T16:05:26.819+0700] {logging_mixin.py:154} INFO - [2025-08-07T16:05:26.819+0700] {dag.py:2941} INFO - Sync 1 DAGs
[2025-08-07T16:05:26.830+0700] {logging_mixin.py:154} INFO - [2025-08-07T16:05:26.830+0700] {dag.py:3722} INFO - Setting next_dagrun for example_complex to None, run_after=None
[2025-08-07T16:05:26.855+0700] {processor.py:179} INFO - Processing /home/dwmhr/pln/venv/lib/python3.10/site-packages/airflow/example_dags/example_complex.py took 0.088 seconds
[2025-08-07T16:06:52.701+0700] {processor.py:157} INFO - Started process (PID=119680) to work on /home/dwmhr/pln/venv/lib/python3.10/site-packages/airflow/example_dags/example_complex.py
[2025-08-07T16:06:52.707+0700] {processor.py:829} INFO - Processing file /home/dwmhr/pln/venv/lib/python3.10/site-packages/airflow/example_dags/example_complex.py for tasks to queue
[2025-08-07T16:06:52.711+0700] {logging_mixin.py:154} INFO - [2025-08-07T16:06:52.709+0700] {dagbag.py:536} INFO - Filling up the DagBag from /home/dwmhr/pln/venv/lib/python3.10/site-packages/airflow/example_dags/example_complex.py
[2025-08-07T16:06:52.753+0700] {processor.py:839} INFO - DAG(s) dict_keys(['example_complex']) retrieved from /home/dwmhr/pln/venv/lib/python3.10/site-packages/airflow/example_dags/example_complex.py
[2025-08-07T16:06:52.852+0700] {logging_mixin.py:154} INFO - [2025-08-07T16:06:52.851+0700] {dag.py:2941} INFO - Sync 1 DAGs
[2025-08-07T16:06:52.893+0700] {logging_mixin.py:154} INFO - [2025-08-07T16:06:52.892+0700] {dag.py:3722} INFO - Setting next_dagrun for example_complex to None, run_after=None
[2025-08-07T16:06:52.962+0700] {processor.py:179} INFO - Processing /home/dwmhr/pln/venv/lib/python3.10/site-packages/airflow/example_dags/example_complex.py took 0.274 seconds
[2025-08-07T16:08:04.544+0700] {processor.py:157} INFO - Started process (PID=120085) to work on /home/dwmhr/pln/venv/lib/python3.10/site-packages/airflow/example_dags/example_complex.py
[2025-08-07T16:08:04.547+0700] {processor.py:829} INFO - Processing file /home/dwmhr/pln/venv/lib/python3.10/site-packages/airflow/example_dags/example_complex.py for tasks to queue
[2025-08-07T16:08:04.549+0700] {logging_mixin.py:154} INFO - [2025-08-07T16:08:04.548+0700] {dagbag.py:536} INFO - Filling up the DagBag from /home/dwmhr/pln/venv/lib/python3.10/site-packages/airflow/example_dags/example_complex.py
[2025-08-07T16:08:04.572+0700] {processor.py:839} INFO - DAG(s) dict_keys(['example_complex']) retrieved from /home/dwmhr/pln/venv/lib/python3.10/site-packages/airflow/example_dags/example_complex.py
[2025-08-07T16:08:04.620+0700] {logging_mixin.py:154} INFO - [2025-08-07T16:08:04.619+0700] {dag.py:2941} INFO - Sync 1 DAGs
[2025-08-07T16:08:04.647+0700] {logging_mixin.py:154} INFO - [2025-08-07T16:08:04.647+0700] {dag.py:3722} INFO - Setting next_dagrun for example_complex to None, run_after=None
[2025-08-07T16:08:04.713+0700] {processor.py:179} INFO - Processing /home/dwmhr/pln/venv/lib/python3.10/site-packages/airflow/example_dags/example_complex.py took 0.182 seconds
[2025-08-07T16:09:19.212+0700] {processor.py:157} INFO - Started process (PID=120424) to work on /home/dwmhr/pln/venv/lib/python3.10/site-packages/airflow/example_dags/example_complex.py
[2025-08-07T16:09:19.216+0700] {processor.py:829} INFO - Processing file /home/dwmhr/pln/venv/lib/python3.10/site-packages/airflow/example_dags/example_complex.py for tasks to queue
[2025-08-07T16:09:19.219+0700] {logging_mixin.py:154} INFO - [2025-08-07T16:09:19.218+0700] {dagbag.py:536} INFO - Filling up the DagBag from /home/dwmhr/pln/venv/lib/python3.10/site-packages/airflow/example_dags/example_complex.py
[2025-08-07T16:09:19.249+0700] {processor.py:839} INFO - DAG(s) dict_keys(['example_complex']) retrieved from /home/dwmhr/pln/venv/lib/python3.10/site-packages/airflow/example_dags/example_complex.py
[2025-08-07T16:09:19.329+0700] {logging_mixin.py:154} INFO - [2025-08-07T16:09:19.329+0700] {dag.py:2941} INFO - Sync 1 DAGs
[2025-08-07T16:09:19.362+0700] {logging_mixin.py:154} INFO - [2025-08-07T16:09:19.362+0700] {dag.py:3722} INFO - Setting next_dagrun for example_complex to None, run_after=None
[2025-08-07T16:09:19.439+0700] {processor.py:179} INFO - Processing /home/dwmhr/pln/venv/lib/python3.10/site-packages/airflow/example_dags/example_complex.py took 0.235 seconds
[2025-08-07T16:10:37.142+0700] {processor.py:157} INFO - Started process (PID=120830) to work on /home/dwmhr/pln/venv/lib/python3.10/site-packages/airflow/example_dags/example_complex.py
[2025-08-07T16:10:37.145+0700] {processor.py:829} INFO - Processing file /home/dwmhr/pln/venv/lib/python3.10/site-packages/airflow/example_dags/example_complex.py for tasks to queue
[2025-08-07T16:10:37.147+0700] {logging_mixin.py:154} INFO - [2025-08-07T16:10:37.147+0700] {dagbag.py:536} INFO - Filling up the DagBag from /home/dwmhr/pln/venv/lib/python3.10/site-packages/airflow/example_dags/example_complex.py
[2025-08-07T16:10:37.170+0700] {processor.py:839} INFO - DAG(s) dict_keys(['example_complex']) retrieved from /home/dwmhr/pln/venv/lib/python3.10/site-packages/airflow/example_dags/example_complex.py
[2025-08-07T16:10:37.222+0700] {logging_mixin.py:154} INFO - [2025-08-07T16:10:37.221+0700] {dag.py:2941} INFO - Sync 1 DAGs
[2025-08-07T16:10:37.245+0700] {logging_mixin.py:154} INFO - [2025-08-07T16:10:37.245+0700] {dag.py:3722} INFO - Setting next_dagrun for example_complex to None, run_after=None
[2025-08-07T16:10:37.294+0700] {processor.py:179} INFO - Processing /home/dwmhr/pln/venv/lib/python3.10/site-packages/airflow/example_dags/example_complex.py took 0.160 seconds
[2025-08-07T16:11:32.002+0700] {processor.py:157} INFO - Started process (PID=121122) to work on /home/dwmhr/pln/venv/lib/python3.10/site-packages/airflow/example_dags/example_complex.py
[2025-08-07T16:11:32.007+0700] {processor.py:829} INFO - Processing file /home/dwmhr/pln/venv/lib/python3.10/site-packages/airflow/example_dags/example_complex.py for tasks to queue
[2025-08-07T16:11:32.008+0700] {logging_mixin.py:154} INFO - [2025-08-07T16:11:32.008+0700] {dagbag.py:536} INFO - Filling up the DagBag from /home/dwmhr/pln/venv/lib/python3.10/site-packages/airflow/example_dags/example_complex.py
[2025-08-07T16:11:32.024+0700] {processor.py:839} INFO - DAG(s) dict_keys(['example_complex']) retrieved from /home/dwmhr/pln/venv/lib/python3.10/site-packages/airflow/example_dags/example_complex.py
[2025-08-07T16:11:32.054+0700] {logging_mixin.py:154} INFO - [2025-08-07T16:11:32.054+0700] {dag.py:2941} INFO - Sync 1 DAGs
[2025-08-07T16:11:32.067+0700] {logging_mixin.py:154} INFO - [2025-08-07T16:11:32.067+0700] {dag.py:3722} INFO - Setting next_dagrun for example_complex to None, run_after=None
[2025-08-07T16:11:32.098+0700] {processor.py:179} INFO - Processing /home/dwmhr/pln/venv/lib/python3.10/site-packages/airflow/example_dags/example_complex.py took 0.103 seconds
[2025-08-07T16:12:43.222+0700] {processor.py:157} INFO - Started process (PID=121480) to work on /home/dwmhr/pln/venv/lib/python3.10/site-packages/airflow/example_dags/example_complex.py
[2025-08-07T16:12:43.229+0700] {processor.py:829} INFO - Processing file /home/dwmhr/pln/venv/lib/python3.10/site-packages/airflow/example_dags/example_complex.py for tasks to queue
[2025-08-07T16:12:43.231+0700] {logging_mixin.py:154} INFO - [2025-08-07T16:12:43.230+0700] {dagbag.py:536} INFO - Filling up the DagBag from /home/dwmhr/pln/venv/lib/python3.10/site-packages/airflow/example_dags/example_complex.py
[2025-08-07T16:12:43.249+0700] {processor.py:839} INFO - DAG(s) dict_keys(['example_complex']) retrieved from /home/dwmhr/pln/venv/lib/python3.10/site-packages/airflow/example_dags/example_complex.py
[2025-08-07T16:12:43.291+0700] {logging_mixin.py:154} INFO - [2025-08-07T16:12:43.291+0700] {dag.py:2941} INFO - Sync 1 DAGs
[2025-08-07T16:12:43.313+0700] {logging_mixin.py:154} INFO - [2025-08-07T16:12:43.313+0700] {dag.py:3722} INFO - Setting next_dagrun for example_complex to None, run_after=None
[2025-08-07T16:12:43.378+0700] {processor.py:179} INFO - Processing /home/dwmhr/pln/venv/lib/python3.10/site-packages/airflow/example_dags/example_complex.py took 0.162 seconds
[2025-08-07T16:13:54.511+0700] {processor.py:157} INFO - Started process (PID=121890) to work on /home/dwmhr/pln/venv/lib/python3.10/site-packages/airflow/example_dags/example_complex.py
[2025-08-07T16:13:54.514+0700] {processor.py:829} INFO - Processing file /home/dwmhr/pln/venv/lib/python3.10/site-packages/airflow/example_dags/example_complex.py for tasks to queue
[2025-08-07T16:13:54.517+0700] {logging_mixin.py:154} INFO - [2025-08-07T16:13:54.516+0700] {dagbag.py:536} INFO - Filling up the DagBag from /home/dwmhr/pln/venv/lib/python3.10/site-packages/airflow/example_dags/example_complex.py
[2025-08-07T16:13:54.548+0700] {processor.py:839} INFO - DAG(s) dict_keys(['example_complex']) retrieved from /home/dwmhr/pln/venv/lib/python3.10/site-packages/airflow/example_dags/example_complex.py
[2025-08-07T16:13:54.616+0700] {logging_mixin.py:154} INFO - [2025-08-07T16:13:54.615+0700] {dag.py:2941} INFO - Sync 1 DAGs
[2025-08-07T16:13:54.644+0700] {logging_mixin.py:154} INFO - [2025-08-07T16:13:54.643+0700] {dag.py:3722} INFO - Setting next_dagrun for example_complex to None, run_after=None
[2025-08-07T16:13:54.715+0700] {processor.py:179} INFO - Processing /home/dwmhr/pln/venv/lib/python3.10/site-packages/airflow/example_dags/example_complex.py took 0.214 seconds
[2025-08-07T16:14:56.119+0700] {processor.py:157} INFO - Started process (PID=122193) to work on /home/dwmhr/pln/venv/lib/python3.10/site-packages/airflow/example_dags/example_complex.py
[2025-08-07T16:14:56.126+0700] {processor.py:829} INFO - Processing file /home/dwmhr/pln/venv/lib/python3.10/site-packages/airflow/example_dags/example_complex.py for tasks to queue
[2025-08-07T16:14:56.129+0700] {logging_mixin.py:154} INFO - [2025-08-07T16:14:56.128+0700] {dagbag.py:536} INFO - Filling up the DagBag from /home/dwmhr/pln/venv/lib/python3.10/site-packages/airflow/example_dags/example_complex.py
[2025-08-07T16:14:56.182+0700] {processor.py:839} INFO - DAG(s) dict_keys(['example_complex']) retrieved from /home/dwmhr/pln/venv/lib/python3.10/site-packages/airflow/example_dags/example_complex.py
[2025-08-07T16:14:56.286+0700] {logging_mixin.py:154} INFO - [2025-08-07T16:14:56.285+0700] {dag.py:2941} INFO - Sync 1 DAGs
[2025-08-07T16:14:56.330+0700] {logging_mixin.py:154} INFO - [2025-08-07T16:14:56.329+0700] {dag.py:3722} INFO - Setting next_dagrun for example_complex to None, run_after=None
[2025-08-07T16:14:56.399+0700] {processor.py:179} INFO - Processing /home/dwmhr/pln/venv/lib/python3.10/site-packages/airflow/example_dags/example_complex.py took 0.294 seconds
[2025-08-07T16:16:08.430+0700] {processor.py:157} INFO - Started process (PID=122522) to work on /home/dwmhr/pln/venv/lib/python3.10/site-packages/airflow/example_dags/example_complex.py
[2025-08-07T16:16:08.434+0700] {processor.py:829} INFO - Processing file /home/dwmhr/pln/venv/lib/python3.10/site-packages/airflow/example_dags/example_complex.py for tasks to queue
[2025-08-07T16:16:08.437+0700] {logging_mixin.py:154} INFO - [2025-08-07T16:16:08.436+0700] {dagbag.py:536} INFO - Filling up the DagBag from /home/dwmhr/pln/venv/lib/python3.10/site-packages/airflow/example_dags/example_complex.py
[2025-08-07T16:16:08.471+0700] {processor.py:839} INFO - DAG(s) dict_keys(['example_complex']) retrieved from /home/dwmhr/pln/venv/lib/python3.10/site-packages/airflow/example_dags/example_complex.py
[2025-08-07T16:16:08.560+0700] {logging_mixin.py:154} INFO - [2025-08-07T16:16:08.559+0700] {dag.py:2941} INFO - Sync 1 DAGs
[2025-08-07T16:16:08.597+0700] {logging_mixin.py:154} INFO - [2025-08-07T16:16:08.597+0700] {dag.py:3722} INFO - Setting next_dagrun for example_complex to None, run_after=None
[2025-08-07T16:16:08.675+0700] {processor.py:179} INFO - Processing /home/dwmhr/pln/venv/lib/python3.10/site-packages/airflow/example_dags/example_complex.py took 0.258 seconds
[2025-08-07T16:17:07.895+0700] {processor.py:157} INFO - Started process (PID=122837) to work on /home/dwmhr/pln/venv/lib/python3.10/site-packages/airflow/example_dags/example_complex.py
[2025-08-07T16:17:07.899+0700] {processor.py:829} INFO - Processing file /home/dwmhr/pln/venv/lib/python3.10/site-packages/airflow/example_dags/example_complex.py for tasks to queue
[2025-08-07T16:17:07.901+0700] {logging_mixin.py:154} INFO - [2025-08-07T16:17:07.900+0700] {dagbag.py:536} INFO - Filling up the DagBag from /home/dwmhr/pln/venv/lib/python3.10/site-packages/airflow/example_dags/example_complex.py
[2025-08-07T16:17:07.938+0700] {processor.py:839} INFO - DAG(s) dict_keys(['example_complex']) retrieved from /home/dwmhr/pln/venv/lib/python3.10/site-packages/airflow/example_dags/example_complex.py
[2025-08-07T16:17:08.028+0700] {logging_mixin.py:154} INFO - [2025-08-07T16:17:08.027+0700] {dag.py:2941} INFO - Sync 1 DAGs
[2025-08-07T16:17:08.064+0700] {logging_mixin.py:154} INFO - [2025-08-07T16:17:08.063+0700] {dag.py:3722} INFO - Setting next_dagrun for example_complex to None, run_after=None
[2025-08-07T16:17:08.128+0700] {processor.py:179} INFO - Processing /home/dwmhr/pln/venv/lib/python3.10/site-packages/airflow/example_dags/example_complex.py took 0.242 seconds
[2025-08-07T16:18:39.922+0700] {processor.py:157} INFO - Started process (PID=123302) to work on /home/dwmhr/pln/venv/lib/python3.10/site-packages/airflow/example_dags/example_complex.py
[2025-08-07T16:18:39.923+0700] {processor.py:829} INFO - Processing file /home/dwmhr/pln/venv/lib/python3.10/site-packages/airflow/example_dags/example_complex.py for tasks to queue
[2025-08-07T16:18:39.924+0700] {logging_mixin.py:154} INFO - [2025-08-07T16:18:39.924+0700] {dagbag.py:536} INFO - Filling up the DagBag from /home/dwmhr/pln/venv/lib/python3.10/site-packages/airflow/example_dags/example_complex.py
[2025-08-07T16:18:39.931+0700] {processor.py:839} INFO - DAG(s) dict_keys(['example_complex']) retrieved from /home/dwmhr/pln/venv/lib/python3.10/site-packages/airflow/example_dags/example_complex.py
[2025-08-07T16:18:39.949+0700] {logging_mixin.py:154} INFO - [2025-08-07T16:18:39.949+0700] {dag.py:2941} INFO - Sync 1 DAGs
[2025-08-07T16:18:39.956+0700] {logging_mixin.py:154} INFO - [2025-08-07T16:18:39.956+0700] {dag.py:3722} INFO - Setting next_dagrun for example_complex to None, run_after=None
[2025-08-07T16:18:39.973+0700] {processor.py:179} INFO - Processing /home/dwmhr/pln/venv/lib/python3.10/site-packages/airflow/example_dags/example_complex.py took 0.054 seconds
[2025-08-07T16:27:29.106+0700] {processor.py:157} INFO - Started process (PID=125590) to work on /home/dwmhr/pln/venv/lib/python3.10/site-packages/airflow/example_dags/example_complex.py
[2025-08-07T16:27:29.113+0700] {processor.py:829} INFO - Processing file /home/dwmhr/pln/venv/lib/python3.10/site-packages/airflow/example_dags/example_complex.py for tasks to queue
[2025-08-07T16:27:29.116+0700] {logging_mixin.py:154} INFO - [2025-08-07T16:27:29.115+0700] {dagbag.py:536} INFO - Filling up the DagBag from /home/dwmhr/pln/venv/lib/python3.10/site-packages/airflow/example_dags/example_complex.py
[2025-08-07T16:27:29.144+0700] {processor.py:839} INFO - DAG(s) dict_keys(['example_complex']) retrieved from /home/dwmhr/pln/venv/lib/python3.10/site-packages/airflow/example_dags/example_complex.py
[2025-08-07T16:27:29.425+0700] {logging_mixin.py:154} INFO - [2025-08-07T16:27:29.425+0700] {dag.py:2941} INFO - Sync 1 DAGs
[2025-08-07T16:27:29.444+0700] {logging_mixin.py:154} INFO - [2025-08-07T16:27:29.443+0700] {dag.py:3722} INFO - Setting next_dagrun for example_complex to None, run_after=None
[2025-08-07T16:27:29.491+0700] {processor.py:179} INFO - Processing /home/dwmhr/pln/venv/lib/python3.10/site-packages/airflow/example_dags/example_complex.py took 0.395 seconds
[2025-08-07T16:28:51.133+0700] {processor.py:157} INFO - Started process (PID=125986) to work on /home/dwmhr/pln/venv/lib/python3.10/site-packages/airflow/example_dags/example_complex.py
[2025-08-07T16:28:51.135+0700] {processor.py:829} INFO - Processing file /home/dwmhr/pln/venv/lib/python3.10/site-packages/airflow/example_dags/example_complex.py for tasks to queue
[2025-08-07T16:28:51.137+0700] {logging_mixin.py:154} INFO - [2025-08-07T16:28:51.136+0700] {dagbag.py:536} INFO - Filling up the DagBag from /home/dwmhr/pln/venv/lib/python3.10/site-packages/airflow/example_dags/example_complex.py
[2025-08-07T16:28:51.155+0700] {processor.py:839} INFO - DAG(s) dict_keys(['example_complex']) retrieved from /home/dwmhr/pln/venv/lib/python3.10/site-packages/airflow/example_dags/example_complex.py
[2025-08-07T16:28:51.198+0700] {logging_mixin.py:154} INFO - [2025-08-07T16:28:51.198+0700] {dag.py:2941} INFO - Sync 1 DAGs
[2025-08-07T16:28:51.215+0700] {logging_mixin.py:154} INFO - [2025-08-07T16:28:51.214+0700] {dag.py:3722} INFO - Setting next_dagrun for example_complex to None, run_after=None
[2025-08-07T16:28:51.246+0700] {processor.py:179} INFO - Processing /home/dwmhr/pln/venv/lib/python3.10/site-packages/airflow/example_dags/example_complex.py took 0.119 seconds
[2025-08-07T16:29:49.650+0700] {processor.py:157} INFO - Started process (PID=126273) to work on /home/dwmhr/pln/venv/lib/python3.10/site-packages/airflow/example_dags/example_complex.py
[2025-08-07T16:29:49.657+0700] {processor.py:829} INFO - Processing file /home/dwmhr/pln/venv/lib/python3.10/site-packages/airflow/example_dags/example_complex.py for tasks to queue
[2025-08-07T16:29:49.662+0700] {logging_mixin.py:154} INFO - [2025-08-07T16:29:49.660+0700] {dagbag.py:536} INFO - Filling up the DagBag from /home/dwmhr/pln/venv/lib/python3.10/site-packages/airflow/example_dags/example_complex.py
[2025-08-07T16:29:49.771+0700] {processor.py:839} INFO - DAG(s) dict_keys(['example_complex']) retrieved from /home/dwmhr/pln/venv/lib/python3.10/site-packages/airflow/example_dags/example_complex.py
[2025-08-07T16:29:49.976+0700] {logging_mixin.py:154} INFO - [2025-08-07T16:29:49.975+0700] {dag.py:2941} INFO - Sync 1 DAGs
[2025-08-07T16:29:50.045+0700] {logging_mixin.py:154} INFO - [2025-08-07T16:29:50.044+0700] {dag.py:3722} INFO - Setting next_dagrun for example_complex to None, run_after=None
[2025-08-07T16:29:50.202+0700] {processor.py:179} INFO - Processing /home/dwmhr/pln/venv/lib/python3.10/site-packages/airflow/example_dags/example_complex.py took 0.570 seconds
[2025-08-07T16:30:50.229+0700] {processor.py:157} INFO - Started process (PID=126576) to work on /home/dwmhr/pln/venv/lib/python3.10/site-packages/airflow/example_dags/example_complex.py
[2025-08-07T16:30:50.243+0700] {processor.py:829} INFO - Processing file /home/dwmhr/pln/venv/lib/python3.10/site-packages/airflow/example_dags/example_complex.py for tasks to queue
[2025-08-07T16:30:50.245+0700] {logging_mixin.py:154} INFO - [2025-08-07T16:30:50.244+0700] {dagbag.py:536} INFO - Filling up the DagBag from /home/dwmhr/pln/venv/lib/python3.10/site-packages/airflow/example_dags/example_complex.py
[2025-08-07T16:30:50.256+0700] {processor.py:839} INFO - DAG(s) dict_keys(['example_complex']) retrieved from /home/dwmhr/pln/venv/lib/python3.10/site-packages/airflow/example_dags/example_complex.py
[2025-08-07T16:30:50.283+0700] {logging_mixin.py:154} INFO - [2025-08-07T16:30:50.283+0700] {dag.py:2941} INFO - Sync 1 DAGs
[2025-08-07T16:30:50.297+0700] {logging_mixin.py:154} INFO - [2025-08-07T16:30:50.297+0700] {dag.py:3722} INFO - Setting next_dagrun for example_complex to None, run_after=None
[2025-08-07T16:30:50.324+0700] {processor.py:179} INFO - Processing /home/dwmhr/pln/venv/lib/python3.10/site-packages/airflow/example_dags/example_complex.py took 0.099 seconds
[2025-08-07T16:31:53.744+0700] {processor.py:157} INFO - Started process (PID=126867) to work on /home/dwmhr/pln/venv/lib/python3.10/site-packages/airflow/example_dags/example_complex.py
[2025-08-07T16:31:53.746+0700] {processor.py:829} INFO - Processing file /home/dwmhr/pln/venv/lib/python3.10/site-packages/airflow/example_dags/example_complex.py for tasks to queue
[2025-08-07T16:31:53.748+0700] {logging_mixin.py:154} INFO - [2025-08-07T16:31:53.747+0700] {dagbag.py:536} INFO - Filling up the DagBag from /home/dwmhr/pln/venv/lib/python3.10/site-packages/airflow/example_dags/example_complex.py
[2025-08-07T16:31:53.764+0700] {processor.py:839} INFO - DAG(s) dict_keys(['example_complex']) retrieved from /home/dwmhr/pln/venv/lib/python3.10/site-packages/airflow/example_dags/example_complex.py
[2025-08-07T16:31:53.804+0700] {logging_mixin.py:154} INFO - [2025-08-07T16:31:53.803+0700] {dag.py:2941} INFO - Sync 1 DAGs
[2025-08-07T16:31:53.820+0700] {logging_mixin.py:154} INFO - [2025-08-07T16:31:53.820+0700] {dag.py:3722} INFO - Setting next_dagrun for example_complex to None, run_after=None
[2025-08-07T16:31:53.870+0700] {processor.py:179} INFO - Processing /home/dwmhr/pln/venv/lib/python3.10/site-packages/airflow/example_dags/example_complex.py took 0.132 seconds
[2025-08-07T16:33:59.298+0700] {processor.py:157} INFO - Started process (PID=127364) to work on /home/dwmhr/pln/venv/lib/python3.10/site-packages/airflow/example_dags/example_complex.py
[2025-08-07T16:33:59.301+0700] {processor.py:829} INFO - Processing file /home/dwmhr/pln/venv/lib/python3.10/site-packages/airflow/example_dags/example_complex.py for tasks to queue
[2025-08-07T16:33:59.304+0700] {logging_mixin.py:154} INFO - [2025-08-07T16:33:59.303+0700] {dagbag.py:536} INFO - Filling up the DagBag from /home/dwmhr/pln/venv/lib/python3.10/site-packages/airflow/example_dags/example_complex.py
[2025-08-07T16:33:59.332+0700] {processor.py:839} INFO - DAG(s) dict_keys(['example_complex']) retrieved from /home/dwmhr/pln/venv/lib/python3.10/site-packages/airflow/example_dags/example_complex.py
[2025-08-07T16:33:59.401+0700] {logging_mixin.py:154} INFO - [2025-08-07T16:33:59.401+0700] {dag.py:2941} INFO - Sync 1 DAGs
[2025-08-07T16:33:59.434+0700] {logging_mixin.py:154} INFO - [2025-08-07T16:33:59.434+0700] {dag.py:3722} INFO - Setting next_dagrun for example_complex to None, run_after=None
[2025-08-07T16:33:59.510+0700] {processor.py:179} INFO - Processing /home/dwmhr/pln/venv/lib/python3.10/site-packages/airflow/example_dags/example_complex.py took 0.222 seconds
[2025-08-07T16:35:09.346+0700] {processor.py:157} INFO - Started process (PID=127653) to work on /home/dwmhr/pln/venv/lib/python3.10/site-packages/airflow/example_dags/example_complex.py
[2025-08-07T16:35:09.349+0700] {processor.py:829} INFO - Processing file /home/dwmhr/pln/venv/lib/python3.10/site-packages/airflow/example_dags/example_complex.py for tasks to queue
[2025-08-07T16:35:09.352+0700] {logging_mixin.py:154} INFO - [2025-08-07T16:35:09.351+0700] {dagbag.py:536} INFO - Filling up the DagBag from /home/dwmhr/pln/venv/lib/python3.10/site-packages/airflow/example_dags/example_complex.py
[2025-08-07T16:35:09.389+0700] {processor.py:839} INFO - DAG(s) dict_keys(['example_complex']) retrieved from /home/dwmhr/pln/venv/lib/python3.10/site-packages/airflow/example_dags/example_complex.py
[2025-08-07T16:35:09.477+0700] {logging_mixin.py:154} INFO - [2025-08-07T16:35:09.476+0700] {dag.py:2941} INFO - Sync 1 DAGs
[2025-08-07T16:35:09.514+0700] {logging_mixin.py:154} INFO - [2025-08-07T16:35:09.514+0700] {dag.py:3722} INFO - Setting next_dagrun for example_complex to None, run_after=None
[2025-08-07T16:35:09.587+0700] {processor.py:179} INFO - Processing /home/dwmhr/pln/venv/lib/python3.10/site-packages/airflow/example_dags/example_complex.py took 0.252 seconds
[2025-08-07T16:36:13.400+0700] {processor.py:157} INFO - Started process (PID=127949) to work on /home/dwmhr/pln/venv/lib/python3.10/site-packages/airflow/example_dags/example_complex.py
[2025-08-07T16:36:13.413+0700] {processor.py:829} INFO - Processing file /home/dwmhr/pln/venv/lib/python3.10/site-packages/airflow/example_dags/example_complex.py for tasks to queue
[2025-08-07T16:36:13.414+0700] {logging_mixin.py:154} INFO - [2025-08-07T16:36:13.414+0700] {dagbag.py:536} INFO - Filling up the DagBag from /home/dwmhr/pln/venv/lib/python3.10/site-packages/airflow/example_dags/example_complex.py
[2025-08-07T16:36:13.424+0700] {processor.py:839} INFO - DAG(s) dict_keys(['example_complex']) retrieved from /home/dwmhr/pln/venv/lib/python3.10/site-packages/airflow/example_dags/example_complex.py
[2025-08-07T16:36:13.447+0700] {logging_mixin.py:154} INFO - [2025-08-07T16:36:13.447+0700] {dag.py:2941} INFO - Sync 1 DAGs
[2025-08-07T16:36:13.457+0700] {logging_mixin.py:154} INFO - [2025-08-07T16:36:13.457+0700] {dag.py:3722} INFO - Setting next_dagrun for example_complex to None, run_after=None
[2025-08-07T16:36:13.497+0700] {processor.py:179} INFO - Processing /home/dwmhr/pln/venv/lib/python3.10/site-packages/airflow/example_dags/example_complex.py took 0.101 seconds
[2025-08-07T16:37:09.797+0700] {processor.py:157} INFO - Started process (PID=128184) to work on /home/dwmhr/pln/venv/lib/python3.10/site-packages/airflow/example_dags/example_complex.py
[2025-08-07T16:37:09.800+0700] {processor.py:829} INFO - Processing file /home/dwmhr/pln/venv/lib/python3.10/site-packages/airflow/example_dags/example_complex.py for tasks to queue
[2025-08-07T16:37:09.804+0700] {logging_mixin.py:154} INFO - [2025-08-07T16:37:09.803+0700] {dagbag.py:536} INFO - Filling up the DagBag from /home/dwmhr/pln/venv/lib/python3.10/site-packages/airflow/example_dags/example_complex.py
[2025-08-07T16:37:09.847+0700] {processor.py:839} INFO - DAG(s) dict_keys(['example_complex']) retrieved from /home/dwmhr/pln/venv/lib/python3.10/site-packages/airflow/example_dags/example_complex.py
[2025-08-07T16:37:09.928+0700] {logging_mixin.py:154} INFO - [2025-08-07T16:37:09.928+0700] {dag.py:2941} INFO - Sync 1 DAGs
[2025-08-07T16:37:09.961+0700] {logging_mixin.py:154} INFO - [2025-08-07T16:37:09.960+0700] {dag.py:3722} INFO - Setting next_dagrun for example_complex to None, run_after=None
[2025-08-07T16:37:10.038+0700] {processor.py:179} INFO - Processing /home/dwmhr/pln/venv/lib/python3.10/site-packages/airflow/example_dags/example_complex.py took 0.253 seconds
[2025-08-07T16:38:09.886+0700] {processor.py:157} INFO - Started process (PID=128434) to work on /home/dwmhr/pln/venv/lib/python3.10/site-packages/airflow/example_dags/example_complex.py
[2025-08-07T16:38:09.889+0700] {processor.py:829} INFO - Processing file /home/dwmhr/pln/venv/lib/python3.10/site-packages/airflow/example_dags/example_complex.py for tasks to queue
[2025-08-07T16:38:09.891+0700] {logging_mixin.py:154} INFO - [2025-08-07T16:38:09.890+0700] {dagbag.py:536} INFO - Filling up the DagBag from /home/dwmhr/pln/venv/lib/python3.10/site-packages/airflow/example_dags/example_complex.py
[2025-08-07T16:38:09.913+0700] {processor.py:839} INFO - DAG(s) dict_keys(['example_complex']) retrieved from /home/dwmhr/pln/venv/lib/python3.10/site-packages/airflow/example_dags/example_complex.py
[2025-08-07T16:38:09.968+0700] {logging_mixin.py:154} INFO - [2025-08-07T16:38:09.967+0700] {dag.py:2941} INFO - Sync 1 DAGs
[2025-08-07T16:38:09.992+0700] {logging_mixin.py:154} INFO - [2025-08-07T16:38:09.992+0700] {dag.py:3722} INFO - Setting next_dagrun for example_complex to None, run_after=None
[2025-08-07T16:38:10.047+0700] {processor.py:179} INFO - Processing /home/dwmhr/pln/venv/lib/python3.10/site-packages/airflow/example_dags/example_complex.py took 0.170 seconds
[2025-08-07T16:39:11.343+0700] {processor.py:157} INFO - Started process (PID=128673) to work on /home/dwmhr/pln/venv/lib/python3.10/site-packages/airflow/example_dags/example_complex.py
[2025-08-07T16:39:11.349+0700] {processor.py:829} INFO - Processing file /home/dwmhr/pln/venv/lib/python3.10/site-packages/airflow/example_dags/example_complex.py for tasks to queue
[2025-08-07T16:39:11.351+0700] {logging_mixin.py:154} INFO - [2025-08-07T16:39:11.350+0700] {dagbag.py:536} INFO - Filling up the DagBag from /home/dwmhr/pln/venv/lib/python3.10/site-packages/airflow/example_dags/example_complex.py
[2025-08-07T16:39:11.372+0700] {processor.py:839} INFO - DAG(s) dict_keys(['example_complex']) retrieved from /home/dwmhr/pln/venv/lib/python3.10/site-packages/airflow/example_dags/example_complex.py
[2025-08-07T16:39:11.422+0700] {logging_mixin.py:154} INFO - [2025-08-07T16:39:11.421+0700] {dag.py:2941} INFO - Sync 1 DAGs
[2025-08-07T16:39:11.447+0700] {logging_mixin.py:154} INFO - [2025-08-07T16:39:11.447+0700] {dag.py:3722} INFO - Setting next_dagrun for example_complex to None, run_after=None
[2025-08-07T16:39:11.493+0700] {processor.py:179} INFO - Processing /home/dwmhr/pln/venv/lib/python3.10/site-packages/airflow/example_dags/example_complex.py took 0.157 seconds
[2025-08-07T16:40:52.937+0700] {processor.py:157} INFO - Started process (PID=129088) to work on /home/dwmhr/pln/venv/lib/python3.10/site-packages/airflow/example_dags/example_complex.py
[2025-08-07T16:40:52.943+0700] {processor.py:829} INFO - Processing file /home/dwmhr/pln/venv/lib/python3.10/site-packages/airflow/example_dags/example_complex.py for tasks to queue
[2025-08-07T16:40:52.944+0700] {logging_mixin.py:154} INFO - [2025-08-07T16:40:52.943+0700] {dagbag.py:536} INFO - Filling up the DagBag from /home/dwmhr/pln/venv/lib/python3.10/site-packages/airflow/example_dags/example_complex.py
[2025-08-07T16:40:52.952+0700] {processor.py:839} INFO - DAG(s) dict_keys(['example_complex']) retrieved from /home/dwmhr/pln/venv/lib/python3.10/site-packages/airflow/example_dags/example_complex.py
[2025-08-07T16:40:52.971+0700] {logging_mixin.py:154} INFO - [2025-08-07T16:40:52.971+0700] {dag.py:2941} INFO - Sync 1 DAGs
[2025-08-07T16:40:52.979+0700] {logging_mixin.py:154} INFO - [2025-08-07T16:40:52.979+0700] {dag.py:3722} INFO - Setting next_dagrun for example_complex to None, run_after=None
[2025-08-07T16:40:52.998+0700] {processor.py:179} INFO - Processing /home/dwmhr/pln/venv/lib/python3.10/site-packages/airflow/example_dags/example_complex.py took 0.064 seconds
[2025-08-07T16:41:48.208+0700] {processor.py:157} INFO - Started process (PID=129318) to work on /home/dwmhr/pln/venv/lib/python3.10/site-packages/airflow/example_dags/example_complex.py
[2025-08-07T16:41:48.210+0700] {processor.py:829} INFO - Processing file /home/dwmhr/pln/venv/lib/python3.10/site-packages/airflow/example_dags/example_complex.py for tasks to queue
[2025-08-07T16:41:48.211+0700] {logging_mixin.py:154} INFO - [2025-08-07T16:41:48.211+0700] {dagbag.py:536} INFO - Filling up the DagBag from /home/dwmhr/pln/venv/lib/python3.10/site-packages/airflow/example_dags/example_complex.py
[2025-08-07T16:41:48.224+0700] {processor.py:839} INFO - DAG(s) dict_keys(['example_complex']) retrieved from /home/dwmhr/pln/venv/lib/python3.10/site-packages/airflow/example_dags/example_complex.py
[2025-08-07T16:41:48.256+0700] {logging_mixin.py:154} INFO - [2025-08-07T16:41:48.255+0700] {dag.py:2941} INFO - Sync 1 DAGs
[2025-08-07T16:41:48.278+0700] {logging_mixin.py:154} INFO - [2025-08-07T16:41:48.278+0700] {dag.py:3722} INFO - Setting next_dagrun for example_complex to None, run_after=None
[2025-08-07T16:41:48.325+0700] {processor.py:179} INFO - Processing /home/dwmhr/pln/venv/lib/python3.10/site-packages/airflow/example_dags/example_complex.py took 0.122 seconds
[2025-08-07T16:42:56.216+0700] {processor.py:157} INFO - Started process (PID=129597) to work on /home/dwmhr/pln/venv/lib/python3.10/site-packages/airflow/example_dags/example_complex.py
[2025-08-07T16:42:56.232+0700] {processor.py:829} INFO - Processing file /home/dwmhr/pln/venv/lib/python3.10/site-packages/airflow/example_dags/example_complex.py for tasks to queue
[2025-08-07T16:42:56.236+0700] {logging_mixin.py:154} INFO - [2025-08-07T16:42:56.235+0700] {dagbag.py:536} INFO - Filling up the DagBag from /home/dwmhr/pln/venv/lib/python3.10/site-packages/airflow/example_dags/example_complex.py
[2025-08-07T16:42:56.345+0700] {processor.py:839} INFO - DAG(s) dict_keys(['example_complex']) retrieved from /home/dwmhr/pln/venv/lib/python3.10/site-packages/airflow/example_dags/example_complex.py
[2025-08-07T16:42:56.472+0700] {logging_mixin.py:154} INFO - [2025-08-07T16:42:56.471+0700] {dag.py:2941} INFO - Sync 1 DAGs
[2025-08-07T16:42:56.524+0700] {logging_mixin.py:154} INFO - [2025-08-07T16:42:56.523+0700] {dag.py:3722} INFO - Setting next_dagrun for example_complex to None, run_after=None
[2025-08-07T16:42:56.619+0700] {processor.py:179} INFO - Processing /home/dwmhr/pln/venv/lib/python3.10/site-packages/airflow/example_dags/example_complex.py took 0.442 seconds
[2025-08-07T16:43:56.610+0700] {processor.py:157} INFO - Started process (PID=129850) to work on /home/dwmhr/pln/venv/lib/python3.10/site-packages/airflow/example_dags/example_complex.py
[2025-08-07T16:43:56.614+0700] {processor.py:829} INFO - Processing file /home/dwmhr/pln/venv/lib/python3.10/site-packages/airflow/example_dags/example_complex.py for tasks to queue
[2025-08-07T16:43:56.615+0700] {logging_mixin.py:154} INFO - [2025-08-07T16:43:56.615+0700] {dagbag.py:536} INFO - Filling up the DagBag from /home/dwmhr/pln/venv/lib/python3.10/site-packages/airflow/example_dags/example_complex.py
[2025-08-07T16:43:56.630+0700] {processor.py:839} INFO - DAG(s) dict_keys(['example_complex']) retrieved from /home/dwmhr/pln/venv/lib/python3.10/site-packages/airflow/example_dags/example_complex.py
[2025-08-07T16:43:56.660+0700] {logging_mixin.py:154} INFO - [2025-08-07T16:43:56.660+0700] {dag.py:2941} INFO - Sync 1 DAGs
[2025-08-07T16:43:56.673+0700] {logging_mixin.py:154} INFO - [2025-08-07T16:43:56.672+0700] {dag.py:3722} INFO - Setting next_dagrun for example_complex to None, run_after=None
[2025-08-07T16:43:56.701+0700] {processor.py:179} INFO - Processing /home/dwmhr/pln/venv/lib/python3.10/site-packages/airflow/example_dags/example_complex.py took 0.096 seconds
[2025-08-07T16:44:56.268+0700] {processor.py:157} INFO - Started process (PID=130118) to work on /home/dwmhr/pln/venv/lib/python3.10/site-packages/airflow/example_dags/example_complex.py
[2025-08-07T16:44:56.270+0700] {processor.py:829} INFO - Processing file /home/dwmhr/pln/venv/lib/python3.10/site-packages/airflow/example_dags/example_complex.py for tasks to queue
[2025-08-07T16:44:56.271+0700] {logging_mixin.py:154} INFO - [2025-08-07T16:44:56.271+0700] {dagbag.py:536} INFO - Filling up the DagBag from /home/dwmhr/pln/venv/lib/python3.10/site-packages/airflow/example_dags/example_complex.py
[2025-08-07T16:44:56.281+0700] {processor.py:839} INFO - DAG(s) dict_keys(['example_complex']) retrieved from /home/dwmhr/pln/venv/lib/python3.10/site-packages/airflow/example_dags/example_complex.py
[2025-08-07T16:44:56.310+0700] {logging_mixin.py:154} INFO - [2025-08-07T16:44:56.310+0700] {dag.py:2941} INFO - Sync 1 DAGs
[2025-08-07T16:44:56.327+0700] {logging_mixin.py:154} INFO - [2025-08-07T16:44:56.327+0700] {dag.py:3722} INFO - Setting next_dagrun for example_complex to None, run_after=None
[2025-08-07T16:44:56.358+0700] {processor.py:179} INFO - Processing /home/dwmhr/pln/venv/lib/python3.10/site-packages/airflow/example_dags/example_complex.py took 0.094 seconds
[2025-08-07T16:46:00.706+0700] {processor.py:157} INFO - Started process (PID=130430) to work on /home/dwmhr/pln/venv/lib/python3.10/site-packages/airflow/example_dags/example_complex.py
[2025-08-07T16:46:00.712+0700] {processor.py:829} INFO - Processing file /home/dwmhr/pln/venv/lib/python3.10/site-packages/airflow/example_dags/example_complex.py for tasks to queue
[2025-08-07T16:46:00.714+0700] {logging_mixin.py:154} INFO - [2025-08-07T16:46:00.713+0700] {dagbag.py:536} INFO - Filling up the DagBag from /home/dwmhr/pln/venv/lib/python3.10/site-packages/airflow/example_dags/example_complex.py
[2025-08-07T16:46:00.733+0700] {processor.py:839} INFO - DAG(s) dict_keys(['example_complex']) retrieved from /home/dwmhr/pln/venv/lib/python3.10/site-packages/airflow/example_dags/example_complex.py
[2025-08-07T16:46:00.770+0700] {logging_mixin.py:154} INFO - [2025-08-07T16:46:00.770+0700] {dag.py:2941} INFO - Sync 1 DAGs
[2025-08-07T16:46:00.783+0700] {logging_mixin.py:154} INFO - [2025-08-07T16:46:00.782+0700] {dag.py:3722} INFO - Setting next_dagrun for example_complex to None, run_after=None
[2025-08-07T16:46:00.808+0700] {processor.py:179} INFO - Processing /home/dwmhr/pln/venv/lib/python3.10/site-packages/airflow/example_dags/example_complex.py took 0.111 seconds
[2025-08-07T16:47:14.543+0700] {processor.py:157} INFO - Started process (PID=130741) to work on /home/dwmhr/pln/venv/lib/python3.10/site-packages/airflow/example_dags/example_complex.py
[2025-08-07T16:47:14.545+0700] {processor.py:829} INFO - Processing file /home/dwmhr/pln/venv/lib/python3.10/site-packages/airflow/example_dags/example_complex.py for tasks to queue
[2025-08-07T16:47:14.546+0700] {logging_mixin.py:154} INFO - [2025-08-07T16:47:14.546+0700] {dagbag.py:536} INFO - Filling up the DagBag from /home/dwmhr/pln/venv/lib/python3.10/site-packages/airflow/example_dags/example_complex.py
[2025-08-07T16:47:14.554+0700] {processor.py:839} INFO - DAG(s) dict_keys(['example_complex']) retrieved from /home/dwmhr/pln/venv/lib/python3.10/site-packages/airflow/example_dags/example_complex.py
[2025-08-07T16:47:14.572+0700] {logging_mixin.py:154} INFO - [2025-08-07T16:47:14.571+0700] {dag.py:2941} INFO - Sync 1 DAGs
[2025-08-07T16:47:14.579+0700] {logging_mixin.py:154} INFO - [2025-08-07T16:47:14.579+0700] {dag.py:3722} INFO - Setting next_dagrun for example_complex to None, run_after=None
[2025-08-07T16:47:14.597+0700] {processor.py:179} INFO - Processing /home/dwmhr/pln/venv/lib/python3.10/site-packages/airflow/example_dags/example_complex.py took 0.056 seconds
[2025-08-07T16:48:27.596+0700] {processor.py:157} INFO - Started process (PID=131037) to work on /home/dwmhr/pln/venv/lib/python3.10/site-packages/airflow/example_dags/example_complex.py
[2025-08-07T16:48:27.601+0700] {processor.py:829} INFO - Processing file /home/dwmhr/pln/venv/lib/python3.10/site-packages/airflow/example_dags/example_complex.py for tasks to queue
[2025-08-07T16:48:27.606+0700] {logging_mixin.py:154} INFO - [2025-08-07T16:48:27.604+0700] {dagbag.py:536} INFO - Filling up the DagBag from /home/dwmhr/pln/venv/lib/python3.10/site-packages/airflow/example_dags/example_complex.py
[2025-08-07T16:48:27.690+0700] {processor.py:839} INFO - DAG(s) dict_keys(['example_complex']) retrieved from /home/dwmhr/pln/venv/lib/python3.10/site-packages/airflow/example_dags/example_complex.py
[2025-08-07T16:48:27.811+0700] {logging_mixin.py:154} INFO - [2025-08-07T16:48:27.810+0700] {dag.py:2941} INFO - Sync 1 DAGs
[2025-08-07T16:48:27.866+0700] {logging_mixin.py:154} INFO - [2025-08-07T16:48:27.865+0700] {dag.py:3722} INFO - Setting next_dagrun for example_complex to None, run_after=None
[2025-08-07T16:48:27.975+0700] {processor.py:179} INFO - Processing /home/dwmhr/pln/venv/lib/python3.10/site-packages/airflow/example_dags/example_complex.py took 0.397 seconds
[2025-08-07T16:49:15.986+0700] {processor.py:157} INFO - Started process (PID=131258) to work on /home/dwmhr/pln/venv/lib/python3.10/site-packages/airflow/example_dags/example_complex.py
[2025-08-07T16:49:15.988+0700] {processor.py:829} INFO - Processing file /home/dwmhr/pln/venv/lib/python3.10/site-packages/airflow/example_dags/example_complex.py for tasks to queue
[2025-08-07T16:49:15.989+0700] {logging_mixin.py:154} INFO - [2025-08-07T16:49:15.989+0700] {dagbag.py:536} INFO - Filling up the DagBag from /home/dwmhr/pln/venv/lib/python3.10/site-packages/airflow/example_dags/example_complex.py
[2025-08-07T16:49:16.005+0700] {processor.py:839} INFO - DAG(s) dict_keys(['example_complex']) retrieved from /home/dwmhr/pln/venv/lib/python3.10/site-packages/airflow/example_dags/example_complex.py
[2025-08-07T16:49:16.039+0700] {logging_mixin.py:154} INFO - [2025-08-07T16:49:16.039+0700] {dag.py:2941} INFO - Sync 1 DAGs
[2025-08-07T16:49:16.054+0700] {logging_mixin.py:154} INFO - [2025-08-07T16:49:16.053+0700] {dag.py:3722} INFO - Setting next_dagrun for example_complex to None, run_after=None
[2025-08-07T16:49:16.093+0700] {processor.py:179} INFO - Processing /home/dwmhr/pln/venv/lib/python3.10/site-packages/airflow/example_dags/example_complex.py took 0.112 seconds
