[2025-08-07T15:46:02.581+0700] {processor.py:157} INFO - Started process (PID=113498) to work on /home/dwmhr/pln/venv/lib/python3.10/site-packages/airflow/example_dags/example_bash_operator.py
[2025-08-07T15:46:02.586+0700] {processor.py:829} INFO - Processing file /home/dwmhr/pln/venv/lib/python3.10/site-packages/airflow/example_dags/example_bash_operator.py for tasks to queue
[2025-08-07T15:46:02.589+0700] {logging_mixin.py:154} INFO - [2025-08-07T15:46:02.588+0700] {dagbag.py:536} INFO - Filling up the DagBag from /home/dwmhr/pln/venv/lib/python3.10/site-packages/airflow/example_dags/example_bash_operator.py
[2025-08-07T15:46:02.634+0700] {processor.py:839} INFO - DAG(s) dict_keys(['example_bash_operator']) retrieved from /home/dwmhr/pln/venv/lib/python3.10/site-packages/airflow/example_dags/example_bash_operator.py
[2025-08-07T15:46:03.231+0700] {logging_mixin.py:154} INFO - [2025-08-07T15:46:03.230+0700] {manager.py:499} INFO - Created Permission View: %s
[2025-08-07T15:46:03.284+0700] {logging_mixin.py:154} INFO - [2025-08-07T15:46:03.283+0700] {manager.py:499} INFO - Created Permission View: %s
[2025-08-07T15:46:03.335+0700] {logging_mixin.py:154} INFO - [2025-08-07T15:46:03.333+0700] {manager.py:499} INFO - Created Permission View: %s
[2025-08-07T15:46:03.336+0700] {logging_mixin.py:154} INFO - [2025-08-07T15:46:03.336+0700] {dag.py:2941} INFO - Sync 1 DAGs
[2025-08-07T15:46:02.251+0700] {logging_mixin.py:154} INFO - [2025-08-07T15:46:02.250+0700] {dag.py:2963} INFO - Creating ORM DAG for example_bash_operator
[2025-08-07T15:46:02.372+0700] {logging_mixin.py:154} INFO - [2025-08-07T15:46:02.371+0700] {dag.py:3722} INFO - Setting next_dagrun for example_bash_operator to 2025-08-06T00:00:00+00:00, run_after=2025-08-07T00:00:00+00:00
[2025-08-07T15:46:02.536+0700] {processor.py:179} INFO - Processing /home/dwmhr/pln/venv/lib/python3.10/site-packages/airflow/example_dags/example_bash_operator.py took 1.185 seconds
[2025-08-07T15:47:00.225+0700] {processor.py:157} INFO - Started process (PID=113798) to work on /home/dwmhr/pln/venv/lib/python3.10/site-packages/airflow/example_dags/example_bash_operator.py
[2025-08-07T15:47:00.231+0700] {processor.py:829} INFO - Processing file /home/dwmhr/pln/venv/lib/python3.10/site-packages/airflow/example_dags/example_bash_operator.py for tasks to queue
[2025-08-07T15:47:00.233+0700] {logging_mixin.py:154} INFO - [2025-08-07T15:47:00.232+0700] {dagbag.py:536} INFO - Filling up the DagBag from /home/dwmhr/pln/venv/lib/python3.10/site-packages/airflow/example_dags/example_bash_operator.py
[2025-08-07T15:47:00.260+0700] {processor.py:839} INFO - DAG(s) dict_keys(['example_bash_operator']) retrieved from /home/dwmhr/pln/venv/lib/python3.10/site-packages/airflow/example_dags/example_bash_operator.py
[2025-08-07T15:47:00.326+0700] {logging_mixin.py:154} INFO - [2025-08-07T15:47:00.325+0700] {dag.py:2941} INFO - Sync 1 DAGs
[2025-08-07T15:47:00.384+0700] {logging_mixin.py:154} INFO - [2025-08-07T15:47:00.384+0700] {dag.py:3722} INFO - Setting next_dagrun for example_bash_operator to 2025-08-06T00:00:00+00:00, run_after=2025-08-07T00:00:00+00:00
[2025-08-07T15:47:00.438+0700] {processor.py:179} INFO - Processing /home/dwmhr/pln/venv/lib/python3.10/site-packages/airflow/example_dags/example_bash_operator.py took 0.221 seconds
[2025-08-07T15:48:07.445+0700] {processor.py:157} INFO - Started process (PID=114150) to work on /home/dwmhr/pln/venv/lib/python3.10/site-packages/airflow/example_dags/example_bash_operator.py
[2025-08-07T15:48:07.448+0700] {processor.py:829} INFO - Processing file /home/dwmhr/pln/venv/lib/python3.10/site-packages/airflow/example_dags/example_bash_operator.py for tasks to queue
[2025-08-07T15:48:07.451+0700] {logging_mixin.py:154} INFO - [2025-08-07T15:48:07.450+0700] {dagbag.py:536} INFO - Filling up the DagBag from /home/dwmhr/pln/venv/lib/python3.10/site-packages/airflow/example_dags/example_bash_operator.py
[2025-08-07T15:48:07.478+0700] {processor.py:839} INFO - DAG(s) dict_keys(['example_bash_operator']) retrieved from /home/dwmhr/pln/venv/lib/python3.10/site-packages/airflow/example_dags/example_bash_operator.py
[2025-08-07T15:48:07.540+0700] {logging_mixin.py:154} INFO - [2025-08-07T15:48:07.539+0700] {dag.py:2941} INFO - Sync 1 DAGs
[2025-08-07T15:48:07.594+0700] {logging_mixin.py:154} INFO - [2025-08-07T15:48:07.594+0700] {dag.py:3722} INFO - Setting next_dagrun for example_bash_operator to 2025-08-06T00:00:00+00:00, run_after=2025-08-07T00:00:00+00:00
[2025-08-07T15:48:07.667+0700] {processor.py:179} INFO - Processing /home/dwmhr/pln/venv/lib/python3.10/site-packages/airflow/example_dags/example_bash_operator.py took 0.233 seconds
[2025-08-07T15:49:21.448+0700] {processor.py:157} INFO - Started process (PID=114535) to work on /home/dwmhr/pln/venv/lib/python3.10/site-packages/airflow/example_dags/example_bash_operator.py
[2025-08-07T15:49:21.451+0700] {processor.py:829} INFO - Processing file /home/dwmhr/pln/venv/lib/python3.10/site-packages/airflow/example_dags/example_bash_operator.py for tasks to queue
[2025-08-07T15:49:21.454+0700] {logging_mixin.py:154} INFO - [2025-08-07T15:49:21.453+0700] {dagbag.py:536} INFO - Filling up the DagBag from /home/dwmhr/pln/venv/lib/python3.10/site-packages/airflow/example_dags/example_bash_operator.py
[2025-08-07T15:49:21.484+0700] {processor.py:839} INFO - DAG(s) dict_keys(['example_bash_operator']) retrieved from /home/dwmhr/pln/venv/lib/python3.10/site-packages/airflow/example_dags/example_bash_operator.py
[2025-08-07T15:49:21.569+0700] {logging_mixin.py:154} INFO - [2025-08-07T15:49:21.568+0700] {dag.py:2941} INFO - Sync 1 DAGs
[2025-08-07T15:49:21.644+0700] {logging_mixin.py:154} INFO - [2025-08-07T15:49:21.643+0700] {dag.py:3722} INFO - Setting next_dagrun for example_bash_operator to 2025-08-06T00:00:00+00:00, run_after=2025-08-07T00:00:00+00:00
[2025-08-07T15:49:21.714+0700] {processor.py:179} INFO - Processing /home/dwmhr/pln/venv/lib/python3.10/site-packages/airflow/example_dags/example_bash_operator.py took 0.275 seconds
[2025-08-07T15:50:38.256+0700] {processor.py:157} INFO - Started process (PID=114938) to work on /home/dwmhr/pln/venv/lib/python3.10/site-packages/airflow/example_dags/example_bash_operator.py
[2025-08-07T15:50:38.263+0700] {processor.py:829} INFO - Processing file /home/dwmhr/pln/venv/lib/python3.10/site-packages/airflow/example_dags/example_bash_operator.py for tasks to queue
[2025-08-07T15:50:38.264+0700] {logging_mixin.py:154} INFO - [2025-08-07T15:50:38.264+0700] {dagbag.py:536} INFO - Filling up the DagBag from /home/dwmhr/pln/venv/lib/python3.10/site-packages/airflow/example_dags/example_bash_operator.py
[2025-08-07T15:50:38.278+0700] {processor.py:839} INFO - DAG(s) dict_keys(['example_bash_operator']) retrieved from /home/dwmhr/pln/venv/lib/python3.10/site-packages/airflow/example_dags/example_bash_operator.py
[2025-08-07T15:50:38.309+0700] {logging_mixin.py:154} INFO - [2025-08-07T15:50:38.309+0700] {dag.py:2941} INFO - Sync 1 DAGs
[2025-08-07T15:50:38.336+0700] {logging_mixin.py:154} INFO - [2025-08-07T15:50:38.336+0700] {dag.py:3722} INFO - Setting next_dagrun for example_bash_operator to 2025-08-06T00:00:00+00:00, run_after=2025-08-07T00:00:00+00:00
[2025-08-07T15:50:38.375+0700] {processor.py:179} INFO - Processing /home/dwmhr/pln/venv/lib/python3.10/site-packages/airflow/example_dags/example_bash_operator.py took 0.122 seconds
[2025-08-07T15:51:47.038+0700] {processor.py:157} INFO - Started process (PID=115287) to work on /home/dwmhr/pln/venv/lib/python3.10/site-packages/airflow/example_dags/example_bash_operator.py
[2025-08-07T15:51:47.041+0700] {processor.py:829} INFO - Processing file /home/dwmhr/pln/venv/lib/python3.10/site-packages/airflow/example_dags/example_bash_operator.py for tasks to queue
[2025-08-07T15:51:47.044+0700] {logging_mixin.py:154} INFO - [2025-08-07T15:51:47.043+0700] {dagbag.py:536} INFO - Filling up the DagBag from /home/dwmhr/pln/venv/lib/python3.10/site-packages/airflow/example_dags/example_bash_operator.py
[2025-08-07T15:51:47.080+0700] {processor.py:839} INFO - DAG(s) dict_keys(['example_bash_operator']) retrieved from /home/dwmhr/pln/venv/lib/python3.10/site-packages/airflow/example_dags/example_bash_operator.py
[2025-08-07T15:51:47.148+0700] {logging_mixin.py:154} INFO - [2025-08-07T15:51:47.147+0700] {dag.py:2941} INFO - Sync 1 DAGs
[2025-08-07T15:51:47.204+0700] {logging_mixin.py:154} INFO - [2025-08-07T15:51:47.204+0700] {dag.py:3722} INFO - Setting next_dagrun for example_bash_operator to 2025-08-06T00:00:00+00:00, run_after=2025-08-07T00:00:00+00:00
[2025-08-07T15:51:47.273+0700] {processor.py:179} INFO - Processing /home/dwmhr/pln/venv/lib/python3.10/site-packages/airflow/example_dags/example_bash_operator.py took 0.247 seconds
[2025-08-07T15:53:44.804+0700] {processor.py:157} INFO - Started process (PID=115821) to work on /home/dwmhr/pln/venv/lib/python3.10/site-packages/airflow/example_dags/example_bash_operator.py
[2025-08-07T15:53:44.807+0700] {processor.py:829} INFO - Processing file /home/dwmhr/pln/venv/lib/python3.10/site-packages/airflow/example_dags/example_bash_operator.py for tasks to queue
[2025-08-07T15:53:44.809+0700] {logging_mixin.py:154} INFO - [2025-08-07T15:53:44.808+0700] {dagbag.py:536} INFO - Filling up the DagBag from /home/dwmhr/pln/venv/lib/python3.10/site-packages/airflow/example_dags/example_bash_operator.py
[2025-08-07T15:53:44.836+0700] {processor.py:839} INFO - DAG(s) dict_keys(['example_bash_operator']) retrieved from /home/dwmhr/pln/venv/lib/python3.10/site-packages/airflow/example_dags/example_bash_operator.py
[2025-08-07T15:53:44.889+0700] {logging_mixin.py:154} INFO - [2025-08-07T15:53:44.889+0700] {dag.py:2941} INFO - Sync 1 DAGs
[2025-08-07T15:53:44.927+0700] {logging_mixin.py:154} INFO - [2025-08-07T15:53:44.927+0700] {dag.py:3722} INFO - Setting next_dagrun for example_bash_operator to 2025-08-06T00:00:00+00:00, run_after=2025-08-07T00:00:00+00:00
[2025-08-07T15:53:44.972+0700] {processor.py:179} INFO - Processing /home/dwmhr/pln/venv/lib/python3.10/site-packages/airflow/example_dags/example_bash_operator.py took 0.174 seconds
[2025-08-07T15:55:24.893+0700] {processor.py:157} INFO - Started process (PID=116343) to work on /home/dwmhr/pln/venv/lib/python3.10/site-packages/airflow/example_dags/example_bash_operator.py
[2025-08-07T15:55:24.898+0700] {processor.py:829} INFO - Processing file /home/dwmhr/pln/venv/lib/python3.10/site-packages/airflow/example_dags/example_bash_operator.py for tasks to queue
[2025-08-07T15:55:24.902+0700] {logging_mixin.py:154} INFO - [2025-08-07T15:55:24.900+0700] {dagbag.py:536} INFO - Filling up the DagBag from /home/dwmhr/pln/venv/lib/python3.10/site-packages/airflow/example_dags/example_bash_operator.py
[2025-08-07T15:55:24.958+0700] {processor.py:839} INFO - DAG(s) dict_keys(['example_bash_operator']) retrieved from /home/dwmhr/pln/venv/lib/python3.10/site-packages/airflow/example_dags/example_bash_operator.py
[2025-08-07T15:55:25.107+0700] {logging_mixin.py:154} INFO - [2025-08-07T15:55:25.106+0700] {dag.py:2941} INFO - Sync 1 DAGs
[2025-08-07T15:55:25.261+0700] {logging_mixin.py:154} INFO - [2025-08-07T15:55:25.260+0700] {dag.py:3722} INFO - Setting next_dagrun for example_bash_operator to 2025-08-06T00:00:00+00:00, run_after=2025-08-07T00:00:00+00:00
[2025-08-07T15:55:25.372+0700] {processor.py:179} INFO - Processing /home/dwmhr/pln/venv/lib/python3.10/site-packages/airflow/example_dags/example_bash_operator.py took 0.495 seconds
[2025-08-07T15:56:49.078+0700] {processor.py:157} INFO - Started process (PID=116765) to work on /home/dwmhr/pln/venv/lib/python3.10/site-packages/airflow/example_dags/example_bash_operator.py
[2025-08-07T15:56:49.082+0700] {processor.py:829} INFO - Processing file /home/dwmhr/pln/venv/lib/python3.10/site-packages/airflow/example_dags/example_bash_operator.py for tasks to queue
[2025-08-07T15:56:49.085+0700] {logging_mixin.py:154} INFO - [2025-08-07T15:56:49.084+0700] {dagbag.py:536} INFO - Filling up the DagBag from /home/dwmhr/pln/venv/lib/python3.10/site-packages/airflow/example_dags/example_bash_operator.py
[2025-08-07T15:56:49.142+0700] {processor.py:839} INFO - DAG(s) dict_keys(['example_bash_operator']) retrieved from /home/dwmhr/pln/venv/lib/python3.10/site-packages/airflow/example_dags/example_bash_operator.py
[2025-08-07T15:56:49.249+0700] {logging_mixin.py:154} INFO - [2025-08-07T15:56:49.248+0700] {dag.py:2941} INFO - Sync 1 DAGs
[2025-08-07T15:56:49.346+0700] {logging_mixin.py:154} INFO - [2025-08-07T15:56:49.346+0700] {dag.py:3722} INFO - Setting next_dagrun for example_bash_operator to 2025-08-06T00:00:00+00:00, run_after=2025-08-07T00:00:00+00:00
[2025-08-07T15:56:49.445+0700] {processor.py:179} INFO - Processing /home/dwmhr/pln/venv/lib/python3.10/site-packages/airflow/example_dags/example_bash_operator.py took 0.377 seconds
[2025-08-07T15:57:52.017+0700] {processor.py:157} INFO - Started process (PID=117122) to work on /home/dwmhr/pln/venv/lib/python3.10/site-packages/airflow/example_dags/example_bash_operator.py
[2025-08-07T15:57:52.022+0700] {processor.py:829} INFO - Processing file /home/dwmhr/pln/venv/lib/python3.10/site-packages/airflow/example_dags/example_bash_operator.py for tasks to queue
[2025-08-07T15:57:52.023+0700] {logging_mixin.py:154} INFO - [2025-08-07T15:57:52.022+0700] {dagbag.py:536} INFO - Filling up the DagBag from /home/dwmhr/pln/venv/lib/python3.10/site-packages/airflow/example_dags/example_bash_operator.py
[2025-08-07T15:57:52.039+0700] {processor.py:839} INFO - DAG(s) dict_keys(['example_bash_operator']) retrieved from /home/dwmhr/pln/venv/lib/python3.10/site-packages/airflow/example_dags/example_bash_operator.py
[2025-08-07T15:57:52.070+0700] {logging_mixin.py:154} INFO - [2025-08-07T15:57:52.070+0700] {dag.py:2941} INFO - Sync 1 DAGs
[2025-08-07T15:57:52.101+0700] {logging_mixin.py:154} INFO - [2025-08-07T15:57:52.100+0700] {dag.py:3722} INFO - Setting next_dagrun for example_bash_operator to 2025-08-06T00:00:00+00:00, run_after=2025-08-07T00:00:00+00:00
[2025-08-07T15:57:52.144+0700] {processor.py:179} INFO - Processing /home/dwmhr/pln/venv/lib/python3.10/site-packages/airflow/example_dags/example_bash_operator.py took 0.132 seconds
[2025-08-07T16:00:27.544+0700] {processor.py:157} INFO - Started process (PID=117878) to work on /home/dwmhr/pln/venv/lib/python3.10/site-packages/airflow/example_dags/example_bash_operator.py
[2025-08-07T16:00:27.547+0700] {processor.py:829} INFO - Processing file /home/dwmhr/pln/venv/lib/python3.10/site-packages/airflow/example_dags/example_bash_operator.py for tasks to queue
[2025-08-07T16:00:27.549+0700] {logging_mixin.py:154} INFO - [2025-08-07T16:00:27.548+0700] {dagbag.py:536} INFO - Filling up the DagBag from /home/dwmhr/pln/venv/lib/python3.10/site-packages/airflow/example_dags/example_bash_operator.py
[2025-08-07T16:00:27.579+0700] {processor.py:839} INFO - DAG(s) dict_keys(['example_bash_operator']) retrieved from /home/dwmhr/pln/venv/lib/python3.10/site-packages/airflow/example_dags/example_bash_operator.py
[2025-08-07T16:00:27.653+0700] {logging_mixin.py:154} INFO - [2025-08-07T16:00:27.652+0700] {dag.py:2941} INFO - Sync 1 DAGs
[2025-08-07T16:00:27.718+0700] {logging_mixin.py:154} INFO - [2025-08-07T16:00:27.718+0700] {dag.py:3722} INFO - Setting next_dagrun for example_bash_operator to 2025-08-06T00:00:00+00:00, run_after=2025-08-07T00:00:00+00:00
[2025-08-07T16:00:27.790+0700] {processor.py:179} INFO - Processing /home/dwmhr/pln/venv/lib/python3.10/site-packages/airflow/example_dags/example_bash_operator.py took 0.255 seconds
[2025-08-07T16:04:37.148+0700] {processor.py:157} INFO - Started process (PID=119039) to work on /home/dwmhr/pln/venv/lib/python3.10/site-packages/airflow/example_dags/example_bash_operator.py
[2025-08-07T16:04:37.155+0700] {processor.py:829} INFO - Processing file /home/dwmhr/pln/venv/lib/python3.10/site-packages/airflow/example_dags/example_bash_operator.py for tasks to queue
[2025-08-07T16:04:37.160+0700] {logging_mixin.py:154} INFO - [2025-08-07T16:04:37.159+0700] {dagbag.py:536} INFO - Filling up the DagBag from /home/dwmhr/pln/venv/lib/python3.10/site-packages/airflow/example_dags/example_bash_operator.py
[2025-08-07T16:04:37.213+0700] {processor.py:839} INFO - DAG(s) dict_keys(['example_bash_operator']) retrieved from /home/dwmhr/pln/venv/lib/python3.10/site-packages/airflow/example_dags/example_bash_operator.py
[2025-08-07T16:04:37.313+0700] {logging_mixin.py:154} INFO - [2025-08-07T16:04:37.312+0700] {dag.py:2941} INFO - Sync 1 DAGs
[2025-08-07T16:04:37.378+0700] {logging_mixin.py:154} INFO - [2025-08-07T16:04:37.377+0700] {dag.py:3722} INFO - Setting next_dagrun for example_bash_operator to 2025-08-06T00:00:00+00:00, run_after=2025-08-07T00:00:00+00:00
[2025-08-07T16:04:37.453+0700] {processor.py:179} INFO - Processing /home/dwmhr/pln/venv/lib/python3.10/site-packages/airflow/example_dags/example_bash_operator.py took 0.320 seconds
[2025-08-07T16:05:31.669+0700] {processor.py:157} INFO - Started process (PID=119348) to work on /home/dwmhr/pln/venv/lib/python3.10/site-packages/airflow/example_dags/example_bash_operator.py
[2025-08-07T16:05:31.676+0700] {processor.py:829} INFO - Processing file /home/dwmhr/pln/venv/lib/python3.10/site-packages/airflow/example_dags/example_bash_operator.py for tasks to queue
[2025-08-07T16:05:31.677+0700] {logging_mixin.py:154} INFO - [2025-08-07T16:05:31.676+0700] {dagbag.py:536} INFO - Filling up the DagBag from /home/dwmhr/pln/venv/lib/python3.10/site-packages/airflow/example_dags/example_bash_operator.py
[2025-08-07T16:05:31.693+0700] {processor.py:839} INFO - DAG(s) dict_keys(['example_bash_operator']) retrieved from /home/dwmhr/pln/venv/lib/python3.10/site-packages/airflow/example_dags/example_bash_operator.py
[2025-08-07T16:05:31.723+0700] {logging_mixin.py:154} INFO - [2025-08-07T16:05:31.723+0700] {dag.py:2941} INFO - Sync 1 DAGs
[2025-08-07T16:05:31.747+0700] {logging_mixin.py:154} INFO - [2025-08-07T16:05:31.747+0700] {dag.py:3722} INFO - Setting next_dagrun for example_bash_operator to 2025-08-06T00:00:00+00:00, run_after=2025-08-07T00:00:00+00:00
[2025-08-07T16:05:31.797+0700] {processor.py:179} INFO - Processing /home/dwmhr/pln/venv/lib/python3.10/site-packages/airflow/example_dags/example_bash_operator.py took 0.133 seconds
[2025-08-07T16:06:56.934+0700] {processor.py:157} INFO - Started process (PID=119746) to work on /home/dwmhr/pln/venv/lib/python3.10/site-packages/airflow/example_dags/example_bash_operator.py
[2025-08-07T16:06:56.945+0700] {processor.py:829} INFO - Processing file /home/dwmhr/pln/venv/lib/python3.10/site-packages/airflow/example_dags/example_bash_operator.py for tasks to queue
[2025-08-07T16:06:56.948+0700] {logging_mixin.py:154} INFO - [2025-08-07T16:06:56.947+0700] {dagbag.py:536} INFO - Filling up the DagBag from /home/dwmhr/pln/venv/lib/python3.10/site-packages/airflow/example_dags/example_bash_operator.py
[2025-08-07T16:06:56.998+0700] {processor.py:839} INFO - DAG(s) dict_keys(['example_bash_operator']) retrieved from /home/dwmhr/pln/venv/lib/python3.10/site-packages/airflow/example_dags/example_bash_operator.py
[2025-08-07T16:06:57.090+0700] {logging_mixin.py:154} INFO - [2025-08-07T16:06:57.089+0700] {dag.py:2941} INFO - Sync 1 DAGs
[2025-08-07T16:06:57.158+0700] {logging_mixin.py:154} INFO - [2025-08-07T16:06:57.157+0700] {dag.py:3722} INFO - Setting next_dagrun for example_bash_operator to 2025-08-06T00:00:00+00:00, run_after=2025-08-07T00:00:00+00:00
[2025-08-07T16:06:57.226+0700] {processor.py:179} INFO - Processing /home/dwmhr/pln/venv/lib/python3.10/site-packages/airflow/example_dags/example_bash_operator.py took 0.304 seconds
[2025-08-07T16:08:09.824+0700] {processor.py:157} INFO - Started process (PID=120101) to work on /home/dwmhr/pln/venv/lib/python3.10/site-packages/airflow/example_dags/example_bash_operator.py
[2025-08-07T16:08:09.827+0700] {processor.py:829} INFO - Processing file /home/dwmhr/pln/venv/lib/python3.10/site-packages/airflow/example_dags/example_bash_operator.py for tasks to queue
[2025-08-07T16:08:09.830+0700] {logging_mixin.py:154} INFO - [2025-08-07T16:08:09.829+0700] {dagbag.py:536} INFO - Filling up the DagBag from /home/dwmhr/pln/venv/lib/python3.10/site-packages/airflow/example_dags/example_bash_operator.py
[2025-08-07T16:08:09.871+0700] {processor.py:839} INFO - DAG(s) dict_keys(['example_bash_operator']) retrieved from /home/dwmhr/pln/venv/lib/python3.10/site-packages/airflow/example_dags/example_bash_operator.py
[2025-08-07T16:08:09.931+0700] {logging_mixin.py:154} INFO - [2025-08-07T16:08:09.931+0700] {dag.py:2941} INFO - Sync 1 DAGs
[2025-08-07T16:08:09.974+0700] {logging_mixin.py:154} INFO - [2025-08-07T16:08:09.974+0700] {dag.py:3722} INFO - Setting next_dagrun for example_bash_operator to 2025-08-06T00:00:00+00:00, run_after=2025-08-07T00:00:00+00:00
[2025-08-07T16:08:10.028+0700] {processor.py:179} INFO - Processing /home/dwmhr/pln/venv/lib/python3.10/site-packages/airflow/example_dags/example_bash_operator.py took 0.215 seconds
[2025-08-07T16:09:26.129+0700] {processor.py:157} INFO - Started process (PID=120487) to work on /home/dwmhr/pln/venv/lib/python3.10/site-packages/airflow/example_dags/example_bash_operator.py
[2025-08-07T16:09:26.141+0700] {processor.py:829} INFO - Processing file /home/dwmhr/pln/venv/lib/python3.10/site-packages/airflow/example_dags/example_bash_operator.py for tasks to queue
[2025-08-07T16:09:26.146+0700] {logging_mixin.py:154} INFO - [2025-08-07T16:09:26.144+0700] {dagbag.py:536} INFO - Filling up the DagBag from /home/dwmhr/pln/venv/lib/python3.10/site-packages/airflow/example_dags/example_bash_operator.py
[2025-08-07T16:09:26.221+0700] {processor.py:839} INFO - DAG(s) dict_keys(['example_bash_operator']) retrieved from /home/dwmhr/pln/venv/lib/python3.10/site-packages/airflow/example_dags/example_bash_operator.py
[2025-08-07T16:09:26.348+0700] {logging_mixin.py:154} INFO - [2025-08-07T16:09:26.347+0700] {dag.py:2941} INFO - Sync 1 DAGs
[2025-08-07T16:09:26.448+0700] {logging_mixin.py:154} INFO - [2025-08-07T16:09:26.448+0700] {dag.py:3722} INFO - Setting next_dagrun for example_bash_operator to 2025-08-06T00:00:00+00:00, run_after=2025-08-07T00:00:00+00:00
[2025-08-07T16:09:26.578+0700] {processor.py:179} INFO - Processing /home/dwmhr/pln/venv/lib/python3.10/site-packages/airflow/example_dags/example_bash_operator.py took 0.465 seconds
[2025-08-07T16:10:42.380+0700] {processor.py:157} INFO - Started process (PID=120847) to work on /home/dwmhr/pln/venv/lib/python3.10/site-packages/airflow/example_dags/example_bash_operator.py
[2025-08-07T16:10:42.383+0700] {processor.py:829} INFO - Processing file /home/dwmhr/pln/venv/lib/python3.10/site-packages/airflow/example_dags/example_bash_operator.py for tasks to queue
[2025-08-07T16:10:42.384+0700] {logging_mixin.py:154} INFO - [2025-08-07T16:10:42.383+0700] {dagbag.py:536} INFO - Filling up the DagBag from /home/dwmhr/pln/venv/lib/python3.10/site-packages/airflow/example_dags/example_bash_operator.py
[2025-08-07T16:10:42.407+0700] {processor.py:839} INFO - DAG(s) dict_keys(['example_bash_operator']) retrieved from /home/dwmhr/pln/venv/lib/python3.10/site-packages/airflow/example_dags/example_bash_operator.py
[2025-08-07T16:10:42.444+0700] {logging_mixin.py:154} INFO - [2025-08-07T16:10:42.443+0700] {dag.py:2941} INFO - Sync 1 DAGs
[2025-08-07T16:10:42.475+0700] {logging_mixin.py:154} INFO - [2025-08-07T16:10:42.475+0700] {dag.py:3722} INFO - Setting next_dagrun for example_bash_operator to 2025-08-06T00:00:00+00:00, run_after=2025-08-07T00:00:00+00:00
[2025-08-07T16:10:42.518+0700] {processor.py:179} INFO - Processing /home/dwmhr/pln/venv/lib/python3.10/site-packages/airflow/example_dags/example_bash_operator.py took 0.144 seconds
[2025-08-07T16:11:56.732+0700] {processor.py:157} INFO - Started process (PID=121269) to work on /home/dwmhr/pln/venv/lib/python3.10/site-packages/airflow/example_dags/example_bash_operator.py
[2025-08-07T16:11:56.743+0700] {processor.py:829} INFO - Processing file /home/dwmhr/pln/venv/lib/python3.10/site-packages/airflow/example_dags/example_bash_operator.py for tasks to queue
[2025-08-07T16:11:56.746+0700] {logging_mixin.py:154} INFO - [2025-08-07T16:11:56.745+0700] {dagbag.py:536} INFO - Filling up the DagBag from /home/dwmhr/pln/venv/lib/python3.10/site-packages/airflow/example_dags/example_bash_operator.py
[2025-08-07T16:11:56.772+0700] {processor.py:839} INFO - DAG(s) dict_keys(['example_bash_operator']) retrieved from /home/dwmhr/pln/venv/lib/python3.10/site-packages/airflow/example_dags/example_bash_operator.py
[2025-08-07T16:11:56.828+0700] {logging_mixin.py:154} INFO - [2025-08-07T16:11:56.827+0700] {dag.py:2941} INFO - Sync 1 DAGs
[2025-08-07T16:11:56.872+0700] {logging_mixin.py:154} INFO - [2025-08-07T16:11:56.871+0700] {dag.py:3722} INFO - Setting next_dagrun for example_bash_operator to 2025-08-06T00:00:00+00:00, run_after=2025-08-07T00:00:00+00:00
[2025-08-07T16:11:56.930+0700] {processor.py:179} INFO - Processing /home/dwmhr/pln/venv/lib/python3.10/site-packages/airflow/example_dags/example_bash_operator.py took 0.205 seconds
[2025-08-07T16:13:08.727+0700] {processor.py:157} INFO - Started process (PID=121616) to work on /home/dwmhr/pln/venv/lib/python3.10/site-packages/airflow/example_dags/example_bash_operator.py
[2025-08-07T16:13:08.729+0700] {processor.py:829} INFO - Processing file /home/dwmhr/pln/venv/lib/python3.10/site-packages/airflow/example_dags/example_bash_operator.py for tasks to queue
[2025-08-07T16:13:08.730+0700] {logging_mixin.py:154} INFO - [2025-08-07T16:13:08.730+0700] {dagbag.py:536} INFO - Filling up the DagBag from /home/dwmhr/pln/venv/lib/python3.10/site-packages/airflow/example_dags/example_bash_operator.py
[2025-08-07T16:13:08.746+0700] {processor.py:839} INFO - DAG(s) dict_keys(['example_bash_operator']) retrieved from /home/dwmhr/pln/venv/lib/python3.10/site-packages/airflow/example_dags/example_bash_operator.py
[2025-08-07T16:13:08.781+0700] {logging_mixin.py:154} INFO - [2025-08-07T16:13:08.781+0700] {dag.py:2941} INFO - Sync 1 DAGs
[2025-08-07T16:13:08.805+0700] {logging_mixin.py:154} INFO - [2025-08-07T16:13:08.804+0700] {dag.py:3722} INFO - Setting next_dagrun for example_bash_operator to 2025-08-06T00:00:00+00:00, run_after=2025-08-07T00:00:00+00:00
[2025-08-07T16:13:08.845+0700] {processor.py:179} INFO - Processing /home/dwmhr/pln/venv/lib/python3.10/site-packages/airflow/example_dags/example_bash_operator.py took 0.122 seconds
[2025-08-07T16:14:23.142+0700] {processor.py:157} INFO - Started process (PID=122036) to work on /home/dwmhr/pln/venv/lib/python3.10/site-packages/airflow/example_dags/example_bash_operator.py
[2025-08-07T16:14:23.145+0700] {processor.py:829} INFO - Processing file /home/dwmhr/pln/venv/lib/python3.10/site-packages/airflow/example_dags/example_bash_operator.py for tasks to queue
[2025-08-07T16:14:23.147+0700] {logging_mixin.py:154} INFO - [2025-08-07T16:14:23.146+0700] {dagbag.py:536} INFO - Filling up the DagBag from /home/dwmhr/pln/venv/lib/python3.10/site-packages/airflow/example_dags/example_bash_operator.py
[2025-08-07T16:14:23.177+0700] {processor.py:839} INFO - DAG(s) dict_keys(['example_bash_operator']) retrieved from /home/dwmhr/pln/venv/lib/python3.10/site-packages/airflow/example_dags/example_bash_operator.py
[2025-08-07T16:14:23.235+0700] {logging_mixin.py:154} INFO - [2025-08-07T16:14:23.235+0700] {dag.py:2941} INFO - Sync 1 DAGs
[2025-08-07T16:14:23.281+0700] {logging_mixin.py:154} INFO - [2025-08-07T16:14:23.280+0700] {dag.py:3722} INFO - Setting next_dagrun for example_bash_operator to 2025-08-06T00:00:00+00:00, run_after=2025-08-07T00:00:00+00:00
[2025-08-07T16:14:23.338+0700] {processor.py:179} INFO - Processing /home/dwmhr/pln/venv/lib/python3.10/site-packages/airflow/example_dags/example_bash_operator.py took 0.204 seconds
[2025-08-07T16:15:28.092+0700] {processor.py:157} INFO - Started process (PID=122345) to work on /home/dwmhr/pln/venv/lib/python3.10/site-packages/airflow/example_dags/example_bash_operator.py
[2025-08-07T16:15:28.096+0700] {processor.py:829} INFO - Processing file /home/dwmhr/pln/venv/lib/python3.10/site-packages/airflow/example_dags/example_bash_operator.py for tasks to queue
[2025-08-07T16:15:28.099+0700] {logging_mixin.py:154} INFO - [2025-08-07T16:15:28.098+0700] {dagbag.py:536} INFO - Filling up the DagBag from /home/dwmhr/pln/venv/lib/python3.10/site-packages/airflow/example_dags/example_bash_operator.py
[2025-08-07T16:15:28.148+0700] {processor.py:839} INFO - DAG(s) dict_keys(['example_bash_operator']) retrieved from /home/dwmhr/pln/venv/lib/python3.10/site-packages/airflow/example_dags/example_bash_operator.py
[2025-08-07T16:15:28.222+0700] {logging_mixin.py:154} INFO - [2025-08-07T16:15:28.221+0700] {dag.py:2941} INFO - Sync 1 DAGs
[2025-08-07T16:15:28.270+0700] {logging_mixin.py:154} INFO - [2025-08-07T16:15:28.269+0700] {dag.py:3722} INFO - Setting next_dagrun for example_bash_operator to 2025-08-06T00:00:00+00:00, run_after=2025-08-07T00:00:00+00:00
[2025-08-07T16:15:28.331+0700] {processor.py:179} INFO - Processing /home/dwmhr/pln/venv/lib/python3.10/site-packages/airflow/example_dags/example_bash_operator.py took 0.250 seconds
[2025-08-07T16:16:39.326+0700] {processor.py:157} INFO - Started process (PID=122678) to work on /home/dwmhr/pln/venv/lib/python3.10/site-packages/airflow/example_dags/example_bash_operator.py
[2025-08-07T16:16:39.330+0700] {processor.py:829} INFO - Processing file /home/dwmhr/pln/venv/lib/python3.10/site-packages/airflow/example_dags/example_bash_operator.py for tasks to queue
[2025-08-07T16:16:39.332+0700] {logging_mixin.py:154} INFO - [2025-08-07T16:16:39.331+0700] {dagbag.py:536} INFO - Filling up the DagBag from /home/dwmhr/pln/venv/lib/python3.10/site-packages/airflow/example_dags/example_bash_operator.py
[2025-08-07T16:16:39.364+0700] {processor.py:839} INFO - DAG(s) dict_keys(['example_bash_operator']) retrieved from /home/dwmhr/pln/venv/lib/python3.10/site-packages/airflow/example_dags/example_bash_operator.py
[2025-08-07T16:16:39.424+0700] {logging_mixin.py:154} INFO - [2025-08-07T16:16:39.423+0700] {dag.py:2941} INFO - Sync 1 DAGs
[2025-08-07T16:16:39.475+0700] {logging_mixin.py:154} INFO - [2025-08-07T16:16:39.475+0700] {dag.py:3722} INFO - Setting next_dagrun for example_bash_operator to 2025-08-06T00:00:00+00:00, run_after=2025-08-07T00:00:00+00:00
[2025-08-07T16:16:39.536+0700] {processor.py:179} INFO - Processing /home/dwmhr/pln/venv/lib/python3.10/site-packages/airflow/example_dags/example_bash_operator.py took 0.221 seconds
[2025-08-07T16:17:36.253+0700] {processor.py:157} INFO - Started process (PID=122979) to work on /home/dwmhr/pln/venv/lib/python3.10/site-packages/airflow/example_dags/example_bash_operator.py
[2025-08-07T16:17:36.260+0700] {processor.py:829} INFO - Processing file /home/dwmhr/pln/venv/lib/python3.10/site-packages/airflow/example_dags/example_bash_operator.py for tasks to queue
[2025-08-07T16:17:36.266+0700] {logging_mixin.py:154} INFO - [2025-08-07T16:17:36.264+0700] {dagbag.py:536} INFO - Filling up the DagBag from /home/dwmhr/pln/venv/lib/python3.10/site-packages/airflow/example_dags/example_bash_operator.py
[2025-08-07T16:17:36.314+0700] {processor.py:839} INFO - DAG(s) dict_keys(['example_bash_operator']) retrieved from /home/dwmhr/pln/venv/lib/python3.10/site-packages/airflow/example_dags/example_bash_operator.py
[2025-08-07T16:17:36.404+0700] {logging_mixin.py:154} INFO - [2025-08-07T16:17:36.403+0700] {dag.py:2941} INFO - Sync 1 DAGs
[2025-08-07T16:17:36.500+0700] {logging_mixin.py:154} INFO - [2025-08-07T16:17:36.500+0700] {dag.py:3722} INFO - Setting next_dagrun for example_bash_operator to 2025-08-06T00:00:00+00:00, run_after=2025-08-07T00:00:00+00:00
[2025-08-07T16:17:36.594+0700] {processor.py:179} INFO - Processing /home/dwmhr/pln/venv/lib/python3.10/site-packages/airflow/example_dags/example_bash_operator.py took 0.354 seconds
[2025-08-07T16:18:43.594+0700] {processor.py:157} INFO - Started process (PID=123355) to work on /home/dwmhr/pln/venv/lib/python3.10/site-packages/airflow/example_dags/example_bash_operator.py
[2025-08-07T16:18:43.599+0700] {processor.py:829} INFO - Processing file /home/dwmhr/pln/venv/lib/python3.10/site-packages/airflow/example_dags/example_bash_operator.py for tasks to queue
[2025-08-07T16:18:43.600+0700] {logging_mixin.py:154} INFO - [2025-08-07T16:18:43.600+0700] {dagbag.py:536} INFO - Filling up the DagBag from /home/dwmhr/pln/venv/lib/python3.10/site-packages/airflow/example_dags/example_bash_operator.py
[2025-08-07T16:18:43.610+0700] {processor.py:839} INFO - DAG(s) dict_keys(['example_bash_operator']) retrieved from /home/dwmhr/pln/venv/lib/python3.10/site-packages/airflow/example_dags/example_bash_operator.py
[2025-08-07T16:18:43.626+0700] {logging_mixin.py:154} INFO - [2025-08-07T16:18:43.626+0700] {dag.py:2941} INFO - Sync 1 DAGs
[2025-08-07T16:18:43.639+0700] {logging_mixin.py:154} INFO - [2025-08-07T16:18:43.639+0700] {dag.py:3722} INFO - Setting next_dagrun for example_bash_operator to 2025-08-06T00:00:00+00:00, run_after=2025-08-07T00:00:00+00:00
[2025-08-07T16:18:43.655+0700] {processor.py:179} INFO - Processing /home/dwmhr/pln/venv/lib/python3.10/site-packages/airflow/example_dags/example_bash_operator.py took 0.064 seconds
[2025-08-07T16:27:34.488+0700] {processor.py:157} INFO - Started process (PID=125600) to work on /home/dwmhr/pln/venv/lib/python3.10/site-packages/airflow/example_dags/example_bash_operator.py
[2025-08-07T16:27:34.496+0700] {processor.py:829} INFO - Processing file /home/dwmhr/pln/venv/lib/python3.10/site-packages/airflow/example_dags/example_bash_operator.py for tasks to queue
[2025-08-07T16:27:34.497+0700] {logging_mixin.py:154} INFO - [2025-08-07T16:27:34.497+0700] {dagbag.py:536} INFO - Filling up the DagBag from /home/dwmhr/pln/venv/lib/python3.10/site-packages/airflow/example_dags/example_bash_operator.py
[2025-08-07T16:27:34.509+0700] {processor.py:839} INFO - DAG(s) dict_keys(['example_bash_operator']) retrieved from /home/dwmhr/pln/venv/lib/python3.10/site-packages/airflow/example_dags/example_bash_operator.py
[2025-08-07T16:27:34.641+0700] {logging_mixin.py:154} INFO - [2025-08-07T16:27:34.641+0700] {dag.py:2941} INFO - Sync 1 DAGs
[2025-08-07T16:27:34.656+0700] {logging_mixin.py:154} INFO - [2025-08-07T16:27:34.656+0700] {dag.py:3722} INFO - Setting next_dagrun for example_bash_operator to 2025-08-06T00:00:00+00:00, run_after=2025-08-07T00:00:00+00:00
[2025-08-07T16:27:34.682+0700] {processor.py:179} INFO - Processing /home/dwmhr/pln/venv/lib/python3.10/site-packages/airflow/example_dags/example_bash_operator.py took 0.198 seconds
[2025-08-07T16:28:57.508+0700] {processor.py:157} INFO - Started process (PID=126002) to work on /home/dwmhr/pln/venv/lib/python3.10/site-packages/airflow/example_dags/example_bash_operator.py
[2025-08-07T16:28:57.515+0700] {processor.py:829} INFO - Processing file /home/dwmhr/pln/venv/lib/python3.10/site-packages/airflow/example_dags/example_bash_operator.py for tasks to queue
[2025-08-07T16:28:57.517+0700] {logging_mixin.py:154} INFO - [2025-08-07T16:28:57.516+0700] {dagbag.py:536} INFO - Filling up the DagBag from /home/dwmhr/pln/venv/lib/python3.10/site-packages/airflow/example_dags/example_bash_operator.py
[2025-08-07T16:28:57.541+0700] {processor.py:839} INFO - DAG(s) dict_keys(['example_bash_operator']) retrieved from /home/dwmhr/pln/venv/lib/python3.10/site-packages/airflow/example_dags/example_bash_operator.py
[2025-08-07T16:28:57.584+0700] {logging_mixin.py:154} INFO - [2025-08-07T16:28:57.583+0700] {dag.py:2941} INFO - Sync 1 DAGs
[2025-08-07T16:28:57.619+0700] {logging_mixin.py:154} INFO - [2025-08-07T16:28:57.619+0700] {dag.py:3722} INFO - Setting next_dagrun for example_bash_operator to 2025-08-06T00:00:00+00:00, run_after=2025-08-07T00:00:00+00:00
[2025-08-07T16:28:57.663+0700] {processor.py:179} INFO - Processing /home/dwmhr/pln/venv/lib/python3.10/site-packages/airflow/example_dags/example_bash_operator.py took 0.162 seconds
[2025-08-07T16:29:57.307+0700] {processor.py:157} INFO - Started process (PID=126291) to work on /home/dwmhr/pln/venv/lib/python3.10/site-packages/airflow/example_dags/example_bash_operator.py
[2025-08-07T16:29:57.314+0700] {processor.py:829} INFO - Processing file /home/dwmhr/pln/venv/lib/python3.10/site-packages/airflow/example_dags/example_bash_operator.py for tasks to queue
[2025-08-07T16:29:57.319+0700] {logging_mixin.py:154} INFO - [2025-08-07T16:29:57.317+0700] {dagbag.py:536} INFO - Filling up the DagBag from /home/dwmhr/pln/venv/lib/python3.10/site-packages/airflow/example_dags/example_bash_operator.py
[2025-08-07T16:29:57.367+0700] {processor.py:839} INFO - DAG(s) dict_keys(['example_bash_operator']) retrieved from /home/dwmhr/pln/venv/lib/python3.10/site-packages/airflow/example_dags/example_bash_operator.py
[2025-08-07T16:29:57.463+0700] {logging_mixin.py:154} INFO - [2025-08-07T16:29:57.463+0700] {dag.py:2941} INFO - Sync 1 DAGs
[2025-08-07T16:29:57.545+0700] {logging_mixin.py:154} INFO - [2025-08-07T16:29:57.544+0700] {dag.py:3722} INFO - Setting next_dagrun for example_bash_operator to 2025-08-06T00:00:00+00:00, run_after=2025-08-07T00:00:00+00:00
[2025-08-07T16:29:57.652+0700] {processor.py:179} INFO - Processing /home/dwmhr/pln/venv/lib/python3.10/site-packages/airflow/example_dags/example_bash_operator.py took 0.359 seconds
[2025-08-07T16:30:55.154+0700] {processor.py:157} INFO - Started process (PID=126586) to work on /home/dwmhr/pln/venv/lib/python3.10/site-packages/airflow/example_dags/example_bash_operator.py
[2025-08-07T16:30:55.164+0700] {processor.py:829} INFO - Processing file /home/dwmhr/pln/venv/lib/python3.10/site-packages/airflow/example_dags/example_bash_operator.py for tasks to queue
[2025-08-07T16:30:55.170+0700] {logging_mixin.py:154} INFO - [2025-08-07T16:30:55.168+0700] {dagbag.py:536} INFO - Filling up the DagBag from /home/dwmhr/pln/venv/lib/python3.10/site-packages/airflow/example_dags/example_bash_operator.py
[2025-08-07T16:30:55.239+0700] {processor.py:839} INFO - DAG(s) dict_keys(['example_bash_operator']) retrieved from /home/dwmhr/pln/venv/lib/python3.10/site-packages/airflow/example_dags/example_bash_operator.py
[2025-08-07T16:30:55.362+0700] {logging_mixin.py:154} INFO - [2025-08-07T16:30:55.362+0700] {dag.py:2941} INFO - Sync 1 DAGs
[2025-08-07T16:30:55.459+0700] {logging_mixin.py:154} INFO - [2025-08-07T16:30:55.458+0700] {dag.py:3722} INFO - Setting next_dagrun for example_bash_operator to 2025-08-06T00:00:00+00:00, run_after=2025-08-07T00:00:00+00:00
[2025-08-07T16:30:55.562+0700] {processor.py:179} INFO - Processing /home/dwmhr/pln/venv/lib/python3.10/site-packages/airflow/example_dags/example_bash_operator.py took 0.428 seconds
[2025-08-07T16:33:16.866+0700] {processor.py:157} INFO - Started process (PID=127214) to work on /home/dwmhr/pln/venv/lib/python3.10/site-packages/airflow/example_dags/example_bash_operator.py
[2025-08-07T16:33:16.870+0700] {processor.py:829} INFO - Processing file /home/dwmhr/pln/venv/lib/python3.10/site-packages/airflow/example_dags/example_bash_operator.py for tasks to queue
[2025-08-07T16:33:16.872+0700] {logging_mixin.py:154} INFO - [2025-08-07T16:33:16.871+0700] {dagbag.py:536} INFO - Filling up the DagBag from /home/dwmhr/pln/venv/lib/python3.10/site-packages/airflow/example_dags/example_bash_operator.py
[2025-08-07T16:33:16.903+0700] {processor.py:839} INFO - DAG(s) dict_keys(['example_bash_operator']) retrieved from /home/dwmhr/pln/venv/lib/python3.10/site-packages/airflow/example_dags/example_bash_operator.py
[2025-08-07T16:33:16.958+0700] {logging_mixin.py:154} INFO - [2025-08-07T16:33:16.957+0700] {dag.py:2941} INFO - Sync 1 DAGs
[2025-08-07T16:33:17.000+0700] {logging_mixin.py:154} INFO - [2025-08-07T16:33:16.999+0700] {dag.py:3722} INFO - Setting next_dagrun for example_bash_operator to 2025-08-06T00:00:00+00:00, run_after=2025-08-07T00:00:00+00:00
[2025-08-07T16:33:17.056+0700] {processor.py:179} INFO - Processing /home/dwmhr/pln/venv/lib/python3.10/site-packages/airflow/example_dags/example_bash_operator.py took 0.198 seconds
[2025-08-07T16:34:46.941+0700] {processor.py:157} INFO - Started process (PID=127576) to work on /home/dwmhr/pln/venv/lib/python3.10/site-packages/airflow/example_dags/example_bash_operator.py
[2025-08-07T16:34:46.944+0700] {processor.py:829} INFO - Processing file /home/dwmhr/pln/venv/lib/python3.10/site-packages/airflow/example_dags/example_bash_operator.py for tasks to queue
[2025-08-07T16:34:46.946+0700] {logging_mixin.py:154} INFO - [2025-08-07T16:34:46.945+0700] {dagbag.py:536} INFO - Filling up the DagBag from /home/dwmhr/pln/venv/lib/python3.10/site-packages/airflow/example_dags/example_bash_operator.py
[2025-08-07T16:34:46.975+0700] {processor.py:839} INFO - DAG(s) dict_keys(['example_bash_operator']) retrieved from /home/dwmhr/pln/venv/lib/python3.10/site-packages/airflow/example_dags/example_bash_operator.py
[2025-08-07T16:34:47.024+0700] {logging_mixin.py:154} INFO - [2025-08-07T16:34:47.023+0700] {dag.py:2941} INFO - Sync 1 DAGs
[2025-08-07T16:34:47.068+0700] {logging_mixin.py:154} INFO - [2025-08-07T16:34:47.067+0700] {dag.py:3722} INFO - Setting next_dagrun for example_bash_operator to 2025-08-06T00:00:00+00:00, run_after=2025-08-07T00:00:00+00:00
[2025-08-07T16:34:47.116+0700] {processor.py:179} INFO - Processing /home/dwmhr/pln/venv/lib/python3.10/site-packages/airflow/example_dags/example_bash_operator.py took 0.183 seconds
[2025-08-07T16:35:58.420+0700] {processor.py:157} INFO - Started process (PID=127853) to work on /home/dwmhr/pln/venv/lib/python3.10/site-packages/airflow/example_dags/example_bash_operator.py
[2025-08-07T16:35:58.421+0700] {processor.py:829} INFO - Processing file /home/dwmhr/pln/venv/lib/python3.10/site-packages/airflow/example_dags/example_bash_operator.py for tasks to queue
[2025-08-07T16:35:58.422+0700] {logging_mixin.py:154} INFO - [2025-08-07T16:35:58.422+0700] {dagbag.py:536} INFO - Filling up the DagBag from /home/dwmhr/pln/venv/lib/python3.10/site-packages/airflow/example_dags/example_bash_operator.py
[2025-08-07T16:35:58.433+0700] {processor.py:839} INFO - DAG(s) dict_keys(['example_bash_operator']) retrieved from /home/dwmhr/pln/venv/lib/python3.10/site-packages/airflow/example_dags/example_bash_operator.py
[2025-08-07T16:35:58.456+0700] {logging_mixin.py:154} INFO - [2025-08-07T16:35:58.455+0700] {dag.py:2941} INFO - Sync 1 DAGs
[2025-08-07T16:35:58.472+0700] {logging_mixin.py:154} INFO - [2025-08-07T16:35:58.472+0700] {dag.py:3722} INFO - Setting next_dagrun for example_bash_operator to 2025-08-06T00:00:00+00:00, run_after=2025-08-07T00:00:00+00:00
[2025-08-07T16:35:58.492+0700] {processor.py:179} INFO - Processing /home/dwmhr/pln/venv/lib/python3.10/site-packages/airflow/example_dags/example_bash_operator.py took 0.076 seconds
[2025-08-07T16:36:54.139+0700] {processor.py:157} INFO - Started process (PID=128104) to work on /home/dwmhr/pln/venv/lib/python3.10/site-packages/airflow/example_dags/example_bash_operator.py
[2025-08-07T16:36:54.149+0700] {processor.py:829} INFO - Processing file /home/dwmhr/pln/venv/lib/python3.10/site-packages/airflow/example_dags/example_bash_operator.py for tasks to queue
[2025-08-07T16:36:54.150+0700] {logging_mixin.py:154} INFO - [2025-08-07T16:36:54.149+0700] {dagbag.py:536} INFO - Filling up the DagBag from /home/dwmhr/pln/venv/lib/python3.10/site-packages/airflow/example_dags/example_bash_operator.py
[2025-08-07T16:36:54.162+0700] {processor.py:839} INFO - DAG(s) dict_keys(['example_bash_operator']) retrieved from /home/dwmhr/pln/venv/lib/python3.10/site-packages/airflow/example_dags/example_bash_operator.py
[2025-08-07T16:36:54.183+0700] {logging_mixin.py:154} INFO - [2025-08-07T16:36:54.183+0700] {dag.py:2941} INFO - Sync 1 DAGs
[2025-08-07T16:36:54.200+0700] {logging_mixin.py:154} INFO - [2025-08-07T16:36:54.199+0700] {dag.py:3722} INFO - Setting next_dagrun for example_bash_operator to 2025-08-06T00:00:00+00:00, run_after=2025-08-07T00:00:00+00:00
[2025-08-07T16:36:54.221+0700] {processor.py:179} INFO - Processing /home/dwmhr/pln/venv/lib/python3.10/site-packages/airflow/example_dags/example_bash_operator.py took 0.085 seconds
[2025-08-07T16:38:14.003+0700] {processor.py:157} INFO - Started process (PID=128438) to work on /home/dwmhr/pln/venv/lib/python3.10/site-packages/airflow/example_dags/example_bash_operator.py
[2025-08-07T16:38:14.014+0700] {processor.py:829} INFO - Processing file /home/dwmhr/pln/venv/lib/python3.10/site-packages/airflow/example_dags/example_bash_operator.py for tasks to queue
[2025-08-07T16:38:14.018+0700] {logging_mixin.py:154} INFO - [2025-08-07T16:38:14.017+0700] {dagbag.py:536} INFO - Filling up the DagBag from /home/dwmhr/pln/venv/lib/python3.10/site-packages/airflow/example_dags/example_bash_operator.py
[2025-08-07T16:38:14.121+0700] {processor.py:839} INFO - DAG(s) dict_keys(['example_bash_operator']) retrieved from /home/dwmhr/pln/venv/lib/python3.10/site-packages/airflow/example_dags/example_bash_operator.py
[2025-08-07T16:38:14.319+0700] {logging_mixin.py:154} INFO - [2025-08-07T16:38:14.318+0700] {dag.py:2941} INFO - Sync 1 DAGs
[2025-08-07T16:38:14.420+0700] {logging_mixin.py:154} INFO - [2025-08-07T16:38:14.419+0700] {dag.py:3722} INFO - Setting next_dagrun for example_bash_operator to 2025-08-06T00:00:00+00:00, run_after=2025-08-07T00:00:00+00:00
[2025-08-07T16:38:14.550+0700] {processor.py:179} INFO - Processing /home/dwmhr/pln/venv/lib/python3.10/site-packages/airflow/example_dags/example_bash_operator.py took 0.562 seconds
[2025-08-07T16:39:16.007+0700] {processor.py:157} INFO - Started process (PID=128683) to work on /home/dwmhr/pln/venv/lib/python3.10/site-packages/airflow/example_dags/example_bash_operator.py
[2025-08-07T16:39:16.008+0700] {processor.py:829} INFO - Processing file /home/dwmhr/pln/venv/lib/python3.10/site-packages/airflow/example_dags/example_bash_operator.py for tasks to queue
[2025-08-07T16:39:16.010+0700] {logging_mixin.py:154} INFO - [2025-08-07T16:39:16.009+0700] {dagbag.py:536} INFO - Filling up the DagBag from /home/dwmhr/pln/venv/lib/python3.10/site-packages/airflow/example_dags/example_bash_operator.py
[2025-08-07T16:39:16.025+0700] {processor.py:839} INFO - DAG(s) dict_keys(['example_bash_operator']) retrieved from /home/dwmhr/pln/venv/lib/python3.10/site-packages/airflow/example_dags/example_bash_operator.py
[2025-08-07T16:39:16.052+0700] {logging_mixin.py:154} INFO - [2025-08-07T16:39:16.052+0700] {dag.py:2941} INFO - Sync 1 DAGs
[2025-08-07T16:39:16.074+0700] {logging_mixin.py:154} INFO - [2025-08-07T16:39:16.074+0700] {dag.py:3722} INFO - Setting next_dagrun for example_bash_operator to 2025-08-06T00:00:00+00:00, run_after=2025-08-07T00:00:00+00:00
[2025-08-07T16:39:16.107+0700] {processor.py:179} INFO - Processing /home/dwmhr/pln/venv/lib/python3.10/site-packages/airflow/example_dags/example_bash_operator.py took 0.105 seconds
[2025-08-07T16:40:57.603+0700] {processor.py:157} INFO - Started process (PID=129098) to work on /home/dwmhr/pln/venv/lib/python3.10/site-packages/airflow/example_dags/example_bash_operator.py
[2025-08-07T16:40:57.605+0700] {processor.py:829} INFO - Processing file /home/dwmhr/pln/venv/lib/python3.10/site-packages/airflow/example_dags/example_bash_operator.py for tasks to queue
[2025-08-07T16:40:57.606+0700] {logging_mixin.py:154} INFO - [2025-08-07T16:40:57.606+0700] {dagbag.py:536} INFO - Filling up the DagBag from /home/dwmhr/pln/venv/lib/python3.10/site-packages/airflow/example_dags/example_bash_operator.py
[2025-08-07T16:40:57.616+0700] {processor.py:839} INFO - DAG(s) dict_keys(['example_bash_operator']) retrieved from /home/dwmhr/pln/venv/lib/python3.10/site-packages/airflow/example_dags/example_bash_operator.py
[2025-08-07T16:40:57.632+0700] {logging_mixin.py:154} INFO - [2025-08-07T16:40:57.632+0700] {dag.py:2941} INFO - Sync 1 DAGs
[2025-08-07T16:40:57.646+0700] {logging_mixin.py:154} INFO - [2025-08-07T16:40:57.646+0700] {dag.py:3722} INFO - Setting next_dagrun for example_bash_operator to 2025-08-06T00:00:00+00:00, run_after=2025-08-07T00:00:00+00:00
[2025-08-07T16:40:57.666+0700] {processor.py:179} INFO - Processing /home/dwmhr/pln/venv/lib/python3.10/site-packages/airflow/example_dags/example_bash_operator.py took 0.065 seconds
[2025-08-07T16:42:10.375+0700] {processor.py:157} INFO - Started process (PID=129410) to work on /home/dwmhr/pln/venv/lib/python3.10/site-packages/airflow/example_dags/example_bash_operator.py
[2025-08-07T16:42:10.377+0700] {processor.py:829} INFO - Processing file /home/dwmhr/pln/venv/lib/python3.10/site-packages/airflow/example_dags/example_bash_operator.py for tasks to queue
[2025-08-07T16:42:10.378+0700] {logging_mixin.py:154} INFO - [2025-08-07T16:42:10.378+0700] {dagbag.py:536} INFO - Filling up the DagBag from /home/dwmhr/pln/venv/lib/python3.10/site-packages/airflow/example_dags/example_bash_operator.py
[2025-08-07T16:42:10.393+0700] {processor.py:839} INFO - DAG(s) dict_keys(['example_bash_operator']) retrieved from /home/dwmhr/pln/venv/lib/python3.10/site-packages/airflow/example_dags/example_bash_operator.py
[2025-08-07T16:42:10.418+0700] {logging_mixin.py:154} INFO - [2025-08-07T16:42:10.418+0700] {dag.py:2941} INFO - Sync 1 DAGs
[2025-08-07T16:42:10.438+0700] {logging_mixin.py:154} INFO - [2025-08-07T16:42:10.438+0700] {dag.py:3722} INFO - Setting next_dagrun for example_bash_operator to 2025-08-06T00:00:00+00:00, run_after=2025-08-07T00:00:00+00:00
[2025-08-07T16:42:10.463+0700] {processor.py:179} INFO - Processing /home/dwmhr/pln/venv/lib/python3.10/site-packages/airflow/example_dags/example_bash_operator.py took 0.092 seconds
[2025-08-07T16:43:32.205+0700] {processor.py:157} INFO - Started process (PID=129752) to work on /home/dwmhr/pln/venv/lib/python3.10/site-packages/airflow/example_dags/example_bash_operator.py
[2025-08-07T16:43:32.213+0700] {processor.py:829} INFO - Processing file /home/dwmhr/pln/venv/lib/python3.10/site-packages/airflow/example_dags/example_bash_operator.py for tasks to queue
[2025-08-07T16:43:32.215+0700] {logging_mixin.py:154} INFO - [2025-08-07T16:43:32.214+0700] {dagbag.py:536} INFO - Filling up the DagBag from /home/dwmhr/pln/venv/lib/python3.10/site-packages/airflow/example_dags/example_bash_operator.py
[2025-08-07T16:43:32.241+0700] {processor.py:839} INFO - DAG(s) dict_keys(['example_bash_operator']) retrieved from /home/dwmhr/pln/venv/lib/python3.10/site-packages/airflow/example_dags/example_bash_operator.py
[2025-08-07T16:43:32.284+0700] {logging_mixin.py:154} INFO - [2025-08-07T16:43:32.284+0700] {dag.py:2941} INFO - Sync 1 DAGs
[2025-08-07T16:43:32.319+0700] {logging_mixin.py:154} INFO - [2025-08-07T16:43:32.319+0700] {dag.py:3722} INFO - Setting next_dagrun for example_bash_operator to 2025-08-06T00:00:00+00:00, run_after=2025-08-07T00:00:00+00:00
[2025-08-07T16:43:32.369+0700] {processor.py:179} INFO - Processing /home/dwmhr/pln/venv/lib/python3.10/site-packages/airflow/example_dags/example_bash_operator.py took 0.171 seconds
[2025-08-07T16:44:37.892+0700] {processor.py:157} INFO - Started process (PID=130036) to work on /home/dwmhr/pln/venv/lib/python3.10/site-packages/airflow/example_dags/example_bash_operator.py
[2025-08-07T16:44:37.899+0700] {processor.py:829} INFO - Processing file /home/dwmhr/pln/venv/lib/python3.10/site-packages/airflow/example_dags/example_bash_operator.py for tasks to queue
[2025-08-07T16:44:37.900+0700] {logging_mixin.py:154} INFO - [2025-08-07T16:44:37.899+0700] {dagbag.py:536} INFO - Filling up the DagBag from /home/dwmhr/pln/venv/lib/python3.10/site-packages/airflow/example_dags/example_bash_operator.py
[2025-08-07T16:44:37.914+0700] {processor.py:839} INFO - DAG(s) dict_keys(['example_bash_operator']) retrieved from /home/dwmhr/pln/venv/lib/python3.10/site-packages/airflow/example_dags/example_bash_operator.py
[2025-08-07T16:44:37.942+0700] {logging_mixin.py:154} INFO - [2025-08-07T16:44:37.942+0700] {dag.py:2941} INFO - Sync 1 DAGs
[2025-08-07T16:44:37.962+0700] {logging_mixin.py:154} INFO - [2025-08-07T16:44:37.962+0700] {dag.py:3722} INFO - Setting next_dagrun for example_bash_operator to 2025-08-06T00:00:00+00:00, run_after=2025-08-07T00:00:00+00:00
[2025-08-07T16:44:37.988+0700] {processor.py:179} INFO - Processing /home/dwmhr/pln/venv/lib/python3.10/site-packages/airflow/example_dags/example_bash_operator.py took 0.100 seconds
[2025-08-07T16:45:39.254+0700] {processor.py:157} INFO - Started process (PID=130326) to work on /home/dwmhr/pln/venv/lib/python3.10/site-packages/airflow/example_dags/example_bash_operator.py
[2025-08-07T16:45:39.267+0700] {processor.py:829} INFO - Processing file /home/dwmhr/pln/venv/lib/python3.10/site-packages/airflow/example_dags/example_bash_operator.py for tasks to queue
[2025-08-07T16:45:39.269+0700] {logging_mixin.py:154} INFO - [2025-08-07T16:45:39.268+0700] {dagbag.py:536} INFO - Filling up the DagBag from /home/dwmhr/pln/venv/lib/python3.10/site-packages/airflow/example_dags/example_bash_operator.py
[2025-08-07T16:45:39.288+0700] {processor.py:839} INFO - DAG(s) dict_keys(['example_bash_operator']) retrieved from /home/dwmhr/pln/venv/lib/python3.10/site-packages/airflow/example_dags/example_bash_operator.py
[2025-08-07T16:45:39.321+0700] {logging_mixin.py:154} INFO - [2025-08-07T16:45:39.320+0700] {dag.py:2941} INFO - Sync 1 DAGs
[2025-08-07T16:45:39.346+0700] {logging_mixin.py:154} INFO - [2025-08-07T16:45:39.346+0700] {dag.py:3722} INFO - Setting next_dagrun for example_bash_operator to 2025-08-06T00:00:00+00:00, run_after=2025-08-07T00:00:00+00:00
[2025-08-07T16:45:39.388+0700] {processor.py:179} INFO - Processing /home/dwmhr/pln/venv/lib/python3.10/site-packages/airflow/example_dags/example_bash_operator.py took 0.140 seconds
[2025-08-07T16:47:18.540+0700] {processor.py:157} INFO - Started process (PID=130745) to work on /home/dwmhr/pln/venv/lib/python3.10/site-packages/airflow/example_dags/example_bash_operator.py
[2025-08-07T16:47:18.542+0700] {processor.py:829} INFO - Processing file /home/dwmhr/pln/venv/lib/python3.10/site-packages/airflow/example_dags/example_bash_operator.py for tasks to queue
[2025-08-07T16:47:18.543+0700] {logging_mixin.py:154} INFO - [2025-08-07T16:47:18.542+0700] {dagbag.py:536} INFO - Filling up the DagBag from /home/dwmhr/pln/venv/lib/python3.10/site-packages/airflow/example_dags/example_bash_operator.py
[2025-08-07T16:47:18.552+0700] {processor.py:839} INFO - DAG(s) dict_keys(['example_bash_operator']) retrieved from /home/dwmhr/pln/venv/lib/python3.10/site-packages/airflow/example_dags/example_bash_operator.py
[2025-08-07T16:47:18.568+0700] {logging_mixin.py:154} INFO - [2025-08-07T16:47:18.567+0700] {dag.py:2941} INFO - Sync 1 DAGs
[2025-08-07T16:47:18.580+0700] {logging_mixin.py:154} INFO - [2025-08-07T16:47:18.579+0700] {dag.py:3722} INFO - Setting next_dagrun for example_bash_operator to 2025-08-06T00:00:00+00:00, run_after=2025-08-07T00:00:00+00:00
[2025-08-07T16:47:18.596+0700] {processor.py:179} INFO - Processing /home/dwmhr/pln/venv/lib/python3.10/site-packages/airflow/example_dags/example_bash_operator.py took 0.059 seconds
[2025-08-07T16:48:33.454+0700] {processor.py:157} INFO - Started process (PID=131047) to work on /home/dwmhr/pln/venv/lib/python3.10/site-packages/airflow/example_dags/example_bash_operator.py
[2025-08-07T16:48:33.458+0700] {processor.py:829} INFO - Processing file /home/dwmhr/pln/venv/lib/python3.10/site-packages/airflow/example_dags/example_bash_operator.py for tasks to queue
[2025-08-07T16:48:33.460+0700] {logging_mixin.py:154} INFO - [2025-08-07T16:48:33.459+0700] {dagbag.py:536} INFO - Filling up the DagBag from /home/dwmhr/pln/venv/lib/python3.10/site-packages/airflow/example_dags/example_bash_operator.py
[2025-08-07T16:48:33.480+0700] {processor.py:839} INFO - DAG(s) dict_keys(['example_bash_operator']) retrieved from /home/dwmhr/pln/venv/lib/python3.10/site-packages/airflow/example_dags/example_bash_operator.py
[2025-08-07T16:48:33.520+0700] {logging_mixin.py:154} INFO - [2025-08-07T16:48:33.520+0700] {dag.py:2941} INFO - Sync 1 DAGs
[2025-08-07T16:48:33.552+0700] {logging_mixin.py:154} INFO - [2025-08-07T16:48:33.551+0700] {dag.py:3722} INFO - Setting next_dagrun for example_bash_operator to 2025-08-06T00:00:00+00:00, run_after=2025-08-07T00:00:00+00:00
[2025-08-07T16:48:33.592+0700] {processor.py:179} INFO - Processing /home/dwmhr/pln/venv/lib/python3.10/site-packages/airflow/example_dags/example_bash_operator.py took 0.144 seconds
[2025-08-07T16:49:20.173+0700] {processor.py:157} INFO - Started process (PID=131280) to work on /home/dwmhr/pln/venv/lib/python3.10/site-packages/airflow/example_dags/example_bash_operator.py
[2025-08-07T16:49:20.176+0700] {processor.py:829} INFO - Processing file /home/dwmhr/pln/venv/lib/python3.10/site-packages/airflow/example_dags/example_bash_operator.py for tasks to queue
[2025-08-07T16:49:20.178+0700] {logging_mixin.py:154} INFO - [2025-08-07T16:49:20.177+0700] {dagbag.py:536} INFO - Filling up the DagBag from /home/dwmhr/pln/venv/lib/python3.10/site-packages/airflow/example_dags/example_bash_operator.py
[2025-08-07T16:49:20.199+0700] {processor.py:839} INFO - DAG(s) dict_keys(['example_bash_operator']) retrieved from /home/dwmhr/pln/venv/lib/python3.10/site-packages/airflow/example_dags/example_bash_operator.py
[2025-08-07T16:49:20.245+0700] {logging_mixin.py:154} INFO - [2025-08-07T16:49:20.245+0700] {dag.py:2941} INFO - Sync 1 DAGs
[2025-08-07T16:49:20.288+0700] {logging_mixin.py:154} INFO - [2025-08-07T16:49:20.288+0700] {dag.py:3722} INFO - Setting next_dagrun for example_bash_operator to 2025-08-06T00:00:00+00:00, run_after=2025-08-07T00:00:00+00:00
[2025-08-07T16:49:20.327+0700] {processor.py:179} INFO - Processing /home/dwmhr/pln/venv/lib/python3.10/site-packages/airflow/example_dags/example_bash_operator.py took 0.161 seconds
