[2025-08-07T15:45:32.915+0700] {processor.py:157} INFO - Started process (PID=113357) to work on /home/dwmhr/pln/venv/lib/python3.10/site-packages/airflow/example_dags/example_params_trigger_ui.py
[2025-08-07T15:45:32.919+0700] {processor.py:829} INFO - Processing file /home/dwmhr/pln/venv/lib/python3.10/site-packages/airflow/example_dags/example_params_trigger_ui.py for tasks to queue
[2025-08-07T15:45:32.922+0700] {logging_mixin.py:154} INFO - [2025-08-07T15:45:32.921+0700] {dagbag.py:536} INFO - Filling up the DagBag from /home/dwmhr/pln/venv/lib/python3.10/site-packages/airflow/example_dags/example_params_trigger_ui.py
[2025-08-07T15:45:33.053+0700] {processor.py:839} INFO - DAG(s) dict_keys(['example_params_trigger_ui']) retrieved from /home/dwmhr/pln/venv/lib/python3.10/site-packages/airflow/example_dags/example_params_trigger_ui.py
[2025-08-07T15:45:33.874+0700] {logging_mixin.py:154} INFO - [2025-08-07T15:45:33.873+0700] {manager.py:499} INFO - Created Permission View: %s
[2025-08-07T15:45:33.976+0700] {logging_mixin.py:154} INFO - [2025-08-07T15:45:33.975+0700] {manager.py:499} INFO - Created Permission View: %s
[2025-08-07T15:45:34.036+0700] {logging_mixin.py:154} INFO - [2025-08-07T15:45:34.035+0700] {manager.py:499} INFO - Created Permission View: %s
[2025-08-07T15:45:34.039+0700] {logging_mixin.py:154} INFO - [2025-08-07T15:45:34.038+0700] {dag.py:2941} INFO - Sync 1 DAGs
[2025-08-07T15:45:34.116+0700] {logging_mixin.py:154} INFO - [2025-08-07T15:45:34.115+0700] {dag.py:2963} INFO - Creating ORM DAG for example_params_trigger_ui
[2025-08-07T15:45:34.119+0700] {logging_mixin.py:154} INFO - [2025-08-07T15:45:34.118+0700] {dag.py:3722} INFO - Setting next_dagrun for example_params_trigger_ui to None, run_after=None
[2025-08-07T15:45:34.265+0700] {processor.py:179} INFO - Processing /home/dwmhr/pln/venv/lib/python3.10/site-packages/airflow/example_dags/example_params_trigger_ui.py took 1.364 seconds
[2025-08-07T15:46:37.250+0700] {processor.py:157} INFO - Started process (PID=113699) to work on /home/dwmhr/pln/venv/lib/python3.10/site-packages/airflow/example_dags/example_params_trigger_ui.py
[2025-08-07T15:46:37.252+0700] {processor.py:829} INFO - Processing file /home/dwmhr/pln/venv/lib/python3.10/site-packages/airflow/example_dags/example_params_trigger_ui.py for tasks to queue
[2025-08-07T15:46:37.253+0700] {logging_mixin.py:154} INFO - [2025-08-07T15:46:37.253+0700] {dagbag.py:536} INFO - Filling up the DagBag from /home/dwmhr/pln/venv/lib/python3.10/site-packages/airflow/example_dags/example_params_trigger_ui.py
[2025-08-07T15:46:37.279+0700] {processor.py:839} INFO - DAG(s) dict_keys(['example_params_trigger_ui']) retrieved from /home/dwmhr/pln/venv/lib/python3.10/site-packages/airflow/example_dags/example_params_trigger_ui.py
[2025-08-07T15:46:37.337+0700] {logging_mixin.py:154} INFO - [2025-08-07T15:46:37.337+0700] {dag.py:2941} INFO - Sync 1 DAGs
[2025-08-07T15:46:37.356+0700] {logging_mixin.py:154} INFO - [2025-08-07T15:46:37.356+0700] {dag.py:3722} INFO - Setting next_dagrun for example_params_trigger_ui to None, run_after=None
[2025-08-07T15:46:37.388+0700] {processor.py:179} INFO - Processing /home/dwmhr/pln/venv/lib/python3.10/site-packages/airflow/example_dags/example_params_trigger_ui.py took 0.144 seconds
[2025-08-07T15:47:35.077+0700] {processor.py:157} INFO - Started process (PID=114002) to work on /home/dwmhr/pln/venv/lib/python3.10/site-packages/airflow/example_dags/example_params_trigger_ui.py
[2025-08-07T15:47:35.091+0700] {processor.py:829} INFO - Processing file /home/dwmhr/pln/venv/lib/python3.10/site-packages/airflow/example_dags/example_params_trigger_ui.py for tasks to queue
[2025-08-07T15:47:35.093+0700] {logging_mixin.py:154} INFO - [2025-08-07T15:47:35.092+0700] {dagbag.py:536} INFO - Filling up the DagBag from /home/dwmhr/pln/venv/lib/python3.10/site-packages/airflow/example_dags/example_params_trigger_ui.py
[2025-08-07T15:47:35.133+0700] {processor.py:839} INFO - DAG(s) dict_keys(['example_params_trigger_ui']) retrieved from /home/dwmhr/pln/venv/lib/python3.10/site-packages/airflow/example_dags/example_params_trigger_ui.py
[2025-08-07T15:47:35.228+0700] {logging_mixin.py:154} INFO - [2025-08-07T15:47:35.227+0700] {dag.py:2941} INFO - Sync 1 DAGs
[2025-08-07T15:47:35.256+0700] {logging_mixin.py:154} INFO - [2025-08-07T15:47:35.256+0700] {dag.py:3722} INFO - Setting next_dagrun for example_params_trigger_ui to None, run_after=None
[2025-08-07T15:47:35.309+0700] {processor.py:179} INFO - Processing /home/dwmhr/pln/venv/lib/python3.10/site-packages/airflow/example_dags/example_params_trigger_ui.py took 0.239 seconds
[2025-08-07T15:48:22.424+0700] {processor.py:157} INFO - Started process (PID=114201) to work on /home/dwmhr/pln/venv/lib/python3.10/site-packages/airflow/example_dags/example_params_trigger_ui.py
[2025-08-07T15:48:22.426+0700] {processor.py:829} INFO - Processing file /home/dwmhr/pln/venv/lib/python3.10/site-packages/airflow/example_dags/example_params_trigger_ui.py for tasks to queue
[2025-08-07T15:48:22.427+0700] {logging_mixin.py:154} INFO - [2025-08-07T15:48:22.427+0700] {dagbag.py:536} INFO - Filling up the DagBag from /home/dwmhr/pln/venv/lib/python3.10/site-packages/airflow/example_dags/example_params_trigger_ui.py
[2025-08-07T15:48:22.444+0700] {processor.py:839} INFO - DAG(s) dict_keys(['example_params_trigger_ui']) retrieved from /home/dwmhr/pln/venv/lib/python3.10/site-packages/airflow/example_dags/example_params_trigger_ui.py
[2025-08-07T15:48:22.483+0700] {logging_mixin.py:154} INFO - [2025-08-07T15:48:22.483+0700] {dag.py:2941} INFO - Sync 1 DAGs
[2025-08-07T15:48:22.494+0700] {logging_mixin.py:154} INFO - [2025-08-07T15:48:22.494+0700] {dag.py:3722} INFO - Setting next_dagrun for example_params_trigger_ui to None, run_after=None
[2025-08-07T15:48:22.544+0700] {processor.py:179} INFO - Processing /home/dwmhr/pln/venv/lib/python3.10/site-packages/airflow/example_dags/example_params_trigger_ui.py took 0.124 seconds
[2025-08-07T15:49:40.945+0700] {processor.py:157} INFO - Started process (PID=114636) to work on /home/dwmhr/pln/venv/lib/python3.10/site-packages/airflow/example_dags/example_params_trigger_ui.py
[2025-08-07T15:49:40.952+0700] {processor.py:829} INFO - Processing file /home/dwmhr/pln/venv/lib/python3.10/site-packages/airflow/example_dags/example_params_trigger_ui.py for tasks to queue
[2025-08-07T15:49:40.955+0700] {logging_mixin.py:154} INFO - [2025-08-07T15:49:40.954+0700] {dagbag.py:536} INFO - Filling up the DagBag from /home/dwmhr/pln/venv/lib/python3.10/site-packages/airflow/example_dags/example_params_trigger_ui.py
[2025-08-07T15:49:41.017+0700] {processor.py:839} INFO - DAG(s) dict_keys(['example_params_trigger_ui']) retrieved from /home/dwmhr/pln/venv/lib/python3.10/site-packages/airflow/example_dags/example_params_trigger_ui.py
[2025-08-07T15:49:41.213+0700] {logging_mixin.py:154} INFO - [2025-08-07T15:49:41.212+0700] {dag.py:2941} INFO - Sync 1 DAGs
[2025-08-07T15:49:41.287+0700] {logging_mixin.py:154} INFO - [2025-08-07T15:49:41.286+0700] {dag.py:3722} INFO - Setting next_dagrun for example_params_trigger_ui to None, run_after=None
[2025-08-07T15:49:41.382+0700] {processor.py:179} INFO - Processing /home/dwmhr/pln/venv/lib/python3.10/site-packages/airflow/example_dags/example_params_trigger_ui.py took 0.448 seconds
[2025-08-07T15:51:01.562+0700] {processor.py:157} INFO - Started process (PID=115091) to work on /home/dwmhr/pln/venv/lib/python3.10/site-packages/airflow/example_dags/example_params_trigger_ui.py
[2025-08-07T15:51:01.593+0700] {processor.py:829} INFO - Processing file /home/dwmhr/pln/venv/lib/python3.10/site-packages/airflow/example_dags/example_params_trigger_ui.py for tasks to queue
[2025-08-07T15:51:01.599+0700] {logging_mixin.py:154} INFO - [2025-08-07T15:51:01.597+0700] {dagbag.py:536} INFO - Filling up the DagBag from /home/dwmhr/pln/venv/lib/python3.10/site-packages/airflow/example_dags/example_params_trigger_ui.py
[2025-08-07T15:51:01.714+0700] {processor.py:839} INFO - DAG(s) dict_keys(['example_params_trigger_ui']) retrieved from /home/dwmhr/pln/venv/lib/python3.10/site-packages/airflow/example_dags/example_params_trigger_ui.py
[2025-08-07T15:51:02.084+0700] {logging_mixin.py:154} INFO - [2025-08-07T15:51:02.083+0700] {dag.py:2941} INFO - Sync 1 DAGs
[2025-08-07T15:51:02.193+0700] {logging_mixin.py:154} INFO - [2025-08-07T15:51:02.190+0700] {dag.py:3722} INFO - Setting next_dagrun for example_params_trigger_ui to None, run_after=None
[2025-08-07T15:51:02.423+0700] {processor.py:179} INFO - Processing /home/dwmhr/pln/venv/lib/python3.10/site-packages/airflow/example_dags/example_params_trigger_ui.py took 0.889 seconds
[2025-08-07T15:52:02.359+0700] {processor.py:157} INFO - Started process (PID=115412) to work on /home/dwmhr/pln/venv/lib/python3.10/site-packages/airflow/example_dags/example_params_trigger_ui.py
[2025-08-07T15:52:02.364+0700] {processor.py:829} INFO - Processing file /home/dwmhr/pln/venv/lib/python3.10/site-packages/airflow/example_dags/example_params_trigger_ui.py for tasks to queue
[2025-08-07T15:52:02.369+0700] {logging_mixin.py:154} INFO - [2025-08-07T15:52:02.367+0700] {dagbag.py:536} INFO - Filling up the DagBag from /home/dwmhr/pln/venv/lib/python3.10/site-packages/airflow/example_dags/example_params_trigger_ui.py
[2025-08-07T15:52:02.500+0700] {processor.py:839} INFO - DAG(s) dict_keys(['example_params_trigger_ui']) retrieved from /home/dwmhr/pln/venv/lib/python3.10/site-packages/airflow/example_dags/example_params_trigger_ui.py
[2025-08-07T15:52:02.796+0700] {logging_mixin.py:154} INFO - [2025-08-07T15:52:02.795+0700] {dag.py:2941} INFO - Sync 1 DAGs
[2025-08-07T15:52:02.861+0700] {logging_mixin.py:154} INFO - [2025-08-07T15:52:02.861+0700] {dag.py:3722} INFO - Setting next_dagrun for example_params_trigger_ui to None, run_after=None
[2025-08-07T15:52:03.082+0700] {processor.py:179} INFO - Processing /home/dwmhr/pln/venv/lib/python3.10/site-packages/airflow/example_dags/example_params_trigger_ui.py took 0.737 seconds
[2025-08-07T15:53:25.402+0700] {processor.py:157} INFO - Started process (PID=115764) to work on /home/dwmhr/pln/venv/lib/python3.10/site-packages/airflow/example_dags/example_params_trigger_ui.py
[2025-08-07T15:53:25.405+0700] {processor.py:829} INFO - Processing file /home/dwmhr/pln/venv/lib/python3.10/site-packages/airflow/example_dags/example_params_trigger_ui.py for tasks to queue
[2025-08-07T15:53:25.405+0700] {logging_mixin.py:154} INFO - [2025-08-07T15:53:25.405+0700] {dagbag.py:536} INFO - Filling up the DagBag from /home/dwmhr/pln/venv/lib/python3.10/site-packages/airflow/example_dags/example_params_trigger_ui.py
[2025-08-07T15:53:25.419+0700] {processor.py:839} INFO - DAG(s) dict_keys(['example_params_trigger_ui']) retrieved from /home/dwmhr/pln/venv/lib/python3.10/site-packages/airflow/example_dags/example_params_trigger_ui.py
[2025-08-07T15:53:25.452+0700] {logging_mixin.py:154} INFO - [2025-08-07T15:53:25.452+0700] {dag.py:2941} INFO - Sync 1 DAGs
[2025-08-07T15:53:25.463+0700] {logging_mixin.py:154} INFO - [2025-08-07T15:53:25.463+0700] {dag.py:3722} INFO - Setting next_dagrun for example_params_trigger_ui to None, run_after=None
[2025-08-07T15:53:25.493+0700] {processor.py:179} INFO - Processing /home/dwmhr/pln/venv/lib/python3.10/site-packages/airflow/example_dags/example_params_trigger_ui.py took 0.094 seconds
[2025-08-07T15:55:03.525+0700] {processor.py:157} INFO - Started process (PID=116220) to work on /home/dwmhr/pln/venv/lib/python3.10/site-packages/airflow/example_dags/example_params_trigger_ui.py
[2025-08-07T15:55:03.527+0700] {processor.py:829} INFO - Processing file /home/dwmhr/pln/venv/lib/python3.10/site-packages/airflow/example_dags/example_params_trigger_ui.py for tasks to queue
[2025-08-07T15:55:03.528+0700] {logging_mixin.py:154} INFO - [2025-08-07T15:55:03.528+0700] {dagbag.py:536} INFO - Filling up the DagBag from /home/dwmhr/pln/venv/lib/python3.10/site-packages/airflow/example_dags/example_params_trigger_ui.py
[2025-08-07T15:55:03.554+0700] {processor.py:839} INFO - DAG(s) dict_keys(['example_params_trigger_ui']) retrieved from /home/dwmhr/pln/venv/lib/python3.10/site-packages/airflow/example_dags/example_params_trigger_ui.py
[2025-08-07T15:55:03.608+0700] {logging_mixin.py:154} INFO - [2025-08-07T15:55:03.608+0700] {dag.py:2941} INFO - Sync 1 DAGs
[2025-08-07T15:55:03.623+0700] {logging_mixin.py:154} INFO - [2025-08-07T15:55:03.623+0700] {dag.py:3722} INFO - Setting next_dagrun for example_params_trigger_ui to None, run_after=None
[2025-08-07T15:55:03.654+0700] {processor.py:179} INFO - Processing /home/dwmhr/pln/venv/lib/python3.10/site-packages/airflow/example_dags/example_params_trigger_ui.py took 0.134 seconds
[2025-08-07T15:56:27.032+0700] {processor.py:157} INFO - Started process (PID=116663) to work on /home/dwmhr/pln/venv/lib/python3.10/site-packages/airflow/example_dags/example_params_trigger_ui.py
[2025-08-07T15:56:27.036+0700] {processor.py:829} INFO - Processing file /home/dwmhr/pln/venv/lib/python3.10/site-packages/airflow/example_dags/example_params_trigger_ui.py for tasks to queue
[2025-08-07T15:56:27.039+0700] {logging_mixin.py:154} INFO - [2025-08-07T15:56:27.038+0700] {dagbag.py:536} INFO - Filling up the DagBag from /home/dwmhr/pln/venv/lib/python3.10/site-packages/airflow/example_dags/example_params_trigger_ui.py
[2025-08-07T15:56:27.097+0700] {processor.py:839} INFO - DAG(s) dict_keys(['example_params_trigger_ui']) retrieved from /home/dwmhr/pln/venv/lib/python3.10/site-packages/airflow/example_dags/example_params_trigger_ui.py
[2025-08-07T15:56:27.226+0700] {logging_mixin.py:154} INFO - [2025-08-07T15:56:27.224+0700] {dag.py:2941} INFO - Sync 1 DAGs
[2025-08-07T15:56:27.260+0700] {logging_mixin.py:154} INFO - [2025-08-07T15:56:27.260+0700] {dag.py:3722} INFO - Setting next_dagrun for example_params_trigger_ui to None, run_after=None
[2025-08-07T15:56:27.331+0700] {processor.py:179} INFO - Processing /home/dwmhr/pln/venv/lib/python3.10/site-packages/airflow/example_dags/example_params_trigger_ui.py took 0.312 seconds
[2025-08-07T15:57:31.877+0700] {processor.py:157} INFO - Started process (PID=116999) to work on /home/dwmhr/pln/venv/lib/python3.10/site-packages/airflow/example_dags/example_params_trigger_ui.py
[2025-08-07T15:57:31.879+0700] {processor.py:829} INFO - Processing file /home/dwmhr/pln/venv/lib/python3.10/site-packages/airflow/example_dags/example_params_trigger_ui.py for tasks to queue
[2025-08-07T15:57:31.880+0700] {logging_mixin.py:154} INFO - [2025-08-07T15:57:31.880+0700] {dagbag.py:536} INFO - Filling up the DagBag from /home/dwmhr/pln/venv/lib/python3.10/site-packages/airflow/example_dags/example_params_trigger_ui.py
[2025-08-07T15:57:31.903+0700] {processor.py:839} INFO - DAG(s) dict_keys(['example_params_trigger_ui']) retrieved from /home/dwmhr/pln/venv/lib/python3.10/site-packages/airflow/example_dags/example_params_trigger_ui.py
[2025-08-07T15:57:31.954+0700] {logging_mixin.py:154} INFO - [2025-08-07T15:57:31.954+0700] {dag.py:2941} INFO - Sync 1 DAGs
[2025-08-07T15:57:31.969+0700] {logging_mixin.py:154} INFO - [2025-08-07T15:57:31.969+0700] {dag.py:3722} INFO - Setting next_dagrun for example_params_trigger_ui to None, run_after=None
[2025-08-07T15:57:31.997+0700] {processor.py:179} INFO - Processing /home/dwmhr/pln/venv/lib/python3.10/site-packages/airflow/example_dags/example_params_trigger_ui.py took 0.125 seconds
[2025-08-07T16:00:01.361+0700] {processor.py:157} INFO - Started process (PID=117742) to work on /home/dwmhr/pln/venv/lib/python3.10/site-packages/airflow/example_dags/example_params_trigger_ui.py
[2025-08-07T16:00:01.367+0700] {processor.py:829} INFO - Processing file /home/dwmhr/pln/venv/lib/python3.10/site-packages/airflow/example_dags/example_params_trigger_ui.py for tasks to queue
[2025-08-07T16:00:01.371+0700] {logging_mixin.py:154} INFO - [2025-08-07T16:00:01.370+0700] {dagbag.py:536} INFO - Filling up the DagBag from /home/dwmhr/pln/venv/lib/python3.10/site-packages/airflow/example_dags/example_params_trigger_ui.py
[2025-08-07T16:00:01.491+0700] {processor.py:839} INFO - DAG(s) dict_keys(['example_params_trigger_ui']) retrieved from /home/dwmhr/pln/venv/lib/python3.10/site-packages/airflow/example_dags/example_params_trigger_ui.py
[2025-08-07T16:00:01.872+0700] {logging_mixin.py:154} INFO - [2025-08-07T16:00:01.871+0700] {dag.py:2941} INFO - Sync 1 DAGs
[2025-08-07T16:00:01.949+0700] {logging_mixin.py:154} INFO - [2025-08-07T16:00:01.949+0700] {dag.py:3722} INFO - Setting next_dagrun for example_params_trigger_ui to None, run_after=None
[2025-08-07T16:00:02.080+0700] {processor.py:179} INFO - Processing /home/dwmhr/pln/venv/lib/python3.10/site-packages/airflow/example_dags/example_params_trigger_ui.py took 0.740 seconds
[2025-08-07T16:01:35.792+0700] {processor.py:157} INFO - Started process (PID=118222) to work on /home/dwmhr/pln/venv/lib/python3.10/site-packages/airflow/example_dags/example_params_trigger_ui.py
[2025-08-07T16:01:35.808+0700] {processor.py:829} INFO - Processing file /home/dwmhr/pln/venv/lib/python3.10/site-packages/airflow/example_dags/example_params_trigger_ui.py for tasks to queue
[2025-08-07T16:01:35.827+0700] {logging_mixin.py:154} INFO - [2025-08-07T16:01:35.821+0700] {dagbag.py:536} INFO - Filling up the DagBag from /home/dwmhr/pln/venv/lib/python3.10/site-packages/airflow/example_dags/example_params_trigger_ui.py
[2025-08-07T16:01:36.332+0700] {processor.py:839} INFO - DAG(s) dict_keys(['example_params_trigger_ui']) retrieved from /home/dwmhr/pln/venv/lib/python3.10/site-packages/airflow/example_dags/example_params_trigger_ui.py
[2025-08-07T16:01:36.793+0700] {logging_mixin.py:154} INFO - [2025-08-07T16:01:36.792+0700] {dag.py:2941} INFO - Sync 1 DAGs
[2025-08-07T16:01:36.895+0700] {logging_mixin.py:154} INFO - [2025-08-07T16:01:36.894+0700] {dag.py:3722} INFO - Setting next_dagrun for example_params_trigger_ui to None, run_after=None
[2025-08-07T16:01:37.547+0700] {processor.py:179} INFO - Processing /home/dwmhr/pln/venv/lib/python3.10/site-packages/airflow/example_dags/example_params_trigger_ui.py took 1.852 seconds
[2025-08-07T16:04:10.575+0700] {processor.py:157} INFO - Started process (PID=118910) to work on /home/dwmhr/pln/venv/lib/python3.10/site-packages/airflow/example_dags/example_params_trigger_ui.py
[2025-08-07T16:04:10.581+0700] {processor.py:829} INFO - Processing file /home/dwmhr/pln/venv/lib/python3.10/site-packages/airflow/example_dags/example_params_trigger_ui.py for tasks to queue
[2025-08-07T16:04:10.584+0700] {logging_mixin.py:154} INFO - [2025-08-07T16:04:10.583+0700] {dagbag.py:536} INFO - Filling up the DagBag from /home/dwmhr/pln/venv/lib/python3.10/site-packages/airflow/example_dags/example_params_trigger_ui.py
[2025-08-07T16:04:10.648+0700] {processor.py:839} INFO - DAG(s) dict_keys(['example_params_trigger_ui']) retrieved from /home/dwmhr/pln/venv/lib/python3.10/site-packages/airflow/example_dags/example_params_trigger_ui.py
[2025-08-07T16:04:10.812+0700] {logging_mixin.py:154} INFO - [2025-08-07T16:04:10.811+0700] {dag.py:2941} INFO - Sync 1 DAGs
[2025-08-07T16:04:10.880+0700] {logging_mixin.py:154} INFO - [2025-08-07T16:04:10.879+0700] {dag.py:3722} INFO - Setting next_dagrun for example_params_trigger_ui to None, run_after=None
[2025-08-07T16:04:10.983+0700] {processor.py:179} INFO - Processing /home/dwmhr/pln/venv/lib/python3.10/site-packages/airflow/example_dags/example_params_trigger_ui.py took 0.420 seconds
[2025-08-07T16:05:13.989+0700] {processor.py:157} INFO - Started process (PID=119229) to work on /home/dwmhr/pln/venv/lib/python3.10/site-packages/airflow/example_dags/example_params_trigger_ui.py
[2025-08-07T16:05:13.994+0700] {processor.py:829} INFO - Processing file /home/dwmhr/pln/venv/lib/python3.10/site-packages/airflow/example_dags/example_params_trigger_ui.py for tasks to queue
[2025-08-07T16:05:13.995+0700] {logging_mixin.py:154} INFO - [2025-08-07T16:05:13.995+0700] {dagbag.py:536} INFO - Filling up the DagBag from /home/dwmhr/pln/venv/lib/python3.10/site-packages/airflow/example_dags/example_params_trigger_ui.py
[2025-08-07T16:05:14.011+0700] {processor.py:839} INFO - DAG(s) dict_keys(['example_params_trigger_ui']) retrieved from /home/dwmhr/pln/venv/lib/python3.10/site-packages/airflow/example_dags/example_params_trigger_ui.py
[2025-08-07T16:05:14.043+0700] {logging_mixin.py:154} INFO - [2025-08-07T16:05:14.043+0700] {dag.py:2941} INFO - Sync 1 DAGs
[2025-08-07T16:05:14.053+0700] {logging_mixin.py:154} INFO - [2025-08-07T16:05:14.053+0700] {dag.py:3722} INFO - Setting next_dagrun for example_params_trigger_ui to None, run_after=None
[2025-08-07T16:05:14.083+0700] {processor.py:179} INFO - Processing /home/dwmhr/pln/venv/lib/python3.10/site-packages/airflow/example_dags/example_params_trigger_ui.py took 0.097 seconds
[2025-08-07T16:06:33.704+0700] {processor.py:157} INFO - Started process (PID=119642) to work on /home/dwmhr/pln/venv/lib/python3.10/site-packages/airflow/example_dags/example_params_trigger_ui.py
[2025-08-07T16:06:33.709+0700] {processor.py:829} INFO - Processing file /home/dwmhr/pln/venv/lib/python3.10/site-packages/airflow/example_dags/example_params_trigger_ui.py for tasks to queue
[2025-08-07T16:06:33.713+0700] {logging_mixin.py:154} INFO - [2025-08-07T16:06:33.711+0700] {dagbag.py:536} INFO - Filling up the DagBag from /home/dwmhr/pln/venv/lib/python3.10/site-packages/airflow/example_dags/example_params_trigger_ui.py
[2025-08-07T16:06:33.784+0700] {processor.py:839} INFO - DAG(s) dict_keys(['example_params_trigger_ui']) retrieved from /home/dwmhr/pln/venv/lib/python3.10/site-packages/airflow/example_dags/example_params_trigger_ui.py
[2025-08-07T16:06:33.962+0700] {logging_mixin.py:154} INFO - [2025-08-07T16:06:33.962+0700] {dag.py:2941} INFO - Sync 1 DAGs
[2025-08-07T16:06:34.008+0700] {logging_mixin.py:154} INFO - [2025-08-07T16:06:34.007+0700] {dag.py:3722} INFO - Setting next_dagrun for example_params_trigger_ui to None, run_after=None
[2025-08-07T16:06:34.090+0700] {processor.py:179} INFO - Processing /home/dwmhr/pln/venv/lib/python3.10/site-packages/airflow/example_dags/example_params_trigger_ui.py took 0.398 seconds
[2025-08-07T16:07:49.420+0700] {processor.py:157} INFO - Started process (PID=119983) to work on /home/dwmhr/pln/venv/lib/python3.10/site-packages/airflow/example_dags/example_params_trigger_ui.py
[2025-08-07T16:07:49.424+0700] {processor.py:829} INFO - Processing file /home/dwmhr/pln/venv/lib/python3.10/site-packages/airflow/example_dags/example_params_trigger_ui.py for tasks to queue
[2025-08-07T16:07:49.427+0700] {logging_mixin.py:154} INFO - [2025-08-07T16:07:49.426+0700] {dagbag.py:536} INFO - Filling up the DagBag from /home/dwmhr/pln/venv/lib/python3.10/site-packages/airflow/example_dags/example_params_trigger_ui.py
[2025-08-07T16:07:49.504+0700] {processor.py:839} INFO - DAG(s) dict_keys(['example_params_trigger_ui']) retrieved from /home/dwmhr/pln/venv/lib/python3.10/site-packages/airflow/example_dags/example_params_trigger_ui.py
[2025-08-07T16:07:49.656+0700] {logging_mixin.py:154} INFO - [2025-08-07T16:07:49.656+0700] {dag.py:2941} INFO - Sync 1 DAGs
[2025-08-07T16:07:49.697+0700] {logging_mixin.py:154} INFO - [2025-08-07T16:07:49.696+0700] {dag.py:3722} INFO - Setting next_dagrun for example_params_trigger_ui to None, run_after=None
[2025-08-07T16:07:49.801+0700] {processor.py:179} INFO - Processing /home/dwmhr/pln/venv/lib/python3.10/site-packages/airflow/example_dags/example_params_trigger_ui.py took 0.395 seconds
[2025-08-07T16:09:02.003+0700] {processor.py:157} INFO - Started process (PID=120371) to work on /home/dwmhr/pln/venv/lib/python3.10/site-packages/airflow/example_dags/example_params_trigger_ui.py
[2025-08-07T16:09:02.005+0700] {processor.py:829} INFO - Processing file /home/dwmhr/pln/venv/lib/python3.10/site-packages/airflow/example_dags/example_params_trigger_ui.py for tasks to queue
[2025-08-07T16:09:02.006+0700] {logging_mixin.py:154} INFO - [2025-08-07T16:09:02.006+0700] {dagbag.py:536} INFO - Filling up the DagBag from /home/dwmhr/pln/venv/lib/python3.10/site-packages/airflow/example_dags/example_params_trigger_ui.py
[2025-08-07T16:09:02.023+0700] {processor.py:839} INFO - DAG(s) dict_keys(['example_params_trigger_ui']) retrieved from /home/dwmhr/pln/venv/lib/python3.10/site-packages/airflow/example_dags/example_params_trigger_ui.py
[2025-08-07T16:09:02.058+0700] {logging_mixin.py:154} INFO - [2025-08-07T16:09:02.058+0700] {dag.py:2941} INFO - Sync 1 DAGs
[2025-08-07T16:09:02.069+0700] {logging_mixin.py:154} INFO - [2025-08-07T16:09:02.069+0700] {dag.py:3722} INFO - Setting next_dagrun for example_params_trigger_ui to None, run_after=None
[2025-08-07T16:09:02.095+0700] {processor.py:179} INFO - Processing /home/dwmhr/pln/venv/lib/python3.10/site-packages/airflow/example_dags/example_params_trigger_ui.py took 0.096 seconds
[2025-08-07T16:10:13.527+0700] {processor.py:157} INFO - Started process (PID=120695) to work on /home/dwmhr/pln/venv/lib/python3.10/site-packages/airflow/example_dags/example_params_trigger_ui.py
[2025-08-07T16:10:13.531+0700] {processor.py:829} INFO - Processing file /home/dwmhr/pln/venv/lib/python3.10/site-packages/airflow/example_dags/example_params_trigger_ui.py for tasks to queue
[2025-08-07T16:10:13.534+0700] {logging_mixin.py:154} INFO - [2025-08-07T16:10:13.533+0700] {dagbag.py:536} INFO - Filling up the DagBag from /home/dwmhr/pln/venv/lib/python3.10/site-packages/airflow/example_dags/example_params_trigger_ui.py
[2025-08-07T16:10:13.600+0700] {processor.py:839} INFO - DAG(s) dict_keys(['example_params_trigger_ui']) retrieved from /home/dwmhr/pln/venv/lib/python3.10/site-packages/airflow/example_dags/example_params_trigger_ui.py
[2025-08-07T16:10:13.755+0700] {logging_mixin.py:154} INFO - [2025-08-07T16:10:13.754+0700] {dag.py:2941} INFO - Sync 1 DAGs
[2025-08-07T16:10:13.804+0700] {logging_mixin.py:154} INFO - [2025-08-07T16:10:13.803+0700] {dag.py:3722} INFO - Setting next_dagrun for example_params_trigger_ui to None, run_after=None
[2025-08-07T16:10:13.875+0700] {processor.py:179} INFO - Processing /home/dwmhr/pln/venv/lib/python3.10/site-packages/airflow/example_dags/example_params_trigger_ui.py took 0.357 seconds
[2025-08-07T16:11:09.042+0700] {processor.py:157} INFO - Started process (PID=120997) to work on /home/dwmhr/pln/venv/lib/python3.10/site-packages/airflow/example_dags/example_params_trigger_ui.py
[2025-08-07T16:11:09.048+0700] {processor.py:829} INFO - Processing file /home/dwmhr/pln/venv/lib/python3.10/site-packages/airflow/example_dags/example_params_trigger_ui.py for tasks to queue
[2025-08-07T16:11:09.053+0700] {logging_mixin.py:154} INFO - [2025-08-07T16:11:09.051+0700] {dagbag.py:536} INFO - Filling up the DagBag from /home/dwmhr/pln/venv/lib/python3.10/site-packages/airflow/example_dags/example_params_trigger_ui.py
[2025-08-07T16:11:09.160+0700] {processor.py:839} INFO - DAG(s) dict_keys(['example_params_trigger_ui']) retrieved from /home/dwmhr/pln/venv/lib/python3.10/site-packages/airflow/example_dags/example_params_trigger_ui.py
[2025-08-07T16:11:09.305+0700] {logging_mixin.py:154} INFO - [2025-08-07T16:11:09.304+0700] {dag.py:2941} INFO - Sync 1 DAGs
[2025-08-07T16:11:09.340+0700] {logging_mixin.py:154} INFO - [2025-08-07T16:11:09.340+0700] {dag.py:3722} INFO - Setting next_dagrun for example_params_trigger_ui to None, run_after=None
[2025-08-07T16:11:09.413+0700] {processor.py:179} INFO - Processing /home/dwmhr/pln/venv/lib/python3.10/site-packages/airflow/example_dags/example_params_trigger_ui.py took 0.389 seconds
[2025-08-07T16:12:08.405+0700] {processor.py:157} INFO - Started process (PID=121311) to work on /home/dwmhr/pln/venv/lib/python3.10/site-packages/airflow/example_dags/example_params_trigger_ui.py
[2025-08-07T16:12:08.407+0700] {processor.py:829} INFO - Processing file /home/dwmhr/pln/venv/lib/python3.10/site-packages/airflow/example_dags/example_params_trigger_ui.py for tasks to queue
[2025-08-07T16:12:08.408+0700] {logging_mixin.py:154} INFO - [2025-08-07T16:12:08.408+0700] {dagbag.py:536} INFO - Filling up the DagBag from /home/dwmhr/pln/venv/lib/python3.10/site-packages/airflow/example_dags/example_params_trigger_ui.py
[2025-08-07T16:12:08.429+0700] {processor.py:839} INFO - DAG(s) dict_keys(['example_params_trigger_ui']) retrieved from /home/dwmhr/pln/venv/lib/python3.10/site-packages/airflow/example_dags/example_params_trigger_ui.py
[2025-08-07T16:12:08.475+0700] {logging_mixin.py:154} INFO - [2025-08-07T16:12:08.475+0700] {dag.py:2941} INFO - Sync 1 DAGs
[2025-08-07T16:12:08.488+0700] {logging_mixin.py:154} INFO - [2025-08-07T16:12:08.487+0700] {dag.py:3722} INFO - Setting next_dagrun for example_params_trigger_ui to None, run_after=None
[2025-08-07T16:12:08.526+0700] {processor.py:179} INFO - Processing /home/dwmhr/pln/venv/lib/python3.10/site-packages/airflow/example_dags/example_params_trigger_ui.py took 0.124 seconds
[2025-08-07T16:13:01.004+0700] {processor.py:157} INFO - Started process (PID=121595) to work on /home/dwmhr/pln/venv/lib/python3.10/site-packages/airflow/example_dags/example_params_trigger_ui.py
[2025-08-07T16:13:01.007+0700] {processor.py:829} INFO - Processing file /home/dwmhr/pln/venv/lib/python3.10/site-packages/airflow/example_dags/example_params_trigger_ui.py for tasks to queue
[2025-08-07T16:13:01.009+0700] {logging_mixin.py:154} INFO - [2025-08-07T16:13:01.009+0700] {dagbag.py:536} INFO - Filling up the DagBag from /home/dwmhr/pln/venv/lib/python3.10/site-packages/airflow/example_dags/example_params_trigger_ui.py
[2025-08-07T16:13:01.052+0700] {processor.py:839} INFO - DAG(s) dict_keys(['example_params_trigger_ui']) retrieved from /home/dwmhr/pln/venv/lib/python3.10/site-packages/airflow/example_dags/example_params_trigger_ui.py
[2025-08-07T16:13:01.151+0700] {logging_mixin.py:154} INFO - [2025-08-07T16:13:01.150+0700] {dag.py:2941} INFO - Sync 1 DAGs
[2025-08-07T16:13:01.177+0700] {logging_mixin.py:154} INFO - [2025-08-07T16:13:01.176+0700] {dag.py:3722} INFO - Setting next_dagrun for example_params_trigger_ui to None, run_after=None
[2025-08-07T16:13:01.236+0700] {processor.py:179} INFO - Processing /home/dwmhr/pln/venv/lib/python3.10/site-packages/airflow/example_dags/example_params_trigger_ui.py took 0.239 seconds
[2025-08-07T16:13:45.649+0700] {processor.py:157} INFO - Started process (PID=121828) to work on /home/dwmhr/pln/venv/lib/python3.10/site-packages/airflow/example_dags/example_params_trigger_ui.py
[2025-08-07T16:13:45.655+0700] {processor.py:829} INFO - Processing file /home/dwmhr/pln/venv/lib/python3.10/site-packages/airflow/example_dags/example_params_trigger_ui.py for tasks to queue
[2025-08-07T16:13:45.659+0700] {logging_mixin.py:154} INFO - [2025-08-07T16:13:45.657+0700] {dagbag.py:536} INFO - Filling up the DagBag from /home/dwmhr/pln/venv/lib/python3.10/site-packages/airflow/example_dags/example_params_trigger_ui.py
[2025-08-07T16:13:45.739+0700] {processor.py:839} INFO - DAG(s) dict_keys(['example_params_trigger_ui']) retrieved from /home/dwmhr/pln/venv/lib/python3.10/site-packages/airflow/example_dags/example_params_trigger_ui.py
[2025-08-07T16:13:45.917+0700] {logging_mixin.py:154} INFO - [2025-08-07T16:13:45.917+0700] {dag.py:2941} INFO - Sync 1 DAGs
[2025-08-07T16:13:45.954+0700] {logging_mixin.py:154} INFO - [2025-08-07T16:13:45.953+0700] {dag.py:3722} INFO - Setting next_dagrun for example_params_trigger_ui to None, run_after=None
[2025-08-07T16:13:46.025+0700] {processor.py:179} INFO - Processing /home/dwmhr/pln/venv/lib/python3.10/site-packages/airflow/example_dags/example_params_trigger_ui.py took 0.393 seconds
[2025-08-07T16:14:41.014+0700] {processor.py:157} INFO - Started process (PID=122089) to work on /home/dwmhr/pln/venv/lib/python3.10/site-packages/airflow/example_dags/example_params_trigger_ui.py
[2025-08-07T16:14:41.020+0700] {processor.py:829} INFO - Processing file /home/dwmhr/pln/venv/lib/python3.10/site-packages/airflow/example_dags/example_params_trigger_ui.py for tasks to queue
[2025-08-07T16:14:41.023+0700] {logging_mixin.py:154} INFO - [2025-08-07T16:14:41.022+0700] {dagbag.py:536} INFO - Filling up the DagBag from /home/dwmhr/pln/venv/lib/python3.10/site-packages/airflow/example_dags/example_params_trigger_ui.py
[2025-08-07T16:14:41.068+0700] {processor.py:839} INFO - DAG(s) dict_keys(['example_params_trigger_ui']) retrieved from /home/dwmhr/pln/venv/lib/python3.10/site-packages/airflow/example_dags/example_params_trigger_ui.py
[2025-08-07T16:14:41.171+0700] {logging_mixin.py:154} INFO - [2025-08-07T16:14:41.171+0700] {dag.py:2941} INFO - Sync 1 DAGs
[2025-08-07T16:14:41.208+0700] {logging_mixin.py:154} INFO - [2025-08-07T16:14:41.207+0700] {dag.py:3722} INFO - Setting next_dagrun for example_params_trigger_ui to None, run_after=None
[2025-08-07T16:14:41.272+0700] {processor.py:179} INFO - Processing /home/dwmhr/pln/venv/lib/python3.10/site-packages/airflow/example_dags/example_params_trigger_ui.py took 0.267 seconds
[2025-08-07T16:15:49.653+0700] {processor.py:157} INFO - Started process (PID=122483) to work on /home/dwmhr/pln/venv/lib/python3.10/site-packages/airflow/example_dags/example_params_trigger_ui.py
[2025-08-07T16:15:49.657+0700] {processor.py:829} INFO - Processing file /home/dwmhr/pln/venv/lib/python3.10/site-packages/airflow/example_dags/example_params_trigger_ui.py for tasks to queue
[2025-08-07T16:15:49.660+0700] {logging_mixin.py:154} INFO - [2025-08-07T16:15:49.659+0700] {dagbag.py:536} INFO - Filling up the DagBag from /home/dwmhr/pln/venv/lib/python3.10/site-packages/airflow/example_dags/example_params_trigger_ui.py
[2025-08-07T16:15:49.719+0700] {processor.py:839} INFO - DAG(s) dict_keys(['example_params_trigger_ui']) retrieved from /home/dwmhr/pln/venv/lib/python3.10/site-packages/airflow/example_dags/example_params_trigger_ui.py
[2025-08-07T16:15:49.846+0700] {logging_mixin.py:154} INFO - [2025-08-07T16:15:49.845+0700] {dag.py:2941} INFO - Sync 1 DAGs
[2025-08-07T16:15:49.886+0700] {logging_mixin.py:154} INFO - [2025-08-07T16:15:49.885+0700] {dag.py:3722} INFO - Setting next_dagrun for example_params_trigger_ui to None, run_after=None
[2025-08-07T16:15:49.947+0700] {processor.py:179} INFO - Processing /home/dwmhr/pln/venv/lib/python3.10/site-packages/airflow/example_dags/example_params_trigger_ui.py took 0.317 seconds
[2025-08-07T16:16:54.203+0700] {processor.py:157} INFO - Started process (PID=122795) to work on /home/dwmhr/pln/venv/lib/python3.10/site-packages/airflow/example_dags/example_params_trigger_ui.py
[2025-08-07T16:16:54.206+0700] {processor.py:829} INFO - Processing file /home/dwmhr/pln/venv/lib/python3.10/site-packages/airflow/example_dags/example_params_trigger_ui.py for tasks to queue
[2025-08-07T16:16:54.208+0700] {logging_mixin.py:154} INFO - [2025-08-07T16:16:54.207+0700] {dagbag.py:536} INFO - Filling up the DagBag from /home/dwmhr/pln/venv/lib/python3.10/site-packages/airflow/example_dags/example_params_trigger_ui.py
[2025-08-07T16:16:54.252+0700] {processor.py:839} INFO - DAG(s) dict_keys(['example_params_trigger_ui']) retrieved from /home/dwmhr/pln/venv/lib/python3.10/site-packages/airflow/example_dags/example_params_trigger_ui.py
[2025-08-07T16:16:54.361+0700] {logging_mixin.py:154} INFO - [2025-08-07T16:16:54.361+0700] {dag.py:2941} INFO - Sync 1 DAGs
[2025-08-07T16:16:54.388+0700] {logging_mixin.py:154} INFO - [2025-08-07T16:16:54.388+0700] {dag.py:3722} INFO - Setting next_dagrun for example_params_trigger_ui to None, run_after=None
[2025-08-07T16:16:54.445+0700] {processor.py:179} INFO - Processing /home/dwmhr/pln/venv/lib/python3.10/site-packages/airflow/example_dags/example_params_trigger_ui.py took 0.251 seconds
[2025-08-07T16:17:57.619+0700] {processor.py:157} INFO - Started process (PID=123098) to work on /home/dwmhr/pln/venv/lib/python3.10/site-packages/airflow/example_dags/example_params_trigger_ui.py
[2025-08-07T16:17:57.623+0700] {processor.py:829} INFO - Processing file /home/dwmhr/pln/venv/lib/python3.10/site-packages/airflow/example_dags/example_params_trigger_ui.py for tasks to queue
[2025-08-07T16:17:57.626+0700] {logging_mixin.py:154} INFO - [2025-08-07T16:17:57.625+0700] {dagbag.py:536} INFO - Filling up the DagBag from /home/dwmhr/pln/venv/lib/python3.10/site-packages/airflow/example_dags/example_params_trigger_ui.py
[2025-08-07T16:17:57.676+0700] {processor.py:839} INFO - DAG(s) dict_keys(['example_params_trigger_ui']) retrieved from /home/dwmhr/pln/venv/lib/python3.10/site-packages/airflow/example_dags/example_params_trigger_ui.py
[2025-08-07T16:17:57.773+0700] {logging_mixin.py:154} INFO - [2025-08-07T16:17:57.772+0700] {dag.py:2941} INFO - Sync 1 DAGs
[2025-08-07T16:17:57.801+0700] {logging_mixin.py:154} INFO - [2025-08-07T16:17:57.800+0700] {dag.py:3722} INFO - Setting next_dagrun for example_params_trigger_ui to None, run_after=None
[2025-08-07T16:17:57.860+0700] {processor.py:179} INFO - Processing /home/dwmhr/pln/venv/lib/python3.10/site-packages/airflow/example_dags/example_params_trigger_ui.py took 0.251 seconds
[2025-08-07T16:18:50.070+0700] {processor.py:157} INFO - Started process (PID=123381) to work on /home/dwmhr/pln/venv/lib/python3.10/site-packages/airflow/example_dags/example_params_trigger_ui.py
[2025-08-07T16:18:50.071+0700] {processor.py:829} INFO - Processing file /home/dwmhr/pln/venv/lib/python3.10/site-packages/airflow/example_dags/example_params_trigger_ui.py for tasks to queue
[2025-08-07T16:18:50.072+0700] {logging_mixin.py:154} INFO - [2025-08-07T16:18:50.072+0700] {dagbag.py:536} INFO - Filling up the DagBag from /home/dwmhr/pln/venv/lib/python3.10/site-packages/airflow/example_dags/example_params_trigger_ui.py
[2025-08-07T16:18:50.084+0700] {processor.py:839} INFO - DAG(s) dict_keys(['example_params_trigger_ui']) retrieved from /home/dwmhr/pln/venv/lib/python3.10/site-packages/airflow/example_dags/example_params_trigger_ui.py
[2025-08-07T16:18:50.112+0700] {logging_mixin.py:154} INFO - [2025-08-07T16:18:50.112+0700] {dag.py:2941} INFO - Sync 1 DAGs
[2025-08-07T16:18:50.120+0700] {logging_mixin.py:154} INFO - [2025-08-07T16:18:50.120+0700] {dag.py:3722} INFO - Setting next_dagrun for example_params_trigger_ui to None, run_after=None
[2025-08-07T16:18:50.139+0700] {processor.py:179} INFO - Processing /home/dwmhr/pln/venv/lib/python3.10/site-packages/airflow/example_dags/example_params_trigger_ui.py took 0.072 seconds
[2025-08-07T16:27:11.593+0700] {processor.py:157} INFO - Started process (PID=125515) to work on /home/dwmhr/pln/venv/lib/python3.10/site-packages/airflow/example_dags/example_params_trigger_ui.py
[2025-08-07T16:27:11.595+0700] {processor.py:829} INFO - Processing file /home/dwmhr/pln/venv/lib/python3.10/site-packages/airflow/example_dags/example_params_trigger_ui.py for tasks to queue
[2025-08-07T16:27:11.596+0700] {logging_mixin.py:154} INFO - [2025-08-07T16:27:11.596+0700] {dagbag.py:536} INFO - Filling up the DagBag from /home/dwmhr/pln/venv/lib/python3.10/site-packages/airflow/example_dags/example_params_trigger_ui.py
[2025-08-07T16:27:11.616+0700] {processor.py:839} INFO - DAG(s) dict_keys(['example_params_trigger_ui']) retrieved from /home/dwmhr/pln/venv/lib/python3.10/site-packages/airflow/example_dags/example_params_trigger_ui.py
[2025-08-07T16:27:11.656+0700] {logging_mixin.py:154} INFO - [2025-08-07T16:27:11.656+0700] {dag.py:2941} INFO - Sync 1 DAGs
[2025-08-07T16:27:11.781+0700] {logging_mixin.py:154} INFO - [2025-08-07T16:27:11.781+0700] {dag.py:3722} INFO - Setting next_dagrun for example_params_trigger_ui to None, run_after=None
[2025-08-07T16:27:11.803+0700] {processor.py:179} INFO - Processing /home/dwmhr/pln/venv/lib/python3.10/site-packages/airflow/example_dags/example_params_trigger_ui.py took 0.214 seconds
[2025-08-07T16:28:34.649+0700] {processor.py:157} INFO - Started process (PID=125880) to work on /home/dwmhr/pln/venv/lib/python3.10/site-packages/airflow/example_dags/example_params_trigger_ui.py
[2025-08-07T16:28:34.650+0700] {processor.py:829} INFO - Processing file /home/dwmhr/pln/venv/lib/python3.10/site-packages/airflow/example_dags/example_params_trigger_ui.py for tasks to queue
[2025-08-07T16:28:34.651+0700] {logging_mixin.py:154} INFO - [2025-08-07T16:28:34.651+0700] {dagbag.py:536} INFO - Filling up the DagBag from /home/dwmhr/pln/venv/lib/python3.10/site-packages/airflow/example_dags/example_params_trigger_ui.py
[2025-08-07T16:28:34.664+0700] {processor.py:839} INFO - DAG(s) dict_keys(['example_params_trigger_ui']) retrieved from /home/dwmhr/pln/venv/lib/python3.10/site-packages/airflow/example_dags/example_params_trigger_ui.py
[2025-08-07T16:28:34.690+0700] {logging_mixin.py:154} INFO - [2025-08-07T16:28:34.690+0700] {dag.py:2941} INFO - Sync 1 DAGs
[2025-08-07T16:28:34.697+0700] {logging_mixin.py:154} INFO - [2025-08-07T16:28:34.697+0700] {dag.py:3722} INFO - Setting next_dagrun for example_params_trigger_ui to None, run_after=None
[2025-08-07T16:28:34.714+0700] {processor.py:179} INFO - Processing /home/dwmhr/pln/venv/lib/python3.10/site-packages/airflow/example_dags/example_params_trigger_ui.py took 0.068 seconds
[2025-08-07T16:29:32.046+0700] {processor.py:157} INFO - Started process (PID=126169) to work on /home/dwmhr/pln/venv/lib/python3.10/site-packages/airflow/example_dags/example_params_trigger_ui.py
[2025-08-07T16:29:32.047+0700] {processor.py:829} INFO - Processing file /home/dwmhr/pln/venv/lib/python3.10/site-packages/airflow/example_dags/example_params_trigger_ui.py for tasks to queue
[2025-08-07T16:29:32.048+0700] {logging_mixin.py:154} INFO - [2025-08-07T16:29:32.048+0700] {dagbag.py:536} INFO - Filling up the DagBag from /home/dwmhr/pln/venv/lib/python3.10/site-packages/airflow/example_dags/example_params_trigger_ui.py
[2025-08-07T16:29:32.065+0700] {processor.py:839} INFO - DAG(s) dict_keys(['example_params_trigger_ui']) retrieved from /home/dwmhr/pln/venv/lib/python3.10/site-packages/airflow/example_dags/example_params_trigger_ui.py
[2025-08-07T16:29:32.208+0700] {logging_mixin.py:154} INFO - [2025-08-07T16:29:32.208+0700] {dag.py:2941} INFO - Sync 1 DAGs
[2025-08-07T16:29:32.216+0700] {logging_mixin.py:154} INFO - [2025-08-07T16:29:32.216+0700] {dag.py:3722} INFO - Setting next_dagrun for example_params_trigger_ui to None, run_after=None
[2025-08-07T16:29:32.246+0700] {processor.py:179} INFO - Processing /home/dwmhr/pln/venv/lib/python3.10/site-packages/airflow/example_dags/example_params_trigger_ui.py took 0.203 seconds
[2025-08-07T16:30:34.920+0700] {processor.py:157} INFO - Started process (PID=126486) to work on /home/dwmhr/pln/venv/lib/python3.10/site-packages/airflow/example_dags/example_params_trigger_ui.py
[2025-08-07T16:30:34.922+0700] {processor.py:829} INFO - Processing file /home/dwmhr/pln/venv/lib/python3.10/site-packages/airflow/example_dags/example_params_trigger_ui.py for tasks to queue
[2025-08-07T16:30:34.924+0700] {logging_mixin.py:154} INFO - [2025-08-07T16:30:34.923+0700] {dagbag.py:536} INFO - Filling up the DagBag from /home/dwmhr/pln/venv/lib/python3.10/site-packages/airflow/example_dags/example_params_trigger_ui.py
[2025-08-07T16:30:34.949+0700] {processor.py:839} INFO - DAG(s) dict_keys(['example_params_trigger_ui']) retrieved from /home/dwmhr/pln/venv/lib/python3.10/site-packages/airflow/example_dags/example_params_trigger_ui.py
[2025-08-07T16:30:35.012+0700] {logging_mixin.py:154} INFO - [2025-08-07T16:30:35.012+0700] {dag.py:2941} INFO - Sync 1 DAGs
[2025-08-07T16:30:35.027+0700] {logging_mixin.py:154} INFO - [2025-08-07T16:30:35.027+0700] {dag.py:3722} INFO - Setting next_dagrun for example_params_trigger_ui to None, run_after=None
[2025-08-07T16:30:35.064+0700] {processor.py:179} INFO - Processing /home/dwmhr/pln/venv/lib/python3.10/site-packages/airflow/example_dags/example_params_trigger_ui.py took 0.150 seconds
[2025-08-07T16:31:31.818+0700] {processor.py:157} INFO - Started process (PID=126762) to work on /home/dwmhr/pln/venv/lib/python3.10/site-packages/airflow/example_dags/example_params_trigger_ui.py
[2025-08-07T16:31:31.835+0700] {processor.py:829} INFO - Processing file /home/dwmhr/pln/venv/lib/python3.10/site-packages/airflow/example_dags/example_params_trigger_ui.py for tasks to queue
[2025-08-07T16:31:31.850+0700] {logging_mixin.py:154} INFO - [2025-08-07T16:31:31.847+0700] {dagbag.py:536} INFO - Filling up the DagBag from /home/dwmhr/pln/venv/lib/python3.10/site-packages/airflow/example_dags/example_params_trigger_ui.py
[2025-08-07T16:31:32.170+0700] {processor.py:839} INFO - DAG(s) dict_keys(['example_params_trigger_ui']) retrieved from /home/dwmhr/pln/venv/lib/python3.10/site-packages/airflow/example_dags/example_params_trigger_ui.py
[2025-08-07T16:31:33.108+0700] {logging_mixin.py:154} INFO - [2025-08-07T16:31:33.107+0700] {dag.py:2941} INFO - Sync 1 DAGs
[2025-08-07T16:31:33.283+0700] {logging_mixin.py:154} INFO - [2025-08-07T16:31:33.279+0700] {dag.py:3722} INFO - Setting next_dagrun for example_params_trigger_ui to None, run_after=None
[2025-08-07T16:31:33.671+0700] {processor.py:179} INFO - Processing /home/dwmhr/pln/venv/lib/python3.10/site-packages/airflow/example_dags/example_params_trigger_ui.py took 1.885 seconds
[2025-08-07T16:33:14.701+0700] {processor.py:157} INFO - Started process (PID=127181) to work on /home/dwmhr/pln/venv/lib/python3.10/site-packages/airflow/example_dags/example_params_trigger_ui.py
[2025-08-07T16:33:14.706+0700] {processor.py:829} INFO - Processing file /home/dwmhr/pln/venv/lib/python3.10/site-packages/airflow/example_dags/example_params_trigger_ui.py for tasks to queue
[2025-08-07T16:33:14.710+0700] {logging_mixin.py:154} INFO - [2025-08-07T16:33:14.709+0700] {dagbag.py:536} INFO - Filling up the DagBag from /home/dwmhr/pln/venv/lib/python3.10/site-packages/airflow/example_dags/example_params_trigger_ui.py
[2025-08-07T16:33:14.772+0700] {processor.py:839} INFO - DAG(s) dict_keys(['example_params_trigger_ui']) retrieved from /home/dwmhr/pln/venv/lib/python3.10/site-packages/airflow/example_dags/example_params_trigger_ui.py
[2025-08-07T16:33:14.903+0700] {logging_mixin.py:154} INFO - [2025-08-07T16:33:14.902+0700] {dag.py:2941} INFO - Sync 1 DAGs
[2025-08-07T16:33:14.938+0700] {logging_mixin.py:154} INFO - [2025-08-07T16:33:14.937+0700] {dag.py:3722} INFO - Setting next_dagrun for example_params_trigger_ui to None, run_after=None
[2025-08-07T16:33:15.015+0700] {processor.py:179} INFO - Processing /home/dwmhr/pln/venv/lib/python3.10/site-packages/airflow/example_dags/example_params_trigger_ui.py took 0.325 seconds
[2025-08-07T16:34:44.396+0700] {processor.py:157} INFO - Started process (PID=127574) to work on /home/dwmhr/pln/venv/lib/python3.10/site-packages/airflow/example_dags/example_params_trigger_ui.py
[2025-08-07T16:34:44.398+0700] {processor.py:829} INFO - Processing file /home/dwmhr/pln/venv/lib/python3.10/site-packages/airflow/example_dags/example_params_trigger_ui.py for tasks to queue
[2025-08-07T16:34:44.399+0700] {logging_mixin.py:154} INFO - [2025-08-07T16:34:44.399+0700] {dagbag.py:536} INFO - Filling up the DagBag from /home/dwmhr/pln/venv/lib/python3.10/site-packages/airflow/example_dags/example_params_trigger_ui.py
[2025-08-07T16:34:44.421+0700] {processor.py:839} INFO - DAG(s) dict_keys(['example_params_trigger_ui']) retrieved from /home/dwmhr/pln/venv/lib/python3.10/site-packages/airflow/example_dags/example_params_trigger_ui.py
[2025-08-07T16:34:44.462+0700] {logging_mixin.py:154} INFO - [2025-08-07T16:34:44.462+0700] {dag.py:2941} INFO - Sync 1 DAGs
[2025-08-07T16:34:44.475+0700] {logging_mixin.py:154} INFO - [2025-08-07T16:34:44.474+0700] {dag.py:3722} INFO - Setting next_dagrun for example_params_trigger_ui to None, run_after=None
[2025-08-07T16:34:44.504+0700] {processor.py:179} INFO - Processing /home/dwmhr/pln/venv/lib/python3.10/site-packages/airflow/example_dags/example_params_trigger_ui.py took 0.113 seconds
[2025-08-07T16:35:39.028+0700] {processor.py:157} INFO - Started process (PID=127788) to work on /home/dwmhr/pln/venv/lib/python3.10/site-packages/airflow/example_dags/example_params_trigger_ui.py
[2025-08-07T16:35:39.031+0700] {processor.py:829} INFO - Processing file /home/dwmhr/pln/venv/lib/python3.10/site-packages/airflow/example_dags/example_params_trigger_ui.py for tasks to queue
[2025-08-07T16:35:39.032+0700] {logging_mixin.py:154} INFO - [2025-08-07T16:35:39.032+0700] {dagbag.py:536} INFO - Filling up the DagBag from /home/dwmhr/pln/venv/lib/python3.10/site-packages/airflow/example_dags/example_params_trigger_ui.py
[2025-08-07T16:35:39.047+0700] {processor.py:839} INFO - DAG(s) dict_keys(['example_params_trigger_ui']) retrieved from /home/dwmhr/pln/venv/lib/python3.10/site-packages/airflow/example_dags/example_params_trigger_ui.py
[2025-08-07T16:35:39.076+0700] {logging_mixin.py:154} INFO - [2025-08-07T16:35:39.075+0700] {dag.py:2941} INFO - Sync 1 DAGs
[2025-08-07T16:35:39.085+0700] {logging_mixin.py:154} INFO - [2025-08-07T16:35:39.084+0700] {dag.py:3722} INFO - Setting next_dagrun for example_params_trigger_ui to None, run_after=None
[2025-08-07T16:35:39.105+0700] {processor.py:179} INFO - Processing /home/dwmhr/pln/venv/lib/python3.10/site-packages/airflow/example_dags/example_params_trigger_ui.py took 0.080 seconds
[2025-08-07T16:36:33.316+0700] {processor.py:157} INFO - Started process (PID=128030) to work on /home/dwmhr/pln/venv/lib/python3.10/site-packages/airflow/example_dags/example_params_trigger_ui.py
[2025-08-07T16:36:33.318+0700] {processor.py:829} INFO - Processing file /home/dwmhr/pln/venv/lib/python3.10/site-packages/airflow/example_dags/example_params_trigger_ui.py for tasks to queue
[2025-08-07T16:36:33.319+0700] {logging_mixin.py:154} INFO - [2025-08-07T16:36:33.319+0700] {dagbag.py:536} INFO - Filling up the DagBag from /home/dwmhr/pln/venv/lib/python3.10/site-packages/airflow/example_dags/example_params_trigger_ui.py
[2025-08-07T16:36:33.338+0700] {processor.py:839} INFO - DAG(s) dict_keys(['example_params_trigger_ui']) retrieved from /home/dwmhr/pln/venv/lib/python3.10/site-packages/airflow/example_dags/example_params_trigger_ui.py
[2025-08-07T16:36:33.375+0700] {logging_mixin.py:154} INFO - [2025-08-07T16:36:33.375+0700] {dag.py:2941} INFO - Sync 1 DAGs
[2025-08-07T16:36:33.386+0700] {logging_mixin.py:154} INFO - [2025-08-07T16:36:33.385+0700] {dag.py:3722} INFO - Setting next_dagrun for example_params_trigger_ui to None, run_after=None
[2025-08-07T16:36:33.414+0700] {processor.py:179} INFO - Processing /home/dwmhr/pln/venv/lib/python3.10/site-packages/airflow/example_dags/example_params_trigger_ui.py took 0.101 seconds
[2025-08-07T16:37:37.078+0700] {processor.py:157} INFO - Started process (PID=128287) to work on /home/dwmhr/pln/venv/lib/python3.10/site-packages/airflow/example_dags/example_params_trigger_ui.py
[2025-08-07T16:37:37.081+0700] {processor.py:829} INFO - Processing file /home/dwmhr/pln/venv/lib/python3.10/site-packages/airflow/example_dags/example_params_trigger_ui.py for tasks to queue
[2025-08-07T16:37:37.083+0700] {logging_mixin.py:154} INFO - [2025-08-07T16:37:37.082+0700] {dagbag.py:536} INFO - Filling up the DagBag from /home/dwmhr/pln/venv/lib/python3.10/site-packages/airflow/example_dags/example_params_trigger_ui.py
[2025-08-07T16:37:37.116+0700] {processor.py:839} INFO - DAG(s) dict_keys(['example_params_trigger_ui']) retrieved from /home/dwmhr/pln/venv/lib/python3.10/site-packages/airflow/example_dags/example_params_trigger_ui.py
[2025-08-07T16:37:37.188+0700] {logging_mixin.py:154} INFO - [2025-08-07T16:37:37.188+0700] {dag.py:2941} INFO - Sync 1 DAGs
[2025-08-07T16:37:37.242+0700] {logging_mixin.py:154} INFO - [2025-08-07T16:37:37.241+0700] {dag.py:3722} INFO - Setting next_dagrun for example_params_trigger_ui to None, run_after=None
[2025-08-07T16:37:37.432+0700] {processor.py:179} INFO - Processing /home/dwmhr/pln/venv/lib/python3.10/site-packages/airflow/example_dags/example_params_trigger_ui.py took 0.361 seconds
[2025-08-07T16:38:42.441+0700] {processor.py:157} INFO - Started process (PID=128558) to work on /home/dwmhr/pln/venv/lib/python3.10/site-packages/airflow/example_dags/example_params_trigger_ui.py
[2025-08-07T16:38:42.447+0700] {processor.py:829} INFO - Processing file /home/dwmhr/pln/venv/lib/python3.10/site-packages/airflow/example_dags/example_params_trigger_ui.py for tasks to queue
[2025-08-07T16:38:42.451+0700] {logging_mixin.py:154} INFO - [2025-08-07T16:38:42.449+0700] {dagbag.py:536} INFO - Filling up the DagBag from /home/dwmhr/pln/venv/lib/python3.10/site-packages/airflow/example_dags/example_params_trigger_ui.py
[2025-08-07T16:38:42.566+0700] {processor.py:839} INFO - DAG(s) dict_keys(['example_params_trigger_ui']) retrieved from /home/dwmhr/pln/venv/lib/python3.10/site-packages/airflow/example_dags/example_params_trigger_ui.py
[2025-08-07T16:38:42.798+0700] {logging_mixin.py:154} INFO - [2025-08-07T16:38:42.798+0700] {dag.py:2941} INFO - Sync 1 DAGs
[2025-08-07T16:38:42.851+0700] {logging_mixin.py:154} INFO - [2025-08-07T16:38:42.851+0700] {dag.py:3722} INFO - Setting next_dagrun for example_params_trigger_ui to None, run_after=None
[2025-08-07T16:38:42.934+0700] {processor.py:179} INFO - Processing /home/dwmhr/pln/venv/lib/python3.10/site-packages/airflow/example_dags/example_params_trigger_ui.py took 0.508 seconds
[2025-08-07T16:39:35.261+0700] {processor.py:157} INFO - Started process (PID=128771) to work on /home/dwmhr/pln/venv/lib/python3.10/site-packages/airflow/example_dags/example_params_trigger_ui.py
[2025-08-07T16:39:35.267+0700] {processor.py:829} INFO - Processing file /home/dwmhr/pln/venv/lib/python3.10/site-packages/airflow/example_dags/example_params_trigger_ui.py for tasks to queue
[2025-08-07T16:39:35.268+0700] {logging_mixin.py:154} INFO - [2025-08-07T16:39:35.267+0700] {dagbag.py:536} INFO - Filling up the DagBag from /home/dwmhr/pln/venv/lib/python3.10/site-packages/airflow/example_dags/example_params_trigger_ui.py
[2025-08-07T16:39:35.289+0700] {processor.py:839} INFO - DAG(s) dict_keys(['example_params_trigger_ui']) retrieved from /home/dwmhr/pln/venv/lib/python3.10/site-packages/airflow/example_dags/example_params_trigger_ui.py
[2025-08-07T16:39:35.333+0700] {logging_mixin.py:154} INFO - [2025-08-07T16:39:35.332+0700] {dag.py:2941} INFO - Sync 1 DAGs
[2025-08-07T16:39:35.347+0700] {logging_mixin.py:154} INFO - [2025-08-07T16:39:35.347+0700] {dag.py:3722} INFO - Setting next_dagrun for example_params_trigger_ui to None, run_after=None
[2025-08-07T16:39:35.376+0700] {processor.py:179} INFO - Processing /home/dwmhr/pln/venv/lib/python3.10/site-packages/airflow/example_dags/example_params_trigger_ui.py took 0.120 seconds
[2025-08-07T16:40:48.818+0700] {processor.py:157} INFO - Started process (PID=129044) to work on /home/dwmhr/pln/venv/lib/python3.10/site-packages/airflow/example_dags/example_params_trigger_ui.py
[2025-08-07T16:40:48.825+0700] {processor.py:829} INFO - Processing file /home/dwmhr/pln/venv/lib/python3.10/site-packages/airflow/example_dags/example_params_trigger_ui.py for tasks to queue
[2025-08-07T16:40:48.826+0700] {logging_mixin.py:154} INFO - [2025-08-07T16:40:48.826+0700] {dagbag.py:536} INFO - Filling up the DagBag from /home/dwmhr/pln/venv/lib/python3.10/site-packages/airflow/example_dags/example_params_trigger_ui.py
[2025-08-07T16:40:48.843+0700] {processor.py:839} INFO - DAG(s) dict_keys(['example_params_trigger_ui']) retrieved from /home/dwmhr/pln/venv/lib/python3.10/site-packages/airflow/example_dags/example_params_trigger_ui.py
[2025-08-07T16:40:48.880+0700] {logging_mixin.py:154} INFO - [2025-08-07T16:40:48.879+0700] {dag.py:2941} INFO - Sync 1 DAGs
[2025-08-07T16:40:48.890+0700] {logging_mixin.py:154} INFO - [2025-08-07T16:40:48.890+0700] {dag.py:3722} INFO - Setting next_dagrun for example_params_trigger_ui to None, run_after=None
[2025-08-07T16:40:48.920+0700] {processor.py:179} INFO - Processing /home/dwmhr/pln/venv/lib/python3.10/site-packages/airflow/example_dags/example_params_trigger_ui.py took 0.105 seconds
[2025-08-07T16:41:42.679+0700] {processor.py:157} INFO - Started process (PID=129294) to work on /home/dwmhr/pln/venv/lib/python3.10/site-packages/airflow/example_dags/example_params_trigger_ui.py
[2025-08-07T16:41:42.685+0700] {processor.py:829} INFO - Processing file /home/dwmhr/pln/venv/lib/python3.10/site-packages/airflow/example_dags/example_params_trigger_ui.py for tasks to queue
[2025-08-07T16:41:42.686+0700] {logging_mixin.py:154} INFO - [2025-08-07T16:41:42.686+0700] {dagbag.py:536} INFO - Filling up the DagBag from /home/dwmhr/pln/venv/lib/python3.10/site-packages/airflow/example_dags/example_params_trigger_ui.py
[2025-08-07T16:41:42.706+0700] {processor.py:839} INFO - DAG(s) dict_keys(['example_params_trigger_ui']) retrieved from /home/dwmhr/pln/venv/lib/python3.10/site-packages/airflow/example_dags/example_params_trigger_ui.py
[2025-08-07T16:41:42.744+0700] {logging_mixin.py:154} INFO - [2025-08-07T16:41:42.743+0700] {dag.py:2941} INFO - Sync 1 DAGs
[2025-08-07T16:41:42.755+0700] {logging_mixin.py:154} INFO - [2025-08-07T16:41:42.755+0700] {dag.py:3722} INFO - Setting next_dagrun for example_params_trigger_ui to None, run_after=None
[2025-08-07T16:41:42.782+0700] {processor.py:179} INFO - Processing /home/dwmhr/pln/venv/lib/python3.10/site-packages/airflow/example_dags/example_params_trigger_ui.py took 0.107 seconds
[2025-08-07T16:42:27.352+0700] {processor.py:157} INFO - Started process (PID=129488) to work on /home/dwmhr/pln/venv/lib/python3.10/site-packages/airflow/example_dags/example_params_trigger_ui.py
[2025-08-07T16:42:27.353+0700] {processor.py:829} INFO - Processing file /home/dwmhr/pln/venv/lib/python3.10/site-packages/airflow/example_dags/example_params_trigger_ui.py for tasks to queue
[2025-08-07T16:42:27.354+0700] {logging_mixin.py:154} INFO - [2025-08-07T16:42:27.354+0700] {dagbag.py:536} INFO - Filling up the DagBag from /home/dwmhr/pln/venv/lib/python3.10/site-packages/airflow/example_dags/example_params_trigger_ui.py
[2025-08-07T16:42:27.381+0700] {processor.py:839} INFO - DAG(s) dict_keys(['example_params_trigger_ui']) retrieved from /home/dwmhr/pln/venv/lib/python3.10/site-packages/airflow/example_dags/example_params_trigger_ui.py
[2025-08-07T16:42:27.493+0700] {logging_mixin.py:154} INFO - [2025-08-07T16:42:27.492+0700] {dag.py:2941} INFO - Sync 1 DAGs
[2025-08-07T16:42:27.514+0700] {logging_mixin.py:154} INFO - [2025-08-07T16:42:27.513+0700] {dag.py:3722} INFO - Setting next_dagrun for example_params_trigger_ui to None, run_after=None
[2025-08-07T16:42:27.545+0700] {processor.py:179} INFO - Processing /home/dwmhr/pln/venv/lib/python3.10/site-packages/airflow/example_dags/example_params_trigger_ui.py took 0.197 seconds
[2025-08-07T16:43:22.837+0700] {processor.py:157} INFO - Started process (PID=129711) to work on /home/dwmhr/pln/venv/lib/python3.10/site-packages/airflow/example_dags/example_params_trigger_ui.py
[2025-08-07T16:43:22.840+0700] {processor.py:829} INFO - Processing file /home/dwmhr/pln/venv/lib/python3.10/site-packages/airflow/example_dags/example_params_trigger_ui.py for tasks to queue
[2025-08-07T16:43:22.841+0700] {logging_mixin.py:154} INFO - [2025-08-07T16:43:22.841+0700] {dagbag.py:536} INFO - Filling up the DagBag from /home/dwmhr/pln/venv/lib/python3.10/site-packages/airflow/example_dags/example_params_trigger_ui.py
[2025-08-07T16:43:22.883+0700] {processor.py:839} INFO - DAG(s) dict_keys(['example_params_trigger_ui']) retrieved from /home/dwmhr/pln/venv/lib/python3.10/site-packages/airflow/example_dags/example_params_trigger_ui.py
[2025-08-07T16:43:22.981+0700] {logging_mixin.py:154} INFO - [2025-08-07T16:43:22.977+0700] {dag.py:2941} INFO - Sync 1 DAGs
[2025-08-07T16:43:23.009+0700] {logging_mixin.py:154} INFO - [2025-08-07T16:43:23.008+0700] {dag.py:3722} INFO - Setting next_dagrun for example_params_trigger_ui to None, run_after=None
[2025-08-07T16:43:23.065+0700] {processor.py:179} INFO - Processing /home/dwmhr/pln/venv/lib/python3.10/site-packages/airflow/example_dags/example_params_trigger_ui.py took 0.236 seconds
[2025-08-07T16:44:14.808+0700] {processor.py:157} INFO - Started process (PID=129938) to work on /home/dwmhr/pln/venv/lib/python3.10/site-packages/airflow/example_dags/example_params_trigger_ui.py
[2025-08-07T16:44:14.810+0700] {processor.py:829} INFO - Processing file /home/dwmhr/pln/venv/lib/python3.10/site-packages/airflow/example_dags/example_params_trigger_ui.py for tasks to queue
[2025-08-07T16:44:14.811+0700] {logging_mixin.py:154} INFO - [2025-08-07T16:44:14.811+0700] {dagbag.py:536} INFO - Filling up the DagBag from /home/dwmhr/pln/venv/lib/python3.10/site-packages/airflow/example_dags/example_params_trigger_ui.py
[2025-08-07T16:44:14.830+0700] {processor.py:839} INFO - DAG(s) dict_keys(['example_params_trigger_ui']) retrieved from /home/dwmhr/pln/venv/lib/python3.10/site-packages/airflow/example_dags/example_params_trigger_ui.py
[2025-08-07T16:44:14.868+0700] {logging_mixin.py:154} INFO - [2025-08-07T16:44:14.868+0700] {dag.py:2941} INFO - Sync 1 DAGs
[2025-08-07T16:44:14.879+0700] {logging_mixin.py:154} INFO - [2025-08-07T16:44:14.879+0700] {dag.py:3722} INFO - Setting next_dagrun for example_params_trigger_ui to None, run_after=None
[2025-08-07T16:44:14.913+0700] {processor.py:179} INFO - Processing /home/dwmhr/pln/venv/lib/python3.10/site-packages/airflow/example_dags/example_params_trigger_ui.py took 0.109 seconds
[2025-08-07T16:45:16.110+0700] {processor.py:157} INFO - Started process (PID=130230) to work on /home/dwmhr/pln/venv/lib/python3.10/site-packages/airflow/example_dags/example_params_trigger_ui.py
[2025-08-07T16:45:16.111+0700] {processor.py:829} INFO - Processing file /home/dwmhr/pln/venv/lib/python3.10/site-packages/airflow/example_dags/example_params_trigger_ui.py for tasks to queue
[2025-08-07T16:45:16.112+0700] {logging_mixin.py:154} INFO - [2025-08-07T16:45:16.112+0700] {dagbag.py:536} INFO - Filling up the DagBag from /home/dwmhr/pln/venv/lib/python3.10/site-packages/airflow/example_dags/example_params_trigger_ui.py
[2025-08-07T16:45:16.125+0700] {processor.py:839} INFO - DAG(s) dict_keys(['example_params_trigger_ui']) retrieved from /home/dwmhr/pln/venv/lib/python3.10/site-packages/airflow/example_dags/example_params_trigger_ui.py
[2025-08-07T16:45:16.150+0700] {logging_mixin.py:154} INFO - [2025-08-07T16:45:16.150+0700] {dag.py:2941} INFO - Sync 1 DAGs
[2025-08-07T16:45:16.158+0700] {logging_mixin.py:154} INFO - [2025-08-07T16:45:16.158+0700] {dag.py:3722} INFO - Setting next_dagrun for example_params_trigger_ui to None, run_after=None
[2025-08-07T16:45:16.175+0700] {processor.py:179} INFO - Processing /home/dwmhr/pln/venv/lib/python3.10/site-packages/airflow/example_dags/example_params_trigger_ui.py took 0.068 seconds
[2025-08-07T16:46:32.535+0700] {processor.py:157} INFO - Started process (PID=130551) to work on /home/dwmhr/pln/venv/lib/python3.10/site-packages/airflow/example_dags/example_params_trigger_ui.py
[2025-08-07T16:46:32.544+0700] {processor.py:829} INFO - Processing file /home/dwmhr/pln/venv/lib/python3.10/site-packages/airflow/example_dags/example_params_trigger_ui.py for tasks to queue
[2025-08-07T16:46:32.547+0700] {logging_mixin.py:154} INFO - [2025-08-07T16:46:32.546+0700] {dagbag.py:536} INFO - Filling up the DagBag from /home/dwmhr/pln/venv/lib/python3.10/site-packages/airflow/example_dags/example_params_trigger_ui.py
[2025-08-07T16:46:33.270+0700] {processor.py:839} INFO - DAG(s) dict_keys(['example_params_trigger_ui']) retrieved from /home/dwmhr/pln/venv/lib/python3.10/site-packages/airflow/example_dags/example_params_trigger_ui.py
[2025-08-07T16:46:33.926+0700] {logging_mixin.py:154} INFO - [2025-08-07T16:46:33.926+0700] {dag.py:2941} INFO - Sync 1 DAGs
[2025-08-07T16:46:34.340+0700] {logging_mixin.py:154} INFO - [2025-08-07T16:46:34.339+0700] {dag.py:3722} INFO - Setting next_dagrun for example_params_trigger_ui to None, run_after=None
[2025-08-07T16:46:34.716+0700] {processor.py:179} INFO - Processing /home/dwmhr/pln/venv/lib/python3.10/site-packages/airflow/example_dags/example_params_trigger_ui.py took 2.196 seconds
[2025-08-07T16:47:31.272+0700] {processor.py:157} INFO - Started process (PID=130799) to work on /home/dwmhr/pln/venv/lib/python3.10/site-packages/airflow/example_dags/example_params_trigger_ui.py
[2025-08-07T16:47:31.274+0700] {processor.py:829} INFO - Processing file /home/dwmhr/pln/venv/lib/python3.10/site-packages/airflow/example_dags/example_params_trigger_ui.py for tasks to queue
[2025-08-07T16:47:31.275+0700] {logging_mixin.py:154} INFO - [2025-08-07T16:47:31.275+0700] {dagbag.py:536} INFO - Filling up the DagBag from /home/dwmhr/pln/venv/lib/python3.10/site-packages/airflow/example_dags/example_params_trigger_ui.py
[2025-08-07T16:47:31.294+0700] {processor.py:839} INFO - DAG(s) dict_keys(['example_params_trigger_ui']) retrieved from /home/dwmhr/pln/venv/lib/python3.10/site-packages/airflow/example_dags/example_params_trigger_ui.py
[2025-08-07T16:47:31.335+0700] {logging_mixin.py:154} INFO - [2025-08-07T16:47:31.335+0700] {dag.py:2941} INFO - Sync 1 DAGs
[2025-08-07T16:47:31.347+0700] {logging_mixin.py:154} INFO - [2025-08-07T16:47:31.347+0700] {dag.py:3722} INFO - Setting next_dagrun for example_params_trigger_ui to None, run_after=None
[2025-08-07T16:47:31.373+0700] {processor.py:179} INFO - Processing /home/dwmhr/pln/venv/lib/python3.10/site-packages/airflow/example_dags/example_params_trigger_ui.py took 0.105 seconds
[2025-08-07T16:48:15.659+0700] {processor.py:157} INFO - Started process (PID=130991) to work on /home/dwmhr/pln/venv/lib/python3.10/site-packages/airflow/example_dags/example_params_trigger_ui.py
[2025-08-07T16:48:15.666+0700] {processor.py:829} INFO - Processing file /home/dwmhr/pln/venv/lib/python3.10/site-packages/airflow/example_dags/example_params_trigger_ui.py for tasks to queue
[2025-08-07T16:48:15.672+0700] {logging_mixin.py:154} INFO - [2025-08-07T16:48:15.670+0700] {dagbag.py:536} INFO - Filling up the DagBag from /home/dwmhr/pln/venv/lib/python3.10/site-packages/airflow/example_dags/example_params_trigger_ui.py
[2025-08-07T16:48:15.782+0700] {processor.py:839} INFO - DAG(s) dict_keys(['example_params_trigger_ui']) retrieved from /home/dwmhr/pln/venv/lib/python3.10/site-packages/airflow/example_dags/example_params_trigger_ui.py
[2025-08-07T16:48:16.193+0700] {logging_mixin.py:154} INFO - [2025-08-07T16:48:16.191+0700] {dag.py:2941} INFO - Sync 1 DAGs
[2025-08-07T16:48:16.343+0700] {logging_mixin.py:154} INFO - [2025-08-07T16:48:16.342+0700] {dag.py:3722} INFO - Setting next_dagrun for example_params_trigger_ui to None, run_after=None
[2025-08-07T16:48:16.608+0700] {processor.py:179} INFO - Processing /home/dwmhr/pln/venv/lib/python3.10/site-packages/airflow/example_dags/example_params_trigger_ui.py took 0.989 seconds
[2025-08-07T16:49:11.473+0700] {processor.py:157} INFO - Started process (PID=131239) to work on /home/dwmhr/pln/venv/lib/python3.10/site-packages/airflow/example_dags/example_params_trigger_ui.py
[2025-08-07T16:49:11.485+0700] {processor.py:829} INFO - Processing file /home/dwmhr/pln/venv/lib/python3.10/site-packages/airflow/example_dags/example_params_trigger_ui.py for tasks to queue
[2025-08-07T16:49:11.486+0700] {logging_mixin.py:154} INFO - [2025-08-07T16:49:11.486+0700] {dagbag.py:536} INFO - Filling up the DagBag from /home/dwmhr/pln/venv/lib/python3.10/site-packages/airflow/example_dags/example_params_trigger_ui.py
[2025-08-07T16:49:11.503+0700] {processor.py:839} INFO - DAG(s) dict_keys(['example_params_trigger_ui']) retrieved from /home/dwmhr/pln/venv/lib/python3.10/site-packages/airflow/example_dags/example_params_trigger_ui.py
[2025-08-07T16:49:11.539+0700] {logging_mixin.py:154} INFO - [2025-08-07T16:49:11.539+0700] {dag.py:2941} INFO - Sync 1 DAGs
[2025-08-07T16:49:11.551+0700] {logging_mixin.py:154} INFO - [2025-08-07T16:49:11.551+0700] {dag.py:3722} INFO - Setting next_dagrun for example_params_trigger_ui to None, run_after=None
[2025-08-07T16:49:11.584+0700] {processor.py:179} INFO - Processing /home/dwmhr/pln/venv/lib/python3.10/site-packages/airflow/example_dags/example_params_trigger_ui.py took 0.115 seconds
