[2025-08-07T15:45:56.053+0700] {processor.py:157} INFO - Started process (PID=113444) to work on /home/dwmhr/pln/venv/lib/python3.10/site-packages/airflow/example_dags/example_branch_day_of_week_operator.py
[2025-08-07T15:45:56.055+0700] {processor.py:829} INFO - Processing file /home/dwmhr/pln/venv/lib/python3.10/site-packages/airflow/example_dags/example_branch_day_of_week_operator.py for tasks to queue
[2025-08-07T15:45:56.056+0700] {logging_mixin.py:154} INFO - [2025-08-07T15:45:56.055+0700] {dagbag.py:536} INFO - Filling up the DagBag from /home/dwmhr/pln/venv/lib/python3.10/site-packages/airflow/example_dags/example_branch_day_of_week_operator.py
[2025-08-07T15:45:56.069+0700] {processor.py:839} INFO - DAG(s) dict_keys(['example_weekday_branch_operator']) retrieved from /home/dwmhr/pln/venv/lib/python3.10/site-packages/airflow/example_dags/example_branch_day_of_week_operator.py
[2025-08-07T15:45:56.265+0700] {logging_mixin.py:154} INFO - [2025-08-07T15:45:56.264+0700] {manager.py:499} INFO - Created Permission View: %s
[2025-08-07T15:45:56.287+0700] {logging_mixin.py:154} INFO - [2025-08-07T15:45:56.287+0700] {manager.py:499} INFO - Created Permission View: %s
[2025-08-07T15:45:56.306+0700] {logging_mixin.py:154} INFO - [2025-08-07T15:45:56.306+0700] {manager.py:499} INFO - Created Permission View: %s
[2025-08-07T15:45:56.307+0700] {logging_mixin.py:154} INFO - [2025-08-07T15:45:56.307+0700] {dag.py:2941} INFO - Sync 1 DAGs
[2025-08-07T15:45:56.328+0700] {logging_mixin.py:154} INFO - [2025-08-07T15:45:56.328+0700] {dag.py:2963} INFO - Creating ORM DAG for example_weekday_branch_operator
[2025-08-07T15:45:56.350+0700] {logging_mixin.py:154} INFO - [2025-08-07T15:45:56.350+0700] {dag.py:3722} INFO - Setting next_dagrun for example_weekday_branch_operator to 2025-08-06T00:00:00+00:00, run_after=2025-08-07T00:00:00+00:00
[2025-08-07T15:45:56.403+0700] {processor.py:179} INFO - Processing /home/dwmhr/pln/venv/lib/python3.10/site-packages/airflow/example_dags/example_branch_day_of_week_operator.py took 0.356 seconds
[2025-08-07T15:46:53.548+0700] {processor.py:157} INFO - Started process (PID=113744) to work on /home/dwmhr/pln/venv/lib/python3.10/site-packages/airflow/example_dags/example_branch_day_of_week_operator.py
[2025-08-07T15:46:53.553+0700] {processor.py:829} INFO - Processing file /home/dwmhr/pln/venv/lib/python3.10/site-packages/airflow/example_dags/example_branch_day_of_week_operator.py for tasks to queue
[2025-08-07T15:46:53.556+0700] {logging_mixin.py:154} INFO - [2025-08-07T15:46:53.555+0700] {dagbag.py:536} INFO - Filling up the DagBag from /home/dwmhr/pln/venv/lib/python3.10/site-packages/airflow/example_dags/example_branch_day_of_week_operator.py
[2025-08-07T15:46:53.589+0700] {processor.py:839} INFO - DAG(s) dict_keys(['example_weekday_branch_operator']) retrieved from /home/dwmhr/pln/venv/lib/python3.10/site-packages/airflow/example_dags/example_branch_day_of_week_operator.py
[2025-08-07T15:46:53.675+0700] {logging_mixin.py:154} INFO - [2025-08-07T15:46:53.675+0700] {dag.py:2941} INFO - Sync 1 DAGs
[2025-08-07T15:46:53.753+0700] {logging_mixin.py:154} INFO - [2025-08-07T15:46:53.753+0700] {dag.py:3722} INFO - Setting next_dagrun for example_weekday_branch_operator to 2025-08-06T00:00:00+00:00, run_after=2025-08-07T00:00:00+00:00
[2025-08-07T15:46:53.844+0700] {processor.py:179} INFO - Processing /home/dwmhr/pln/venv/lib/python3.10/site-packages/airflow/example_dags/example_branch_day_of_week_operator.py took 0.308 seconds
[2025-08-07T15:47:47.933+0700] {processor.py:157} INFO - Started process (PID=114050) to work on /home/dwmhr/pln/venv/lib/python3.10/site-packages/airflow/example_dags/example_branch_day_of_week_operator.py
[2025-08-07T15:47:47.936+0700] {processor.py:829} INFO - Processing file /home/dwmhr/pln/venv/lib/python3.10/site-packages/airflow/example_dags/example_branch_day_of_week_operator.py for tasks to queue
[2025-08-07T15:47:47.937+0700] {logging_mixin.py:154} INFO - [2025-08-07T15:47:47.937+0700] {dagbag.py:536} INFO - Filling up the DagBag from /home/dwmhr/pln/venv/lib/python3.10/site-packages/airflow/example_dags/example_branch_day_of_week_operator.py
[2025-08-07T15:47:47.944+0700] {processor.py:839} INFO - DAG(s) dict_keys(['example_weekday_branch_operator']) retrieved from /home/dwmhr/pln/venv/lib/python3.10/site-packages/airflow/example_dags/example_branch_day_of_week_operator.py
[2025-08-07T15:47:47.961+0700] {logging_mixin.py:154} INFO - [2025-08-07T15:47:47.961+0700] {dag.py:2941} INFO - Sync 1 DAGs
[2025-08-07T15:47:47.979+0700] {logging_mixin.py:154} INFO - [2025-08-07T15:47:47.979+0700] {dag.py:3722} INFO - Setting next_dagrun for example_weekday_branch_operator to 2025-08-06T00:00:00+00:00, run_after=2025-08-07T00:00:00+00:00
[2025-08-07T15:47:48.006+0700] {processor.py:179} INFO - Processing /home/dwmhr/pln/venv/lib/python3.10/site-packages/airflow/example_dags/example_branch_day_of_week_operator.py took 0.076 seconds
[2025-08-07T15:48:47.988+0700] {processor.py:157} INFO - Started process (PID=114351) to work on /home/dwmhr/pln/venv/lib/python3.10/site-packages/airflow/example_dags/example_branch_day_of_week_operator.py
[2025-08-07T15:48:47.993+0700] {processor.py:829} INFO - Processing file /home/dwmhr/pln/venv/lib/python3.10/site-packages/airflow/example_dags/example_branch_day_of_week_operator.py for tasks to queue
[2025-08-07T15:48:47.997+0700] {logging_mixin.py:154} INFO - [2025-08-07T15:48:47.996+0700] {dagbag.py:536} INFO - Filling up the DagBag from /home/dwmhr/pln/venv/lib/python3.10/site-packages/airflow/example_dags/example_branch_day_of_week_operator.py
[2025-08-07T15:48:48.045+0700] {processor.py:839} INFO - DAG(s) dict_keys(['example_weekday_branch_operator']) retrieved from /home/dwmhr/pln/venv/lib/python3.10/site-packages/airflow/example_dags/example_branch_day_of_week_operator.py
[2025-08-07T15:48:48.143+0700] {logging_mixin.py:154} INFO - [2025-08-07T15:48:48.142+0700] {dag.py:2941} INFO - Sync 1 DAGs
[2025-08-07T15:48:48.242+0700] {logging_mixin.py:154} INFO - [2025-08-07T15:48:48.242+0700] {dag.py:3722} INFO - Setting next_dagrun for example_weekday_branch_operator to 2025-08-06T00:00:00+00:00, run_after=2025-08-07T00:00:00+00:00
[2025-08-07T15:48:48.333+0700] {processor.py:179} INFO - Processing /home/dwmhr/pln/venv/lib/python3.10/site-packages/airflow/example_dags/example_branch_day_of_week_operator.py took 0.358 seconds
[2025-08-07T15:49:56.081+0700] {processor.py:157} INFO - Started process (PID=114732) to work on /home/dwmhr/pln/venv/lib/python3.10/site-packages/airflow/example_dags/example_branch_day_of_week_operator.py
[2025-08-07T15:49:56.084+0700] {processor.py:829} INFO - Processing file /home/dwmhr/pln/venv/lib/python3.10/site-packages/airflow/example_dags/example_branch_day_of_week_operator.py for tasks to queue
[2025-08-07T15:49:56.085+0700] {logging_mixin.py:154} INFO - [2025-08-07T15:49:56.085+0700] {dagbag.py:536} INFO - Filling up the DagBag from /home/dwmhr/pln/venv/lib/python3.10/site-packages/airflow/example_dags/example_branch_day_of_week_operator.py
[2025-08-07T15:49:56.095+0700] {processor.py:839} INFO - DAG(s) dict_keys(['example_weekday_branch_operator']) retrieved from /home/dwmhr/pln/venv/lib/python3.10/site-packages/airflow/example_dags/example_branch_day_of_week_operator.py
[2025-08-07T15:49:56.119+0700] {logging_mixin.py:154} INFO - [2025-08-07T15:49:56.119+0700] {dag.py:2941} INFO - Sync 1 DAGs
[2025-08-07T15:49:56.144+0700] {logging_mixin.py:154} INFO - [2025-08-07T15:49:56.144+0700] {dag.py:3722} INFO - Setting next_dagrun for example_weekday_branch_operator to 2025-08-06T00:00:00+00:00, run_after=2025-08-07T00:00:00+00:00
[2025-08-07T15:49:56.174+0700] {processor.py:179} INFO - Processing /home/dwmhr/pln/venv/lib/python3.10/site-packages/airflow/example_dags/example_branch_day_of_week_operator.py took 0.097 seconds
[2025-08-07T15:51:17.681+0700] {processor.py:157} INFO - Started process (PID=115159) to work on /home/dwmhr/pln/venv/lib/python3.10/site-packages/airflow/example_dags/example_branch_day_of_week_operator.py
[2025-08-07T15:51:17.687+0700] {processor.py:829} INFO - Processing file /home/dwmhr/pln/venv/lib/python3.10/site-packages/airflow/example_dags/example_branch_day_of_week_operator.py for tasks to queue
[2025-08-07T15:51:17.689+0700] {logging_mixin.py:154} INFO - [2025-08-07T15:51:17.688+0700] {dagbag.py:536} INFO - Filling up the DagBag from /home/dwmhr/pln/venv/lib/python3.10/site-packages/airflow/example_dags/example_branch_day_of_week_operator.py
[2025-08-07T15:51:17.703+0700] {processor.py:839} INFO - DAG(s) dict_keys(['example_weekday_branch_operator']) retrieved from /home/dwmhr/pln/venv/lib/python3.10/site-packages/airflow/example_dags/example_branch_day_of_week_operator.py
[2025-08-07T15:51:17.734+0700] {logging_mixin.py:154} INFO - [2025-08-07T15:51:17.734+0700] {dag.py:2941} INFO - Sync 1 DAGs
[2025-08-07T15:51:17.768+0700] {logging_mixin.py:154} INFO - [2025-08-07T15:51:17.768+0700] {dag.py:3722} INFO - Setting next_dagrun for example_weekday_branch_operator to 2025-08-06T00:00:00+00:00, run_after=2025-08-07T00:00:00+00:00
[2025-08-07T15:51:17.824+0700] {processor.py:179} INFO - Processing /home/dwmhr/pln/venv/lib/python3.10/site-packages/airflow/example_dags/example_branch_day_of_week_operator.py took 0.151 seconds
[2025-08-07T15:53:37.959+0700] {processor.py:157} INFO - Started process (PID=115790) to work on /home/dwmhr/pln/venv/lib/python3.10/site-packages/airflow/example_dags/example_branch_day_of_week_operator.py
[2025-08-07T15:53:37.962+0700] {processor.py:829} INFO - Processing file /home/dwmhr/pln/venv/lib/python3.10/site-packages/airflow/example_dags/example_branch_day_of_week_operator.py for tasks to queue
[2025-08-07T15:53:37.963+0700] {logging_mixin.py:154} INFO - [2025-08-07T15:53:37.963+0700] {dagbag.py:536} INFO - Filling up the DagBag from /home/dwmhr/pln/venv/lib/python3.10/site-packages/airflow/example_dags/example_branch_day_of_week_operator.py
[2025-08-07T15:53:37.969+0700] {processor.py:839} INFO - DAG(s) dict_keys(['example_weekday_branch_operator']) retrieved from /home/dwmhr/pln/venv/lib/python3.10/site-packages/airflow/example_dags/example_branch_day_of_week_operator.py
[2025-08-07T15:53:37.983+0700] {logging_mixin.py:154} INFO - [2025-08-07T15:53:37.983+0700] {dag.py:2941} INFO - Sync 1 DAGs
[2025-08-07T15:53:37.997+0700] {logging_mixin.py:154} INFO - [2025-08-07T15:53:37.996+0700] {dag.py:3722} INFO - Setting next_dagrun for example_weekday_branch_operator to 2025-08-06T00:00:00+00:00, run_after=2025-08-07T00:00:00+00:00
[2025-08-07T15:53:38.017+0700] {processor.py:179} INFO - Processing /home/dwmhr/pln/venv/lib/python3.10/site-packages/airflow/example_dags/example_branch_day_of_week_operator.py took 0.060 seconds
[2025-08-07T15:55:19.301+0700] {processor.py:157} INFO - Started process (PID=116301) to work on /home/dwmhr/pln/venv/lib/python3.10/site-packages/airflow/example_dags/example_branch_day_of_week_operator.py
[2025-08-07T15:55:19.306+0700] {processor.py:829} INFO - Processing file /home/dwmhr/pln/venv/lib/python3.10/site-packages/airflow/example_dags/example_branch_day_of_week_operator.py for tasks to queue
[2025-08-07T15:55:19.308+0700] {logging_mixin.py:154} INFO - [2025-08-07T15:55:19.307+0700] {dagbag.py:536} INFO - Filling up the DagBag from /home/dwmhr/pln/venv/lib/python3.10/site-packages/airflow/example_dags/example_branch_day_of_week_operator.py
[2025-08-07T15:55:19.325+0700] {processor.py:839} INFO - DAG(s) dict_keys(['example_weekday_branch_operator']) retrieved from /home/dwmhr/pln/venv/lib/python3.10/site-packages/airflow/example_dags/example_branch_day_of_week_operator.py
[2025-08-07T15:55:19.363+0700] {logging_mixin.py:154} INFO - [2025-08-07T15:55:19.362+0700] {dag.py:2941} INFO - Sync 1 DAGs
[2025-08-07T15:55:19.402+0700] {logging_mixin.py:154} INFO - [2025-08-07T15:55:19.402+0700] {dag.py:3722} INFO - Setting next_dagrun for example_weekday_branch_operator to 2025-08-06T00:00:00+00:00, run_after=2025-08-07T00:00:00+00:00
[2025-08-07T15:55:19.454+0700] {processor.py:179} INFO - Processing /home/dwmhr/pln/venv/lib/python3.10/site-packages/airflow/example_dags/example_branch_day_of_week_operator.py took 0.160 seconds
[2025-08-07T15:56:40.648+0700] {processor.py:157} INFO - Started process (PID=116740) to work on /home/dwmhr/pln/venv/lib/python3.10/site-packages/airflow/example_dags/example_branch_day_of_week_operator.py
[2025-08-07T15:56:40.653+0700] {processor.py:829} INFO - Processing file /home/dwmhr/pln/venv/lib/python3.10/site-packages/airflow/example_dags/example_branch_day_of_week_operator.py for tasks to queue
[2025-08-07T15:56:40.659+0700] {logging_mixin.py:154} INFO - [2025-08-07T15:56:40.656+0700] {dagbag.py:536} INFO - Filling up the DagBag from /home/dwmhr/pln/venv/lib/python3.10/site-packages/airflow/example_dags/example_branch_day_of_week_operator.py
[2025-08-07T15:56:40.696+0700] {processor.py:839} INFO - DAG(s) dict_keys(['example_weekday_branch_operator']) retrieved from /home/dwmhr/pln/venv/lib/python3.10/site-packages/airflow/example_dags/example_branch_day_of_week_operator.py
[2025-08-07T15:56:40.784+0700] {logging_mixin.py:154} INFO - [2025-08-07T15:56:40.783+0700] {dag.py:2941} INFO - Sync 1 DAGs
[2025-08-07T15:56:40.901+0700] {logging_mixin.py:154} INFO - [2025-08-07T15:56:40.900+0700] {dag.py:3722} INFO - Setting next_dagrun for example_weekday_branch_operator to 2025-08-06T00:00:00+00:00, run_after=2025-08-07T00:00:00+00:00
[2025-08-07T15:56:41.004+0700] {processor.py:179} INFO - Processing /home/dwmhr/pln/venv/lib/python3.10/site-packages/airflow/example_dags/example_branch_day_of_week_operator.py took 0.372 seconds
[2025-08-07T15:57:45.351+0700] {processor.py:157} INFO - Started process (PID=117078) to work on /home/dwmhr/pln/venv/lib/python3.10/site-packages/airflow/example_dags/example_branch_day_of_week_operator.py
[2025-08-07T15:57:45.354+0700] {processor.py:829} INFO - Processing file /home/dwmhr/pln/venv/lib/python3.10/site-packages/airflow/example_dags/example_branch_day_of_week_operator.py for tasks to queue
[2025-08-07T15:57:45.357+0700] {logging_mixin.py:154} INFO - [2025-08-07T15:57:45.356+0700] {dagbag.py:536} INFO - Filling up the DagBag from /home/dwmhr/pln/venv/lib/python3.10/site-packages/airflow/example_dags/example_branch_day_of_week_operator.py
[2025-08-07T15:57:45.376+0700] {processor.py:839} INFO - DAG(s) dict_keys(['example_weekday_branch_operator']) retrieved from /home/dwmhr/pln/venv/lib/python3.10/site-packages/airflow/example_dags/example_branch_day_of_week_operator.py
[2025-08-07T15:57:45.424+0700] {logging_mixin.py:154} INFO - [2025-08-07T15:57:45.423+0700] {dag.py:2941} INFO - Sync 1 DAGs
[2025-08-07T15:57:45.475+0700] {logging_mixin.py:154} INFO - [2025-08-07T15:57:45.475+0700] {dag.py:3722} INFO - Setting next_dagrun for example_weekday_branch_operator to 2025-08-06T00:00:00+00:00, run_after=2025-08-07T00:00:00+00:00
[2025-08-07T15:57:45.537+0700] {processor.py:179} INFO - Processing /home/dwmhr/pln/venv/lib/python3.10/site-packages/airflow/example_dags/example_branch_day_of_week_operator.py took 0.193 seconds
[2025-08-07T16:00:18.344+0700] {processor.py:157} INFO - Started process (PID=117855) to work on /home/dwmhr/pln/venv/lib/python3.10/site-packages/airflow/example_dags/example_branch_day_of_week_operator.py
[2025-08-07T16:00:18.350+0700] {processor.py:829} INFO - Processing file /home/dwmhr/pln/venv/lib/python3.10/site-packages/airflow/example_dags/example_branch_day_of_week_operator.py for tasks to queue
[2025-08-07T16:00:18.354+0700] {logging_mixin.py:154} INFO - [2025-08-07T16:00:18.353+0700] {dagbag.py:536} INFO - Filling up the DagBag from /home/dwmhr/pln/venv/lib/python3.10/site-packages/airflow/example_dags/example_branch_day_of_week_operator.py
[2025-08-07T16:00:18.401+0700] {processor.py:839} INFO - DAG(s) dict_keys(['example_weekday_branch_operator']) retrieved from /home/dwmhr/pln/venv/lib/python3.10/site-packages/airflow/example_dags/example_branch_day_of_week_operator.py
[2025-08-07T16:00:18.503+0700] {logging_mixin.py:154} INFO - [2025-08-07T16:00:18.503+0700] {dag.py:2941} INFO - Sync 1 DAGs
[2025-08-07T16:00:18.620+0700] {logging_mixin.py:154} INFO - [2025-08-07T16:00:18.620+0700] {dag.py:3722} INFO - Setting next_dagrun for example_weekday_branch_operator to 2025-08-06T00:00:00+00:00, run_after=2025-08-07T00:00:00+00:00
[2025-08-07T16:00:18.717+0700] {processor.py:179} INFO - Processing /home/dwmhr/pln/venv/lib/python3.10/site-packages/airflow/example_dags/example_branch_day_of_week_operator.py took 0.389 seconds
[2025-08-07T16:04:29.174+0700] {processor.py:157} INFO - Started process (PID=118994) to work on /home/dwmhr/pln/venv/lib/python3.10/site-packages/airflow/example_dags/example_branch_day_of_week_operator.py
[2025-08-07T16:04:29.180+0700] {processor.py:829} INFO - Processing file /home/dwmhr/pln/venv/lib/python3.10/site-packages/airflow/example_dags/example_branch_day_of_week_operator.py for tasks to queue
[2025-08-07T16:04:29.183+0700] {logging_mixin.py:154} INFO - [2025-08-07T16:04:29.182+0700] {dagbag.py:536} INFO - Filling up the DagBag from /home/dwmhr/pln/venv/lib/python3.10/site-packages/airflow/example_dags/example_branch_day_of_week_operator.py
[2025-08-07T16:04:29.218+0700] {processor.py:839} INFO - DAG(s) dict_keys(['example_weekday_branch_operator']) retrieved from /home/dwmhr/pln/venv/lib/python3.10/site-packages/airflow/example_dags/example_branch_day_of_week_operator.py
[2025-08-07T16:04:29.310+0700] {logging_mixin.py:154} INFO - [2025-08-07T16:04:29.309+0700] {dag.py:2941} INFO - Sync 1 DAGs
[2025-08-07T16:04:29.395+0700] {logging_mixin.py:154} INFO - [2025-08-07T16:04:29.395+0700] {dag.py:3722} INFO - Setting next_dagrun for example_weekday_branch_operator to 2025-08-06T00:00:00+00:00, run_after=2025-08-07T00:00:00+00:00
[2025-08-07T16:04:29.475+0700] {processor.py:179} INFO - Processing /home/dwmhr/pln/venv/lib/python3.10/site-packages/airflow/example_dags/example_branch_day_of_week_operator.py took 0.315 seconds
[2025-08-07T16:05:26.088+0700] {processor.py:157} INFO - Started process (PID=119295) to work on /home/dwmhr/pln/venv/lib/python3.10/site-packages/airflow/example_dags/example_branch_day_of_week_operator.py
[2025-08-07T16:05:26.094+0700] {processor.py:829} INFO - Processing file /home/dwmhr/pln/venv/lib/python3.10/site-packages/airflow/example_dags/example_branch_day_of_week_operator.py for tasks to queue
[2025-08-07T16:05:26.096+0700] {logging_mixin.py:154} INFO - [2025-08-07T16:05:26.095+0700] {dagbag.py:536} INFO - Filling up the DagBag from /home/dwmhr/pln/venv/lib/python3.10/site-packages/airflow/example_dags/example_branch_day_of_week_operator.py
[2025-08-07T16:05:26.104+0700] {processor.py:839} INFO - DAG(s) dict_keys(['example_weekday_branch_operator']) retrieved from /home/dwmhr/pln/venv/lib/python3.10/site-packages/airflow/example_dags/example_branch_day_of_week_operator.py
[2025-08-07T16:05:26.123+0700] {logging_mixin.py:154} INFO - [2025-08-07T16:05:26.122+0700] {dag.py:2941} INFO - Sync 1 DAGs
[2025-08-07T16:05:26.142+0700] {logging_mixin.py:154} INFO - [2025-08-07T16:05:26.141+0700] {dag.py:3722} INFO - Setting next_dagrun for example_weekday_branch_operator to 2025-08-06T00:00:00+00:00, run_after=2025-08-07T00:00:00+00:00
[2025-08-07T16:05:26.169+0700] {processor.py:179} INFO - Processing /home/dwmhr/pln/venv/lib/python3.10/site-packages/airflow/example_dags/example_branch_day_of_week_operator.py took 0.085 seconds
[2025-08-07T16:06:51.554+0700] {processor.py:157} INFO - Started process (PID=119679) to work on /home/dwmhr/pln/venv/lib/python3.10/site-packages/airflow/example_dags/example_branch_day_of_week_operator.py
[2025-08-07T16:06:51.559+0700] {processor.py:829} INFO - Processing file /home/dwmhr/pln/venv/lib/python3.10/site-packages/airflow/example_dags/example_branch_day_of_week_operator.py for tasks to queue
[2025-08-07T16:06:51.563+0700] {logging_mixin.py:154} INFO - [2025-08-07T16:06:51.561+0700] {dagbag.py:536} INFO - Filling up the DagBag from /home/dwmhr/pln/venv/lib/python3.10/site-packages/airflow/example_dags/example_branch_day_of_week_operator.py
[2025-08-07T16:06:51.590+0700] {processor.py:839} INFO - DAG(s) dict_keys(['example_weekday_branch_operator']) retrieved from /home/dwmhr/pln/venv/lib/python3.10/site-packages/airflow/example_dags/example_branch_day_of_week_operator.py
[2025-08-07T16:06:51.646+0700] {logging_mixin.py:154} INFO - [2025-08-07T16:06:51.645+0700] {dag.py:2941} INFO - Sync 1 DAGs
[2025-08-07T16:06:51.703+0700] {logging_mixin.py:154} INFO - [2025-08-07T16:06:51.703+0700] {dag.py:3722} INFO - Setting next_dagrun for example_weekday_branch_operator to 2025-08-06T00:00:00+00:00, run_after=2025-08-07T00:00:00+00:00
[2025-08-07T16:06:51.772+0700] {processor.py:179} INFO - Processing /home/dwmhr/pln/venv/lib/python3.10/site-packages/airflow/example_dags/example_branch_day_of_week_operator.py took 0.230 seconds
[2025-08-07T16:08:03.483+0700] {processor.py:157} INFO - Started process (PID=120084) to work on /home/dwmhr/pln/venv/lib/python3.10/site-packages/airflow/example_dags/example_branch_day_of_week_operator.py
[2025-08-07T16:08:03.489+0700] {processor.py:829} INFO - Processing file /home/dwmhr/pln/venv/lib/python3.10/site-packages/airflow/example_dags/example_branch_day_of_week_operator.py for tasks to queue
[2025-08-07T16:08:03.490+0700] {logging_mixin.py:154} INFO - [2025-08-07T16:08:03.490+0700] {dagbag.py:536} INFO - Filling up the DagBag from /home/dwmhr/pln/venv/lib/python3.10/site-packages/airflow/example_dags/example_branch_day_of_week_operator.py
[2025-08-07T16:08:03.506+0700] {processor.py:839} INFO - DAG(s) dict_keys(['example_weekday_branch_operator']) retrieved from /home/dwmhr/pln/venv/lib/python3.10/site-packages/airflow/example_dags/example_branch_day_of_week_operator.py
[2025-08-07T16:08:03.539+0700] {logging_mixin.py:154} INFO - [2025-08-07T16:08:03.538+0700] {dag.py:2941} INFO - Sync 1 DAGs
[2025-08-07T16:08:03.577+0700] {logging_mixin.py:154} INFO - [2025-08-07T16:08:03.576+0700] {dag.py:3722} INFO - Setting next_dagrun for example_weekday_branch_operator to 2025-08-06T00:00:00+00:00, run_after=2025-08-07T00:00:00+00:00
[2025-08-07T16:08:03.624+0700] {processor.py:179} INFO - Processing /home/dwmhr/pln/venv/lib/python3.10/site-packages/airflow/example_dags/example_branch_day_of_week_operator.py took 0.149 seconds
[2025-08-07T16:09:18.401+0700] {processor.py:157} INFO - Started process (PID=120423) to work on /home/dwmhr/pln/venv/lib/python3.10/site-packages/airflow/example_dags/example_branch_day_of_week_operator.py
[2025-08-07T16:09:18.410+0700] {processor.py:829} INFO - Processing file /home/dwmhr/pln/venv/lib/python3.10/site-packages/airflow/example_dags/example_branch_day_of_week_operator.py for tasks to queue
[2025-08-07T16:09:18.412+0700] {logging_mixin.py:154} INFO - [2025-08-07T16:09:18.412+0700] {dagbag.py:536} INFO - Filling up the DagBag from /home/dwmhr/pln/venv/lib/python3.10/site-packages/airflow/example_dags/example_branch_day_of_week_operator.py
[2025-08-07T16:09:18.444+0700] {processor.py:839} INFO - DAG(s) dict_keys(['example_weekday_branch_operator']) retrieved from /home/dwmhr/pln/venv/lib/python3.10/site-packages/airflow/example_dags/example_branch_day_of_week_operator.py
[2025-08-07T16:09:18.506+0700] {logging_mixin.py:154} INFO - [2025-08-07T16:09:18.505+0700] {dag.py:2941} INFO - Sync 1 DAGs
[2025-08-07T16:09:18.569+0700] {logging_mixin.py:154} INFO - [2025-08-07T16:09:18.568+0700] {dag.py:3722} INFO - Setting next_dagrun for example_weekday_branch_operator to 2025-08-06T00:00:00+00:00, run_after=2025-08-07T00:00:00+00:00
[2025-08-07T16:09:18.667+0700] {processor.py:179} INFO - Processing /home/dwmhr/pln/venv/lib/python3.10/site-packages/airflow/example_dags/example_branch_day_of_week_operator.py took 0.275 seconds
[2025-08-07T16:10:35.876+0700] {processor.py:157} INFO - Started process (PID=120829) to work on /home/dwmhr/pln/venv/lib/python3.10/site-packages/airflow/example_dags/example_branch_day_of_week_operator.py
[2025-08-07T16:10:35.879+0700] {processor.py:829} INFO - Processing file /home/dwmhr/pln/venv/lib/python3.10/site-packages/airflow/example_dags/example_branch_day_of_week_operator.py for tasks to queue
[2025-08-07T16:10:35.880+0700] {logging_mixin.py:154} INFO - [2025-08-07T16:10:35.880+0700] {dagbag.py:536} INFO - Filling up the DagBag from /home/dwmhr/pln/venv/lib/python3.10/site-packages/airflow/example_dags/example_branch_day_of_week_operator.py
[2025-08-07T16:10:35.903+0700] {processor.py:839} INFO - DAG(s) dict_keys(['example_weekday_branch_operator']) retrieved from /home/dwmhr/pln/venv/lib/python3.10/site-packages/airflow/example_dags/example_branch_day_of_week_operator.py
[2025-08-07T16:10:35.934+0700] {logging_mixin.py:154} INFO - [2025-08-07T16:10:35.934+0700] {dag.py:2941} INFO - Sync 1 DAGs
[2025-08-07T16:10:35.970+0700] {logging_mixin.py:154} INFO - [2025-08-07T16:10:35.970+0700] {dag.py:3722} INFO - Setting next_dagrun for example_weekday_branch_operator to 2025-08-06T00:00:00+00:00, run_after=2025-08-07T00:00:00+00:00
[2025-08-07T16:10:36.014+0700] {processor.py:179} INFO - Processing /home/dwmhr/pln/venv/lib/python3.10/site-packages/airflow/example_dags/example_branch_day_of_week_operator.py took 0.145 seconds
[2025-08-07T16:11:30.750+0700] {processor.py:157} INFO - Started process (PID=121121) to work on /home/dwmhr/pln/venv/lib/python3.10/site-packages/airflow/example_dags/example_branch_day_of_week_operator.py
[2025-08-07T16:11:30.754+0700] {processor.py:829} INFO - Processing file /home/dwmhr/pln/venv/lib/python3.10/site-packages/airflow/example_dags/example_branch_day_of_week_operator.py for tasks to queue
[2025-08-07T16:11:30.756+0700] {logging_mixin.py:154} INFO - [2025-08-07T16:11:30.755+0700] {dagbag.py:536} INFO - Filling up the DagBag from /home/dwmhr/pln/venv/lib/python3.10/site-packages/airflow/example_dags/example_branch_day_of_week_operator.py
[2025-08-07T16:11:30.768+0700] {processor.py:839} INFO - DAG(s) dict_keys(['example_weekday_branch_operator']) retrieved from /home/dwmhr/pln/venv/lib/python3.10/site-packages/airflow/example_dags/example_branch_day_of_week_operator.py
[2025-08-07T16:11:30.797+0700] {logging_mixin.py:154} INFO - [2025-08-07T16:11:30.797+0700] {dag.py:2941} INFO - Sync 1 DAGs
[2025-08-07T16:11:30.822+0700] {logging_mixin.py:154} INFO - [2025-08-07T16:11:30.822+0700] {dag.py:3722} INFO - Setting next_dagrun for example_weekday_branch_operator to 2025-08-06T00:00:00+00:00, run_after=2025-08-07T00:00:00+00:00
[2025-08-07T16:11:30.856+0700] {processor.py:179} INFO - Processing /home/dwmhr/pln/venv/lib/python3.10/site-packages/airflow/example_dags/example_branch_day_of_week_operator.py took 0.111 seconds
[2025-08-07T16:12:41.956+0700] {processor.py:157} INFO - Started process (PID=121479) to work on /home/dwmhr/pln/venv/lib/python3.10/site-packages/airflow/example_dags/example_branch_day_of_week_operator.py
[2025-08-07T16:12:41.963+0700] {processor.py:829} INFO - Processing file /home/dwmhr/pln/venv/lib/python3.10/site-packages/airflow/example_dags/example_branch_day_of_week_operator.py for tasks to queue
[2025-08-07T16:12:41.965+0700] {logging_mixin.py:154} INFO - [2025-08-07T16:12:41.964+0700] {dagbag.py:536} INFO - Filling up the DagBag from /home/dwmhr/pln/venv/lib/python3.10/site-packages/airflow/example_dags/example_branch_day_of_week_operator.py
[2025-08-07T16:12:41.986+0700] {processor.py:839} INFO - DAG(s) dict_keys(['example_weekday_branch_operator']) retrieved from /home/dwmhr/pln/venv/lib/python3.10/site-packages/airflow/example_dags/example_branch_day_of_week_operator.py
[2025-08-07T16:12:42.012+0700] {logging_mixin.py:154} INFO - [2025-08-07T16:12:42.012+0700] {dag.py:2941} INFO - Sync 1 DAGs
[2025-08-07T16:12:42.042+0700] {logging_mixin.py:154} INFO - [2025-08-07T16:12:42.042+0700] {dag.py:3722} INFO - Setting next_dagrun for example_weekday_branch_operator to 2025-08-06T00:00:00+00:00, run_after=2025-08-07T00:00:00+00:00
[2025-08-07T16:12:42.086+0700] {processor.py:179} INFO - Processing /home/dwmhr/pln/venv/lib/python3.10/site-packages/airflow/example_dags/example_branch_day_of_week_operator.py took 0.135 seconds
[2025-08-07T16:13:53.097+0700] {processor.py:157} INFO - Started process (PID=121889) to work on /home/dwmhr/pln/venv/lib/python3.10/site-packages/airflow/example_dags/example_branch_day_of_week_operator.py
[2025-08-07T16:13:53.102+0700] {processor.py:829} INFO - Processing file /home/dwmhr/pln/venv/lib/python3.10/site-packages/airflow/example_dags/example_branch_day_of_week_operator.py for tasks to queue
[2025-08-07T16:13:53.105+0700] {logging_mixin.py:154} INFO - [2025-08-07T16:13:53.104+0700] {dagbag.py:536} INFO - Filling up the DagBag from /home/dwmhr/pln/venv/lib/python3.10/site-packages/airflow/example_dags/example_branch_day_of_week_operator.py
[2025-08-07T16:13:53.133+0700] {processor.py:839} INFO - DAG(s) dict_keys(['example_weekday_branch_operator']) retrieved from /home/dwmhr/pln/venv/lib/python3.10/site-packages/airflow/example_dags/example_branch_day_of_week_operator.py
[2025-08-07T16:13:53.190+0700] {logging_mixin.py:154} INFO - [2025-08-07T16:13:53.189+0700] {dag.py:2941} INFO - Sync 1 DAGs
[2025-08-07T16:13:53.251+0700] {logging_mixin.py:154} INFO - [2025-08-07T16:13:53.250+0700] {dag.py:3722} INFO - Setting next_dagrun for example_weekday_branch_operator to 2025-08-06T00:00:00+00:00, run_after=2025-08-07T00:00:00+00:00
[2025-08-07T16:13:53.345+0700] {processor.py:179} INFO - Processing /home/dwmhr/pln/venv/lib/python3.10/site-packages/airflow/example_dags/example_branch_day_of_week_operator.py took 0.260 seconds
[2025-08-07T16:14:54.422+0700] {processor.py:157} INFO - Started process (PID=122186) to work on /home/dwmhr/pln/venv/lib/python3.10/site-packages/airflow/example_dags/example_branch_day_of_week_operator.py
[2025-08-07T16:14:54.428+0700] {processor.py:829} INFO - Processing file /home/dwmhr/pln/venv/lib/python3.10/site-packages/airflow/example_dags/example_branch_day_of_week_operator.py for tasks to queue
[2025-08-07T16:14:54.432+0700] {logging_mixin.py:154} INFO - [2025-08-07T16:14:54.430+0700] {dagbag.py:536} INFO - Filling up the DagBag from /home/dwmhr/pln/venv/lib/python3.10/site-packages/airflow/example_dags/example_branch_day_of_week_operator.py
[2025-08-07T16:14:54.471+0700] {processor.py:839} INFO - DAG(s) dict_keys(['example_weekday_branch_operator']) retrieved from /home/dwmhr/pln/venv/lib/python3.10/site-packages/airflow/example_dags/example_branch_day_of_week_operator.py
[2025-08-07T16:14:54.550+0700] {logging_mixin.py:154} INFO - [2025-08-07T16:14:54.549+0700] {dag.py:2941} INFO - Sync 1 DAGs
[2025-08-07T16:14:54.647+0700] {logging_mixin.py:154} INFO - [2025-08-07T16:14:54.646+0700] {dag.py:3722} INFO - Setting next_dagrun for example_weekday_branch_operator to 2025-08-06T00:00:00+00:00, run_after=2025-08-07T00:00:00+00:00
[2025-08-07T16:14:54.815+0700] {processor.py:179} INFO - Processing /home/dwmhr/pln/venv/lib/python3.10/site-packages/airflow/example_dags/example_branch_day_of_week_operator.py took 0.410 seconds
[2025-08-07T16:16:06.813+0700] {processor.py:157} INFO - Started process (PID=122521) to work on /home/dwmhr/pln/venv/lib/python3.10/site-packages/airflow/example_dags/example_branch_day_of_week_operator.py
[2025-08-07T16:16:06.824+0700] {processor.py:829} INFO - Processing file /home/dwmhr/pln/venv/lib/python3.10/site-packages/airflow/example_dags/example_branch_day_of_week_operator.py for tasks to queue
[2025-08-07T16:16:06.829+0700] {logging_mixin.py:154} INFO - [2025-08-07T16:16:06.827+0700] {dagbag.py:536} INFO - Filling up the DagBag from /home/dwmhr/pln/venv/lib/python3.10/site-packages/airflow/example_dags/example_branch_day_of_week_operator.py
[2025-08-07T16:16:06.877+0700] {processor.py:839} INFO - DAG(s) dict_keys(['example_weekday_branch_operator']) retrieved from /home/dwmhr/pln/venv/lib/python3.10/site-packages/airflow/example_dags/example_branch_day_of_week_operator.py
[2025-08-07T16:16:06.979+0700] {logging_mixin.py:154} INFO - [2025-08-07T16:16:06.978+0700] {dag.py:2941} INFO - Sync 1 DAGs
[2025-08-07T16:16:07.096+0700] {logging_mixin.py:154} INFO - [2025-08-07T16:16:07.095+0700] {dag.py:3722} INFO - Setting next_dagrun for example_weekday_branch_operator to 2025-08-06T00:00:00+00:00, run_after=2025-08-07T00:00:00+00:00
[2025-08-07T16:16:07.209+0700] {processor.py:179} INFO - Processing /home/dwmhr/pln/venv/lib/python3.10/site-packages/airflow/example_dags/example_branch_day_of_week_operator.py took 0.421 seconds
[2025-08-07T16:17:07.372+0700] {processor.py:157} INFO - Started process (PID=122830) to work on /home/dwmhr/pln/venv/lib/python3.10/site-packages/airflow/example_dags/example_branch_day_of_week_operator.py
[2025-08-07T16:17:07.375+0700] {processor.py:829} INFO - Processing file /home/dwmhr/pln/venv/lib/python3.10/site-packages/airflow/example_dags/example_branch_day_of_week_operator.py for tasks to queue
[2025-08-07T16:17:07.378+0700] {logging_mixin.py:154} INFO - [2025-08-07T16:17:07.377+0700] {dagbag.py:536} INFO - Filling up the DagBag from /home/dwmhr/pln/venv/lib/python3.10/site-packages/airflow/example_dags/example_branch_day_of_week_operator.py
[2025-08-07T16:17:07.397+0700] {processor.py:839} INFO - DAG(s) dict_keys(['example_weekday_branch_operator']) retrieved from /home/dwmhr/pln/venv/lib/python3.10/site-packages/airflow/example_dags/example_branch_day_of_week_operator.py
[2025-08-07T16:17:07.436+0700] {logging_mixin.py:154} INFO - [2025-08-07T16:17:07.436+0700] {dag.py:2941} INFO - Sync 1 DAGs
[2025-08-07T16:17:07.477+0700] {logging_mixin.py:154} INFO - [2025-08-07T16:17:07.476+0700] {dag.py:3722} INFO - Setting next_dagrun for example_weekday_branch_operator to 2025-08-06T00:00:00+00:00, run_after=2025-08-07T00:00:00+00:00
[2025-08-07T16:17:07.540+0700] {processor.py:179} INFO - Processing /home/dwmhr/pln/venv/lib/python3.10/site-packages/airflow/example_dags/example_branch_day_of_week_operator.py took 0.178 seconds
[2025-08-07T16:18:38.781+0700] {processor.py:157} INFO - Started process (PID=123295) to work on /home/dwmhr/pln/venv/lib/python3.10/site-packages/airflow/example_dags/example_branch_day_of_week_operator.py
[2025-08-07T16:18:38.783+0700] {processor.py:829} INFO - Processing file /home/dwmhr/pln/venv/lib/python3.10/site-packages/airflow/example_dags/example_branch_day_of_week_operator.py for tasks to queue
[2025-08-07T16:18:38.784+0700] {logging_mixin.py:154} INFO - [2025-08-07T16:18:38.783+0700] {dagbag.py:536} INFO - Filling up the DagBag from /home/dwmhr/pln/venv/lib/python3.10/site-packages/airflow/example_dags/example_branch_day_of_week_operator.py
[2025-08-07T16:18:38.789+0700] {processor.py:839} INFO - DAG(s) dict_keys(['example_weekday_branch_operator']) retrieved from /home/dwmhr/pln/venv/lib/python3.10/site-packages/airflow/example_dags/example_branch_day_of_week_operator.py
[2025-08-07T16:18:38.803+0700] {logging_mixin.py:154} INFO - [2025-08-07T16:18:38.802+0700] {dag.py:2941} INFO - Sync 1 DAGs
[2025-08-07T16:18:38.815+0700] {logging_mixin.py:154} INFO - [2025-08-07T16:18:38.815+0700] {dag.py:3722} INFO - Setting next_dagrun for example_weekday_branch_operator to 2025-08-06T00:00:00+00:00, run_after=2025-08-07T00:00:00+00:00
[2025-08-07T16:18:38.833+0700] {processor.py:179} INFO - Processing /home/dwmhr/pln/venv/lib/python3.10/site-packages/airflow/example_dags/example_branch_day_of_week_operator.py took 0.054 seconds
[2025-08-07T16:27:27.616+0700] {processor.py:157} INFO - Started process (PID=125583) to work on /home/dwmhr/pln/venv/lib/python3.10/site-packages/airflow/example_dags/example_branch_day_of_week_operator.py
[2025-08-07T16:27:27.621+0700] {processor.py:829} INFO - Processing file /home/dwmhr/pln/venv/lib/python3.10/site-packages/airflow/example_dags/example_branch_day_of_week_operator.py for tasks to queue
[2025-08-07T16:27:27.623+0700] {logging_mixin.py:154} INFO - [2025-08-07T16:27:27.622+0700] {dagbag.py:536} INFO - Filling up the DagBag from /home/dwmhr/pln/venv/lib/python3.10/site-packages/airflow/example_dags/example_branch_day_of_week_operator.py
[2025-08-07T16:27:27.643+0700] {processor.py:839} INFO - DAG(s) dict_keys(['example_weekday_branch_operator']) retrieved from /home/dwmhr/pln/venv/lib/python3.10/site-packages/airflow/example_dags/example_branch_day_of_week_operator.py
[2025-08-07T16:27:27.690+0700] {logging_mixin.py:154} INFO - [2025-08-07T16:27:27.690+0700] {dag.py:2941} INFO - Sync 1 DAGs
[2025-08-07T16:27:27.945+0700] {logging_mixin.py:154} INFO - [2025-08-07T16:27:27.945+0700] {dag.py:3722} INFO - Setting next_dagrun for example_weekday_branch_operator to 2025-08-06T00:00:00+00:00, run_after=2025-08-07T00:00:00+00:00
[2025-08-07T16:27:27.994+0700] {processor.py:179} INFO - Processing /home/dwmhr/pln/venv/lib/python3.10/site-packages/airflow/example_dags/example_branch_day_of_week_operator.py took 0.386 seconds
[2025-08-07T16:28:49.759+0700] {processor.py:157} INFO - Started process (PID=125982) to work on /home/dwmhr/pln/venv/lib/python3.10/site-packages/airflow/example_dags/example_branch_day_of_week_operator.py
[2025-08-07T16:28:49.763+0700] {processor.py:829} INFO - Processing file /home/dwmhr/pln/venv/lib/python3.10/site-packages/airflow/example_dags/example_branch_day_of_week_operator.py for tasks to queue
[2025-08-07T16:28:49.767+0700] {logging_mixin.py:154} INFO - [2025-08-07T16:28:49.765+0700] {dagbag.py:536} INFO - Filling up the DagBag from /home/dwmhr/pln/venv/lib/python3.10/site-packages/airflow/example_dags/example_branch_day_of_week_operator.py
[2025-08-07T16:28:49.796+0700] {processor.py:839} INFO - DAG(s) dict_keys(['example_weekday_branch_operator']) retrieved from /home/dwmhr/pln/venv/lib/python3.10/site-packages/airflow/example_dags/example_branch_day_of_week_operator.py
[2025-08-07T16:28:49.860+0700] {logging_mixin.py:154} INFO - [2025-08-07T16:28:49.860+0700] {dag.py:2941} INFO - Sync 1 DAGs
[2025-08-07T16:28:49.931+0700] {logging_mixin.py:154} INFO - [2025-08-07T16:28:49.930+0700] {dag.py:3722} INFO - Setting next_dagrun for example_weekday_branch_operator to 2025-08-06T00:00:00+00:00, run_after=2025-08-07T00:00:00+00:00
[2025-08-07T16:28:49.999+0700] {processor.py:179} INFO - Processing /home/dwmhr/pln/venv/lib/python3.10/site-packages/airflow/example_dags/example_branch_day_of_week_operator.py took 0.251 seconds
[2025-08-07T16:29:46.831+0700] {processor.py:157} INFO - Started process (PID=126272) to work on /home/dwmhr/pln/venv/lib/python3.10/site-packages/airflow/example_dags/example_branch_day_of_week_operator.py
[2025-08-07T16:29:46.837+0700] {processor.py:829} INFO - Processing file /home/dwmhr/pln/venv/lib/python3.10/site-packages/airflow/example_dags/example_branch_day_of_week_operator.py for tasks to queue
[2025-08-07T16:29:46.844+0700] {logging_mixin.py:154} INFO - [2025-08-07T16:29:46.841+0700] {dagbag.py:536} INFO - Filling up the DagBag from /home/dwmhr/pln/venv/lib/python3.10/site-packages/airflow/example_dags/example_branch_day_of_week_operator.py
[2025-08-07T16:29:46.895+0700] {processor.py:839} INFO - DAG(s) dict_keys(['example_weekday_branch_operator']) retrieved from /home/dwmhr/pln/venv/lib/python3.10/site-packages/airflow/example_dags/example_branch_day_of_week_operator.py
[2025-08-07T16:29:47.506+0700] {logging_mixin.py:154} INFO - [2025-08-07T16:29:47.505+0700] {dag.py:2941} INFO - Sync 1 DAGs
[2025-08-07T16:29:47.592+0700] {logging_mixin.py:154} INFO - [2025-08-07T16:29:47.592+0700] {dag.py:3722} INFO - Setting next_dagrun for example_weekday_branch_operator to 2025-08-06T00:00:00+00:00, run_after=2025-08-07T00:00:00+00:00
[2025-08-07T16:29:47.756+0700] {processor.py:179} INFO - Processing /home/dwmhr/pln/venv/lib/python3.10/site-packages/airflow/example_dags/example_branch_day_of_week_operator.py took 0.946 seconds
[2025-08-07T16:30:48.986+0700] {processor.py:157} INFO - Started process (PID=126569) to work on /home/dwmhr/pln/venv/lib/python3.10/site-packages/airflow/example_dags/example_branch_day_of_week_operator.py
[2025-08-07T16:30:48.989+0700] {processor.py:829} INFO - Processing file /home/dwmhr/pln/venv/lib/python3.10/site-packages/airflow/example_dags/example_branch_day_of_week_operator.py for tasks to queue
[2025-08-07T16:30:48.990+0700] {logging_mixin.py:154} INFO - [2025-08-07T16:30:48.989+0700] {dagbag.py:536} INFO - Filling up the DagBag from /home/dwmhr/pln/venv/lib/python3.10/site-packages/airflow/example_dags/example_branch_day_of_week_operator.py
[2025-08-07T16:30:49.001+0700] {processor.py:839} INFO - DAG(s) dict_keys(['example_weekday_branch_operator']) retrieved from /home/dwmhr/pln/venv/lib/python3.10/site-packages/airflow/example_dags/example_branch_day_of_week_operator.py
[2025-08-07T16:30:49.023+0700] {logging_mixin.py:154} INFO - [2025-08-07T16:30:49.023+0700] {dag.py:2941} INFO - Sync 1 DAGs
[2025-08-07T16:30:49.047+0700] {logging_mixin.py:154} INFO - [2025-08-07T16:30:49.047+0700] {dag.py:3722} INFO - Setting next_dagrun for example_weekday_branch_operator to 2025-08-06T00:00:00+00:00, run_after=2025-08-07T00:00:00+00:00
[2025-08-07T16:30:49.078+0700] {processor.py:179} INFO - Processing /home/dwmhr/pln/venv/lib/python3.10/site-packages/airflow/example_dags/example_branch_day_of_week_operator.py took 0.097 seconds
[2025-08-07T16:31:52.589+0700] {processor.py:157} INFO - Started process (PID=126866) to work on /home/dwmhr/pln/venv/lib/python3.10/site-packages/airflow/example_dags/example_branch_day_of_week_operator.py
[2025-08-07T16:31:52.593+0700] {processor.py:829} INFO - Processing file /home/dwmhr/pln/venv/lib/python3.10/site-packages/airflow/example_dags/example_branch_day_of_week_operator.py for tasks to queue
[2025-08-07T16:31:52.594+0700] {logging_mixin.py:154} INFO - [2025-08-07T16:31:52.594+0700] {dagbag.py:536} INFO - Filling up the DagBag from /home/dwmhr/pln/venv/lib/python3.10/site-packages/airflow/example_dags/example_branch_day_of_week_operator.py
[2025-08-07T16:31:52.604+0700] {processor.py:839} INFO - DAG(s) dict_keys(['example_weekday_branch_operator']) retrieved from /home/dwmhr/pln/venv/lib/python3.10/site-packages/airflow/example_dags/example_branch_day_of_week_operator.py
[2025-08-07T16:31:52.628+0700] {logging_mixin.py:154} INFO - [2025-08-07T16:31:52.627+0700] {dag.py:2941} INFO - Sync 1 DAGs
[2025-08-07T16:31:52.651+0700] {logging_mixin.py:154} INFO - [2025-08-07T16:31:52.651+0700] {dag.py:3722} INFO - Setting next_dagrun for example_weekday_branch_operator to 2025-08-06T00:00:00+00:00, run_after=2025-08-07T00:00:00+00:00
[2025-08-07T16:31:52.677+0700] {processor.py:179} INFO - Processing /home/dwmhr/pln/venv/lib/python3.10/site-packages/airflow/example_dags/example_branch_day_of_week_operator.py took 0.092 seconds
[2025-08-07T16:33:58.910+0700] {processor.py:157} INFO - Started process (PID=127357) to work on /home/dwmhr/pln/venv/lib/python3.10/site-packages/airflow/example_dags/example_branch_day_of_week_operator.py
[2025-08-07T16:33:58.914+0700] {processor.py:829} INFO - Processing file /home/dwmhr/pln/venv/lib/python3.10/site-packages/airflow/example_dags/example_branch_day_of_week_operator.py for tasks to queue
[2025-08-07T16:33:58.916+0700] {logging_mixin.py:154} INFO - [2025-08-07T16:33:58.915+0700] {dagbag.py:536} INFO - Filling up the DagBag from /home/dwmhr/pln/venv/lib/python3.10/site-packages/airflow/example_dags/example_branch_day_of_week_operator.py
[2025-08-07T16:33:58.934+0700] {processor.py:839} INFO - DAG(s) dict_keys(['example_weekday_branch_operator']) retrieved from /home/dwmhr/pln/venv/lib/python3.10/site-packages/airflow/example_dags/example_branch_day_of_week_operator.py
[2025-08-07T16:33:58.980+0700] {logging_mixin.py:154} INFO - [2025-08-07T16:33:58.979+0700] {dag.py:2941} INFO - Sync 1 DAGs
[2025-08-07T16:33:59.024+0700] {logging_mixin.py:154} INFO - [2025-08-07T16:33:59.024+0700] {dag.py:3722} INFO - Setting next_dagrun for example_weekday_branch_operator to 2025-08-06T00:00:00+00:00, run_after=2025-08-07T00:00:00+00:00
[2025-08-07T16:33:59.081+0700] {processor.py:179} INFO - Processing /home/dwmhr/pln/venv/lib/python3.10/site-packages/airflow/example_dags/example_branch_day_of_week_operator.py took 0.179 seconds
[2025-08-07T16:35:08.111+0700] {processor.py:157} INFO - Started process (PID=127652) to work on /home/dwmhr/pln/venv/lib/python3.10/site-packages/airflow/example_dags/example_branch_day_of_week_operator.py
[2025-08-07T16:35:08.114+0700] {processor.py:829} INFO - Processing file /home/dwmhr/pln/venv/lib/python3.10/site-packages/airflow/example_dags/example_branch_day_of_week_operator.py for tasks to queue
[2025-08-07T16:35:08.116+0700] {logging_mixin.py:154} INFO - [2025-08-07T16:35:08.115+0700] {dagbag.py:536} INFO - Filling up the DagBag from /home/dwmhr/pln/venv/lib/python3.10/site-packages/airflow/example_dags/example_branch_day_of_week_operator.py
[2025-08-07T16:35:08.133+0700] {processor.py:839} INFO - DAG(s) dict_keys(['example_weekday_branch_operator']) retrieved from /home/dwmhr/pln/venv/lib/python3.10/site-packages/airflow/example_dags/example_branch_day_of_week_operator.py
[2025-08-07T16:35:08.170+0700] {logging_mixin.py:154} INFO - [2025-08-07T16:35:08.170+0700] {dag.py:2941} INFO - Sync 1 DAGs
[2025-08-07T16:35:08.214+0700] {logging_mixin.py:154} INFO - [2025-08-07T16:35:08.214+0700] {dag.py:3722} INFO - Setting next_dagrun for example_weekday_branch_operator to 2025-08-06T00:00:00+00:00, run_after=2025-08-07T00:00:00+00:00
[2025-08-07T16:35:08.267+0700] {processor.py:179} INFO - Processing /home/dwmhr/pln/venv/lib/python3.10/site-packages/airflow/example_dags/example_branch_day_of_week_operator.py took 0.164 seconds
[2025-08-07T16:35:56.245+0700] {processor.py:157} INFO - Started process (PID=127845) to work on /home/dwmhr/pln/venv/lib/python3.10/site-packages/airflow/example_dags/example_branch_day_of_week_operator.py
[2025-08-07T16:35:56.250+0700] {processor.py:829} INFO - Processing file /home/dwmhr/pln/venv/lib/python3.10/site-packages/airflow/example_dags/example_branch_day_of_week_operator.py for tasks to queue
[2025-08-07T16:35:56.251+0700] {logging_mixin.py:154} INFO - [2025-08-07T16:35:56.251+0700] {dagbag.py:536} INFO - Filling up the DagBag from /home/dwmhr/pln/venv/lib/python3.10/site-packages/airflow/example_dags/example_branch_day_of_week_operator.py
[2025-08-07T16:35:56.258+0700] {processor.py:839} INFO - DAG(s) dict_keys(['example_weekday_branch_operator']) retrieved from /home/dwmhr/pln/venv/lib/python3.10/site-packages/airflow/example_dags/example_branch_day_of_week_operator.py
[2025-08-07T16:35:56.273+0700] {logging_mixin.py:154} INFO - [2025-08-07T16:35:56.273+0700] {dag.py:2941} INFO - Sync 1 DAGs
[2025-08-07T16:35:56.288+0700] {logging_mixin.py:154} INFO - [2025-08-07T16:35:56.288+0700] {dag.py:3722} INFO - Setting next_dagrun for example_weekday_branch_operator to 2025-08-06T00:00:00+00:00, run_after=2025-08-07T00:00:00+00:00
[2025-08-07T16:35:56.307+0700] {processor.py:179} INFO - Processing /home/dwmhr/pln/venv/lib/python3.10/site-packages/airflow/example_dags/example_branch_day_of_week_operator.py took 0.066 seconds
[2025-08-07T16:36:51.912+0700] {processor.py:157} INFO - Started process (PID=128096) to work on /home/dwmhr/pln/venv/lib/python3.10/site-packages/airflow/example_dags/example_branch_day_of_week_operator.py
[2025-08-07T16:36:51.923+0700] {processor.py:829} INFO - Processing file /home/dwmhr/pln/venv/lib/python3.10/site-packages/airflow/example_dags/example_branch_day_of_week_operator.py for tasks to queue
[2025-08-07T16:36:51.924+0700] {logging_mixin.py:154} INFO - [2025-08-07T16:36:51.923+0700] {dagbag.py:536} INFO - Filling up the DagBag from /home/dwmhr/pln/venv/lib/python3.10/site-packages/airflow/example_dags/example_branch_day_of_week_operator.py
[2025-08-07T16:36:51.932+0700] {processor.py:839} INFO - DAG(s) dict_keys(['example_weekday_branch_operator']) retrieved from /home/dwmhr/pln/venv/lib/python3.10/site-packages/airflow/example_dags/example_branch_day_of_week_operator.py
[2025-08-07T16:36:51.948+0700] {logging_mixin.py:154} INFO - [2025-08-07T16:36:51.948+0700] {dag.py:2941} INFO - Sync 1 DAGs
[2025-08-07T16:36:51.964+0700] {logging_mixin.py:154} INFO - [2025-08-07T16:36:51.964+0700] {dag.py:3722} INFO - Setting next_dagrun for example_weekday_branch_operator to 2025-08-06T00:00:00+00:00, run_after=2025-08-07T00:00:00+00:00
[2025-08-07T16:36:51.985+0700] {processor.py:179} INFO - Processing /home/dwmhr/pln/venv/lib/python3.10/site-packages/airflow/example_dags/example_branch_day_of_week_operator.py took 0.076 seconds
[2025-08-07T16:38:08.776+0700] {processor.py:157} INFO - Started process (PID=128427) to work on /home/dwmhr/pln/venv/lib/python3.10/site-packages/airflow/example_dags/example_branch_day_of_week_operator.py
[2025-08-07T16:38:08.779+0700] {processor.py:829} INFO - Processing file /home/dwmhr/pln/venv/lib/python3.10/site-packages/airflow/example_dags/example_branch_day_of_week_operator.py for tasks to queue
[2025-08-07T16:38:08.783+0700] {logging_mixin.py:154} INFO - [2025-08-07T16:38:08.781+0700] {dagbag.py:536} INFO - Filling up the DagBag from /home/dwmhr/pln/venv/lib/python3.10/site-packages/airflow/example_dags/example_branch_day_of_week_operator.py
[2025-08-07T16:38:08.805+0700] {processor.py:839} INFO - DAG(s) dict_keys(['example_weekday_branch_operator']) retrieved from /home/dwmhr/pln/venv/lib/python3.10/site-packages/airflow/example_dags/example_branch_day_of_week_operator.py
[2025-08-07T16:38:08.848+0700] {logging_mixin.py:154} INFO - [2025-08-07T16:38:08.847+0700] {dag.py:2941} INFO - Sync 1 DAGs
[2025-08-07T16:38:08.889+0700] {logging_mixin.py:154} INFO - [2025-08-07T16:38:08.889+0700] {dag.py:3722} INFO - Setting next_dagrun for example_weekday_branch_operator to 2025-08-06T00:00:00+00:00, run_after=2025-08-07T00:00:00+00:00
[2025-08-07T16:38:08.944+0700] {processor.py:179} INFO - Processing /home/dwmhr/pln/venv/lib/python3.10/site-packages/airflow/example_dags/example_branch_day_of_week_operator.py took 0.178 seconds
[2025-08-07T16:39:10.046+0700] {processor.py:157} INFO - Started process (PID=128672) to work on /home/dwmhr/pln/venv/lib/python3.10/site-packages/airflow/example_dags/example_branch_day_of_week_operator.py
[2025-08-07T16:39:10.052+0700] {processor.py:829} INFO - Processing file /home/dwmhr/pln/venv/lib/python3.10/site-packages/airflow/example_dags/example_branch_day_of_week_operator.py for tasks to queue
[2025-08-07T16:39:10.055+0700] {logging_mixin.py:154} INFO - [2025-08-07T16:39:10.054+0700] {dagbag.py:536} INFO - Filling up the DagBag from /home/dwmhr/pln/venv/lib/python3.10/site-packages/airflow/example_dags/example_branch_day_of_week_operator.py
[2025-08-07T16:39:10.081+0700] {processor.py:839} INFO - DAG(s) dict_keys(['example_weekday_branch_operator']) retrieved from /home/dwmhr/pln/venv/lib/python3.10/site-packages/airflow/example_dags/example_branch_day_of_week_operator.py
[2025-08-07T16:39:10.132+0700] {logging_mixin.py:154} INFO - [2025-08-07T16:39:10.131+0700] {dag.py:2941} INFO - Sync 1 DAGs
[2025-08-07T16:39:10.184+0700] {logging_mixin.py:154} INFO - [2025-08-07T16:39:10.184+0700] {dag.py:3722} INFO - Setting next_dagrun for example_weekday_branch_operator to 2025-08-06T00:00:00+00:00, run_after=2025-08-07T00:00:00+00:00
[2025-08-07T16:39:10.223+0700] {processor.py:179} INFO - Processing /home/dwmhr/pln/venv/lib/python3.10/site-packages/airflow/example_dags/example_branch_day_of_week_operator.py took 0.190 seconds
[2025-08-07T16:40:19.327+0700] {processor.py:157} INFO - Started process (PID=128925) to work on /home/dwmhr/pln/venv/lib/python3.10/site-packages/airflow/example_dags/example_branch_day_of_week_operator.py
[2025-08-07T16:40:19.330+0700] {processor.py:829} INFO - Processing file /home/dwmhr/pln/venv/lib/python3.10/site-packages/airflow/example_dags/example_branch_day_of_week_operator.py for tasks to queue
[2025-08-07T16:40:19.331+0700] {logging_mixin.py:154} INFO - [2025-08-07T16:40:19.331+0700] {dagbag.py:536} INFO - Filling up the DagBag from /home/dwmhr/pln/venv/lib/python3.10/site-packages/airflow/example_dags/example_branch_day_of_week_operator.py
[2025-08-07T16:40:19.346+0700] {processor.py:839} INFO - DAG(s) dict_keys(['example_weekday_branch_operator']) retrieved from /home/dwmhr/pln/venv/lib/python3.10/site-packages/airflow/example_dags/example_branch_day_of_week_operator.py
[2025-08-07T16:40:19.379+0700] {logging_mixin.py:154} INFO - [2025-08-07T16:40:19.378+0700] {dag.py:2941} INFO - Sync 1 DAGs
[2025-08-07T16:40:19.413+0700] {logging_mixin.py:154} INFO - [2025-08-07T16:40:19.413+0700] {dag.py:3722} INFO - Setting next_dagrun for example_weekday_branch_operator to 2025-08-06T00:00:00+00:00, run_after=2025-08-07T00:00:00+00:00
[2025-08-07T16:40:19.451+0700] {processor.py:179} INFO - Processing /home/dwmhr/pln/venv/lib/python3.10/site-packages/airflow/example_dags/example_branch_day_of_week_operator.py took 0.131 seconds
[2025-08-07T16:41:26.186+0700] {processor.py:157} INFO - Started process (PID=129226) to work on /home/dwmhr/pln/venv/lib/python3.10/site-packages/airflow/example_dags/example_branch_day_of_week_operator.py
[2025-08-07T16:41:26.201+0700] {processor.py:829} INFO - Processing file /home/dwmhr/pln/venv/lib/python3.10/site-packages/airflow/example_dags/example_branch_day_of_week_operator.py for tasks to queue
[2025-08-07T16:41:26.202+0700] {logging_mixin.py:154} INFO - [2025-08-07T16:41:26.202+0700] {dagbag.py:536} INFO - Filling up the DagBag from /home/dwmhr/pln/venv/lib/python3.10/site-packages/airflow/example_dags/example_branch_day_of_week_operator.py
[2025-08-07T16:41:26.213+0700] {processor.py:839} INFO - DAG(s) dict_keys(['example_weekday_branch_operator']) retrieved from /home/dwmhr/pln/venv/lib/python3.10/site-packages/airflow/example_dags/example_branch_day_of_week_operator.py
[2025-08-07T16:41:26.236+0700] {logging_mixin.py:154} INFO - [2025-08-07T16:41:26.235+0700] {dag.py:2941} INFO - Sync 1 DAGs
[2025-08-07T16:41:26.260+0700] {logging_mixin.py:154} INFO - [2025-08-07T16:41:26.260+0700] {dag.py:3722} INFO - Setting next_dagrun for example_weekday_branch_operator to 2025-08-06T00:00:00+00:00, run_after=2025-08-07T00:00:00+00:00
[2025-08-07T16:41:26.311+0700] {processor.py:179} INFO - Processing /home/dwmhr/pln/venv/lib/python3.10/site-packages/airflow/example_dags/example_branch_day_of_week_operator.py took 0.129 seconds
[2025-08-07T16:42:32.141+0700] {processor.py:157} INFO - Started process (PID=129523) to work on /home/dwmhr/pln/venv/lib/python3.10/site-packages/airflow/example_dags/example_branch_day_of_week_operator.py
[2025-08-07T16:42:32.146+0700] {processor.py:829} INFO - Processing file /home/dwmhr/pln/venv/lib/python3.10/site-packages/airflow/example_dags/example_branch_day_of_week_operator.py for tasks to queue
[2025-08-07T16:42:32.150+0700] {logging_mixin.py:154} INFO - [2025-08-07T16:42:32.149+0700] {dagbag.py:536} INFO - Filling up the DagBag from /home/dwmhr/pln/venv/lib/python3.10/site-packages/airflow/example_dags/example_branch_day_of_week_operator.py
[2025-08-07T16:42:32.198+0700] {processor.py:839} INFO - DAG(s) dict_keys(['example_weekday_branch_operator']) retrieved from /home/dwmhr/pln/venv/lib/python3.10/site-packages/airflow/example_dags/example_branch_day_of_week_operator.py
[2025-08-07T16:42:32.302+0700] {logging_mixin.py:154} INFO - [2025-08-07T16:42:32.301+0700] {dag.py:2941} INFO - Sync 1 DAGs
[2025-08-07T16:42:32.409+0700] {logging_mixin.py:154} INFO - [2025-08-07T16:42:32.408+0700] {dag.py:3722} INFO - Setting next_dagrun for example_weekday_branch_operator to 2025-08-06T00:00:00+00:00, run_after=2025-08-07T00:00:00+00:00
[2025-08-07T16:42:32.530+0700] {processor.py:179} INFO - Processing /home/dwmhr/pln/venv/lib/python3.10/site-packages/airflow/example_dags/example_branch_day_of_week_operator.py took 0.408 seconds
[2025-08-07T16:43:55.356+0700] {processor.py:157} INFO - Started process (PID=129849) to work on /home/dwmhr/pln/venv/lib/python3.10/site-packages/airflow/example_dags/example_branch_day_of_week_operator.py
[2025-08-07T16:43:55.359+0700] {processor.py:829} INFO - Processing file /home/dwmhr/pln/venv/lib/python3.10/site-packages/airflow/example_dags/example_branch_day_of_week_operator.py for tasks to queue
[2025-08-07T16:43:55.361+0700] {logging_mixin.py:154} INFO - [2025-08-07T16:43:55.360+0700] {dagbag.py:536} INFO - Filling up the DagBag from /home/dwmhr/pln/venv/lib/python3.10/site-packages/airflow/example_dags/example_branch_day_of_week_operator.py
[2025-08-07T16:43:55.373+0700] {processor.py:839} INFO - DAG(s) dict_keys(['example_weekday_branch_operator']) retrieved from /home/dwmhr/pln/venv/lib/python3.10/site-packages/airflow/example_dags/example_branch_day_of_week_operator.py
[2025-08-07T16:43:55.406+0700] {logging_mixin.py:154} INFO - [2025-08-07T16:43:55.406+0700] {dag.py:2941} INFO - Sync 1 DAGs
[2025-08-07T16:43:55.439+0700] {logging_mixin.py:154} INFO - [2025-08-07T16:43:55.439+0700] {dag.py:3722} INFO - Setting next_dagrun for example_weekday_branch_operator to 2025-08-06T00:00:00+00:00, run_after=2025-08-07T00:00:00+00:00
[2025-08-07T16:43:55.477+0700] {processor.py:179} INFO - Processing /home/dwmhr/pln/venv/lib/python3.10/site-packages/airflow/example_dags/example_branch_day_of_week_operator.py took 0.130 seconds
[2025-08-07T16:44:55.740+0700] {processor.py:157} INFO - Started process (PID=130111) to work on /home/dwmhr/pln/venv/lib/python3.10/site-packages/airflow/example_dags/example_branch_day_of_week_operator.py
[2025-08-07T16:44:55.741+0700] {processor.py:829} INFO - Processing file /home/dwmhr/pln/venv/lib/python3.10/site-packages/airflow/example_dags/example_branch_day_of_week_operator.py for tasks to queue
[2025-08-07T16:44:55.742+0700] {logging_mixin.py:154} INFO - [2025-08-07T16:44:55.742+0700] {dagbag.py:536} INFO - Filling up the DagBag from /home/dwmhr/pln/venv/lib/python3.10/site-packages/airflow/example_dags/example_branch_day_of_week_operator.py
[2025-08-07T16:44:55.748+0700] {processor.py:839} INFO - DAG(s) dict_keys(['example_weekday_branch_operator']) retrieved from /home/dwmhr/pln/venv/lib/python3.10/site-packages/airflow/example_dags/example_branch_day_of_week_operator.py
[2025-08-07T16:44:55.763+0700] {logging_mixin.py:154} INFO - [2025-08-07T16:44:55.763+0700] {dag.py:2941} INFO - Sync 1 DAGs
[2025-08-07T16:44:55.777+0700] {logging_mixin.py:154} INFO - [2025-08-07T16:44:55.777+0700] {dag.py:3722} INFO - Setting next_dagrun for example_weekday_branch_operator to 2025-08-06T00:00:00+00:00, run_after=2025-08-07T00:00:00+00:00
[2025-08-07T16:44:55.796+0700] {processor.py:179} INFO - Processing /home/dwmhr/pln/venv/lib/python3.10/site-packages/airflow/example_dags/example_branch_day_of_week_operator.py took 0.059 seconds
[2025-08-07T16:45:59.541+0700] {processor.py:157} INFO - Started process (PID=130421) to work on /home/dwmhr/pln/venv/lib/python3.10/site-packages/airflow/example_dags/example_branch_day_of_week_operator.py
[2025-08-07T16:45:59.554+0700] {processor.py:829} INFO - Processing file /home/dwmhr/pln/venv/lib/python3.10/site-packages/airflow/example_dags/example_branch_day_of_week_operator.py for tasks to queue
[2025-08-07T16:45:59.555+0700] {logging_mixin.py:154} INFO - [2025-08-07T16:45:59.554+0700] {dagbag.py:536} INFO - Filling up the DagBag from /home/dwmhr/pln/venv/lib/python3.10/site-packages/airflow/example_dags/example_branch_day_of_week_operator.py
[2025-08-07T16:45:59.561+0700] {processor.py:839} INFO - DAG(s) dict_keys(['example_weekday_branch_operator']) retrieved from /home/dwmhr/pln/venv/lib/python3.10/site-packages/airflow/example_dags/example_branch_day_of_week_operator.py
[2025-08-07T16:45:59.575+0700] {logging_mixin.py:154} INFO - [2025-08-07T16:45:59.575+0700] {dag.py:2941} INFO - Sync 1 DAGs
[2025-08-07T16:45:59.588+0700] {logging_mixin.py:154} INFO - [2025-08-07T16:45:59.588+0700] {dag.py:3722} INFO - Setting next_dagrun for example_weekday_branch_operator to 2025-08-06T00:00:00+00:00, run_after=2025-08-07T00:00:00+00:00
[2025-08-07T16:45:59.606+0700] {processor.py:179} INFO - Processing /home/dwmhr/pln/venv/lib/python3.10/site-packages/airflow/example_dags/example_branch_day_of_week_operator.py took 0.068 seconds
[2025-08-07T16:47:13.398+0700] {processor.py:157} INFO - Started process (PID=130740) to work on /home/dwmhr/pln/venv/lib/python3.10/site-packages/airflow/example_dags/example_branch_day_of_week_operator.py
[2025-08-07T16:47:13.400+0700] {processor.py:829} INFO - Processing file /home/dwmhr/pln/venv/lib/python3.10/site-packages/airflow/example_dags/example_branch_day_of_week_operator.py for tasks to queue
[2025-08-07T16:47:13.400+0700] {logging_mixin.py:154} INFO - [2025-08-07T16:47:13.400+0700] {dagbag.py:536} INFO - Filling up the DagBag from /home/dwmhr/pln/venv/lib/python3.10/site-packages/airflow/example_dags/example_branch_day_of_week_operator.py
[2025-08-07T16:47:13.406+0700] {processor.py:839} INFO - DAG(s) dict_keys(['example_weekday_branch_operator']) retrieved from /home/dwmhr/pln/venv/lib/python3.10/site-packages/airflow/example_dags/example_branch_day_of_week_operator.py
[2025-08-07T16:47:13.419+0700] {logging_mixin.py:154} INFO - [2025-08-07T16:47:13.419+0700] {dag.py:2941} INFO - Sync 1 DAGs
[2025-08-07T16:47:13.433+0700] {logging_mixin.py:154} INFO - [2025-08-07T16:47:13.433+0700] {dag.py:3722} INFO - Setting next_dagrun for example_weekday_branch_operator to 2025-08-06T00:00:00+00:00, run_after=2025-08-07T00:00:00+00:00
[2025-08-07T16:47:13.450+0700] {processor.py:179} INFO - Processing /home/dwmhr/pln/venv/lib/python3.10/site-packages/airflow/example_dags/example_branch_day_of_week_operator.py took 0.055 seconds
[2025-08-07T16:48:26.111+0700] {processor.py:157} INFO - Started process (PID=131036) to work on /home/dwmhr/pln/venv/lib/python3.10/site-packages/airflow/example_dags/example_branch_day_of_week_operator.py
[2025-08-07T16:48:26.115+0700] {processor.py:829} INFO - Processing file /home/dwmhr/pln/venv/lib/python3.10/site-packages/airflow/example_dags/example_branch_day_of_week_operator.py for tasks to queue
[2025-08-07T16:48:26.118+0700] {logging_mixin.py:154} INFO - [2025-08-07T16:48:26.117+0700] {dagbag.py:536} INFO - Filling up the DagBag from /home/dwmhr/pln/venv/lib/python3.10/site-packages/airflow/example_dags/example_branch_day_of_week_operator.py
[2025-08-07T16:48:26.141+0700] {processor.py:839} INFO - DAG(s) dict_keys(['example_weekday_branch_operator']) retrieved from /home/dwmhr/pln/venv/lib/python3.10/site-packages/airflow/example_dags/example_branch_day_of_week_operator.py
[2025-08-07T16:48:26.189+0700] {logging_mixin.py:154} INFO - [2025-08-07T16:48:26.189+0700] {dag.py:2941} INFO - Sync 1 DAGs
[2025-08-07T16:48:26.244+0700] {logging_mixin.py:154} INFO - [2025-08-07T16:48:26.244+0700] {dag.py:3722} INFO - Setting next_dagrun for example_weekday_branch_operator to 2025-08-06T00:00:00+00:00, run_after=2025-08-07T00:00:00+00:00
[2025-08-07T16:48:26.324+0700] {processor.py:179} INFO - Processing /home/dwmhr/pln/venv/lib/python3.10/site-packages/airflow/example_dags/example_branch_day_of_week_operator.py took 0.222 seconds
[2025-08-07T16:49:15.196+0700] {processor.py:157} INFO - Started process (PID=131251) to work on /home/dwmhr/pln/venv/lib/python3.10/site-packages/airflow/example_dags/example_branch_day_of_week_operator.py
[2025-08-07T16:49:15.210+0700] {processor.py:829} INFO - Processing file /home/dwmhr/pln/venv/lib/python3.10/site-packages/airflow/example_dags/example_branch_day_of_week_operator.py for tasks to queue
[2025-08-07T16:49:15.211+0700] {logging_mixin.py:154} INFO - [2025-08-07T16:49:15.211+0700] {dagbag.py:536} INFO - Filling up the DagBag from /home/dwmhr/pln/venv/lib/python3.10/site-packages/airflow/example_dags/example_branch_day_of_week_operator.py
[2025-08-07T16:49:15.225+0700] {processor.py:839} INFO - DAG(s) dict_keys(['example_weekday_branch_operator']) retrieved from /home/dwmhr/pln/venv/lib/python3.10/site-packages/airflow/example_dags/example_branch_day_of_week_operator.py
[2025-08-07T16:49:15.251+0700] {logging_mixin.py:154} INFO - [2025-08-07T16:49:15.251+0700] {dag.py:2941} INFO - Sync 1 DAGs
[2025-08-07T16:49:15.278+0700] {logging_mixin.py:154} INFO - [2025-08-07T16:49:15.278+0700] {dag.py:3722} INFO - Setting next_dagrun for example_weekday_branch_operator to 2025-08-06T00:00:00+00:00, run_after=2025-08-07T00:00:00+00:00
[2025-08-07T16:49:15.325+0700] {processor.py:179} INFO - Processing /home/dwmhr/pln/venv/lib/python3.10/site-packages/airflow/example_dags/example_branch_day_of_week_operator.py took 0.139 seconds
