[2025-08-07T15:45:45.212+0700] {processor.py:157} INFO - Started process (PID=113412) to work on /home/dwmhr/pln/venv/lib/python3.10/site-packages/airflow/example_dags/example_sensor_decorator.py
[2025-08-07T15:45:45.215+0700] {processor.py:829} INFO - Processing file /home/dwmhr/pln/venv/lib/python3.10/site-packages/airflow/example_dags/example_sensor_decorator.py for tasks to queue
[2025-08-07T15:45:45.217+0700] {logging_mixin.py:154} INFO - [2025-08-07T15:45:45.216+0700] {dagbag.py:536} INFO - Filling up the DagBag from /home/dwmhr/pln/venv/lib/python3.10/site-packages/airflow/example_dags/example_sensor_decorator.py
[2025-08-07T15:45:45.238+0700] {processor.py:839} INFO - DAG(s) dict_keys(['example_sensor_decorator']) retrieved from /home/dwmhr/pln/venv/lib/python3.10/site-packages/airflow/example_dags/example_sensor_decorator.py
[2025-08-07T15:45:45.530+0700] {logging_mixin.py:154} INFO - [2025-08-07T15:45:45.529+0700] {manager.py:499} INFO - Created Permission View: %s
[2025-08-07T15:45:45.576+0700] {logging_mixin.py:154} INFO - [2025-08-07T15:45:45.576+0700] {manager.py:499} INFO - Created Permission View: %s
[2025-08-07T15:45:45.604+0700] {logging_mixin.py:154} INFO - [2025-08-07T15:45:45.604+0700] {manager.py:499} INFO - Created Permission View: %s
[2025-08-07T15:45:45.605+0700] {logging_mixin.py:154} INFO - [2025-08-07T15:45:45.605+0700] {dag.py:2941} INFO - Sync 1 DAGs
[2025-08-07T15:45:45.636+0700] {logging_mixin.py:154} INFO - [2025-08-07T15:45:45.636+0700] {dag.py:2963} INFO - Creating ORM DAG for example_sensor_decorator
[2025-08-07T15:45:45.638+0700] {logging_mixin.py:154} INFO - [2025-08-07T15:45:45.638+0700] {dag.py:3722} INFO - Setting next_dagrun for example_sensor_decorator to None, run_after=None
[2025-08-07T15:45:45.693+0700] {processor.py:179} INFO - Processing /home/dwmhr/pln/venv/lib/python3.10/site-packages/airflow/example_dags/example_sensor_decorator.py took 0.492 seconds
[2025-08-07T15:46:43.140+0700] {processor.py:157} INFO - Started process (PID=113718) to work on /home/dwmhr/pln/venv/lib/python3.10/site-packages/airflow/example_dags/example_sensor_decorator.py
[2025-08-07T15:46:43.153+0700] {processor.py:829} INFO - Processing file /home/dwmhr/pln/venv/lib/python3.10/site-packages/airflow/example_dags/example_sensor_decorator.py for tasks to queue
[2025-08-07T15:46:43.154+0700] {logging_mixin.py:154} INFO - [2025-08-07T15:46:43.154+0700] {dagbag.py:536} INFO - Filling up the DagBag from /home/dwmhr/pln/venv/lib/python3.10/site-packages/airflow/example_dags/example_sensor_decorator.py
[2025-08-07T15:46:43.165+0700] {processor.py:839} INFO - DAG(s) dict_keys(['example_sensor_decorator']) retrieved from /home/dwmhr/pln/venv/lib/python3.10/site-packages/airflow/example_dags/example_sensor_decorator.py
[2025-08-07T15:46:43.191+0700] {logging_mixin.py:154} INFO - [2025-08-07T15:46:43.190+0700] {dag.py:2941} INFO - Sync 1 DAGs
[2025-08-07T15:46:43.207+0700] {logging_mixin.py:154} INFO - [2025-08-07T15:46:43.207+0700] {dag.py:3722} INFO - Setting next_dagrun for example_sensor_decorator to None, run_after=None
[2025-08-07T15:46:43.242+0700] {processor.py:179} INFO - Processing /home/dwmhr/pln/venv/lib/python3.10/site-packages/airflow/example_dags/example_sensor_decorator.py took 0.107 seconds
[2025-08-07T15:47:39.140+0700] {processor.py:157} INFO - Started process (PID=114023) to work on /home/dwmhr/pln/venv/lib/python3.10/site-packages/airflow/example_dags/example_sensor_decorator.py
[2025-08-07T15:47:39.143+0700] {processor.py:829} INFO - Processing file /home/dwmhr/pln/venv/lib/python3.10/site-packages/airflow/example_dags/example_sensor_decorator.py for tasks to queue
[2025-08-07T15:47:39.145+0700] {logging_mixin.py:154} INFO - [2025-08-07T15:47:39.144+0700] {dagbag.py:536} INFO - Filling up the DagBag from /home/dwmhr/pln/venv/lib/python3.10/site-packages/airflow/example_dags/example_sensor_decorator.py
[2025-08-07T15:47:39.159+0700] {processor.py:839} INFO - DAG(s) dict_keys(['example_sensor_decorator']) retrieved from /home/dwmhr/pln/venv/lib/python3.10/site-packages/airflow/example_dags/example_sensor_decorator.py
[2025-08-07T15:47:39.201+0700] {logging_mixin.py:154} INFO - [2025-08-07T15:47:39.201+0700] {dag.py:2941} INFO - Sync 1 DAGs
[2025-08-07T15:47:39.235+0700] {logging_mixin.py:154} INFO - [2025-08-07T15:47:39.235+0700] {dag.py:3722} INFO - Setting next_dagrun for example_sensor_decorator to None, run_after=None
[2025-08-07T15:47:39.284+0700] {processor.py:179} INFO - Processing /home/dwmhr/pln/venv/lib/python3.10/site-packages/airflow/example_dags/example_sensor_decorator.py took 0.150 seconds
[2025-08-07T15:48:33.945+0700] {processor.py:157} INFO - Started process (PID=114302) to work on /home/dwmhr/pln/venv/lib/python3.10/site-packages/airflow/example_dags/example_sensor_decorator.py
[2025-08-07T15:48:33.957+0700] {processor.py:829} INFO - Processing file /home/dwmhr/pln/venv/lib/python3.10/site-packages/airflow/example_dags/example_sensor_decorator.py for tasks to queue
[2025-08-07T15:48:33.958+0700] {logging_mixin.py:154} INFO - [2025-08-07T15:48:33.958+0700] {dagbag.py:536} INFO - Filling up the DagBag from /home/dwmhr/pln/venv/lib/python3.10/site-packages/airflow/example_dags/example_sensor_decorator.py
[2025-08-07T15:48:33.963+0700] {processor.py:839} INFO - DAG(s) dict_keys(['example_sensor_decorator']) retrieved from /home/dwmhr/pln/venv/lib/python3.10/site-packages/airflow/example_dags/example_sensor_decorator.py
[2025-08-07T15:48:33.976+0700] {logging_mixin.py:154} INFO - [2025-08-07T15:48:33.976+0700] {dag.py:2941} INFO - Sync 1 DAGs
[2025-08-07T15:48:33.984+0700] {logging_mixin.py:154} INFO - [2025-08-07T15:48:33.984+0700] {dag.py:3722} INFO - Setting next_dagrun for example_sensor_decorator to None, run_after=None
[2025-08-07T15:48:34.001+0700] {processor.py:179} INFO - Processing /home/dwmhr/pln/venv/lib/python3.10/site-packages/airflow/example_dags/example_sensor_decorator.py took 0.059 seconds
[2025-08-07T15:49:45.428+0700] {processor.py:157} INFO - Started process (PID=114654) to work on /home/dwmhr/pln/venv/lib/python3.10/site-packages/airflow/example_dags/example_sensor_decorator.py
[2025-08-07T15:49:45.432+0700] {processor.py:829} INFO - Processing file /home/dwmhr/pln/venv/lib/python3.10/site-packages/airflow/example_dags/example_sensor_decorator.py for tasks to queue
[2025-08-07T15:49:45.434+0700] {logging_mixin.py:154} INFO - [2025-08-07T15:49:45.433+0700] {dagbag.py:536} INFO - Filling up the DagBag from /home/dwmhr/pln/venv/lib/python3.10/site-packages/airflow/example_dags/example_sensor_decorator.py
[2025-08-07T15:49:45.455+0700] {processor.py:839} INFO - DAG(s) dict_keys(['example_sensor_decorator']) retrieved from /home/dwmhr/pln/venv/lib/python3.10/site-packages/airflow/example_dags/example_sensor_decorator.py
[2025-08-07T15:49:45.514+0700] {logging_mixin.py:154} INFO - [2025-08-07T15:49:45.513+0700] {dag.py:2941} INFO - Sync 1 DAGs
[2025-08-07T15:49:45.552+0700] {logging_mixin.py:154} INFO - [2025-08-07T15:49:45.551+0700] {dag.py:3722} INFO - Setting next_dagrun for example_sensor_decorator to None, run_after=None
[2025-08-07T15:49:45.635+0700] {processor.py:179} INFO - Processing /home/dwmhr/pln/venv/lib/python3.10/site-packages/airflow/example_dags/example_sensor_decorator.py took 0.216 seconds
[2025-08-07T15:51:08.402+0700] {processor.py:157} INFO - Started process (PID=115107) to work on /home/dwmhr/pln/venv/lib/python3.10/site-packages/airflow/example_dags/example_sensor_decorator.py
[2025-08-07T15:51:08.406+0700] {processor.py:829} INFO - Processing file /home/dwmhr/pln/venv/lib/python3.10/site-packages/airflow/example_dags/example_sensor_decorator.py for tasks to queue
[2025-08-07T15:51:08.409+0700] {logging_mixin.py:154} INFO - [2025-08-07T15:51:08.408+0700] {dagbag.py:536} INFO - Filling up the DagBag from /home/dwmhr/pln/venv/lib/python3.10/site-packages/airflow/example_dags/example_sensor_decorator.py
[2025-08-07T15:51:08.430+0700] {processor.py:839} INFO - DAG(s) dict_keys(['example_sensor_decorator']) retrieved from /home/dwmhr/pln/venv/lib/python3.10/site-packages/airflow/example_dags/example_sensor_decorator.py
[2025-08-07T15:51:08.508+0700] {logging_mixin.py:154} INFO - [2025-08-07T15:51:08.508+0700] {dag.py:2941} INFO - Sync 1 DAGs
[2025-08-07T15:51:08.545+0700] {logging_mixin.py:154} INFO - [2025-08-07T15:51:08.544+0700] {dag.py:3722} INFO - Setting next_dagrun for example_sensor_decorator to None, run_after=None
[2025-08-07T15:51:08.633+0700] {processor.py:179} INFO - Processing /home/dwmhr/pln/venv/lib/python3.10/site-packages/airflow/example_dags/example_sensor_decorator.py took 0.242 seconds
[2025-08-07T15:53:29.546+0700] {processor.py:157} INFO - Started process (PID=115774) to work on /home/dwmhr/pln/venv/lib/python3.10/site-packages/airflow/example_dags/example_sensor_decorator.py
[2025-08-07T15:53:29.552+0700] {processor.py:829} INFO - Processing file /home/dwmhr/pln/venv/lib/python3.10/site-packages/airflow/example_dags/example_sensor_decorator.py for tasks to queue
[2025-08-07T15:53:29.553+0700] {logging_mixin.py:154} INFO - [2025-08-07T15:53:29.553+0700] {dagbag.py:536} INFO - Filling up the DagBag from /home/dwmhr/pln/venv/lib/python3.10/site-packages/airflow/example_dags/example_sensor_decorator.py
[2025-08-07T15:53:29.559+0700] {processor.py:839} INFO - DAG(s) dict_keys(['example_sensor_decorator']) retrieved from /home/dwmhr/pln/venv/lib/python3.10/site-packages/airflow/example_dags/example_sensor_decorator.py
[2025-08-07T15:53:29.576+0700] {logging_mixin.py:154} INFO - [2025-08-07T15:53:29.575+0700] {dag.py:2941} INFO - Sync 1 DAGs
[2025-08-07T15:53:29.588+0700] {logging_mixin.py:154} INFO - [2025-08-07T15:53:29.588+0700] {dag.py:3722} INFO - Setting next_dagrun for example_sensor_decorator to None, run_after=None
[2025-08-07T15:53:29.622+0700] {processor.py:179} INFO - Processing /home/dwmhr/pln/venv/lib/python3.10/site-packages/airflow/example_dags/example_sensor_decorator.py took 0.079 seconds
[2025-08-07T15:55:08.658+0700] {processor.py:157} INFO - Started process (PID=116232) to work on /home/dwmhr/pln/venv/lib/python3.10/site-packages/airflow/example_dags/example_sensor_decorator.py
[2025-08-07T15:55:08.696+0700] {processor.py:829} INFO - Processing file /home/dwmhr/pln/venv/lib/python3.10/site-packages/airflow/example_dags/example_sensor_decorator.py for tasks to queue
[2025-08-07T15:55:08.701+0700] {logging_mixin.py:154} INFO - [2025-08-07T15:55:08.699+0700] {dagbag.py:536} INFO - Filling up the DagBag from /home/dwmhr/pln/venv/lib/python3.10/site-packages/airflow/example_dags/example_sensor_decorator.py
[2025-08-07T15:55:08.787+0700] {processor.py:839} INFO - DAG(s) dict_keys(['example_sensor_decorator']) retrieved from /home/dwmhr/pln/venv/lib/python3.10/site-packages/airflow/example_dags/example_sensor_decorator.py
[2025-08-07T15:55:08.966+0700] {logging_mixin.py:154} INFO - [2025-08-07T15:55:08.965+0700] {dag.py:2941} INFO - Sync 1 DAGs
[2025-08-07T15:55:09.024+0700] {logging_mixin.py:154} INFO - [2025-08-07T15:55:09.023+0700] {dag.py:3722} INFO - Setting next_dagrun for example_sensor_decorator to None, run_after=None
[2025-08-07T15:55:09.128+0700] {processor.py:179} INFO - Processing /home/dwmhr/pln/venv/lib/python3.10/site-packages/airflow/example_dags/example_sensor_decorator.py took 0.523 seconds
[2025-08-07T15:56:32.544+0700] {processor.py:157} INFO - Started process (PID=116679) to work on /home/dwmhr/pln/venv/lib/python3.10/site-packages/airflow/example_dags/example_sensor_decorator.py
[2025-08-07T15:56:32.547+0700] {processor.py:829} INFO - Processing file /home/dwmhr/pln/venv/lib/python3.10/site-packages/airflow/example_dags/example_sensor_decorator.py for tasks to queue
[2025-08-07T15:56:32.549+0700] {logging_mixin.py:154} INFO - [2025-08-07T15:56:32.549+0700] {dagbag.py:536} INFO - Filling up the DagBag from /home/dwmhr/pln/venv/lib/python3.10/site-packages/airflow/example_dags/example_sensor_decorator.py
[2025-08-07T15:56:32.565+0700] {processor.py:839} INFO - DAG(s) dict_keys(['example_sensor_decorator']) retrieved from /home/dwmhr/pln/venv/lib/python3.10/site-packages/airflow/example_dags/example_sensor_decorator.py
[2025-08-07T15:56:32.606+0700] {logging_mixin.py:154} INFO - [2025-08-07T15:56:32.606+0700] {dag.py:2941} INFO - Sync 1 DAGs
[2025-08-07T15:56:32.633+0700] {logging_mixin.py:154} INFO - [2025-08-07T15:56:32.633+0700] {dag.py:3722} INFO - Setting next_dagrun for example_sensor_decorator to None, run_after=None
[2025-08-07T15:56:32.698+0700] {processor.py:179} INFO - Processing /home/dwmhr/pln/venv/lib/python3.10/site-packages/airflow/example_dags/example_sensor_decorator.py took 0.163 seconds
[2025-08-07T15:57:35.293+0700] {processor.py:157} INFO - Started process (PID=117013) to work on /home/dwmhr/pln/venv/lib/python3.10/site-packages/airflow/example_dags/example_sensor_decorator.py
[2025-08-07T15:57:35.296+0700] {processor.py:829} INFO - Processing file /home/dwmhr/pln/venv/lib/python3.10/site-packages/airflow/example_dags/example_sensor_decorator.py for tasks to queue
[2025-08-07T15:57:35.298+0700] {logging_mixin.py:154} INFO - [2025-08-07T15:57:35.297+0700] {dagbag.py:536} INFO - Filling up the DagBag from /home/dwmhr/pln/venv/lib/python3.10/site-packages/airflow/example_dags/example_sensor_decorator.py
[2025-08-07T15:57:35.312+0700] {processor.py:839} INFO - DAG(s) dict_keys(['example_sensor_decorator']) retrieved from /home/dwmhr/pln/venv/lib/python3.10/site-packages/airflow/example_dags/example_sensor_decorator.py
[2025-08-07T15:57:35.350+0700] {logging_mixin.py:154} INFO - [2025-08-07T15:57:35.349+0700] {dag.py:2941} INFO - Sync 1 DAGs
[2025-08-07T15:57:35.373+0700] {logging_mixin.py:154} INFO - [2025-08-07T15:57:35.372+0700] {dag.py:3722} INFO - Setting next_dagrun for example_sensor_decorator to None, run_after=None
[2025-08-07T15:57:35.438+0700] {processor.py:179} INFO - Processing /home/dwmhr/pln/venv/lib/python3.10/site-packages/airflow/example_dags/example_sensor_decorator.py took 0.153 seconds
[2025-08-07T16:00:07.199+0700] {processor.py:157} INFO - Started process (PID=117797) to work on /home/dwmhr/pln/venv/lib/python3.10/site-packages/airflow/example_dags/example_sensor_decorator.py
[2025-08-07T16:00:07.203+0700] {processor.py:829} INFO - Processing file /home/dwmhr/pln/venv/lib/python3.10/site-packages/airflow/example_dags/example_sensor_decorator.py for tasks to queue
[2025-08-07T16:00:07.206+0700] {logging_mixin.py:154} INFO - [2025-08-07T16:00:07.204+0700] {dagbag.py:536} INFO - Filling up the DagBag from /home/dwmhr/pln/venv/lib/python3.10/site-packages/airflow/example_dags/example_sensor_decorator.py
[2025-08-07T16:00:07.227+0700] {processor.py:839} INFO - DAG(s) dict_keys(['example_sensor_decorator']) retrieved from /home/dwmhr/pln/venv/lib/python3.10/site-packages/airflow/example_dags/example_sensor_decorator.py
[2025-08-07T16:00:07.293+0700] {logging_mixin.py:154} INFO - [2025-08-07T16:00:07.291+0700] {dag.py:2941} INFO - Sync 1 DAGs
[2025-08-07T16:00:07.333+0700] {logging_mixin.py:154} INFO - [2025-08-07T16:00:07.332+0700] {dag.py:3722} INFO - Setting next_dagrun for example_sensor_decorator to None, run_after=None
[2025-08-07T16:00:07.402+0700] {processor.py:179} INFO - Processing /home/dwmhr/pln/venv/lib/python3.10/site-packages/airflow/example_dags/example_sensor_decorator.py took 0.216 seconds
[2025-08-07T16:04:17.387+0700] {processor.py:157} INFO - Started process (PID=118926) to work on /home/dwmhr/pln/venv/lib/python3.10/site-packages/airflow/example_dags/example_sensor_decorator.py
[2025-08-07T16:04:17.391+0700] {processor.py:829} INFO - Processing file /home/dwmhr/pln/venv/lib/python3.10/site-packages/airflow/example_dags/example_sensor_decorator.py for tasks to queue
[2025-08-07T16:04:17.395+0700] {logging_mixin.py:154} INFO - [2025-08-07T16:04:17.394+0700] {dagbag.py:536} INFO - Filling up the DagBag from /home/dwmhr/pln/venv/lib/python3.10/site-packages/airflow/example_dags/example_sensor_decorator.py
[2025-08-07T16:04:17.424+0700] {processor.py:839} INFO - DAG(s) dict_keys(['example_sensor_decorator']) retrieved from /home/dwmhr/pln/venv/lib/python3.10/site-packages/airflow/example_dags/example_sensor_decorator.py
[2025-08-07T16:04:17.506+0700] {logging_mixin.py:154} INFO - [2025-08-07T16:04:17.505+0700] {dag.py:2941} INFO - Sync 1 DAGs
[2025-08-07T16:04:17.555+0700] {logging_mixin.py:154} INFO - [2025-08-07T16:04:17.554+0700] {dag.py:3722} INFO - Setting next_dagrun for example_sensor_decorator to None, run_after=None
[2025-08-07T16:04:17.648+0700] {processor.py:179} INFO - Processing /home/dwmhr/pln/venv/lib/python3.10/site-packages/airflow/example_dags/example_sensor_decorator.py took 0.276 seconds
[2025-08-07T16:05:18.769+0700] {processor.py:157} INFO - Started process (PID=119240) to work on /home/dwmhr/pln/venv/lib/python3.10/site-packages/airflow/example_dags/example_sensor_decorator.py
[2025-08-07T16:05:18.771+0700] {processor.py:829} INFO - Processing file /home/dwmhr/pln/venv/lib/python3.10/site-packages/airflow/example_dags/example_sensor_decorator.py for tasks to queue
[2025-08-07T16:05:18.772+0700] {logging_mixin.py:154} INFO - [2025-08-07T16:05:18.771+0700] {dagbag.py:536} INFO - Filling up the DagBag from /home/dwmhr/pln/venv/lib/python3.10/site-packages/airflow/example_dags/example_sensor_decorator.py
[2025-08-07T16:05:18.776+0700] {processor.py:839} INFO - DAG(s) dict_keys(['example_sensor_decorator']) retrieved from /home/dwmhr/pln/venv/lib/python3.10/site-packages/airflow/example_dags/example_sensor_decorator.py
[2025-08-07T16:05:18.790+0700] {logging_mixin.py:154} INFO - [2025-08-07T16:05:18.790+0700] {dag.py:2941} INFO - Sync 1 DAGs
[2025-08-07T16:05:18.799+0700] {logging_mixin.py:154} INFO - [2025-08-07T16:05:18.799+0700] {dag.py:3722} INFO - Setting next_dagrun for example_sensor_decorator to None, run_after=None
[2025-08-07T16:05:18.825+0700] {processor.py:179} INFO - Processing /home/dwmhr/pln/venv/lib/python3.10/site-packages/airflow/example_dags/example_sensor_decorator.py took 0.059 seconds
[2025-08-07T16:06:40.839+0700] {processor.py:157} INFO - Started process (PID=119659) to work on /home/dwmhr/pln/venv/lib/python3.10/site-packages/airflow/example_dags/example_sensor_decorator.py
[2025-08-07T16:06:40.844+0700] {processor.py:829} INFO - Processing file /home/dwmhr/pln/venv/lib/python3.10/site-packages/airflow/example_dags/example_sensor_decorator.py for tasks to queue
[2025-08-07T16:06:40.847+0700] {logging_mixin.py:154} INFO - [2025-08-07T16:06:40.846+0700] {dagbag.py:536} INFO - Filling up the DagBag from /home/dwmhr/pln/venv/lib/python3.10/site-packages/airflow/example_dags/example_sensor_decorator.py
[2025-08-07T16:06:40.870+0700] {processor.py:839} INFO - DAG(s) dict_keys(['example_sensor_decorator']) retrieved from /home/dwmhr/pln/venv/lib/python3.10/site-packages/airflow/example_dags/example_sensor_decorator.py
[2025-08-07T16:06:40.931+0700] {logging_mixin.py:154} INFO - [2025-08-07T16:06:40.929+0700] {dag.py:2941} INFO - Sync 1 DAGs
[2025-08-07T16:06:40.974+0700] {logging_mixin.py:154} INFO - [2025-08-07T16:06:40.974+0700] {dag.py:3722} INFO - Setting next_dagrun for example_sensor_decorator to None, run_after=None
[2025-08-07T16:06:41.065+0700] {processor.py:179} INFO - Processing /home/dwmhr/pln/venv/lib/python3.10/site-packages/airflow/example_dags/example_sensor_decorator.py took 0.237 seconds
[2025-08-07T16:07:55.012+0700] {processor.py:157} INFO - Started process (PID=120019) to work on /home/dwmhr/pln/venv/lib/python3.10/site-packages/airflow/example_dags/example_sensor_decorator.py
[2025-08-07T16:07:55.015+0700] {processor.py:829} INFO - Processing file /home/dwmhr/pln/venv/lib/python3.10/site-packages/airflow/example_dags/example_sensor_decorator.py for tasks to queue
[2025-08-07T16:07:55.018+0700] {logging_mixin.py:154} INFO - [2025-08-07T16:07:55.017+0700] {dagbag.py:536} INFO - Filling up the DagBag from /home/dwmhr/pln/venv/lib/python3.10/site-packages/airflow/example_dags/example_sensor_decorator.py
[2025-08-07T16:07:55.042+0700] {processor.py:839} INFO - DAG(s) dict_keys(['example_sensor_decorator']) retrieved from /home/dwmhr/pln/venv/lib/python3.10/site-packages/airflow/example_dags/example_sensor_decorator.py
[2025-08-07T16:07:55.103+0700] {logging_mixin.py:154} INFO - [2025-08-07T16:07:55.103+0700] {dag.py:2941} INFO - Sync 1 DAGs
[2025-08-07T16:07:55.146+0700] {logging_mixin.py:154} INFO - [2025-08-07T16:07:55.146+0700] {dag.py:3722} INFO - Setting next_dagrun for example_sensor_decorator to None, run_after=None
[2025-08-07T16:07:55.255+0700] {processor.py:179} INFO - Processing /home/dwmhr/pln/venv/lib/python3.10/site-packages/airflow/example_dags/example_sensor_decorator.py took 0.251 seconds
[2025-08-07T16:09:06.156+0700] {processor.py:157} INFO - Started process (PID=120390) to work on /home/dwmhr/pln/venv/lib/python3.10/site-packages/airflow/example_dags/example_sensor_decorator.py
[2025-08-07T16:09:06.160+0700] {processor.py:829} INFO - Processing file /home/dwmhr/pln/venv/lib/python3.10/site-packages/airflow/example_dags/example_sensor_decorator.py for tasks to queue
[2025-08-07T16:09:06.163+0700] {logging_mixin.py:154} INFO - [2025-08-07T16:09:06.162+0700] {dagbag.py:536} INFO - Filling up the DagBag from /home/dwmhr/pln/venv/lib/python3.10/site-packages/airflow/example_dags/example_sensor_decorator.py
[2025-08-07T16:09:06.183+0700] {processor.py:839} INFO - DAG(s) dict_keys(['example_sensor_decorator']) retrieved from /home/dwmhr/pln/venv/lib/python3.10/site-packages/airflow/example_dags/example_sensor_decorator.py
[2025-08-07T16:09:06.236+0700] {logging_mixin.py:154} INFO - [2025-08-07T16:09:06.236+0700] {dag.py:2941} INFO - Sync 1 DAGs
[2025-08-07T16:09:06.276+0700] {logging_mixin.py:154} INFO - [2025-08-07T16:09:06.275+0700] {dag.py:3722} INFO - Setting next_dagrun for example_sensor_decorator to None, run_after=None
[2025-08-07T16:09:06.348+0700] {processor.py:179} INFO - Processing /home/dwmhr/pln/venv/lib/python3.10/site-packages/airflow/example_dags/example_sensor_decorator.py took 0.200 seconds
[2025-08-07T16:10:26.668+0700] {processor.py:157} INFO - Started process (PID=120798) to work on /home/dwmhr/pln/venv/lib/python3.10/site-packages/airflow/example_dags/example_sensor_decorator.py
[2025-08-07T16:10:26.672+0700] {processor.py:829} INFO - Processing file /home/dwmhr/pln/venv/lib/python3.10/site-packages/airflow/example_dags/example_sensor_decorator.py for tasks to queue
[2025-08-07T16:10:26.675+0700] {logging_mixin.py:154} INFO - [2025-08-07T16:10:26.674+0700] {dagbag.py:536} INFO - Filling up the DagBag from /home/dwmhr/pln/venv/lib/python3.10/site-packages/airflow/example_dags/example_sensor_decorator.py
[2025-08-07T16:10:26.708+0700] {processor.py:839} INFO - DAG(s) dict_keys(['example_sensor_decorator']) retrieved from /home/dwmhr/pln/venv/lib/python3.10/site-packages/airflow/example_dags/example_sensor_decorator.py
[2025-08-07T16:10:26.802+0700] {logging_mixin.py:154} INFO - [2025-08-07T16:10:26.800+0700] {dag.py:2941} INFO - Sync 1 DAGs
[2025-08-07T16:10:26.862+0700] {logging_mixin.py:154} INFO - [2025-08-07T16:10:26.861+0700] {dag.py:3722} INFO - Setting next_dagrun for example_sensor_decorator to None, run_after=None
[2025-08-07T16:10:26.954+0700] {processor.py:179} INFO - Processing /home/dwmhr/pln/venv/lib/python3.10/site-packages/airflow/example_dags/example_sensor_decorator.py took 0.302 seconds
[2025-08-07T16:11:20.727+0700] {processor.py:157} INFO - Started process (PID=121047) to work on /home/dwmhr/pln/venv/lib/python3.10/site-packages/airflow/example_dags/example_sensor_decorator.py
[2025-08-07T16:11:20.731+0700] {processor.py:829} INFO - Processing file /home/dwmhr/pln/venv/lib/python3.10/site-packages/airflow/example_dags/example_sensor_decorator.py for tasks to queue
[2025-08-07T16:11:20.733+0700] {logging_mixin.py:154} INFO - [2025-08-07T16:11:20.732+0700] {dagbag.py:536} INFO - Filling up the DagBag from /home/dwmhr/pln/venv/lib/python3.10/site-packages/airflow/example_dags/example_sensor_decorator.py
[2025-08-07T16:11:20.747+0700] {processor.py:839} INFO - DAG(s) dict_keys(['example_sensor_decorator']) retrieved from /home/dwmhr/pln/venv/lib/python3.10/site-packages/airflow/example_dags/example_sensor_decorator.py
[2025-08-07T16:11:20.784+0700] {logging_mixin.py:154} INFO - [2025-08-07T16:11:20.784+0700] {dag.py:2941} INFO - Sync 1 DAGs
[2025-08-07T16:11:20.811+0700] {logging_mixin.py:154} INFO - [2025-08-07T16:11:20.810+0700] {dag.py:3722} INFO - Setting next_dagrun for example_sensor_decorator to None, run_after=None
[2025-08-07T16:11:20.860+0700] {processor.py:179} INFO - Processing /home/dwmhr/pln/venv/lib/python3.10/site-packages/airflow/example_dags/example_sensor_decorator.py took 0.141 seconds
[2025-08-07T16:12:13.231+0700] {processor.py:157} INFO - Started process (PID=121321) to work on /home/dwmhr/pln/venv/lib/python3.10/site-packages/airflow/example_dags/example_sensor_decorator.py
[2025-08-07T16:12:13.234+0700] {processor.py:829} INFO - Processing file /home/dwmhr/pln/venv/lib/python3.10/site-packages/airflow/example_dags/example_sensor_decorator.py for tasks to queue
[2025-08-07T16:12:13.237+0700] {logging_mixin.py:154} INFO - [2025-08-07T16:12:13.235+0700] {dagbag.py:536} INFO - Filling up the DagBag from /home/dwmhr/pln/venv/lib/python3.10/site-packages/airflow/example_dags/example_sensor_decorator.py
[2025-08-07T16:12:13.256+0700] {processor.py:839} INFO - DAG(s) dict_keys(['example_sensor_decorator']) retrieved from /home/dwmhr/pln/venv/lib/python3.10/site-packages/airflow/example_dags/example_sensor_decorator.py
[2025-08-07T16:12:13.342+0700] {logging_mixin.py:154} INFO - [2025-08-07T16:12:13.341+0700] {dag.py:2941} INFO - Sync 1 DAGs
[2025-08-07T16:12:13.405+0700] {logging_mixin.py:154} INFO - [2025-08-07T16:12:13.405+0700] {dag.py:3722} INFO - Setting next_dagrun for example_sensor_decorator to None, run_after=None
[2025-08-07T16:12:13.510+0700] {processor.py:179} INFO - Processing /home/dwmhr/pln/venv/lib/python3.10/site-packages/airflow/example_dags/example_sensor_decorator.py took 0.289 seconds
[2025-08-07T16:13:05.798+0700] {processor.py:157} INFO - Started process (PID=121607) to work on /home/dwmhr/pln/venv/lib/python3.10/site-packages/airflow/example_dags/example_sensor_decorator.py
[2025-08-07T16:13:05.800+0700] {processor.py:829} INFO - Processing file /home/dwmhr/pln/venv/lib/python3.10/site-packages/airflow/example_dags/example_sensor_decorator.py for tasks to queue
[2025-08-07T16:13:05.801+0700] {logging_mixin.py:154} INFO - [2025-08-07T16:13:05.801+0700] {dagbag.py:536} INFO - Filling up the DagBag from /home/dwmhr/pln/venv/lib/python3.10/site-packages/airflow/example_dags/example_sensor_decorator.py
[2025-08-07T16:13:05.812+0700] {processor.py:839} INFO - DAG(s) dict_keys(['example_sensor_decorator']) retrieved from /home/dwmhr/pln/venv/lib/python3.10/site-packages/airflow/example_dags/example_sensor_decorator.py
[2025-08-07T16:13:05.836+0700] {logging_mixin.py:154} INFO - [2025-08-07T16:13:05.836+0700] {dag.py:2941} INFO - Sync 1 DAGs
[2025-08-07T16:13:05.850+0700] {logging_mixin.py:154} INFO - [2025-08-07T16:13:05.850+0700] {dag.py:3722} INFO - Setting next_dagrun for example_sensor_decorator to None, run_after=None
[2025-08-07T16:13:05.879+0700] {processor.py:179} INFO - Processing /home/dwmhr/pln/venv/lib/python3.10/site-packages/airflow/example_dags/example_sensor_decorator.py took 0.086 seconds
[2025-08-07T16:13:52.541+0700] {processor.py:157} INFO - Started process (PID=121888) to work on /home/dwmhr/pln/venv/lib/python3.10/site-packages/airflow/example_dags/example_sensor_decorator.py
[2025-08-07T16:13:52.545+0700] {processor.py:829} INFO - Processing file /home/dwmhr/pln/venv/lib/python3.10/site-packages/airflow/example_dags/example_sensor_decorator.py for tasks to queue
[2025-08-07T16:13:52.548+0700] {logging_mixin.py:154} INFO - [2025-08-07T16:13:52.547+0700] {dagbag.py:536} INFO - Filling up the DagBag from /home/dwmhr/pln/venv/lib/python3.10/site-packages/airflow/example_dags/example_sensor_decorator.py
[2025-08-07T16:13:52.569+0700] {processor.py:839} INFO - DAG(s) dict_keys(['example_sensor_decorator']) retrieved from /home/dwmhr/pln/venv/lib/python3.10/site-packages/airflow/example_dags/example_sensor_decorator.py
[2025-08-07T16:13:52.627+0700] {logging_mixin.py:154} INFO - [2025-08-07T16:13:52.627+0700] {dag.py:2941} INFO - Sync 1 DAGs
[2025-08-07T16:13:52.659+0700] {logging_mixin.py:154} INFO - [2025-08-07T16:13:52.659+0700] {dag.py:3722} INFO - Setting next_dagrun for example_sensor_decorator to None, run_after=None
[2025-08-07T16:13:52.727+0700] {processor.py:179} INFO - Processing /home/dwmhr/pln/venv/lib/python3.10/site-packages/airflow/example_dags/example_sensor_decorator.py took 0.202 seconds
[2025-08-07T16:14:44.708+0700] {processor.py:157} INFO - Started process (PID=122123) to work on /home/dwmhr/pln/venv/lib/python3.10/site-packages/airflow/example_dags/example_sensor_decorator.py
[2025-08-07T16:14:44.712+0700] {processor.py:829} INFO - Processing file /home/dwmhr/pln/venv/lib/python3.10/site-packages/airflow/example_dags/example_sensor_decorator.py for tasks to queue
[2025-08-07T16:14:44.715+0700] {logging_mixin.py:154} INFO - [2025-08-07T16:14:44.714+0700] {dagbag.py:536} INFO - Filling up the DagBag from /home/dwmhr/pln/venv/lib/python3.10/site-packages/airflow/example_dags/example_sensor_decorator.py
[2025-08-07T16:14:44.734+0700] {processor.py:839} INFO - DAG(s) dict_keys(['example_sensor_decorator']) retrieved from /home/dwmhr/pln/venv/lib/python3.10/site-packages/airflow/example_dags/example_sensor_decorator.py
[2025-08-07T16:14:44.778+0700] {logging_mixin.py:154} INFO - [2025-08-07T16:14:44.777+0700] {dag.py:2941} INFO - Sync 1 DAGs
[2025-08-07T16:14:44.813+0700] {logging_mixin.py:154} INFO - [2025-08-07T16:14:44.812+0700] {dag.py:3722} INFO - Setting next_dagrun for example_sensor_decorator to None, run_after=None
[2025-08-07T16:14:44.875+0700] {processor.py:179} INFO - Processing /home/dwmhr/pln/venv/lib/python3.10/site-packages/airflow/example_dags/example_sensor_decorator.py took 0.176 seconds
[2025-08-07T16:15:54.944+0700] {processor.py:157} INFO - Started process (PID=122493) to work on /home/dwmhr/pln/venv/lib/python3.10/site-packages/airflow/example_dags/example_sensor_decorator.py
[2025-08-07T16:15:54.948+0700] {processor.py:829} INFO - Processing file /home/dwmhr/pln/venv/lib/python3.10/site-packages/airflow/example_dags/example_sensor_decorator.py for tasks to queue
[2025-08-07T16:15:54.950+0700] {logging_mixin.py:154} INFO - [2025-08-07T16:15:54.949+0700] {dagbag.py:536} INFO - Filling up the DagBag from /home/dwmhr/pln/venv/lib/python3.10/site-packages/airflow/example_dags/example_sensor_decorator.py
[2025-08-07T16:15:54.967+0700] {processor.py:839} INFO - DAG(s) dict_keys(['example_sensor_decorator']) retrieved from /home/dwmhr/pln/venv/lib/python3.10/site-packages/airflow/example_dags/example_sensor_decorator.py
[2025-08-07T16:15:55.030+0700] {logging_mixin.py:154} INFO - [2025-08-07T16:15:55.029+0700] {dag.py:2941} INFO - Sync 1 DAGs
[2025-08-07T16:15:55.064+0700] {logging_mixin.py:154} INFO - [2025-08-07T16:15:55.063+0700] {dag.py:3722} INFO - Setting next_dagrun for example_sensor_decorator to None, run_after=None
[2025-08-07T16:15:55.131+0700] {processor.py:179} INFO - Processing /home/dwmhr/pln/venv/lib/python3.10/site-packages/airflow/example_dags/example_sensor_decorator.py took 0.196 seconds
[2025-08-07T16:16:58.886+0700] {processor.py:157} INFO - Started process (PID=122808) to work on /home/dwmhr/pln/venv/lib/python3.10/site-packages/airflow/example_dags/example_sensor_decorator.py
[2025-08-07T16:16:58.889+0700] {processor.py:829} INFO - Processing file /home/dwmhr/pln/venv/lib/python3.10/site-packages/airflow/example_dags/example_sensor_decorator.py for tasks to queue
[2025-08-07T16:16:58.891+0700] {logging_mixin.py:154} INFO - [2025-08-07T16:16:58.890+0700] {dagbag.py:536} INFO - Filling up the DagBag from /home/dwmhr/pln/venv/lib/python3.10/site-packages/airflow/example_dags/example_sensor_decorator.py
[2025-08-07T16:16:58.906+0700] {processor.py:839} INFO - DAG(s) dict_keys(['example_sensor_decorator']) retrieved from /home/dwmhr/pln/venv/lib/python3.10/site-packages/airflow/example_dags/example_sensor_decorator.py
[2025-08-07T16:16:58.940+0700] {logging_mixin.py:154} INFO - [2025-08-07T16:16:58.940+0700] {dag.py:2941} INFO - Sync 1 DAGs
[2025-08-07T16:16:58.963+0700] {logging_mixin.py:154} INFO - [2025-08-07T16:16:58.962+0700] {dag.py:3722} INFO - Setting next_dagrun for example_sensor_decorator to None, run_after=None
[2025-08-07T16:16:59.013+0700] {processor.py:179} INFO - Processing /home/dwmhr/pln/venv/lib/python3.10/site-packages/airflow/example_dags/example_sensor_decorator.py took 0.135 seconds
[2025-08-07T16:18:02.863+0700] {processor.py:157} INFO - Started process (PID=123114) to work on /home/dwmhr/pln/venv/lib/python3.10/site-packages/airflow/example_dags/example_sensor_decorator.py
[2025-08-07T16:18:02.879+0700] {processor.py:829} INFO - Processing file /home/dwmhr/pln/venv/lib/python3.10/site-packages/airflow/example_dags/example_sensor_decorator.py for tasks to queue
[2025-08-07T16:18:02.882+0700] {logging_mixin.py:154} INFO - [2025-08-07T16:18:02.880+0700] {dagbag.py:536} INFO - Filling up the DagBag from /home/dwmhr/pln/venv/lib/python3.10/site-packages/airflow/example_dags/example_sensor_decorator.py
[2025-08-07T16:18:02.898+0700] {processor.py:839} INFO - DAG(s) dict_keys(['example_sensor_decorator']) retrieved from /home/dwmhr/pln/venv/lib/python3.10/site-packages/airflow/example_dags/example_sensor_decorator.py
[2025-08-07T16:18:02.952+0700] {logging_mixin.py:154} INFO - [2025-08-07T16:18:02.951+0700] {dag.py:2941} INFO - Sync 1 DAGs
[2025-08-07T16:18:02.985+0700] {logging_mixin.py:154} INFO - [2025-08-07T16:18:02.984+0700] {dag.py:3722} INFO - Setting next_dagrun for example_sensor_decorator to None, run_after=None
[2025-08-07T16:18:03.062+0700] {processor.py:179} INFO - Processing /home/dwmhr/pln/venv/lib/python3.10/site-packages/airflow/example_dags/example_sensor_decorator.py took 0.209 seconds
[2025-08-07T16:18:53.988+0700] {processor.py:157} INFO - Started process (PID=123397) to work on /home/dwmhr/pln/venv/lib/python3.10/site-packages/airflow/example_dags/example_sensor_decorator.py
[2025-08-07T16:18:53.995+0700] {processor.py:829} INFO - Processing file /home/dwmhr/pln/venv/lib/python3.10/site-packages/airflow/example_dags/example_sensor_decorator.py for tasks to queue
[2025-08-07T16:18:53.996+0700] {logging_mixin.py:154} INFO - [2025-08-07T16:18:53.996+0700] {dagbag.py:536} INFO - Filling up the DagBag from /home/dwmhr/pln/venv/lib/python3.10/site-packages/airflow/example_dags/example_sensor_decorator.py
[2025-08-07T16:18:54.001+0700] {processor.py:839} INFO - DAG(s) dict_keys(['example_sensor_decorator']) retrieved from /home/dwmhr/pln/venv/lib/python3.10/site-packages/airflow/example_dags/example_sensor_decorator.py
[2025-08-07T16:18:54.014+0700] {logging_mixin.py:154} INFO - [2025-08-07T16:18:54.014+0700] {dag.py:2941} INFO - Sync 1 DAGs
[2025-08-07T16:18:54.022+0700] {logging_mixin.py:154} INFO - [2025-08-07T16:18:54.022+0700] {dag.py:3722} INFO - Setting next_dagrun for example_sensor_decorator to None, run_after=None
[2025-08-07T16:18:54.041+0700] {processor.py:179} INFO - Processing /home/dwmhr/pln/venv/lib/python3.10/site-packages/airflow/example_dags/example_sensor_decorator.py took 0.055 seconds
[2025-08-07T16:27:15.467+0700] {processor.py:157} INFO - Started process (PID=125531) to work on /home/dwmhr/pln/venv/lib/python3.10/site-packages/airflow/example_dags/example_sensor_decorator.py
[2025-08-07T16:27:15.471+0700] {processor.py:829} INFO - Processing file /home/dwmhr/pln/venv/lib/python3.10/site-packages/airflow/example_dags/example_sensor_decorator.py for tasks to queue
[2025-08-07T16:27:15.473+0700] {logging_mixin.py:154} INFO - [2025-08-07T16:27:15.472+0700] {dagbag.py:536} INFO - Filling up the DagBag from /home/dwmhr/pln/venv/lib/python3.10/site-packages/airflow/example_dags/example_sensor_decorator.py
[2025-08-07T16:27:15.484+0700] {processor.py:839} INFO - DAG(s) dict_keys(['example_sensor_decorator']) retrieved from /home/dwmhr/pln/venv/lib/python3.10/site-packages/airflow/example_dags/example_sensor_decorator.py
[2025-08-07T16:27:15.510+0700] {logging_mixin.py:154} INFO - [2025-08-07T16:27:15.510+0700] {dag.py:2941} INFO - Sync 1 DAGs
[2025-08-07T16:27:15.530+0700] {logging_mixin.py:154} INFO - [2025-08-07T16:27:15.530+0700] {dag.py:3722} INFO - Setting next_dagrun for example_sensor_decorator to None, run_after=None
[2025-08-07T16:27:15.718+0700] {processor.py:179} INFO - Processing /home/dwmhr/pln/venv/lib/python3.10/site-packages/airflow/example_dags/example_sensor_decorator.py took 0.256 seconds
[2025-08-07T16:28:38.644+0700] {processor.py:157} INFO - Started process (PID=125909) to work on /home/dwmhr/pln/venv/lib/python3.10/site-packages/airflow/example_dags/example_sensor_decorator.py
[2025-08-07T16:28:38.646+0700] {processor.py:829} INFO - Processing file /home/dwmhr/pln/venv/lib/python3.10/site-packages/airflow/example_dags/example_sensor_decorator.py for tasks to queue
[2025-08-07T16:28:38.647+0700] {logging_mixin.py:154} INFO - [2025-08-07T16:28:38.646+0700] {dagbag.py:536} INFO - Filling up the DagBag from /home/dwmhr/pln/venv/lib/python3.10/site-packages/airflow/example_dags/example_sensor_decorator.py
[2025-08-07T16:28:38.652+0700] {processor.py:839} INFO - DAG(s) dict_keys(['example_sensor_decorator']) retrieved from /home/dwmhr/pln/venv/lib/python3.10/site-packages/airflow/example_dags/example_sensor_decorator.py
[2025-08-07T16:28:38.668+0700] {logging_mixin.py:154} INFO - [2025-08-07T16:28:38.667+0700] {dag.py:2941} INFO - Sync 1 DAGs
[2025-08-07T16:28:38.677+0700] {logging_mixin.py:154} INFO - [2025-08-07T16:28:38.676+0700] {dag.py:3722} INFO - Setting next_dagrun for example_sensor_decorator to None, run_after=None
[2025-08-07T16:28:38.703+0700] {processor.py:179} INFO - Processing /home/dwmhr/pln/venv/lib/python3.10/site-packages/airflow/example_dags/example_sensor_decorator.py took 0.061 seconds
[2025-08-07T16:29:36.046+0700] {processor.py:157} INFO - Started process (PID=126192) to work on /home/dwmhr/pln/venv/lib/python3.10/site-packages/airflow/example_dags/example_sensor_decorator.py
[2025-08-07T16:29:36.055+0700] {processor.py:829} INFO - Processing file /home/dwmhr/pln/venv/lib/python3.10/site-packages/airflow/example_dags/example_sensor_decorator.py for tasks to queue
[2025-08-07T16:29:36.057+0700] {logging_mixin.py:154} INFO - [2025-08-07T16:29:36.056+0700] {dagbag.py:536} INFO - Filling up the DagBag from /home/dwmhr/pln/venv/lib/python3.10/site-packages/airflow/example_dags/example_sensor_decorator.py
[2025-08-07T16:29:36.063+0700] {processor.py:839} INFO - DAG(s) dict_keys(['example_sensor_decorator']) retrieved from /home/dwmhr/pln/venv/lib/python3.10/site-packages/airflow/example_dags/example_sensor_decorator.py
[2025-08-07T16:29:36.208+0700] {logging_mixin.py:154} INFO - [2025-08-07T16:29:36.208+0700] {dag.py:2941} INFO - Sync 1 DAGs
[2025-08-07T16:29:36.218+0700] {logging_mixin.py:154} INFO - [2025-08-07T16:29:36.217+0700] {dag.py:3722} INFO - Setting next_dagrun for example_sensor_decorator to None, run_after=None
[2025-08-07T16:29:36.249+0700] {processor.py:179} INFO - Processing /home/dwmhr/pln/venv/lib/python3.10/site-packages/airflow/example_dags/example_sensor_decorator.py took 0.207 seconds
[2025-08-07T16:30:40.059+0700] {processor.py:157} INFO - Started process (PID=126516) to work on /home/dwmhr/pln/venv/lib/python3.10/site-packages/airflow/example_dags/example_sensor_decorator.py
[2025-08-07T16:30:40.064+0700] {processor.py:829} INFO - Processing file /home/dwmhr/pln/venv/lib/python3.10/site-packages/airflow/example_dags/example_sensor_decorator.py for tasks to queue
[2025-08-07T16:30:40.065+0700] {logging_mixin.py:154} INFO - [2025-08-07T16:30:40.064+0700] {dagbag.py:536} INFO - Filling up the DagBag from /home/dwmhr/pln/venv/lib/python3.10/site-packages/airflow/example_dags/example_sensor_decorator.py
[2025-08-07T16:30:40.072+0700] {processor.py:839} INFO - DAG(s) dict_keys(['example_sensor_decorator']) retrieved from /home/dwmhr/pln/venv/lib/python3.10/site-packages/airflow/example_dags/example_sensor_decorator.py
[2025-08-07T16:30:40.089+0700] {logging_mixin.py:154} INFO - [2025-08-07T16:30:40.089+0700] {dag.py:2941} INFO - Sync 1 DAGs
[2025-08-07T16:30:40.101+0700] {logging_mixin.py:154} INFO - [2025-08-07T16:30:40.100+0700] {dag.py:3722} INFO - Setting next_dagrun for example_sensor_decorator to None, run_after=None
[2025-08-07T16:30:40.125+0700] {processor.py:179} INFO - Processing /home/dwmhr/pln/venv/lib/python3.10/site-packages/airflow/example_dags/example_sensor_decorator.py took 0.071 seconds
[2025-08-07T16:31:42.056+0700] {processor.py:157} INFO - Started process (PID=126813) to work on /home/dwmhr/pln/venv/lib/python3.10/site-packages/airflow/example_dags/example_sensor_decorator.py
[2025-08-07T16:31:42.063+0700] {processor.py:829} INFO - Processing file /home/dwmhr/pln/venv/lib/python3.10/site-packages/airflow/example_dags/example_sensor_decorator.py for tasks to queue
[2025-08-07T16:31:42.070+0700] {logging_mixin.py:154} INFO - [2025-08-07T16:31:42.067+0700] {dagbag.py:536} INFO - Filling up the DagBag from /home/dwmhr/pln/venv/lib/python3.10/site-packages/airflow/example_dags/example_sensor_decorator.py
[2025-08-07T16:31:42.117+0700] {processor.py:839} INFO - DAG(s) dict_keys(['example_sensor_decorator']) retrieved from /home/dwmhr/pln/venv/lib/python3.10/site-packages/airflow/example_dags/example_sensor_decorator.py
[2025-08-07T16:31:42.208+0700] {logging_mixin.py:154} INFO - [2025-08-07T16:31:42.207+0700] {dag.py:2941} INFO - Sync 1 DAGs
[2025-08-07T16:31:42.280+0700] {logging_mixin.py:154} INFO - [2025-08-07T16:31:42.279+0700] {dag.py:3722} INFO - Setting next_dagrun for example_sensor_decorator to None, run_after=None
[2025-08-07T16:31:42.396+0700] {processor.py:179} INFO - Processing /home/dwmhr/pln/venv/lib/python3.10/site-packages/airflow/example_dags/example_sensor_decorator.py took 0.368 seconds
[2025-08-07T16:33:50.596+0700] {processor.py:157} INFO - Started process (PID=127343) to work on /home/dwmhr/pln/venv/lib/python3.10/site-packages/airflow/example_dags/example_sensor_decorator.py
[2025-08-07T16:33:50.598+0700] {processor.py:829} INFO - Processing file /home/dwmhr/pln/venv/lib/python3.10/site-packages/airflow/example_dags/example_sensor_decorator.py for tasks to queue
[2025-08-07T16:33:50.599+0700] {logging_mixin.py:154} INFO - [2025-08-07T16:33:50.599+0700] {dagbag.py:536} INFO - Filling up the DagBag from /home/dwmhr/pln/venv/lib/python3.10/site-packages/airflow/example_dags/example_sensor_decorator.py
[2025-08-07T16:33:50.606+0700] {processor.py:839} INFO - DAG(s) dict_keys(['example_sensor_decorator']) retrieved from /home/dwmhr/pln/venv/lib/python3.10/site-packages/airflow/example_dags/example_sensor_decorator.py
[2025-08-07T16:33:50.625+0700] {logging_mixin.py:154} INFO - [2025-08-07T16:33:50.625+0700] {dag.py:2941} INFO - Sync 1 DAGs
[2025-08-07T16:33:50.636+0700] {logging_mixin.py:154} INFO - [2025-08-07T16:33:50.636+0700] {dag.py:3722} INFO - Setting next_dagrun for example_sensor_decorator to None, run_after=None
[2025-08-07T16:33:50.661+0700] {processor.py:179} INFO - Processing /home/dwmhr/pln/venv/lib/python3.10/site-packages/airflow/example_dags/example_sensor_decorator.py took 0.069 seconds
[2025-08-07T16:34:58.088+0700] {processor.py:157} INFO - Started process (PID=127597) to work on /home/dwmhr/pln/venv/lib/python3.10/site-packages/airflow/example_dags/example_sensor_decorator.py
[2025-08-07T16:34:58.093+0700] {processor.py:829} INFO - Processing file /home/dwmhr/pln/venv/lib/python3.10/site-packages/airflow/example_dags/example_sensor_decorator.py for tasks to queue
[2025-08-07T16:34:58.097+0700] {logging_mixin.py:154} INFO - [2025-08-07T16:34:58.095+0700] {dagbag.py:536} INFO - Filling up the DagBag from /home/dwmhr/pln/venv/lib/python3.10/site-packages/airflow/example_dags/example_sensor_decorator.py
[2025-08-07T16:34:58.122+0700] {processor.py:839} INFO - DAG(s) dict_keys(['example_sensor_decorator']) retrieved from /home/dwmhr/pln/venv/lib/python3.10/site-packages/airflow/example_dags/example_sensor_decorator.py
[2025-08-07T16:34:58.211+0700] {logging_mixin.py:154} INFO - [2025-08-07T16:34:58.210+0700] {dag.py:2941} INFO - Sync 1 DAGs
[2025-08-07T16:34:58.270+0700] {logging_mixin.py:154} INFO - [2025-08-07T16:34:58.269+0700] {dag.py:3722} INFO - Setting next_dagrun for example_sensor_decorator to None, run_after=None
[2025-08-07T16:34:58.377+0700] {processor.py:179} INFO - Processing /home/dwmhr/pln/venv/lib/python3.10/site-packages/airflow/example_dags/example_sensor_decorator.py took 0.304 seconds
[2025-08-07T16:35:48.283+0700] {processor.py:157} INFO - Started process (PID=127829) to work on /home/dwmhr/pln/venv/lib/python3.10/site-packages/airflow/example_dags/example_sensor_decorator.py
[2025-08-07T16:35:48.289+0700] {processor.py:829} INFO - Processing file /home/dwmhr/pln/venv/lib/python3.10/site-packages/airflow/example_dags/example_sensor_decorator.py for tasks to queue
[2025-08-07T16:35:48.290+0700] {logging_mixin.py:154} INFO - [2025-08-07T16:35:48.290+0700] {dagbag.py:536} INFO - Filling up the DagBag from /home/dwmhr/pln/venv/lib/python3.10/site-packages/airflow/example_dags/example_sensor_decorator.py
[2025-08-07T16:35:48.296+0700] {processor.py:839} INFO - DAG(s) dict_keys(['example_sensor_decorator']) retrieved from /home/dwmhr/pln/venv/lib/python3.10/site-packages/airflow/example_dags/example_sensor_decorator.py
[2025-08-07T16:35:48.315+0700] {logging_mixin.py:154} INFO - [2025-08-07T16:35:48.314+0700] {dag.py:2941} INFO - Sync 1 DAGs
[2025-08-07T16:35:48.325+0700] {logging_mixin.py:154} INFO - [2025-08-07T16:35:48.325+0700] {dag.py:3722} INFO - Setting next_dagrun for example_sensor_decorator to None, run_after=None
[2025-08-07T16:35:48.366+0700] {processor.py:179} INFO - Processing /home/dwmhr/pln/venv/lib/python3.10/site-packages/airflow/example_dags/example_sensor_decorator.py took 0.086 seconds
[2025-08-07T16:36:37.330+0700] {processor.py:157} INFO - Started process (PID=128034) to work on /home/dwmhr/pln/venv/lib/python3.10/site-packages/airflow/example_dags/example_sensor_decorator.py
[2025-08-07T16:36:37.334+0700] {processor.py:829} INFO - Processing file /home/dwmhr/pln/venv/lib/python3.10/site-packages/airflow/example_dags/example_sensor_decorator.py for tasks to queue
[2025-08-07T16:36:37.335+0700] {logging_mixin.py:154} INFO - [2025-08-07T16:36:37.334+0700] {dagbag.py:536} INFO - Filling up the DagBag from /home/dwmhr/pln/venv/lib/python3.10/site-packages/airflow/example_dags/example_sensor_decorator.py
[2025-08-07T16:36:37.342+0700] {processor.py:839} INFO - DAG(s) dict_keys(['example_sensor_decorator']) retrieved from /home/dwmhr/pln/venv/lib/python3.10/site-packages/airflow/example_dags/example_sensor_decorator.py
[2025-08-07T16:36:37.362+0700] {logging_mixin.py:154} INFO - [2025-08-07T16:36:37.362+0700] {dag.py:2941} INFO - Sync 1 DAGs
[2025-08-07T16:36:37.375+0700] {logging_mixin.py:154} INFO - [2025-08-07T16:36:37.375+0700] {dag.py:3722} INFO - Setting next_dagrun for example_sensor_decorator to None, run_after=None
[2025-08-07T16:36:37.418+0700] {processor.py:179} INFO - Processing /home/dwmhr/pln/venv/lib/python3.10/site-packages/airflow/example_dags/example_sensor_decorator.py took 0.092 seconds
[2025-08-07T16:37:41.801+0700] {processor.py:157} INFO - Started process (PID=128318) to work on /home/dwmhr/pln/venv/lib/python3.10/site-packages/airflow/example_dags/example_sensor_decorator.py
[2025-08-07T16:37:41.804+0700] {processor.py:829} INFO - Processing file /home/dwmhr/pln/venv/lib/python3.10/site-packages/airflow/example_dags/example_sensor_decorator.py for tasks to queue
[2025-08-07T16:37:41.807+0700] {logging_mixin.py:154} INFO - [2025-08-07T16:37:41.806+0700] {dagbag.py:536} INFO - Filling up the DagBag from /home/dwmhr/pln/venv/lib/python3.10/site-packages/airflow/example_dags/example_sensor_decorator.py
[2025-08-07T16:37:41.820+0700] {processor.py:839} INFO - DAG(s) dict_keys(['example_sensor_decorator']) retrieved from /home/dwmhr/pln/venv/lib/python3.10/site-packages/airflow/example_dags/example_sensor_decorator.py
[2025-08-07T16:37:41.854+0700] {logging_mixin.py:154} INFO - [2025-08-07T16:37:41.854+0700] {dag.py:2941} INFO - Sync 1 DAGs
[2025-08-07T16:37:41.877+0700] {logging_mixin.py:154} INFO - [2025-08-07T16:37:41.877+0700] {dag.py:3722} INFO - Setting next_dagrun for example_sensor_decorator to None, run_after=None
[2025-08-07T16:37:41.934+0700] {processor.py:179} INFO - Processing /home/dwmhr/pln/venv/lib/python3.10/site-packages/airflow/example_dags/example_sensor_decorator.py took 0.141 seconds
[2025-08-07T16:38:46.927+0700] {processor.py:157} INFO - Started process (PID=128568) to work on /home/dwmhr/pln/venv/lib/python3.10/site-packages/airflow/example_dags/example_sensor_decorator.py
[2025-08-07T16:38:46.933+0700] {processor.py:829} INFO - Processing file /home/dwmhr/pln/venv/lib/python3.10/site-packages/airflow/example_dags/example_sensor_decorator.py for tasks to queue
[2025-08-07T16:38:46.935+0700] {logging_mixin.py:154} INFO - [2025-08-07T16:38:46.934+0700] {dagbag.py:536} INFO - Filling up the DagBag from /home/dwmhr/pln/venv/lib/python3.10/site-packages/airflow/example_dags/example_sensor_decorator.py
[2025-08-07T16:38:46.948+0700] {processor.py:839} INFO - DAG(s) dict_keys(['example_sensor_decorator']) retrieved from /home/dwmhr/pln/venv/lib/python3.10/site-packages/airflow/example_dags/example_sensor_decorator.py
[2025-08-07T16:38:46.980+0700] {logging_mixin.py:154} INFO - [2025-08-07T16:38:46.979+0700] {dag.py:2941} INFO - Sync 1 DAGs
[2025-08-07T16:38:47.001+0700] {logging_mixin.py:154} INFO - [2025-08-07T16:38:47.000+0700] {dag.py:3722} INFO - Setting next_dagrun for example_sensor_decorator to None, run_after=None
[2025-08-07T16:38:47.044+0700] {processor.py:179} INFO - Processing /home/dwmhr/pln/venv/lib/python3.10/site-packages/airflow/example_dags/example_sensor_decorator.py took 0.126 seconds
[2025-08-07T16:39:40.137+0700] {processor.py:157} INFO - Started process (PID=128802) to work on /home/dwmhr/pln/venv/lib/python3.10/site-packages/airflow/example_dags/example_sensor_decorator.py
[2025-08-07T16:39:40.141+0700] {processor.py:829} INFO - Processing file /home/dwmhr/pln/venv/lib/python3.10/site-packages/airflow/example_dags/example_sensor_decorator.py for tasks to queue
[2025-08-07T16:39:40.141+0700] {logging_mixin.py:154} INFO - [2025-08-07T16:39:40.141+0700] {dagbag.py:536} INFO - Filling up the DagBag from /home/dwmhr/pln/venv/lib/python3.10/site-packages/airflow/example_dags/example_sensor_decorator.py
[2025-08-07T16:39:40.148+0700] {processor.py:839} INFO - DAG(s) dict_keys(['example_sensor_decorator']) retrieved from /home/dwmhr/pln/venv/lib/python3.10/site-packages/airflow/example_dags/example_sensor_decorator.py
[2025-08-07T16:39:40.164+0700] {logging_mixin.py:154} INFO - [2025-08-07T16:39:40.164+0700] {dag.py:2941} INFO - Sync 1 DAGs
[2025-08-07T16:39:40.174+0700] {logging_mixin.py:154} INFO - [2025-08-07T16:39:40.174+0700] {dag.py:3722} INFO - Setting next_dagrun for example_sensor_decorator to None, run_after=None
[2025-08-07T16:39:40.198+0700] {processor.py:179} INFO - Processing /home/dwmhr/pln/venv/lib/python3.10/site-packages/airflow/example_dags/example_sensor_decorator.py took 0.065 seconds
[2025-08-07T16:40:52.465+0700] {processor.py:157} INFO - Started process (PID=129087) to work on /home/dwmhr/pln/venv/lib/python3.10/site-packages/airflow/example_dags/example_sensor_decorator.py
[2025-08-07T16:40:52.470+0700] {processor.py:829} INFO - Processing file /home/dwmhr/pln/venv/lib/python3.10/site-packages/airflow/example_dags/example_sensor_decorator.py for tasks to queue
[2025-08-07T16:40:52.471+0700] {logging_mixin.py:154} INFO - [2025-08-07T16:40:52.470+0700] {dagbag.py:536} INFO - Filling up the DagBag from /home/dwmhr/pln/venv/lib/python3.10/site-packages/airflow/example_dags/example_sensor_decorator.py
[2025-08-07T16:40:52.475+0700] {processor.py:839} INFO - DAG(s) dict_keys(['example_sensor_decorator']) retrieved from /home/dwmhr/pln/venv/lib/python3.10/site-packages/airflow/example_dags/example_sensor_decorator.py
[2025-08-07T16:40:52.488+0700] {logging_mixin.py:154} INFO - [2025-08-07T16:40:52.488+0700] {dag.py:2941} INFO - Sync 1 DAGs
[2025-08-07T16:40:52.495+0700] {logging_mixin.py:154} INFO - [2025-08-07T16:40:52.495+0700] {dag.py:3722} INFO - Setting next_dagrun for example_sensor_decorator to None, run_after=None
[2025-08-07T16:40:52.519+0700] {processor.py:179} INFO - Processing /home/dwmhr/pln/venv/lib/python3.10/site-packages/airflow/example_dags/example_sensor_decorator.py took 0.057 seconds
[2025-08-07T16:41:46.952+0700] {processor.py:157} INFO - Started process (PID=129298) to work on /home/dwmhr/pln/venv/lib/python3.10/site-packages/airflow/example_dags/example_sensor_decorator.py
[2025-08-07T16:41:46.955+0700] {processor.py:829} INFO - Processing file /home/dwmhr/pln/venv/lib/python3.10/site-packages/airflow/example_dags/example_sensor_decorator.py for tasks to queue
[2025-08-07T16:41:46.957+0700] {logging_mixin.py:154} INFO - [2025-08-07T16:41:46.956+0700] {dagbag.py:536} INFO - Filling up the DagBag from /home/dwmhr/pln/venv/lib/python3.10/site-packages/airflow/example_dags/example_sensor_decorator.py
[2025-08-07T16:41:46.967+0700] {processor.py:839} INFO - DAG(s) dict_keys(['example_sensor_decorator']) retrieved from /home/dwmhr/pln/venv/lib/python3.10/site-packages/airflow/example_dags/example_sensor_decorator.py
[2025-08-07T16:41:46.995+0700] {logging_mixin.py:154} INFO - [2025-08-07T16:41:46.995+0700] {dag.py:2941} INFO - Sync 1 DAGs
[2025-08-07T16:41:47.014+0700] {logging_mixin.py:154} INFO - [2025-08-07T16:41:47.014+0700] {dag.py:3722} INFO - Setting next_dagrun for example_sensor_decorator to None, run_after=None
[2025-08-07T16:41:47.061+0700] {processor.py:179} INFO - Processing /home/dwmhr/pln/venv/lib/python3.10/site-packages/airflow/example_dags/example_sensor_decorator.py took 0.116 seconds
[2025-08-07T16:42:55.862+0700] {processor.py:157} INFO - Started process (PID=129596) to work on /home/dwmhr/pln/venv/lib/python3.10/site-packages/airflow/example_dags/example_sensor_decorator.py
[2025-08-07T16:42:55.866+0700] {processor.py:829} INFO - Processing file /home/dwmhr/pln/venv/lib/python3.10/site-packages/airflow/example_dags/example_sensor_decorator.py for tasks to queue
[2025-08-07T16:42:55.868+0700] {logging_mixin.py:154} INFO - [2025-08-07T16:42:55.867+0700] {dagbag.py:536} INFO - Filling up the DagBag from /home/dwmhr/pln/venv/lib/python3.10/site-packages/airflow/example_dags/example_sensor_decorator.py
[2025-08-07T16:42:55.889+0700] {processor.py:839} INFO - DAG(s) dict_keys(['example_sensor_decorator']) retrieved from /home/dwmhr/pln/venv/lib/python3.10/site-packages/airflow/example_dags/example_sensor_decorator.py
[2025-08-07T16:42:55.954+0700] {logging_mixin.py:154} INFO - [2025-08-07T16:42:55.953+0700] {dag.py:2941} INFO - Sync 1 DAGs
[2025-08-07T16:42:56.072+0700] {logging_mixin.py:154} INFO - [2025-08-07T16:42:56.071+0700] {dag.py:3722} INFO - Setting next_dagrun for example_sensor_decorator to None, run_after=None
[2025-08-07T16:42:54.973+0700] {processor.py:179} INFO - Processing /home/dwmhr/pln/venv/lib/python3.10/site-packages/airflow/example_dags/example_sensor_decorator.py took 0.378 seconds
[2025-08-07T16:43:54.441+0700] {processor.py:157} INFO - Started process (PID=129843) to work on /home/dwmhr/pln/venv/lib/python3.10/site-packages/airflow/example_dags/example_sensor_decorator.py
[2025-08-07T16:43:54.449+0700] {processor.py:829} INFO - Processing file /home/dwmhr/pln/venv/lib/python3.10/site-packages/airflow/example_dags/example_sensor_decorator.py for tasks to queue
[2025-08-07T16:43:54.452+0700] {logging_mixin.py:154} INFO - [2025-08-07T16:43:54.451+0700] {dagbag.py:536} INFO - Filling up the DagBag from /home/dwmhr/pln/venv/lib/python3.10/site-packages/airflow/example_dags/example_sensor_decorator.py
[2025-08-07T16:43:54.460+0700] {processor.py:839} INFO - DAG(s) dict_keys(['example_sensor_decorator']) retrieved from /home/dwmhr/pln/venv/lib/python3.10/site-packages/airflow/example_dags/example_sensor_decorator.py
[2025-08-07T16:43:54.488+0700] {logging_mixin.py:154} INFO - [2025-08-07T16:43:54.488+0700] {dag.py:2941} INFO - Sync 1 DAGs
[2025-08-07T16:43:54.505+0700] {logging_mixin.py:154} INFO - [2025-08-07T16:43:54.505+0700] {dag.py:3722} INFO - Setting next_dagrun for example_sensor_decorator to None, run_after=None
[2025-08-07T16:43:54.533+0700] {processor.py:179} INFO - Processing /home/dwmhr/pln/venv/lib/python3.10/site-packages/airflow/example_dags/example_sensor_decorator.py took 0.099 seconds
[2025-08-07T16:44:54.599+0700] {processor.py:157} INFO - Started process (PID=130110) to work on /home/dwmhr/pln/venv/lib/python3.10/site-packages/airflow/example_dags/example_sensor_decorator.py
[2025-08-07T16:44:54.612+0700] {processor.py:829} INFO - Processing file /home/dwmhr/pln/venv/lib/python3.10/site-packages/airflow/example_dags/example_sensor_decorator.py for tasks to queue
[2025-08-07T16:44:54.613+0700] {logging_mixin.py:154} INFO - [2025-08-07T16:44:54.613+0700] {dagbag.py:536} INFO - Filling up the DagBag from /home/dwmhr/pln/venv/lib/python3.10/site-packages/airflow/example_dags/example_sensor_decorator.py
[2025-08-07T16:44:54.619+0700] {processor.py:839} INFO - DAG(s) dict_keys(['example_sensor_decorator']) retrieved from /home/dwmhr/pln/venv/lib/python3.10/site-packages/airflow/example_dags/example_sensor_decorator.py
[2025-08-07T16:44:54.635+0700] {logging_mixin.py:154} INFO - [2025-08-07T16:44:54.635+0700] {dag.py:2941} INFO - Sync 1 DAGs
[2025-08-07T16:44:54.646+0700] {logging_mixin.py:154} INFO - [2025-08-07T16:44:54.645+0700] {dag.py:3722} INFO - Setting next_dagrun for example_sensor_decorator to None, run_after=None
[2025-08-07T16:44:54.668+0700] {processor.py:179} INFO - Processing /home/dwmhr/pln/venv/lib/python3.10/site-packages/airflow/example_dags/example_sensor_decorator.py took 0.073 seconds
[2025-08-07T16:45:58.399+0700] {processor.py:157} INFO - Started process (PID=130420) to work on /home/dwmhr/pln/venv/lib/python3.10/site-packages/airflow/example_dags/example_sensor_decorator.py
[2025-08-07T16:45:58.412+0700] {processor.py:829} INFO - Processing file /home/dwmhr/pln/venv/lib/python3.10/site-packages/airflow/example_dags/example_sensor_decorator.py for tasks to queue
[2025-08-07T16:45:58.414+0700] {logging_mixin.py:154} INFO - [2025-08-07T16:45:58.413+0700] {dagbag.py:536} INFO - Filling up the DagBag from /home/dwmhr/pln/venv/lib/python3.10/site-packages/airflow/example_dags/example_sensor_decorator.py
[2025-08-07T16:45:58.419+0700] {processor.py:839} INFO - DAG(s) dict_keys(['example_sensor_decorator']) retrieved from /home/dwmhr/pln/venv/lib/python3.10/site-packages/airflow/example_dags/example_sensor_decorator.py
[2025-08-07T16:45:58.433+0700] {logging_mixin.py:154} INFO - [2025-08-07T16:45:58.432+0700] {dag.py:2941} INFO - Sync 1 DAGs
[2025-08-07T16:45:58.440+0700] {logging_mixin.py:154} INFO - [2025-08-07T16:45:58.440+0700] {dag.py:3722} INFO - Setting next_dagrun for example_sensor_decorator to None, run_after=None
[2025-08-07T16:45:58.458+0700] {processor.py:179} INFO - Processing /home/dwmhr/pln/venv/lib/python3.10/site-packages/airflow/example_dags/example_sensor_decorator.py took 0.061 seconds
[2025-08-07T16:47:11.698+0700] {processor.py:157} INFO - Started process (PID=130732) to work on /home/dwmhr/pln/venv/lib/python3.10/site-packages/airflow/example_dags/example_sensor_decorator.py
[2025-08-07T16:47:11.711+0700] {processor.py:829} INFO - Processing file /home/dwmhr/pln/venv/lib/python3.10/site-packages/airflow/example_dags/example_sensor_decorator.py for tasks to queue
[2025-08-07T16:47:11.711+0700] {logging_mixin.py:154} INFO - [2025-08-07T16:47:11.711+0700] {dagbag.py:536} INFO - Filling up the DagBag from /home/dwmhr/pln/venv/lib/python3.10/site-packages/airflow/example_dags/example_sensor_decorator.py
[2025-08-07T16:47:11.716+0700] {processor.py:839} INFO - DAG(s) dict_keys(['example_sensor_decorator']) retrieved from /home/dwmhr/pln/venv/lib/python3.10/site-packages/airflow/example_dags/example_sensor_decorator.py
[2025-08-07T16:47:11.730+0700] {logging_mixin.py:154} INFO - [2025-08-07T16:47:11.730+0700] {dag.py:2941} INFO - Sync 1 DAGs
[2025-08-07T16:47:11.738+0700] {logging_mixin.py:154} INFO - [2025-08-07T16:47:11.738+0700] {dag.py:3722} INFO - Setting next_dagrun for example_sensor_decorator to None, run_after=None
[2025-08-07T16:47:11.754+0700] {processor.py:179} INFO - Processing /home/dwmhr/pln/venv/lib/python3.10/site-packages/airflow/example_dags/example_sensor_decorator.py took 0.059 seconds
[2025-08-07T16:48:22.927+0700] {processor.py:157} INFO - Started process (PID=131029) to work on /home/dwmhr/pln/venv/lib/python3.10/site-packages/airflow/example_dags/example_sensor_decorator.py
[2025-08-07T16:48:22.933+0700] {processor.py:829} INFO - Processing file /home/dwmhr/pln/venv/lib/python3.10/site-packages/airflow/example_dags/example_sensor_decorator.py for tasks to queue
[2025-08-07T16:48:22.939+0700] {logging_mixin.py:154} INFO - [2025-08-07T16:48:22.936+0700] {dagbag.py:536} INFO - Filling up the DagBag from /home/dwmhr/pln/venv/lib/python3.10/site-packages/airflow/example_dags/example_sensor_decorator.py
[2025-08-07T16:48:23.002+0700] {processor.py:839} INFO - DAG(s) dict_keys(['example_sensor_decorator']) retrieved from /home/dwmhr/pln/venv/lib/python3.10/site-packages/airflow/example_dags/example_sensor_decorator.py
[2025-08-07T16:48:23.139+0700] {logging_mixin.py:154} INFO - [2025-08-07T16:48:23.138+0700] {dag.py:2941} INFO - Sync 1 DAGs
[2025-08-07T16:48:23.229+0700] {logging_mixin.py:154} INFO - [2025-08-07T16:48:23.228+0700] {dag.py:3722} INFO - Setting next_dagrun for example_sensor_decorator to None, run_after=None
[2025-08-07T16:48:23.393+0700] {processor.py:179} INFO - Processing /home/dwmhr/pln/venv/lib/python3.10/site-packages/airflow/example_dags/example_sensor_decorator.py took 0.486 seconds
[2025-08-07T16:49:13.142+0700] {processor.py:157} INFO - Started process (PID=131244) to work on /home/dwmhr/pln/venv/lib/python3.10/site-packages/airflow/example_dags/example_sensor_decorator.py
[2025-08-07T16:49:13.144+0700] {processor.py:829} INFO - Processing file /home/dwmhr/pln/venv/lib/python3.10/site-packages/airflow/example_dags/example_sensor_decorator.py for tasks to queue
[2025-08-07T16:49:13.145+0700] {logging_mixin.py:154} INFO - [2025-08-07T16:49:13.145+0700] {dagbag.py:536} INFO - Filling up the DagBag from /home/dwmhr/pln/venv/lib/python3.10/site-packages/airflow/example_dags/example_sensor_decorator.py
[2025-08-07T16:49:13.150+0700] {processor.py:839} INFO - DAG(s) dict_keys(['example_sensor_decorator']) retrieved from /home/dwmhr/pln/venv/lib/python3.10/site-packages/airflow/example_dags/example_sensor_decorator.py
[2025-08-07T16:49:13.165+0700] {logging_mixin.py:154} INFO - [2025-08-07T16:49:13.164+0700] {dag.py:2941} INFO - Sync 1 DAGs
[2025-08-07T16:49:13.174+0700] {logging_mixin.py:154} INFO - [2025-08-07T16:49:13.174+0700] {dag.py:3722} INFO - Setting next_dagrun for example_sensor_decorator to None, run_after=None
[2025-08-07T16:49:13.199+0700] {processor.py:179} INFO - Processing /home/dwmhr/pln/venv/lib/python3.10/site-packages/airflow/example_dags/example_sensor_decorator.py took 0.061 seconds
