[2025-08-07T15:45:05.813+0700] {processor.py:157} INFO - Started process (PID=113238) to work on /home/dwmhr/pln/venv/lib/python3.10/site-packages/airflow/example_dags/example_time_delta_sensor_async.py
[2025-08-07T15:45:05.814+0700] {processor.py:829} INFO - Processing file /home/dwmhr/pln/venv/lib/python3.10/site-packages/airflow/example_dags/example_time_delta_sensor_async.py for tasks to queue
[2025-08-07T15:45:05.815+0700] {logging_mixin.py:154} INFO - [2025-08-07T15:45:05.815+0700] {dagbag.py:536} INFO - Filling up the DagBag from /home/dwmhr/pln/venv/lib/python3.10/site-packages/airflow/example_dags/example_time_delta_sensor_async.py
[2025-08-07T15:45:05.825+0700] {processor.py:839} INFO - DAG(s) dict_keys(['example_time_delta_sensor_async']) retrieved from /home/dwmhr/pln/venv/lib/python3.10/site-packages/airflow/example_dags/example_time_delta_sensor_async.py
[2025-08-07T15:45:05.967+0700] {logging_mixin.py:154} INFO - [2025-08-07T15:45:05.966+0700] {manager.py:499} INFO - Created Permission View: %s
[2025-08-07T15:45:05.981+0700] {logging_mixin.py:154} INFO - [2025-08-07T15:45:05.981+0700] {manager.py:499} INFO - Created Permission View: %s
[2025-08-07T15:45:05.991+0700] {logging_mixin.py:154} INFO - [2025-08-07T15:45:05.991+0700] {manager.py:499} INFO - Created Permission View: %s
[2025-08-07T15:45:05.991+0700] {logging_mixin.py:154} INFO - [2025-08-07T15:45:05.991+0700] {dag.py:2941} INFO - Sync 1 DAGs
[2025-08-07T15:45:06.004+0700] {logging_mixin.py:154} INFO - [2025-08-07T15:45:06.003+0700] {dag.py:2963} INFO - Creating ORM DAG for example_time_delta_sensor_async
[2025-08-07T15:45:06.004+0700] {logging_mixin.py:154} INFO - [2025-08-07T15:45:06.004+0700] {dag.py:3722} INFO - Setting next_dagrun for example_time_delta_sensor_async to None, run_after=None
[2025-08-07T15:45:06.032+0700] {processor.py:179} INFO - Processing /home/dwmhr/pln/venv/lib/python3.10/site-packages/airflow/example_dags/example_time_delta_sensor_async.py took 0.223 seconds
[2025-08-07T15:46:16.304+0700] {processor.py:157} INFO - Started process (PID=113569) to work on /home/dwmhr/pln/venv/lib/python3.10/site-packages/airflow/example_dags/example_time_delta_sensor_async.py
[2025-08-07T15:46:16.308+0700] {processor.py:829} INFO - Processing file /home/dwmhr/pln/venv/lib/python3.10/site-packages/airflow/example_dags/example_time_delta_sensor_async.py for tasks to queue
[2025-08-07T15:46:16.309+0700] {logging_mixin.py:154} INFO - [2025-08-07T15:46:16.309+0700] {dagbag.py:536} INFO - Filling up the DagBag from /home/dwmhr/pln/venv/lib/python3.10/site-packages/airflow/example_dags/example_time_delta_sensor_async.py
[2025-08-07T15:46:16.315+0700] {processor.py:839} INFO - DAG(s) dict_keys(['example_time_delta_sensor_async']) retrieved from /home/dwmhr/pln/venv/lib/python3.10/site-packages/airflow/example_dags/example_time_delta_sensor_async.py
[2025-08-07T15:46:16.333+0700] {logging_mixin.py:154} INFO - [2025-08-07T15:46:16.333+0700] {dag.py:2941} INFO - Sync 1 DAGs
[2025-08-07T15:46:16.345+0700] {logging_mixin.py:154} INFO - [2025-08-07T15:46:16.344+0700] {dag.py:3722} INFO - Setting next_dagrun for example_time_delta_sensor_async to None, run_after=None
[2025-08-07T15:46:16.370+0700] {processor.py:179} INFO - Processing /home/dwmhr/pln/venv/lib/python3.10/site-packages/airflow/example_dags/example_time_delta_sensor_async.py took 0.069 seconds
[2025-08-07T15:47:10.239+0700] {processor.py:157} INFO - Started process (PID=113858) to work on /home/dwmhr/pln/venv/lib/python3.10/site-packages/airflow/example_dags/example_time_delta_sensor_async.py
[2025-08-07T15:47:10.253+0700] {processor.py:829} INFO - Processing file /home/dwmhr/pln/venv/lib/python3.10/site-packages/airflow/example_dags/example_time_delta_sensor_async.py for tasks to queue
[2025-08-07T15:47:10.256+0700] {logging_mixin.py:154} INFO - [2025-08-07T15:47:10.255+0700] {dagbag.py:536} INFO - Filling up the DagBag from /home/dwmhr/pln/venv/lib/python3.10/site-packages/airflow/example_dags/example_time_delta_sensor_async.py
[2025-08-07T15:47:10.269+0700] {processor.py:839} INFO - DAG(s) dict_keys(['example_time_delta_sensor_async']) retrieved from /home/dwmhr/pln/venv/lib/python3.10/site-packages/airflow/example_dags/example_time_delta_sensor_async.py
[2025-08-07T15:47:10.327+0700] {logging_mixin.py:154} INFO - [2025-08-07T15:47:10.326+0700] {dag.py:2941} INFO - Sync 1 DAGs
[2025-08-07T15:47:10.362+0700] {logging_mixin.py:154} INFO - [2025-08-07T15:47:10.361+0700] {dag.py:3722} INFO - Setting next_dagrun for example_time_delta_sensor_async to None, run_after=None
[2025-08-07T15:47:10.497+0700] {processor.py:179} INFO - Processing /home/dwmhr/pln/venv/lib/python3.10/site-packages/airflow/example_dags/example_time_delta_sensor_async.py took 0.267 seconds
[2025-08-07T15:47:56.663+0700] {processor.py:157} INFO - Started process (PID=114102) to work on /home/dwmhr/pln/venv/lib/python3.10/site-packages/airflow/example_dags/example_time_delta_sensor_async.py
[2025-08-07T15:47:56.665+0700] {processor.py:829} INFO - Processing file /home/dwmhr/pln/venv/lib/python3.10/site-packages/airflow/example_dags/example_time_delta_sensor_async.py for tasks to queue
[2025-08-07T15:47:56.665+0700] {logging_mixin.py:154} INFO - [2025-08-07T15:47:56.665+0700] {dagbag.py:536} INFO - Filling up the DagBag from /home/dwmhr/pln/venv/lib/python3.10/site-packages/airflow/example_dags/example_time_delta_sensor_async.py
[2025-08-07T15:47:56.669+0700] {processor.py:839} INFO - DAG(s) dict_keys(['example_time_delta_sensor_async']) retrieved from /home/dwmhr/pln/venv/lib/python3.10/site-packages/airflow/example_dags/example_time_delta_sensor_async.py
[2025-08-07T15:47:56.685+0700] {logging_mixin.py:154} INFO - [2025-08-07T15:47:56.684+0700] {dag.py:2941} INFO - Sync 1 DAGs
[2025-08-07T15:47:56.693+0700] {logging_mixin.py:154} INFO - [2025-08-07T15:47:56.693+0700] {dag.py:3722} INFO - Setting next_dagrun for example_time_delta_sensor_async to None, run_after=None
[2025-08-07T15:47:56.716+0700] {processor.py:179} INFO - Processing /home/dwmhr/pln/venv/lib/python3.10/site-packages/airflow/example_dags/example_time_delta_sensor_async.py took 0.056 seconds
[2025-08-07T15:48:33.581+0700] {processor.py:157} INFO - Started process (PID=114301) to work on /home/dwmhr/pln/venv/lib/python3.10/site-packages/airflow/example_dags/example_time_delta_sensor_async.py
[2025-08-07T15:48:33.594+0700] {processor.py:829} INFO - Processing file /home/dwmhr/pln/venv/lib/python3.10/site-packages/airflow/example_dags/example_time_delta_sensor_async.py for tasks to queue
[2025-08-07T15:48:33.595+0700] {logging_mixin.py:154} INFO - [2025-08-07T15:48:33.595+0700] {dagbag.py:536} INFO - Filling up the DagBag from /home/dwmhr/pln/venv/lib/python3.10/site-packages/airflow/example_dags/example_time_delta_sensor_async.py
[2025-08-07T15:48:33.599+0700] {processor.py:839} INFO - DAG(s) dict_keys(['example_time_delta_sensor_async']) retrieved from /home/dwmhr/pln/venv/lib/python3.10/site-packages/airflow/example_dags/example_time_delta_sensor_async.py
[2025-08-07T15:48:33.612+0700] {logging_mixin.py:154} INFO - [2025-08-07T15:48:33.612+0700] {dag.py:2941} INFO - Sync 1 DAGs
[2025-08-07T15:48:33.620+0700] {logging_mixin.py:154} INFO - [2025-08-07T15:48:33.619+0700] {dag.py:3722} INFO - Setting next_dagrun for example_time_delta_sensor_async to None, run_after=None
[2025-08-07T15:48:33.637+0700] {processor.py:179} INFO - Processing /home/dwmhr/pln/venv/lib/python3.10/site-packages/airflow/example_dags/example_time_delta_sensor_async.py took 0.058 seconds
[2025-08-07T15:49:40.067+0700] {processor.py:157} INFO - Started process (PID=114635) to work on /home/dwmhr/pln/venv/lib/python3.10/site-packages/airflow/example_dags/example_time_delta_sensor_async.py
[2025-08-07T15:49:40.071+0700] {processor.py:829} INFO - Processing file /home/dwmhr/pln/venv/lib/python3.10/site-packages/airflow/example_dags/example_time_delta_sensor_async.py for tasks to queue
[2025-08-07T15:49:40.074+0700] {logging_mixin.py:154} INFO - [2025-08-07T15:49:40.072+0700] {dagbag.py:536} INFO - Filling up the DagBag from /home/dwmhr/pln/venv/lib/python3.10/site-packages/airflow/example_dags/example_time_delta_sensor_async.py
[2025-08-07T15:49:40.089+0700] {processor.py:839} INFO - DAG(s) dict_keys(['example_time_delta_sensor_async']) retrieved from /home/dwmhr/pln/venv/lib/python3.10/site-packages/airflow/example_dags/example_time_delta_sensor_async.py
[2025-08-07T15:49:40.147+0700] {logging_mixin.py:154} INFO - [2025-08-07T15:49:40.146+0700] {dag.py:2941} INFO - Sync 1 DAGs
[2025-08-07T15:49:40.183+0700] {logging_mixin.py:154} INFO - [2025-08-07T15:49:40.183+0700] {dag.py:3722} INFO - Setting next_dagrun for example_time_delta_sensor_async to None, run_after=None
[2025-08-07T15:49:40.245+0700] {processor.py:179} INFO - Processing /home/dwmhr/pln/venv/lib/python3.10/site-packages/airflow/example_dags/example_time_delta_sensor_async.py took 0.187 seconds
[2025-08-07T15:50:56.333+0700] {processor.py:157} INFO - Started process (PID=115049) to work on /home/dwmhr/pln/venv/lib/python3.10/site-packages/airflow/example_dags/example_time_delta_sensor_async.py
[2025-08-07T15:50:56.338+0700] {processor.py:829} INFO - Processing file /home/dwmhr/pln/venv/lib/python3.10/site-packages/airflow/example_dags/example_time_delta_sensor_async.py for tasks to queue
[2025-08-07T15:50:56.340+0700] {logging_mixin.py:154} INFO - [2025-08-07T15:50:56.339+0700] {dagbag.py:536} INFO - Filling up the DagBag from /home/dwmhr/pln/venv/lib/python3.10/site-packages/airflow/example_dags/example_time_delta_sensor_async.py
[2025-08-07T15:50:56.356+0700] {processor.py:839} INFO - DAG(s) dict_keys(['example_time_delta_sensor_async']) retrieved from /home/dwmhr/pln/venv/lib/python3.10/site-packages/airflow/example_dags/example_time_delta_sensor_async.py
[2025-08-07T15:50:56.419+0700] {logging_mixin.py:154} INFO - [2025-08-07T15:50:56.419+0700] {dag.py:2941} INFO - Sync 1 DAGs
[2025-08-07T15:50:56.465+0700] {logging_mixin.py:154} INFO - [2025-08-07T15:50:56.464+0700] {dag.py:3722} INFO - Setting next_dagrun for example_time_delta_sensor_async to None, run_after=None
[2025-08-07T15:50:56.557+0700] {processor.py:179} INFO - Processing /home/dwmhr/pln/venv/lib/python3.10/site-packages/airflow/example_dags/example_time_delta_sensor_async.py took 0.234 seconds
[2025-08-07T15:51:54.433+0700] {processor.py:157} INFO - Started process (PID=115368) to work on /home/dwmhr/pln/venv/lib/python3.10/site-packages/airflow/example_dags/example_time_delta_sensor_async.py
[2025-08-07T15:51:54.438+0700] {processor.py:829} INFO - Processing file /home/dwmhr/pln/venv/lib/python3.10/site-packages/airflow/example_dags/example_time_delta_sensor_async.py for tasks to queue
[2025-08-07T15:51:54.443+0700] {logging_mixin.py:154} INFO - [2025-08-07T15:51:54.441+0700] {dagbag.py:536} INFO - Filling up the DagBag from /home/dwmhr/pln/venv/lib/python3.10/site-packages/airflow/example_dags/example_time_delta_sensor_async.py
[2025-08-07T15:51:54.467+0700] {processor.py:839} INFO - DAG(s) dict_keys(['example_time_delta_sensor_async']) retrieved from /home/dwmhr/pln/venv/lib/python3.10/site-packages/airflow/example_dags/example_time_delta_sensor_async.py
[2025-08-07T15:51:54.556+0700] {logging_mixin.py:154} INFO - [2025-08-07T15:51:54.555+0700] {dag.py:2941} INFO - Sync 1 DAGs
[2025-08-07T15:51:54.612+0700] {logging_mixin.py:154} INFO - [2025-08-07T15:51:54.611+0700] {dag.py:3722} INFO - Setting next_dagrun for example_time_delta_sensor_async to None, run_after=None
[2025-08-07T15:51:54.715+0700] {processor.py:179} INFO - Processing /home/dwmhr/pln/venv/lib/python3.10/site-packages/airflow/example_dags/example_time_delta_sensor_async.py took 0.298 seconds
[2025-08-07T15:52:57.058+0700] {processor.py:157} INFO - Started process (PID=115643) to work on /home/dwmhr/pln/venv/lib/python3.10/site-packages/airflow/example_dags/example_time_delta_sensor_async.py
[2025-08-07T15:52:57.061+0700] {processor.py:829} INFO - Processing file /home/dwmhr/pln/venv/lib/python3.10/site-packages/airflow/example_dags/example_time_delta_sensor_async.py for tasks to queue
[2025-08-07T15:52:57.063+0700] {logging_mixin.py:154} INFO - [2025-08-07T15:52:57.062+0700] {dagbag.py:536} INFO - Filling up the DagBag from /home/dwmhr/pln/venv/lib/python3.10/site-packages/airflow/example_dags/example_time_delta_sensor_async.py
[2025-08-07T15:52:57.083+0700] {processor.py:839} INFO - DAG(s) dict_keys(['example_time_delta_sensor_async']) retrieved from /home/dwmhr/pln/venv/lib/python3.10/site-packages/airflow/example_dags/example_time_delta_sensor_async.py
[2025-08-07T15:52:57.155+0700] {logging_mixin.py:154} INFO - [2025-08-07T15:52:57.155+0700] {dag.py:2941} INFO - Sync 1 DAGs
[2025-08-07T15:52:57.192+0700] {logging_mixin.py:154} INFO - [2025-08-07T15:52:57.192+0700] {dag.py:3722} INFO - Setting next_dagrun for example_time_delta_sensor_async to None, run_after=None
[2025-08-07T15:52:57.258+0700] {processor.py:179} INFO - Processing /home/dwmhr/pln/venv/lib/python3.10/site-packages/airflow/example_dags/example_time_delta_sensor_async.py took 0.207 seconds
[2025-08-07T15:54:38.130+0700] {processor.py:157} INFO - Started process (PID=116069) to work on /home/dwmhr/pln/venv/lib/python3.10/site-packages/airflow/example_dags/example_time_delta_sensor_async.py
[2025-08-07T15:54:38.136+0700] {processor.py:829} INFO - Processing file /home/dwmhr/pln/venv/lib/python3.10/site-packages/airflow/example_dags/example_time_delta_sensor_async.py for tasks to queue
[2025-08-07T15:54:38.138+0700] {logging_mixin.py:154} INFO - [2025-08-07T15:54:38.137+0700] {dagbag.py:536} INFO - Filling up the DagBag from /home/dwmhr/pln/venv/lib/python3.10/site-packages/airflow/example_dags/example_time_delta_sensor_async.py
[2025-08-07T15:54:38.148+0700] {processor.py:839} INFO - DAG(s) dict_keys(['example_time_delta_sensor_async']) retrieved from /home/dwmhr/pln/venv/lib/python3.10/site-packages/airflow/example_dags/example_time_delta_sensor_async.py
[2025-08-07T15:54:38.184+0700] {logging_mixin.py:154} INFO - [2025-08-07T15:54:38.184+0700] {dag.py:2941} INFO - Sync 1 DAGs
[2025-08-07T15:54:38.204+0700] {logging_mixin.py:154} INFO - [2025-08-07T15:54:38.204+0700] {dag.py:3722} INFO - Setting next_dagrun for example_time_delta_sensor_async to None, run_after=None
[2025-08-07T15:54:38.255+0700] {processor.py:179} INFO - Processing /home/dwmhr/pln/venv/lib/python3.10/site-packages/airflow/example_dags/example_time_delta_sensor_async.py took 0.131 seconds
[2025-08-07T15:55:51.052+0700] {processor.py:157} INFO - Started process (PID=116464) to work on /home/dwmhr/pln/venv/lib/python3.10/site-packages/airflow/example_dags/example_time_delta_sensor_async.py
[2025-08-07T15:55:51.067+0700] {processor.py:829} INFO - Processing file /home/dwmhr/pln/venv/lib/python3.10/site-packages/airflow/example_dags/example_time_delta_sensor_async.py for tasks to queue
[2025-08-07T15:55:51.070+0700] {logging_mixin.py:154} INFO - [2025-08-07T15:55:51.069+0700] {dagbag.py:536} INFO - Filling up the DagBag from /home/dwmhr/pln/venv/lib/python3.10/site-packages/airflow/example_dags/example_time_delta_sensor_async.py
[2025-08-07T15:55:51.121+0700] {processor.py:839} INFO - DAG(s) dict_keys(['example_time_delta_sensor_async']) retrieved from /home/dwmhr/pln/venv/lib/python3.10/site-packages/airflow/example_dags/example_time_delta_sensor_async.py
[2025-08-07T15:55:51.260+0700] {logging_mixin.py:154} INFO - [2025-08-07T15:55:51.259+0700] {dag.py:2941} INFO - Sync 1 DAGs
[2025-08-07T15:55:51.572+0700] {logging_mixin.py:154} INFO - [2025-08-07T15:55:51.570+0700] {dag.py:3722} INFO - Setting next_dagrun for example_time_delta_sensor_async to None, run_after=None
[2025-08-07T15:55:52.257+0700] {processor.py:179} INFO - Processing /home/dwmhr/pln/venv/lib/python3.10/site-packages/airflow/example_dags/example_time_delta_sensor_async.py took 1.216 seconds
[2025-08-07T15:57:02.126+0700] {processor.py:157} INFO - Started process (PID=116833) to work on /home/dwmhr/pln/venv/lib/python3.10/site-packages/airflow/example_dags/example_time_delta_sensor_async.py
[2025-08-07T15:57:02.131+0700] {processor.py:829} INFO - Processing file /home/dwmhr/pln/venv/lib/python3.10/site-packages/airflow/example_dags/example_time_delta_sensor_async.py for tasks to queue
[2025-08-07T15:57:02.134+0700] {logging_mixin.py:154} INFO - [2025-08-07T15:57:02.132+0700] {dagbag.py:536} INFO - Filling up the DagBag from /home/dwmhr/pln/venv/lib/python3.10/site-packages/airflow/example_dags/example_time_delta_sensor_async.py
[2025-08-07T15:57:02.159+0700] {processor.py:839} INFO - DAG(s) dict_keys(['example_time_delta_sensor_async']) retrieved from /home/dwmhr/pln/venv/lib/python3.10/site-packages/airflow/example_dags/example_time_delta_sensor_async.py
[2025-08-07T15:57:02.245+0700] {logging_mixin.py:154} INFO - [2025-08-07T15:57:02.244+0700] {dag.py:2941} INFO - Sync 1 DAGs
[2025-08-07T15:57:02.281+0700] {logging_mixin.py:154} INFO - [2025-08-07T15:57:02.280+0700] {dag.py:3722} INFO - Setting next_dagrun for example_time_delta_sensor_async to None, run_after=None
[2025-08-07T15:57:02.347+0700] {processor.py:179} INFO - Processing /home/dwmhr/pln/venv/lib/python3.10/site-packages/airflow/example_dags/example_time_delta_sensor_async.py took 0.239 seconds
[2025-08-07T15:59:12.430+0700] {processor.py:157} INFO - Started process (PID=117515) to work on /home/dwmhr/pln/venv/lib/python3.10/site-packages/airflow/example_dags/example_time_delta_sensor_async.py
[2025-08-07T15:59:12.437+0700] {processor.py:829} INFO - Processing file /home/dwmhr/pln/venv/lib/python3.10/site-packages/airflow/example_dags/example_time_delta_sensor_async.py for tasks to queue
[2025-08-07T15:59:12.444+0700] {logging_mixin.py:154} INFO - [2025-08-07T15:59:12.441+0700] {dagbag.py:536} INFO - Filling up the DagBag from /home/dwmhr/pln/venv/lib/python3.10/site-packages/airflow/example_dags/example_time_delta_sensor_async.py
[2025-08-07T15:59:12.475+0700] {processor.py:839} INFO - DAG(s) dict_keys(['example_time_delta_sensor_async']) retrieved from /home/dwmhr/pln/venv/lib/python3.10/site-packages/airflow/example_dags/example_time_delta_sensor_async.py
[2025-08-07T15:59:12.572+0700] {logging_mixin.py:154} INFO - [2025-08-07T15:59:12.571+0700] {dag.py:2941} INFO - Sync 1 DAGs
[2025-08-07T15:59:12.642+0700] {logging_mixin.py:154} INFO - [2025-08-07T15:59:12.641+0700] {dag.py:3722} INFO - Setting next_dagrun for example_time_delta_sensor_async to None, run_after=None
[2025-08-07T15:59:12.762+0700] {processor.py:179} INFO - Processing /home/dwmhr/pln/venv/lib/python3.10/site-packages/airflow/example_dags/example_time_delta_sensor_async.py took 0.354 seconds
[2025-08-07T16:00:42.899+0700] {processor.py:157} INFO - Started process (PID=117981) to work on /home/dwmhr/pln/venv/lib/python3.10/site-packages/airflow/example_dags/example_time_delta_sensor_async.py
[2025-08-07T16:00:42.902+0700] {processor.py:829} INFO - Processing file /home/dwmhr/pln/venv/lib/python3.10/site-packages/airflow/example_dags/example_time_delta_sensor_async.py for tasks to queue
[2025-08-07T16:00:42.904+0700] {logging_mixin.py:154} INFO - [2025-08-07T16:00:42.903+0700] {dagbag.py:536} INFO - Filling up the DagBag from /home/dwmhr/pln/venv/lib/python3.10/site-packages/airflow/example_dags/example_time_delta_sensor_async.py
[2025-08-07T16:00:42.912+0700] {processor.py:839} INFO - DAG(s) dict_keys(['example_time_delta_sensor_async']) retrieved from /home/dwmhr/pln/venv/lib/python3.10/site-packages/airflow/example_dags/example_time_delta_sensor_async.py
[2025-08-07T16:00:42.942+0700] {logging_mixin.py:154} INFO - [2025-08-07T16:00:42.942+0700] {dag.py:2941} INFO - Sync 1 DAGs
[2025-08-07T16:00:42.962+0700] {logging_mixin.py:154} INFO - [2025-08-07T16:00:42.961+0700] {dag.py:3722} INFO - Setting next_dagrun for example_time_delta_sensor_async to None, run_after=None
[2025-08-07T16:00:43.004+0700] {processor.py:179} INFO - Processing /home/dwmhr/pln/venv/lib/python3.10/site-packages/airflow/example_dags/example_time_delta_sensor_async.py took 0.111 seconds
[2025-08-07T16:03:45.293+0700] {processor.py:157} INFO - Started process (PID=118778) to work on /home/dwmhr/pln/venv/lib/python3.10/site-packages/airflow/example_dags/example_time_delta_sensor_async.py
[2025-08-07T16:03:45.305+0700] {processor.py:829} INFO - Processing file /home/dwmhr/pln/venv/lib/python3.10/site-packages/airflow/example_dags/example_time_delta_sensor_async.py for tasks to queue
[2025-08-07T16:03:45.307+0700] {logging_mixin.py:154} INFO - [2025-08-07T16:03:45.306+0700] {dagbag.py:536} INFO - Filling up the DagBag from /home/dwmhr/pln/venv/lib/python3.10/site-packages/airflow/example_dags/example_time_delta_sensor_async.py
[2025-08-07T16:03:45.315+0700] {processor.py:839} INFO - DAG(s) dict_keys(['example_time_delta_sensor_async']) retrieved from /home/dwmhr/pln/venv/lib/python3.10/site-packages/airflow/example_dags/example_time_delta_sensor_async.py
[2025-08-07T16:03:45.358+0700] {logging_mixin.py:154} INFO - [2025-08-07T16:03:45.357+0700] {dag.py:2941} INFO - Sync 1 DAGs
[2025-08-07T16:03:45.373+0700] {logging_mixin.py:154} INFO - [2025-08-07T16:03:45.373+0700] {dag.py:3722} INFO - Setting next_dagrun for example_time_delta_sensor_async to None, run_after=None
[2025-08-07T16:03:45.432+0700] {processor.py:179} INFO - Processing /home/dwmhr/pln/venv/lib/python3.10/site-packages/airflow/example_dags/example_time_delta_sensor_async.py took 0.145 seconds
[2025-08-07T16:04:55.334+0700] {processor.py:157} INFO - Started process (PID=119131) to work on /home/dwmhr/pln/venv/lib/python3.10/site-packages/airflow/example_dags/example_time_delta_sensor_async.py
[2025-08-07T16:04:55.338+0700] {processor.py:829} INFO - Processing file /home/dwmhr/pln/venv/lib/python3.10/site-packages/airflow/example_dags/example_time_delta_sensor_async.py for tasks to queue
[2025-08-07T16:04:55.341+0700] {logging_mixin.py:154} INFO - [2025-08-07T16:04:55.340+0700] {dagbag.py:536} INFO - Filling up the DagBag from /home/dwmhr/pln/venv/lib/python3.10/site-packages/airflow/example_dags/example_time_delta_sensor_async.py
[2025-08-07T16:04:55.356+0700] {processor.py:839} INFO - DAG(s) dict_keys(['example_time_delta_sensor_async']) retrieved from /home/dwmhr/pln/venv/lib/python3.10/site-packages/airflow/example_dags/example_time_delta_sensor_async.py
[2025-08-07T16:04:55.410+0700] {logging_mixin.py:154} INFO - [2025-08-07T16:04:55.409+0700] {dag.py:2941} INFO - Sync 1 DAGs
[2025-08-07T16:04:55.443+0700] {logging_mixin.py:154} INFO - [2025-08-07T16:04:55.443+0700] {dag.py:3722} INFO - Setting next_dagrun for example_time_delta_sensor_async to None, run_after=None
[2025-08-07T16:04:55.513+0700] {processor.py:179} INFO - Processing /home/dwmhr/pln/venv/lib/python3.10/site-packages/airflow/example_dags/example_time_delta_sensor_async.py took 0.189 seconds
[2025-08-07T16:05:44.136+0700] {processor.py:157} INFO - Started process (PID=119395) to work on /home/dwmhr/pln/venv/lib/python3.10/site-packages/airflow/example_dags/example_time_delta_sensor_async.py
[2025-08-07T16:05:44.140+0700] {processor.py:829} INFO - Processing file /home/dwmhr/pln/venv/lib/python3.10/site-packages/airflow/example_dags/example_time_delta_sensor_async.py for tasks to queue
[2025-08-07T16:05:44.143+0700] {logging_mixin.py:154} INFO - [2025-08-07T16:05:44.142+0700] {dagbag.py:536} INFO - Filling up the DagBag from /home/dwmhr/pln/venv/lib/python3.10/site-packages/airflow/example_dags/example_time_delta_sensor_async.py
[2025-08-07T16:05:44.160+0700] {processor.py:839} INFO - DAG(s) dict_keys(['example_time_delta_sensor_async']) retrieved from /home/dwmhr/pln/venv/lib/python3.10/site-packages/airflow/example_dags/example_time_delta_sensor_async.py
[2025-08-07T16:05:44.212+0700] {logging_mixin.py:154} INFO - [2025-08-07T16:05:44.212+0700] {dag.py:2941} INFO - Sync 1 DAGs
[2025-08-07T16:05:44.253+0700] {logging_mixin.py:154} INFO - [2025-08-07T16:05:44.253+0700] {dag.py:3722} INFO - Setting next_dagrun for example_time_delta_sensor_async to None, run_after=None
[2025-08-07T16:05:44.321+0700] {processor.py:179} INFO - Processing /home/dwmhr/pln/venv/lib/python3.10/site-packages/airflow/example_dags/example_time_delta_sensor_async.py took 0.196 seconds
[2025-08-07T16:07:12.761+0700] {processor.py:157} INFO - Started process (PID=119813) to work on /home/dwmhr/pln/venv/lib/python3.10/site-packages/airflow/example_dags/example_time_delta_sensor_async.py
[2025-08-07T16:07:12.763+0700] {processor.py:829} INFO - Processing file /home/dwmhr/pln/venv/lib/python3.10/site-packages/airflow/example_dags/example_time_delta_sensor_async.py for tasks to queue
[2025-08-07T16:07:12.764+0700] {logging_mixin.py:154} INFO - [2025-08-07T16:07:12.764+0700] {dagbag.py:536} INFO - Filling up the DagBag from /home/dwmhr/pln/venv/lib/python3.10/site-packages/airflow/example_dags/example_time_delta_sensor_async.py
[2025-08-07T16:07:12.770+0700] {processor.py:839} INFO - DAG(s) dict_keys(['example_time_delta_sensor_async']) retrieved from /home/dwmhr/pln/venv/lib/python3.10/site-packages/airflow/example_dags/example_time_delta_sensor_async.py
[2025-08-07T16:07:12.785+0700] {logging_mixin.py:154} INFO - [2025-08-07T16:07:12.785+0700] {dag.py:2941} INFO - Sync 1 DAGs
[2025-08-07T16:07:12.795+0700] {logging_mixin.py:154} INFO - [2025-08-07T16:07:12.794+0700] {dag.py:3722} INFO - Setting next_dagrun for example_time_delta_sensor_async to None, run_after=None
[2025-08-07T16:07:12.814+0700] {processor.py:179} INFO - Processing /home/dwmhr/pln/venv/lib/python3.10/site-packages/airflow/example_dags/example_time_delta_sensor_async.py took 0.057 seconds
[2025-08-07T16:08:38.436+0700] {processor.py:157} INFO - Started process (PID=120242) to work on /home/dwmhr/pln/venv/lib/python3.10/site-packages/airflow/example_dags/example_time_delta_sensor_async.py
[2025-08-07T16:08:38.441+0700] {processor.py:829} INFO - Processing file /home/dwmhr/pln/venv/lib/python3.10/site-packages/airflow/example_dags/example_time_delta_sensor_async.py for tasks to queue
[2025-08-07T16:08:38.444+0700] {logging_mixin.py:154} INFO - [2025-08-07T16:08:38.443+0700] {dagbag.py:536} INFO - Filling up the DagBag from /home/dwmhr/pln/venv/lib/python3.10/site-packages/airflow/example_dags/example_time_delta_sensor_async.py
[2025-08-07T16:08:38.457+0700] {processor.py:839} INFO - DAG(s) dict_keys(['example_time_delta_sensor_async']) retrieved from /home/dwmhr/pln/venv/lib/python3.10/site-packages/airflow/example_dags/example_time_delta_sensor_async.py
[2025-08-07T16:08:38.497+0700] {logging_mixin.py:154} INFO - [2025-08-07T16:08:38.496+0700] {dag.py:2941} INFO - Sync 1 DAGs
[2025-08-07T16:08:38.524+0700] {logging_mixin.py:154} INFO - [2025-08-07T16:08:38.523+0700] {dag.py:3722} INFO - Setting next_dagrun for example_time_delta_sensor_async to None, run_after=None
[2025-08-07T16:08:38.581+0700] {processor.py:179} INFO - Processing /home/dwmhr/pln/venv/lib/python3.10/site-packages/airflow/example_dags/example_time_delta_sensor_async.py took 0.155 seconds
[2025-08-07T16:09:49.116+0700] {processor.py:157} INFO - Started process (PID=120569) to work on /home/dwmhr/pln/venv/lib/python3.10/site-packages/airflow/example_dags/example_time_delta_sensor_async.py
[2025-08-07T16:09:49.121+0700] {processor.py:829} INFO - Processing file /home/dwmhr/pln/venv/lib/python3.10/site-packages/airflow/example_dags/example_time_delta_sensor_async.py for tasks to queue
[2025-08-07T16:09:49.123+0700] {logging_mixin.py:154} INFO - [2025-08-07T16:09:49.123+0700] {dagbag.py:536} INFO - Filling up the DagBag from /home/dwmhr/pln/venv/lib/python3.10/site-packages/airflow/example_dags/example_time_delta_sensor_async.py
[2025-08-07T16:09:49.137+0700] {processor.py:839} INFO - DAG(s) dict_keys(['example_time_delta_sensor_async']) retrieved from /home/dwmhr/pln/venv/lib/python3.10/site-packages/airflow/example_dags/example_time_delta_sensor_async.py
[2025-08-07T16:09:49.182+0700] {logging_mixin.py:154} INFO - [2025-08-07T16:09:49.182+0700] {dag.py:2941} INFO - Sync 1 DAGs
[2025-08-07T16:09:49.212+0700] {logging_mixin.py:154} INFO - [2025-08-07T16:09:49.211+0700] {dag.py:3722} INFO - Setting next_dagrun for example_time_delta_sensor_async to None, run_after=None
[2025-08-07T16:09:49.278+0700] {processor.py:179} INFO - Processing /home/dwmhr/pln/venv/lib/python3.10/site-packages/airflow/example_dags/example_time_delta_sensor_async.py took 0.171 seconds
[2025-08-07T16:10:48.858+0700] {processor.py:157} INFO - Started process (PID=120878) to work on /home/dwmhr/pln/venv/lib/python3.10/site-packages/airflow/example_dags/example_time_delta_sensor_async.py
[2025-08-07T16:10:48.862+0700] {processor.py:829} INFO - Processing file /home/dwmhr/pln/venv/lib/python3.10/site-packages/airflow/example_dags/example_time_delta_sensor_async.py for tasks to queue
[2025-08-07T16:10:48.864+0700] {logging_mixin.py:154} INFO - [2025-08-07T16:10:48.863+0700] {dagbag.py:536} INFO - Filling up the DagBag from /home/dwmhr/pln/venv/lib/python3.10/site-packages/airflow/example_dags/example_time_delta_sensor_async.py
[2025-08-07T16:10:48.872+0700] {processor.py:839} INFO - DAG(s) dict_keys(['example_time_delta_sensor_async']) retrieved from /home/dwmhr/pln/venv/lib/python3.10/site-packages/airflow/example_dags/example_time_delta_sensor_async.py
[2025-08-07T16:10:48.898+0700] {logging_mixin.py:154} INFO - [2025-08-07T16:10:48.898+0700] {dag.py:2941} INFO - Sync 1 DAGs
[2025-08-07T16:10:48.913+0700] {logging_mixin.py:154} INFO - [2025-08-07T16:10:48.913+0700] {dag.py:3722} INFO - Setting next_dagrun for example_time_delta_sensor_async to None, run_after=None
[2025-08-07T16:10:48.950+0700] {processor.py:179} INFO - Processing /home/dwmhr/pln/venv/lib/python3.10/site-packages/airflow/example_dags/example_time_delta_sensor_async.py took 0.097 seconds
[2025-08-07T16:11:37.229+0700] {processor.py:157} INFO - Started process (PID=121148) to work on /home/dwmhr/pln/venv/lib/python3.10/site-packages/airflow/example_dags/example_time_delta_sensor_async.py
[2025-08-07T16:11:37.231+0700] {processor.py:829} INFO - Processing file /home/dwmhr/pln/venv/lib/python3.10/site-packages/airflow/example_dags/example_time_delta_sensor_async.py for tasks to queue
[2025-08-07T16:11:37.233+0700] {logging_mixin.py:154} INFO - [2025-08-07T16:11:37.232+0700] {dagbag.py:536} INFO - Filling up the DagBag from /home/dwmhr/pln/venv/lib/python3.10/site-packages/airflow/example_dags/example_time_delta_sensor_async.py
[2025-08-07T16:11:37.240+0700] {processor.py:839} INFO - DAG(s) dict_keys(['example_time_delta_sensor_async']) retrieved from /home/dwmhr/pln/venv/lib/python3.10/site-packages/airflow/example_dags/example_time_delta_sensor_async.py
[2025-08-07T16:11:37.263+0700] {logging_mixin.py:154} INFO - [2025-08-07T16:11:37.262+0700] {dag.py:2941} INFO - Sync 1 DAGs
[2025-08-07T16:11:37.277+0700] {logging_mixin.py:154} INFO - [2025-08-07T16:11:37.276+0700] {dag.py:3722} INFO - Setting next_dagrun for example_time_delta_sensor_async to None, run_after=None
[2025-08-07T16:11:37.309+0700] {processor.py:179} INFO - Processing /home/dwmhr/pln/venv/lib/python3.10/site-packages/airflow/example_dags/example_time_delta_sensor_async.py took 0.085 seconds
[2025-08-07T16:12:27.264+0700] {processor.py:157} INFO - Started process (PID=121434) to work on /home/dwmhr/pln/venv/lib/python3.10/site-packages/airflow/example_dags/example_time_delta_sensor_async.py
[2025-08-07T16:12:27.267+0700] {processor.py:829} INFO - Processing file /home/dwmhr/pln/venv/lib/python3.10/site-packages/airflow/example_dags/example_time_delta_sensor_async.py for tasks to queue
[2025-08-07T16:12:27.269+0700] {logging_mixin.py:154} INFO - [2025-08-07T16:12:27.268+0700] {dagbag.py:536} INFO - Filling up the DagBag from /home/dwmhr/pln/venv/lib/python3.10/site-packages/airflow/example_dags/example_time_delta_sensor_async.py
[2025-08-07T16:12:27.278+0700] {processor.py:839} INFO - DAG(s) dict_keys(['example_time_delta_sensor_async']) retrieved from /home/dwmhr/pln/venv/lib/python3.10/site-packages/airflow/example_dags/example_time_delta_sensor_async.py
[2025-08-07T16:12:27.310+0700] {logging_mixin.py:154} INFO - [2025-08-07T16:12:27.309+0700] {dag.py:2941} INFO - Sync 1 DAGs
[2025-08-07T16:12:27.329+0700] {logging_mixin.py:154} INFO - [2025-08-07T16:12:27.328+0700] {dag.py:3722} INFO - Setting next_dagrun for example_time_delta_sensor_async to None, run_after=None
[2025-08-07T16:12:27.372+0700] {processor.py:179} INFO - Processing /home/dwmhr/pln/venv/lib/python3.10/site-packages/airflow/example_dags/example_time_delta_sensor_async.py took 0.115 seconds
[2025-08-07T16:13:14.704+0700] {processor.py:157} INFO - Started process (PID=121649) to work on /home/dwmhr/pln/venv/lib/python3.10/site-packages/airflow/example_dags/example_time_delta_sensor_async.py
[2025-08-07T16:13:14.708+0700] {processor.py:829} INFO - Processing file /home/dwmhr/pln/venv/lib/python3.10/site-packages/airflow/example_dags/example_time_delta_sensor_async.py for tasks to queue
[2025-08-07T16:13:14.709+0700] {logging_mixin.py:154} INFO - [2025-08-07T16:13:14.709+0700] {dagbag.py:536} INFO - Filling up the DagBag from /home/dwmhr/pln/venv/lib/python3.10/site-packages/airflow/example_dags/example_time_delta_sensor_async.py
[2025-08-07T16:13:14.716+0700] {processor.py:839} INFO - DAG(s) dict_keys(['example_time_delta_sensor_async']) retrieved from /home/dwmhr/pln/venv/lib/python3.10/site-packages/airflow/example_dags/example_time_delta_sensor_async.py
[2025-08-07T16:13:14.736+0700] {logging_mixin.py:154} INFO - [2025-08-07T16:13:14.736+0700] {dag.py:2941} INFO - Sync 1 DAGs
[2025-08-07T16:13:14.748+0700] {logging_mixin.py:154} INFO - [2025-08-07T16:13:14.748+0700] {dag.py:3722} INFO - Setting next_dagrun for example_time_delta_sensor_async to None, run_after=None
[2025-08-07T16:13:14.777+0700] {processor.py:179} INFO - Processing /home/dwmhr/pln/venv/lib/python3.10/site-packages/airflow/example_dags/example_time_delta_sensor_async.py took 0.078 seconds
[2025-08-07T16:14:03.574+0700] {processor.py:157} INFO - Started process (PID=121921) to work on /home/dwmhr/pln/venv/lib/python3.10/site-packages/airflow/example_dags/example_time_delta_sensor_async.py
[2025-08-07T16:14:03.577+0700] {processor.py:829} INFO - Processing file /home/dwmhr/pln/venv/lib/python3.10/site-packages/airflow/example_dags/example_time_delta_sensor_async.py for tasks to queue
[2025-08-07T16:14:03.579+0700] {logging_mixin.py:154} INFO - [2025-08-07T16:14:03.578+0700] {dagbag.py:536} INFO - Filling up the DagBag from /home/dwmhr/pln/venv/lib/python3.10/site-packages/airflow/example_dags/example_time_delta_sensor_async.py
[2025-08-07T16:14:03.591+0700] {processor.py:839} INFO - DAG(s) dict_keys(['example_time_delta_sensor_async']) retrieved from /home/dwmhr/pln/venv/lib/python3.10/site-packages/airflow/example_dags/example_time_delta_sensor_async.py
[2025-08-07T16:14:03.633+0700] {logging_mixin.py:154} INFO - [2025-08-07T16:14:03.633+0700] {dag.py:2941} INFO - Sync 1 DAGs
[2025-08-07T16:14:03.656+0700] {logging_mixin.py:154} INFO - [2025-08-07T16:14:03.655+0700] {dag.py:3722} INFO - Setting next_dagrun for example_time_delta_sensor_async to None, run_after=None
[2025-08-07T16:14:03.717+0700] {processor.py:179} INFO - Processing /home/dwmhr/pln/venv/lib/python3.10/site-packages/airflow/example_dags/example_time_delta_sensor_async.py took 0.151 seconds
[2025-08-07T16:15:05.625+0700] {processor.py:157} INFO - Started process (PID=122229) to work on /home/dwmhr/pln/venv/lib/python3.10/site-packages/airflow/example_dags/example_time_delta_sensor_async.py
[2025-08-07T16:15:05.627+0700] {processor.py:829} INFO - Processing file /home/dwmhr/pln/venv/lib/python3.10/site-packages/airflow/example_dags/example_time_delta_sensor_async.py for tasks to queue
[2025-08-07T16:15:05.628+0700] {logging_mixin.py:154} INFO - [2025-08-07T16:15:05.628+0700] {dagbag.py:536} INFO - Filling up the DagBag from /home/dwmhr/pln/venv/lib/python3.10/site-packages/airflow/example_dags/example_time_delta_sensor_async.py
[2025-08-07T16:15:05.639+0700] {processor.py:839} INFO - DAG(s) dict_keys(['example_time_delta_sensor_async']) retrieved from /home/dwmhr/pln/venv/lib/python3.10/site-packages/airflow/example_dags/example_time_delta_sensor_async.py
[2025-08-07T16:15:05.720+0700] {logging_mixin.py:154} INFO - [2025-08-07T16:15:05.718+0700] {dag.py:2941} INFO - Sync 1 DAGs
[2025-08-07T16:15:05.808+0700] {logging_mixin.py:154} INFO - [2025-08-07T16:15:05.807+0700] {dag.py:3722} INFO - Setting next_dagrun for example_time_delta_sensor_async to None, run_after=None
[2025-08-07T16:15:05.937+0700] {processor.py:179} INFO - Processing /home/dwmhr/pln/venv/lib/python3.10/site-packages/airflow/example_dags/example_time_delta_sensor_async.py took 0.318 seconds
[2025-08-07T16:16:19.175+0700] {processor.py:157} INFO - Started process (PID=122622) to work on /home/dwmhr/pln/venv/lib/python3.10/site-packages/airflow/example_dags/example_time_delta_sensor_async.py
[2025-08-07T16:16:19.179+0700] {processor.py:829} INFO - Processing file /home/dwmhr/pln/venv/lib/python3.10/site-packages/airflow/example_dags/example_time_delta_sensor_async.py for tasks to queue
[2025-08-07T16:16:19.181+0700] {logging_mixin.py:154} INFO - [2025-08-07T16:16:19.180+0700] {dagbag.py:536} INFO - Filling up the DagBag from /home/dwmhr/pln/venv/lib/python3.10/site-packages/airflow/example_dags/example_time_delta_sensor_async.py
[2025-08-07T16:16:19.198+0700] {processor.py:839} INFO - DAG(s) dict_keys(['example_time_delta_sensor_async']) retrieved from /home/dwmhr/pln/venv/lib/python3.10/site-packages/airflow/example_dags/example_time_delta_sensor_async.py
[2025-08-07T16:16:19.248+0700] {logging_mixin.py:154} INFO - [2025-08-07T16:16:19.247+0700] {dag.py:2941} INFO - Sync 1 DAGs
[2025-08-07T16:16:19.287+0700] {logging_mixin.py:154} INFO - [2025-08-07T16:16:19.286+0700] {dag.py:3722} INFO - Setting next_dagrun for example_time_delta_sensor_async to None, run_after=None
[2025-08-07T16:16:19.367+0700] {processor.py:179} INFO - Processing /home/dwmhr/pln/venv/lib/python3.10/site-packages/airflow/example_dags/example_time_delta_sensor_async.py took 0.202 seconds
[2025-08-07T16:17:15.377+0700] {processor.py:157} INFO - Started process (PID=122924) to work on /home/dwmhr/pln/venv/lib/python3.10/site-packages/airflow/example_dags/example_time_delta_sensor_async.py
[2025-08-07T16:17:15.381+0700] {processor.py:829} INFO - Processing file /home/dwmhr/pln/venv/lib/python3.10/site-packages/airflow/example_dags/example_time_delta_sensor_async.py for tasks to queue
[2025-08-07T16:17:15.382+0700] {logging_mixin.py:154} INFO - [2025-08-07T16:17:15.381+0700] {dagbag.py:536} INFO - Filling up the DagBag from /home/dwmhr/pln/venv/lib/python3.10/site-packages/airflow/example_dags/example_time_delta_sensor_async.py
[2025-08-07T16:17:15.390+0700] {processor.py:839} INFO - DAG(s) dict_keys(['example_time_delta_sensor_async']) retrieved from /home/dwmhr/pln/venv/lib/python3.10/site-packages/airflow/example_dags/example_time_delta_sensor_async.py
[2025-08-07T16:17:15.416+0700] {logging_mixin.py:154} INFO - [2025-08-07T16:17:15.416+0700] {dag.py:2941} INFO - Sync 1 DAGs
[2025-08-07T16:17:15.433+0700] {logging_mixin.py:154} INFO - [2025-08-07T16:17:15.433+0700] {dag.py:3722} INFO - Setting next_dagrun for example_time_delta_sensor_async to None, run_after=None
[2025-08-07T16:17:15.470+0700] {processor.py:179} INFO - Processing /home/dwmhr/pln/venv/lib/python3.10/site-packages/airflow/example_dags/example_time_delta_sensor_async.py took 0.099 seconds
[2025-08-07T16:18:23.621+0700] {processor.py:157} INFO - Started process (PID=123237) to work on /home/dwmhr/pln/venv/lib/python3.10/site-packages/airflow/example_dags/example_time_delta_sensor_async.py
[2025-08-07T16:18:23.624+0700] {processor.py:829} INFO - Processing file /home/dwmhr/pln/venv/lib/python3.10/site-packages/airflow/example_dags/example_time_delta_sensor_async.py for tasks to queue
[2025-08-07T16:18:23.624+0700] {logging_mixin.py:154} INFO - [2025-08-07T16:18:23.624+0700] {dagbag.py:536} INFO - Filling up the DagBag from /home/dwmhr/pln/venv/lib/python3.10/site-packages/airflow/example_dags/example_time_delta_sensor_async.py
[2025-08-07T16:18:23.629+0700] {processor.py:839} INFO - DAG(s) dict_keys(['example_time_delta_sensor_async']) retrieved from /home/dwmhr/pln/venv/lib/python3.10/site-packages/airflow/example_dags/example_time_delta_sensor_async.py
[2025-08-07T16:18:23.643+0700] {logging_mixin.py:154} INFO - [2025-08-07T16:18:23.643+0700] {dag.py:2941} INFO - Sync 1 DAGs
[2025-08-07T16:18:23.652+0700] {logging_mixin.py:154} INFO - [2025-08-07T16:18:23.652+0700] {dag.py:3722} INFO - Setting next_dagrun for example_time_delta_sensor_async to None, run_after=None
[2025-08-07T16:18:23.676+0700] {processor.py:179} INFO - Processing /home/dwmhr/pln/venv/lib/python3.10/site-packages/airflow/example_dags/example_time_delta_sensor_async.py took 0.058 seconds
[2025-08-07T16:19:12.130+0700] {processor.py:157} INFO - Started process (PID=123513) to work on /home/dwmhr/pln/venv/lib/python3.10/site-packages/airflow/example_dags/example_time_delta_sensor_async.py
[2025-08-07T16:19:12.134+0700] {processor.py:829} INFO - Processing file /home/dwmhr/pln/venv/lib/python3.10/site-packages/airflow/example_dags/example_time_delta_sensor_async.py for tasks to queue
[2025-08-07T16:19:12.137+0700] {logging_mixin.py:154} INFO - [2025-08-07T16:19:12.136+0700] {dagbag.py:536} INFO - Filling up the DagBag from /home/dwmhr/pln/venv/lib/python3.10/site-packages/airflow/example_dags/example_time_delta_sensor_async.py
[2025-08-07T16:19:12.156+0700] {processor.py:839} INFO - DAG(s) dict_keys(['example_time_delta_sensor_async']) retrieved from /home/dwmhr/pln/venv/lib/python3.10/site-packages/airflow/example_dags/example_time_delta_sensor_async.py
[2025-08-07T16:19:12.219+0700] {logging_mixin.py:154} INFO - [2025-08-07T16:19:12.218+0700] {dag.py:2941} INFO - Sync 1 DAGs
[2025-08-07T16:19:12.261+0700] {logging_mixin.py:154} INFO - [2025-08-07T16:19:12.260+0700] {dag.py:3722} INFO - Setting next_dagrun for example_time_delta_sensor_async to None, run_after=None
[2025-08-07T16:19:12.337+0700] {processor.py:179} INFO - Processing /home/dwmhr/pln/venv/lib/python3.10/site-packages/airflow/example_dags/example_time_delta_sensor_async.py took 0.220 seconds
[2025-08-07T16:26:53.462+0700] {processor.py:157} INFO - Started process (PID=125428) to work on /home/dwmhr/pln/venv/lib/python3.10/site-packages/airflow/example_dags/example_time_delta_sensor_async.py
[2025-08-07T16:26:53.471+0700] {processor.py:829} INFO - Processing file /home/dwmhr/pln/venv/lib/python3.10/site-packages/airflow/example_dags/example_time_delta_sensor_async.py for tasks to queue
[2025-08-07T16:26:53.472+0700] {logging_mixin.py:154} INFO - [2025-08-07T16:26:53.472+0700] {dagbag.py:536} INFO - Filling up the DagBag from /home/dwmhr/pln/venv/lib/python3.10/site-packages/airflow/example_dags/example_time_delta_sensor_async.py
[2025-08-07T16:26:53.484+0700] {processor.py:839} INFO - DAG(s) dict_keys(['example_time_delta_sensor_async']) retrieved from /home/dwmhr/pln/venv/lib/python3.10/site-packages/airflow/example_dags/example_time_delta_sensor_async.py
[2025-08-07T16:26:53.533+0700] {logging_mixin.py:154} INFO - [2025-08-07T16:26:53.533+0700] {dag.py:2941} INFO - Sync 1 DAGs
[2025-08-07T16:26:53.555+0700] {logging_mixin.py:154} INFO - [2025-08-07T16:26:53.554+0700] {dag.py:3722} INFO - Setting next_dagrun for example_time_delta_sensor_async to None, run_after=None
[2025-08-07T16:26:53.609+0700] {processor.py:179} INFO - Processing /home/dwmhr/pln/venv/lib/python3.10/site-packages/airflow/example_dags/example_time_delta_sensor_async.py took 0.154 seconds
[2025-08-07T16:27:47.236+0700] {processor.py:157} INFO - Started process (PID=125686) to work on /home/dwmhr/pln/venv/lib/python3.10/site-packages/airflow/example_dags/example_time_delta_sensor_async.py
[2025-08-07T16:27:47.241+0700] {processor.py:829} INFO - Processing file /home/dwmhr/pln/venv/lib/python3.10/site-packages/airflow/example_dags/example_time_delta_sensor_async.py for tasks to queue
[2025-08-07T16:27:47.242+0700] {logging_mixin.py:154} INFO - [2025-08-07T16:27:47.242+0700] {dagbag.py:536} INFO - Filling up the DagBag from /home/dwmhr/pln/venv/lib/python3.10/site-packages/airflow/example_dags/example_time_delta_sensor_async.py
[2025-08-07T16:27:47.247+0700] {processor.py:839} INFO - DAG(s) dict_keys(['example_time_delta_sensor_async']) retrieved from /home/dwmhr/pln/venv/lib/python3.10/site-packages/airflow/example_dags/example_time_delta_sensor_async.py
[2025-08-07T16:27:47.264+0700] {logging_mixin.py:154} INFO - [2025-08-07T16:27:47.264+0700] {dag.py:2941} INFO - Sync 1 DAGs
[2025-08-07T16:27:47.274+0700] {logging_mixin.py:154} INFO - [2025-08-07T16:27:47.274+0700] {dag.py:3722} INFO - Setting next_dagrun for example_time_delta_sensor_async to None, run_after=None
[2025-08-07T16:27:47.296+0700] {processor.py:179} INFO - Processing /home/dwmhr/pln/venv/lib/python3.10/site-packages/airflow/example_dags/example_time_delta_sensor_async.py took 0.063 seconds
[2025-08-07T16:29:11.509+0700] {processor.py:157} INFO - Started process (PID=126089) to work on /home/dwmhr/pln/venv/lib/python3.10/site-packages/airflow/example_dags/example_time_delta_sensor_async.py
[2025-08-07T16:29:11.512+0700] {processor.py:829} INFO - Processing file /home/dwmhr/pln/venv/lib/python3.10/site-packages/airflow/example_dags/example_time_delta_sensor_async.py for tasks to queue
[2025-08-07T16:29:11.513+0700] {logging_mixin.py:154} INFO - [2025-08-07T16:29:11.513+0700] {dagbag.py:536} INFO - Filling up the DagBag from /home/dwmhr/pln/venv/lib/python3.10/site-packages/airflow/example_dags/example_time_delta_sensor_async.py
[2025-08-07T16:29:11.525+0700] {processor.py:839} INFO - DAG(s) dict_keys(['example_time_delta_sensor_async']) retrieved from /home/dwmhr/pln/venv/lib/python3.10/site-packages/airflow/example_dags/example_time_delta_sensor_async.py
[2025-08-07T16:29:11.562+0700] {logging_mixin.py:154} INFO - [2025-08-07T16:29:11.562+0700] {dag.py:2941} INFO - Sync 1 DAGs
[2025-08-07T16:29:11.586+0700] {logging_mixin.py:154} INFO - [2025-08-07T16:29:11.586+0700] {dag.py:3722} INFO - Setting next_dagrun for example_time_delta_sensor_async to None, run_after=None
[2025-08-07T16:29:11.649+0700] {processor.py:179} INFO - Processing /home/dwmhr/pln/venv/lib/python3.10/site-packages/airflow/example_dags/example_time_delta_sensor_async.py took 0.148 seconds
[2025-08-07T16:30:09.982+0700] {processor.py:157} INFO - Started process (PID=126370) to work on /home/dwmhr/pln/venv/lib/python3.10/site-packages/airflow/example_dags/example_time_delta_sensor_async.py
[2025-08-07T16:30:09.986+0700] {processor.py:829} INFO - Processing file /home/dwmhr/pln/venv/lib/python3.10/site-packages/airflow/example_dags/example_time_delta_sensor_async.py for tasks to queue
[2025-08-07T16:30:09.989+0700] {logging_mixin.py:154} INFO - [2025-08-07T16:30:09.988+0700] {dagbag.py:536} INFO - Filling up the DagBag from /home/dwmhr/pln/venv/lib/python3.10/site-packages/airflow/example_dags/example_time_delta_sensor_async.py
[2025-08-07T16:30:10.004+0700] {processor.py:839} INFO - DAG(s) dict_keys(['example_time_delta_sensor_async']) retrieved from /home/dwmhr/pln/venv/lib/python3.10/site-packages/airflow/example_dags/example_time_delta_sensor_async.py
[2025-08-07T16:30:10.057+0700] {logging_mixin.py:154} INFO - [2025-08-07T16:30:10.056+0700] {dag.py:2941} INFO - Sync 1 DAGs
[2025-08-07T16:30:10.090+0700] {logging_mixin.py:154} INFO - [2025-08-07T16:30:10.089+0700] {dag.py:3722} INFO - Setting next_dagrun for example_time_delta_sensor_async to None, run_after=None
[2025-08-07T16:30:10.249+0700] {processor.py:179} INFO - Processing /home/dwmhr/pln/venv/lib/python3.10/site-packages/airflow/example_dags/example_time_delta_sensor_async.py took 0.279 seconds
[2025-08-07T16:31:05.080+0700] {processor.py:157} INFO - Started process (PID=126642) to work on /home/dwmhr/pln/venv/lib/python3.10/site-packages/airflow/example_dags/example_time_delta_sensor_async.py
[2025-08-07T16:31:05.100+0700] {processor.py:829} INFO - Processing file /home/dwmhr/pln/venv/lib/python3.10/site-packages/airflow/example_dags/example_time_delta_sensor_async.py for tasks to queue
[2025-08-07T16:31:05.112+0700] {logging_mixin.py:154} INFO - [2025-08-07T16:31:05.104+0700] {dagbag.py:536} INFO - Filling up the DagBag from /home/dwmhr/pln/venv/lib/python3.10/site-packages/airflow/example_dags/example_time_delta_sensor_async.py
[2025-08-07T16:31:05.205+0700] {processor.py:839} INFO - DAG(s) dict_keys(['example_time_delta_sensor_async']) retrieved from /home/dwmhr/pln/venv/lib/python3.10/site-packages/airflow/example_dags/example_time_delta_sensor_async.py
[2025-08-07T16:31:05.445+0700] {logging_mixin.py:154} INFO - [2025-08-07T16:31:05.444+0700] {dag.py:2941} INFO - Sync 1 DAGs
[2025-08-07T16:31:05.682+0700] {logging_mixin.py:154} INFO - [2025-08-07T16:31:05.669+0700] {dag.py:3722} INFO - Setting next_dagrun for example_time_delta_sensor_async to None, run_after=None
[2025-08-07T16:31:06.159+0700] {processor.py:179} INFO - Processing /home/dwmhr/pln/venv/lib/python3.10/site-packages/airflow/example_dags/example_time_delta_sensor_async.py took 1.139 seconds
[2025-08-07T16:32:29.321+0700] {processor.py:157} INFO - Started process (PID=127006) to work on /home/dwmhr/pln/venv/lib/python3.10/site-packages/airflow/example_dags/example_time_delta_sensor_async.py
[2025-08-07T16:32:29.334+0700] {processor.py:829} INFO - Processing file /home/dwmhr/pln/venv/lib/python3.10/site-packages/airflow/example_dags/example_time_delta_sensor_async.py for tasks to queue
[2025-08-07T16:32:29.342+0700] {logging_mixin.py:154} INFO - [2025-08-07T16:32:29.339+0700] {dagbag.py:536} INFO - Filling up the DagBag from /home/dwmhr/pln/venv/lib/python3.10/site-packages/airflow/example_dags/example_time_delta_sensor_async.py
[2025-08-07T16:32:29.403+0700] {processor.py:839} INFO - DAG(s) dict_keys(['example_time_delta_sensor_async']) retrieved from /home/dwmhr/pln/venv/lib/python3.10/site-packages/airflow/example_dags/example_time_delta_sensor_async.py
[2025-08-07T16:32:29.619+0700] {logging_mixin.py:154} INFO - [2025-08-07T16:32:29.618+0700] {dag.py:2941} INFO - Sync 1 DAGs
[2025-08-07T16:32:29.706+0700] {logging_mixin.py:154} INFO - [2025-08-07T16:32:29.705+0700] {dag.py:3722} INFO - Setting next_dagrun for example_time_delta_sensor_async to None, run_after=None
[2025-08-07T16:32:28.733+0700] {processor.py:179} INFO - Processing /home/dwmhr/pln/venv/lib/python3.10/site-packages/airflow/example_dags/example_time_delta_sensor_async.py took 0.621 seconds
[2025-08-07T16:33:36.823+0700] {processor.py:157} INFO - Started process (PID=127292) to work on /home/dwmhr/pln/venv/lib/python3.10/site-packages/airflow/example_dags/example_time_delta_sensor_async.py
[2025-08-07T16:33:36.830+0700] {processor.py:829} INFO - Processing file /home/dwmhr/pln/venv/lib/python3.10/site-packages/airflow/example_dags/example_time_delta_sensor_async.py for tasks to queue
[2025-08-07T16:33:36.838+0700] {logging_mixin.py:154} INFO - [2025-08-07T16:33:36.835+0700] {dagbag.py:536} INFO - Filling up the DagBag from /home/dwmhr/pln/venv/lib/python3.10/site-packages/airflow/example_dags/example_time_delta_sensor_async.py
[2025-08-07T16:33:36.870+0700] {processor.py:839} INFO - DAG(s) dict_keys(['example_time_delta_sensor_async']) retrieved from /home/dwmhr/pln/venv/lib/python3.10/site-packages/airflow/example_dags/example_time_delta_sensor_async.py
[2025-08-07T16:33:37.001+0700] {logging_mixin.py:154} INFO - [2025-08-07T16:33:37.000+0700] {dag.py:2941} INFO - Sync 1 DAGs
[2025-08-07T16:33:37.097+0700] {logging_mixin.py:154} INFO - [2025-08-07T16:33:37.095+0700] {dag.py:3722} INFO - Setting next_dagrun for example_time_delta_sensor_async to None, run_after=None
[2025-08-07T16:33:37.293+0700] {processor.py:179} INFO - Processing /home/dwmhr/pln/venv/lib/python3.10/site-packages/airflow/example_dags/example_time_delta_sensor_async.py took 0.506 seconds
[2025-08-07T16:34:26.331+0700] {processor.py:157} INFO - Started process (PID=127473) to work on /home/dwmhr/pln/venv/lib/python3.10/site-packages/airflow/example_dags/example_time_delta_sensor_async.py
[2025-08-07T16:34:26.336+0700] {processor.py:829} INFO - Processing file /home/dwmhr/pln/venv/lib/python3.10/site-packages/airflow/example_dags/example_time_delta_sensor_async.py for tasks to queue
[2025-08-07T16:34:26.339+0700] {logging_mixin.py:154} INFO - [2025-08-07T16:34:26.338+0700] {dagbag.py:536} INFO - Filling up the DagBag from /home/dwmhr/pln/venv/lib/python3.10/site-packages/airflow/example_dags/example_time_delta_sensor_async.py
[2025-08-07T16:34:26.351+0700] {processor.py:839} INFO - DAG(s) dict_keys(['example_time_delta_sensor_async']) retrieved from /home/dwmhr/pln/venv/lib/python3.10/site-packages/airflow/example_dags/example_time_delta_sensor_async.py
[2025-08-07T16:34:26.388+0700] {logging_mixin.py:154} INFO - [2025-08-07T16:34:26.387+0700] {dag.py:2941} INFO - Sync 1 DAGs
[2025-08-07T16:34:26.411+0700] {logging_mixin.py:154} INFO - [2025-08-07T16:34:26.410+0700] {dag.py:3722} INFO - Setting next_dagrun for example_time_delta_sensor_async to None, run_after=None
[2025-08-07T16:34:26.464+0700] {processor.py:179} INFO - Processing /home/dwmhr/pln/venv/lib/python3.10/site-packages/airflow/example_dags/example_time_delta_sensor_async.py took 0.140 seconds
[2025-08-07T16:35:22.600+0700] {processor.py:157} INFO - Started process (PID=127715) to work on /home/dwmhr/pln/venv/lib/python3.10/site-packages/airflow/example_dags/example_time_delta_sensor_async.py
[2025-08-07T16:35:22.605+0700] {processor.py:829} INFO - Processing file /home/dwmhr/pln/venv/lib/python3.10/site-packages/airflow/example_dags/example_time_delta_sensor_async.py for tasks to queue
[2025-08-07T16:35:22.609+0700] {logging_mixin.py:154} INFO - [2025-08-07T16:35:22.608+0700] {dagbag.py:536} INFO - Filling up the DagBag from /home/dwmhr/pln/venv/lib/python3.10/site-packages/airflow/example_dags/example_time_delta_sensor_async.py
[2025-08-07T16:35:22.631+0700] {processor.py:839} INFO - DAG(s) dict_keys(['example_time_delta_sensor_async']) retrieved from /home/dwmhr/pln/venv/lib/python3.10/site-packages/airflow/example_dags/example_time_delta_sensor_async.py
[2025-08-07T16:35:22.692+0700] {logging_mixin.py:154} INFO - [2025-08-07T16:35:22.692+0700] {dag.py:2941} INFO - Sync 1 DAGs
[2025-08-07T16:35:22.731+0700] {logging_mixin.py:154} INFO - [2025-08-07T16:35:22.730+0700] {dag.py:3722} INFO - Setting next_dagrun for example_time_delta_sensor_async to None, run_after=None
[2025-08-07T16:35:22.811+0700] {processor.py:179} INFO - Processing /home/dwmhr/pln/venv/lib/python3.10/site-packages/airflow/example_dags/example_time_delta_sensor_async.py took 0.225 seconds
[2025-08-07T16:36:07.405+0700] {processor.py:157} INFO - Started process (PID=127909) to work on /home/dwmhr/pln/venv/lib/python3.10/site-packages/airflow/example_dags/example_time_delta_sensor_async.py
[2025-08-07T16:36:07.418+0700] {processor.py:829} INFO - Processing file /home/dwmhr/pln/venv/lib/python3.10/site-packages/airflow/example_dags/example_time_delta_sensor_async.py for tasks to queue
[2025-08-07T16:36:07.419+0700] {logging_mixin.py:154} INFO - [2025-08-07T16:36:07.418+0700] {dagbag.py:536} INFO - Filling up the DagBag from /home/dwmhr/pln/venv/lib/python3.10/site-packages/airflow/example_dags/example_time_delta_sensor_async.py
[2025-08-07T16:36:07.425+0700] {processor.py:839} INFO - DAG(s) dict_keys(['example_time_delta_sensor_async']) retrieved from /home/dwmhr/pln/venv/lib/python3.10/site-packages/airflow/example_dags/example_time_delta_sensor_async.py
[2025-08-07T16:36:07.444+0700] {logging_mixin.py:154} INFO - [2025-08-07T16:36:07.444+0700] {dag.py:2941} INFO - Sync 1 DAGs
[2025-08-07T16:36:07.456+0700] {logging_mixin.py:154} INFO - [2025-08-07T16:36:07.455+0700] {dag.py:3722} INFO - Setting next_dagrun for example_time_delta_sensor_async to None, run_after=None
[2025-08-07T16:36:07.479+0700] {processor.py:179} INFO - Processing /home/dwmhr/pln/venv/lib/python3.10/site-packages/airflow/example_dags/example_time_delta_sensor_async.py took 0.080 seconds
[2025-08-07T16:36:43.895+0700] {processor.py:157} INFO - Started process (PID=128082) to work on /home/dwmhr/pln/venv/lib/python3.10/site-packages/airflow/example_dags/example_time_delta_sensor_async.py
[2025-08-07T16:36:43.899+0700] {processor.py:829} INFO - Processing file /home/dwmhr/pln/venv/lib/python3.10/site-packages/airflow/example_dags/example_time_delta_sensor_async.py for tasks to queue
[2025-08-07T16:36:43.900+0700] {logging_mixin.py:154} INFO - [2025-08-07T16:36:43.899+0700] {dagbag.py:536} INFO - Filling up the DagBag from /home/dwmhr/pln/venv/lib/python3.10/site-packages/airflow/example_dags/example_time_delta_sensor_async.py
[2025-08-07T16:36:43.905+0700] {processor.py:839} INFO - DAG(s) dict_keys(['example_time_delta_sensor_async']) retrieved from /home/dwmhr/pln/venv/lib/python3.10/site-packages/airflow/example_dags/example_time_delta_sensor_async.py
[2025-08-07T16:36:43.925+0700] {logging_mixin.py:154} INFO - [2025-08-07T16:36:43.925+0700] {dag.py:2941} INFO - Sync 1 DAGs
[2025-08-07T16:36:43.937+0700] {logging_mixin.py:154} INFO - [2025-08-07T16:36:43.937+0700] {dag.py:3722} INFO - Setting next_dagrun for example_time_delta_sensor_async to None, run_after=None
[2025-08-07T16:36:43.965+0700] {processor.py:179} INFO - Processing /home/dwmhr/pln/venv/lib/python3.10/site-packages/airflow/example_dags/example_time_delta_sensor_async.py took 0.074 seconds
[2025-08-07T16:37:27.805+0700] {processor.py:157} INFO - Started process (PID=128273) to work on /home/dwmhr/pln/venv/lib/python3.10/site-packages/airflow/example_dags/example_time_delta_sensor_async.py
[2025-08-07T16:37:27.813+0700] {processor.py:829} INFO - Processing file /home/dwmhr/pln/venv/lib/python3.10/site-packages/airflow/example_dags/example_time_delta_sensor_async.py for tasks to queue
[2025-08-07T16:37:27.815+0700] {logging_mixin.py:154} INFO - [2025-08-07T16:37:27.814+0700] {dagbag.py:536} INFO - Filling up the DagBag from /home/dwmhr/pln/venv/lib/python3.10/site-packages/airflow/example_dags/example_time_delta_sensor_async.py
[2025-08-07T16:37:27.827+0700] {processor.py:839} INFO - DAG(s) dict_keys(['example_time_delta_sensor_async']) retrieved from /home/dwmhr/pln/venv/lib/python3.10/site-packages/airflow/example_dags/example_time_delta_sensor_async.py
[2025-08-07T16:37:27.877+0700] {logging_mixin.py:154} INFO - [2025-08-07T16:37:27.877+0700] {dag.py:2941} INFO - Sync 1 DAGs
[2025-08-07T16:37:27.907+0700] {logging_mixin.py:154} INFO - [2025-08-07T16:37:27.906+0700] {dag.py:3722} INFO - Setting next_dagrun for example_time_delta_sensor_async to None, run_after=None
[2025-08-07T16:37:27.969+0700] {processor.py:179} INFO - Processing /home/dwmhr/pln/venv/lib/python3.10/site-packages/airflow/example_dags/example_time_delta_sensor_async.py took 0.172 seconds
[2025-08-07T16:38:30.642+0700] {processor.py:157} INFO - Started process (PID=128514) to work on /home/dwmhr/pln/venv/lib/python3.10/site-packages/airflow/example_dags/example_time_delta_sensor_async.py
[2025-08-07T16:38:30.655+0700] {processor.py:829} INFO - Processing file /home/dwmhr/pln/venv/lib/python3.10/site-packages/airflow/example_dags/example_time_delta_sensor_async.py for tasks to queue
[2025-08-07T16:38:30.661+0700] {logging_mixin.py:154} INFO - [2025-08-07T16:38:30.659+0700] {dagbag.py:536} INFO - Filling up the DagBag from /home/dwmhr/pln/venv/lib/python3.10/site-packages/airflow/example_dags/example_time_delta_sensor_async.py
[2025-08-07T16:38:30.712+0700] {processor.py:839} INFO - DAG(s) dict_keys(['example_time_delta_sensor_async']) retrieved from /home/dwmhr/pln/venv/lib/python3.10/site-packages/airflow/example_dags/example_time_delta_sensor_async.py
[2025-08-07T16:38:30.829+0700] {logging_mixin.py:154} INFO - [2025-08-07T16:38:30.828+0700] {dag.py:2941} INFO - Sync 1 DAGs
[2025-08-07T16:38:30.912+0700] {logging_mixin.py:154} INFO - [2025-08-07T16:38:30.911+0700] {dag.py:3722} INFO - Setting next_dagrun for example_time_delta_sensor_async to None, run_after=None
[2025-08-07T16:38:31.039+0700] {processor.py:179} INFO - Processing /home/dwmhr/pln/venv/lib/python3.10/site-packages/airflow/example_dags/example_time_delta_sensor_async.py took 0.412 seconds
[2025-08-07T16:39:24.130+0700] {processor.py:157} INFO - Started process (PID=128749) to work on /home/dwmhr/pln/venv/lib/python3.10/site-packages/airflow/example_dags/example_time_delta_sensor_async.py
[2025-08-07T16:39:24.137+0700] {processor.py:829} INFO - Processing file /home/dwmhr/pln/venv/lib/python3.10/site-packages/airflow/example_dags/example_time_delta_sensor_async.py for tasks to queue
[2025-08-07T16:39:24.143+0700] {logging_mixin.py:154} INFO - [2025-08-07T16:39:24.141+0700] {dagbag.py:536} INFO - Filling up the DagBag from /home/dwmhr/pln/venv/lib/python3.10/site-packages/airflow/example_dags/example_time_delta_sensor_async.py
[2025-08-07T16:39:24.176+0700] {processor.py:839} INFO - DAG(s) dict_keys(['example_time_delta_sensor_async']) retrieved from /home/dwmhr/pln/venv/lib/python3.10/site-packages/airflow/example_dags/example_time_delta_sensor_async.py
[2025-08-07T16:39:24.347+0700] {logging_mixin.py:154} INFO - [2025-08-07T16:39:24.345+0700] {dag.py:2941} INFO - Sync 1 DAGs
[2025-08-07T16:39:24.523+0700] {logging_mixin.py:154} INFO - [2025-08-07T16:39:24.521+0700] {dag.py:3722} INFO - Setting next_dagrun for example_time_delta_sensor_async to None, run_after=None
[2025-08-07T16:39:24.680+0700] {processor.py:179} INFO - Processing /home/dwmhr/pln/venv/lib/python3.10/site-packages/airflow/example_dags/example_time_delta_sensor_async.py took 0.578 seconds
[2025-08-07T16:40:37.209+0700] {processor.py:157} INFO - Started process (PID=129018) to work on /home/dwmhr/pln/venv/lib/python3.10/site-packages/airflow/example_dags/example_time_delta_sensor_async.py
[2025-08-07T16:40:37.212+0700] {processor.py:829} INFO - Processing file /home/dwmhr/pln/venv/lib/python3.10/site-packages/airflow/example_dags/example_time_delta_sensor_async.py for tasks to queue
[2025-08-07T16:40:37.213+0700] {logging_mixin.py:154} INFO - [2025-08-07T16:40:37.212+0700] {dagbag.py:536} INFO - Filling up the DagBag from /home/dwmhr/pln/venv/lib/python3.10/site-packages/airflow/example_dags/example_time_delta_sensor_async.py
[2025-08-07T16:40:37.223+0700] {processor.py:839} INFO - DAG(s) dict_keys(['example_time_delta_sensor_async']) retrieved from /home/dwmhr/pln/venv/lib/python3.10/site-packages/airflow/example_dags/example_time_delta_sensor_async.py
[2025-08-07T16:40:37.278+0700] {logging_mixin.py:154} INFO - [2025-08-07T16:40:37.277+0700] {dag.py:2941} INFO - Sync 1 DAGs
[2025-08-07T16:40:37.303+0700] {logging_mixin.py:154} INFO - [2025-08-07T16:40:37.303+0700] {dag.py:3722} INFO - Setting next_dagrun for example_time_delta_sensor_async to None, run_after=None
[2025-08-07T16:40:37.340+0700] {processor.py:179} INFO - Processing /home/dwmhr/pln/venv/lib/python3.10/site-packages/airflow/example_dags/example_time_delta_sensor_async.py took 0.139 seconds
[2025-08-07T16:41:31.394+0700] {processor.py:157} INFO - Started process (PID=129243) to work on /home/dwmhr/pln/venv/lib/python3.10/site-packages/airflow/example_dags/example_time_delta_sensor_async.py
[2025-08-07T16:41:31.396+0700] {processor.py:829} INFO - Processing file /home/dwmhr/pln/venv/lib/python3.10/site-packages/airflow/example_dags/example_time_delta_sensor_async.py for tasks to queue
[2025-08-07T16:41:31.397+0700] {logging_mixin.py:154} INFO - [2025-08-07T16:41:31.397+0700] {dagbag.py:536} INFO - Filling up the DagBag from /home/dwmhr/pln/venv/lib/python3.10/site-packages/airflow/example_dags/example_time_delta_sensor_async.py
[2025-08-07T16:41:31.403+0700] {processor.py:839} INFO - DAG(s) dict_keys(['example_time_delta_sensor_async']) retrieved from /home/dwmhr/pln/venv/lib/python3.10/site-packages/airflow/example_dags/example_time_delta_sensor_async.py
[2025-08-07T16:41:31.421+0700] {logging_mixin.py:154} INFO - [2025-08-07T16:41:31.421+0700] {dag.py:2941} INFO - Sync 1 DAGs
[2025-08-07T16:41:31.433+0700] {logging_mixin.py:154} INFO - [2025-08-07T16:41:31.433+0700] {dag.py:3722} INFO - Setting next_dagrun for example_time_delta_sensor_async to None, run_after=None
[2025-08-07T16:41:31.455+0700] {processor.py:179} INFO - Processing /home/dwmhr/pln/venv/lib/python3.10/site-packages/airflow/example_dags/example_time_delta_sensor_async.py took 0.065 seconds
[2025-08-07T16:42:18.107+0700] {processor.py:157} INFO - Started process (PID=129454) to work on /home/dwmhr/pln/venv/lib/python3.10/site-packages/airflow/example_dags/example_time_delta_sensor_async.py
[2025-08-07T16:42:18.112+0700] {processor.py:829} INFO - Processing file /home/dwmhr/pln/venv/lib/python3.10/site-packages/airflow/example_dags/example_time_delta_sensor_async.py for tasks to queue
[2025-08-07T16:42:18.114+0700] {logging_mixin.py:154} INFO - [2025-08-07T16:42:18.113+0700] {dagbag.py:536} INFO - Filling up the DagBag from /home/dwmhr/pln/venv/lib/python3.10/site-packages/airflow/example_dags/example_time_delta_sensor_async.py
[2025-08-07T16:42:18.122+0700] {processor.py:839} INFO - DAG(s) dict_keys(['example_time_delta_sensor_async']) retrieved from /home/dwmhr/pln/venv/lib/python3.10/site-packages/airflow/example_dags/example_time_delta_sensor_async.py
[2025-08-07T16:42:18.150+0700] {logging_mixin.py:154} INFO - [2025-08-07T16:42:18.149+0700] {dag.py:2941} INFO - Sync 1 DAGs
[2025-08-07T16:42:18.168+0700] {logging_mixin.py:154} INFO - [2025-08-07T16:42:18.167+0700] {dag.py:3722} INFO - Setting next_dagrun for example_time_delta_sensor_async to None, run_after=None
[2025-08-07T16:42:18.208+0700] {processor.py:179} INFO - Processing /home/dwmhr/pln/venv/lib/python3.10/site-packages/airflow/example_dags/example_time_delta_sensor_async.py took 0.107 seconds
[2025-08-07T16:43:07.556+0700] {processor.py:157} INFO - Started process (PID=129648) to work on /home/dwmhr/pln/venv/lib/python3.10/site-packages/airflow/example_dags/example_time_delta_sensor_async.py
[2025-08-07T16:43:07.559+0700] {processor.py:829} INFO - Processing file /home/dwmhr/pln/venv/lib/python3.10/site-packages/airflow/example_dags/example_time_delta_sensor_async.py for tasks to queue
[2025-08-07T16:43:07.561+0700] {logging_mixin.py:154} INFO - [2025-08-07T16:43:07.560+0700] {dagbag.py:536} INFO - Filling up the DagBag from /home/dwmhr/pln/venv/lib/python3.10/site-packages/airflow/example_dags/example_time_delta_sensor_async.py
[2025-08-07T16:43:07.571+0700] {processor.py:839} INFO - DAG(s) dict_keys(['example_time_delta_sensor_async']) retrieved from /home/dwmhr/pln/venv/lib/python3.10/site-packages/airflow/example_dags/example_time_delta_sensor_async.py
[2025-08-07T16:43:07.604+0700] {logging_mixin.py:154} INFO - [2025-08-07T16:43:07.603+0700] {dag.py:2941} INFO - Sync 1 DAGs
[2025-08-07T16:43:07.625+0700] {logging_mixin.py:154} INFO - [2025-08-07T16:43:07.624+0700] {dag.py:3722} INFO - Setting next_dagrun for example_time_delta_sensor_async to None, run_after=None
[2025-08-07T16:43:07.671+0700] {processor.py:179} INFO - Processing /home/dwmhr/pln/venv/lib/python3.10/site-packages/airflow/example_dags/example_time_delta_sensor_async.py took 0.122 seconds
[2025-08-07T16:44:00.861+0700] {processor.py:157} INFO - Started process (PID=129887) to work on /home/dwmhr/pln/venv/lib/python3.10/site-packages/airflow/example_dags/example_time_delta_sensor_async.py
[2025-08-07T16:44:00.863+0700] {processor.py:829} INFO - Processing file /home/dwmhr/pln/venv/lib/python3.10/site-packages/airflow/example_dags/example_time_delta_sensor_async.py for tasks to queue
[2025-08-07T16:44:00.866+0700] {logging_mixin.py:154} INFO - [2025-08-07T16:44:00.865+0700] {dagbag.py:536} INFO - Filling up the DagBag from /home/dwmhr/pln/venv/lib/python3.10/site-packages/airflow/example_dags/example_time_delta_sensor_async.py
[2025-08-07T16:44:00.876+0700] {processor.py:839} INFO - DAG(s) dict_keys(['example_time_delta_sensor_async']) retrieved from /home/dwmhr/pln/venv/lib/python3.10/site-packages/airflow/example_dags/example_time_delta_sensor_async.py
[2025-08-07T16:44:00.918+0700] {logging_mixin.py:154} INFO - [2025-08-07T16:44:00.917+0700] {dag.py:2941} INFO - Sync 1 DAGs
[2025-08-07T16:44:00.947+0700] {logging_mixin.py:154} INFO - [2025-08-07T16:44:00.947+0700] {dag.py:3722} INFO - Setting next_dagrun for example_time_delta_sensor_async to None, run_after=None
[2025-08-07T16:44:01.003+0700] {processor.py:179} INFO - Processing /home/dwmhr/pln/venv/lib/python3.10/site-packages/airflow/example_dags/example_time_delta_sensor_async.py took 0.149 seconds
[2025-08-07T16:44:41.907+0700] {processor.py:157} INFO - Started process (PID=130070) to work on /home/dwmhr/pln/venv/lib/python3.10/site-packages/airflow/example_dags/example_time_delta_sensor_async.py
[2025-08-07T16:44:41.915+0700] {processor.py:829} INFO - Processing file /home/dwmhr/pln/venv/lib/python3.10/site-packages/airflow/example_dags/example_time_delta_sensor_async.py for tasks to queue
[2025-08-07T16:44:41.920+0700] {logging_mixin.py:154} INFO - [2025-08-07T16:44:41.919+0700] {dagbag.py:536} INFO - Filling up the DagBag from /home/dwmhr/pln/venv/lib/python3.10/site-packages/airflow/example_dags/example_time_delta_sensor_async.py
[2025-08-07T16:44:41.932+0700] {processor.py:839} INFO - DAG(s) dict_keys(['example_time_delta_sensor_async']) retrieved from /home/dwmhr/pln/venv/lib/python3.10/site-packages/airflow/example_dags/example_time_delta_sensor_async.py
[2025-08-07T16:44:41.991+0700] {logging_mixin.py:154} INFO - [2025-08-07T16:44:41.990+0700] {dag.py:2941} INFO - Sync 1 DAGs
[2025-08-07T16:44:42.033+0700] {logging_mixin.py:154} INFO - [2025-08-07T16:44:42.032+0700] {dag.py:3722} INFO - Setting next_dagrun for example_time_delta_sensor_async to None, run_after=None
[2025-08-07T16:44:42.102+0700] {processor.py:179} INFO - Processing /home/dwmhr/pln/venv/lib/python3.10/site-packages/airflow/example_dags/example_time_delta_sensor_async.py took 0.205 seconds
[2025-08-07T16:45:23.269+0700] {processor.py:157} INFO - Started process (PID=130243) to work on /home/dwmhr/pln/venv/lib/python3.10/site-packages/airflow/example_dags/example_time_delta_sensor_async.py
[2025-08-07T16:45:23.282+0700] {processor.py:829} INFO - Processing file /home/dwmhr/pln/venv/lib/python3.10/site-packages/airflow/example_dags/example_time_delta_sensor_async.py for tasks to queue
[2025-08-07T16:45:23.283+0700] {logging_mixin.py:154} INFO - [2025-08-07T16:45:23.282+0700] {dagbag.py:536} INFO - Filling up the DagBag from /home/dwmhr/pln/venv/lib/python3.10/site-packages/airflow/example_dags/example_time_delta_sensor_async.py
[2025-08-07T16:45:23.287+0700] {processor.py:839} INFO - DAG(s) dict_keys(['example_time_delta_sensor_async']) retrieved from /home/dwmhr/pln/venv/lib/python3.10/site-packages/airflow/example_dags/example_time_delta_sensor_async.py
[2025-08-07T16:45:23.299+0700] {logging_mixin.py:154} INFO - [2025-08-07T16:45:23.299+0700] {dag.py:2941} INFO - Sync 1 DAGs
[2025-08-07T16:45:23.307+0700] {logging_mixin.py:154} INFO - [2025-08-07T16:45:23.307+0700] {dag.py:3722} INFO - Setting next_dagrun for example_time_delta_sensor_async to None, run_after=None
[2025-08-07T16:45:23.325+0700] {processor.py:179} INFO - Processing /home/dwmhr/pln/venv/lib/python3.10/site-packages/airflow/example_dags/example_time_delta_sensor_async.py took 0.058 seconds
[2025-08-07T16:46:09.961+0700] {processor.py:157} INFO - Started process (PID=130461) to work on /home/dwmhr/pln/venv/lib/python3.10/site-packages/airflow/example_dags/example_time_delta_sensor_async.py
[2025-08-07T16:46:09.969+0700] {processor.py:829} INFO - Processing file /home/dwmhr/pln/venv/lib/python3.10/site-packages/airflow/example_dags/example_time_delta_sensor_async.py for tasks to queue
[2025-08-07T16:46:09.976+0700] {logging_mixin.py:154} INFO - [2025-08-07T16:46:09.973+0700] {dagbag.py:536} INFO - Filling up the DagBag from /home/dwmhr/pln/venv/lib/python3.10/site-packages/airflow/example_dags/example_time_delta_sensor_async.py
[2025-08-07T16:46:10.015+0700] {processor.py:839} INFO - DAG(s) dict_keys(['example_time_delta_sensor_async']) retrieved from /home/dwmhr/pln/venv/lib/python3.10/site-packages/airflow/example_dags/example_time_delta_sensor_async.py
[2025-08-07T16:46:10.121+0700] {logging_mixin.py:154} INFO - [2025-08-07T16:46:10.121+0700] {dag.py:2941} INFO - Sync 1 DAGs
[2025-08-07T16:46:10.188+0700] {logging_mixin.py:154} INFO - [2025-08-07T16:46:10.187+0700] {dag.py:3722} INFO - Setting next_dagrun for example_time_delta_sensor_async to None, run_after=None
[2025-08-07T16:46:10.287+0700] {processor.py:179} INFO - Processing /home/dwmhr/pln/venv/lib/python3.10/site-packages/airflow/example_dags/example_time_delta_sensor_async.py took 0.358 seconds
[2025-08-07T16:46:59.138+0700] {processor.py:157} INFO - Started process (PID=130669) to work on /home/dwmhr/pln/venv/lib/python3.10/site-packages/airflow/example_dags/example_time_delta_sensor_async.py
[2025-08-07T16:46:59.140+0700] {processor.py:829} INFO - Processing file /home/dwmhr/pln/venv/lib/python3.10/site-packages/airflow/example_dags/example_time_delta_sensor_async.py for tasks to queue
[2025-08-07T16:46:59.141+0700] {logging_mixin.py:154} INFO - [2025-08-07T16:46:59.141+0700] {dagbag.py:536} INFO - Filling up the DagBag from /home/dwmhr/pln/venv/lib/python3.10/site-packages/airflow/example_dags/example_time_delta_sensor_async.py
[2025-08-07T16:46:59.146+0700] {processor.py:839} INFO - DAG(s) dict_keys(['example_time_delta_sensor_async']) retrieved from /home/dwmhr/pln/venv/lib/python3.10/site-packages/airflow/example_dags/example_time_delta_sensor_async.py
[2025-08-07T16:46:59.161+0700] {logging_mixin.py:154} INFO - [2025-08-07T16:46:59.161+0700] {dag.py:2941} INFO - Sync 1 DAGs
[2025-08-07T16:46:59.171+0700] {logging_mixin.py:154} INFO - [2025-08-07T16:46:59.170+0700] {dag.py:3722} INFO - Setting next_dagrun for example_time_delta_sensor_async to None, run_after=None
[2025-08-07T16:46:59.191+0700] {processor.py:179} INFO - Processing /home/dwmhr/pln/venv/lib/python3.10/site-packages/airflow/example_dags/example_time_delta_sensor_async.py took 0.056 seconds
[2025-08-07T16:47:49.266+0700] {processor.py:157} INFO - Started process (PID=130878) to work on /home/dwmhr/pln/venv/lib/python3.10/site-packages/airflow/example_dags/example_time_delta_sensor_async.py
[2025-08-07T16:47:49.267+0700] {processor.py:829} INFO - Processing file /home/dwmhr/pln/venv/lib/python3.10/site-packages/airflow/example_dags/example_time_delta_sensor_async.py for tasks to queue
[2025-08-07T16:47:49.268+0700] {logging_mixin.py:154} INFO - [2025-08-07T16:47:49.268+0700] {dagbag.py:536} INFO - Filling up the DagBag from /home/dwmhr/pln/venv/lib/python3.10/site-packages/airflow/example_dags/example_time_delta_sensor_async.py
[2025-08-07T16:47:49.274+0700] {processor.py:839} INFO - DAG(s) dict_keys(['example_time_delta_sensor_async']) retrieved from /home/dwmhr/pln/venv/lib/python3.10/site-packages/airflow/example_dags/example_time_delta_sensor_async.py
[2025-08-07T16:47:49.292+0700] {logging_mixin.py:154} INFO - [2025-08-07T16:47:49.291+0700] {dag.py:2941} INFO - Sync 1 DAGs
[2025-08-07T16:47:49.303+0700] {logging_mixin.py:154} INFO - [2025-08-07T16:47:49.302+0700] {dag.py:3722} INFO - Setting next_dagrun for example_time_delta_sensor_async to None, run_after=None
[2025-08-07T16:47:49.337+0700] {processor.py:179} INFO - Processing /home/dwmhr/pln/venv/lib/python3.10/site-packages/airflow/example_dags/example_time_delta_sensor_async.py took 0.075 seconds
[2025-08-07T16:48:46.108+0700] {processor.py:157} INFO - Started process (PID=131125) to work on /home/dwmhr/pln/venv/lib/python3.10/site-packages/airflow/example_dags/example_time_delta_sensor_async.py
[2025-08-07T16:48:46.109+0700] {processor.py:829} INFO - Processing file /home/dwmhr/pln/venv/lib/python3.10/site-packages/airflow/example_dags/example_time_delta_sensor_async.py for tasks to queue
[2025-08-07T16:48:46.110+0700] {logging_mixin.py:154} INFO - [2025-08-07T16:48:46.110+0700] {dagbag.py:536} INFO - Filling up the DagBag from /home/dwmhr/pln/venv/lib/python3.10/site-packages/airflow/example_dags/example_time_delta_sensor_async.py
[2025-08-07T16:48:46.114+0700] {processor.py:839} INFO - DAG(s) dict_keys(['example_time_delta_sensor_async']) retrieved from /home/dwmhr/pln/venv/lib/python3.10/site-packages/airflow/example_dags/example_time_delta_sensor_async.py
[2025-08-07T16:48:46.126+0700] {logging_mixin.py:154} INFO - [2025-08-07T16:48:46.126+0700] {dag.py:2941} INFO - Sync 1 DAGs
[2025-08-07T16:48:46.133+0700] {logging_mixin.py:154} INFO - [2025-08-07T16:48:46.133+0700] {dag.py:3722} INFO - Setting next_dagrun for example_time_delta_sensor_async to None, run_after=None
[2025-08-07T16:48:46.152+0700] {processor.py:179} INFO - Processing /home/dwmhr/pln/venv/lib/python3.10/site-packages/airflow/example_dags/example_time_delta_sensor_async.py took 0.047 seconds
[2025-08-07T16:50:04.262+0700] {processor.py:157} INFO - Started process (PID=131436) to work on /home/dwmhr/pln/venv/lib/python3.10/site-packages/airflow/example_dags/example_time_delta_sensor_async.py
[2025-08-07T16:50:04.267+0700] {processor.py:829} INFO - Processing file /home/dwmhr/pln/venv/lib/python3.10/site-packages/airflow/example_dags/example_time_delta_sensor_async.py for tasks to queue
[2025-08-07T16:50:04.270+0700] {logging_mixin.py:154} INFO - [2025-08-07T16:50:04.268+0700] {dagbag.py:536} INFO - Filling up the DagBag from /home/dwmhr/pln/venv/lib/python3.10/site-packages/airflow/example_dags/example_time_delta_sensor_async.py
[2025-08-07T16:50:04.287+0700] {processor.py:839} INFO - DAG(s) dict_keys(['example_time_delta_sensor_async']) retrieved from /home/dwmhr/pln/venv/lib/python3.10/site-packages/airflow/example_dags/example_time_delta_sensor_async.py
[2025-08-07T16:50:04.337+0700] {logging_mixin.py:154} INFO - [2025-08-07T16:50:04.337+0700] {dag.py:2941} INFO - Sync 1 DAGs
[2025-08-07T16:50:04.367+0700] {logging_mixin.py:154} INFO - [2025-08-07T16:50:04.367+0700] {dag.py:3722} INFO - Setting next_dagrun for example_time_delta_sensor_async to None, run_after=None
[2025-08-07T16:50:04.431+0700] {processor.py:179} INFO - Processing /home/dwmhr/pln/venv/lib/python3.10/site-packages/airflow/example_dags/example_time_delta_sensor_async.py took 0.181 seconds
