[2025-08-07T15:45:35.948+0700] {processor.py:157} INFO - Started process (PID=113391) to work on /home/dwmhr/pln/venv/lib/python3.10/site-packages/airflow/example_dags/example_python_operator.py
[2025-08-07T15:45:35.966+0700] {processor.py:829} INFO - Processing file /home/dwmhr/pln/venv/lib/python3.10/site-packages/airflow/example_dags/example_python_operator.py for tasks to queue
[2025-08-07T15:45:35.984+0700] {logging_mixin.py:154} INFO - [2025-08-07T15:45:35.981+0700] {dagbag.py:536} INFO - Filling up the DagBag from /home/dwmhr/pln/venv/lib/python3.10/site-packages/airflow/example_dags/example_python_operator.py
[2025-08-07T15:45:37.445+0700] {logging_mixin.py:154} INFO - [2025-08-07T15:45:37.444+0700] {example_python_operator.py:86} WARNING - The virtalenv_python example task requires virtualenv, please install it.
[2025-08-07T15:45:37.459+0700] {processor.py:839} INFO - DAG(s) dict_keys(['example_python_operator']) retrieved from /home/dwmhr/pln/venv/lib/python3.10/site-packages/airflow/example_dags/example_python_operator.py
[2025-08-07T15:45:39.301+0700] {logging_mixin.py:154} INFO - [2025-08-07T15:45:39.299+0700] {manager.py:499} INFO - Created Permission View: %s
[2025-08-07T15:45:39.432+0700] {logging_mixin.py:154} INFO - [2025-08-07T15:45:39.429+0700] {manager.py:499} INFO - Created Permission View: %s
[2025-08-07T15:45:39.519+0700] {logging_mixin.py:154} INFO - [2025-08-07T15:45:39.517+0700] {manager.py:499} INFO - Created Permission View: %s
[2025-08-07T15:45:39.523+0700] {logging_mixin.py:154} INFO - [2025-08-07T15:45:39.521+0700] {dag.py:2941} INFO - Sync 1 DAGs
[2025-08-07T15:45:39.637+0700] {logging_mixin.py:154} INFO - [2025-08-07T15:45:39.635+0700] {dag.py:2963} INFO - Creating ORM DAG for example_python_operator
[2025-08-07T15:45:39.641+0700] {logging_mixin.py:154} INFO - [2025-08-07T15:45:39.640+0700] {dag.py:3722} INFO - Setting next_dagrun for example_python_operator to None, run_after=None
[2025-08-07T15:45:39.810+0700] {processor.py:179} INFO - Processing /home/dwmhr/pln/venv/lib/python3.10/site-packages/airflow/example_dags/example_python_operator.py took 3.941 seconds
[2025-08-07T15:46:40.405+0700] {processor.py:157} INFO - Started process (PID=113709) to work on /home/dwmhr/pln/venv/lib/python3.10/site-packages/airflow/example_dags/example_python_operator.py
[2025-08-07T15:46:40.407+0700] {processor.py:829} INFO - Processing file /home/dwmhr/pln/venv/lib/python3.10/site-packages/airflow/example_dags/example_python_operator.py for tasks to queue
[2025-08-07T15:46:40.408+0700] {logging_mixin.py:154} INFO - [2025-08-07T15:46:40.408+0700] {dagbag.py:536} INFO - Filling up the DagBag from /home/dwmhr/pln/venv/lib/python3.10/site-packages/airflow/example_dags/example_python_operator.py
[2025-08-07T15:46:40.515+0700] {logging_mixin.py:154} INFO - [2025-08-07T15:46:40.515+0700] {example_python_operator.py:86} WARNING - The virtalenv_python example task requires virtualenv, please install it.
[2025-08-07T15:46:40.516+0700] {processor.py:839} INFO - DAG(s) dict_keys(['example_python_operator']) retrieved from /home/dwmhr/pln/venv/lib/python3.10/site-packages/airflow/example_dags/example_python_operator.py
[2025-08-07T15:46:40.537+0700] {logging_mixin.py:154} INFO - [2025-08-07T15:46:40.537+0700] {dag.py:2941} INFO - Sync 1 DAGs
[2025-08-07T15:46:40.550+0700] {logging_mixin.py:154} INFO - [2025-08-07T15:46:40.550+0700] {dag.py:3722} INFO - Setting next_dagrun for example_python_operator to None, run_after=None
[2025-08-07T15:46:40.580+0700] {processor.py:179} INFO - Processing /home/dwmhr/pln/venv/lib/python3.10/site-packages/airflow/example_dags/example_python_operator.py took 0.178 seconds
[2025-08-07T15:47:36.459+0700] {processor.py:157} INFO - Started process (PID=114003) to work on /home/dwmhr/pln/venv/lib/python3.10/site-packages/airflow/example_dags/example_python_operator.py
[2025-08-07T15:47:36.463+0700] {processor.py:829} INFO - Processing file /home/dwmhr/pln/venv/lib/python3.10/site-packages/airflow/example_dags/example_python_operator.py for tasks to queue
[2025-08-07T15:47:36.466+0700] {logging_mixin.py:154} INFO - [2025-08-07T15:47:36.465+0700] {dagbag.py:536} INFO - Filling up the DagBag from /home/dwmhr/pln/venv/lib/python3.10/site-packages/airflow/example_dags/example_python_operator.py
[2025-08-07T15:47:36.681+0700] {logging_mixin.py:154} INFO - [2025-08-07T15:47:36.680+0700] {example_python_operator.py:86} WARNING - The virtalenv_python example task requires virtualenv, please install it.
[2025-08-07T15:47:36.682+0700] {processor.py:839} INFO - DAG(s) dict_keys(['example_python_operator']) retrieved from /home/dwmhr/pln/venv/lib/python3.10/site-packages/airflow/example_dags/example_python_operator.py
[2025-08-07T15:47:36.723+0700] {logging_mixin.py:154} INFO - [2025-08-07T15:47:36.723+0700] {dag.py:2941} INFO - Sync 1 DAGs
[2025-08-07T15:47:36.755+0700] {logging_mixin.py:154} INFO - [2025-08-07T15:47:36.754+0700] {dag.py:3722} INFO - Setting next_dagrun for example_python_operator to None, run_after=None
[2025-08-07T15:47:36.801+0700] {processor.py:179} INFO - Processing /home/dwmhr/pln/venv/lib/python3.10/site-packages/airflow/example_dags/example_python_operator.py took 0.349 seconds
[2025-08-07T15:48:23.563+0700] {processor.py:157} INFO - Started process (PID=114226) to work on /home/dwmhr/pln/venv/lib/python3.10/site-packages/airflow/example_dags/example_python_operator.py
[2025-08-07T15:48:23.576+0700] {processor.py:829} INFO - Processing file /home/dwmhr/pln/venv/lib/python3.10/site-packages/airflow/example_dags/example_python_operator.py for tasks to queue
[2025-08-07T15:48:23.577+0700] {logging_mixin.py:154} INFO - [2025-08-07T15:48:23.576+0700] {dagbag.py:536} INFO - Filling up the DagBag from /home/dwmhr/pln/venv/lib/python3.10/site-packages/airflow/example_dags/example_python_operator.py
[2025-08-07T15:48:23.645+0700] {logging_mixin.py:154} INFO - [2025-08-07T15:48:23.644+0700] {example_python_operator.py:86} WARNING - The virtalenv_python example task requires virtualenv, please install it.
[2025-08-07T15:48:23.645+0700] {processor.py:839} INFO - DAG(s) dict_keys(['example_python_operator']) retrieved from /home/dwmhr/pln/venv/lib/python3.10/site-packages/airflow/example_dags/example_python_operator.py
[2025-08-07T15:48:23.663+0700] {logging_mixin.py:154} INFO - [2025-08-07T15:48:23.663+0700] {dag.py:2941} INFO - Sync 1 DAGs
[2025-08-07T15:48:23.674+0700] {logging_mixin.py:154} INFO - [2025-08-07T15:48:23.674+0700] {dag.py:3722} INFO - Setting next_dagrun for example_python_operator to None, run_after=None
[2025-08-07T15:48:23.693+0700] {processor.py:179} INFO - Processing /home/dwmhr/pln/venv/lib/python3.10/site-packages/airflow/example_dags/example_python_operator.py took 0.133 seconds
[2025-08-07T15:49:41.865+0700] {processor.py:157} INFO - Started process (PID=114637) to work on /home/dwmhr/pln/venv/lib/python3.10/site-packages/airflow/example_dags/example_python_operator.py
[2025-08-07T15:49:41.872+0700] {processor.py:829} INFO - Processing file /home/dwmhr/pln/venv/lib/python3.10/site-packages/airflow/example_dags/example_python_operator.py for tasks to queue
[2025-08-07T15:49:41.877+0700] {logging_mixin.py:154} INFO - [2025-08-07T15:49:41.875+0700] {dagbag.py:536} INFO - Filling up the DagBag from /home/dwmhr/pln/venv/lib/python3.10/site-packages/airflow/example_dags/example_python_operator.py
[2025-08-07T15:49:42.354+0700] {logging_mixin.py:154} INFO - [2025-08-07T15:49:42.353+0700] {example_python_operator.py:86} WARNING - The virtalenv_python example task requires virtualenv, please install it.
[2025-08-07T15:49:42.356+0700] {processor.py:839} INFO - DAG(s) dict_keys(['example_python_operator']) retrieved from /home/dwmhr/pln/venv/lib/python3.10/site-packages/airflow/example_dags/example_python_operator.py
[2025-08-07T15:49:42.449+0700] {logging_mixin.py:154} INFO - [2025-08-07T15:49:42.448+0700] {dag.py:2941} INFO - Sync 1 DAGs
[2025-08-07T15:49:42.500+0700] {logging_mixin.py:154} INFO - [2025-08-07T15:49:42.499+0700] {dag.py:3722} INFO - Setting next_dagrun for example_python_operator to None, run_after=None
[2025-08-07T15:49:41.492+0700] {processor.py:179} INFO - Processing /home/dwmhr/pln/venv/lib/python3.10/site-packages/airflow/example_dags/example_python_operator.py took 0.800 seconds
[2025-08-07T15:51:03.566+0700] {processor.py:157} INFO - Started process (PID=115092) to work on /home/dwmhr/pln/venv/lib/python3.10/site-packages/airflow/example_dags/example_python_operator.py
[2025-08-07T15:51:03.572+0700] {processor.py:829} INFO - Processing file /home/dwmhr/pln/venv/lib/python3.10/site-packages/airflow/example_dags/example_python_operator.py for tasks to queue
[2025-08-07T15:51:03.576+0700] {logging_mixin.py:154} INFO - [2025-08-07T15:51:03.574+0700] {dagbag.py:536} INFO - Filling up the DagBag from /home/dwmhr/pln/venv/lib/python3.10/site-packages/airflow/example_dags/example_python_operator.py
[2025-08-07T15:51:04.013+0700] {logging_mixin.py:154} INFO - [2025-08-07T15:51:04.012+0700] {example_python_operator.py:86} WARNING - The virtalenv_python example task requires virtualenv, please install it.
[2025-08-07T15:51:04.015+0700] {processor.py:839} INFO - DAG(s) dict_keys(['example_python_operator']) retrieved from /home/dwmhr/pln/venv/lib/python3.10/site-packages/airflow/example_dags/example_python_operator.py
[2025-08-07T15:51:04.093+0700] {logging_mixin.py:154} INFO - [2025-08-07T15:51:04.093+0700] {dag.py:2941} INFO - Sync 1 DAGs
[2025-08-07T15:51:04.138+0700] {logging_mixin.py:154} INFO - [2025-08-07T15:51:04.138+0700] {dag.py:3722} INFO - Setting next_dagrun for example_python_operator to None, run_after=None
[2025-08-07T15:51:04.236+0700] {processor.py:179} INFO - Processing /home/dwmhr/pln/venv/lib/python3.10/site-packages/airflow/example_dags/example_python_operator.py took 0.683 seconds
[2025-08-07T15:52:04.359+0700] {processor.py:157} INFO - Started process (PID=115419) to work on /home/dwmhr/pln/venv/lib/python3.10/site-packages/airflow/example_dags/example_python_operator.py
[2025-08-07T15:52:04.366+0700] {processor.py:829} INFO - Processing file /home/dwmhr/pln/venv/lib/python3.10/site-packages/airflow/example_dags/example_python_operator.py for tasks to queue
[2025-08-07T15:52:04.370+0700] {logging_mixin.py:154} INFO - [2025-08-07T15:52:04.369+0700] {dagbag.py:536} INFO - Filling up the DagBag from /home/dwmhr/pln/venv/lib/python3.10/site-packages/airflow/example_dags/example_python_operator.py
[2025-08-07T15:52:04.864+0700] {logging_mixin.py:154} INFO - [2025-08-07T15:52:04.863+0700] {example_python_operator.py:86} WARNING - The virtalenv_python example task requires virtualenv, please install it.
[2025-08-07T15:52:04.866+0700] {processor.py:839} INFO - DAG(s) dict_keys(['example_python_operator']) retrieved from /home/dwmhr/pln/venv/lib/python3.10/site-packages/airflow/example_dags/example_python_operator.py
[2025-08-07T15:52:04.991+0700] {logging_mixin.py:154} INFO - [2025-08-07T15:52:04.990+0700] {dag.py:2941} INFO - Sync 1 DAGs
[2025-08-07T15:52:05.090+0700] {logging_mixin.py:154} INFO - [2025-08-07T15:52:05.089+0700] {dag.py:3722} INFO - Setting next_dagrun for example_python_operator to None, run_after=None
[2025-08-07T15:52:05.242+0700] {processor.py:179} INFO - Processing /home/dwmhr/pln/venv/lib/python3.10/site-packages/airflow/example_dags/example_python_operator.py took 0.902 seconds
[2025-08-07T15:53:26.540+0700] {processor.py:157} INFO - Started process (PID=115765) to work on /home/dwmhr/pln/venv/lib/python3.10/site-packages/airflow/example_dags/example_python_operator.py
[2025-08-07T15:53:26.543+0700] {processor.py:829} INFO - Processing file /home/dwmhr/pln/venv/lib/python3.10/site-packages/airflow/example_dags/example_python_operator.py for tasks to queue
[2025-08-07T15:53:26.544+0700] {logging_mixin.py:154} INFO - [2025-08-07T15:53:26.544+0700] {dagbag.py:536} INFO - Filling up the DagBag from /home/dwmhr/pln/venv/lib/python3.10/site-packages/airflow/example_dags/example_python_operator.py
[2025-08-07T15:53:26.627+0700] {logging_mixin.py:154} INFO - [2025-08-07T15:53:26.627+0700] {example_python_operator.py:86} WARNING - The virtalenv_python example task requires virtualenv, please install it.
[2025-08-07T15:53:26.628+0700] {processor.py:839} INFO - DAG(s) dict_keys(['example_python_operator']) retrieved from /home/dwmhr/pln/venv/lib/python3.10/site-packages/airflow/example_dags/example_python_operator.py
[2025-08-07T15:53:26.647+0700] {logging_mixin.py:154} INFO - [2025-08-07T15:53:26.647+0700] {dag.py:2941} INFO - Sync 1 DAGs
[2025-08-07T15:53:26.660+0700] {logging_mixin.py:154} INFO - [2025-08-07T15:53:26.660+0700] {dag.py:3722} INFO - Setting next_dagrun for example_python_operator to None, run_after=None
[2025-08-07T15:53:26.684+0700] {processor.py:179} INFO - Processing /home/dwmhr/pln/venv/lib/python3.10/site-packages/airflow/example_dags/example_python_operator.py took 0.147 seconds
[2025-08-07T15:55:04.778+0700] {processor.py:157} INFO - Started process (PID=116227) to work on /home/dwmhr/pln/venv/lib/python3.10/site-packages/airflow/example_dags/example_python_operator.py
[2025-08-07T15:55:04.780+0700] {processor.py:829} INFO - Processing file /home/dwmhr/pln/venv/lib/python3.10/site-packages/airflow/example_dags/example_python_operator.py for tasks to queue
[2025-08-07T15:55:04.781+0700] {logging_mixin.py:154} INFO - [2025-08-07T15:55:04.781+0700] {dagbag.py:536} INFO - Filling up the DagBag from /home/dwmhr/pln/venv/lib/python3.10/site-packages/airflow/example_dags/example_python_operator.py
[2025-08-07T15:55:04.904+0700] {logging_mixin.py:154} INFO - [2025-08-07T15:55:04.904+0700] {example_python_operator.py:86} WARNING - The virtalenv_python example task requires virtualenv, please install it.
[2025-08-07T15:55:04.905+0700] {processor.py:839} INFO - DAG(s) dict_keys(['example_python_operator']) retrieved from /home/dwmhr/pln/venv/lib/python3.10/site-packages/airflow/example_dags/example_python_operator.py
[2025-08-07T15:55:04.942+0700] {logging_mixin.py:154} INFO - [2025-08-07T15:55:04.942+0700] {dag.py:2941} INFO - Sync 1 DAGs
[2025-08-07T15:55:04.962+0700] {logging_mixin.py:154} INFO - [2025-08-07T15:55:04.961+0700] {dag.py:3722} INFO - Setting next_dagrun for example_python_operator to None, run_after=None
[2025-08-07T15:55:05.009+0700] {processor.py:179} INFO - Processing /home/dwmhr/pln/venv/lib/python3.10/site-packages/airflow/example_dags/example_python_operator.py took 0.236 seconds
[2025-08-07T15:56:28.504+0700] {processor.py:157} INFO - Started process (PID=116664) to work on /home/dwmhr/pln/venv/lib/python3.10/site-packages/airflow/example_dags/example_python_operator.py
[2025-08-07T15:56:28.506+0700] {processor.py:829} INFO - Processing file /home/dwmhr/pln/venv/lib/python3.10/site-packages/airflow/example_dags/example_python_operator.py for tasks to queue
[2025-08-07T15:56:28.508+0700] {logging_mixin.py:154} INFO - [2025-08-07T15:56:28.508+0700] {dagbag.py:536} INFO - Filling up the DagBag from /home/dwmhr/pln/venv/lib/python3.10/site-packages/airflow/example_dags/example_python_operator.py
[2025-08-07T15:56:28.746+0700] {logging_mixin.py:154} INFO - [2025-08-07T15:56:28.745+0700] {example_python_operator.py:86} WARNING - The virtalenv_python example task requires virtualenv, please install it.
[2025-08-07T15:56:28.747+0700] {processor.py:839} INFO - DAG(s) dict_keys(['example_python_operator']) retrieved from /home/dwmhr/pln/venv/lib/python3.10/site-packages/airflow/example_dags/example_python_operator.py
[2025-08-07T15:56:28.787+0700] {logging_mixin.py:154} INFO - [2025-08-07T15:56:28.786+0700] {dag.py:2941} INFO - Sync 1 DAGs
[2025-08-07T15:56:28.813+0700] {logging_mixin.py:154} INFO - [2025-08-07T15:56:28.813+0700] {dag.py:3722} INFO - Setting next_dagrun for example_python_operator to None, run_after=None
[2025-08-07T15:56:28.860+0700] {processor.py:179} INFO - Processing /home/dwmhr/pln/venv/lib/python3.10/site-packages/airflow/example_dags/example_python_operator.py took 0.364 seconds
[2025-08-07T15:57:32.260+0700] {processor.py:157} INFO - Started process (PID=117000) to work on /home/dwmhr/pln/venv/lib/python3.10/site-packages/airflow/example_dags/example_python_operator.py
[2025-08-07T15:57:32.262+0700] {processor.py:829} INFO - Processing file /home/dwmhr/pln/venv/lib/python3.10/site-packages/airflow/example_dags/example_python_operator.py for tasks to queue
[2025-08-07T15:57:32.263+0700] {logging_mixin.py:154} INFO - [2025-08-07T15:57:32.262+0700] {dagbag.py:536} INFO - Filling up the DagBag from /home/dwmhr/pln/venv/lib/python3.10/site-packages/airflow/example_dags/example_python_operator.py
[2025-08-07T15:57:32.372+0700] {logging_mixin.py:154} INFO - [2025-08-07T15:57:32.372+0700] {example_python_operator.py:86} WARNING - The virtalenv_python example task requires virtualenv, please install it.
[2025-08-07T15:57:32.373+0700] {processor.py:839} INFO - DAG(s) dict_keys(['example_python_operator']) retrieved from /home/dwmhr/pln/venv/lib/python3.10/site-packages/airflow/example_dags/example_python_operator.py
[2025-08-07T15:57:32.398+0700] {logging_mixin.py:154} INFO - [2025-08-07T15:57:32.398+0700] {dag.py:2941} INFO - Sync 1 DAGs
[2025-08-07T15:57:32.414+0700] {logging_mixin.py:154} INFO - [2025-08-07T15:57:32.413+0700] {dag.py:3722} INFO - Setting next_dagrun for example_python_operator to None, run_after=None
[2025-08-07T15:57:32.442+0700] {processor.py:179} INFO - Processing /home/dwmhr/pln/venv/lib/python3.10/site-packages/airflow/example_dags/example_python_operator.py took 0.187 seconds
[2025-08-07T16:00:03.297+0700] {processor.py:157} INFO - Started process (PID=117749) to work on /home/dwmhr/pln/venv/lib/python3.10/site-packages/airflow/example_dags/example_python_operator.py
[2025-08-07T16:00:03.303+0700] {processor.py:829} INFO - Processing file /home/dwmhr/pln/venv/lib/python3.10/site-packages/airflow/example_dags/example_python_operator.py for tasks to queue
[2025-08-07T16:00:03.306+0700] {logging_mixin.py:154} INFO - [2025-08-07T16:00:03.305+0700] {dagbag.py:536} INFO - Filling up the DagBag from /home/dwmhr/pln/venv/lib/python3.10/site-packages/airflow/example_dags/example_python_operator.py
[2025-08-07T16:00:03.710+0700] {logging_mixin.py:154} INFO - [2025-08-07T16:00:03.709+0700] {example_python_operator.py:86} WARNING - The virtalenv_python example task requires virtualenv, please install it.
[2025-08-07T16:00:03.712+0700] {processor.py:839} INFO - DAG(s) dict_keys(['example_python_operator']) retrieved from /home/dwmhr/pln/venv/lib/python3.10/site-packages/airflow/example_dags/example_python_operator.py
[2025-08-07T16:00:03.781+0700] {logging_mixin.py:154} INFO - [2025-08-07T16:00:03.780+0700] {dag.py:2941} INFO - Sync 1 DAGs
[2025-08-07T16:00:03.820+0700] {logging_mixin.py:154} INFO - [2025-08-07T16:00:03.820+0700] {dag.py:3722} INFO - Setting next_dagrun for example_python_operator to None, run_after=None
[2025-08-07T16:00:03.917+0700] {processor.py:179} INFO - Processing /home/dwmhr/pln/venv/lib/python3.10/site-packages/airflow/example_dags/example_python_operator.py took 0.633 seconds
[2025-08-07T16:04:11.267+0700] {processor.py:157} INFO - Started process (PID=118911) to work on /home/dwmhr/pln/venv/lib/python3.10/site-packages/airflow/example_dags/example_python_operator.py
[2025-08-07T16:04:11.278+0700] {processor.py:829} INFO - Processing file /home/dwmhr/pln/venv/lib/python3.10/site-packages/airflow/example_dags/example_python_operator.py for tasks to queue
[2025-08-07T16:04:11.285+0700] {logging_mixin.py:154} INFO - [2025-08-07T16:04:11.283+0700] {dagbag.py:536} INFO - Filling up the DagBag from /home/dwmhr/pln/venv/lib/python3.10/site-packages/airflow/example_dags/example_python_operator.py
[2025-08-07T16:04:13.386+0700] {logging_mixin.py:154} INFO - [2025-08-07T16:04:13.385+0700] {example_python_operator.py:86} WARNING - The virtalenv_python example task requires virtualenv, please install it.
[2025-08-07T16:04:13.399+0700] {processor.py:839} INFO - DAG(s) dict_keys(['example_python_operator']) retrieved from /home/dwmhr/pln/venv/lib/python3.10/site-packages/airflow/example_dags/example_python_operator.py
[2025-08-07T16:04:13.646+0700] {logging_mixin.py:154} INFO - [2025-08-07T16:04:13.645+0700] {dag.py:2941} INFO - Sync 1 DAGs
[2025-08-07T16:04:13.747+0700] {logging_mixin.py:154} INFO - [2025-08-07T16:04:13.746+0700] {dag.py:3722} INFO - Setting next_dagrun for example_python_operator to None, run_after=None
[2025-08-07T16:04:14.157+0700] {processor.py:179} INFO - Processing /home/dwmhr/pln/venv/lib/python3.10/site-packages/airflow/example_dags/example_python_operator.py took 2.912 seconds
[2025-08-07T16:05:15.722+0700] {processor.py:157} INFO - Started process (PID=119231) to work on /home/dwmhr/pln/venv/lib/python3.10/site-packages/airflow/example_dags/example_python_operator.py
[2025-08-07T16:05:15.729+0700] {processor.py:829} INFO - Processing file /home/dwmhr/pln/venv/lib/python3.10/site-packages/airflow/example_dags/example_python_operator.py for tasks to queue
[2025-08-07T16:05:15.730+0700] {logging_mixin.py:154} INFO - [2025-08-07T16:05:15.730+0700] {dagbag.py:536} INFO - Filling up the DagBag from /home/dwmhr/pln/venv/lib/python3.10/site-packages/airflow/example_dags/example_python_operator.py
[2025-08-07T16:05:15.846+0700] {logging_mixin.py:154} INFO - [2025-08-07T16:05:15.845+0700] {example_python_operator.py:86} WARNING - The virtalenv_python example task requires virtualenv, please install it.
[2025-08-07T16:05:15.846+0700] {processor.py:839} INFO - DAG(s) dict_keys(['example_python_operator']) retrieved from /home/dwmhr/pln/venv/lib/python3.10/site-packages/airflow/example_dags/example_python_operator.py
[2025-08-07T16:05:15.864+0700] {logging_mixin.py:154} INFO - [2025-08-07T16:05:15.864+0700] {dag.py:2941} INFO - Sync 1 DAGs
[2025-08-07T16:05:15.875+0700] {logging_mixin.py:154} INFO - [2025-08-07T16:05:15.875+0700] {dag.py:3722} INFO - Setting next_dagrun for example_python_operator to None, run_after=None
[2025-08-07T16:05:15.897+0700] {processor.py:179} INFO - Processing /home/dwmhr/pln/venv/lib/python3.10/site-packages/airflow/example_dags/example_python_operator.py took 0.178 seconds
[2025-08-07T16:06:35.388+0700] {processor.py:157} INFO - Started process (PID=119643) to work on /home/dwmhr/pln/venv/lib/python3.10/site-packages/airflow/example_dags/example_python_operator.py
[2025-08-07T16:06:35.401+0700] {processor.py:829} INFO - Processing file /home/dwmhr/pln/venv/lib/python3.10/site-packages/airflow/example_dags/example_python_operator.py for tasks to queue
[2025-08-07T16:06:35.405+0700] {logging_mixin.py:154} INFO - [2025-08-07T16:06:35.403+0700] {dagbag.py:536} INFO - Filling up the DagBag from /home/dwmhr/pln/venv/lib/python3.10/site-packages/airflow/example_dags/example_python_operator.py
[2025-08-07T16:06:35.977+0700] {logging_mixin.py:154} INFO - [2025-08-07T16:06:35.976+0700] {example_python_operator.py:86} WARNING - The virtalenv_python example task requires virtualenv, please install it.
[2025-08-07T16:06:35.981+0700] {processor.py:839} INFO - DAG(s) dict_keys(['example_python_operator']) retrieved from /home/dwmhr/pln/venv/lib/python3.10/site-packages/airflow/example_dags/example_python_operator.py
[2025-08-07T16:06:36.132+0700] {logging_mixin.py:154} INFO - [2025-08-07T16:06:36.127+0700] {dag.py:2941} INFO - Sync 1 DAGs
[2025-08-07T16:06:36.199+0700] {logging_mixin.py:154} INFO - [2025-08-07T16:06:36.198+0700] {dag.py:3722} INFO - Setting next_dagrun for example_python_operator to None, run_after=None
[2025-08-07T16:06:36.325+0700] {processor.py:179} INFO - Processing /home/dwmhr/pln/venv/lib/python3.10/site-packages/airflow/example_dags/example_python_operator.py took 0.959 seconds
[2025-08-07T16:07:51.061+0700] {processor.py:157} INFO - Started process (PID=119984) to work on /home/dwmhr/pln/venv/lib/python3.10/site-packages/airflow/example_dags/example_python_operator.py
[2025-08-07T16:07:51.069+0700] {processor.py:829} INFO - Processing file /home/dwmhr/pln/venv/lib/python3.10/site-packages/airflow/example_dags/example_python_operator.py for tasks to queue
[2025-08-07T16:07:51.073+0700] {logging_mixin.py:154} INFO - [2025-08-07T16:07:51.071+0700] {dagbag.py:536} INFO - Filling up the DagBag from /home/dwmhr/pln/venv/lib/python3.10/site-packages/airflow/example_dags/example_python_operator.py
[2025-08-07T16:07:51.446+0700] {logging_mixin.py:154} INFO - [2025-08-07T16:07:51.446+0700] {example_python_operator.py:86} WARNING - The virtalenv_python example task requires virtualenv, please install it.
[2025-08-07T16:07:51.449+0700] {processor.py:839} INFO - DAG(s) dict_keys(['example_python_operator']) retrieved from /home/dwmhr/pln/venv/lib/python3.10/site-packages/airflow/example_dags/example_python_operator.py
[2025-08-07T16:07:51.539+0700] {logging_mixin.py:154} INFO - [2025-08-07T16:07:51.538+0700] {dag.py:2941} INFO - Sync 1 DAGs
[2025-08-07T16:07:51.588+0700] {logging_mixin.py:154} INFO - [2025-08-07T16:07:51.588+0700] {dag.py:3722} INFO - Setting next_dagrun for example_python_operator to None, run_after=None
[2025-08-07T16:07:51.695+0700] {processor.py:179} INFO - Processing /home/dwmhr/pln/venv/lib/python3.10/site-packages/airflow/example_dags/example_python_operator.py took 0.655 seconds
[2025-08-07T16:09:03.150+0700] {processor.py:157} INFO - Started process (PID=120372) to work on /home/dwmhr/pln/venv/lib/python3.10/site-packages/airflow/example_dags/example_python_operator.py
[2025-08-07T16:09:03.153+0700] {processor.py:829} INFO - Processing file /home/dwmhr/pln/venv/lib/python3.10/site-packages/airflow/example_dags/example_python_operator.py for tasks to queue
[2025-08-07T16:09:03.153+0700] {logging_mixin.py:154} INFO - [2025-08-07T16:09:03.153+0700] {dagbag.py:536} INFO - Filling up the DagBag from /home/dwmhr/pln/venv/lib/python3.10/site-packages/airflow/example_dags/example_python_operator.py
[2025-08-07T16:09:03.225+0700] {logging_mixin.py:154} INFO - [2025-08-07T16:09:03.225+0700] {example_python_operator.py:86} WARNING - The virtalenv_python example task requires virtualenv, please install it.
[2025-08-07T16:09:03.226+0700] {processor.py:839} INFO - DAG(s) dict_keys(['example_python_operator']) retrieved from /home/dwmhr/pln/venv/lib/python3.10/site-packages/airflow/example_dags/example_python_operator.py
[2025-08-07T16:09:03.244+0700] {logging_mixin.py:154} INFO - [2025-08-07T16:09:03.244+0700] {dag.py:2941} INFO - Sync 1 DAGs
[2025-08-07T16:09:03.255+0700] {logging_mixin.py:154} INFO - [2025-08-07T16:09:03.255+0700] {dag.py:3722} INFO - Setting next_dagrun for example_python_operator to None, run_after=None
[2025-08-07T16:09:03.276+0700] {processor.py:179} INFO - Processing /home/dwmhr/pln/venv/lib/python3.10/site-packages/airflow/example_dags/example_python_operator.py took 0.129 seconds
[2025-08-07T16:10:21.820+0700] {processor.py:157} INFO - Started process (PID=120733) to work on /home/dwmhr/pln/venv/lib/python3.10/site-packages/airflow/example_dags/example_python_operator.py
[2025-08-07T16:10:21.824+0700] {processor.py:829} INFO - Processing file /home/dwmhr/pln/venv/lib/python3.10/site-packages/airflow/example_dags/example_python_operator.py for tasks to queue
[2025-08-07T16:10:21.826+0700] {logging_mixin.py:154} INFO - [2025-08-07T16:10:21.825+0700] {dagbag.py:536} INFO - Filling up the DagBag from /home/dwmhr/pln/venv/lib/python3.10/site-packages/airflow/example_dags/example_python_operator.py
[2025-08-07T16:10:22.137+0700] {logging_mixin.py:154} INFO - [2025-08-07T16:10:22.137+0700] {example_python_operator.py:86} WARNING - The virtalenv_python example task requires virtualenv, please install it.
[2025-08-07T16:10:22.139+0700] {processor.py:839} INFO - DAG(s) dict_keys(['example_python_operator']) retrieved from /home/dwmhr/pln/venv/lib/python3.10/site-packages/airflow/example_dags/example_python_operator.py
[2025-08-07T16:10:22.199+0700] {logging_mixin.py:154} INFO - [2025-08-07T16:10:22.198+0700] {dag.py:2941} INFO - Sync 1 DAGs
[2025-08-07T16:10:22.238+0700] {logging_mixin.py:154} INFO - [2025-08-07T16:10:22.238+0700] {dag.py:3722} INFO - Setting next_dagrun for example_python_operator to None, run_after=None
[2025-08-07T16:10:22.301+0700] {processor.py:179} INFO - Processing /home/dwmhr/pln/venv/lib/python3.10/site-packages/airflow/example_dags/example_python_operator.py took 0.487 seconds
[2025-08-07T16:11:17.751+0700] {processor.py:157} INFO - Started process (PID=121018) to work on /home/dwmhr/pln/venv/lib/python3.10/site-packages/airflow/example_dags/example_python_operator.py
[2025-08-07T16:11:17.754+0700] {processor.py:829} INFO - Processing file /home/dwmhr/pln/venv/lib/python3.10/site-packages/airflow/example_dags/example_python_operator.py for tasks to queue
[2025-08-07T16:11:17.755+0700] {logging_mixin.py:154} INFO - [2025-08-07T16:11:17.755+0700] {dagbag.py:536} INFO - Filling up the DagBag from /home/dwmhr/pln/venv/lib/python3.10/site-packages/airflow/example_dags/example_python_operator.py
[2025-08-07T16:11:17.895+0700] {logging_mixin.py:154} INFO - [2025-08-07T16:11:17.895+0700] {example_python_operator.py:86} WARNING - The virtalenv_python example task requires virtualenv, please install it.
[2025-08-07T16:11:17.896+0700] {processor.py:839} INFO - DAG(s) dict_keys(['example_python_operator']) retrieved from /home/dwmhr/pln/venv/lib/python3.10/site-packages/airflow/example_dags/example_python_operator.py
[2025-08-07T16:11:17.924+0700] {logging_mixin.py:154} INFO - [2025-08-07T16:11:17.923+0700] {dag.py:2941} INFO - Sync 1 DAGs
[2025-08-07T16:11:17.941+0700] {logging_mixin.py:154} INFO - [2025-08-07T16:11:17.941+0700] {dag.py:3722} INFO - Setting next_dagrun for example_python_operator to None, run_after=None
[2025-08-07T16:11:17.988+0700] {processor.py:179} INFO - Processing /home/dwmhr/pln/venv/lib/python3.10/site-packages/airflow/example_dags/example_python_operator.py took 0.243 seconds
[2025-08-07T16:12:09.649+0700] {processor.py:157} INFO - Started process (PID=121312) to work on /home/dwmhr/pln/venv/lib/python3.10/site-packages/airflow/example_dags/example_python_operator.py
[2025-08-07T16:12:09.655+0700] {processor.py:829} INFO - Processing file /home/dwmhr/pln/venv/lib/python3.10/site-packages/airflow/example_dags/example_python_operator.py for tasks to queue
[2025-08-07T16:12:09.656+0700] {logging_mixin.py:154} INFO - [2025-08-07T16:12:09.655+0700] {dagbag.py:536} INFO - Filling up the DagBag from /home/dwmhr/pln/venv/lib/python3.10/site-packages/airflow/example_dags/example_python_operator.py
[2025-08-07T16:12:09.745+0700] {logging_mixin.py:154} INFO - [2025-08-07T16:12:09.744+0700] {example_python_operator.py:86} WARNING - The virtalenv_python example task requires virtualenv, please install it.
[2025-08-07T16:12:09.745+0700] {processor.py:839} INFO - DAG(s) dict_keys(['example_python_operator']) retrieved from /home/dwmhr/pln/venv/lib/python3.10/site-packages/airflow/example_dags/example_python_operator.py
[2025-08-07T16:12:09.766+0700] {logging_mixin.py:154} INFO - [2025-08-07T16:12:09.766+0700] {dag.py:2941} INFO - Sync 1 DAGs
[2025-08-07T16:12:09.778+0700] {logging_mixin.py:154} INFO - [2025-08-07T16:12:09.778+0700] {dag.py:3722} INFO - Setting next_dagrun for example_python_operator to None, run_after=None
[2025-08-07T16:12:09.808+0700] {processor.py:179} INFO - Processing /home/dwmhr/pln/venv/lib/python3.10/site-packages/airflow/example_dags/example_python_operator.py took 0.162 seconds
[2025-08-07T16:13:02.074+0700] {processor.py:157} INFO - Started process (PID=121596) to work on /home/dwmhr/pln/venv/lib/python3.10/site-packages/airflow/example_dags/example_python_operator.py
[2025-08-07T16:13:02.077+0700] {processor.py:829} INFO - Processing file /home/dwmhr/pln/venv/lib/python3.10/site-packages/airflow/example_dags/example_python_operator.py for tasks to queue
[2025-08-07T16:13:02.079+0700] {logging_mixin.py:154} INFO - [2025-08-07T16:13:02.078+0700] {dagbag.py:536} INFO - Filling up the DagBag from /home/dwmhr/pln/venv/lib/python3.10/site-packages/airflow/example_dags/example_python_operator.py
[2025-08-07T16:13:02.241+0700] {logging_mixin.py:154} INFO - [2025-08-07T16:13:02.240+0700] {example_python_operator.py:86} WARNING - The virtalenv_python example task requires virtualenv, please install it.
[2025-08-07T16:13:02.242+0700] {processor.py:839} INFO - DAG(s) dict_keys(['example_python_operator']) retrieved from /home/dwmhr/pln/venv/lib/python3.10/site-packages/airflow/example_dags/example_python_operator.py
[2025-08-07T16:13:02.284+0700] {logging_mixin.py:154} INFO - [2025-08-07T16:13:02.284+0700] {dag.py:2941} INFO - Sync 1 DAGs
[2025-08-07T16:13:02.305+0700] {logging_mixin.py:154} INFO - [2025-08-07T16:13:02.305+0700] {dag.py:3722} INFO - Setting next_dagrun for example_python_operator to None, run_after=None
[2025-08-07T16:13:02.344+0700] {processor.py:179} INFO - Processing /home/dwmhr/pln/venv/lib/python3.10/site-packages/airflow/example_dags/example_python_operator.py took 0.276 seconds
[2025-08-07T16:13:47.252+0700] {processor.py:157} INFO - Started process (PID=121847) to work on /home/dwmhr/pln/venv/lib/python3.10/site-packages/airflow/example_dags/example_python_operator.py
[2025-08-07T16:13:47.255+0700] {processor.py:829} INFO - Processing file /home/dwmhr/pln/venv/lib/python3.10/site-packages/airflow/example_dags/example_python_operator.py for tasks to queue
[2025-08-07T16:13:47.258+0700] {logging_mixin.py:154} INFO - [2025-08-07T16:13:47.257+0700] {dagbag.py:536} INFO - Filling up the DagBag from /home/dwmhr/pln/venv/lib/python3.10/site-packages/airflow/example_dags/example_python_operator.py
[2025-08-07T16:13:47.621+0700] {logging_mixin.py:154} INFO - [2025-08-07T16:13:47.620+0700] {example_python_operator.py:86} WARNING - The virtalenv_python example task requires virtualenv, please install it.
[2025-08-07T16:13:47.623+0700] {processor.py:839} INFO - DAG(s) dict_keys(['example_python_operator']) retrieved from /home/dwmhr/pln/venv/lib/python3.10/site-packages/airflow/example_dags/example_python_operator.py
[2025-08-07T16:13:47.699+0700] {logging_mixin.py:154} INFO - [2025-08-07T16:13:47.698+0700] {dag.py:2941} INFO - Sync 1 DAGs
[2025-08-07T16:13:47.758+0700] {logging_mixin.py:154} INFO - [2025-08-07T16:13:47.757+0700] {dag.py:3722} INFO - Setting next_dagrun for example_python_operator to None, run_after=None
[2025-08-07T16:13:47.863+0700] {processor.py:179} INFO - Processing /home/dwmhr/pln/venv/lib/python3.10/site-packages/airflow/example_dags/example_python_operator.py took 0.621 seconds
[2025-08-07T16:14:42.196+0700] {processor.py:157} INFO - Started process (PID=122090) to work on /home/dwmhr/pln/venv/lib/python3.10/site-packages/airflow/example_dags/example_python_operator.py
[2025-08-07T16:14:42.200+0700] {processor.py:829} INFO - Processing file /home/dwmhr/pln/venv/lib/python3.10/site-packages/airflow/example_dags/example_python_operator.py for tasks to queue
[2025-08-07T16:14:42.202+0700] {logging_mixin.py:154} INFO - [2025-08-07T16:14:42.201+0700] {dagbag.py:536} INFO - Filling up the DagBag from /home/dwmhr/pln/venv/lib/python3.10/site-packages/airflow/example_dags/example_python_operator.py
[2025-08-07T16:14:42.450+0700] {logging_mixin.py:154} INFO - [2025-08-07T16:14:42.450+0700] {example_python_operator.py:86} WARNING - The virtalenv_python example task requires virtualenv, please install it.
[2025-08-07T16:14:42.452+0700] {processor.py:839} INFO - DAG(s) dict_keys(['example_python_operator']) retrieved from /home/dwmhr/pln/venv/lib/python3.10/site-packages/airflow/example_dags/example_python_operator.py
[2025-08-07T16:14:42.505+0700] {logging_mixin.py:154} INFO - [2025-08-07T16:14:42.505+0700] {dag.py:2941} INFO - Sync 1 DAGs
[2025-08-07T16:14:42.539+0700] {logging_mixin.py:154} INFO - [2025-08-07T16:14:42.538+0700] {dag.py:3722} INFO - Setting next_dagrun for example_python_operator to None, run_after=None
[2025-08-07T16:14:42.611+0700] {processor.py:179} INFO - Processing /home/dwmhr/pln/venv/lib/python3.10/site-packages/airflow/example_dags/example_python_operator.py took 0.423 seconds
[2025-08-07T16:15:51.125+0700] {processor.py:157} INFO - Started process (PID=122487) to work on /home/dwmhr/pln/venv/lib/python3.10/site-packages/airflow/example_dags/example_python_operator.py
[2025-08-07T16:15:51.128+0700] {processor.py:829} INFO - Processing file /home/dwmhr/pln/venv/lib/python3.10/site-packages/airflow/example_dags/example_python_operator.py for tasks to queue
[2025-08-07T16:15:51.131+0700] {logging_mixin.py:154} INFO - [2025-08-07T16:15:51.130+0700] {dagbag.py:536} INFO - Filling up the DagBag from /home/dwmhr/pln/venv/lib/python3.10/site-packages/airflow/example_dags/example_python_operator.py
[2025-08-07T16:15:51.449+0700] {logging_mixin.py:154} INFO - [2025-08-07T16:15:51.449+0700] {example_python_operator.py:86} WARNING - The virtalenv_python example task requires virtualenv, please install it.
[2025-08-07T16:15:51.451+0700] {processor.py:839} INFO - DAG(s) dict_keys(['example_python_operator']) retrieved from /home/dwmhr/pln/venv/lib/python3.10/site-packages/airflow/example_dags/example_python_operator.py
[2025-08-07T16:15:51.503+0700] {logging_mixin.py:154} INFO - [2025-08-07T16:15:51.502+0700] {dag.py:2941} INFO - Sync 1 DAGs
[2025-08-07T16:15:51.532+0700] {logging_mixin.py:154} INFO - [2025-08-07T16:15:51.532+0700] {dag.py:3722} INFO - Setting next_dagrun for example_python_operator to None, run_after=None
[2025-08-07T16:15:51.602+0700] {processor.py:179} INFO - Processing /home/dwmhr/pln/venv/lib/python3.10/site-packages/airflow/example_dags/example_python_operator.py took 0.488 seconds
[2025-08-07T16:16:55.581+0700] {processor.py:157} INFO - Started process (PID=122805) to work on /home/dwmhr/pln/venv/lib/python3.10/site-packages/airflow/example_dags/example_python_operator.py
[2025-08-07T16:16:55.584+0700] {processor.py:829} INFO - Processing file /home/dwmhr/pln/venv/lib/python3.10/site-packages/airflow/example_dags/example_python_operator.py for tasks to queue
[2025-08-07T16:16:55.586+0700] {logging_mixin.py:154} INFO - [2025-08-07T16:16:55.585+0700] {dagbag.py:536} INFO - Filling up the DagBag from /home/dwmhr/pln/venv/lib/python3.10/site-packages/airflow/example_dags/example_python_operator.py
[2025-08-07T16:16:55.829+0700] {logging_mixin.py:154} INFO - [2025-08-07T16:16:55.829+0700] {example_python_operator.py:86} WARNING - The virtalenv_python example task requires virtualenv, please install it.
[2025-08-07T16:16:55.831+0700] {processor.py:839} INFO - DAG(s) dict_keys(['example_python_operator']) retrieved from /home/dwmhr/pln/venv/lib/python3.10/site-packages/airflow/example_dags/example_python_operator.py
[2025-08-07T16:16:55.878+0700] {logging_mixin.py:154} INFO - [2025-08-07T16:16:55.877+0700] {dag.py:2941} INFO - Sync 1 DAGs
[2025-08-07T16:16:55.909+0700] {logging_mixin.py:154} INFO - [2025-08-07T16:16:55.909+0700] {dag.py:3722} INFO - Setting next_dagrun for example_python_operator to None, run_after=None
[2025-08-07T16:16:55.971+0700] {processor.py:179} INFO - Processing /home/dwmhr/pln/venv/lib/python3.10/site-packages/airflow/example_dags/example_python_operator.py took 0.399 seconds
[2025-08-07T16:17:58.505+0700] {processor.py:157} INFO - Started process (PID=123099) to work on /home/dwmhr/pln/venv/lib/python3.10/site-packages/airflow/example_dags/example_python_operator.py
[2025-08-07T16:17:58.509+0700] {processor.py:829} INFO - Processing file /home/dwmhr/pln/venv/lib/python3.10/site-packages/airflow/example_dags/example_python_operator.py for tasks to queue
[2025-08-07T16:17:58.512+0700] {logging_mixin.py:154} INFO - [2025-08-07T16:17:58.511+0700] {dagbag.py:536} INFO - Filling up the DagBag from /home/dwmhr/pln/venv/lib/python3.10/site-packages/airflow/example_dags/example_python_operator.py
[2025-08-07T16:17:58.734+0700] {logging_mixin.py:154} INFO - [2025-08-07T16:17:58.734+0700] {example_python_operator.py:86} WARNING - The virtalenv_python example task requires virtualenv, please install it.
[2025-08-07T16:17:58.736+0700] {processor.py:839} INFO - DAG(s) dict_keys(['example_python_operator']) retrieved from /home/dwmhr/pln/venv/lib/python3.10/site-packages/airflow/example_dags/example_python_operator.py
[2025-08-07T16:17:58.777+0700] {logging_mixin.py:154} INFO - [2025-08-07T16:17:58.777+0700] {dag.py:2941} INFO - Sync 1 DAGs
[2025-08-07T16:17:58.805+0700] {logging_mixin.py:154} INFO - [2025-08-07T16:17:58.805+0700] {dag.py:3722} INFO - Setting next_dagrun for example_python_operator to None, run_after=None
[2025-08-07T16:17:58.858+0700] {processor.py:179} INFO - Processing /home/dwmhr/pln/venv/lib/python3.10/site-packages/airflow/example_dags/example_python_operator.py took 0.364 seconds
[2025-08-07T16:18:50.471+0700] {processor.py:157} INFO - Started process (PID=123382) to work on /home/dwmhr/pln/venv/lib/python3.10/site-packages/airflow/example_dags/example_python_operator.py
[2025-08-07T16:18:50.477+0700] {processor.py:829} INFO - Processing file /home/dwmhr/pln/venv/lib/python3.10/site-packages/airflow/example_dags/example_python_operator.py for tasks to queue
[2025-08-07T16:18:50.478+0700] {logging_mixin.py:154} INFO - [2025-08-07T16:18:50.477+0700] {dagbag.py:536} INFO - Filling up the DagBag from /home/dwmhr/pln/venv/lib/python3.10/site-packages/airflow/example_dags/example_python_operator.py
[2025-08-07T16:18:50.533+0700] {logging_mixin.py:154} INFO - [2025-08-07T16:18:50.532+0700] {example_python_operator.py:86} WARNING - The virtalenv_python example task requires virtualenv, please install it.
[2025-08-07T16:18:50.533+0700] {processor.py:839} INFO - DAG(s) dict_keys(['example_python_operator']) retrieved from /home/dwmhr/pln/venv/lib/python3.10/site-packages/airflow/example_dags/example_python_operator.py
[2025-08-07T16:18:50.547+0700] {logging_mixin.py:154} INFO - [2025-08-07T16:18:50.547+0700] {dag.py:2941} INFO - Sync 1 DAGs
[2025-08-07T16:18:50.555+0700] {logging_mixin.py:154} INFO - [2025-08-07T16:18:50.555+0700] {dag.py:3722} INFO - Setting next_dagrun for example_python_operator to None, run_after=None
[2025-08-07T16:18:50.572+0700] {processor.py:179} INFO - Processing /home/dwmhr/pln/venv/lib/python3.10/site-packages/airflow/example_dags/example_python_operator.py took 0.103 seconds
[2025-08-07T16:27:12.956+0700] {processor.py:157} INFO - Started process (PID=125522) to work on /home/dwmhr/pln/venv/lib/python3.10/site-packages/airflow/example_dags/example_python_operator.py
[2025-08-07T16:27:12.959+0700] {processor.py:829} INFO - Processing file /home/dwmhr/pln/venv/lib/python3.10/site-packages/airflow/example_dags/example_python_operator.py for tasks to queue
[2025-08-07T16:27:12.960+0700] {logging_mixin.py:154} INFO - [2025-08-07T16:27:12.960+0700] {dagbag.py:536} INFO - Filling up the DagBag from /home/dwmhr/pln/venv/lib/python3.10/site-packages/airflow/example_dags/example_python_operator.py
[2025-08-07T16:27:13.122+0700] {logging_mixin.py:154} INFO - [2025-08-07T16:27:13.121+0700] {example_python_operator.py:86} WARNING - The virtalenv_python example task requires virtualenv, please install it.
[2025-08-07T16:27:13.123+0700] {processor.py:839} INFO - DAG(s) dict_keys(['example_python_operator']) retrieved from /home/dwmhr/pln/venv/lib/python3.10/site-packages/airflow/example_dags/example_python_operator.py
[2025-08-07T16:27:13.149+0700] {logging_mixin.py:154} INFO - [2025-08-07T16:27:13.149+0700] {dag.py:2941} INFO - Sync 1 DAGs
[2025-08-07T16:27:13.167+0700] {logging_mixin.py:154} INFO - [2025-08-07T16:27:13.167+0700] {dag.py:3722} INFO - Setting next_dagrun for example_python_operator to None, run_after=None
[2025-08-07T16:27:13.359+0700] {processor.py:179} INFO - Processing /home/dwmhr/pln/venv/lib/python3.10/site-packages/airflow/example_dags/example_python_operator.py took 0.408 seconds
[2025-08-07T16:28:35.798+0700] {processor.py:157} INFO - Started process (PID=125881) to work on /home/dwmhr/pln/venv/lib/python3.10/site-packages/airflow/example_dags/example_python_operator.py
[2025-08-07T16:28:35.799+0700] {processor.py:829} INFO - Processing file /home/dwmhr/pln/venv/lib/python3.10/site-packages/airflow/example_dags/example_python_operator.py for tasks to queue
[2025-08-07T16:28:35.800+0700] {logging_mixin.py:154} INFO - [2025-08-07T16:28:35.799+0700] {dagbag.py:536} INFO - Filling up the DagBag from /home/dwmhr/pln/venv/lib/python3.10/site-packages/airflow/example_dags/example_python_operator.py
[2025-08-07T16:28:35.866+0700] {logging_mixin.py:154} INFO - [2025-08-07T16:28:35.866+0700] {example_python_operator.py:86} WARNING - The virtalenv_python example task requires virtualenv, please install it.
[2025-08-07T16:28:35.866+0700] {processor.py:839} INFO - DAG(s) dict_keys(['example_python_operator']) retrieved from /home/dwmhr/pln/venv/lib/python3.10/site-packages/airflow/example_dags/example_python_operator.py
[2025-08-07T16:28:35.879+0700] {logging_mixin.py:154} INFO - [2025-08-07T16:28:35.879+0700] {dag.py:2941} INFO - Sync 1 DAGs
[2025-08-07T16:28:35.887+0700] {logging_mixin.py:154} INFO - [2025-08-07T16:28:35.887+0700] {dag.py:3722} INFO - Setting next_dagrun for example_python_operator to None, run_after=None
[2025-08-07T16:28:35.904+0700] {processor.py:179} INFO - Processing /home/dwmhr/pln/venv/lib/python3.10/site-packages/airflow/example_dags/example_python_operator.py took 0.109 seconds
[2025-08-07T16:29:32.538+0700] {processor.py:157} INFO - Started process (PID=126170) to work on /home/dwmhr/pln/venv/lib/python3.10/site-packages/airflow/example_dags/example_python_operator.py
[2025-08-07T16:29:32.540+0700] {processor.py:829} INFO - Processing file /home/dwmhr/pln/venv/lib/python3.10/site-packages/airflow/example_dags/example_python_operator.py for tasks to queue
[2025-08-07T16:29:32.541+0700] {logging_mixin.py:154} INFO - [2025-08-07T16:29:32.540+0700] {dagbag.py:536} INFO - Filling up the DagBag from /home/dwmhr/pln/venv/lib/python3.10/site-packages/airflow/example_dags/example_python_operator.py
[2025-08-07T16:29:32.626+0700] {logging_mixin.py:154} INFO - [2025-08-07T16:29:32.626+0700] {example_python_operator.py:86} WARNING - The virtalenv_python example task requires virtualenv, please install it.
[2025-08-07T16:29:32.627+0700] {processor.py:839} INFO - DAG(s) dict_keys(['example_python_operator']) retrieved from /home/dwmhr/pln/venv/lib/python3.10/site-packages/airflow/example_dags/example_python_operator.py
[2025-08-07T16:29:32.778+0700] {logging_mixin.py:154} INFO - [2025-08-07T16:29:32.778+0700] {dag.py:2941} INFO - Sync 1 DAGs
[2025-08-07T16:29:32.788+0700] {logging_mixin.py:154} INFO - [2025-08-07T16:29:32.788+0700] {dag.py:3722} INFO - Setting next_dagrun for example_python_operator to None, run_after=None
[2025-08-07T16:29:32.818+0700] {processor.py:179} INFO - Processing /home/dwmhr/pln/venv/lib/python3.10/site-packages/airflow/example_dags/example_python_operator.py took 0.284 seconds
[2025-08-07T16:30:36.178+0700] {processor.py:157} INFO - Started process (PID=126494) to work on /home/dwmhr/pln/venv/lib/python3.10/site-packages/airflow/example_dags/example_python_operator.py
[2025-08-07T16:30:36.180+0700] {processor.py:829} INFO - Processing file /home/dwmhr/pln/venv/lib/python3.10/site-packages/airflow/example_dags/example_python_operator.py for tasks to queue
[2025-08-07T16:30:36.182+0700] {logging_mixin.py:154} INFO - [2025-08-07T16:30:36.181+0700] {dagbag.py:536} INFO - Filling up the DagBag from /home/dwmhr/pln/venv/lib/python3.10/site-packages/airflow/example_dags/example_python_operator.py
[2025-08-07T16:30:36.293+0700] {logging_mixin.py:154} INFO - [2025-08-07T16:30:36.293+0700] {example_python_operator.py:86} WARNING - The virtalenv_python example task requires virtualenv, please install it.
[2025-08-07T16:30:36.294+0700] {processor.py:839} INFO - DAG(s) dict_keys(['example_python_operator']) retrieved from /home/dwmhr/pln/venv/lib/python3.10/site-packages/airflow/example_dags/example_python_operator.py
[2025-08-07T16:30:36.323+0700] {logging_mixin.py:154} INFO - [2025-08-07T16:30:36.323+0700] {dag.py:2941} INFO - Sync 1 DAGs
[2025-08-07T16:30:36.338+0700] {logging_mixin.py:154} INFO - [2025-08-07T16:30:36.338+0700] {dag.py:3722} INFO - Setting next_dagrun for example_python_operator to None, run_after=None
[2025-08-07T16:30:36.373+0700] {processor.py:179} INFO - Processing /home/dwmhr/pln/venv/lib/python3.10/site-packages/airflow/example_dags/example_python_operator.py took 0.201 seconds
[2025-08-07T16:31:35.292+0700] {processor.py:157} INFO - Started process (PID=126797) to work on /home/dwmhr/pln/venv/lib/python3.10/site-packages/airflow/example_dags/example_python_operator.py
[2025-08-07T16:31:35.307+0700] {processor.py:829} INFO - Processing file /home/dwmhr/pln/venv/lib/python3.10/site-packages/airflow/example_dags/example_python_operator.py for tasks to queue
[2025-08-07T16:31:35.314+0700] {logging_mixin.py:154} INFO - [2025-08-07T16:31:35.310+0700] {dagbag.py:536} INFO - Filling up the DagBag from /home/dwmhr/pln/venv/lib/python3.10/site-packages/airflow/example_dags/example_python_operator.py
[2025-08-07T16:31:36.466+0700] {logging_mixin.py:154} INFO - [2025-08-07T16:31:36.465+0700] {example_python_operator.py:86} WARNING - The virtalenv_python example task requires virtualenv, please install it.
[2025-08-07T16:31:36.471+0700] {processor.py:839} INFO - DAG(s) dict_keys(['example_python_operator']) retrieved from /home/dwmhr/pln/venv/lib/python3.10/site-packages/airflow/example_dags/example_python_operator.py
[2025-08-07T16:31:36.720+0700] {logging_mixin.py:154} INFO - [2025-08-07T16:31:36.718+0700] {dag.py:2941} INFO - Sync 1 DAGs
[2025-08-07T16:31:36.880+0700] {logging_mixin.py:154} INFO - [2025-08-07T16:31:36.868+0700] {dag.py:3722} INFO - Setting next_dagrun for example_python_operator to None, run_after=None
[2025-08-07T16:31:37.312+0700] {processor.py:179} INFO - Processing /home/dwmhr/pln/venv/lib/python3.10/site-packages/airflow/example_dags/example_python_operator.py took 2.065 seconds
[2025-08-07T16:33:46.875+0700] {processor.py:157} INFO - Started process (PID=127340) to work on /home/dwmhr/pln/venv/lib/python3.10/site-packages/airflow/example_dags/example_python_operator.py
[2025-08-07T16:33:46.879+0700] {processor.py:829} INFO - Processing file /home/dwmhr/pln/venv/lib/python3.10/site-packages/airflow/example_dags/example_python_operator.py for tasks to queue
[2025-08-07T16:33:46.882+0700] {logging_mixin.py:154} INFO - [2025-08-07T16:33:46.881+0700] {dagbag.py:536} INFO - Filling up the DagBag from /home/dwmhr/pln/venv/lib/python3.10/site-packages/airflow/example_dags/example_python_operator.py
[2025-08-07T16:33:47.159+0700] {logging_mixin.py:154} INFO - [2025-08-07T16:33:47.158+0700] {example_python_operator.py:86} WARNING - The virtalenv_python example task requires virtualenv, please install it.
[2025-08-07T16:33:47.160+0700] {processor.py:839} INFO - DAG(s) dict_keys(['example_python_operator']) retrieved from /home/dwmhr/pln/venv/lib/python3.10/site-packages/airflow/example_dags/example_python_operator.py
[2025-08-07T16:33:47.218+0700] {logging_mixin.py:154} INFO - [2025-08-07T16:33:47.218+0700] {dag.py:2941} INFO - Sync 1 DAGs
[2025-08-07T16:33:47.248+0700] {logging_mixin.py:154} INFO - [2025-08-07T16:33:47.248+0700] {dag.py:3722} INFO - Setting next_dagrun for example_python_operator to None, run_after=None
[2025-08-07T16:33:47.316+0700] {processor.py:179} INFO - Processing /home/dwmhr/pln/venv/lib/python3.10/site-packages/airflow/example_dags/example_python_operator.py took 0.454 seconds
[2025-08-07T16:34:53.920+0700] {processor.py:157} INFO - Started process (PID=127588) to work on /home/dwmhr/pln/venv/lib/python3.10/site-packages/airflow/example_dags/example_python_operator.py
[2025-08-07T16:34:53.934+0700] {processor.py:829} INFO - Processing file /home/dwmhr/pln/venv/lib/python3.10/site-packages/airflow/example_dags/example_python_operator.py for tasks to queue
[2025-08-07T16:34:53.938+0700] {logging_mixin.py:154} INFO - [2025-08-07T16:34:53.936+0700] {dagbag.py:536} INFO - Filling up the DagBag from /home/dwmhr/pln/venv/lib/python3.10/site-packages/airflow/example_dags/example_python_operator.py
[2025-08-07T16:34:54.372+0700] {logging_mixin.py:154} INFO - [2025-08-07T16:34:54.371+0700] {example_python_operator.py:86} WARNING - The virtalenv_python example task requires virtualenv, please install it.
[2025-08-07T16:34:54.374+0700] {processor.py:839} INFO - DAG(s) dict_keys(['example_python_operator']) retrieved from /home/dwmhr/pln/venv/lib/python3.10/site-packages/airflow/example_dags/example_python_operator.py
[2025-08-07T16:34:54.438+0700] {logging_mixin.py:154} INFO - [2025-08-07T16:34:54.438+0700] {dag.py:2941} INFO - Sync 1 DAGs
[2025-08-07T16:34:54.487+0700] {logging_mixin.py:154} INFO - [2025-08-07T16:34:54.487+0700] {dag.py:3722} INFO - Setting next_dagrun for example_python_operator to None, run_after=None
[2025-08-07T16:34:54.595+0700] {processor.py:179} INFO - Processing /home/dwmhr/pln/venv/lib/python3.10/site-packages/airflow/example_dags/example_python_operator.py took 0.692 seconds
[2025-08-07T16:35:44.750+0700] {processor.py:157} INFO - Started process (PID=127826) to work on /home/dwmhr/pln/venv/lib/python3.10/site-packages/airflow/example_dags/example_python_operator.py
[2025-08-07T16:35:44.752+0700] {processor.py:829} INFO - Processing file /home/dwmhr/pln/venv/lib/python3.10/site-packages/airflow/example_dags/example_python_operator.py for tasks to queue
[2025-08-07T16:35:44.753+0700] {logging_mixin.py:154} INFO - [2025-08-07T16:35:44.753+0700] {dagbag.py:536} INFO - Filling up the DagBag from /home/dwmhr/pln/venv/lib/python3.10/site-packages/airflow/example_dags/example_python_operator.py
[2025-08-07T16:35:44.877+0700] {logging_mixin.py:154} INFO - [2025-08-07T16:35:44.877+0700] {example_python_operator.py:86} WARNING - The virtalenv_python example task requires virtualenv, please install it.
[2025-08-07T16:35:44.878+0700] {processor.py:839} INFO - DAG(s) dict_keys(['example_python_operator']) retrieved from /home/dwmhr/pln/venv/lib/python3.10/site-packages/airflow/example_dags/example_python_operator.py
[2025-08-07T16:35:44.900+0700] {logging_mixin.py:154} INFO - [2025-08-07T16:35:44.900+0700] {dag.py:2941} INFO - Sync 1 DAGs
[2025-08-07T16:35:44.914+0700] {logging_mixin.py:154} INFO - [2025-08-07T16:35:44.914+0700] {dag.py:3722} INFO - Setting next_dagrun for example_python_operator to None, run_after=None
[2025-08-07T16:35:44.942+0700] {processor.py:179} INFO - Processing /home/dwmhr/pln/venv/lib/python3.10/site-packages/airflow/example_dags/example_python_operator.py took 0.197 seconds
[2025-08-07T16:36:33.789+0700] {processor.py:157} INFO - Started process (PID=128031) to work on /home/dwmhr/pln/venv/lib/python3.10/site-packages/airflow/example_dags/example_python_operator.py
[2025-08-07T16:36:33.793+0700] {processor.py:829} INFO - Processing file /home/dwmhr/pln/venv/lib/python3.10/site-packages/airflow/example_dags/example_python_operator.py for tasks to queue
[2025-08-07T16:36:33.794+0700] {logging_mixin.py:154} INFO - [2025-08-07T16:36:33.793+0700] {dagbag.py:536} INFO - Filling up the DagBag from /home/dwmhr/pln/venv/lib/python3.10/site-packages/airflow/example_dags/example_python_operator.py
[2025-08-07T16:36:33.896+0700] {logging_mixin.py:154} INFO - [2025-08-07T16:36:33.895+0700] {example_python_operator.py:86} WARNING - The virtalenv_python example task requires virtualenv, please install it.
[2025-08-07T16:36:33.896+0700] {processor.py:839} INFO - DAG(s) dict_keys(['example_python_operator']) retrieved from /home/dwmhr/pln/venv/lib/python3.10/site-packages/airflow/example_dags/example_python_operator.py
[2025-08-07T16:36:33.916+0700] {logging_mixin.py:154} INFO - [2025-08-07T16:36:33.916+0700] {dag.py:2941} INFO - Sync 1 DAGs
[2025-08-07T16:36:33.929+0700] {logging_mixin.py:154} INFO - [2025-08-07T16:36:33.929+0700] {dag.py:3722} INFO - Setting next_dagrun for example_python_operator to None, run_after=None
[2025-08-07T16:36:33.952+0700] {processor.py:179} INFO - Processing /home/dwmhr/pln/venv/lib/python3.10/site-packages/airflow/example_dags/example_python_operator.py took 0.167 seconds
[2025-08-07T16:37:38.496+0700] {processor.py:157} INFO - Started process (PID=128288) to work on /home/dwmhr/pln/venv/lib/python3.10/site-packages/airflow/example_dags/example_python_operator.py
[2025-08-07T16:37:38.499+0700] {processor.py:829} INFO - Processing file /home/dwmhr/pln/venv/lib/python3.10/site-packages/airflow/example_dags/example_python_operator.py for tasks to queue
[2025-08-07T16:37:38.501+0700] {logging_mixin.py:154} INFO - [2025-08-07T16:37:38.500+0700] {dagbag.py:536} INFO - Filling up the DagBag from /home/dwmhr/pln/venv/lib/python3.10/site-packages/airflow/example_dags/example_python_operator.py
[2025-08-07T16:37:38.739+0700] {logging_mixin.py:154} INFO - [2025-08-07T16:37:38.739+0700] {example_python_operator.py:86} WARNING - The virtalenv_python example task requires virtualenv, please install it.
[2025-08-07T16:37:38.741+0700] {processor.py:839} INFO - DAG(s) dict_keys(['example_python_operator']) retrieved from /home/dwmhr/pln/venv/lib/python3.10/site-packages/airflow/example_dags/example_python_operator.py
[2025-08-07T16:37:38.783+0700] {logging_mixin.py:154} INFO - [2025-08-07T16:37:38.783+0700] {dag.py:2941} INFO - Sync 1 DAGs
[2025-08-07T16:37:38.808+0700] {logging_mixin.py:154} INFO - [2025-08-07T16:37:38.808+0700] {dag.py:3722} INFO - Setting next_dagrun for example_python_operator to None, run_after=None
[2025-08-07T16:37:38.861+0700] {processor.py:179} INFO - Processing /home/dwmhr/pln/venv/lib/python3.10/site-packages/airflow/example_dags/example_python_operator.py took 0.373 seconds
[2025-08-07T16:38:43.790+0700] {processor.py:157} INFO - Started process (PID=128559) to work on /home/dwmhr/pln/venv/lib/python3.10/site-packages/airflow/example_dags/example_python_operator.py
[2025-08-07T16:38:43.794+0700] {processor.py:829} INFO - Processing file /home/dwmhr/pln/venv/lib/python3.10/site-packages/airflow/example_dags/example_python_operator.py for tasks to queue
[2025-08-07T16:38:43.799+0700] {logging_mixin.py:154} INFO - [2025-08-07T16:38:43.797+0700] {dagbag.py:536} INFO - Filling up the DagBag from /home/dwmhr/pln/venv/lib/python3.10/site-packages/airflow/example_dags/example_python_operator.py
[2025-08-07T16:38:44.227+0700] {logging_mixin.py:154} INFO - [2025-08-07T16:38:44.226+0700] {example_python_operator.py:86} WARNING - The virtalenv_python example task requires virtualenv, please install it.
[2025-08-07T16:38:44.229+0700] {processor.py:839} INFO - DAG(s) dict_keys(['example_python_operator']) retrieved from /home/dwmhr/pln/venv/lib/python3.10/site-packages/airflow/example_dags/example_python_operator.py
[2025-08-07T16:38:44.297+0700] {logging_mixin.py:154} INFO - [2025-08-07T16:38:44.296+0700] {dag.py:2941} INFO - Sync 1 DAGs
[2025-08-07T16:38:44.333+0700] {logging_mixin.py:154} INFO - [2025-08-07T16:38:44.333+0700] {dag.py:3722} INFO - Setting next_dagrun for example_python_operator to None, run_after=None
[2025-08-07T16:38:44.414+0700] {processor.py:179} INFO - Processing /home/dwmhr/pln/venv/lib/python3.10/site-packages/airflow/example_dags/example_python_operator.py took 0.636 seconds
[2025-08-07T16:39:36.508+0700] {processor.py:157} INFO - Started process (PID=128798) to work on /home/dwmhr/pln/venv/lib/python3.10/site-packages/airflow/example_dags/example_python_operator.py
[2025-08-07T16:39:36.510+0700] {processor.py:829} INFO - Processing file /home/dwmhr/pln/venv/lib/python3.10/site-packages/airflow/example_dags/example_python_operator.py for tasks to queue
[2025-08-07T16:39:36.511+0700] {logging_mixin.py:154} INFO - [2025-08-07T16:39:36.511+0700] {dagbag.py:536} INFO - Filling up the DagBag from /home/dwmhr/pln/venv/lib/python3.10/site-packages/airflow/example_dags/example_python_operator.py
[2025-08-07T16:39:36.625+0700] {logging_mixin.py:154} INFO - [2025-08-07T16:39:36.625+0700] {example_python_operator.py:86} WARNING - The virtalenv_python example task requires virtualenv, please install it.
[2025-08-07T16:39:36.625+0700] {processor.py:839} INFO - DAG(s) dict_keys(['example_python_operator']) retrieved from /home/dwmhr/pln/venv/lib/python3.10/site-packages/airflow/example_dags/example_python_operator.py
[2025-08-07T16:39:36.645+0700] {logging_mixin.py:154} INFO - [2025-08-07T16:39:36.645+0700] {dag.py:2941} INFO - Sync 1 DAGs
[2025-08-07T16:39:36.657+0700] {logging_mixin.py:154} INFO - [2025-08-07T16:39:36.657+0700] {dag.py:3722} INFO - Setting next_dagrun for example_python_operator to None, run_after=None
[2025-08-07T16:39:36.681+0700] {processor.py:179} INFO - Processing /home/dwmhr/pln/venv/lib/python3.10/site-packages/airflow/example_dags/example_python_operator.py took 0.177 seconds
[2025-08-07T16:40:50.084+0700] {processor.py:157} INFO - Started process (PID=129064) to work on /home/dwmhr/pln/venv/lib/python3.10/site-packages/airflow/example_dags/example_python_operator.py
[2025-08-07T16:40:50.085+0700] {processor.py:829} INFO - Processing file /home/dwmhr/pln/venv/lib/python3.10/site-packages/airflow/example_dags/example_python_operator.py for tasks to queue
[2025-08-07T16:40:50.086+0700] {logging_mixin.py:154} INFO - [2025-08-07T16:40:50.086+0700] {dagbag.py:536} INFO - Filling up the DagBag from /home/dwmhr/pln/venv/lib/python3.10/site-packages/airflow/example_dags/example_python_operator.py
[2025-08-07T16:40:50.196+0700] {logging_mixin.py:154} INFO - [2025-08-07T16:40:50.196+0700] {example_python_operator.py:86} WARNING - The virtalenv_python example task requires virtualenv, please install it.
[2025-08-07T16:40:50.196+0700] {processor.py:839} INFO - DAG(s) dict_keys(['example_python_operator']) retrieved from /home/dwmhr/pln/venv/lib/python3.10/site-packages/airflow/example_dags/example_python_operator.py
[2025-08-07T16:40:50.216+0700] {logging_mixin.py:154} INFO - [2025-08-07T16:40:50.216+0700] {dag.py:2941} INFO - Sync 1 DAGs
[2025-08-07T16:40:50.228+0700] {logging_mixin.py:154} INFO - [2025-08-07T16:40:50.228+0700] {dag.py:3722} INFO - Setting next_dagrun for example_python_operator to None, run_after=None
[2025-08-07T16:40:50.248+0700] {processor.py:179} INFO - Processing /home/dwmhr/pln/venv/lib/python3.10/site-packages/airflow/example_dags/example_python_operator.py took 0.168 seconds
[2025-08-07T16:41:43.924+0700] {processor.py:157} INFO - Started process (PID=129295) to work on /home/dwmhr/pln/venv/lib/python3.10/site-packages/airflow/example_dags/example_python_operator.py
[2025-08-07T16:41:43.929+0700] {processor.py:829} INFO - Processing file /home/dwmhr/pln/venv/lib/python3.10/site-packages/airflow/example_dags/example_python_operator.py for tasks to queue
[2025-08-07T16:41:43.930+0700] {logging_mixin.py:154} INFO - [2025-08-07T16:41:43.930+0700] {dagbag.py:536} INFO - Filling up the DagBag from /home/dwmhr/pln/venv/lib/python3.10/site-packages/airflow/example_dags/example_python_operator.py
[2025-08-07T16:41:44.049+0700] {logging_mixin.py:154} INFO - [2025-08-07T16:41:44.049+0700] {example_python_operator.py:86} WARNING - The virtalenv_python example task requires virtualenv, please install it.
[2025-08-07T16:41:44.050+0700] {processor.py:839} INFO - DAG(s) dict_keys(['example_python_operator']) retrieved from /home/dwmhr/pln/venv/lib/python3.10/site-packages/airflow/example_dags/example_python_operator.py
[2025-08-07T16:41:44.073+0700] {logging_mixin.py:154} INFO - [2025-08-07T16:41:44.072+0700] {dag.py:2941} INFO - Sync 1 DAGs
[2025-08-07T16:41:44.086+0700] {logging_mixin.py:154} INFO - [2025-08-07T16:41:44.086+0700] {dag.py:3722} INFO - Setting next_dagrun for example_python_operator to None, run_after=None
[2025-08-07T16:41:44.112+0700] {processor.py:179} INFO - Processing /home/dwmhr/pln/venv/lib/python3.10/site-packages/airflow/example_dags/example_python_operator.py took 0.192 seconds
[2025-08-07T16:42:51.722+0700] {processor.py:157} INFO - Started process (PID=129587) to work on /home/dwmhr/pln/venv/lib/python3.10/site-packages/airflow/example_dags/example_python_operator.py
[2025-08-07T16:42:51.729+0700] {processor.py:829} INFO - Processing file /home/dwmhr/pln/venv/lib/python3.10/site-packages/airflow/example_dags/example_python_operator.py for tasks to queue
[2025-08-07T16:42:51.733+0700] {logging_mixin.py:154} INFO - [2025-08-07T16:42:51.732+0700] {dagbag.py:536} INFO - Filling up the DagBag from /home/dwmhr/pln/venv/lib/python3.10/site-packages/airflow/example_dags/example_python_operator.py
[2025-08-07T16:42:52.232+0700] {logging_mixin.py:154} INFO - [2025-08-07T16:42:52.231+0700] {example_python_operator.py:86} WARNING - The virtalenv_python example task requires virtualenv, please install it.
[2025-08-07T16:42:52.235+0700] {processor.py:839} INFO - DAG(s) dict_keys(['example_python_operator']) retrieved from /home/dwmhr/pln/venv/lib/python3.10/site-packages/airflow/example_dags/example_python_operator.py
[2025-08-07T16:42:52.364+0700] {logging_mixin.py:154} INFO - [2025-08-07T16:42:52.362+0700] {dag.py:2941} INFO - Sync 1 DAGs
[2025-08-07T16:42:52.455+0700] {logging_mixin.py:154} INFO - [2025-08-07T16:42:52.454+0700] {dag.py:3722} INFO - Setting next_dagrun for example_python_operator to None, run_after=None
[2025-08-07T16:42:52.581+0700] {processor.py:179} INFO - Processing /home/dwmhr/pln/venv/lib/python3.10/site-packages/airflow/example_dags/example_python_operator.py took 0.877 seconds
[2025-08-07T16:43:51.614+0700] {processor.py:157} INFO - Started process (PID=129839) to work on /home/dwmhr/pln/venv/lib/python3.10/site-packages/airflow/example_dags/example_python_operator.py
[2025-08-07T16:43:51.625+0700] {processor.py:829} INFO - Processing file /home/dwmhr/pln/venv/lib/python3.10/site-packages/airflow/example_dags/example_python_operator.py for tasks to queue
[2025-08-07T16:43:51.626+0700] {logging_mixin.py:154} INFO - [2025-08-07T16:43:51.626+0700] {dagbag.py:536} INFO - Filling up the DagBag from /home/dwmhr/pln/venv/lib/python3.10/site-packages/airflow/example_dags/example_python_operator.py
[2025-08-07T16:43:51.683+0700] {logging_mixin.py:154} INFO - [2025-08-07T16:43:51.683+0700] {example_python_operator.py:86} WARNING - The virtalenv_python example task requires virtualenv, please install it.
[2025-08-07T16:43:51.683+0700] {processor.py:839} INFO - DAG(s) dict_keys(['example_python_operator']) retrieved from /home/dwmhr/pln/venv/lib/python3.10/site-packages/airflow/example_dags/example_python_operator.py
[2025-08-07T16:43:51.697+0700] {logging_mixin.py:154} INFO - [2025-08-07T16:43:51.697+0700] {dag.py:2941} INFO - Sync 1 DAGs
[2025-08-07T16:43:51.706+0700] {logging_mixin.py:154} INFO - [2025-08-07T16:43:51.706+0700] {dag.py:3722} INFO - Setting next_dagrun for example_python_operator to None, run_after=None
[2025-08-07T16:43:51.723+0700] {processor.py:179} INFO - Processing /home/dwmhr/pln/venv/lib/python3.10/site-packages/airflow/example_dags/example_python_operator.py took 0.112 seconds
[2025-08-07T16:44:51.875+0700] {processor.py:157} INFO - Started process (PID=130107) to work on /home/dwmhr/pln/venv/lib/python3.10/site-packages/airflow/example_dags/example_python_operator.py
[2025-08-07T16:44:51.877+0700] {processor.py:829} INFO - Processing file /home/dwmhr/pln/venv/lib/python3.10/site-packages/airflow/example_dags/example_python_operator.py for tasks to queue
[2025-08-07T16:44:51.878+0700] {logging_mixin.py:154} INFO - [2025-08-07T16:44:51.878+0700] {dagbag.py:536} INFO - Filling up the DagBag from /home/dwmhr/pln/venv/lib/python3.10/site-packages/airflow/example_dags/example_python_operator.py
[2025-08-07T16:44:51.953+0700] {logging_mixin.py:154} INFO - [2025-08-07T16:44:51.952+0700] {example_python_operator.py:86} WARNING - The virtalenv_python example task requires virtualenv, please install it.
[2025-08-07T16:44:51.953+0700] {processor.py:839} INFO - DAG(s) dict_keys(['example_python_operator']) retrieved from /home/dwmhr/pln/venv/lib/python3.10/site-packages/airflow/example_dags/example_python_operator.py
[2025-08-07T16:44:51.971+0700] {logging_mixin.py:154} INFO - [2025-08-07T16:44:51.971+0700] {dag.py:2941} INFO - Sync 1 DAGs
[2025-08-07T16:44:51.982+0700] {logging_mixin.py:154} INFO - [2025-08-07T16:44:51.982+0700] {dag.py:3722} INFO - Setting next_dagrun for example_python_operator to None, run_after=None
[2025-08-07T16:44:52.004+0700] {processor.py:179} INFO - Processing /home/dwmhr/pln/venv/lib/python3.10/site-packages/airflow/example_dags/example_python_operator.py took 0.132 seconds
[2025-08-07T16:45:35.469+0700] {processor.py:157} INFO - Started process (PID=130293) to work on /home/dwmhr/pln/venv/lib/python3.10/site-packages/airflow/example_dags/example_python_operator.py
[2025-08-07T16:45:35.482+0700] {processor.py:829} INFO - Processing file /home/dwmhr/pln/venv/lib/python3.10/site-packages/airflow/example_dags/example_python_operator.py for tasks to queue
[2025-08-07T16:45:35.483+0700] {logging_mixin.py:154} INFO - [2025-08-07T16:45:35.482+0700] {dagbag.py:536} INFO - Filling up the DagBag from /home/dwmhr/pln/venv/lib/python3.10/site-packages/airflow/example_dags/example_python_operator.py
[2025-08-07T16:45:35.549+0700] {logging_mixin.py:154} INFO - [2025-08-07T16:45:35.549+0700] {example_python_operator.py:86} WARNING - The virtalenv_python example task requires virtualenv, please install it.
[2025-08-07T16:45:35.550+0700] {processor.py:839} INFO - DAG(s) dict_keys(['example_python_operator']) retrieved from /home/dwmhr/pln/venv/lib/python3.10/site-packages/airflow/example_dags/example_python_operator.py
[2025-08-07T16:45:35.565+0700] {logging_mixin.py:154} INFO - [2025-08-07T16:45:35.565+0700] {dag.py:2941} INFO - Sync 1 DAGs
[2025-08-07T16:45:35.575+0700] {logging_mixin.py:154} INFO - [2025-08-07T16:45:35.575+0700] {dag.py:3722} INFO - Setting next_dagrun for example_python_operator to None, run_after=None
[2025-08-07T16:45:35.605+0700] {processor.py:179} INFO - Processing /home/dwmhr/pln/venv/lib/python3.10/site-packages/airflow/example_dags/example_python_operator.py took 0.139 seconds
[2025-08-07T16:46:34.313+0700] {processor.py:157} INFO - Started process (PID=130553) to work on /home/dwmhr/pln/venv/lib/python3.10/site-packages/airflow/example_dags/example_python_operator.py
[2025-08-07T16:46:34.317+0700] {processor.py:829} INFO - Processing file /home/dwmhr/pln/venv/lib/python3.10/site-packages/airflow/example_dags/example_python_operator.py for tasks to queue
[2025-08-07T16:46:34.320+0700] {logging_mixin.py:154} INFO - [2025-08-07T16:46:34.319+0700] {dagbag.py:536} INFO - Filling up the DagBag from /home/dwmhr/pln/venv/lib/python3.10/site-packages/airflow/example_dags/example_python_operator.py
[2025-08-07T16:46:34.652+0700] {logging_mixin.py:154} INFO - [2025-08-07T16:46:34.651+0700] {example_python_operator.py:86} WARNING - The virtalenv_python example task requires virtualenv, please install it.
[2025-08-07T16:46:34.654+0700] {processor.py:839} INFO - DAG(s) dict_keys(['example_python_operator']) retrieved from /home/dwmhr/pln/venv/lib/python3.10/site-packages/airflow/example_dags/example_python_operator.py
[2025-08-07T16:46:34.787+0700] {logging_mixin.py:154} INFO - [2025-08-07T16:46:34.787+0700] {dag.py:2941} INFO - Sync 1 DAGs
[2025-08-07T16:46:35.115+0700] {logging_mixin.py:154} INFO - [2025-08-07T16:46:35.114+0700] {dag.py:3722} INFO - Setting next_dagrun for example_python_operator to None, run_after=None
[2025-08-07T16:46:35.365+0700] {processor.py:179} INFO - Processing /home/dwmhr/pln/venv/lib/python3.10/site-packages/airflow/example_dags/example_python_operator.py took 1.062 seconds
[2025-08-07T16:47:32.519+0700] {processor.py:157} INFO - Started process (PID=130800) to work on /home/dwmhr/pln/venv/lib/python3.10/site-packages/airflow/example_dags/example_python_operator.py
[2025-08-07T16:47:32.521+0700] {processor.py:829} INFO - Processing file /home/dwmhr/pln/venv/lib/python3.10/site-packages/airflow/example_dags/example_python_operator.py for tasks to queue
[2025-08-07T16:47:32.522+0700] {logging_mixin.py:154} INFO - [2025-08-07T16:47:32.522+0700] {dagbag.py:536} INFO - Filling up the DagBag from /home/dwmhr/pln/venv/lib/python3.10/site-packages/airflow/example_dags/example_python_operator.py
[2025-08-07T16:47:32.671+0700] {logging_mixin.py:154} INFO - [2025-08-07T16:47:32.670+0700] {example_python_operator.py:86} WARNING - The virtalenv_python example task requires virtualenv, please install it.
[2025-08-07T16:47:32.671+0700] {processor.py:839} INFO - DAG(s) dict_keys(['example_python_operator']) retrieved from /home/dwmhr/pln/venv/lib/python3.10/site-packages/airflow/example_dags/example_python_operator.py
[2025-08-07T16:47:32.694+0700] {logging_mixin.py:154} INFO - [2025-08-07T16:47:32.694+0700] {dag.py:2941} INFO - Sync 1 DAGs
[2025-08-07T16:47:32.709+0700] {logging_mixin.py:154} INFO - [2025-08-07T16:47:32.708+0700] {dag.py:3722} INFO - Setting next_dagrun for example_python_operator to None, run_after=None
[2025-08-07T16:47:32.748+0700] {processor.py:179} INFO - Processing /home/dwmhr/pln/venv/lib/python3.10/site-packages/airflow/example_dags/example_python_operator.py took 0.234 seconds
[2025-08-07T16:48:18.298+0700] {processor.py:157} INFO - Started process (PID=130993) to work on /home/dwmhr/pln/venv/lib/python3.10/site-packages/airflow/example_dags/example_python_operator.py
[2025-08-07T16:48:18.305+0700] {processor.py:829} INFO - Processing file /home/dwmhr/pln/venv/lib/python3.10/site-packages/airflow/example_dags/example_python_operator.py for tasks to queue
[2025-08-07T16:48:18.318+0700] {logging_mixin.py:154} INFO - [2025-08-07T16:48:18.315+0700] {dagbag.py:536} INFO - Filling up the DagBag from /home/dwmhr/pln/venv/lib/python3.10/site-packages/airflow/example_dags/example_python_operator.py
[2025-08-07T16:48:19.006+0700] {logging_mixin.py:154} INFO - [2025-08-07T16:48:19.005+0700] {example_python_operator.py:86} WARNING - The virtalenv_python example task requires virtualenv, please install it.
[2025-08-07T16:48:19.010+0700] {processor.py:839} INFO - DAG(s) dict_keys(['example_python_operator']) retrieved from /home/dwmhr/pln/venv/lib/python3.10/site-packages/airflow/example_dags/example_python_operator.py
[2025-08-07T16:48:19.128+0700] {logging_mixin.py:154} INFO - [2025-08-07T16:48:19.126+0700] {dag.py:2941} INFO - Sync 1 DAGs
[2025-08-07T16:48:19.205+0700] {logging_mixin.py:154} INFO - [2025-08-07T16:48:19.204+0700] {dag.py:3722} INFO - Setting next_dagrun for example_python_operator to None, run_after=None
[2025-08-07T16:48:19.338+0700] {processor.py:179} INFO - Processing /home/dwmhr/pln/venv/lib/python3.10/site-packages/airflow/example_dags/example_python_operator.py took 1.069 seconds
[2025-08-07T16:49:10.735+0700] {processor.py:157} INFO - Started process (PID=131242) to work on /home/dwmhr/pln/venv/lib/python3.10/site-packages/airflow/example_dags/example_python_operator.py
[2025-08-07T16:49:10.737+0700] {processor.py:829} INFO - Processing file /home/dwmhr/pln/venv/lib/python3.10/site-packages/airflow/example_dags/example_python_operator.py for tasks to queue
[2025-08-07T16:49:10.738+0700] {logging_mixin.py:154} INFO - [2025-08-07T16:49:10.738+0700] {dagbag.py:536} INFO - Filling up the DagBag from /home/dwmhr/pln/venv/lib/python3.10/site-packages/airflow/example_dags/example_python_operator.py
[2025-08-07T16:49:10.837+0700] {logging_mixin.py:154} INFO - [2025-08-07T16:49:10.837+0700] {example_python_operator.py:86} WARNING - The virtalenv_python example task requires virtualenv, please install it.
[2025-08-07T16:49:10.838+0700] {processor.py:839} INFO - DAG(s) dict_keys(['example_python_operator']) retrieved from /home/dwmhr/pln/venv/lib/python3.10/site-packages/airflow/example_dags/example_python_operator.py
[2025-08-07T16:49:10.857+0700] {logging_mixin.py:154} INFO - [2025-08-07T16:49:10.857+0700] {dag.py:2941} INFO - Sync 1 DAGs
[2025-08-07T16:49:10.870+0700] {logging_mixin.py:154} INFO - [2025-08-07T16:49:10.870+0700] {dag.py:3722} INFO - Setting next_dagrun for example_python_operator to None, run_after=None
[2025-08-07T16:49:10.897+0700] {processor.py:179} INFO - Processing /home/dwmhr/pln/venv/lib/python3.10/site-packages/airflow/example_dags/example_python_operator.py took 0.166 seconds
