[2025-08-07T15:45:52.253+0700] {processor.py:157} INFO - Started process (PID=113429) to work on /home/dwmhr/pln/venv/lib/python3.10/site-packages/airflow/example_dags/example_dynamic_task_mapping.py
[2025-08-07T15:45:52.254+0700] {processor.py:829} INFO - Processing file /home/dwmhr/pln/venv/lib/python3.10/site-packages/airflow/example_dags/example_dynamic_task_mapping.py for tasks to queue
[2025-08-07T15:45:52.255+0700] {logging_mixin.py:154} INFO - [2025-08-07T15:45:52.255+0700] {dagbag.py:536} INFO - Filling up the DagBag from /home/dwmhr/pln/venv/lib/python3.10/site-packages/airflow/example_dags/example_dynamic_task_mapping.py
[2025-08-07T15:45:52.266+0700] {processor.py:839} INFO - DAG(s) dict_keys(['example_dynamic_task_mapping']) retrieved from /home/dwmhr/pln/venv/lib/python3.10/site-packages/airflow/example_dags/example_dynamic_task_mapping.py
[2025-08-07T15:45:52.462+0700] {logging_mixin.py:154} INFO - [2025-08-07T15:45:52.462+0700] {manager.py:499} INFO - Created Permission View: %s
[2025-08-07T15:45:52.493+0700] {logging_mixin.py:154} INFO - [2025-08-07T15:45:52.492+0700] {manager.py:499} INFO - Created Permission View: %s
[2025-08-07T15:45:52.518+0700] {logging_mixin.py:154} INFO - [2025-08-07T15:45:52.517+0700] {manager.py:499} INFO - Created Permission View: %s
[2025-08-07T15:45:52.518+0700] {logging_mixin.py:154} INFO - [2025-08-07T15:45:52.518+0700] {dag.py:2941} INFO - Sync 1 DAGs
[2025-08-07T15:45:52.535+0700] {logging_mixin.py:154} INFO - [2025-08-07T15:45:52.535+0700] {dag.py:2963} INFO - Creating ORM DAG for example_dynamic_task_mapping
[2025-08-07T15:45:52.551+0700] {logging_mixin.py:154} INFO - [2025-08-07T15:45:52.551+0700] {dag.py:3722} INFO - Setting next_dagrun for example_dynamic_task_mapping to 2022-03-04T00:00:00+00:00, run_after=2022-03-05T00:00:00+00:00
[2025-08-07T15:45:52.584+0700] {processor.py:179} INFO - Processing /home/dwmhr/pln/venv/lib/python3.10/site-packages/airflow/example_dags/example_dynamic_task_mapping.py took 0.336 seconds
[2025-08-07T15:46:49.350+0700] {processor.py:157} INFO - Started process (PID=113732) to work on /home/dwmhr/pln/venv/lib/python3.10/site-packages/airflow/example_dags/example_dynamic_task_mapping.py
[2025-08-07T15:46:49.360+0700] {processor.py:829} INFO - Processing file /home/dwmhr/pln/venv/lib/python3.10/site-packages/airflow/example_dags/example_dynamic_task_mapping.py for tasks to queue
[2025-08-07T15:46:49.367+0700] {logging_mixin.py:154} INFO - [2025-08-07T15:46:49.364+0700] {dagbag.py:536} INFO - Filling up the DagBag from /home/dwmhr/pln/venv/lib/python3.10/site-packages/airflow/example_dags/example_dynamic_task_mapping.py
[2025-08-07T15:46:49.432+0700] {processor.py:839} INFO - DAG(s) dict_keys(['example_dynamic_task_mapping']) retrieved from /home/dwmhr/pln/venv/lib/python3.10/site-packages/airflow/example_dags/example_dynamic_task_mapping.py
[2025-08-07T15:46:49.526+0700] {logging_mixin.py:154} INFO - [2025-08-07T15:46:49.525+0700] {dag.py:2941} INFO - Sync 1 DAGs
[2025-08-07T15:46:49.641+0700] {logging_mixin.py:154} INFO - [2025-08-07T15:46:49.640+0700] {dag.py:3722} INFO - Setting next_dagrun for example_dynamic_task_mapping to 2022-03-04T00:00:00+00:00, run_after=2022-03-05T00:00:00+00:00
[2025-08-07T15:46:49.743+0700] {processor.py:179} INFO - Processing /home/dwmhr/pln/venv/lib/python3.10/site-packages/airflow/example_dags/example_dynamic_task_mapping.py took 0.415 seconds
[2025-08-07T15:47:44.391+0700] {processor.py:157} INFO - Started process (PID=114041) to work on /home/dwmhr/pln/venv/lib/python3.10/site-packages/airflow/example_dags/example_dynamic_task_mapping.py
[2025-08-07T15:47:44.395+0700] {processor.py:829} INFO - Processing file /home/dwmhr/pln/venv/lib/python3.10/site-packages/airflow/example_dags/example_dynamic_task_mapping.py for tasks to queue
[2025-08-07T15:47:44.396+0700] {logging_mixin.py:154} INFO - [2025-08-07T15:47:44.396+0700] {dagbag.py:536} INFO - Filling up the DagBag from /home/dwmhr/pln/venv/lib/python3.10/site-packages/airflow/example_dags/example_dynamic_task_mapping.py
[2025-08-07T15:47:44.406+0700] {processor.py:839} INFO - DAG(s) dict_keys(['example_dynamic_task_mapping']) retrieved from /home/dwmhr/pln/venv/lib/python3.10/site-packages/airflow/example_dags/example_dynamic_task_mapping.py
[2025-08-07T15:47:44.426+0700] {logging_mixin.py:154} INFO - [2025-08-07T15:47:44.426+0700] {dag.py:2941} INFO - Sync 1 DAGs
[2025-08-07T15:47:44.448+0700] {logging_mixin.py:154} INFO - [2025-08-07T15:47:44.448+0700] {dag.py:3722} INFO - Setting next_dagrun for example_dynamic_task_mapping to 2022-03-04T00:00:00+00:00, run_after=2022-03-05T00:00:00+00:00
[2025-08-07T15:47:44.474+0700] {processor.py:179} INFO - Processing /home/dwmhr/pln/venv/lib/python3.10/site-packages/airflow/example_dags/example_dynamic_task_mapping.py took 0.087 seconds
[2025-08-07T15:48:39.684+0700] {processor.py:157} INFO - Started process (PID=114330) to work on /home/dwmhr/pln/venv/lib/python3.10/site-packages/airflow/example_dags/example_dynamic_task_mapping.py
[2025-08-07T15:48:39.775+0700] {processor.py:829} INFO - Processing file /home/dwmhr/pln/venv/lib/python3.10/site-packages/airflow/example_dags/example_dynamic_task_mapping.py for tasks to queue
[2025-08-07T15:48:39.824+0700] {logging_mixin.py:154} INFO - [2025-08-07T15:48:39.803+0700] {dagbag.py:536} INFO - Filling up the DagBag from /home/dwmhr/pln/venv/lib/python3.10/site-packages/airflow/example_dags/example_dynamic_task_mapping.py
[2025-08-07T15:48:40.184+0700] {processor.py:839} INFO - DAG(s) dict_keys(['example_dynamic_task_mapping']) retrieved from /home/dwmhr/pln/venv/lib/python3.10/site-packages/airflow/example_dags/example_dynamic_task_mapping.py
[2025-08-07T15:48:40.808+0700] {logging_mixin.py:154} INFO - [2025-08-07T15:48:40.807+0700] {dag.py:2941} INFO - Sync 1 DAGs
[2025-08-07T15:48:41.208+0700] {logging_mixin.py:154} INFO - [2025-08-07T15:48:41.207+0700] {dag.py:3722} INFO - Setting next_dagrun for example_dynamic_task_mapping to 2022-03-04T00:00:00+00:00, run_after=2022-03-05T00:00:00+00:00
[2025-08-07T15:48:41.460+0700] {processor.py:179} INFO - Processing /home/dwmhr/pln/venv/lib/python3.10/site-packages/airflow/example_dags/example_dynamic_task_mapping.py took 2.079 seconds
[2025-08-07T15:49:52.299+0700] {processor.py:157} INFO - Started process (PID=114717) to work on /home/dwmhr/pln/venv/lib/python3.10/site-packages/airflow/example_dags/example_dynamic_task_mapping.py
[2025-08-07T15:49:52.306+0700] {processor.py:829} INFO - Processing file /home/dwmhr/pln/venv/lib/python3.10/site-packages/airflow/example_dags/example_dynamic_task_mapping.py for tasks to queue
[2025-08-07T15:49:52.308+0700] {logging_mixin.py:154} INFO - [2025-08-07T15:49:52.308+0700] {dagbag.py:536} INFO - Filling up the DagBag from /home/dwmhr/pln/venv/lib/python3.10/site-packages/airflow/example_dags/example_dynamic_task_mapping.py
[2025-08-07T15:49:52.424+0700] {processor.py:839} INFO - DAG(s) dict_keys(['example_dynamic_task_mapping']) retrieved from /home/dwmhr/pln/venv/lib/python3.10/site-packages/airflow/example_dags/example_dynamic_task_mapping.py
[2025-08-07T15:49:52.511+0700] {logging_mixin.py:154} INFO - [2025-08-07T15:49:52.510+0700] {dag.py:2941} INFO - Sync 1 DAGs
[2025-08-07T15:49:52.563+0700] {logging_mixin.py:154} INFO - [2025-08-07T15:49:52.563+0700] {dag.py:3722} INFO - Setting next_dagrun for example_dynamic_task_mapping to 2022-03-04T00:00:00+00:00, run_after=2022-03-05T00:00:00+00:00
[2025-08-07T15:49:52.614+0700] {processor.py:179} INFO - Processing /home/dwmhr/pln/venv/lib/python3.10/site-packages/airflow/example_dags/example_dynamic_task_mapping.py took 0.325 seconds
[2025-08-07T15:51:15.077+0700] {processor.py:157} INFO - Started process (PID=115124) to work on /home/dwmhr/pln/venv/lib/python3.10/site-packages/airflow/example_dags/example_dynamic_task_mapping.py
[2025-08-07T15:51:15.081+0700] {processor.py:829} INFO - Processing file /home/dwmhr/pln/venv/lib/python3.10/site-packages/airflow/example_dags/example_dynamic_task_mapping.py for tasks to queue
[2025-08-07T15:51:15.083+0700] {logging_mixin.py:154} INFO - [2025-08-07T15:51:15.082+0700] {dagbag.py:536} INFO - Filling up the DagBag from /home/dwmhr/pln/venv/lib/python3.10/site-packages/airflow/example_dags/example_dynamic_task_mapping.py
[2025-08-07T15:51:15.114+0700] {processor.py:839} INFO - DAG(s) dict_keys(['example_dynamic_task_mapping']) retrieved from /home/dwmhr/pln/venv/lib/python3.10/site-packages/airflow/example_dags/example_dynamic_task_mapping.py
[2025-08-07T15:51:15.158+0700] {logging_mixin.py:154} INFO - [2025-08-07T15:51:15.157+0700] {dag.py:2941} INFO - Sync 1 DAGs
[2025-08-07T15:51:15.209+0700] {logging_mixin.py:154} INFO - [2025-08-07T15:51:15.208+0700] {dag.py:3722} INFO - Setting next_dagrun for example_dynamic_task_mapping to 2022-03-04T00:00:00+00:00, run_after=2022-03-05T00:00:00+00:00
[2025-08-07T15:51:15.265+0700] {processor.py:179} INFO - Processing /home/dwmhr/pln/venv/lib/python3.10/site-packages/airflow/example_dags/example_dynamic_task_mapping.py took 0.199 seconds
[2025-08-07T15:53:34.716+0700] {processor.py:157} INFO - Started process (PID=115781) to work on /home/dwmhr/pln/venv/lib/python3.10/site-packages/airflow/example_dags/example_dynamic_task_mapping.py
[2025-08-07T15:53:34.718+0700] {processor.py:829} INFO - Processing file /home/dwmhr/pln/venv/lib/python3.10/site-packages/airflow/example_dags/example_dynamic_task_mapping.py for tasks to queue
[2025-08-07T15:53:34.719+0700] {logging_mixin.py:154} INFO - [2025-08-07T15:53:34.719+0700] {dagbag.py:536} INFO - Filling up the DagBag from /home/dwmhr/pln/venv/lib/python3.10/site-packages/airflow/example_dags/example_dynamic_task_mapping.py
[2025-08-07T15:53:34.727+0700] {processor.py:839} INFO - DAG(s) dict_keys(['example_dynamic_task_mapping']) retrieved from /home/dwmhr/pln/venv/lib/python3.10/site-packages/airflow/example_dags/example_dynamic_task_mapping.py
[2025-08-07T15:53:34.743+0700] {logging_mixin.py:154} INFO - [2025-08-07T15:53:34.743+0700] {dag.py:2941} INFO - Sync 1 DAGs
[2025-08-07T15:53:34.763+0700] {logging_mixin.py:154} INFO - [2025-08-07T15:53:34.763+0700] {dag.py:3722} INFO - Setting next_dagrun for example_dynamic_task_mapping to 2022-03-04T00:00:00+00:00, run_after=2022-03-05T00:00:00+00:00
[2025-08-07T15:53:34.790+0700] {processor.py:179} INFO - Processing /home/dwmhr/pln/venv/lib/python3.10/site-packages/airflow/example_dags/example_dynamic_task_mapping.py took 0.078 seconds
[2025-08-07T15:55:15.708+0700] {processor.py:157} INFO - Started process (PID=116292) to work on /home/dwmhr/pln/venv/lib/python3.10/site-packages/airflow/example_dags/example_dynamic_task_mapping.py
[2025-08-07T15:55:15.720+0700] {processor.py:829} INFO - Processing file /home/dwmhr/pln/venv/lib/python3.10/site-packages/airflow/example_dags/example_dynamic_task_mapping.py for tasks to queue
[2025-08-07T15:55:15.723+0700] {logging_mixin.py:154} INFO - [2025-08-07T15:55:15.722+0700] {dagbag.py:536} INFO - Filling up the DagBag from /home/dwmhr/pln/venv/lib/python3.10/site-packages/airflow/example_dags/example_dynamic_task_mapping.py
[2025-08-07T15:55:15.745+0700] {processor.py:839} INFO - DAG(s) dict_keys(['example_dynamic_task_mapping']) retrieved from /home/dwmhr/pln/venv/lib/python3.10/site-packages/airflow/example_dags/example_dynamic_task_mapping.py
[2025-08-07T15:55:15.784+0700] {logging_mixin.py:154} INFO - [2025-08-07T15:55:15.783+0700] {dag.py:2941} INFO - Sync 1 DAGs
[2025-08-07T15:55:15.842+0700] {logging_mixin.py:154} INFO - [2025-08-07T15:55:15.842+0700] {dag.py:3722} INFO - Setting next_dagrun for example_dynamic_task_mapping to 2022-03-04T00:00:00+00:00, run_after=2022-03-05T00:00:00+00:00
[2025-08-07T15:55:15.914+0700] {processor.py:179} INFO - Processing /home/dwmhr/pln/venv/lib/python3.10/site-packages/airflow/example_dags/example_dynamic_task_mapping.py took 0.214 seconds
[2025-08-07T15:56:36.540+0700] {processor.py:157} INFO - Started process (PID=116691) to work on /home/dwmhr/pln/venv/lib/python3.10/site-packages/airflow/example_dags/example_dynamic_task_mapping.py
[2025-08-07T15:56:36.543+0700] {processor.py:829} INFO - Processing file /home/dwmhr/pln/venv/lib/python3.10/site-packages/airflow/example_dags/example_dynamic_task_mapping.py for tasks to queue
[2025-08-07T15:56:36.545+0700] {logging_mixin.py:154} INFO - [2025-08-07T15:56:36.544+0700] {dagbag.py:536} INFO - Filling up the DagBag from /home/dwmhr/pln/venv/lib/python3.10/site-packages/airflow/example_dags/example_dynamic_task_mapping.py
[2025-08-07T15:56:36.566+0700] {processor.py:839} INFO - DAG(s) dict_keys(['example_dynamic_task_mapping']) retrieved from /home/dwmhr/pln/venv/lib/python3.10/site-packages/airflow/example_dags/example_dynamic_task_mapping.py
[2025-08-07T15:56:36.609+0700] {logging_mixin.py:154} INFO - [2025-08-07T15:56:36.609+0700] {dag.py:2941} INFO - Sync 1 DAGs
[2025-08-07T15:56:36.661+0700] {logging_mixin.py:154} INFO - [2025-08-07T15:56:36.660+0700] {dag.py:3722} INFO - Setting next_dagrun for example_dynamic_task_mapping to 2022-03-04T00:00:00+00:00, run_after=2022-03-05T00:00:00+00:00
[2025-08-07T15:56:36.718+0700] {processor.py:179} INFO - Processing /home/dwmhr/pln/venv/lib/python3.10/site-packages/airflow/example_dags/example_dynamic_task_mapping.py took 0.185 seconds
[2025-08-07T15:57:41.372+0700] {processor.py:157} INFO - Started process (PID=117069) to work on /home/dwmhr/pln/venv/lib/python3.10/site-packages/airflow/example_dags/example_dynamic_task_mapping.py
[2025-08-07T15:57:41.377+0700] {processor.py:829} INFO - Processing file /home/dwmhr/pln/venv/lib/python3.10/site-packages/airflow/example_dags/example_dynamic_task_mapping.py for tasks to queue
[2025-08-07T15:57:41.380+0700] {logging_mixin.py:154} INFO - [2025-08-07T15:57:41.379+0700] {dagbag.py:536} INFO - Filling up the DagBag from /home/dwmhr/pln/venv/lib/python3.10/site-packages/airflow/example_dags/example_dynamic_task_mapping.py
[2025-08-07T15:57:41.410+0700] {processor.py:839} INFO - DAG(s) dict_keys(['example_dynamic_task_mapping']) retrieved from /home/dwmhr/pln/venv/lib/python3.10/site-packages/airflow/example_dags/example_dynamic_task_mapping.py
[2025-08-07T15:57:41.471+0700] {logging_mixin.py:154} INFO - [2025-08-07T15:57:41.471+0700] {dag.py:2941} INFO - Sync 1 DAGs
[2025-08-07T15:57:41.550+0700] {logging_mixin.py:154} INFO - [2025-08-07T15:57:41.549+0700] {dag.py:3722} INFO - Setting next_dagrun for example_dynamic_task_mapping to 2022-03-04T00:00:00+00:00, run_after=2022-03-05T00:00:00+00:00
[2025-08-07T15:57:41.650+0700] {processor.py:179} INFO - Processing /home/dwmhr/pln/venv/lib/python3.10/site-packages/airflow/example_dags/example_dynamic_task_mapping.py took 0.291 seconds
[2025-08-07T16:00:12.959+0700] {processor.py:157} INFO - Started process (PID=117813) to work on /home/dwmhr/pln/venv/lib/python3.10/site-packages/airflow/example_dags/example_dynamic_task_mapping.py
[2025-08-07T16:00:12.964+0700] {processor.py:829} INFO - Processing file /home/dwmhr/pln/venv/lib/python3.10/site-packages/airflow/example_dags/example_dynamic_task_mapping.py for tasks to queue
[2025-08-07T16:00:12.968+0700] {logging_mixin.py:154} INFO - [2025-08-07T16:00:12.967+0700] {dagbag.py:536} INFO - Filling up the DagBag from /home/dwmhr/pln/venv/lib/python3.10/site-packages/airflow/example_dags/example_dynamic_task_mapping.py
[2025-08-07T16:00:13.005+0700] {processor.py:839} INFO - DAG(s) dict_keys(['example_dynamic_task_mapping']) retrieved from /home/dwmhr/pln/venv/lib/python3.10/site-packages/airflow/example_dags/example_dynamic_task_mapping.py
[2025-08-07T16:00:13.097+0700] {logging_mixin.py:154} INFO - [2025-08-07T16:00:13.096+0700] {dag.py:2941} INFO - Sync 1 DAGs
[2025-08-07T16:00:13.202+0700] {logging_mixin.py:154} INFO - [2025-08-07T16:00:13.200+0700] {dag.py:3722} INFO - Setting next_dagrun for example_dynamic_task_mapping to 2022-03-04T00:00:00+00:00, run_after=2022-03-05T00:00:00+00:00
[2025-08-07T16:00:13.286+0700] {processor.py:179} INFO - Processing /home/dwmhr/pln/venv/lib/python3.10/site-packages/airflow/example_dags/example_dynamic_task_mapping.py took 0.342 seconds
[2025-08-07T16:04:24.408+0700] {processor.py:157} INFO - Started process (PID=118968) to work on /home/dwmhr/pln/venv/lib/python3.10/site-packages/airflow/example_dags/example_dynamic_task_mapping.py
[2025-08-07T16:04:24.413+0700] {processor.py:829} INFO - Processing file /home/dwmhr/pln/venv/lib/python3.10/site-packages/airflow/example_dags/example_dynamic_task_mapping.py for tasks to queue
[2025-08-07T16:04:24.418+0700] {logging_mixin.py:154} INFO - [2025-08-07T16:04:24.416+0700] {dagbag.py:536} INFO - Filling up the DagBag from /home/dwmhr/pln/venv/lib/python3.10/site-packages/airflow/example_dags/example_dynamic_task_mapping.py
[2025-08-07T16:04:24.442+0700] {processor.py:839} INFO - DAG(s) dict_keys(['example_dynamic_task_mapping']) retrieved from /home/dwmhr/pln/venv/lib/python3.10/site-packages/airflow/example_dags/example_dynamic_task_mapping.py
[2025-08-07T16:04:24.525+0700] {logging_mixin.py:154} INFO - [2025-08-07T16:04:24.524+0700] {dag.py:2941} INFO - Sync 1 DAGs
[2025-08-07T16:04:24.597+0700] {logging_mixin.py:154} INFO - [2025-08-07T16:04:24.596+0700] {dag.py:3722} INFO - Setting next_dagrun for example_dynamic_task_mapping to 2022-03-04T00:00:00+00:00, run_after=2022-03-05T00:00:00+00:00
[2025-08-07T16:04:24.681+0700] {processor.py:179} INFO - Processing /home/dwmhr/pln/venv/lib/python3.10/site-packages/airflow/example_dags/example_dynamic_task_mapping.py took 0.285 seconds
[2025-08-07T16:05:22.768+0700] {processor.py:157} INFO - Started process (PID=119280) to work on /home/dwmhr/pln/venv/lib/python3.10/site-packages/airflow/example_dags/example_dynamic_task_mapping.py
[2025-08-07T16:05:22.769+0700] {processor.py:829} INFO - Processing file /home/dwmhr/pln/venv/lib/python3.10/site-packages/airflow/example_dags/example_dynamic_task_mapping.py for tasks to queue
[2025-08-07T16:05:22.770+0700] {logging_mixin.py:154} INFO - [2025-08-07T16:05:22.770+0700] {dagbag.py:536} INFO - Filling up the DagBag from /home/dwmhr/pln/venv/lib/python3.10/site-packages/airflow/example_dags/example_dynamic_task_mapping.py
[2025-08-07T16:05:22.776+0700] {processor.py:839} INFO - DAG(s) dict_keys(['example_dynamic_task_mapping']) retrieved from /home/dwmhr/pln/venv/lib/python3.10/site-packages/airflow/example_dags/example_dynamic_task_mapping.py
[2025-08-07T16:05:22.790+0700] {logging_mixin.py:154} INFO - [2025-08-07T16:05:22.790+0700] {dag.py:2941} INFO - Sync 1 DAGs
[2025-08-07T16:05:22.805+0700] {logging_mixin.py:154} INFO - [2025-08-07T16:05:22.805+0700] {dag.py:3722} INFO - Setting next_dagrun for example_dynamic_task_mapping to 2022-03-04T00:00:00+00:00, run_after=2022-03-05T00:00:00+00:00
[2025-08-07T16:05:22.824+0700] {processor.py:179} INFO - Processing /home/dwmhr/pln/venv/lib/python3.10/site-packages/airflow/example_dags/example_dynamic_task_mapping.py took 0.059 seconds
[2025-08-07T16:06:47.155+0700] {processor.py:157} INFO - Started process (PID=119670) to work on /home/dwmhr/pln/venv/lib/python3.10/site-packages/airflow/example_dags/example_dynamic_task_mapping.py
[2025-08-07T16:06:47.162+0700] {processor.py:829} INFO - Processing file /home/dwmhr/pln/venv/lib/python3.10/site-packages/airflow/example_dags/example_dynamic_task_mapping.py for tasks to queue
[2025-08-07T16:06:47.166+0700] {logging_mixin.py:154} INFO - [2025-08-07T16:06:47.164+0700] {dagbag.py:536} INFO - Filling up the DagBag from /home/dwmhr/pln/venv/lib/python3.10/site-packages/airflow/example_dags/example_dynamic_task_mapping.py
[2025-08-07T16:06:47.201+0700] {processor.py:839} INFO - DAG(s) dict_keys(['example_dynamic_task_mapping']) retrieved from /home/dwmhr/pln/venv/lib/python3.10/site-packages/airflow/example_dags/example_dynamic_task_mapping.py
[2025-08-07T16:06:47.285+0700] {logging_mixin.py:154} INFO - [2025-08-07T16:06:47.283+0700] {dag.py:2941} INFO - Sync 1 DAGs
[2025-08-07T16:06:47.362+0700] {logging_mixin.py:154} INFO - [2025-08-07T16:06:47.361+0700] {dag.py:3722} INFO - Setting next_dagrun for example_dynamic_task_mapping to 2022-03-04T00:00:00+00:00, run_after=2022-03-05T00:00:00+00:00
[2025-08-07T16:06:47.465+0700] {processor.py:179} INFO - Processing /home/dwmhr/pln/venv/lib/python3.10/site-packages/airflow/example_dags/example_dynamic_task_mapping.py took 0.327 seconds
[2025-08-07T16:07:59.674+0700] {processor.py:157} INFO - Started process (PID=120072) to work on /home/dwmhr/pln/venv/lib/python3.10/site-packages/airflow/example_dags/example_dynamic_task_mapping.py
[2025-08-07T16:07:59.677+0700] {processor.py:829} INFO - Processing file /home/dwmhr/pln/venv/lib/python3.10/site-packages/airflow/example_dags/example_dynamic_task_mapping.py for tasks to queue
[2025-08-07T16:07:59.679+0700] {logging_mixin.py:154} INFO - [2025-08-07T16:07:59.678+0700] {dagbag.py:536} INFO - Filling up the DagBag from /home/dwmhr/pln/venv/lib/python3.10/site-packages/airflow/example_dags/example_dynamic_task_mapping.py
[2025-08-07T16:07:59.694+0700] {processor.py:839} INFO - DAG(s) dict_keys(['example_dynamic_task_mapping']) retrieved from /home/dwmhr/pln/venv/lib/python3.10/site-packages/airflow/example_dags/example_dynamic_task_mapping.py
[2025-08-07T16:07:59.732+0700] {logging_mixin.py:154} INFO - [2025-08-07T16:07:59.731+0700] {dag.py:2941} INFO - Sync 1 DAGs
[2025-08-07T16:07:59.771+0700] {logging_mixin.py:154} INFO - [2025-08-07T16:07:59.771+0700] {dag.py:3722} INFO - Setting next_dagrun for example_dynamic_task_mapping to 2022-03-04T00:00:00+00:00, run_after=2022-03-05T00:00:00+00:00
[2025-08-07T16:07:59.850+0700] {processor.py:179} INFO - Processing /home/dwmhr/pln/venv/lib/python3.10/site-packages/airflow/example_dags/example_dynamic_task_mapping.py took 0.183 seconds
[2025-08-07T16:09:14.317+0700] {processor.py:157} INFO - Started process (PID=120408) to work on /home/dwmhr/pln/venv/lib/python3.10/site-packages/airflow/example_dags/example_dynamic_task_mapping.py
[2025-08-07T16:09:14.324+0700] {processor.py:829} INFO - Processing file /home/dwmhr/pln/venv/lib/python3.10/site-packages/airflow/example_dags/example_dynamic_task_mapping.py for tasks to queue
[2025-08-07T16:09:14.327+0700] {logging_mixin.py:154} INFO - [2025-08-07T16:09:14.326+0700] {dagbag.py:536} INFO - Filling up the DagBag from /home/dwmhr/pln/venv/lib/python3.10/site-packages/airflow/example_dags/example_dynamic_task_mapping.py
[2025-08-07T16:09:14.355+0700] {processor.py:839} INFO - DAG(s) dict_keys(['example_dynamic_task_mapping']) retrieved from /home/dwmhr/pln/venv/lib/python3.10/site-packages/airflow/example_dags/example_dynamic_task_mapping.py
[2025-08-07T16:09:14.424+0700] {logging_mixin.py:154} INFO - [2025-08-07T16:09:14.423+0700] {dag.py:2941} INFO - Sync 1 DAGs
[2025-08-07T16:09:14.610+0700] {logging_mixin.py:154} INFO - [2025-08-07T16:09:14.609+0700] {dag.py:3722} INFO - Setting next_dagrun for example_dynamic_task_mapping to 2022-03-04T00:00:00+00:00, run_after=2022-03-05T00:00:00+00:00
[2025-08-07T16:09:14.858+0700] {processor.py:179} INFO - Processing /home/dwmhr/pln/venv/lib/python3.10/site-packages/airflow/example_dags/example_dynamic_task_mapping.py took 0.556 seconds
[2025-08-07T16:10:32.973+0700] {processor.py:157} INFO - Started process (PID=120812) to work on /home/dwmhr/pln/venv/lib/python3.10/site-packages/airflow/example_dags/example_dynamic_task_mapping.py
[2025-08-07T16:10:32.978+0700] {processor.py:829} INFO - Processing file /home/dwmhr/pln/venv/lib/python3.10/site-packages/airflow/example_dags/example_dynamic_task_mapping.py for tasks to queue
[2025-08-07T16:10:32.983+0700] {logging_mixin.py:154} INFO - [2025-08-07T16:10:32.981+0700] {dagbag.py:536} INFO - Filling up the DagBag from /home/dwmhr/pln/venv/lib/python3.10/site-packages/airflow/example_dags/example_dynamic_task_mapping.py
[2025-08-07T16:10:33.015+0700] {processor.py:839} INFO - DAG(s) dict_keys(['example_dynamic_task_mapping']) retrieved from /home/dwmhr/pln/venv/lib/python3.10/site-packages/airflow/example_dags/example_dynamic_task_mapping.py
[2025-08-07T16:10:33.083+0700] {logging_mixin.py:154} INFO - [2025-08-07T16:10:33.082+0700] {dag.py:2941} INFO - Sync 1 DAGs
[2025-08-07T16:10:33.187+0700] {logging_mixin.py:154} INFO - [2025-08-07T16:10:33.186+0700] {dag.py:3722} INFO - Setting next_dagrun for example_dynamic_task_mapping to 2022-03-04T00:00:00+00:00, run_after=2022-03-05T00:00:00+00:00
[2025-08-07T16:10:33.300+0700] {processor.py:179} INFO - Processing /home/dwmhr/pln/venv/lib/python3.10/site-packages/airflow/example_dags/example_dynamic_task_mapping.py took 0.346 seconds
[2025-08-07T16:11:26.868+0700] {processor.py:157} INFO - Started process (PID=121112) to work on /home/dwmhr/pln/venv/lib/python3.10/site-packages/airflow/example_dags/example_dynamic_task_mapping.py
[2025-08-07T16:11:26.876+0700] {processor.py:829} INFO - Processing file /home/dwmhr/pln/venv/lib/python3.10/site-packages/airflow/example_dags/example_dynamic_task_mapping.py for tasks to queue
[2025-08-07T16:11:26.878+0700] {logging_mixin.py:154} INFO - [2025-08-07T16:11:26.878+0700] {dagbag.py:536} INFO - Filling up the DagBag from /home/dwmhr/pln/venv/lib/python3.10/site-packages/airflow/example_dags/example_dynamic_task_mapping.py
[2025-08-07T16:11:26.894+0700] {processor.py:839} INFO - DAG(s) dict_keys(['example_dynamic_task_mapping']) retrieved from /home/dwmhr/pln/venv/lib/python3.10/site-packages/airflow/example_dags/example_dynamic_task_mapping.py
[2025-08-07T16:11:26.925+0700] {logging_mixin.py:154} INFO - [2025-08-07T16:11:26.924+0700] {dag.py:2941} INFO - Sync 1 DAGs
[2025-08-07T16:11:26.957+0700] {logging_mixin.py:154} INFO - [2025-08-07T16:11:26.956+0700] {dag.py:3722} INFO - Setting next_dagrun for example_dynamic_task_mapping to 2022-03-04T00:00:00+00:00, run_after=2022-03-05T00:00:00+00:00
[2025-08-07T16:11:27.013+0700] {processor.py:179} INFO - Processing /home/dwmhr/pln/venv/lib/python3.10/site-packages/airflow/example_dags/example_dynamic_task_mapping.py took 0.155 seconds
[2025-08-07T16:12:19.373+0700] {processor.py:157} INFO - Started process (PID=121384) to work on /home/dwmhr/pln/venv/lib/python3.10/site-packages/airflow/example_dags/example_dynamic_task_mapping.py
[2025-08-07T16:12:19.382+0700] {processor.py:829} INFO - Processing file /home/dwmhr/pln/venv/lib/python3.10/site-packages/airflow/example_dags/example_dynamic_task_mapping.py for tasks to queue
[2025-08-07T16:12:19.385+0700] {logging_mixin.py:154} INFO - [2025-08-07T16:12:19.384+0700] {dagbag.py:536} INFO - Filling up the DagBag from /home/dwmhr/pln/venv/lib/python3.10/site-packages/airflow/example_dags/example_dynamic_task_mapping.py
[2025-08-07T16:12:19.408+0700] {processor.py:839} INFO - DAG(s) dict_keys(['example_dynamic_task_mapping']) retrieved from /home/dwmhr/pln/venv/lib/python3.10/site-packages/airflow/example_dags/example_dynamic_task_mapping.py
[2025-08-07T16:12:19.465+0700] {logging_mixin.py:154} INFO - [2025-08-07T16:12:19.464+0700] {dag.py:2941} INFO - Sync 1 DAGs
[2025-08-07T16:12:19.555+0700] {logging_mixin.py:154} INFO - [2025-08-07T16:12:19.554+0700] {dag.py:3722} INFO - Setting next_dagrun for example_dynamic_task_mapping to 2022-03-04T00:00:00+00:00, run_after=2022-03-05T00:00:00+00:00
[2025-08-07T16:12:19.636+0700] {processor.py:179} INFO - Processing /home/dwmhr/pln/venv/lib/python3.10/site-packages/airflow/example_dags/example_dynamic_task_mapping.py took 0.275 seconds
[2025-08-07T16:13:32.419+0700] {processor.py:157} INFO - Started process (PID=121761) to work on /home/dwmhr/pln/venv/lib/python3.10/site-packages/airflow/example_dags/example_dynamic_task_mapping.py
[2025-08-07T16:13:32.423+0700] {processor.py:829} INFO - Processing file /home/dwmhr/pln/venv/lib/python3.10/site-packages/airflow/example_dags/example_dynamic_task_mapping.py for tasks to queue
[2025-08-07T16:13:32.424+0700] {logging_mixin.py:154} INFO - [2025-08-07T16:13:32.423+0700] {dagbag.py:536} INFO - Filling up the DagBag from /home/dwmhr/pln/venv/lib/python3.10/site-packages/airflow/example_dags/example_dynamic_task_mapping.py
[2025-08-07T16:13:32.432+0700] {processor.py:839} INFO - DAG(s) dict_keys(['example_dynamic_task_mapping']) retrieved from /home/dwmhr/pln/venv/lib/python3.10/site-packages/airflow/example_dags/example_dynamic_task_mapping.py
[2025-08-07T16:13:32.454+0700] {logging_mixin.py:154} INFO - [2025-08-07T16:13:32.453+0700] {dag.py:2941} INFO - Sync 1 DAGs
[2025-08-07T16:13:32.476+0700] {logging_mixin.py:154} INFO - [2025-08-07T16:13:32.476+0700] {dag.py:3722} INFO - Setting next_dagrun for example_dynamic_task_mapping to 2022-03-04T00:00:00+00:00, run_after=2022-03-05T00:00:00+00:00
[2025-08-07T16:13:32.509+0700] {processor.py:179} INFO - Processing /home/dwmhr/pln/venv/lib/python3.10/site-packages/airflow/example_dags/example_dynamic_task_mapping.py took 0.095 seconds
[2025-08-07T16:14:49.371+0700] {processor.py:157} INFO - Started process (PID=122177) to work on /home/dwmhr/pln/venv/lib/python3.10/site-packages/airflow/example_dags/example_dynamic_task_mapping.py
[2025-08-07T16:14:49.376+0700] {processor.py:829} INFO - Processing file /home/dwmhr/pln/venv/lib/python3.10/site-packages/airflow/example_dags/example_dynamic_task_mapping.py for tasks to queue
[2025-08-07T16:14:49.380+0700] {logging_mixin.py:154} INFO - [2025-08-07T16:14:49.379+0700] {dagbag.py:536} INFO - Filling up the DagBag from /home/dwmhr/pln/venv/lib/python3.10/site-packages/airflow/example_dags/example_dynamic_task_mapping.py
[2025-08-07T16:14:49.406+0700] {processor.py:839} INFO - DAG(s) dict_keys(['example_dynamic_task_mapping']) retrieved from /home/dwmhr/pln/venv/lib/python3.10/site-packages/airflow/example_dags/example_dynamic_task_mapping.py
[2025-08-07T16:14:49.463+0700] {logging_mixin.py:154} INFO - [2025-08-07T16:14:49.462+0700] {dag.py:2941} INFO - Sync 1 DAGs
[2025-08-07T16:14:49.521+0700] {logging_mixin.py:154} INFO - [2025-08-07T16:14:49.521+0700] {dag.py:3722} INFO - Setting next_dagrun for example_dynamic_task_mapping to 2022-03-04T00:00:00+00:00, run_after=2022-03-05T00:00:00+00:00
[2025-08-07T16:14:49.587+0700] {processor.py:179} INFO - Processing /home/dwmhr/pln/venv/lib/python3.10/site-packages/airflow/example_dags/example_dynamic_task_mapping.py took 0.227 seconds
[2025-08-07T16:16:00.951+0700] {processor.py:157} INFO - Started process (PID=122506) to work on /home/dwmhr/pln/venv/lib/python3.10/site-packages/airflow/example_dags/example_dynamic_task_mapping.py
[2025-08-07T16:16:00.959+0700] {processor.py:829} INFO - Processing file /home/dwmhr/pln/venv/lib/python3.10/site-packages/airflow/example_dags/example_dynamic_task_mapping.py for tasks to queue
[2025-08-07T16:16:00.964+0700] {logging_mixin.py:154} INFO - [2025-08-07T16:16:00.962+0700] {dagbag.py:536} INFO - Filling up the DagBag from /home/dwmhr/pln/venv/lib/python3.10/site-packages/airflow/example_dags/example_dynamic_task_mapping.py
[2025-08-07T16:16:01.007+0700] {processor.py:839} INFO - DAG(s) dict_keys(['example_dynamic_task_mapping']) retrieved from /home/dwmhr/pln/venv/lib/python3.10/site-packages/airflow/example_dags/example_dynamic_task_mapping.py
[2025-08-07T16:16:01.124+0700] {logging_mixin.py:154} INFO - [2025-08-07T16:16:01.124+0700] {dag.py:2941} INFO - Sync 1 DAGs
[2025-08-07T16:16:01.215+0700] {logging_mixin.py:154} INFO - [2025-08-07T16:16:01.214+0700] {dag.py:3722} INFO - Setting next_dagrun for example_dynamic_task_mapping to 2022-03-04T00:00:00+00:00, run_after=2022-03-05T00:00:00+00:00
[2025-08-07T16:16:01.389+0700] {processor.py:179} INFO - Processing /home/dwmhr/pln/venv/lib/python3.10/site-packages/airflow/example_dags/example_dynamic_task_mapping.py took 0.460 seconds
[2025-08-07T16:17:03.340+0700] {processor.py:157} INFO - Started process (PID=122827) to work on /home/dwmhr/pln/venv/lib/python3.10/site-packages/airflow/example_dags/example_dynamic_task_mapping.py
[2025-08-07T16:17:03.345+0700] {processor.py:829} INFO - Processing file /home/dwmhr/pln/venv/lib/python3.10/site-packages/airflow/example_dags/example_dynamic_task_mapping.py for tasks to queue
[2025-08-07T16:17:03.347+0700] {logging_mixin.py:154} INFO - [2025-08-07T16:17:03.346+0700] {dagbag.py:536} INFO - Filling up the DagBag from /home/dwmhr/pln/venv/lib/python3.10/site-packages/airflow/example_dags/example_dynamic_task_mapping.py
[2025-08-07T16:17:03.368+0700] {processor.py:839} INFO - DAG(s) dict_keys(['example_dynamic_task_mapping']) retrieved from /home/dwmhr/pln/venv/lib/python3.10/site-packages/airflow/example_dags/example_dynamic_task_mapping.py
[2025-08-07T16:17:03.410+0700] {logging_mixin.py:154} INFO - [2025-08-07T16:17:03.409+0700] {dag.py:2941} INFO - Sync 1 DAGs
[2025-08-07T16:17:03.456+0700] {logging_mixin.py:154} INFO - [2025-08-07T16:17:03.456+0700] {dag.py:3722} INFO - Setting next_dagrun for example_dynamic_task_mapping to 2022-03-04T00:00:00+00:00, run_after=2022-03-05T00:00:00+00:00
[2025-08-07T16:17:03.514+0700] {processor.py:179} INFO - Processing /home/dwmhr/pln/venv/lib/python3.10/site-packages/airflow/example_dags/example_dynamic_task_mapping.py took 0.185 seconds
[2025-08-07T16:18:07.179+0700] {processor.py:157} INFO - Started process (PID=123124) to work on /home/dwmhr/pln/venv/lib/python3.10/site-packages/airflow/example_dags/example_dynamic_task_mapping.py
[2025-08-07T16:18:07.185+0700] {processor.py:829} INFO - Processing file /home/dwmhr/pln/venv/lib/python3.10/site-packages/airflow/example_dags/example_dynamic_task_mapping.py for tasks to queue
[2025-08-07T16:18:07.192+0700] {logging_mixin.py:154} INFO - [2025-08-07T16:18:07.189+0700] {dagbag.py:536} INFO - Filling up the DagBag from /home/dwmhr/pln/venv/lib/python3.10/site-packages/airflow/example_dags/example_dynamic_task_mapping.py
[2025-08-07T16:18:07.232+0700] {processor.py:839} INFO - DAG(s) dict_keys(['example_dynamic_task_mapping']) retrieved from /home/dwmhr/pln/venv/lib/python3.10/site-packages/airflow/example_dags/example_dynamic_task_mapping.py
[2025-08-07T16:18:07.352+0700] {logging_mixin.py:154} INFO - [2025-08-07T16:18:07.351+0700] {dag.py:2941} INFO - Sync 1 DAGs
[2025-08-07T16:18:07.459+0700] {logging_mixin.py:154} INFO - [2025-08-07T16:18:07.459+0700] {dag.py:3722} INFO - Setting next_dagrun for example_dynamic_task_mapping to 2022-03-04T00:00:00+00:00, run_after=2022-03-05T00:00:00+00:00
[2025-08-07T16:18:07.575+0700] {processor.py:179} INFO - Processing /home/dwmhr/pln/venv/lib/python3.10/site-packages/airflow/example_dags/example_dynamic_task_mapping.py took 0.415 seconds
[2025-08-07T16:18:56.811+0700] {processor.py:157} INFO - Started process (PID=123401) to work on /home/dwmhr/pln/venv/lib/python3.10/site-packages/airflow/example_dags/example_dynamic_task_mapping.py
[2025-08-07T16:18:56.812+0700] {processor.py:829} INFO - Processing file /home/dwmhr/pln/venv/lib/python3.10/site-packages/airflow/example_dags/example_dynamic_task_mapping.py for tasks to queue
[2025-08-07T16:18:56.813+0700] {logging_mixin.py:154} INFO - [2025-08-07T16:18:56.813+0700] {dagbag.py:536} INFO - Filling up the DagBag from /home/dwmhr/pln/venv/lib/python3.10/site-packages/airflow/example_dags/example_dynamic_task_mapping.py
[2025-08-07T16:18:56.818+0700] {processor.py:839} INFO - DAG(s) dict_keys(['example_dynamic_task_mapping']) retrieved from /home/dwmhr/pln/venv/lib/python3.10/site-packages/airflow/example_dags/example_dynamic_task_mapping.py
[2025-08-07T16:18:56.837+0700] {logging_mixin.py:154} INFO - [2025-08-07T16:18:56.837+0700] {dag.py:2941} INFO - Sync 1 DAGs
[2025-08-07T16:18:56.854+0700] {logging_mixin.py:154} INFO - [2025-08-07T16:18:56.854+0700] {dag.py:3722} INFO - Setting next_dagrun for example_dynamic_task_mapping to 2022-03-04T00:00:00+00:00, run_after=2022-03-05T00:00:00+00:00
[2025-08-07T16:18:56.881+0700] {processor.py:179} INFO - Processing /home/dwmhr/pln/venv/lib/python3.10/site-packages/airflow/example_dags/example_dynamic_task_mapping.py took 0.076 seconds
[2025-08-07T16:27:23.565+0700] {processor.py:157} INFO - Started process (PID=125574) to work on /home/dwmhr/pln/venv/lib/python3.10/site-packages/airflow/example_dags/example_dynamic_task_mapping.py
[2025-08-07T16:27:23.574+0700] {processor.py:829} INFO - Processing file /home/dwmhr/pln/venv/lib/python3.10/site-packages/airflow/example_dags/example_dynamic_task_mapping.py for tasks to queue
[2025-08-07T16:27:23.579+0700] {logging_mixin.py:154} INFO - [2025-08-07T16:27:23.577+0700] {dagbag.py:536} INFO - Filling up the DagBag from /home/dwmhr/pln/venv/lib/python3.10/site-packages/airflow/example_dags/example_dynamic_task_mapping.py
[2025-08-07T16:27:23.623+0700] {processor.py:839} INFO - DAG(s) dict_keys(['example_dynamic_task_mapping']) retrieved from /home/dwmhr/pln/venv/lib/python3.10/site-packages/airflow/example_dags/example_dynamic_task_mapping.py
[2025-08-07T16:27:23.722+0700] {logging_mixin.py:154} INFO - [2025-08-07T16:27:23.721+0700] {dag.py:2941} INFO - Sync 1 DAGs
[2025-08-07T16:27:24.214+0700] {logging_mixin.py:154} INFO - [2025-08-07T16:27:24.213+0700] {dag.py:3722} INFO - Setting next_dagrun for example_dynamic_task_mapping to 2022-03-04T00:00:00+00:00, run_after=2022-03-05T00:00:00+00:00
[2025-08-07T16:27:24.293+0700] {processor.py:179} INFO - Processing /home/dwmhr/pln/venv/lib/python3.10/site-packages/airflow/example_dags/example_dynamic_task_mapping.py took 0.751 seconds
[2025-08-07T16:28:43.785+0700] {processor.py:157} INFO - Started process (PID=125943) to work on /home/dwmhr/pln/venv/lib/python3.10/site-packages/airflow/example_dags/example_dynamic_task_mapping.py
[2025-08-07T16:28:43.787+0700] {processor.py:829} INFO - Processing file /home/dwmhr/pln/venv/lib/python3.10/site-packages/airflow/example_dags/example_dynamic_task_mapping.py for tasks to queue
[2025-08-07T16:28:43.788+0700] {logging_mixin.py:154} INFO - [2025-08-07T16:28:43.787+0700] {dagbag.py:536} INFO - Filling up the DagBag from /home/dwmhr/pln/venv/lib/python3.10/site-packages/airflow/example_dags/example_dynamic_task_mapping.py
[2025-08-07T16:28:43.796+0700] {processor.py:839} INFO - DAG(s) dict_keys(['example_dynamic_task_mapping']) retrieved from /home/dwmhr/pln/venv/lib/python3.10/site-packages/airflow/example_dags/example_dynamic_task_mapping.py
[2025-08-07T16:28:43.815+0700] {logging_mixin.py:154} INFO - [2025-08-07T16:28:43.815+0700] {dag.py:2941} INFO - Sync 1 DAGs
[2025-08-07T16:28:43.835+0700] {logging_mixin.py:154} INFO - [2025-08-07T16:28:43.835+0700] {dag.py:3722} INFO - Setting next_dagrun for example_dynamic_task_mapping to 2022-03-04T00:00:00+00:00, run_after=2022-03-05T00:00:00+00:00
[2025-08-07T16:28:43.861+0700] {processor.py:179} INFO - Processing /home/dwmhr/pln/venv/lib/python3.10/site-packages/airflow/example_dags/example_dynamic_task_mapping.py took 0.080 seconds
[2025-08-07T16:29:41.390+0700] {processor.py:157} INFO - Started process (PID=126228) to work on /home/dwmhr/pln/venv/lib/python3.10/site-packages/airflow/example_dags/example_dynamic_task_mapping.py
[2025-08-07T16:29:41.393+0700] {processor.py:829} INFO - Processing file /home/dwmhr/pln/venv/lib/python3.10/site-packages/airflow/example_dags/example_dynamic_task_mapping.py for tasks to queue
[2025-08-07T16:29:41.394+0700] {logging_mixin.py:154} INFO - [2025-08-07T16:29:41.393+0700] {dagbag.py:536} INFO - Filling up the DagBag from /home/dwmhr/pln/venv/lib/python3.10/site-packages/airflow/example_dags/example_dynamic_task_mapping.py
[2025-08-07T16:29:41.402+0700] {processor.py:839} INFO - DAG(s) dict_keys(['example_dynamic_task_mapping']) retrieved from /home/dwmhr/pln/venv/lib/python3.10/site-packages/airflow/example_dags/example_dynamic_task_mapping.py
[2025-08-07T16:29:41.558+0700] {logging_mixin.py:154} INFO - [2025-08-07T16:29:41.558+0700] {dag.py:2941} INFO - Sync 1 DAGs
[2025-08-07T16:29:41.574+0700] {logging_mixin.py:154} INFO - [2025-08-07T16:29:41.574+0700] {dag.py:3722} INFO - Setting next_dagrun for example_dynamic_task_mapping to 2022-03-04T00:00:00+00:00, run_after=2022-03-05T00:00:00+00:00
[2025-08-07T16:29:41.603+0700] {processor.py:179} INFO - Processing /home/dwmhr/pln/venv/lib/python3.10/site-packages/airflow/example_dags/example_dynamic_task_mapping.py took 0.217 seconds
[2025-08-07T16:30:45.212+0700] {processor.py:157} INFO - Started process (PID=126560) to work on /home/dwmhr/pln/venv/lib/python3.10/site-packages/airflow/example_dags/example_dynamic_task_mapping.py
[2025-08-07T16:30:45.223+0700] {processor.py:829} INFO - Processing file /home/dwmhr/pln/venv/lib/python3.10/site-packages/airflow/example_dags/example_dynamic_task_mapping.py for tasks to queue
[2025-08-07T16:30:45.224+0700] {logging_mixin.py:154} INFO - [2025-08-07T16:30:45.224+0700] {dagbag.py:536} INFO - Filling up the DagBag from /home/dwmhr/pln/venv/lib/python3.10/site-packages/airflow/example_dags/example_dynamic_task_mapping.py
[2025-08-07T16:30:45.233+0700] {processor.py:839} INFO - DAG(s) dict_keys(['example_dynamic_task_mapping']) retrieved from /home/dwmhr/pln/venv/lib/python3.10/site-packages/airflow/example_dags/example_dynamic_task_mapping.py
[2025-08-07T16:30:45.256+0700] {logging_mixin.py:154} INFO - [2025-08-07T16:30:45.255+0700] {dag.py:2941} INFO - Sync 1 DAGs
[2025-08-07T16:30:45.278+0700] {logging_mixin.py:154} INFO - [2025-08-07T16:30:45.278+0700] {dag.py:3722} INFO - Setting next_dagrun for example_dynamic_task_mapping to 2022-03-04T00:00:00+00:00, run_after=2022-03-05T00:00:00+00:00
[2025-08-07T16:30:45.313+0700] {processor.py:179} INFO - Processing /home/dwmhr/pln/venv/lib/python3.10/site-packages/airflow/example_dags/example_dynamic_task_mapping.py took 0.106 seconds
[2025-08-07T16:31:49.011+0700] {processor.py:157} INFO - Started process (PID=126851) to work on /home/dwmhr/pln/venv/lib/python3.10/site-packages/airflow/example_dags/example_dynamic_task_mapping.py
[2025-08-07T16:31:49.013+0700] {processor.py:829} INFO - Processing file /home/dwmhr/pln/venv/lib/python3.10/site-packages/airflow/example_dags/example_dynamic_task_mapping.py for tasks to queue
[2025-08-07T16:31:49.014+0700] {logging_mixin.py:154} INFO - [2025-08-07T16:31:49.013+0700] {dagbag.py:536} INFO - Filling up the DagBag from /home/dwmhr/pln/venv/lib/python3.10/site-packages/airflow/example_dags/example_dynamic_task_mapping.py
[2025-08-07T16:31:49.021+0700] {processor.py:839} INFO - DAG(s) dict_keys(['example_dynamic_task_mapping']) retrieved from /home/dwmhr/pln/venv/lib/python3.10/site-packages/airflow/example_dags/example_dynamic_task_mapping.py
[2025-08-07T16:31:49.039+0700] {logging_mixin.py:154} INFO - [2025-08-07T16:31:49.039+0700] {dag.py:2941} INFO - Sync 1 DAGs
[2025-08-07T16:31:49.057+0700] {logging_mixin.py:154} INFO - [2025-08-07T16:31:49.057+0700] {dag.py:3722} INFO - Setting next_dagrun for example_dynamic_task_mapping to 2022-03-04T00:00:00+00:00, run_after=2022-03-05T00:00:00+00:00
[2025-08-07T16:31:49.085+0700] {processor.py:179} INFO - Processing /home/dwmhr/pln/venv/lib/python3.10/site-packages/airflow/example_dags/example_dynamic_task_mapping.py took 0.078 seconds
[2025-08-07T16:33:55.515+0700] {processor.py:157} INFO - Started process (PID=127354) to work on /home/dwmhr/pln/venv/lib/python3.10/site-packages/airflow/example_dags/example_dynamic_task_mapping.py
[2025-08-07T16:33:55.517+0700] {processor.py:829} INFO - Processing file /home/dwmhr/pln/venv/lib/python3.10/site-packages/airflow/example_dags/example_dynamic_task_mapping.py for tasks to queue
[2025-08-07T16:33:55.518+0700] {logging_mixin.py:154} INFO - [2025-08-07T16:33:55.518+0700] {dagbag.py:536} INFO - Filling up the DagBag from /home/dwmhr/pln/venv/lib/python3.10/site-packages/airflow/example_dags/example_dynamic_task_mapping.py
[2025-08-07T16:33:55.530+0700] {processor.py:839} INFO - DAG(s) dict_keys(['example_dynamic_task_mapping']) retrieved from /home/dwmhr/pln/venv/lib/python3.10/site-packages/airflow/example_dags/example_dynamic_task_mapping.py
[2025-08-07T16:33:55.555+0700] {logging_mixin.py:154} INFO - [2025-08-07T16:33:55.554+0700] {dag.py:2941} INFO - Sync 1 DAGs
[2025-08-07T16:33:55.581+0700] {logging_mixin.py:154} INFO - [2025-08-07T16:33:55.581+0700] {dag.py:3722} INFO - Setting next_dagrun for example_dynamic_task_mapping to 2022-03-04T00:00:00+00:00, run_after=2022-03-05T00:00:00+00:00
[2025-08-07T16:33:55.613+0700] {processor.py:179} INFO - Processing /home/dwmhr/pln/venv/lib/python3.10/site-packages/airflow/example_dags/example_dynamic_task_mapping.py took 0.104 seconds
[2025-08-07T16:35:05.256+0700] {processor.py:157} INFO - Started process (PID=127649) to work on /home/dwmhr/pln/venv/lib/python3.10/site-packages/airflow/example_dags/example_dynamic_task_mapping.py
[2025-08-07T16:35:05.261+0700] {processor.py:829} INFO - Processing file /home/dwmhr/pln/venv/lib/python3.10/site-packages/airflow/example_dags/example_dynamic_task_mapping.py for tasks to queue
[2025-08-07T16:35:05.264+0700] {logging_mixin.py:154} INFO - [2025-08-07T16:35:05.263+0700] {dagbag.py:536} INFO - Filling up the DagBag from /home/dwmhr/pln/venv/lib/python3.10/site-packages/airflow/example_dags/example_dynamic_task_mapping.py
[2025-08-07T16:35:05.281+0700] {processor.py:839} INFO - DAG(s) dict_keys(['example_dynamic_task_mapping']) retrieved from /home/dwmhr/pln/venv/lib/python3.10/site-packages/airflow/example_dags/example_dynamic_task_mapping.py
[2025-08-07T16:35:05.324+0700] {logging_mixin.py:154} INFO - [2025-08-07T16:35:05.324+0700] {dag.py:2941} INFO - Sync 1 DAGs
[2025-08-07T16:35:05.378+0700] {logging_mixin.py:154} INFO - [2025-08-07T16:35:05.377+0700] {dag.py:3722} INFO - Setting next_dagrun for example_dynamic_task_mapping to 2022-03-04T00:00:00+00:00, run_after=2022-03-05T00:00:00+00:00
[2025-08-07T16:35:05.432+0700] {processor.py:179} INFO - Processing /home/dwmhr/pln/venv/lib/python3.10/site-packages/airflow/example_dags/example_dynamic_task_mapping.py took 0.185 seconds
[2025-08-07T16:35:53.436+0700] {processor.py:157} INFO - Started process (PID=127842) to work on /home/dwmhr/pln/venv/lib/python3.10/site-packages/airflow/example_dags/example_dynamic_task_mapping.py
[2025-08-07T16:35:53.443+0700] {processor.py:829} INFO - Processing file /home/dwmhr/pln/venv/lib/python3.10/site-packages/airflow/example_dags/example_dynamic_task_mapping.py for tasks to queue
[2025-08-07T16:35:53.444+0700] {logging_mixin.py:154} INFO - [2025-08-07T16:35:53.444+0700] {dagbag.py:536} INFO - Filling up the DagBag from /home/dwmhr/pln/venv/lib/python3.10/site-packages/airflow/example_dags/example_dynamic_task_mapping.py
[2025-08-07T16:35:53.450+0700] {processor.py:839} INFO - DAG(s) dict_keys(['example_dynamic_task_mapping']) retrieved from /home/dwmhr/pln/venv/lib/python3.10/site-packages/airflow/example_dags/example_dynamic_task_mapping.py
[2025-08-07T16:35:53.465+0700] {logging_mixin.py:154} INFO - [2025-08-07T16:35:53.465+0700] {dag.py:2941} INFO - Sync 1 DAGs
[2025-08-07T16:35:53.480+0700] {logging_mixin.py:154} INFO - [2025-08-07T16:35:53.480+0700] {dag.py:3722} INFO - Setting next_dagrun for example_dynamic_task_mapping to 2022-03-04T00:00:00+00:00, run_after=2022-03-05T00:00:00+00:00
[2025-08-07T16:35:53.505+0700] {processor.py:179} INFO - Processing /home/dwmhr/pln/venv/lib/python3.10/site-packages/airflow/example_dags/example_dynamic_task_mapping.py took 0.072 seconds
[2025-08-07T16:36:49.050+0700] {processor.py:157} INFO - Started process (PID=128093) to work on /home/dwmhr/pln/venv/lib/python3.10/site-packages/airflow/example_dags/example_dynamic_task_mapping.py
[2025-08-07T16:36:49.056+0700] {processor.py:829} INFO - Processing file /home/dwmhr/pln/venv/lib/python3.10/site-packages/airflow/example_dags/example_dynamic_task_mapping.py for tasks to queue
[2025-08-07T16:36:49.057+0700] {logging_mixin.py:154} INFO - [2025-08-07T16:36:49.057+0700] {dagbag.py:536} INFO - Filling up the DagBag from /home/dwmhr/pln/venv/lib/python3.10/site-packages/airflow/example_dags/example_dynamic_task_mapping.py
[2025-08-07T16:36:49.064+0700] {processor.py:839} INFO - DAG(s) dict_keys(['example_dynamic_task_mapping']) retrieved from /home/dwmhr/pln/venv/lib/python3.10/site-packages/airflow/example_dags/example_dynamic_task_mapping.py
[2025-08-07T16:36:49.082+0700] {logging_mixin.py:154} INFO - [2025-08-07T16:36:49.081+0700] {dag.py:2941} INFO - Sync 1 DAGs
[2025-08-07T16:36:49.098+0700] {logging_mixin.py:154} INFO - [2025-08-07T16:36:49.097+0700] {dag.py:3722} INFO - Setting next_dagrun for example_dynamic_task_mapping to 2022-03-04T00:00:00+00:00, run_after=2022-03-05T00:00:00+00:00
[2025-08-07T16:36:49.122+0700] {processor.py:179} INFO - Processing /home/dwmhr/pln/venv/lib/python3.10/site-packages/airflow/example_dags/example_dynamic_task_mapping.py took 0.075 seconds
[2025-08-07T16:37:47.883+0700] {processor.py:157} INFO - Started process (PID=128329) to work on /home/dwmhr/pln/venv/lib/python3.10/site-packages/airflow/example_dags/example_dynamic_task_mapping.py
[2025-08-07T16:37:47.889+0700] {processor.py:829} INFO - Processing file /home/dwmhr/pln/venv/lib/python3.10/site-packages/airflow/example_dags/example_dynamic_task_mapping.py for tasks to queue
[2025-08-07T16:37:47.896+0700] {logging_mixin.py:154} INFO - [2025-08-07T16:37:47.893+0700] {dagbag.py:536} INFO - Filling up the DagBag from /home/dwmhr/pln/venv/lib/python3.10/site-packages/airflow/example_dags/example_dynamic_task_mapping.py
[2025-08-07T16:37:47.935+0700] {processor.py:839} INFO - DAG(s) dict_keys(['example_dynamic_task_mapping']) retrieved from /home/dwmhr/pln/venv/lib/python3.10/site-packages/airflow/example_dags/example_dynamic_task_mapping.py
[2025-08-07T16:37:48.054+0700] {logging_mixin.py:154} INFO - [2025-08-07T16:37:48.053+0700] {dag.py:2941} INFO - Sync 1 DAGs
[2025-08-07T16:37:48.198+0700] {logging_mixin.py:154} INFO - [2025-08-07T16:37:48.197+0700] {dag.py:3722} INFO - Setting next_dagrun for example_dynamic_task_mapping to 2022-03-04T00:00:00+00:00, run_after=2022-03-05T00:00:00+00:00
[2025-08-07T16:37:48.310+0700] {processor.py:179} INFO - Processing /home/dwmhr/pln/venv/lib/python3.10/site-packages/airflow/example_dags/example_dynamic_task_mapping.py took 0.446 seconds
[2025-08-07T16:38:51.994+0700] {processor.py:157} INFO - Started process (PID=128579) to work on /home/dwmhr/pln/venv/lib/python3.10/site-packages/airflow/example_dags/example_dynamic_task_mapping.py
[2025-08-07T16:38:51.996+0700] {processor.py:829} INFO - Processing file /home/dwmhr/pln/venv/lib/python3.10/site-packages/airflow/example_dags/example_dynamic_task_mapping.py for tasks to queue
[2025-08-07T16:38:51.998+0700] {logging_mixin.py:154} INFO - [2025-08-07T16:38:51.997+0700] {dagbag.py:536} INFO - Filling up the DagBag from /home/dwmhr/pln/venv/lib/python3.10/site-packages/airflow/example_dags/example_dynamic_task_mapping.py
[2025-08-07T16:38:52.006+0700] {processor.py:839} INFO - DAG(s) dict_keys(['example_dynamic_task_mapping']) retrieved from /home/dwmhr/pln/venv/lib/python3.10/site-packages/airflow/example_dags/example_dynamic_task_mapping.py
[2025-08-07T16:38:52.026+0700] {logging_mixin.py:154} INFO - [2025-08-07T16:38:52.026+0700] {dag.py:2941} INFO - Sync 1 DAGs
[2025-08-07T16:38:52.048+0700] {logging_mixin.py:154} INFO - [2025-08-07T16:38:52.048+0700] {dag.py:3722} INFO - Setting next_dagrun for example_dynamic_task_mapping to 2022-03-04T00:00:00+00:00, run_after=2022-03-05T00:00:00+00:00
[2025-08-07T16:38:52.076+0700] {processor.py:179} INFO - Processing /home/dwmhr/pln/venv/lib/python3.10/site-packages/airflow/example_dags/example_dynamic_task_mapping.py took 0.087 seconds
[2025-08-07T16:40:15.043+0700] {processor.py:157} INFO - Started process (PID=128916) to work on /home/dwmhr/pln/venv/lib/python3.10/site-packages/airflow/example_dags/example_dynamic_task_mapping.py
[2025-08-07T16:40:15.049+0700] {processor.py:829} INFO - Processing file /home/dwmhr/pln/venv/lib/python3.10/site-packages/airflow/example_dags/example_dynamic_task_mapping.py for tasks to queue
[2025-08-07T16:40:15.054+0700] {logging_mixin.py:154} INFO - [2025-08-07T16:40:15.051+0700] {dagbag.py:536} INFO - Filling up the DagBag from /home/dwmhr/pln/venv/lib/python3.10/site-packages/airflow/example_dags/example_dynamic_task_mapping.py
[2025-08-07T16:40:15.088+0700] {processor.py:839} INFO - DAG(s) dict_keys(['example_dynamic_task_mapping']) retrieved from /home/dwmhr/pln/venv/lib/python3.10/site-packages/airflow/example_dags/example_dynamic_task_mapping.py
[2025-08-07T16:40:15.172+0700] {logging_mixin.py:154} INFO - [2025-08-07T16:40:15.171+0700] {dag.py:2941} INFO - Sync 1 DAGs
[2025-08-07T16:40:15.257+0700] {logging_mixin.py:154} INFO - [2025-08-07T16:40:15.256+0700] {dag.py:3722} INFO - Setting next_dagrun for example_dynamic_task_mapping to 2022-03-04T00:00:00+00:00, run_after=2022-03-05T00:00:00+00:00
[2025-08-07T16:40:15.335+0700] {processor.py:179} INFO - Processing /home/dwmhr/pln/venv/lib/python3.10/site-packages/airflow/example_dags/example_dynamic_task_mapping.py took 0.309 seconds
[2025-08-07T16:41:23.595+0700] {processor.py:157} INFO - Started process (PID=129223) to work on /home/dwmhr/pln/venv/lib/python3.10/site-packages/airflow/example_dags/example_dynamic_task_mapping.py
[2025-08-07T16:41:23.597+0700] {processor.py:829} INFO - Processing file /home/dwmhr/pln/venv/lib/python3.10/site-packages/airflow/example_dags/example_dynamic_task_mapping.py for tasks to queue
[2025-08-07T16:41:23.598+0700] {logging_mixin.py:154} INFO - [2025-08-07T16:41:23.598+0700] {dagbag.py:536} INFO - Filling up the DagBag from /home/dwmhr/pln/venv/lib/python3.10/site-packages/airflow/example_dags/example_dynamic_task_mapping.py
[2025-08-07T16:41:23.608+0700] {processor.py:839} INFO - DAG(s) dict_keys(['example_dynamic_task_mapping']) retrieved from /home/dwmhr/pln/venv/lib/python3.10/site-packages/airflow/example_dags/example_dynamic_task_mapping.py
[2025-08-07T16:41:23.632+0700] {logging_mixin.py:154} INFO - [2025-08-07T16:41:23.631+0700] {dag.py:2941} INFO - Sync 1 DAGs
[2025-08-07T16:41:23.656+0700] {logging_mixin.py:154} INFO - [2025-08-07T16:41:23.655+0700] {dag.py:3722} INFO - Setting next_dagrun for example_dynamic_task_mapping to 2022-03-04T00:00:00+00:00, run_after=2022-03-05T00:00:00+00:00
[2025-08-07T16:41:23.686+0700] {processor.py:179} INFO - Processing /home/dwmhr/pln/venv/lib/python3.10/site-packages/airflow/example_dags/example_dynamic_task_mapping.py took 0.098 seconds
[2025-08-07T16:42:28.627+0700] {processor.py:157} INFO - Started process (PID=129489) to work on /home/dwmhr/pln/venv/lib/python3.10/site-packages/airflow/example_dags/example_dynamic_task_mapping.py
[2025-08-07T16:42:28.631+0700] {processor.py:829} INFO - Processing file /home/dwmhr/pln/venv/lib/python3.10/site-packages/airflow/example_dags/example_dynamic_task_mapping.py for tasks to queue
[2025-08-07T16:42:28.634+0700] {logging_mixin.py:154} INFO - [2025-08-07T16:42:28.633+0700] {dagbag.py:536} INFO - Filling up the DagBag from /home/dwmhr/pln/venv/lib/python3.10/site-packages/airflow/example_dags/example_dynamic_task_mapping.py
[2025-08-07T16:42:28.647+0700] {processor.py:839} INFO - DAG(s) dict_keys(['example_dynamic_task_mapping']) retrieved from /home/dwmhr/pln/venv/lib/python3.10/site-packages/airflow/example_dags/example_dynamic_task_mapping.py
[2025-08-07T16:42:28.675+0700] {logging_mixin.py:154} INFO - [2025-08-07T16:42:28.675+0700] {dag.py:2941} INFO - Sync 1 DAGs
[2025-08-07T16:42:28.703+0700] {logging_mixin.py:154} INFO - [2025-08-07T16:42:28.703+0700] {dag.py:3722} INFO - Setting next_dagrun for example_dynamic_task_mapping to 2022-03-04T00:00:00+00:00, run_after=2022-03-05T00:00:00+00:00
[2025-08-07T16:42:28.741+0700] {processor.py:179} INFO - Processing /home/dwmhr/pln/venv/lib/python3.10/site-packages/airflow/example_dags/example_dynamic_task_mapping.py took 0.122 seconds
[2025-08-07T16:43:28.171+0700] {processor.py:157} INFO - Started process (PID=129722) to work on /home/dwmhr/pln/venv/lib/python3.10/site-packages/airflow/example_dags/example_dynamic_task_mapping.py
[2025-08-07T16:43:28.175+0700] {processor.py:829} INFO - Processing file /home/dwmhr/pln/venv/lib/python3.10/site-packages/airflow/example_dags/example_dynamic_task_mapping.py for tasks to queue
[2025-08-07T16:43:28.178+0700] {logging_mixin.py:154} INFO - [2025-08-07T16:43:28.176+0700] {dagbag.py:536} INFO - Filling up the DagBag from /home/dwmhr/pln/venv/lib/python3.10/site-packages/airflow/example_dags/example_dynamic_task_mapping.py
[2025-08-07T16:43:28.199+0700] {processor.py:839} INFO - DAG(s) dict_keys(['example_dynamic_task_mapping']) retrieved from /home/dwmhr/pln/venv/lib/python3.10/site-packages/airflow/example_dags/example_dynamic_task_mapping.py
[2025-08-07T16:43:28.251+0700] {logging_mixin.py:154} INFO - [2025-08-07T16:43:28.250+0700] {dag.py:2941} INFO - Sync 1 DAGs
[2025-08-07T16:43:28.308+0700] {logging_mixin.py:154} INFO - [2025-08-07T16:43:28.307+0700] {dag.py:3722} INFO - Setting next_dagrun for example_dynamic_task_mapping to 2022-03-04T00:00:00+00:00, run_after=2022-03-05T00:00:00+00:00
[2025-08-07T16:43:28.385+0700] {processor.py:179} INFO - Processing /home/dwmhr/pln/venv/lib/python3.10/site-packages/airflow/example_dags/example_dynamic_task_mapping.py took 0.227 seconds
[2025-08-07T16:44:20.590+0700] {processor.py:157} INFO - Started process (PID=129962) to work on /home/dwmhr/pln/venv/lib/python3.10/site-packages/airflow/example_dags/example_dynamic_task_mapping.py
[2025-08-07T16:44:20.592+0700] {processor.py:829} INFO - Processing file /home/dwmhr/pln/venv/lib/python3.10/site-packages/airflow/example_dags/example_dynamic_task_mapping.py for tasks to queue
[2025-08-07T16:44:20.593+0700] {logging_mixin.py:154} INFO - [2025-08-07T16:44:20.593+0700] {dagbag.py:536} INFO - Filling up the DagBag from /home/dwmhr/pln/venv/lib/python3.10/site-packages/airflow/example_dags/example_dynamic_task_mapping.py
[2025-08-07T16:44:20.602+0700] {processor.py:839} INFO - DAG(s) dict_keys(['example_dynamic_task_mapping']) retrieved from /home/dwmhr/pln/venv/lib/python3.10/site-packages/airflow/example_dags/example_dynamic_task_mapping.py
[2025-08-07T16:44:20.623+0700] {logging_mixin.py:154} INFO - [2025-08-07T16:44:20.622+0700] {dag.py:2941} INFO - Sync 1 DAGs
[2025-08-07T16:44:20.643+0700] {logging_mixin.py:154} INFO - [2025-08-07T16:44:20.643+0700] {dag.py:3722} INFO - Setting next_dagrun for example_dynamic_task_mapping to 2022-03-04T00:00:00+00:00, run_after=2022-03-05T00:00:00+00:00
[2025-08-07T16:44:20.669+0700] {processor.py:179} INFO - Processing /home/dwmhr/pln/venv/lib/python3.10/site-packages/airflow/example_dags/example_dynamic_task_mapping.py took 0.083 seconds
[2025-08-07T16:45:20.988+0700] {processor.py:157} INFO - Started process (PID=130235) to work on /home/dwmhr/pln/venv/lib/python3.10/site-packages/airflow/example_dags/example_dynamic_task_mapping.py
[2025-08-07T16:45:21.000+0700] {processor.py:829} INFO - Processing file /home/dwmhr/pln/venv/lib/python3.10/site-packages/airflow/example_dags/example_dynamic_task_mapping.py for tasks to queue
[2025-08-07T16:45:21.002+0700] {logging_mixin.py:154} INFO - [2025-08-07T16:45:21.001+0700] {dagbag.py:536} INFO - Filling up the DagBag from /home/dwmhr/pln/venv/lib/python3.10/site-packages/airflow/example_dags/example_dynamic_task_mapping.py
[2025-08-07T16:45:21.007+0700] {processor.py:839} INFO - DAG(s) dict_keys(['example_dynamic_task_mapping']) retrieved from /home/dwmhr/pln/venv/lib/python3.10/site-packages/airflow/example_dags/example_dynamic_task_mapping.py
[2025-08-07T16:45:21.019+0700] {logging_mixin.py:154} INFO - [2025-08-07T16:45:21.019+0700] {dag.py:2941} INFO - Sync 1 DAGs
[2025-08-07T16:45:21.031+0700] {logging_mixin.py:154} INFO - [2025-08-07T16:45:21.031+0700] {dag.py:3722} INFO - Setting next_dagrun for example_dynamic_task_mapping to 2022-03-04T00:00:00+00:00, run_after=2022-03-05T00:00:00+00:00
[2025-08-07T16:45:21.047+0700] {processor.py:179} INFO - Processing /home/dwmhr/pln/venv/lib/python3.10/site-packages/airflow/example_dags/example_dynamic_task_mapping.py took 0.062 seconds
[2025-08-07T16:46:47.185+0700] {processor.py:157} INFO - Started process (PID=130618) to work on /home/dwmhr/pln/venv/lib/python3.10/site-packages/airflow/example_dags/example_dynamic_task_mapping.py
[2025-08-07T16:46:47.246+0700] {processor.py:829} INFO - Processing file /home/dwmhr/pln/venv/lib/python3.10/site-packages/airflow/example_dags/example_dynamic_task_mapping.py for tasks to queue
[2025-08-07T16:46:47.273+0700] {logging_mixin.py:154} INFO - [2025-08-07T16:46:47.263+0700] {dagbag.py:536} INFO - Filling up the DagBag from /home/dwmhr/pln/venv/lib/python3.10/site-packages/airflow/example_dags/example_dynamic_task_mapping.py
[2025-08-07T16:46:47.324+0700] {processor.py:839} INFO - DAG(s) dict_keys(['example_dynamic_task_mapping']) retrieved from /home/dwmhr/pln/venv/lib/python3.10/site-packages/airflow/example_dags/example_dynamic_task_mapping.py
[2025-08-07T16:46:47.368+0700] {logging_mixin.py:154} INFO - [2025-08-07T16:46:47.368+0700] {dag.py:2941} INFO - Sync 1 DAGs
[2025-08-07T16:46:47.419+0700] {logging_mixin.py:154} INFO - [2025-08-07T16:46:47.419+0700] {dag.py:3722} INFO - Setting next_dagrun for example_dynamic_task_mapping to 2022-03-04T00:00:00+00:00, run_after=2022-03-05T00:00:00+00:00
[2025-08-07T16:46:47.485+0700] {processor.py:179} INFO - Processing /home/dwmhr/pln/venv/lib/python3.10/site-packages/airflow/example_dags/example_dynamic_task_mapping.py took 0.537 seconds
[2025-08-07T16:47:37.878+0700] {processor.py:157} INFO - Started process (PID=130831) to work on /home/dwmhr/pln/venv/lib/python3.10/site-packages/airflow/example_dags/example_dynamic_task_mapping.py
[2025-08-07T16:47:37.880+0700] {processor.py:829} INFO - Processing file /home/dwmhr/pln/venv/lib/python3.10/site-packages/airflow/example_dags/example_dynamic_task_mapping.py for tasks to queue
[2025-08-07T16:47:37.882+0700] {logging_mixin.py:154} INFO - [2025-08-07T16:47:37.881+0700] {dagbag.py:536} INFO - Filling up the DagBag from /home/dwmhr/pln/venv/lib/python3.10/site-packages/airflow/example_dags/example_dynamic_task_mapping.py
[2025-08-07T16:47:37.890+0700] {processor.py:839} INFO - DAG(s) dict_keys(['example_dynamic_task_mapping']) retrieved from /home/dwmhr/pln/venv/lib/python3.10/site-packages/airflow/example_dags/example_dynamic_task_mapping.py
[2025-08-07T16:47:36.857+0700] {logging_mixin.py:154} INFO - [2025-08-07T16:47:36.855+0700] {dag.py:2941} INFO - Sync 1 DAGs
[2025-08-07T16:47:36.894+0700] {logging_mixin.py:154} INFO - [2025-08-07T16:47:36.894+0700] {dag.py:3722} INFO - Setting next_dagrun for example_dynamic_task_mapping to 2022-03-04T00:00:00+00:00, run_after=2022-03-05T00:00:00+00:00
[2025-08-07T16:47:36.944+0700] {processor.py:179} INFO - Processing /home/dwmhr/pln/venv/lib/python3.10/site-packages/airflow/example_dags/example_dynamic_task_mapping.py took 0.145 seconds
[2025-08-07T16:49:04.946+0700] {processor.py:157} INFO - Started process (PID=131208) to work on /home/dwmhr/pln/venv/lib/python3.10/site-packages/airflow/example_dags/example_dynamic_task_mapping.py
[2025-08-07T16:49:04.948+0700] {processor.py:829} INFO - Processing file /home/dwmhr/pln/venv/lib/python3.10/site-packages/airflow/example_dags/example_dynamic_task_mapping.py for tasks to queue
[2025-08-07T16:49:04.949+0700] {logging_mixin.py:154} INFO - [2025-08-07T16:49:04.949+0700] {dagbag.py:536} INFO - Filling up the DagBag from /home/dwmhr/pln/venv/lib/python3.10/site-packages/airflow/example_dags/example_dynamic_task_mapping.py
[2025-08-07T16:49:04.956+0700] {processor.py:839} INFO - DAG(s) dict_keys(['example_dynamic_task_mapping']) retrieved from /home/dwmhr/pln/venv/lib/python3.10/site-packages/airflow/example_dags/example_dynamic_task_mapping.py
[2025-08-07T16:49:04.972+0700] {logging_mixin.py:154} INFO - [2025-08-07T16:49:04.972+0700] {dag.py:2941} INFO - Sync 1 DAGs
[2025-08-07T16:49:04.988+0700] {logging_mixin.py:154} INFO - [2025-08-07T16:49:04.987+0700] {dag.py:3722} INFO - Setting next_dagrun for example_dynamic_task_mapping to 2022-03-04T00:00:00+00:00, run_after=2022-03-05T00:00:00+00:00
[2025-08-07T16:49:05.014+0700] {processor.py:179} INFO - Processing /home/dwmhr/pln/venv/lib/python3.10/site-packages/airflow/example_dags/example_dynamic_task_mapping.py took 0.071 seconds
