[2025-08-07T15:45:31.948+0700] {processor.py:157} INFO - Started process (PID=113353) to work on /home/dwmhr/pln/venv/lib/python3.10/site-packages/airflow/example_dags/example_external_task_marker_dag.py
[2025-08-07T15:45:31.951+0700] {processor.py:829} INFO - Processing file /home/dwmhr/pln/venv/lib/python3.10/site-packages/airflow/example_dags/example_external_task_marker_dag.py for tasks to queue
[2025-08-07T15:45:31.954+0700] {logging_mixin.py:154} INFO - [2025-08-07T15:45:31.953+0700] {dagbag.py:536} INFO - Filling up the DagBag from /home/dwmhr/pln/venv/lib/python3.10/site-packages/airflow/example_dags/example_external_task_marker_dag.py
[2025-08-07T15:45:31.975+0700] {processor.py:839} INFO - DAG(s) dict_keys(['example_external_task_marker_parent', 'example_external_task_marker_child']) retrieved from /home/dwmhr/pln/venv/lib/python3.10/site-packages/airflow/example_dags/example_external_task_marker_dag.py
[2025-08-07T15:45:31.300+0700] {logging_mixin.py:154} INFO - [2025-08-07T15:45:31.299+0700] {manager.py:499} INFO - Created Permission View: %s
[2025-08-07T15:45:31.355+0700] {logging_mixin.py:154} INFO - [2025-08-07T15:45:31.354+0700] {manager.py:499} INFO - Created Permission View: %s
[2025-08-07T15:45:31.392+0700] {logging_mixin.py:154} INFO - [2025-08-07T15:45:31.391+0700] {manager.py:499} INFO - Created Permission View: %s
[2025-08-07T15:45:31.513+0700] {logging_mixin.py:154} INFO - [2025-08-07T15:45:31.512+0700] {manager.py:499} INFO - Created Permission View: %s
[2025-08-07T15:45:31.545+0700] {logging_mixin.py:154} INFO - [2025-08-07T15:45:31.545+0700] {manager.py:499} INFO - Created Permission View: %s
[2025-08-07T15:45:31.584+0700] {logging_mixin.py:154} INFO - [2025-08-07T15:45:31.583+0700] {manager.py:499} INFO - Created Permission View: %s
[2025-08-07T15:45:31.585+0700] {logging_mixin.py:154} INFO - [2025-08-07T15:45:31.585+0700] {dag.py:2941} INFO - Sync 2 DAGs
[2025-08-07T15:45:31.639+0700] {logging_mixin.py:154} INFO - [2025-08-07T15:45:31.638+0700] {dag.py:2963} INFO - Creating ORM DAG for example_external_task_marker_child
[2025-08-07T15:45:31.640+0700] {logging_mixin.py:154} INFO - [2025-08-07T15:45:31.640+0700] {dag.py:2963} INFO - Creating ORM DAG for example_external_task_marker_parent
[2025-08-07T15:45:31.642+0700] {logging_mixin.py:154} INFO - [2025-08-07T15:45:31.642+0700] {dag.py:3722} INFO - Setting next_dagrun for example_external_task_marker_child to None, run_after=None
[2025-08-07T15:45:31.644+0700] {logging_mixin.py:154} INFO - [2025-08-07T15:45:31.644+0700] {dag.py:3722} INFO - Setting next_dagrun for example_external_task_marker_parent to None, run_after=None
[2025-08-07T15:45:31.743+0700] {processor.py:179} INFO - Processing /home/dwmhr/pln/venv/lib/python3.10/site-packages/airflow/example_dags/example_external_task_marker_dag.py took 0.983 seconds
[2025-08-07T15:46:35.956+0700] {processor.py:157} INFO - Started process (PID=113692) to work on /home/dwmhr/pln/venv/lib/python3.10/site-packages/airflow/example_dags/example_external_task_marker_dag.py
[2025-08-07T15:46:35.969+0700] {processor.py:829} INFO - Processing file /home/dwmhr/pln/venv/lib/python3.10/site-packages/airflow/example_dags/example_external_task_marker_dag.py for tasks to queue
[2025-08-07T15:46:35.971+0700] {logging_mixin.py:154} INFO - [2025-08-07T15:46:35.970+0700] {dagbag.py:536} INFO - Filling up the DagBag from /home/dwmhr/pln/venv/lib/python3.10/site-packages/airflow/example_dags/example_external_task_marker_dag.py
[2025-08-07T15:46:35.983+0700] {processor.py:839} INFO - DAG(s) dict_keys(['example_external_task_marker_parent', 'example_external_task_marker_child']) retrieved from /home/dwmhr/pln/venv/lib/python3.10/site-packages/airflow/example_dags/example_external_task_marker_dag.py
[2025-08-07T15:46:36.021+0700] {logging_mixin.py:154} INFO - [2025-08-07T15:46:36.020+0700] {dag.py:2941} INFO - Sync 2 DAGs
[2025-08-07T15:46:36.042+0700] {logging_mixin.py:154} INFO - [2025-08-07T15:46:36.042+0700] {dag.py:3722} INFO - Setting next_dagrun for example_external_task_marker_child to None, run_after=None
[2025-08-07T15:46:36.047+0700] {logging_mixin.py:154} INFO - [2025-08-07T15:46:36.047+0700] {dag.py:3722} INFO - Setting next_dagrun for example_external_task_marker_parent to None, run_after=None
[2025-08-07T15:46:36.089+0700] {processor.py:179} INFO - Processing /home/dwmhr/pln/venv/lib/python3.10/site-packages/airflow/example_dags/example_external_task_marker_dag.py took 0.139 seconds
[2025-08-07T15:47:33.424+0700] {processor.py:157} INFO - Started process (PID=114001) to work on /home/dwmhr/pln/venv/lib/python3.10/site-packages/airflow/example_dags/example_external_task_marker_dag.py
[2025-08-07T15:47:33.428+0700] {processor.py:829} INFO - Processing file /home/dwmhr/pln/venv/lib/python3.10/site-packages/airflow/example_dags/example_external_task_marker_dag.py for tasks to queue
[2025-08-07T15:47:33.431+0700] {logging_mixin.py:154} INFO - [2025-08-07T15:47:33.429+0700] {dagbag.py:536} INFO - Filling up the DagBag from /home/dwmhr/pln/venv/lib/python3.10/site-packages/airflow/example_dags/example_external_task_marker_dag.py
[2025-08-07T15:47:33.452+0700] {processor.py:839} INFO - DAG(s) dict_keys(['example_external_task_marker_child', 'example_external_task_marker_parent']) retrieved from /home/dwmhr/pln/venv/lib/python3.10/site-packages/airflow/example_dags/example_external_task_marker_dag.py
[2025-08-07T15:47:33.538+0700] {logging_mixin.py:154} INFO - [2025-08-07T15:47:33.538+0700] {dag.py:2941} INFO - Sync 2 DAGs
[2025-08-07T15:47:33.677+0700] {logging_mixin.py:154} INFO - [2025-08-07T15:47:33.676+0700] {dag.py:3722} INFO - Setting next_dagrun for example_external_task_marker_child to None, run_after=None
[2025-08-07T15:47:33.694+0700] {logging_mixin.py:154} INFO - [2025-08-07T15:47:33.692+0700] {dag.py:3722} INFO - Setting next_dagrun for example_external_task_marker_parent to None, run_after=None
[2025-08-07T15:47:33.881+0700] {processor.py:179} INFO - Processing /home/dwmhr/pln/venv/lib/python3.10/site-packages/airflow/example_dags/example_external_task_marker_dag.py took 0.469 seconds
[2025-08-07T15:48:21.178+0700] {processor.py:157} INFO - Started process (PID=114200) to work on /home/dwmhr/pln/venv/lib/python3.10/site-packages/airflow/example_dags/example_external_task_marker_dag.py
[2025-08-07T15:48:21.182+0700] {processor.py:829} INFO - Processing file /home/dwmhr/pln/venv/lib/python3.10/site-packages/airflow/example_dags/example_external_task_marker_dag.py for tasks to queue
[2025-08-07T15:48:21.185+0700] {logging_mixin.py:154} INFO - [2025-08-07T15:48:21.184+0700] {dagbag.py:536} INFO - Filling up the DagBag from /home/dwmhr/pln/venv/lib/python3.10/site-packages/airflow/example_dags/example_external_task_marker_dag.py
[2025-08-07T15:48:21.199+0700] {processor.py:839} INFO - DAG(s) dict_keys(['example_external_task_marker_child', 'example_external_task_marker_parent']) retrieved from /home/dwmhr/pln/venv/lib/python3.10/site-packages/airflow/example_dags/example_external_task_marker_dag.py
[2025-08-07T15:48:21.241+0700] {logging_mixin.py:154} INFO - [2025-08-07T15:48:21.240+0700] {dag.py:2941} INFO - Sync 2 DAGs
[2025-08-07T15:48:21.265+0700] {logging_mixin.py:154} INFO - [2025-08-07T15:48:21.265+0700] {dag.py:3722} INFO - Setting next_dagrun for example_external_task_marker_child to None, run_after=None
[2025-08-07T15:48:21.273+0700] {logging_mixin.py:154} INFO - [2025-08-07T15:48:21.272+0700] {dag.py:3722} INFO - Setting next_dagrun for example_external_task_marker_parent to None, run_after=None
[2025-08-07T15:48:21.317+0700] {processor.py:179} INFO - Processing /home/dwmhr/pln/venv/lib/python3.10/site-packages/airflow/example_dags/example_external_task_marker_dag.py took 0.147 seconds
[2025-08-07T15:49:15.907+0700] {processor.py:157} INFO - Started process (PID=114499) to work on /home/dwmhr/pln/venv/lib/python3.10/site-packages/airflow/example_dags/example_external_task_marker_dag.py
[2025-08-07T15:49:15.912+0700] {processor.py:829} INFO - Processing file /home/dwmhr/pln/venv/lib/python3.10/site-packages/airflow/example_dags/example_external_task_marker_dag.py for tasks to queue
[2025-08-07T15:49:15.915+0700] {logging_mixin.py:154} INFO - [2025-08-07T15:49:15.914+0700] {dagbag.py:536} INFO - Filling up the DagBag from /home/dwmhr/pln/venv/lib/python3.10/site-packages/airflow/example_dags/example_external_task_marker_dag.py
[2025-08-07T15:49:15.934+0700] {processor.py:839} INFO - DAG(s) dict_keys(['example_external_task_marker_child', 'example_external_task_marker_parent']) retrieved from /home/dwmhr/pln/venv/lib/python3.10/site-packages/airflow/example_dags/example_external_task_marker_dag.py
[2025-08-07T15:49:16.049+0700] {logging_mixin.py:154} INFO - [2025-08-07T15:49:16.049+0700] {dag.py:2941} INFO - Sync 2 DAGs
[2025-08-07T15:49:16.198+0700] {logging_mixin.py:154} INFO - [2025-08-07T15:49:16.197+0700] {dag.py:3722} INFO - Setting next_dagrun for example_external_task_marker_child to None, run_after=None
[2025-08-07T15:49:16.215+0700] {logging_mixin.py:154} INFO - [2025-08-07T15:49:16.215+0700] {dag.py:3722} INFO - Setting next_dagrun for example_external_task_marker_parent to None, run_after=None
[2025-08-07T15:49:16.311+0700] {processor.py:179} INFO - Processing /home/dwmhr/pln/venv/lib/python3.10/site-packages/airflow/example_dags/example_external_task_marker_dag.py took 0.417 seconds
[2025-08-07T15:50:34.592+0700] {processor.py:157} INFO - Started process (PID=114928) to work on /home/dwmhr/pln/venv/lib/python3.10/site-packages/airflow/example_dags/example_external_task_marker_dag.py
[2025-08-07T15:50:34.601+0700] {processor.py:829} INFO - Processing file /home/dwmhr/pln/venv/lib/python3.10/site-packages/airflow/example_dags/example_external_task_marker_dag.py for tasks to queue
[2025-08-07T15:50:34.603+0700] {logging_mixin.py:154} INFO - [2025-08-07T15:50:34.602+0700] {dagbag.py:536} INFO - Filling up the DagBag from /home/dwmhr/pln/venv/lib/python3.10/site-packages/airflow/example_dags/example_external_task_marker_dag.py
[2025-08-07T15:50:34.611+0700] {processor.py:839} INFO - DAG(s) dict_keys(['example_external_task_marker_parent', 'example_external_task_marker_child']) retrieved from /home/dwmhr/pln/venv/lib/python3.10/site-packages/airflow/example_dags/example_external_task_marker_dag.py
[2025-08-07T15:50:34.636+0700] {logging_mixin.py:154} INFO - [2025-08-07T15:50:34.636+0700] {dag.py:2941} INFO - Sync 2 DAGs
[2025-08-07T15:50:34.649+0700] {logging_mixin.py:154} INFO - [2025-08-07T15:50:34.649+0700] {dag.py:3722} INFO - Setting next_dagrun for example_external_task_marker_child to None, run_after=None
[2025-08-07T15:50:34.653+0700] {logging_mixin.py:154} INFO - [2025-08-07T15:50:34.653+0700] {dag.py:3722} INFO - Setting next_dagrun for example_external_task_marker_parent to None, run_after=None
[2025-08-07T15:50:34.687+0700] {processor.py:179} INFO - Processing /home/dwmhr/pln/venv/lib/python3.10/site-packages/airflow/example_dags/example_external_task_marker_dag.py took 0.098 seconds
[2025-08-07T15:51:43.101+0700] {processor.py:157} INFO - Started process (PID=115284) to work on /home/dwmhr/pln/venv/lib/python3.10/site-packages/airflow/example_dags/example_external_task_marker_dag.py
[2025-08-07T15:51:43.104+0700] {processor.py:829} INFO - Processing file /home/dwmhr/pln/venv/lib/python3.10/site-packages/airflow/example_dags/example_external_task_marker_dag.py for tasks to queue
[2025-08-07T15:51:43.106+0700] {logging_mixin.py:154} INFO - [2025-08-07T15:51:43.105+0700] {dagbag.py:536} INFO - Filling up the DagBag from /home/dwmhr/pln/venv/lib/python3.10/site-packages/airflow/example_dags/example_external_task_marker_dag.py
[2025-08-07T15:51:43.120+0700] {processor.py:839} INFO - DAG(s) dict_keys(['example_external_task_marker_parent', 'example_external_task_marker_child']) retrieved from /home/dwmhr/pln/venv/lib/python3.10/site-packages/airflow/example_dags/example_external_task_marker_dag.py
[2025-08-07T15:51:43.167+0700] {logging_mixin.py:154} INFO - [2025-08-07T15:51:43.167+0700] {dag.py:2941} INFO - Sync 2 DAGs
[2025-08-07T15:51:43.191+0700] {logging_mixin.py:154} INFO - [2025-08-07T15:51:43.191+0700] {dag.py:3722} INFO - Setting next_dagrun for example_external_task_marker_child to None, run_after=None
[2025-08-07T15:51:43.197+0700] {logging_mixin.py:154} INFO - [2025-08-07T15:51:43.197+0700] {dag.py:3722} INFO - Setting next_dagrun for example_external_task_marker_parent to None, run_after=None
[2025-08-07T15:51:43.240+0700] {processor.py:179} INFO - Processing /home/dwmhr/pln/venv/lib/python3.10/site-packages/airflow/example_dags/example_external_task_marker_dag.py took 0.147 seconds
[2025-08-07T15:53:24.581+0700] {processor.py:157} INFO - Started process (PID=115763) to work on /home/dwmhr/pln/venv/lib/python3.10/site-packages/airflow/example_dags/example_external_task_marker_dag.py
[2025-08-07T15:53:24.583+0700] {processor.py:829} INFO - Processing file /home/dwmhr/pln/venv/lib/python3.10/site-packages/airflow/example_dags/example_external_task_marker_dag.py for tasks to queue
[2025-08-07T15:53:24.584+0700] {logging_mixin.py:154} INFO - [2025-08-07T15:53:24.583+0700] {dagbag.py:536} INFO - Filling up the DagBag from /home/dwmhr/pln/venv/lib/python3.10/site-packages/airflow/example_dags/example_external_task_marker_dag.py
[2025-08-07T15:53:24.590+0700] {processor.py:839} INFO - DAG(s) dict_keys(['example_external_task_marker_child', 'example_external_task_marker_parent']) retrieved from /home/dwmhr/pln/venv/lib/python3.10/site-packages/airflow/example_dags/example_external_task_marker_dag.py
[2025-08-07T15:53:24.614+0700] {logging_mixin.py:154} INFO - [2025-08-07T15:53:24.614+0700] {dag.py:2941} INFO - Sync 2 DAGs
[2025-08-07T15:53:24.628+0700] {logging_mixin.py:154} INFO - [2025-08-07T15:53:24.628+0700] {dag.py:3722} INFO - Setting next_dagrun for example_external_task_marker_child to None, run_after=None
[2025-08-07T15:53:24.631+0700] {logging_mixin.py:154} INFO - [2025-08-07T15:53:24.631+0700] {dag.py:3722} INFO - Setting next_dagrun for example_external_task_marker_parent to None, run_after=None
[2025-08-07T15:53:24.652+0700] {processor.py:179} INFO - Processing /home/dwmhr/pln/venv/lib/python3.10/site-packages/airflow/example_dags/example_external_task_marker_dag.py took 0.074 seconds
[2025-08-07T15:55:03.184+0700] {processor.py:157} INFO - Started process (PID=116219) to work on /home/dwmhr/pln/venv/lib/python3.10/site-packages/airflow/example_dags/example_external_task_marker_dag.py
[2025-08-07T15:55:03.186+0700] {processor.py:829} INFO - Processing file /home/dwmhr/pln/venv/lib/python3.10/site-packages/airflow/example_dags/example_external_task_marker_dag.py for tasks to queue
[2025-08-07T15:55:03.188+0700] {logging_mixin.py:154} INFO - [2025-08-07T15:55:03.187+0700] {dagbag.py:536} INFO - Filling up the DagBag from /home/dwmhr/pln/venv/lib/python3.10/site-packages/airflow/example_dags/example_external_task_marker_dag.py
[2025-08-07T15:55:03.198+0700] {processor.py:839} INFO - DAG(s) dict_keys(['example_external_task_marker_child', 'example_external_task_marker_parent']) retrieved from /home/dwmhr/pln/venv/lib/python3.10/site-packages/airflow/example_dags/example_external_task_marker_dag.py
[2025-08-07T15:55:03.230+0700] {logging_mixin.py:154} INFO - [2025-08-07T15:55:03.229+0700] {dag.py:2941} INFO - Sync 2 DAGs
[2025-08-07T15:55:03.246+0700] {logging_mixin.py:154} INFO - [2025-08-07T15:55:03.246+0700] {dag.py:3722} INFO - Setting next_dagrun for example_external_task_marker_child to None, run_after=None
[2025-08-07T15:55:03.250+0700] {logging_mixin.py:154} INFO - [2025-08-07T15:55:03.250+0700] {dag.py:3722} INFO - Setting next_dagrun for example_external_task_marker_parent to None, run_after=None
[2025-08-07T15:55:03.298+0700] {processor.py:179} INFO - Processing /home/dwmhr/pln/venv/lib/python3.10/site-packages/airflow/example_dags/example_external_task_marker_dag.py took 0.118 seconds
[2025-08-07T15:56:26.284+0700] {processor.py:157} INFO - Started process (PID=116657) to work on /home/dwmhr/pln/venv/lib/python3.10/site-packages/airflow/example_dags/example_external_task_marker_dag.py
[2025-08-07T15:56:26.294+0700] {processor.py:829} INFO - Processing file /home/dwmhr/pln/venv/lib/python3.10/site-packages/airflow/example_dags/example_external_task_marker_dag.py for tasks to queue
[2025-08-07T15:56:26.304+0700] {logging_mixin.py:154} INFO - [2025-08-07T15:56:26.301+0700] {dagbag.py:536} INFO - Filling up the DagBag from /home/dwmhr/pln/venv/lib/python3.10/site-packages/airflow/example_dags/example_external_task_marker_dag.py
[2025-08-07T15:56:26.381+0700] {processor.py:839} INFO - DAG(s) dict_keys(['example_external_task_marker_child', 'example_external_task_marker_parent']) retrieved from /home/dwmhr/pln/venv/lib/python3.10/site-packages/airflow/example_dags/example_external_task_marker_dag.py
[2025-08-07T15:56:26.565+0700] {logging_mixin.py:154} INFO - [2025-08-07T15:56:26.564+0700] {dag.py:2941} INFO - Sync 2 DAGs
[2025-08-07T15:56:26.678+0700] {logging_mixin.py:154} INFO - [2025-08-07T15:56:26.677+0700] {dag.py:3722} INFO - Setting next_dagrun for example_external_task_marker_child to None, run_after=None
[2025-08-07T15:56:26.701+0700] {logging_mixin.py:154} INFO - [2025-08-07T15:56:26.700+0700] {dag.py:3722} INFO - Setting next_dagrun for example_external_task_marker_parent to None, run_after=None
[2025-08-07T15:56:26.898+0700] {processor.py:179} INFO - Processing /home/dwmhr/pln/venv/lib/python3.10/site-packages/airflow/example_dags/example_external_task_marker_dag.py took 0.652 seconds
[2025-08-07T15:57:30.629+0700] {processor.py:157} INFO - Started process (PID=116992) to work on /home/dwmhr/pln/venv/lib/python3.10/site-packages/airflow/example_dags/example_external_task_marker_dag.py
[2025-08-07T15:57:30.632+0700] {processor.py:829} INFO - Processing file /home/dwmhr/pln/venv/lib/python3.10/site-packages/airflow/example_dags/example_external_task_marker_dag.py for tasks to queue
[2025-08-07T15:57:30.634+0700] {logging_mixin.py:154} INFO - [2025-08-07T15:57:30.633+0700] {dagbag.py:536} INFO - Filling up the DagBag from /home/dwmhr/pln/venv/lib/python3.10/site-packages/airflow/example_dags/example_external_task_marker_dag.py
[2025-08-07T15:57:30.643+0700] {processor.py:839} INFO - DAG(s) dict_keys(['example_external_task_marker_child', 'example_external_task_marker_parent']) retrieved from /home/dwmhr/pln/venv/lib/python3.10/site-packages/airflow/example_dags/example_external_task_marker_dag.py
[2025-08-07T15:57:30.676+0700] {logging_mixin.py:154} INFO - [2025-08-07T15:57:30.676+0700] {dag.py:2941} INFO - Sync 2 DAGs
[2025-08-07T15:57:30.694+0700] {logging_mixin.py:154} INFO - [2025-08-07T15:57:30.693+0700] {dag.py:3722} INFO - Setting next_dagrun for example_external_task_marker_child to None, run_after=None
[2025-08-07T15:57:30.698+0700] {logging_mixin.py:154} INFO - [2025-08-07T15:57:30.697+0700] {dag.py:3722} INFO - Setting next_dagrun for example_external_task_marker_parent to None, run_after=None
[2025-08-07T15:57:30.729+0700] {processor.py:179} INFO - Processing /home/dwmhr/pln/venv/lib/python3.10/site-packages/airflow/example_dags/example_external_task_marker_dag.py took 0.105 seconds
[2025-08-07T15:59:59.425+0700] {processor.py:157} INFO - Started process (PID=117738) to work on /home/dwmhr/pln/venv/lib/python3.10/site-packages/airflow/example_dags/example_external_task_marker_dag.py
[2025-08-07T15:59:59.442+0700] {processor.py:829} INFO - Processing file /home/dwmhr/pln/venv/lib/python3.10/site-packages/airflow/example_dags/example_external_task_marker_dag.py for tasks to queue
[2025-08-07T15:59:59.449+0700] {logging_mixin.py:154} INFO - [2025-08-07T15:59:59.446+0700] {dagbag.py:536} INFO - Filling up the DagBag from /home/dwmhr/pln/venv/lib/python3.10/site-packages/airflow/example_dags/example_external_task_marker_dag.py
[2025-08-07T15:59:59.533+0700] {processor.py:839} INFO - DAG(s) dict_keys(['example_external_task_marker_parent', 'example_external_task_marker_child']) retrieved from /home/dwmhr/pln/venv/lib/python3.10/site-packages/airflow/example_dags/example_external_task_marker_dag.py
[2025-08-07T15:59:59.772+0700] {logging_mixin.py:154} INFO - [2025-08-07T15:59:59.771+0700] {dag.py:2941} INFO - Sync 2 DAGs
[2025-08-07T15:59:59.848+0700] {logging_mixin.py:154} INFO - [2025-08-07T15:59:59.847+0700] {dag.py:3722} INFO - Setting next_dagrun for example_external_task_marker_child to None, run_after=None
[2025-08-07T15:59:59.872+0700] {logging_mixin.py:154} INFO - [2025-08-07T15:59:59.869+0700] {dag.py:3722} INFO - Setting next_dagrun for example_external_task_marker_parent to None, run_after=None
[2025-08-07T16:00:00.047+0700] {processor.py:179} INFO - Processing /home/dwmhr/pln/venv/lib/python3.10/site-packages/airflow/example_dags/example_external_task_marker_dag.py took 0.662 seconds
[2025-08-07T16:01:30.385+0700] {processor.py:157} INFO - Started process (PID=118181) to work on /home/dwmhr/pln/venv/lib/python3.10/site-packages/airflow/example_dags/example_external_task_marker_dag.py
[2025-08-07T16:01:30.399+0700] {processor.py:829} INFO - Processing file /home/dwmhr/pln/venv/lib/python3.10/site-packages/airflow/example_dags/example_external_task_marker_dag.py for tasks to queue
[2025-08-07T16:01:30.408+0700] {logging_mixin.py:154} INFO - [2025-08-07T16:01:30.404+0700] {dagbag.py:536} INFO - Filling up the DagBag from /home/dwmhr/pln/venv/lib/python3.10/site-packages/airflow/example_dags/example_external_task_marker_dag.py
[2025-08-07T16:01:30.472+0700] {processor.py:839} INFO - DAG(s) dict_keys(['example_external_task_marker_child', 'example_external_task_marker_parent']) retrieved from /home/dwmhr/pln/venv/lib/python3.10/site-packages/airflow/example_dags/example_external_task_marker_dag.py
[2025-08-07T16:01:30.643+0700] {logging_mixin.py:154} INFO - [2025-08-07T16:01:30.642+0700] {dag.py:2941} INFO - Sync 2 DAGs
[2025-08-07T16:01:30.772+0700] {logging_mixin.py:154} INFO - [2025-08-07T16:01:30.772+0700] {dag.py:3722} INFO - Setting next_dagrun for example_external_task_marker_child to None, run_after=None
[2025-08-07T16:01:30.802+0700] {logging_mixin.py:154} INFO - [2025-08-07T16:01:30.802+0700] {dag.py:3722} INFO - Setting next_dagrun for example_external_task_marker_parent to None, run_after=None
[2025-08-07T16:01:32.604+0700] {processor.py:179} INFO - Processing /home/dwmhr/pln/venv/lib/python3.10/site-packages/airflow/example_dags/example_external_task_marker_dag.py took 2.269 seconds
[2025-08-07T16:04:09.040+0700] {processor.py:157} INFO - Started process (PID=118909) to work on /home/dwmhr/pln/venv/lib/python3.10/site-packages/airflow/example_dags/example_external_task_marker_dag.py
[2025-08-07T16:04:09.046+0700] {processor.py:829} INFO - Processing file /home/dwmhr/pln/venv/lib/python3.10/site-packages/airflow/example_dags/example_external_task_marker_dag.py for tasks to queue
[2025-08-07T16:04:09.050+0700] {logging_mixin.py:154} INFO - [2025-08-07T16:04:09.048+0700] {dagbag.py:536} INFO - Filling up the DagBag from /home/dwmhr/pln/venv/lib/python3.10/site-packages/airflow/example_dags/example_external_task_marker_dag.py
[2025-08-07T16:04:09.085+0700] {processor.py:839} INFO - DAG(s) dict_keys(['example_external_task_marker_parent', 'example_external_task_marker_child']) retrieved from /home/dwmhr/pln/venv/lib/python3.10/site-packages/airflow/example_dags/example_external_task_marker_dag.py
[2025-08-07T16:04:09.173+0700] {logging_mixin.py:154} INFO - [2025-08-07T16:04:09.172+0700] {dag.py:2941} INFO - Sync 2 DAGs
[2025-08-07T16:04:09.218+0700] {logging_mixin.py:154} INFO - [2025-08-07T16:04:09.217+0700] {dag.py:3722} INFO - Setting next_dagrun for example_external_task_marker_child to None, run_after=None
[2025-08-07T16:04:09.238+0700] {logging_mixin.py:154} INFO - [2025-08-07T16:04:09.237+0700] {dag.py:3722} INFO - Setting next_dagrun for example_external_task_marker_parent to None, run_after=None
[2025-08-07T16:04:09.372+0700] {processor.py:179} INFO - Processing /home/dwmhr/pln/venv/lib/python3.10/site-packages/airflow/example_dags/example_external_task_marker_dag.py took 0.349 seconds
[2025-08-07T16:05:13.635+0700] {processor.py:157} INFO - Started process (PID=119228) to work on /home/dwmhr/pln/venv/lib/python3.10/site-packages/airflow/example_dags/example_external_task_marker_dag.py
[2025-08-07T16:05:13.649+0700] {processor.py:829} INFO - Processing file /home/dwmhr/pln/venv/lib/python3.10/site-packages/airflow/example_dags/example_external_task_marker_dag.py for tasks to queue
[2025-08-07T16:05:13.650+0700] {logging_mixin.py:154} INFO - [2025-08-07T16:05:13.649+0700] {dagbag.py:536} INFO - Filling up the DagBag from /home/dwmhr/pln/venv/lib/python3.10/site-packages/airflow/example_dags/example_external_task_marker_dag.py
[2025-08-07T16:05:13.657+0700] {processor.py:839} INFO - DAG(s) dict_keys(['example_external_task_marker_child', 'example_external_task_marker_parent']) retrieved from /home/dwmhr/pln/venv/lib/python3.10/site-packages/airflow/example_dags/example_external_task_marker_dag.py
[2025-08-07T16:05:13.675+0700] {logging_mixin.py:154} INFO - [2025-08-07T16:05:13.674+0700] {dag.py:2941} INFO - Sync 2 DAGs
[2025-08-07T16:05:13.683+0700] {logging_mixin.py:154} INFO - [2025-08-07T16:05:13.683+0700] {dag.py:3722} INFO - Setting next_dagrun for example_external_task_marker_child to None, run_after=None
[2025-08-07T16:05:13.686+0700] {logging_mixin.py:154} INFO - [2025-08-07T16:05:13.686+0700] {dag.py:3722} INFO - Setting next_dagrun for example_external_task_marker_parent to None, run_after=None
[2025-08-07T16:05:13.716+0700] {processor.py:179} INFO - Processing /home/dwmhr/pln/venv/lib/python3.10/site-packages/airflow/example_dags/example_external_task_marker_dag.py took 0.084 seconds
[2025-08-07T16:06:32.306+0700] {processor.py:157} INFO - Started process (PID=119629) to work on /home/dwmhr/pln/venv/lib/python3.10/site-packages/airflow/example_dags/example_external_task_marker_dag.py
[2025-08-07T16:06:32.311+0700] {processor.py:829} INFO - Processing file /home/dwmhr/pln/venv/lib/python3.10/site-packages/airflow/example_dags/example_external_task_marker_dag.py for tasks to queue
[2025-08-07T16:06:32.314+0700] {logging_mixin.py:154} INFO - [2025-08-07T16:06:32.313+0700] {dagbag.py:536} INFO - Filling up the DagBag from /home/dwmhr/pln/venv/lib/python3.10/site-packages/airflow/example_dags/example_external_task_marker_dag.py
[2025-08-07T16:06:32.333+0700] {processor.py:839} INFO - DAG(s) dict_keys(['example_external_task_marker_child', 'example_external_task_marker_parent']) retrieved from /home/dwmhr/pln/venv/lib/python3.10/site-packages/airflow/example_dags/example_external_task_marker_dag.py
[2025-08-07T16:06:32.397+0700] {logging_mixin.py:154} INFO - [2025-08-07T16:06:32.396+0700] {dag.py:2941} INFO - Sync 2 DAGs
[2025-08-07T16:06:32.453+0700] {logging_mixin.py:154} INFO - [2025-08-07T16:06:32.453+0700] {dag.py:3722} INFO - Setting next_dagrun for example_external_task_marker_child to None, run_after=None
[2025-08-07T16:06:32.463+0700] {logging_mixin.py:154} INFO - [2025-08-07T16:06:32.463+0700] {dag.py:3722} INFO - Setting next_dagrun for example_external_task_marker_parent to None, run_after=None
[2025-08-07T16:06:32.516+0700] {processor.py:179} INFO - Processing /home/dwmhr/pln/venv/lib/python3.10/site-packages/airflow/example_dags/example_external_task_marker_dag.py took 0.222 seconds
[2025-08-07T16:07:47.569+0700] {processor.py:157} INFO - Started process (PID=119979) to work on /home/dwmhr/pln/venv/lib/python3.10/site-packages/airflow/example_dags/example_external_task_marker_dag.py
[2025-08-07T16:07:47.579+0700] {processor.py:829} INFO - Processing file /home/dwmhr/pln/venv/lib/python3.10/site-packages/airflow/example_dags/example_external_task_marker_dag.py for tasks to queue
[2025-08-07T16:07:47.585+0700] {logging_mixin.py:154} INFO - [2025-08-07T16:07:47.583+0700] {dagbag.py:536} INFO - Filling up the DagBag from /home/dwmhr/pln/venv/lib/python3.10/site-packages/airflow/example_dags/example_external_task_marker_dag.py
[2025-08-07T16:07:47.661+0700] {processor.py:839} INFO - DAG(s) dict_keys(['example_external_task_marker_parent', 'example_external_task_marker_child']) retrieved from /home/dwmhr/pln/venv/lib/python3.10/site-packages/airflow/example_dags/example_external_task_marker_dag.py
[2025-08-07T16:07:47.849+0700] {logging_mixin.py:154} INFO - [2025-08-07T16:07:47.848+0700] {dag.py:2941} INFO - Sync 2 DAGs
[2025-08-07T16:07:47.954+0700] {logging_mixin.py:154} INFO - [2025-08-07T16:07:47.953+0700] {dag.py:3722} INFO - Setting next_dagrun for example_external_task_marker_child to None, run_after=None
[2025-08-07T16:07:47.983+0700] {logging_mixin.py:154} INFO - [2025-08-07T16:07:47.982+0700] {dag.py:3722} INFO - Setting next_dagrun for example_external_task_marker_parent to None, run_after=None
[2025-08-07T16:07:48.168+0700] {processor.py:179} INFO - Processing /home/dwmhr/pln/venv/lib/python3.10/site-packages/airflow/example_dags/example_external_task_marker_dag.py took 0.636 seconds
[2025-08-07T16:09:00.850+0700] {processor.py:157} INFO - Started process (PID=120370) to work on /home/dwmhr/pln/venv/lib/python3.10/site-packages/airflow/example_dags/example_external_task_marker_dag.py
[2025-08-07T16:09:00.852+0700] {processor.py:829} INFO - Processing file /home/dwmhr/pln/venv/lib/python3.10/site-packages/airflow/example_dags/example_external_task_marker_dag.py for tasks to queue
[2025-08-07T16:09:00.853+0700] {logging_mixin.py:154} INFO - [2025-08-07T16:09:00.853+0700] {dagbag.py:536} INFO - Filling up the DagBag from /home/dwmhr/pln/venv/lib/python3.10/site-packages/airflow/example_dags/example_external_task_marker_dag.py
[2025-08-07T16:09:00.861+0700] {processor.py:839} INFO - DAG(s) dict_keys(['example_external_task_marker_parent', 'example_external_task_marker_child']) retrieved from /home/dwmhr/pln/venv/lib/python3.10/site-packages/airflow/example_dags/example_external_task_marker_dag.py
[2025-08-07T16:09:00.884+0700] {logging_mixin.py:154} INFO - [2025-08-07T16:09:00.883+0700] {dag.py:2941} INFO - Sync 2 DAGs
[2025-08-07T16:09:00.895+0700] {logging_mixin.py:154} INFO - [2025-08-07T16:09:00.895+0700] {dag.py:3722} INFO - Setting next_dagrun for example_external_task_marker_child to None, run_after=None
[2025-08-07T16:09:00.899+0700] {logging_mixin.py:154} INFO - [2025-08-07T16:09:00.899+0700] {dag.py:3722} INFO - Setting next_dagrun for example_external_task_marker_parent to None, run_after=None
[2025-08-07T16:09:00.921+0700] {processor.py:179} INFO - Processing /home/dwmhr/pln/venv/lib/python3.10/site-packages/airflow/example_dags/example_external_task_marker_dag.py took 0.075 seconds
[2025-08-07T16:10:12.228+0700] {processor.py:157} INFO - Started process (PID=120688) to work on /home/dwmhr/pln/venv/lib/python3.10/site-packages/airflow/example_dags/example_external_task_marker_dag.py
[2025-08-07T16:10:12.238+0700] {processor.py:829} INFO - Processing file /home/dwmhr/pln/venv/lib/python3.10/site-packages/airflow/example_dags/example_external_task_marker_dag.py for tasks to queue
[2025-08-07T16:10:12.240+0700] {logging_mixin.py:154} INFO - [2025-08-07T16:10:12.239+0700] {dagbag.py:536} INFO - Filling up the DagBag from /home/dwmhr/pln/venv/lib/python3.10/site-packages/airflow/example_dags/example_external_task_marker_dag.py
[2025-08-07T16:10:12.252+0700] {processor.py:839} INFO - DAG(s) dict_keys(['example_external_task_marker_child', 'example_external_task_marker_parent']) retrieved from /home/dwmhr/pln/venv/lib/python3.10/site-packages/airflow/example_dags/example_external_task_marker_dag.py
[2025-08-07T16:10:12.289+0700] {logging_mixin.py:154} INFO - [2025-08-07T16:10:12.289+0700] {dag.py:2941} INFO - Sync 2 DAGs
[2025-08-07T16:10:12.306+0700] {logging_mixin.py:154} INFO - [2025-08-07T16:10:12.306+0700] {dag.py:3722} INFO - Setting next_dagrun for example_external_task_marker_child to None, run_after=None
[2025-08-07T16:10:12.311+0700] {logging_mixin.py:154} INFO - [2025-08-07T16:10:12.310+0700] {dag.py:3722} INFO - Setting next_dagrun for example_external_task_marker_parent to None, run_after=None
[2025-08-07T16:10:12.348+0700] {processor.py:179} INFO - Processing /home/dwmhr/pln/venv/lib/python3.10/site-packages/airflow/example_dags/example_external_task_marker_dag.py took 0.126 seconds
[2025-08-07T16:11:07.480+0700] {processor.py:157} INFO - Started process (PID=120995) to work on /home/dwmhr/pln/venv/lib/python3.10/site-packages/airflow/example_dags/example_external_task_marker_dag.py
[2025-08-07T16:11:07.484+0700] {processor.py:829} INFO - Processing file /home/dwmhr/pln/venv/lib/python3.10/site-packages/airflow/example_dags/example_external_task_marker_dag.py for tasks to queue
[2025-08-07T16:11:07.487+0700] {logging_mixin.py:154} INFO - [2025-08-07T16:11:07.486+0700] {dagbag.py:536} INFO - Filling up the DagBag from /home/dwmhr/pln/venv/lib/python3.10/site-packages/airflow/example_dags/example_external_task_marker_dag.py
[2025-08-07T16:11:07.509+0700] {processor.py:839} INFO - DAG(s) dict_keys(['example_external_task_marker_parent', 'example_external_task_marker_child']) retrieved from /home/dwmhr/pln/venv/lib/python3.10/site-packages/airflow/example_dags/example_external_task_marker_dag.py
[2025-08-07T16:11:07.579+0700] {logging_mixin.py:154} INFO - [2025-08-07T16:11:07.578+0700] {dag.py:2941} INFO - Sync 2 DAGs
[2025-08-07T16:11:07.618+0700] {logging_mixin.py:154} INFO - [2025-08-07T16:11:07.617+0700] {dag.py:3722} INFO - Setting next_dagrun for example_external_task_marker_child to None, run_after=None
[2025-08-07T16:11:07.630+0700] {logging_mixin.py:154} INFO - [2025-08-07T16:11:07.629+0700] {dag.py:3722} INFO - Setting next_dagrun for example_external_task_marker_parent to None, run_after=None
[2025-08-07T16:11:07.767+0700] {processor.py:179} INFO - Processing /home/dwmhr/pln/venv/lib/python3.10/site-packages/airflow/example_dags/example_external_task_marker_dag.py took 0.296 seconds
[2025-08-07T16:12:08.071+0700] {processor.py:157} INFO - Started process (PID=121310) to work on /home/dwmhr/pln/venv/lib/python3.10/site-packages/airflow/example_dags/example_external_task_marker_dag.py
[2025-08-07T16:12:08.076+0700] {processor.py:829} INFO - Processing file /home/dwmhr/pln/venv/lib/python3.10/site-packages/airflow/example_dags/example_external_task_marker_dag.py for tasks to queue
[2025-08-07T16:12:08.077+0700] {logging_mixin.py:154} INFO - [2025-08-07T16:12:08.076+0700] {dagbag.py:536} INFO - Filling up the DagBag from /home/dwmhr/pln/venv/lib/python3.10/site-packages/airflow/example_dags/example_external_task_marker_dag.py
[2025-08-07T16:12:08.084+0700] {processor.py:839} INFO - DAG(s) dict_keys(['example_external_task_marker_child', 'example_external_task_marker_parent']) retrieved from /home/dwmhr/pln/venv/lib/python3.10/site-packages/airflow/example_dags/example_external_task_marker_dag.py
[2025-08-07T16:12:08.109+0700] {logging_mixin.py:154} INFO - [2025-08-07T16:12:08.109+0700] {dag.py:2941} INFO - Sync 2 DAGs
[2025-08-07T16:12:08.121+0700] {logging_mixin.py:154} INFO - [2025-08-07T16:12:08.121+0700] {dag.py:3722} INFO - Setting next_dagrun for example_external_task_marker_child to None, run_after=None
[2025-08-07T16:12:08.127+0700] {logging_mixin.py:154} INFO - [2025-08-07T16:12:08.127+0700] {dag.py:3722} INFO - Setting next_dagrun for example_external_task_marker_parent to None, run_after=None
[2025-08-07T16:12:08.159+0700] {processor.py:179} INFO - Processing /home/dwmhr/pln/venv/lib/python3.10/site-packages/airflow/example_dags/example_external_task_marker_dag.py took 0.092 seconds
[2025-08-07T16:12:59.624+0700] {processor.py:157} INFO - Started process (PID=121588) to work on /home/dwmhr/pln/venv/lib/python3.10/site-packages/airflow/example_dags/example_external_task_marker_dag.py
[2025-08-07T16:12:59.629+0700] {processor.py:829} INFO - Processing file /home/dwmhr/pln/venv/lib/python3.10/site-packages/airflow/example_dags/example_external_task_marker_dag.py for tasks to queue
[2025-08-07T16:12:59.633+0700] {logging_mixin.py:154} INFO - [2025-08-07T16:12:59.632+0700] {dagbag.py:536} INFO - Filling up the DagBag from /home/dwmhr/pln/venv/lib/python3.10/site-packages/airflow/example_dags/example_external_task_marker_dag.py
[2025-08-07T16:12:59.657+0700] {processor.py:839} INFO - DAG(s) dict_keys(['example_external_task_marker_child', 'example_external_task_marker_parent']) retrieved from /home/dwmhr/pln/venv/lib/python3.10/site-packages/airflow/example_dags/example_external_task_marker_dag.py
[2025-08-07T16:12:59.733+0700] {logging_mixin.py:154} INFO - [2025-08-07T16:12:59.732+0700] {dag.py:2941} INFO - Sync 2 DAGs
[2025-08-07T16:12:59.776+0700] {logging_mixin.py:154} INFO - [2025-08-07T16:12:59.776+0700] {dag.py:3722} INFO - Setting next_dagrun for example_external_task_marker_child to None, run_after=None
[2025-08-07T16:12:59.785+0700] {logging_mixin.py:154} INFO - [2025-08-07T16:12:59.785+0700] {dag.py:3722} INFO - Setting next_dagrun for example_external_task_marker_parent to None, run_after=None
[2025-08-07T16:12:59.847+0700] {processor.py:179} INFO - Processing /home/dwmhr/pln/venv/lib/python3.10/site-packages/airflow/example_dags/example_external_task_marker_dag.py took 0.234 seconds
[2025-08-07T16:13:44.065+0700] {processor.py:157} INFO - Started process (PID=121801) to work on /home/dwmhr/pln/venv/lib/python3.10/site-packages/airflow/example_dags/example_external_task_marker_dag.py
[2025-08-07T16:13:44.070+0700] {processor.py:829} INFO - Processing file /home/dwmhr/pln/venv/lib/python3.10/site-packages/airflow/example_dags/example_external_task_marker_dag.py for tasks to queue
[2025-08-07T16:13:44.074+0700] {logging_mixin.py:154} INFO - [2025-08-07T16:13:44.072+0700] {dagbag.py:536} INFO - Filling up the DagBag from /home/dwmhr/pln/venv/lib/python3.10/site-packages/airflow/example_dags/example_external_task_marker_dag.py
[2025-08-07T16:13:44.103+0700] {processor.py:839} INFO - DAG(s) dict_keys(['example_external_task_marker_child', 'example_external_task_marker_parent']) retrieved from /home/dwmhr/pln/venv/lib/python3.10/site-packages/airflow/example_dags/example_external_task_marker_dag.py
[2025-08-07T16:13:44.232+0700] {logging_mixin.py:154} INFO - [2025-08-07T16:13:44.231+0700] {dag.py:2941} INFO - Sync 2 DAGs
[2025-08-07T16:13:44.322+0700] {logging_mixin.py:154} INFO - [2025-08-07T16:13:44.321+0700] {dag.py:3722} INFO - Setting next_dagrun for example_external_task_marker_child to None, run_after=None
[2025-08-07T16:13:44.335+0700] {logging_mixin.py:154} INFO - [2025-08-07T16:13:44.334+0700] {dag.py:3722} INFO - Setting next_dagrun for example_external_task_marker_parent to None, run_after=None
[2025-08-07T16:13:44.422+0700] {processor.py:179} INFO - Processing /home/dwmhr/pln/venv/lib/python3.10/site-packages/airflow/example_dags/example_external_task_marker_dag.py took 0.372 seconds
[2025-08-07T16:14:39.607+0700] {processor.py:157} INFO - Started process (PID=122088) to work on /home/dwmhr/pln/venv/lib/python3.10/site-packages/airflow/example_dags/example_external_task_marker_dag.py
[2025-08-07T16:14:39.612+0700] {processor.py:829} INFO - Processing file /home/dwmhr/pln/venv/lib/python3.10/site-packages/airflow/example_dags/example_external_task_marker_dag.py for tasks to queue
[2025-08-07T16:14:39.614+0700] {logging_mixin.py:154} INFO - [2025-08-07T16:14:39.613+0700] {dagbag.py:536} INFO - Filling up the DagBag from /home/dwmhr/pln/venv/lib/python3.10/site-packages/airflow/example_dags/example_external_task_marker_dag.py
[2025-08-07T16:14:39.633+0700] {processor.py:839} INFO - DAG(s) dict_keys(['example_external_task_marker_child', 'example_external_task_marker_parent']) retrieved from /home/dwmhr/pln/venv/lib/python3.10/site-packages/airflow/example_dags/example_external_task_marker_dag.py
[2025-08-07T16:14:39.695+0700] {logging_mixin.py:154} INFO - [2025-08-07T16:14:39.695+0700] {dag.py:2941} INFO - Sync 2 DAGs
[2025-08-07T16:14:39.736+0700] {logging_mixin.py:154} INFO - [2025-08-07T16:14:39.735+0700] {dag.py:3722} INFO - Setting next_dagrun for example_external_task_marker_child to None, run_after=None
[2025-08-07T16:14:39.743+0700] {logging_mixin.py:154} INFO - [2025-08-07T16:14:39.743+0700] {dag.py:3722} INFO - Setting next_dagrun for example_external_task_marker_parent to None, run_after=None
[2025-08-07T16:14:39.804+0700] {processor.py:179} INFO - Processing /home/dwmhr/pln/venv/lib/python3.10/site-packages/airflow/example_dags/example_external_task_marker_dag.py took 0.209 seconds
[2025-08-07T16:15:48.340+0700] {processor.py:157} INFO - Started process (PID=122479) to work on /home/dwmhr/pln/venv/lib/python3.10/site-packages/airflow/example_dags/example_external_task_marker_dag.py
[2025-08-07T16:15:48.344+0700] {processor.py:829} INFO - Processing file /home/dwmhr/pln/venv/lib/python3.10/site-packages/airflow/example_dags/example_external_task_marker_dag.py for tasks to queue
[2025-08-07T16:15:48.346+0700] {logging_mixin.py:154} INFO - [2025-08-07T16:15:48.345+0700] {dagbag.py:536} INFO - Filling up the DagBag from /home/dwmhr/pln/venv/lib/python3.10/site-packages/airflow/example_dags/example_external_task_marker_dag.py
[2025-08-07T16:15:48.364+0700] {processor.py:839} INFO - DAG(s) dict_keys(['example_external_task_marker_parent', 'example_external_task_marker_child']) retrieved from /home/dwmhr/pln/venv/lib/python3.10/site-packages/airflow/example_dags/example_external_task_marker_dag.py
[2025-08-07T16:15:48.412+0700] {logging_mixin.py:154} INFO - [2025-08-07T16:15:48.412+0700] {dag.py:2941} INFO - Sync 2 DAGs
[2025-08-07T16:15:48.444+0700] {logging_mixin.py:154} INFO - [2025-08-07T16:15:48.443+0700] {dag.py:3722} INFO - Setting next_dagrun for example_external_task_marker_child to None, run_after=None
[2025-08-07T16:15:48.453+0700] {logging_mixin.py:154} INFO - [2025-08-07T16:15:48.452+0700] {dag.py:3722} INFO - Setting next_dagrun for example_external_task_marker_parent to None, run_after=None
[2025-08-07T16:15:48.509+0700] {processor.py:179} INFO - Processing /home/dwmhr/pln/venv/lib/python3.10/site-packages/airflow/example_dags/example_external_task_marker_dag.py took 0.183 seconds
[2025-08-07T16:16:52.929+0700] {processor.py:157} INFO - Started process (PID=122791) to work on /home/dwmhr/pln/venv/lib/python3.10/site-packages/airflow/example_dags/example_external_task_marker_dag.py
[2025-08-07T16:16:52.932+0700] {processor.py:829} INFO - Processing file /home/dwmhr/pln/venv/lib/python3.10/site-packages/airflow/example_dags/example_external_task_marker_dag.py for tasks to queue
[2025-08-07T16:16:52.934+0700] {logging_mixin.py:154} INFO - [2025-08-07T16:16:52.933+0700] {dagbag.py:536} INFO - Filling up the DagBag from /home/dwmhr/pln/venv/lib/python3.10/site-packages/airflow/example_dags/example_external_task_marker_dag.py
[2025-08-07T16:16:52.950+0700] {processor.py:839} INFO - DAG(s) dict_keys(['example_external_task_marker_child', 'example_external_task_marker_parent']) retrieved from /home/dwmhr/pln/venv/lib/python3.10/site-packages/airflow/example_dags/example_external_task_marker_dag.py
[2025-08-07T16:16:52.994+0700] {logging_mixin.py:154} INFO - [2025-08-07T16:16:52.993+0700] {dag.py:2941} INFO - Sync 2 DAGs
[2025-08-07T16:16:53.022+0700] {logging_mixin.py:154} INFO - [2025-08-07T16:16:53.021+0700] {dag.py:3722} INFO - Setting next_dagrun for example_external_task_marker_child to None, run_after=None
[2025-08-07T16:16:53.028+0700] {logging_mixin.py:154} INFO - [2025-08-07T16:16:53.027+0700] {dag.py:3722} INFO - Setting next_dagrun for example_external_task_marker_parent to None, run_after=None
[2025-08-07T16:16:53.078+0700] {processor.py:179} INFO - Processing /home/dwmhr/pln/venv/lib/python3.10/site-packages/airflow/example_dags/example_external_task_marker_dag.py took 0.157 seconds
[2025-08-07T16:17:56.240+0700] {processor.py:157} INFO - Started process (PID=123097) to work on /home/dwmhr/pln/venv/lib/python3.10/site-packages/airflow/example_dags/example_external_task_marker_dag.py
[2025-08-07T16:17:56.244+0700] {processor.py:829} INFO - Processing file /home/dwmhr/pln/venv/lib/python3.10/site-packages/airflow/example_dags/example_external_task_marker_dag.py for tasks to queue
[2025-08-07T16:17:56.247+0700] {logging_mixin.py:154} INFO - [2025-08-07T16:17:56.246+0700] {dagbag.py:536} INFO - Filling up the DagBag from /home/dwmhr/pln/venv/lib/python3.10/site-packages/airflow/example_dags/example_external_task_marker_dag.py
[2025-08-07T16:17:56.266+0700] {processor.py:839} INFO - DAG(s) dict_keys(['example_external_task_marker_child', 'example_external_task_marker_parent']) retrieved from /home/dwmhr/pln/venv/lib/python3.10/site-packages/airflow/example_dags/example_external_task_marker_dag.py
[2025-08-07T16:17:56.327+0700] {logging_mixin.py:154} INFO - [2025-08-07T16:17:56.326+0700] {dag.py:2941} INFO - Sync 2 DAGs
[2025-08-07T16:17:56.377+0700] {logging_mixin.py:154} INFO - [2025-08-07T16:17:56.377+0700] {dag.py:3722} INFO - Setting next_dagrun for example_external_task_marker_child to None, run_after=None
[2025-08-07T16:17:56.386+0700] {logging_mixin.py:154} INFO - [2025-08-07T16:17:56.386+0700] {dag.py:3722} INFO - Setting next_dagrun for example_external_task_marker_parent to None, run_after=None
[2025-08-07T16:17:56.450+0700] {processor.py:179} INFO - Processing /home/dwmhr/pln/venv/lib/python3.10/site-packages/airflow/example_dags/example_external_task_marker_dag.py took 0.223 seconds
[2025-08-07T16:18:48.923+0700] {processor.py:157} INFO - Started process (PID=123380) to work on /home/dwmhr/pln/venv/lib/python3.10/site-packages/airflow/example_dags/example_external_task_marker_dag.py
[2025-08-07T16:18:48.925+0700] {processor.py:829} INFO - Processing file /home/dwmhr/pln/venv/lib/python3.10/site-packages/airflow/example_dags/example_external_task_marker_dag.py for tasks to queue
[2025-08-07T16:18:48.925+0700] {logging_mixin.py:154} INFO - [2025-08-07T16:18:48.925+0700] {dagbag.py:536} INFO - Filling up the DagBag from /home/dwmhr/pln/venv/lib/python3.10/site-packages/airflow/example_dags/example_external_task_marker_dag.py
[2025-08-07T16:18:48.930+0700] {processor.py:839} INFO - DAG(s) dict_keys(['example_external_task_marker_parent', 'example_external_task_marker_child']) retrieved from /home/dwmhr/pln/venv/lib/python3.10/site-packages/airflow/example_dags/example_external_task_marker_dag.py
[2025-08-07T16:18:48.945+0700] {logging_mixin.py:154} INFO - [2025-08-07T16:18:48.945+0700] {dag.py:2941} INFO - Sync 2 DAGs
[2025-08-07T16:18:48.953+0700] {logging_mixin.py:154} INFO - [2025-08-07T16:18:48.953+0700] {dag.py:3722} INFO - Setting next_dagrun for example_external_task_marker_child to None, run_after=None
[2025-08-07T16:18:48.955+0700] {logging_mixin.py:154} INFO - [2025-08-07T16:18:48.954+0700] {dag.py:3722} INFO - Setting next_dagrun for example_external_task_marker_parent to None, run_after=None
[2025-08-07T16:18:48.970+0700] {processor.py:179} INFO - Processing /home/dwmhr/pln/venv/lib/python3.10/site-packages/airflow/example_dags/example_external_task_marker_dag.py took 0.050 seconds
[2025-08-07T16:27:11.085+0700] {processor.py:157} INFO - Started process (PID=125514) to work on /home/dwmhr/pln/venv/lib/python3.10/site-packages/airflow/example_dags/example_external_task_marker_dag.py
[2025-08-07T16:27:11.087+0700] {processor.py:829} INFO - Processing file /home/dwmhr/pln/venv/lib/python3.10/site-packages/airflow/example_dags/example_external_task_marker_dag.py for tasks to queue
[2025-08-07T16:27:11.088+0700] {logging_mixin.py:154} INFO - [2025-08-07T16:27:11.088+0700] {dagbag.py:536} INFO - Filling up the DagBag from /home/dwmhr/pln/venv/lib/python3.10/site-packages/airflow/example_dags/example_external_task_marker_dag.py
[2025-08-07T16:27:11.094+0700] {processor.py:839} INFO - DAG(s) dict_keys(['example_external_task_marker_child', 'example_external_task_marker_parent']) retrieved from /home/dwmhr/pln/venv/lib/python3.10/site-packages/airflow/example_dags/example_external_task_marker_dag.py
[2025-08-07T16:27:11.113+0700] {logging_mixin.py:154} INFO - [2025-08-07T16:27:11.113+0700] {dag.py:2941} INFO - Sync 2 DAGs
[2025-08-07T16:27:11.124+0700] {logging_mixin.py:154} INFO - [2025-08-07T16:27:11.124+0700] {dag.py:3722} INFO - Setting next_dagrun for example_external_task_marker_child to None, run_after=None
[2025-08-07T16:27:11.128+0700] {logging_mixin.py:154} INFO - [2025-08-07T16:27:11.128+0700] {dag.py:3722} INFO - Setting next_dagrun for example_external_task_marker_parent to None, run_after=None
[2025-08-07T16:27:11.258+0700] {processor.py:179} INFO - Processing /home/dwmhr/pln/venv/lib/python3.10/site-packages/airflow/example_dags/example_external_task_marker_dag.py took 0.176 seconds
[2025-08-07T16:28:33.511+0700] {processor.py:157} INFO - Started process (PID=125879) to work on /home/dwmhr/pln/venv/lib/python3.10/site-packages/airflow/example_dags/example_external_task_marker_dag.py
[2025-08-07T16:28:33.514+0700] {processor.py:829} INFO - Processing file /home/dwmhr/pln/venv/lib/python3.10/site-packages/airflow/example_dags/example_external_task_marker_dag.py for tasks to queue
[2025-08-07T16:28:33.515+0700] {logging_mixin.py:154} INFO - [2025-08-07T16:28:33.514+0700] {dagbag.py:536} INFO - Filling up the DagBag from /home/dwmhr/pln/venv/lib/python3.10/site-packages/airflow/example_dags/example_external_task_marker_dag.py
[2025-08-07T16:28:33.520+0700] {processor.py:839} INFO - DAG(s) dict_keys(['example_external_task_marker_child', 'example_external_task_marker_parent']) retrieved from /home/dwmhr/pln/venv/lib/python3.10/site-packages/airflow/example_dags/example_external_task_marker_dag.py
[2025-08-07T16:28:33.537+0700] {logging_mixin.py:154} INFO - [2025-08-07T16:28:33.536+0700] {dag.py:2941} INFO - Sync 2 DAGs
[2025-08-07T16:28:33.545+0700] {logging_mixin.py:154} INFO - [2025-08-07T16:28:33.545+0700] {dag.py:3722} INFO - Setting next_dagrun for example_external_task_marker_child to None, run_after=None
[2025-08-07T16:28:33.547+0700] {logging_mixin.py:154} INFO - [2025-08-07T16:28:33.547+0700] {dag.py:3722} INFO - Setting next_dagrun for example_external_task_marker_parent to None, run_after=None
[2025-08-07T16:28:33.565+0700] {processor.py:179} INFO - Processing /home/dwmhr/pln/venv/lib/python3.10/site-packages/airflow/example_dags/example_external_task_marker_dag.py took 0.057 seconds
[2025-08-07T16:29:30.689+0700] {processor.py:157} INFO - Started process (PID=126162) to work on /home/dwmhr/pln/venv/lib/python3.10/site-packages/airflow/example_dags/example_external_task_marker_dag.py
[2025-08-07T16:29:30.694+0700] {processor.py:829} INFO - Processing file /home/dwmhr/pln/venv/lib/python3.10/site-packages/airflow/example_dags/example_external_task_marker_dag.py for tasks to queue
[2025-08-07T16:29:30.695+0700] {logging_mixin.py:154} INFO - [2025-08-07T16:29:30.695+0700] {dagbag.py:536} INFO - Filling up the DagBag from /home/dwmhr/pln/venv/lib/python3.10/site-packages/airflow/example_dags/example_external_task_marker_dag.py
[2025-08-07T16:29:30.701+0700] {processor.py:839} INFO - DAG(s) dict_keys(['example_external_task_marker_child', 'example_external_task_marker_parent']) retrieved from /home/dwmhr/pln/venv/lib/python3.10/site-packages/airflow/example_dags/example_external_task_marker_dag.py
[2025-08-07T16:29:30.721+0700] {logging_mixin.py:154} INFO - [2025-08-07T16:29:30.721+0700] {dag.py:2941} INFO - Sync 2 DAGs
[2025-08-07T16:29:30.855+0700] {logging_mixin.py:154} INFO - [2025-08-07T16:29:30.854+0700] {dag.py:3722} INFO - Setting next_dagrun for example_external_task_marker_child to None, run_after=None
[2025-08-07T16:29:30.858+0700] {logging_mixin.py:154} INFO - [2025-08-07T16:29:30.858+0700] {dag.py:3722} INFO - Setting next_dagrun for example_external_task_marker_parent to None, run_after=None
[2025-08-07T16:29:30.887+0700] {processor.py:179} INFO - Processing /home/dwmhr/pln/venv/lib/python3.10/site-packages/airflow/example_dags/example_external_task_marker_dag.py took 0.202 seconds
[2025-08-07T16:30:34.429+0700] {processor.py:157} INFO - Started process (PID=126485) to work on /home/dwmhr/pln/venv/lib/python3.10/site-packages/airflow/example_dags/example_external_task_marker_dag.py
[2025-08-07T16:30:34.431+0700] {processor.py:829} INFO - Processing file /home/dwmhr/pln/venv/lib/python3.10/site-packages/airflow/example_dags/example_external_task_marker_dag.py for tasks to queue
[2025-08-07T16:30:34.433+0700] {logging_mixin.py:154} INFO - [2025-08-07T16:30:34.432+0700] {dagbag.py:536} INFO - Filling up the DagBag from /home/dwmhr/pln/venv/lib/python3.10/site-packages/airflow/example_dags/example_external_task_marker_dag.py
[2025-08-07T16:30:34.443+0700] {processor.py:839} INFO - DAG(s) dict_keys(['example_external_task_marker_child', 'example_external_task_marker_parent']) retrieved from /home/dwmhr/pln/venv/lib/python3.10/site-packages/airflow/example_dags/example_external_task_marker_dag.py
[2025-08-07T16:30:34.478+0700] {logging_mixin.py:154} INFO - [2025-08-07T16:30:34.478+0700] {dag.py:2941} INFO - Sync 2 DAGs
[2025-08-07T16:30:34.497+0700] {logging_mixin.py:154} INFO - [2025-08-07T16:30:34.496+0700] {dag.py:3722} INFO - Setting next_dagrun for example_external_task_marker_child to None, run_after=None
[2025-08-07T16:30:34.503+0700] {logging_mixin.py:154} INFO - [2025-08-07T16:30:34.503+0700] {dag.py:3722} INFO - Setting next_dagrun for example_external_task_marker_parent to None, run_after=None
[2025-08-07T16:30:34.547+0700] {processor.py:179} INFO - Processing /home/dwmhr/pln/venv/lib/python3.10/site-packages/airflow/example_dags/example_external_task_marker_dag.py took 0.123 seconds
[2025-08-07T16:31:29.550+0700] {processor.py:157} INFO - Started process (PID=126752) to work on /home/dwmhr/pln/venv/lib/python3.10/site-packages/airflow/example_dags/example_external_task_marker_dag.py
[2025-08-07T16:31:29.557+0700] {processor.py:829} INFO - Processing file /home/dwmhr/pln/venv/lib/python3.10/site-packages/airflow/example_dags/example_external_task_marker_dag.py for tasks to queue
[2025-08-07T16:31:29.562+0700] {logging_mixin.py:154} INFO - [2025-08-07T16:31:29.560+0700] {dagbag.py:536} INFO - Filling up the DagBag from /home/dwmhr/pln/venv/lib/python3.10/site-packages/airflow/example_dags/example_external_task_marker_dag.py
[2025-08-07T16:31:29.620+0700] {processor.py:839} INFO - DAG(s) dict_keys(['example_external_task_marker_parent', 'example_external_task_marker_child']) retrieved from /home/dwmhr/pln/venv/lib/python3.10/site-packages/airflow/example_dags/example_external_task_marker_dag.py
[2025-08-07T16:31:29.794+0700] {logging_mixin.py:154} INFO - [2025-08-07T16:31:29.793+0700] {dag.py:2941} INFO - Sync 2 DAGs
[2025-08-07T16:31:29.936+0700] {logging_mixin.py:154} INFO - [2025-08-07T16:31:29.934+0700] {dag.py:3722} INFO - Setting next_dagrun for example_external_task_marker_child to None, run_after=None
[2025-08-07T16:31:29.956+0700] {logging_mixin.py:154} INFO - [2025-08-07T16:31:29.955+0700] {dag.py:3722} INFO - Setting next_dagrun for example_external_task_marker_parent to None, run_after=None
[2025-08-07T16:31:30.151+0700] {processor.py:179} INFO - Processing /home/dwmhr/pln/venv/lib/python3.10/site-packages/airflow/example_dags/example_external_task_marker_dag.py took 0.631 seconds
[2025-08-07T16:33:13.246+0700] {processor.py:157} INFO - Started process (PID=127180) to work on /home/dwmhr/pln/venv/lib/python3.10/site-packages/airflow/example_dags/example_external_task_marker_dag.py
[2025-08-07T16:33:13.250+0700] {processor.py:829} INFO - Processing file /home/dwmhr/pln/venv/lib/python3.10/site-packages/airflow/example_dags/example_external_task_marker_dag.py for tasks to queue
[2025-08-07T16:33:13.253+0700] {logging_mixin.py:154} INFO - [2025-08-07T16:33:13.252+0700] {dagbag.py:536} INFO - Filling up the DagBag from /home/dwmhr/pln/venv/lib/python3.10/site-packages/airflow/example_dags/example_external_task_marker_dag.py
[2025-08-07T16:33:13.278+0700] {processor.py:839} INFO - DAG(s) dict_keys(['example_external_task_marker_parent', 'example_external_task_marker_child']) retrieved from /home/dwmhr/pln/venv/lib/python3.10/site-packages/airflow/example_dags/example_external_task_marker_dag.py
[2025-08-07T16:33:13.353+0700] {logging_mixin.py:154} INFO - [2025-08-07T16:33:13.352+0700] {dag.py:2941} INFO - Sync 2 DAGs
[2025-08-07T16:33:13.402+0700] {logging_mixin.py:154} INFO - [2025-08-07T16:33:13.401+0700] {dag.py:3722} INFO - Setting next_dagrun for example_external_task_marker_child to None, run_after=None
[2025-08-07T16:33:13.413+0700] {logging_mixin.py:154} INFO - [2025-08-07T16:33:13.412+0700] {dag.py:3722} INFO - Setting next_dagrun for example_external_task_marker_parent to None, run_after=None
[2025-08-07T16:33:13.483+0700] {processor.py:179} INFO - Processing /home/dwmhr/pln/venv/lib/python3.10/site-packages/airflow/example_dags/example_external_task_marker_dag.py took 0.248 seconds
[2025-08-07T16:34:43.247+0700] {processor.py:157} INFO - Started process (PID=127547) to work on /home/dwmhr/pln/venv/lib/python3.10/site-packages/airflow/example_dags/example_external_task_marker_dag.py
[2025-08-07T16:34:43.251+0700] {processor.py:829} INFO - Processing file /home/dwmhr/pln/venv/lib/python3.10/site-packages/airflow/example_dags/example_external_task_marker_dag.py for tasks to queue
[2025-08-07T16:34:43.252+0700] {logging_mixin.py:154} INFO - [2025-08-07T16:34:43.252+0700] {dagbag.py:536} INFO - Filling up the DagBag from /home/dwmhr/pln/venv/lib/python3.10/site-packages/airflow/example_dags/example_external_task_marker_dag.py
[2025-08-07T16:34:43.259+0700] {processor.py:839} INFO - DAG(s) dict_keys(['example_external_task_marker_parent', 'example_external_task_marker_child']) retrieved from /home/dwmhr/pln/venv/lib/python3.10/site-packages/airflow/example_dags/example_external_task_marker_dag.py
[2025-08-07T16:34:43.281+0700] {logging_mixin.py:154} INFO - [2025-08-07T16:34:43.280+0700] {dag.py:2941} INFO - Sync 2 DAGs
[2025-08-07T16:34:43.292+0700] {logging_mixin.py:154} INFO - [2025-08-07T16:34:43.292+0700] {dag.py:3722} INFO - Setting next_dagrun for example_external_task_marker_child to None, run_after=None
[2025-08-07T16:34:43.295+0700] {logging_mixin.py:154} INFO - [2025-08-07T16:34:43.294+0700] {dag.py:3722} INFO - Setting next_dagrun for example_external_task_marker_parent to None, run_after=None
[2025-08-07T16:34:43.320+0700] {processor.py:179} INFO - Processing /home/dwmhr/pln/venv/lib/python3.10/site-packages/airflow/example_dags/example_external_task_marker_dag.py took 0.077 seconds
[2025-08-07T16:35:37.889+0700] {processor.py:157} INFO - Started process (PID=127786) to work on /home/dwmhr/pln/venv/lib/python3.10/site-packages/airflow/example_dags/example_external_task_marker_dag.py
[2025-08-07T16:35:37.892+0700] {processor.py:829} INFO - Processing file /home/dwmhr/pln/venv/lib/python3.10/site-packages/airflow/example_dags/example_external_task_marker_dag.py for tasks to queue
[2025-08-07T16:35:37.893+0700] {logging_mixin.py:154} INFO - [2025-08-07T16:35:37.893+0700] {dagbag.py:536} INFO - Filling up the DagBag from /home/dwmhr/pln/venv/lib/python3.10/site-packages/airflow/example_dags/example_external_task_marker_dag.py
[2025-08-07T16:35:37.899+0700] {processor.py:839} INFO - DAG(s) dict_keys(['example_external_task_marker_child', 'example_external_task_marker_parent']) retrieved from /home/dwmhr/pln/venv/lib/python3.10/site-packages/airflow/example_dags/example_external_task_marker_dag.py
[2025-08-07T16:35:37.916+0700] {logging_mixin.py:154} INFO - [2025-08-07T16:35:37.916+0700] {dag.py:2941} INFO - Sync 2 DAGs
[2025-08-07T16:35:37.925+0700] {logging_mixin.py:154} INFO - [2025-08-07T16:35:37.925+0700] {dag.py:3722} INFO - Setting next_dagrun for example_external_task_marker_child to None, run_after=None
[2025-08-07T16:35:37.928+0700] {logging_mixin.py:154} INFO - [2025-08-07T16:35:37.928+0700] {dag.py:3722} INFO - Setting next_dagrun for example_external_task_marker_parent to None, run_after=None
[2025-08-07T16:35:37.947+0700] {processor.py:179} INFO - Processing /home/dwmhr/pln/venv/lib/python3.10/site-packages/airflow/example_dags/example_external_task_marker_dag.py took 0.061 seconds
[2025-08-07T16:36:32.177+0700] {processor.py:157} INFO - Started process (PID=128023) to work on /home/dwmhr/pln/venv/lib/python3.10/site-packages/airflow/example_dags/example_external_task_marker_dag.py
[2025-08-07T16:36:32.181+0700] {processor.py:829} INFO - Processing file /home/dwmhr/pln/venv/lib/python3.10/site-packages/airflow/example_dags/example_external_task_marker_dag.py for tasks to queue
[2025-08-07T16:36:32.182+0700] {logging_mixin.py:154} INFO - [2025-08-07T16:36:32.181+0700] {dagbag.py:536} INFO - Filling up the DagBag from /home/dwmhr/pln/venv/lib/python3.10/site-packages/airflow/example_dags/example_external_task_marker_dag.py
[2025-08-07T16:36:32.188+0700] {processor.py:839} INFO - DAG(s) dict_keys(['example_external_task_marker_child', 'example_external_task_marker_parent']) retrieved from /home/dwmhr/pln/venv/lib/python3.10/site-packages/airflow/example_dags/example_external_task_marker_dag.py
[2025-08-07T16:36:32.208+0700] {logging_mixin.py:154} INFO - [2025-08-07T16:36:32.208+0700] {dag.py:2941} INFO - Sync 2 DAGs
[2025-08-07T16:36:32.219+0700] {logging_mixin.py:154} INFO - [2025-08-07T16:36:32.219+0700] {dag.py:3722} INFO - Setting next_dagrun for example_external_task_marker_child to None, run_after=None
[2025-08-07T16:36:32.222+0700] {logging_mixin.py:154} INFO - [2025-08-07T16:36:32.222+0700] {dag.py:3722} INFO - Setting next_dagrun for example_external_task_marker_parent to None, run_after=None
[2025-08-07T16:36:32.248+0700] {processor.py:179} INFO - Processing /home/dwmhr/pln/venv/lib/python3.10/site-packages/airflow/example_dags/example_external_task_marker_dag.py took 0.074 seconds
[2025-08-07T16:37:35.814+0700] {processor.py:157} INFO - Started process (PID=128286) to work on /home/dwmhr/pln/venv/lib/python3.10/site-packages/airflow/example_dags/example_external_task_marker_dag.py
[2025-08-07T16:37:35.817+0700] {processor.py:829} INFO - Processing file /home/dwmhr/pln/venv/lib/python3.10/site-packages/airflow/example_dags/example_external_task_marker_dag.py for tasks to queue
[2025-08-07T16:37:35.819+0700] {logging_mixin.py:154} INFO - [2025-08-07T16:37:35.818+0700] {dagbag.py:536} INFO - Filling up the DagBag from /home/dwmhr/pln/venv/lib/python3.10/site-packages/airflow/example_dags/example_external_task_marker_dag.py
[2025-08-07T16:37:35.831+0700] {processor.py:839} INFO - DAG(s) dict_keys(['example_external_task_marker_parent', 'example_external_task_marker_child']) retrieved from /home/dwmhr/pln/venv/lib/python3.10/site-packages/airflow/example_dags/example_external_task_marker_dag.py
[2025-08-07T16:37:35.870+0700] {logging_mixin.py:154} INFO - [2025-08-07T16:37:35.869+0700] {dag.py:2941} INFO - Sync 2 DAGs
[2025-08-07T16:37:35.893+0700] {logging_mixin.py:154} INFO - [2025-08-07T16:37:35.893+0700] {dag.py:3722} INFO - Setting next_dagrun for example_external_task_marker_child to None, run_after=None
[2025-08-07T16:37:35.899+0700] {logging_mixin.py:154} INFO - [2025-08-07T16:37:35.898+0700] {dag.py:3722} INFO - Setting next_dagrun for example_external_task_marker_parent to None, run_after=None
[2025-08-07T16:37:35.945+0700] {processor.py:179} INFO - Processing /home/dwmhr/pln/venv/lib/python3.10/site-packages/airflow/example_dags/example_external_task_marker_dag.py took 0.138 seconds
[2025-08-07T16:38:41.726+0700] {processor.py:157} INFO - Started process (PID=128557) to work on /home/dwmhr/pln/venv/lib/python3.10/site-packages/airflow/example_dags/example_external_task_marker_dag.py
[2025-08-07T16:38:41.731+0700] {processor.py:829} INFO - Processing file /home/dwmhr/pln/venv/lib/python3.10/site-packages/airflow/example_dags/example_external_task_marker_dag.py for tasks to queue
[2025-08-07T16:38:41.735+0700] {logging_mixin.py:154} INFO - [2025-08-07T16:38:41.733+0700] {dagbag.py:536} INFO - Filling up the DagBag from /home/dwmhr/pln/venv/lib/python3.10/site-packages/airflow/example_dags/example_external_task_marker_dag.py
[2025-08-07T16:38:41.762+0700] {processor.py:839} INFO - DAG(s) dict_keys(['example_external_task_marker_parent', 'example_external_task_marker_child']) retrieved from /home/dwmhr/pln/venv/lib/python3.10/site-packages/airflow/example_dags/example_external_task_marker_dag.py
[2025-08-07T16:38:41.878+0700] {logging_mixin.py:154} INFO - [2025-08-07T16:38:41.877+0700] {dag.py:2941} INFO - Sync 2 DAGs
[2025-08-07T16:38:41.950+0700] {logging_mixin.py:154} INFO - [2025-08-07T16:38:41.949+0700] {dag.py:3722} INFO - Setting next_dagrun for example_external_task_marker_child to None, run_after=None
[2025-08-07T16:38:41.966+0700] {logging_mixin.py:154} INFO - [2025-08-07T16:38:41.965+0700] {dag.py:3722} INFO - Setting next_dagrun for example_external_task_marker_parent to None, run_after=None
[2025-08-07T16:38:42.089+0700] {processor.py:179} INFO - Processing /home/dwmhr/pln/venv/lib/python3.10/site-packages/airflow/example_dags/example_external_task_marker_dag.py took 0.380 seconds
[2025-08-07T16:39:34.154+0700] {processor.py:157} INFO - Started process (PID=128770) to work on /home/dwmhr/pln/venv/lib/python3.10/site-packages/airflow/example_dags/example_external_task_marker_dag.py
[2025-08-07T16:39:34.157+0700] {processor.py:829} INFO - Processing file /home/dwmhr/pln/venv/lib/python3.10/site-packages/airflow/example_dags/example_external_task_marker_dag.py for tasks to queue
[2025-08-07T16:39:34.158+0700] {logging_mixin.py:154} INFO - [2025-08-07T16:39:34.158+0700] {dagbag.py:536} INFO - Filling up the DagBag from /home/dwmhr/pln/venv/lib/python3.10/site-packages/airflow/example_dags/example_external_task_marker_dag.py
[2025-08-07T16:39:34.170+0700] {processor.py:839} INFO - DAG(s) dict_keys(['example_external_task_marker_parent', 'example_external_task_marker_child']) retrieved from /home/dwmhr/pln/venv/lib/python3.10/site-packages/airflow/example_dags/example_external_task_marker_dag.py
[2025-08-07T16:39:34.206+0700] {logging_mixin.py:154} INFO - [2025-08-07T16:39:34.205+0700] {dag.py:2941} INFO - Sync 2 DAGs
[2025-08-07T16:39:34.226+0700] {logging_mixin.py:154} INFO - [2025-08-07T16:39:34.226+0700] {dag.py:3722} INFO - Setting next_dagrun for example_external_task_marker_child to None, run_after=None
[2025-08-07T16:39:34.231+0700] {logging_mixin.py:154} INFO - [2025-08-07T16:39:34.231+0700] {dag.py:3722} INFO - Setting next_dagrun for example_external_task_marker_parent to None, run_after=None
[2025-08-07T16:39:34.267+0700] {processor.py:179} INFO - Processing /home/dwmhr/pln/venv/lib/python3.10/site-packages/airflow/example_dags/example_external_task_marker_dag.py took 0.119 seconds
[2025-08-07T16:40:48.308+0700] {processor.py:157} INFO - Started process (PID=129043) to work on /home/dwmhr/pln/venv/lib/python3.10/site-packages/airflow/example_dags/example_external_task_marker_dag.py
[2025-08-07T16:40:48.310+0700] {processor.py:829} INFO - Processing file /home/dwmhr/pln/venv/lib/python3.10/site-packages/airflow/example_dags/example_external_task_marker_dag.py for tasks to queue
[2025-08-07T16:40:48.311+0700] {logging_mixin.py:154} INFO - [2025-08-07T16:40:48.311+0700] {dagbag.py:536} INFO - Filling up the DagBag from /home/dwmhr/pln/venv/lib/python3.10/site-packages/airflow/example_dags/example_external_task_marker_dag.py
[2025-08-07T16:40:48.317+0700] {processor.py:839} INFO - DAG(s) dict_keys(['example_external_task_marker_child', 'example_external_task_marker_parent']) retrieved from /home/dwmhr/pln/venv/lib/python3.10/site-packages/airflow/example_dags/example_external_task_marker_dag.py
[2025-08-07T16:40:48.335+0700] {logging_mixin.py:154} INFO - [2025-08-07T16:40:48.335+0700] {dag.py:2941} INFO - Sync 2 DAGs
[2025-08-07T16:40:48.345+0700] {logging_mixin.py:154} INFO - [2025-08-07T16:40:48.345+0700] {dag.py:3722} INFO - Setting next_dagrun for example_external_task_marker_child to None, run_after=None
[2025-08-07T16:40:48.348+0700] {logging_mixin.py:154} INFO - [2025-08-07T16:40:48.348+0700] {dag.py:3722} INFO - Setting next_dagrun for example_external_task_marker_parent to None, run_after=None
[2025-08-07T16:40:48.366+0700] {processor.py:179} INFO - Processing /home/dwmhr/pln/venv/lib/python3.10/site-packages/airflow/example_dags/example_external_task_marker_dag.py took 0.061 seconds
[2025-08-07T16:41:41.794+0700] {processor.py:157} INFO - Started process (PID=129287) to work on /home/dwmhr/pln/venv/lib/python3.10/site-packages/airflow/example_dags/example_external_task_marker_dag.py
[2025-08-07T16:41:41.796+0700] {processor.py:829} INFO - Processing file /home/dwmhr/pln/venv/lib/python3.10/site-packages/airflow/example_dags/example_external_task_marker_dag.py for tasks to queue
[2025-08-07T16:41:41.797+0700] {logging_mixin.py:154} INFO - [2025-08-07T16:41:41.797+0700] {dagbag.py:536} INFO - Filling up the DagBag from /home/dwmhr/pln/venv/lib/python3.10/site-packages/airflow/example_dags/example_external_task_marker_dag.py
[2025-08-07T16:41:41.804+0700] {processor.py:839} INFO - DAG(s) dict_keys(['example_external_task_marker_parent', 'example_external_task_marker_child']) retrieved from /home/dwmhr/pln/venv/lib/python3.10/site-packages/airflow/example_dags/example_external_task_marker_dag.py
[2025-08-07T16:41:41.824+0700] {logging_mixin.py:154} INFO - [2025-08-07T16:41:41.824+0700] {dag.py:2941} INFO - Sync 2 DAGs
[2025-08-07T16:41:41.836+0700] {logging_mixin.py:154} INFO - [2025-08-07T16:41:41.835+0700] {dag.py:3722} INFO - Setting next_dagrun for example_external_task_marker_child to None, run_after=None
[2025-08-07T16:41:41.838+0700] {logging_mixin.py:154} INFO - [2025-08-07T16:41:41.838+0700] {dag.py:3722} INFO - Setting next_dagrun for example_external_task_marker_parent to None, run_after=None
[2025-08-07T16:41:41.867+0700] {processor.py:179} INFO - Processing /home/dwmhr/pln/venv/lib/python3.10/site-packages/airflow/example_dags/example_external_task_marker_dag.py took 0.076 seconds
[2025-08-07T16:42:26.726+0700] {processor.py:157} INFO - Started process (PID=129487) to work on /home/dwmhr/pln/venv/lib/python3.10/site-packages/airflow/example_dags/example_external_task_marker_dag.py
[2025-08-07T16:42:26.736+0700] {processor.py:829} INFO - Processing file /home/dwmhr/pln/venv/lib/python3.10/site-packages/airflow/example_dags/example_external_task_marker_dag.py for tasks to queue
[2025-08-07T16:42:26.737+0700] {logging_mixin.py:154} INFO - [2025-08-07T16:42:26.737+0700] {dagbag.py:536} INFO - Filling up the DagBag from /home/dwmhr/pln/venv/lib/python3.10/site-packages/airflow/example_dags/example_external_task_marker_dag.py
[2025-08-07T16:42:26.744+0700] {processor.py:839} INFO - DAG(s) dict_keys(['example_external_task_marker_child', 'example_external_task_marker_parent']) retrieved from /home/dwmhr/pln/venv/lib/python3.10/site-packages/airflow/example_dags/example_external_task_marker_dag.py
[2025-08-07T16:42:26.765+0700] {logging_mixin.py:154} INFO - [2025-08-07T16:42:26.765+0700] {dag.py:2941} INFO - Sync 2 DAGs
[2025-08-07T16:42:26.776+0700] {logging_mixin.py:154} INFO - [2025-08-07T16:42:26.776+0700] {dag.py:3722} INFO - Setting next_dagrun for example_external_task_marker_child to None, run_after=None
[2025-08-07T16:42:26.779+0700] {logging_mixin.py:154} INFO - [2025-08-07T16:42:26.779+0700] {dag.py:3722} INFO - Setting next_dagrun for example_external_task_marker_parent to None, run_after=None
[2025-08-07T16:42:26.800+0700] {processor.py:179} INFO - Processing /home/dwmhr/pln/venv/lib/python3.10/site-packages/airflow/example_dags/example_external_task_marker_dag.py took 0.077 seconds
[2025-08-07T16:43:22.139+0700] {processor.py:157} INFO - Started process (PID=129710) to work on /home/dwmhr/pln/venv/lib/python3.10/site-packages/airflow/example_dags/example_external_task_marker_dag.py
[2025-08-07T16:43:22.144+0700] {processor.py:829} INFO - Processing file /home/dwmhr/pln/venv/lib/python3.10/site-packages/airflow/example_dags/example_external_task_marker_dag.py for tasks to queue
[2025-08-07T16:43:22.147+0700] {logging_mixin.py:154} INFO - [2025-08-07T16:43:22.146+0700] {dagbag.py:536} INFO - Filling up the DagBag from /home/dwmhr/pln/venv/lib/python3.10/site-packages/airflow/example_dags/example_external_task_marker_dag.py
[2025-08-07T16:43:22.166+0700] {processor.py:839} INFO - DAG(s) dict_keys(['example_external_task_marker_child', 'example_external_task_marker_parent']) retrieved from /home/dwmhr/pln/venv/lib/python3.10/site-packages/airflow/example_dags/example_external_task_marker_dag.py
[2025-08-07T16:43:22.222+0700] {logging_mixin.py:154} INFO - [2025-08-07T16:43:22.222+0700] {dag.py:2941} INFO - Sync 2 DAGs
[2025-08-07T16:43:22.245+0700] {logging_mixin.py:154} INFO - [2025-08-07T16:43:22.244+0700] {dag.py:3722} INFO - Setting next_dagrun for example_external_task_marker_child to None, run_after=None
[2025-08-07T16:43:22.250+0700] {logging_mixin.py:154} INFO - [2025-08-07T16:43:22.250+0700] {dag.py:3722} INFO - Setting next_dagrun for example_external_task_marker_parent to None, run_after=None
[2025-08-07T16:43:22.290+0700] {processor.py:179} INFO - Processing /home/dwmhr/pln/venv/lib/python3.10/site-packages/airflow/example_dags/example_external_task_marker_dag.py took 0.158 seconds
[2025-08-07T16:44:14.054+0700] {processor.py:157} INFO - Started process (PID=129931) to work on /home/dwmhr/pln/venv/lib/python3.10/site-packages/airflow/example_dags/example_external_task_marker_dag.py
[2025-08-07T16:44:14.063+0700] {processor.py:829} INFO - Processing file /home/dwmhr/pln/venv/lib/python3.10/site-packages/airflow/example_dags/example_external_task_marker_dag.py for tasks to queue
[2025-08-07T16:44:14.064+0700] {logging_mixin.py:154} INFO - [2025-08-07T16:44:14.063+0700] {dagbag.py:536} INFO - Filling up the DagBag from /home/dwmhr/pln/venv/lib/python3.10/site-packages/airflow/example_dags/example_external_task_marker_dag.py
[2025-08-07T16:44:14.071+0700] {processor.py:839} INFO - DAG(s) dict_keys(['example_external_task_marker_child', 'example_external_task_marker_parent']) retrieved from /home/dwmhr/pln/venv/lib/python3.10/site-packages/airflow/example_dags/example_external_task_marker_dag.py
[2025-08-07T16:44:14.096+0700] {logging_mixin.py:154} INFO - [2025-08-07T16:44:14.096+0700] {dag.py:2941} INFO - Sync 2 DAGs
[2025-08-07T16:44:14.109+0700] {logging_mixin.py:154} INFO - [2025-08-07T16:44:14.109+0700] {dag.py:3722} INFO - Setting next_dagrun for example_external_task_marker_child to None, run_after=None
[2025-08-07T16:44:14.112+0700] {logging_mixin.py:154} INFO - [2025-08-07T16:44:14.112+0700] {dag.py:3722} INFO - Setting next_dagrun for example_external_task_marker_parent to None, run_after=None
[2025-08-07T16:44:14.135+0700] {processor.py:179} INFO - Processing /home/dwmhr/pln/venv/lib/python3.10/site-packages/airflow/example_dags/example_external_task_marker_dag.py took 0.086 seconds
[2025-08-07T16:45:14.977+0700] {processor.py:157} INFO - Started process (PID=130223) to work on /home/dwmhr/pln/venv/lib/python3.10/site-packages/airflow/example_dags/example_external_task_marker_dag.py
[2025-08-07T16:45:14.982+0700] {processor.py:829} INFO - Processing file /home/dwmhr/pln/venv/lib/python3.10/site-packages/airflow/example_dags/example_external_task_marker_dag.py for tasks to queue
[2025-08-07T16:45:14.983+0700] {logging_mixin.py:154} INFO - [2025-08-07T16:45:14.983+0700] {dagbag.py:536} INFO - Filling up the DagBag from /home/dwmhr/pln/venv/lib/python3.10/site-packages/airflow/example_dags/example_external_task_marker_dag.py
[2025-08-07T16:45:14.988+0700] {processor.py:839} INFO - DAG(s) dict_keys(['example_external_task_marker_parent', 'example_external_task_marker_child']) retrieved from /home/dwmhr/pln/venv/lib/python3.10/site-packages/airflow/example_dags/example_external_task_marker_dag.py
[2025-08-07T16:45:15.004+0700] {logging_mixin.py:154} INFO - [2025-08-07T16:45:15.004+0700] {dag.py:2941} INFO - Sync 2 DAGs
[2025-08-07T16:45:15.013+0700] {logging_mixin.py:154} INFO - [2025-08-07T16:45:15.012+0700] {dag.py:3722} INFO - Setting next_dagrun for example_external_task_marker_child to None, run_after=None
[2025-08-07T16:45:15.015+0700] {logging_mixin.py:154} INFO - [2025-08-07T16:45:15.015+0700] {dag.py:3722} INFO - Setting next_dagrun for example_external_task_marker_parent to None, run_after=None
[2025-08-07T16:45:15.030+0700] {processor.py:179} INFO - Processing /home/dwmhr/pln/venv/lib/python3.10/site-packages/airflow/example_dags/example_external_task_marker_dag.py took 0.055 seconds
[2025-08-07T16:46:29.601+0700] {processor.py:157} INFO - Started process (PID=130544) to work on /home/dwmhr/pln/venv/lib/python3.10/site-packages/airflow/example_dags/example_external_task_marker_dag.py
[2025-08-07T16:46:29.692+0700] {processor.py:829} INFO - Processing file /home/dwmhr/pln/venv/lib/python3.10/site-packages/airflow/example_dags/example_external_task_marker_dag.py for tasks to queue
[2025-08-07T16:46:29.756+0700] {logging_mixin.py:154} INFO - [2025-08-07T16:46:29.724+0700] {dagbag.py:536} INFO - Filling up the DagBag from /home/dwmhr/pln/venv/lib/python3.10/site-packages/airflow/example_dags/example_external_task_marker_dag.py
[2025-08-07T16:46:30.325+0700] {processor.py:839} INFO - DAG(s) dict_keys(['example_external_task_marker_parent', 'example_external_task_marker_child']) retrieved from /home/dwmhr/pln/venv/lib/python3.10/site-packages/airflow/example_dags/example_external_task_marker_dag.py
[2025-08-07T16:46:31.112+0700] {logging_mixin.py:154} INFO - [2025-08-07T16:46:31.111+0700] {dag.py:2941} INFO - Sync 2 DAGs
[2025-08-07T16:46:31.173+0700] {logging_mixin.py:154} INFO - [2025-08-07T16:46:31.172+0700] {dag.py:3722} INFO - Setting next_dagrun for example_external_task_marker_child to None, run_after=None
[2025-08-07T16:46:31.192+0700] {logging_mixin.py:154} INFO - [2025-08-07T16:46:31.191+0700] {dag.py:3722} INFO - Setting next_dagrun for example_external_task_marker_parent to None, run_after=None
[2025-08-07T16:46:31.292+0700] {processor.py:179} INFO - Processing /home/dwmhr/pln/venv/lib/python3.10/site-packages/airflow/example_dags/example_external_task_marker_dag.py took 2.320 seconds
[2025-08-07T16:47:30.127+0700] {processor.py:157} INFO - Started process (PID=130798) to work on /home/dwmhr/pln/venv/lib/python3.10/site-packages/airflow/example_dags/example_external_task_marker_dag.py
[2025-08-07T16:47:30.140+0700] {processor.py:829} INFO - Processing file /home/dwmhr/pln/venv/lib/python3.10/site-packages/airflow/example_dags/example_external_task_marker_dag.py for tasks to queue
[2025-08-07T16:47:30.141+0700] {logging_mixin.py:154} INFO - [2025-08-07T16:47:30.141+0700] {dagbag.py:536} INFO - Filling up the DagBag from /home/dwmhr/pln/venv/lib/python3.10/site-packages/airflow/example_dags/example_external_task_marker_dag.py
[2025-08-07T16:47:30.149+0700] {processor.py:839} INFO - DAG(s) dict_keys(['example_external_task_marker_parent', 'example_external_task_marker_child']) retrieved from /home/dwmhr/pln/venv/lib/python3.10/site-packages/airflow/example_dags/example_external_task_marker_dag.py
[2025-08-07T16:47:30.174+0700] {logging_mixin.py:154} INFO - [2025-08-07T16:47:30.173+0700] {dag.py:2941} INFO - Sync 2 DAGs
[2025-08-07T16:47:30.190+0700] {logging_mixin.py:154} INFO - [2025-08-07T16:47:30.190+0700] {dag.py:3722} INFO - Setting next_dagrun for example_external_task_marker_child to None, run_after=None
[2025-08-07T16:47:30.194+0700] {logging_mixin.py:154} INFO - [2025-08-07T16:47:30.193+0700] {dag.py:3722} INFO - Setting next_dagrun for example_external_task_marker_parent to None, run_after=None
[2025-08-07T16:47:30.216+0700] {processor.py:179} INFO - Processing /home/dwmhr/pln/venv/lib/python3.10/site-packages/airflow/example_dags/example_external_task_marker_dag.py took 0.093 seconds
[2025-08-07T16:48:13.501+0700] {processor.py:157} INFO - Started process (PID=130984) to work on /home/dwmhr/pln/venv/lib/python3.10/site-packages/airflow/example_dags/example_external_task_marker_dag.py
[2025-08-07T16:48:13.519+0700] {processor.py:829} INFO - Processing file /home/dwmhr/pln/venv/lib/python3.10/site-packages/airflow/example_dags/example_external_task_marker_dag.py for tasks to queue
[2025-08-07T16:48:13.527+0700] {logging_mixin.py:154} INFO - [2025-08-07T16:48:13.524+0700] {dagbag.py:536} INFO - Filling up the DagBag from /home/dwmhr/pln/venv/lib/python3.10/site-packages/airflow/example_dags/example_external_task_marker_dag.py
[2025-08-07T16:48:13.617+0700] {processor.py:839} INFO - DAG(s) dict_keys(['example_external_task_marker_child', 'example_external_task_marker_parent']) retrieved from /home/dwmhr/pln/venv/lib/python3.10/site-packages/airflow/example_dags/example_external_task_marker_dag.py
[2025-08-07T16:48:13.822+0700] {logging_mixin.py:154} INFO - [2025-08-07T16:48:13.820+0700] {dag.py:2941} INFO - Sync 2 DAGs
[2025-08-07T16:48:13.971+0700] {logging_mixin.py:154} INFO - [2025-08-07T16:48:13.970+0700] {dag.py:3722} INFO - Setting next_dagrun for example_external_task_marker_child to None, run_after=None
[2025-08-07T16:48:13.998+0700] {logging_mixin.py:154} INFO - [2025-08-07T16:48:13.997+0700] {dag.py:3722} INFO - Setting next_dagrun for example_external_task_marker_parent to None, run_after=None
[2025-08-07T16:48:14.189+0700] {processor.py:179} INFO - Processing /home/dwmhr/pln/venv/lib/python3.10/site-packages/airflow/example_dags/example_external_task_marker_dag.py took 0.731 seconds
[2025-08-07T16:49:10.331+0700] {processor.py:157} INFO - Started process (PID=131238) to work on /home/dwmhr/pln/venv/lib/python3.10/site-packages/airflow/example_dags/example_external_task_marker_dag.py
[2025-08-07T16:49:10.344+0700] {processor.py:829} INFO - Processing file /home/dwmhr/pln/venv/lib/python3.10/site-packages/airflow/example_dags/example_external_task_marker_dag.py for tasks to queue
[2025-08-07T16:49:10.345+0700] {logging_mixin.py:154} INFO - [2025-08-07T16:49:10.344+0700] {dagbag.py:536} INFO - Filling up the DagBag from /home/dwmhr/pln/venv/lib/python3.10/site-packages/airflow/example_dags/example_external_task_marker_dag.py
[2025-08-07T16:49:10.351+0700] {processor.py:839} INFO - DAG(s) dict_keys(['example_external_task_marker_parent', 'example_external_task_marker_child']) retrieved from /home/dwmhr/pln/venv/lib/python3.10/site-packages/airflow/example_dags/example_external_task_marker_dag.py
[2025-08-07T16:49:10.370+0700] {logging_mixin.py:154} INFO - [2025-08-07T16:49:10.370+0700] {dag.py:2941} INFO - Sync 2 DAGs
[2025-08-07T16:49:10.380+0700] {logging_mixin.py:154} INFO - [2025-08-07T16:49:10.379+0700] {dag.py:3722} INFO - Setting next_dagrun for example_external_task_marker_child to None, run_after=None
[2025-08-07T16:49:10.382+0700] {logging_mixin.py:154} INFO - [2025-08-07T16:49:10.382+0700] {dag.py:3722} INFO - Setting next_dagrun for example_external_task_marker_parent to None, run_after=None
[2025-08-07T16:49:10.400+0700] {processor.py:179} INFO - Processing /home/dwmhr/pln/venv/lib/python3.10/site-packages/airflow/example_dags/example_external_task_marker_dag.py took 0.072 seconds
