[2025-08-07T15:45:29.068+0700] {processor.py:157} INFO - Started process (PID=113319) to work on /home/dwmhr/pln/venv/lib/python3.10/site-packages/airflow/example_dags/example_latest_only_with_trigger.py
[2025-08-07T15:45:29.076+0700] {processor.py:829} INFO - Processing file /home/dwmhr/pln/venv/lib/python3.10/site-packages/airflow/example_dags/example_latest_only_with_trigger.py for tasks to queue
[2025-08-07T15:45:29.082+0700] {logging_mixin.py:154} INFO - [2025-08-07T15:45:29.079+0700] {dagbag.py:536} INFO - Filling up the DagBag from /home/dwmhr/pln/venv/lib/python3.10/site-packages/airflow/example_dags/example_latest_only_with_trigger.py
[2025-08-07T15:45:29.145+0700] {processor.py:839} INFO - DAG(s) dict_keys(['latest_only_with_trigger']) retrieved from /home/dwmhr/pln/venv/lib/python3.10/site-packages/airflow/example_dags/example_latest_only_with_trigger.py
[2025-08-07T15:45:30.194+0700] {logging_mixin.py:154} INFO - [2025-08-07T15:45:30.193+0700] {manager.py:499} INFO - Created Permission View: %s
[2025-08-07T15:45:30.291+0700] {logging_mixin.py:154} INFO - [2025-08-07T15:45:30.290+0700] {manager.py:499} INFO - Created Permission View: %s
[2025-08-07T15:45:30.377+0700] {logging_mixin.py:154} INFO - [2025-08-07T15:45:30.374+0700] {manager.py:499} INFO - Created Permission View: %s
[2025-08-07T15:45:30.382+0700] {logging_mixin.py:154} INFO - [2025-08-07T15:45:30.381+0700] {dag.py:2941} INFO - Sync 1 DAGs
[2025-08-07T15:45:30.474+0700] {logging_mixin.py:154} INFO - [2025-08-07T15:45:30.470+0700] {dag.py:2963} INFO - Creating ORM DAG for latest_only_with_trigger
[2025-08-07T15:45:30.542+0700] {logging_mixin.py:154} INFO - [2025-08-07T15:45:30.541+0700] {dag.py:3722} INFO - Setting next_dagrun for latest_only_with_trigger to 2025-08-07T04:45:30.540203+00:00, run_after=2025-08-07T08:45:30.540203+00:00
[2025-08-07T15:45:30.669+0700] {processor.py:179} INFO - Processing /home/dwmhr/pln/venv/lib/python3.10/site-packages/airflow/example_dags/example_latest_only_with_trigger.py took 1.628 seconds
[2025-08-07T15:46:34.729+0700] {processor.py:157} INFO - Started process (PID=113691) to work on /home/dwmhr/pln/venv/lib/python3.10/site-packages/airflow/example_dags/example_latest_only_with_trigger.py
[2025-08-07T15:46:34.743+0700] {processor.py:829} INFO - Processing file /home/dwmhr/pln/venv/lib/python3.10/site-packages/airflow/example_dags/example_latest_only_with_trigger.py for tasks to queue
[2025-08-07T15:46:34.746+0700] {logging_mixin.py:154} INFO - [2025-08-07T15:46:34.745+0700] {dagbag.py:536} INFO - Filling up the DagBag from /home/dwmhr/pln/venv/lib/python3.10/site-packages/airflow/example_dags/example_latest_only_with_trigger.py
[2025-08-07T15:46:34.765+0700] {processor.py:839} INFO - DAG(s) dict_keys(['latest_only_with_trigger']) retrieved from /home/dwmhr/pln/venv/lib/python3.10/site-packages/airflow/example_dags/example_latest_only_with_trigger.py
[2025-08-07T15:46:34.806+0700] {logging_mixin.py:154} INFO - [2025-08-07T15:46:34.806+0700] {dag.py:2941} INFO - Sync 1 DAGs
[2025-08-07T15:46:34.852+0700] {logging_mixin.py:154} INFO - [2025-08-07T15:46:34.851+0700] {dag.py:3722} INFO - Setting next_dagrun for latest_only_with_trigger to 2025-08-07T04:46:34.851196+00:00, run_after=2025-08-07T08:46:34.851196+00:00
[2025-08-07T15:46:34.902+0700] {processor.py:179} INFO - Processing /home/dwmhr/pln/venv/lib/python3.10/site-packages/airflow/example_dags/example_latest_only_with_trigger.py took 0.182 seconds
[2025-08-07T15:47:32.363+0700] {processor.py:157} INFO - Started process (PID=113965) to work on /home/dwmhr/pln/venv/lib/python3.10/site-packages/airflow/example_dags/example_latest_only_with_trigger.py
[2025-08-07T15:47:32.366+0700] {processor.py:829} INFO - Processing file /home/dwmhr/pln/venv/lib/python3.10/site-packages/airflow/example_dags/example_latest_only_with_trigger.py for tasks to queue
[2025-08-07T15:47:32.368+0700] {logging_mixin.py:154} INFO - [2025-08-07T15:47:32.367+0700] {dagbag.py:536} INFO - Filling up the DagBag from /home/dwmhr/pln/venv/lib/python3.10/site-packages/airflow/example_dags/example_latest_only_with_trigger.py
[2025-08-07T15:47:32.383+0700] {processor.py:839} INFO - DAG(s) dict_keys(['latest_only_with_trigger']) retrieved from /home/dwmhr/pln/venv/lib/python3.10/site-packages/airflow/example_dags/example_latest_only_with_trigger.py
[2025-08-07T15:47:32.421+0700] {logging_mixin.py:154} INFO - [2025-08-07T15:47:32.420+0700] {dag.py:2941} INFO - Sync 1 DAGs
[2025-08-07T15:47:32.494+0700] {logging_mixin.py:154} INFO - [2025-08-07T15:47:32.494+0700] {dag.py:3722} INFO - Setting next_dagrun for latest_only_with_trigger to 2025-08-07T04:47:32.493541+00:00, run_after=2025-08-07T08:47:32.493541+00:00
[2025-08-07T15:47:32.566+0700] {processor.py:179} INFO - Processing /home/dwmhr/pln/venv/lib/python3.10/site-packages/airflow/example_dags/example_latest_only_with_trigger.py took 0.213 seconds
[2025-08-07T15:48:19.910+0700] {processor.py:157} INFO - Started process (PID=114199) to work on /home/dwmhr/pln/venv/lib/python3.10/site-packages/airflow/example_dags/example_latest_only_with_trigger.py
[2025-08-07T15:48:19.913+0700] {processor.py:829} INFO - Processing file /home/dwmhr/pln/venv/lib/python3.10/site-packages/airflow/example_dags/example_latest_only_with_trigger.py for tasks to queue
[2025-08-07T15:48:19.915+0700] {logging_mixin.py:154} INFO - [2025-08-07T15:48:19.914+0700] {dagbag.py:536} INFO - Filling up the DagBag from /home/dwmhr/pln/venv/lib/python3.10/site-packages/airflow/example_dags/example_latest_only_with_trigger.py
[2025-08-07T15:48:19.928+0700] {processor.py:839} INFO - DAG(s) dict_keys(['latest_only_with_trigger']) retrieved from /home/dwmhr/pln/venv/lib/python3.10/site-packages/airflow/example_dags/example_latest_only_with_trigger.py
[2025-08-07T15:48:19.963+0700] {logging_mixin.py:154} INFO - [2025-08-07T15:48:19.963+0700] {dag.py:2941} INFO - Sync 1 DAGs
[2025-08-07T15:48:20.003+0700] {logging_mixin.py:154} INFO - [2025-08-07T15:48:20.003+0700] {dag.py:3722} INFO - Setting next_dagrun for latest_only_with_trigger to 2025-08-07T04:48:20.002933+00:00, run_after=2025-08-07T08:48:20.002933+00:00
[2025-08-07T15:48:20.054+0700] {processor.py:179} INFO - Processing /home/dwmhr/pln/venv/lib/python3.10/site-packages/airflow/example_dags/example_latest_only_with_trigger.py took 0.149 seconds
[2025-08-07T15:49:14.218+0700] {processor.py:157} INFO - Started process (PID=114492) to work on /home/dwmhr/pln/venv/lib/python3.10/site-packages/airflow/example_dags/example_latest_only_with_trigger.py
[2025-08-07T15:49:14.223+0700] {processor.py:829} INFO - Processing file /home/dwmhr/pln/venv/lib/python3.10/site-packages/airflow/example_dags/example_latest_only_with_trigger.py for tasks to queue
[2025-08-07T15:49:14.226+0700] {logging_mixin.py:154} INFO - [2025-08-07T15:49:14.225+0700] {dagbag.py:536} INFO - Filling up the DagBag from /home/dwmhr/pln/venv/lib/python3.10/site-packages/airflow/example_dags/example_latest_only_with_trigger.py
[2025-08-07T15:49:14.248+0700] {processor.py:839} INFO - DAG(s) dict_keys(['latest_only_with_trigger']) retrieved from /home/dwmhr/pln/venv/lib/python3.10/site-packages/airflow/example_dags/example_latest_only_with_trigger.py
[2025-08-07T15:49:14.347+0700] {logging_mixin.py:154} INFO - [2025-08-07T15:49:14.346+0700] {dag.py:2941} INFO - Sync 1 DAGs
[2025-08-07T15:49:14.607+0700] {logging_mixin.py:154} INFO - [2025-08-07T15:49:14.607+0700] {dag.py:3722} INFO - Setting next_dagrun for latest_only_with_trigger to 2025-08-07T04:49:14.605255+00:00, run_after=2025-08-07T08:49:14.605255+00:00
[2025-08-07T15:49:14.781+0700] {processor.py:179} INFO - Processing /home/dwmhr/pln/venv/lib/python3.10/site-packages/airflow/example_dags/example_latest_only_with_trigger.py took 0.575 seconds
[2025-08-07T15:50:33.314+0700] {processor.py:157} INFO - Started process (PID=114921) to work on /home/dwmhr/pln/venv/lib/python3.10/site-packages/airflow/example_dags/example_latest_only_with_trigger.py
[2025-08-07T15:50:33.319+0700] {processor.py:829} INFO - Processing file /home/dwmhr/pln/venv/lib/python3.10/site-packages/airflow/example_dags/example_latest_only_with_trigger.py for tasks to queue
[2025-08-07T15:50:33.322+0700] {logging_mixin.py:154} INFO - [2025-08-07T15:50:33.320+0700] {dagbag.py:536} INFO - Filling up the DagBag from /home/dwmhr/pln/venv/lib/python3.10/site-packages/airflow/example_dags/example_latest_only_with_trigger.py
[2025-08-07T15:50:33.343+0700] {processor.py:839} INFO - DAG(s) dict_keys(['latest_only_with_trigger']) retrieved from /home/dwmhr/pln/venv/lib/python3.10/site-packages/airflow/example_dags/example_latest_only_with_trigger.py
[2025-08-07T15:50:33.386+0700] {logging_mixin.py:154} INFO - [2025-08-07T15:50:33.385+0700] {dag.py:2941} INFO - Sync 1 DAGs
[2025-08-07T15:50:33.432+0700] {logging_mixin.py:154} INFO - [2025-08-07T15:50:33.431+0700] {dag.py:3722} INFO - Setting next_dagrun for latest_only_with_trigger to 2025-08-07T04:50:33.431169+00:00, run_after=2025-08-07T08:50:33.431169+00:00
[2025-08-07T15:50:33.478+0700] {processor.py:179} INFO - Processing /home/dwmhr/pln/venv/lib/python3.10/site-packages/airflow/example_dags/example_latest_only_with_trigger.py took 0.173 seconds
[2025-08-07T15:51:41.825+0700] {processor.py:157} INFO - Started process (PID=115277) to work on /home/dwmhr/pln/venv/lib/python3.10/site-packages/airflow/example_dags/example_latest_only_with_trigger.py
[2025-08-07T15:51:41.834+0700] {processor.py:829} INFO - Processing file /home/dwmhr/pln/venv/lib/python3.10/site-packages/airflow/example_dags/example_latest_only_with_trigger.py for tasks to queue
[2025-08-07T15:51:41.836+0700] {logging_mixin.py:154} INFO - [2025-08-07T15:51:41.835+0700] {dagbag.py:536} INFO - Filling up the DagBag from /home/dwmhr/pln/venv/lib/python3.10/site-packages/airflow/example_dags/example_latest_only_with_trigger.py
[2025-08-07T15:51:41.849+0700] {processor.py:839} INFO - DAG(s) dict_keys(['latest_only_with_trigger']) retrieved from /home/dwmhr/pln/venv/lib/python3.10/site-packages/airflow/example_dags/example_latest_only_with_trigger.py
[2025-08-07T15:51:41.880+0700] {logging_mixin.py:154} INFO - [2025-08-07T15:51:41.880+0700] {dag.py:2941} INFO - Sync 1 DAGs
[2025-08-07T15:51:41.913+0700] {logging_mixin.py:154} INFO - [2025-08-07T15:51:41.912+0700] {dag.py:3722} INFO - Setting next_dagrun for latest_only_with_trigger to 2025-08-07T04:51:41.912500+00:00, run_after=2025-08-07T08:51:41.912500+00:00
[2025-08-07T15:51:41.947+0700] {processor.py:179} INFO - Processing /home/dwmhr/pln/venv/lib/python3.10/site-packages/airflow/example_dags/example_latest_only_with_trigger.py took 0.129 seconds
[2025-08-07T15:53:23.437+0700] {processor.py:157} INFO - Started process (PID=115730) to work on /home/dwmhr/pln/venv/lib/python3.10/site-packages/airflow/example_dags/example_latest_only_with_trigger.py
[2025-08-07T15:53:23.438+0700] {processor.py:829} INFO - Processing file /home/dwmhr/pln/venv/lib/python3.10/site-packages/airflow/example_dags/example_latest_only_with_trigger.py for tasks to queue
[2025-08-07T15:53:23.439+0700] {logging_mixin.py:154} INFO - [2025-08-07T15:53:23.439+0700] {dagbag.py:536} INFO - Filling up the DagBag from /home/dwmhr/pln/venv/lib/python3.10/site-packages/airflow/example_dags/example_latest_only_with_trigger.py
[2025-08-07T15:53:23.446+0700] {processor.py:839} INFO - DAG(s) dict_keys(['latest_only_with_trigger']) retrieved from /home/dwmhr/pln/venv/lib/python3.10/site-packages/airflow/example_dags/example_latest_only_with_trigger.py
[2025-08-07T15:53:23.465+0700] {logging_mixin.py:154} INFO - [2025-08-07T15:53:23.464+0700] {dag.py:2941} INFO - Sync 1 DAGs
[2025-08-07T15:53:23.483+0700] {logging_mixin.py:154} INFO - [2025-08-07T15:53:23.483+0700] {dag.py:3722} INFO - Setting next_dagrun for latest_only_with_trigger to 2025-08-07T04:53:23.482802+00:00, run_after=2025-08-07T08:53:23.482802+00:00
[2025-08-07T15:53:23.505+0700] {processor.py:179} INFO - Processing /home/dwmhr/pln/venv/lib/python3.10/site-packages/airflow/example_dags/example_latest_only_with_trigger.py took 0.072 seconds
[2025-08-07T15:55:02.035+0700] {processor.py:157} INFO - Started process (PID=116212) to work on /home/dwmhr/pln/venv/lib/python3.10/site-packages/airflow/example_dags/example_latest_only_with_trigger.py
[2025-08-07T15:55:02.037+0700] {processor.py:829} INFO - Processing file /home/dwmhr/pln/venv/lib/python3.10/site-packages/airflow/example_dags/example_latest_only_with_trigger.py for tasks to queue
[2025-08-07T15:55:02.038+0700] {logging_mixin.py:154} INFO - [2025-08-07T15:55:02.038+0700] {dagbag.py:536} INFO - Filling up the DagBag from /home/dwmhr/pln/venv/lib/python3.10/site-packages/airflow/example_dags/example_latest_only_with_trigger.py
[2025-08-07T15:55:02.048+0700] {processor.py:839} INFO - DAG(s) dict_keys(['latest_only_with_trigger']) retrieved from /home/dwmhr/pln/venv/lib/python3.10/site-packages/airflow/example_dags/example_latest_only_with_trigger.py
[2025-08-07T15:55:02.070+0700] {logging_mixin.py:154} INFO - [2025-08-07T15:55:02.070+0700] {dag.py:2941} INFO - Sync 1 DAGs
[2025-08-07T15:55:02.094+0700] {logging_mixin.py:154} INFO - [2025-08-07T15:55:02.093+0700] {dag.py:3722} INFO - Setting next_dagrun for latest_only_with_trigger to 2025-08-07T04:55:02.093501+00:00, run_after=2025-08-07T08:55:02.093501+00:00
[2025-08-07T15:55:02.125+0700] {processor.py:179} INFO - Processing /home/dwmhr/pln/venv/lib/python3.10/site-packages/airflow/example_dags/example_latest_only_with_trigger.py took 0.095 seconds
[2025-08-07T15:56:13.901+0700] {processor.py:157} INFO - Started process (PID=116595) to work on /home/dwmhr/pln/venv/lib/python3.10/site-packages/airflow/example_dags/example_latest_only_with_trigger.py
[2025-08-07T15:56:13.917+0700] {processor.py:829} INFO - Processing file /home/dwmhr/pln/venv/lib/python3.10/site-packages/airflow/example_dags/example_latest_only_with_trigger.py for tasks to queue
[2025-08-07T15:56:13.922+0700] {logging_mixin.py:154} INFO - [2025-08-07T15:56:13.920+0700] {dagbag.py:536} INFO - Filling up the DagBag from /home/dwmhr/pln/venv/lib/python3.10/site-packages/airflow/example_dags/example_latest_only_with_trigger.py
[2025-08-07T15:56:13.979+0700] {processor.py:839} INFO - DAG(s) dict_keys(['latest_only_with_trigger']) retrieved from /home/dwmhr/pln/venv/lib/python3.10/site-packages/airflow/example_dags/example_latest_only_with_trigger.py
[2025-08-07T15:56:14.156+0700] {logging_mixin.py:154} INFO - [2025-08-07T15:56:14.155+0700] {dag.py:2941} INFO - Sync 1 DAGs
[2025-08-07T15:56:14.431+0700] {logging_mixin.py:154} INFO - [2025-08-07T15:56:14.427+0700] {dag.py:3722} INFO - Setting next_dagrun for latest_only_with_trigger to 2025-08-07T04:56:14.420113+00:00, run_after=2025-08-07T08:56:14.420113+00:00
[2025-08-07T15:56:14.697+0700] {processor.py:179} INFO - Processing /home/dwmhr/pln/venv/lib/python3.10/site-packages/airflow/example_dags/example_latest_only_with_trigger.py took 0.830 seconds
[2025-08-07T15:57:26.202+0700] {processor.py:157} INFO - Started process (PID=116964) to work on /home/dwmhr/pln/venv/lib/python3.10/site-packages/airflow/example_dags/example_latest_only_with_trigger.py
[2025-08-07T15:57:26.206+0700] {processor.py:829} INFO - Processing file /home/dwmhr/pln/venv/lib/python3.10/site-packages/airflow/example_dags/example_latest_only_with_trigger.py for tasks to queue
[2025-08-07T15:57:26.208+0700] {logging_mixin.py:154} INFO - [2025-08-07T15:57:26.207+0700] {dagbag.py:536} INFO - Filling up the DagBag from /home/dwmhr/pln/venv/lib/python3.10/site-packages/airflow/example_dags/example_latest_only_with_trigger.py
[2025-08-07T15:57:26.229+0700] {processor.py:839} INFO - DAG(s) dict_keys(['latest_only_with_trigger']) retrieved from /home/dwmhr/pln/venv/lib/python3.10/site-packages/airflow/example_dags/example_latest_only_with_trigger.py
[2025-08-07T15:57:26.278+0700] {logging_mixin.py:154} INFO - [2025-08-07T15:57:26.278+0700] {dag.py:2941} INFO - Sync 1 DAGs
[2025-08-07T15:57:26.332+0700] {logging_mixin.py:154} INFO - [2025-08-07T15:57:26.332+0700] {dag.py:3722} INFO - Setting next_dagrun for latest_only_with_trigger to 2025-08-07T04:57:26.331703+00:00, run_after=2025-08-07T08:57:26.331703+00:00
[2025-08-07T15:57:26.385+0700] {processor.py:179} INFO - Processing /home/dwmhr/pln/venv/lib/python3.10/site-packages/airflow/example_dags/example_latest_only_with_trigger.py took 0.192 seconds
[2025-08-07T15:59:57.073+0700] {processor.py:157} INFO - Started process (PID=117734) to work on /home/dwmhr/pln/venv/lib/python3.10/site-packages/airflow/example_dags/example_latest_only_with_trigger.py
[2025-08-07T15:59:57.089+0700] {processor.py:829} INFO - Processing file /home/dwmhr/pln/venv/lib/python3.10/site-packages/airflow/example_dags/example_latest_only_with_trigger.py for tasks to queue
[2025-08-07T15:59:57.105+0700] {logging_mixin.py:154} INFO - [2025-08-07T15:59:57.092+0700] {dagbag.py:536} INFO - Filling up the DagBag from /home/dwmhr/pln/venv/lib/python3.10/site-packages/airflow/example_dags/example_latest_only_with_trigger.py
[2025-08-07T15:59:57.243+0700] {processor.py:839} INFO - DAG(s) dict_keys(['latest_only_with_trigger']) retrieved from /home/dwmhr/pln/venv/lib/python3.10/site-packages/airflow/example_dags/example_latest_only_with_trigger.py
[2025-08-07T15:59:57.552+0700] {logging_mixin.py:154} INFO - [2025-08-07T15:59:57.550+0700] {dag.py:2941} INFO - Sync 1 DAGs
[2025-08-07T15:59:57.832+0700] {logging_mixin.py:154} INFO - [2025-08-07T15:59:57.831+0700] {dag.py:3722} INFO - Setting next_dagrun for latest_only_with_trigger to 2025-08-07T04:59:57.830350+00:00, run_after=2025-08-07T08:59:57.830350+00:00
[2025-08-07T15:59:58.024+0700] {processor.py:179} INFO - Processing /home/dwmhr/pln/venv/lib/python3.10/site-packages/airflow/example_dags/example_latest_only_with_trigger.py took 1.013 seconds
[2025-08-07T16:01:26.931+0700] {processor.py:157} INFO - Started process (PID=118168) to work on /home/dwmhr/pln/venv/lib/python3.10/site-packages/airflow/example_dags/example_latest_only_with_trigger.py
[2025-08-07T16:01:26.937+0700] {processor.py:829} INFO - Processing file /home/dwmhr/pln/venv/lib/python3.10/site-packages/airflow/example_dags/example_latest_only_with_trigger.py for tasks to queue
[2025-08-07T16:01:26.944+0700] {logging_mixin.py:154} INFO - [2025-08-07T16:01:26.942+0700] {dagbag.py:536} INFO - Filling up the DagBag from /home/dwmhr/pln/venv/lib/python3.10/site-packages/airflow/example_dags/example_latest_only_with_trigger.py
[2025-08-07T16:01:26.998+0700] {processor.py:839} INFO - DAG(s) dict_keys(['latest_only_with_trigger']) retrieved from /home/dwmhr/pln/venv/lib/python3.10/site-packages/airflow/example_dags/example_latest_only_with_trigger.py
[2025-08-07T16:01:27.193+0700] {logging_mixin.py:154} INFO - [2025-08-07T16:01:27.191+0700] {dag.py:2941} INFO - Sync 1 DAGs
[2025-08-07T16:01:27.321+0700] {logging_mixin.py:154} INFO - [2025-08-07T16:01:27.320+0700] {dag.py:3722} INFO - Setting next_dagrun for latest_only_with_trigger to 2025-08-07T05:01:27.317264+00:00, run_after=2025-08-07T09:01:27.317264+00:00
[2025-08-07T16:01:28.839+0700] {processor.py:179} INFO - Processing /home/dwmhr/pln/venv/lib/python3.10/site-packages/airflow/example_dags/example_latest_only_with_trigger.py took 1.920 seconds
[2025-08-07T16:04:06.924+0700] {processor.py:157} INFO - Started process (PID=118908) to work on /home/dwmhr/pln/venv/lib/python3.10/site-packages/airflow/example_dags/example_latest_only_with_trigger.py
[2025-08-07T16:04:06.940+0700] {processor.py:829} INFO - Processing file /home/dwmhr/pln/venv/lib/python3.10/site-packages/airflow/example_dags/example_latest_only_with_trigger.py for tasks to queue
[2025-08-07T16:04:06.945+0700] {logging_mixin.py:154} INFO - [2025-08-07T16:04:06.943+0700] {dagbag.py:536} INFO - Filling up the DagBag from /home/dwmhr/pln/venv/lib/python3.10/site-packages/airflow/example_dags/example_latest_only_with_trigger.py
[2025-08-07T16:04:07.016+0700] {processor.py:839} INFO - DAG(s) dict_keys(['latest_only_with_trigger']) retrieved from /home/dwmhr/pln/venv/lib/python3.10/site-packages/airflow/example_dags/example_latest_only_with_trigger.py
[2025-08-07T16:04:07.122+0700] {logging_mixin.py:154} INFO - [2025-08-07T16:04:07.120+0700] {dag.py:2941} INFO - Sync 1 DAGs
[2025-08-07T16:04:07.211+0700] {logging_mixin.py:154} INFO - [2025-08-07T16:04:07.210+0700] {dag.py:3722} INFO - Setting next_dagrun for latest_only_with_trigger to 2025-08-07T05:04:07.209613+00:00, run_after=2025-08-07T09:04:07.209613+00:00
[2025-08-07T16:04:07.592+0700] {processor.py:179} INFO - Processing /home/dwmhr/pln/venv/lib/python3.10/site-packages/airflow/example_dags/example_latest_only_with_trigger.py took 0.689 seconds
[2025-08-07T16:05:12.393+0700] {processor.py:157} INFO - Started process (PID=119227) to work on /home/dwmhr/pln/venv/lib/python3.10/site-packages/airflow/example_dags/example_latest_only_with_trigger.py
[2025-08-07T16:05:12.395+0700] {processor.py:829} INFO - Processing file /home/dwmhr/pln/venv/lib/python3.10/site-packages/airflow/example_dags/example_latest_only_with_trigger.py for tasks to queue
[2025-08-07T16:05:12.397+0700] {logging_mixin.py:154} INFO - [2025-08-07T16:05:12.397+0700] {dagbag.py:536} INFO - Filling up the DagBag from /home/dwmhr/pln/venv/lib/python3.10/site-packages/airflow/example_dags/example_latest_only_with_trigger.py
[2025-08-07T16:05:12.410+0700] {processor.py:839} INFO - DAG(s) dict_keys(['latest_only_with_trigger']) retrieved from /home/dwmhr/pln/venv/lib/python3.10/site-packages/airflow/example_dags/example_latest_only_with_trigger.py
[2025-08-07T16:05:12.434+0700] {logging_mixin.py:154} INFO - [2025-08-07T16:05:12.434+0700] {dag.py:2941} INFO - Sync 1 DAGs
[2025-08-07T16:05:12.457+0700] {logging_mixin.py:154} INFO - [2025-08-07T16:05:12.456+0700] {dag.py:3722} INFO - Setting next_dagrun for latest_only_with_trigger to 2025-08-07T05:05:12.456553+00:00, run_after=2025-08-07T09:05:12.456553+00:00
[2025-08-07T16:05:12.489+0700] {processor.py:179} INFO - Processing /home/dwmhr/pln/venv/lib/python3.10/site-packages/airflow/example_dags/example_latest_only_with_trigger.py took 0.104 seconds
[2025-08-07T16:06:30.782+0700] {processor.py:157} INFO - Started process (PID=119628) to work on /home/dwmhr/pln/venv/lib/python3.10/site-packages/airflow/example_dags/example_latest_only_with_trigger.py
[2025-08-07T16:06:30.789+0700] {processor.py:829} INFO - Processing file /home/dwmhr/pln/venv/lib/python3.10/site-packages/airflow/example_dags/example_latest_only_with_trigger.py for tasks to queue
[2025-08-07T16:06:30.794+0700] {logging_mixin.py:154} INFO - [2025-08-07T16:06:30.792+0700] {dagbag.py:536} INFO - Filling up the DagBag from /home/dwmhr/pln/venv/lib/python3.10/site-packages/airflow/example_dags/example_latest_only_with_trigger.py
[2025-08-07T16:06:30.826+0700] {processor.py:839} INFO - DAG(s) dict_keys(['latest_only_with_trigger']) retrieved from /home/dwmhr/pln/venv/lib/python3.10/site-packages/airflow/example_dags/example_latest_only_with_trigger.py
[2025-08-07T16:06:30.911+0700] {logging_mixin.py:154} INFO - [2025-08-07T16:06:30.910+0700] {dag.py:2941} INFO - Sync 1 DAGs
[2025-08-07T16:06:30.998+0700] {logging_mixin.py:154} INFO - [2025-08-07T16:06:30.997+0700] {dag.py:3722} INFO - Setting next_dagrun for latest_only_with_trigger to 2025-08-07T05:06:30.995974+00:00, run_after=2025-08-07T09:06:30.995974+00:00
[2025-08-07T16:06:31.081+0700] {processor.py:179} INFO - Processing /home/dwmhr/pln/venv/lib/python3.10/site-packages/airflow/example_dags/example_latest_only_with_trigger.py took 0.313 seconds
[2025-08-07T16:07:36.872+0700] {processor.py:157} INFO - Started process (PID=119951) to work on /home/dwmhr/pln/venv/lib/python3.10/site-packages/airflow/example_dags/example_latest_only_with_trigger.py
[2025-08-07T16:07:36.882+0700] {processor.py:829} INFO - Processing file /home/dwmhr/pln/venv/lib/python3.10/site-packages/airflow/example_dags/example_latest_only_with_trigger.py for tasks to queue
[2025-08-07T16:07:36.888+0700] {logging_mixin.py:154} INFO - [2025-08-07T16:07:36.886+0700] {dagbag.py:536} INFO - Filling up the DagBag from /home/dwmhr/pln/venv/lib/python3.10/site-packages/airflow/example_dags/example_latest_only_with_trigger.py
[2025-08-07T16:07:36.942+0700] {processor.py:839} INFO - DAG(s) dict_keys(['latest_only_with_trigger']) retrieved from /home/dwmhr/pln/venv/lib/python3.10/site-packages/airflow/example_dags/example_latest_only_with_trigger.py
[2025-08-07T16:07:37.055+0700] {logging_mixin.py:154} INFO - [2025-08-07T16:07:37.052+0700] {dag.py:2941} INFO - Sync 1 DAGs
[2025-08-07T16:07:37.192+0700] {logging_mixin.py:154} INFO - [2025-08-07T16:07:37.191+0700] {dag.py:3722} INFO - Setting next_dagrun for latest_only_with_trigger to 2025-08-07T05:07:37.188919+00:00, run_after=2025-08-07T09:07:37.188919+00:00
[2025-08-07T16:07:37.316+0700] {processor.py:179} INFO - Processing /home/dwmhr/pln/venv/lib/python3.10/site-packages/airflow/example_dags/example_latest_only_with_trigger.py took 0.468 seconds
[2025-08-07T16:08:56.863+0700] {processor.py:157} INFO - Started process (PID=120335) to work on /home/dwmhr/pln/venv/lib/python3.10/site-packages/airflow/example_dags/example_latest_only_with_trigger.py
[2025-08-07T16:08:56.865+0700] {processor.py:829} INFO - Processing file /home/dwmhr/pln/venv/lib/python3.10/site-packages/airflow/example_dags/example_latest_only_with_trigger.py for tasks to queue
[2025-08-07T16:08:56.867+0700] {logging_mixin.py:154} INFO - [2025-08-07T16:08:56.866+0700] {dagbag.py:536} INFO - Filling up the DagBag from /home/dwmhr/pln/venv/lib/python3.10/site-packages/airflow/example_dags/example_latest_only_with_trigger.py
[2025-08-07T16:08:56.879+0700] {processor.py:839} INFO - DAG(s) dict_keys(['latest_only_with_trigger']) retrieved from /home/dwmhr/pln/venv/lib/python3.10/site-packages/airflow/example_dags/example_latest_only_with_trigger.py
[2025-08-07T16:08:56.903+0700] {logging_mixin.py:154} INFO - [2025-08-07T16:08:56.902+0700] {dag.py:2941} INFO - Sync 1 DAGs
[2025-08-07T16:08:56.926+0700] {logging_mixin.py:154} INFO - [2025-08-07T16:08:56.926+0700] {dag.py:3722} INFO - Setting next_dagrun for latest_only_with_trigger to 2025-08-07T05:08:56.926097+00:00, run_after=2025-08-07T09:08:56.926097+00:00
[2025-08-07T16:08:56.957+0700] {processor.py:179} INFO - Processing /home/dwmhr/pln/venv/lib/python3.10/site-packages/airflow/example_dags/example_latest_only_with_trigger.py took 0.100 seconds
[2025-08-07T16:10:10.971+0700] {processor.py:157} INFO - Started process (PID=120687) to work on /home/dwmhr/pln/venv/lib/python3.10/site-packages/airflow/example_dags/example_latest_only_with_trigger.py
[2025-08-07T16:10:10.974+0700] {processor.py:829} INFO - Processing file /home/dwmhr/pln/venv/lib/python3.10/site-packages/airflow/example_dags/example_latest_only_with_trigger.py for tasks to queue
[2025-08-07T16:10:10.976+0700] {logging_mixin.py:154} INFO - [2025-08-07T16:10:10.975+0700] {dagbag.py:536} INFO - Filling up the DagBag from /home/dwmhr/pln/venv/lib/python3.10/site-packages/airflow/example_dags/example_latest_only_with_trigger.py
[2025-08-07T16:10:10.991+0700] {processor.py:839} INFO - DAG(s) dict_keys(['latest_only_with_trigger']) retrieved from /home/dwmhr/pln/venv/lib/python3.10/site-packages/airflow/example_dags/example_latest_only_with_trigger.py
[2025-08-07T16:10:11.024+0700] {logging_mixin.py:154} INFO - [2025-08-07T16:10:11.024+0700] {dag.py:2941} INFO - Sync 1 DAGs
[2025-08-07T16:10:11.054+0700] {logging_mixin.py:154} INFO - [2025-08-07T16:10:11.053+0700] {dag.py:3722} INFO - Setting next_dagrun for latest_only_with_trigger to 2025-08-07T05:10:11.053302+00:00, run_after=2025-08-07T09:10:11.053302+00:00
[2025-08-07T16:10:11.098+0700] {processor.py:179} INFO - Processing /home/dwmhr/pln/venv/lib/python3.10/site-packages/airflow/example_dags/example_latest_only_with_trigger.py took 0.134 seconds
[2025-08-07T16:11:06.452+0700] {processor.py:157} INFO - Started process (PID=120988) to work on /home/dwmhr/pln/venv/lib/python3.10/site-packages/airflow/example_dags/example_latest_only_with_trigger.py
[2025-08-07T16:11:06.457+0700] {processor.py:829} INFO - Processing file /home/dwmhr/pln/venv/lib/python3.10/site-packages/airflow/example_dags/example_latest_only_with_trigger.py for tasks to queue
[2025-08-07T16:11:06.460+0700] {logging_mixin.py:154} INFO - [2025-08-07T16:11:06.459+0700] {dagbag.py:536} INFO - Filling up the DagBag from /home/dwmhr/pln/venv/lib/python3.10/site-packages/airflow/example_dags/example_latest_only_with_trigger.py
[2025-08-07T16:11:06.491+0700] {processor.py:839} INFO - DAG(s) dict_keys(['latest_only_with_trigger']) retrieved from /home/dwmhr/pln/venv/lib/python3.10/site-packages/airflow/example_dags/example_latest_only_with_trigger.py
[2025-08-07T16:11:06.595+0700] {logging_mixin.py:154} INFO - [2025-08-07T16:11:06.594+0700] {dag.py:2941} INFO - Sync 1 DAGs
[2025-08-07T16:11:06.694+0700] {logging_mixin.py:154} INFO - [2025-08-07T16:11:06.693+0700] {dag.py:3722} INFO - Setting next_dagrun for latest_only_with_trigger to 2025-08-07T05:11:06.692020+00:00, run_after=2025-08-07T09:11:06.692020+00:00
[2025-08-07T16:11:06.807+0700] {processor.py:179} INFO - Processing /home/dwmhr/pln/venv/lib/python3.10/site-packages/airflow/example_dags/example_latest_only_with_trigger.py took 0.375 seconds
[2025-08-07T16:12:06.827+0700] {processor.py:157} INFO - Started process (PID=121309) to work on /home/dwmhr/pln/venv/lib/python3.10/site-packages/airflow/example_dags/example_latest_only_with_trigger.py
[2025-08-07T16:12:06.834+0700] {processor.py:829} INFO - Processing file /home/dwmhr/pln/venv/lib/python3.10/site-packages/airflow/example_dags/example_latest_only_with_trigger.py for tasks to queue
[2025-08-07T16:12:06.836+0700] {logging_mixin.py:154} INFO - [2025-08-07T16:12:06.835+0700] {dagbag.py:536} INFO - Filling up the DagBag from /home/dwmhr/pln/venv/lib/python3.10/site-packages/airflow/example_dags/example_latest_only_with_trigger.py
[2025-08-07T16:12:06.845+0700] {processor.py:839} INFO - DAG(s) dict_keys(['latest_only_with_trigger']) retrieved from /home/dwmhr/pln/venv/lib/python3.10/site-packages/airflow/example_dags/example_latest_only_with_trigger.py
[2025-08-07T16:12:06.879+0700] {logging_mixin.py:154} INFO - [2025-08-07T16:12:06.879+0700] {dag.py:2941} INFO - Sync 1 DAGs
[2025-08-07T16:12:06.903+0700] {logging_mixin.py:154} INFO - [2025-08-07T16:12:06.903+0700] {dag.py:3722} INFO - Setting next_dagrun for latest_only_with_trigger to 2025-08-07T05:12:06.902940+00:00, run_after=2025-08-07T09:12:06.902940+00:00
[2025-08-07T16:12:06.933+0700] {processor.py:179} INFO - Processing /home/dwmhr/pln/venv/lib/python3.10/site-packages/airflow/example_dags/example_latest_only_with_trigger.py took 0.111 seconds
[2025-08-07T16:12:58.115+0700] {processor.py:157} INFO - Started process (PID=121586) to work on /home/dwmhr/pln/venv/lib/python3.10/site-packages/airflow/example_dags/example_latest_only_with_trigger.py
[2025-08-07T16:12:58.120+0700] {processor.py:829} INFO - Processing file /home/dwmhr/pln/venv/lib/python3.10/site-packages/airflow/example_dags/example_latest_only_with_trigger.py for tasks to queue
[2025-08-07T16:12:58.124+0700] {logging_mixin.py:154} INFO - [2025-08-07T16:12:58.122+0700] {dagbag.py:536} INFO - Filling up the DagBag from /home/dwmhr/pln/venv/lib/python3.10/site-packages/airflow/example_dags/example_latest_only_with_trigger.py
[2025-08-07T16:12:58.166+0700] {processor.py:839} INFO - DAG(s) dict_keys(['latest_only_with_trigger']) retrieved from /home/dwmhr/pln/venv/lib/python3.10/site-packages/airflow/example_dags/example_latest_only_with_trigger.py
[2025-08-07T16:12:58.248+0700] {logging_mixin.py:154} INFO - [2025-08-07T16:12:58.247+0700] {dag.py:2941} INFO - Sync 1 DAGs
[2025-08-07T16:12:58.320+0700] {logging_mixin.py:154} INFO - [2025-08-07T16:12:58.319+0700] {dag.py:3722} INFO - Setting next_dagrun for latest_only_with_trigger to 2025-08-07T05:12:58.318016+00:00, run_after=2025-08-07T09:12:58.318016+00:00
[2025-08-07T16:12:58.422+0700] {processor.py:179} INFO - Processing /home/dwmhr/pln/venv/lib/python3.10/site-packages/airflow/example_dags/example_latest_only_with_trigger.py took 0.321 seconds
[2025-08-07T16:13:43.260+0700] {processor.py:157} INFO - Started process (PID=121800) to work on /home/dwmhr/pln/venv/lib/python3.10/site-packages/airflow/example_dags/example_latest_only_with_trigger.py
[2025-08-07T16:13:43.265+0700] {processor.py:829} INFO - Processing file /home/dwmhr/pln/venv/lib/python3.10/site-packages/airflow/example_dags/example_latest_only_with_trigger.py for tasks to queue
[2025-08-07T16:13:43.268+0700] {logging_mixin.py:154} INFO - [2025-08-07T16:13:43.267+0700] {dagbag.py:536} INFO - Filling up the DagBag from /home/dwmhr/pln/venv/lib/python3.10/site-packages/airflow/example_dags/example_latest_only_with_trigger.py
[2025-08-07T16:13:43.298+0700] {processor.py:839} INFO - DAG(s) dict_keys(['latest_only_with_trigger']) retrieved from /home/dwmhr/pln/venv/lib/python3.10/site-packages/airflow/example_dags/example_latest_only_with_trigger.py
[2025-08-07T16:13:43.367+0700] {logging_mixin.py:154} INFO - [2025-08-07T16:13:43.366+0700] {dag.py:2941} INFO - Sync 1 DAGs
[2025-08-07T16:13:43.452+0700] {logging_mixin.py:154} INFO - [2025-08-07T16:13:43.451+0700] {dag.py:3722} INFO - Setting next_dagrun for latest_only_with_trigger to 2025-08-07T05:13:43.450924+00:00, run_after=2025-08-07T09:13:43.450924+00:00
[2025-08-07T16:13:43.591+0700] {processor.py:179} INFO - Processing /home/dwmhr/pln/venv/lib/python3.10/site-packages/airflow/example_dags/example_latest_only_with_trigger.py took 0.341 seconds
[2025-08-07T16:14:38.204+0700] {processor.py:157} INFO - Started process (PID=122083) to work on /home/dwmhr/pln/venv/lib/python3.10/site-packages/airflow/example_dags/example_latest_only_with_trigger.py
[2025-08-07T16:14:38.208+0700] {processor.py:829} INFO - Processing file /home/dwmhr/pln/venv/lib/python3.10/site-packages/airflow/example_dags/example_latest_only_with_trigger.py for tasks to queue
[2025-08-07T16:14:38.213+0700] {logging_mixin.py:154} INFO - [2025-08-07T16:14:38.211+0700] {dagbag.py:536} INFO - Filling up the DagBag from /home/dwmhr/pln/venv/lib/python3.10/site-packages/airflow/example_dags/example_latest_only_with_trigger.py
[2025-08-07T16:14:38.247+0700] {processor.py:839} INFO - DAG(s) dict_keys(['latest_only_with_trigger']) retrieved from /home/dwmhr/pln/venv/lib/python3.10/site-packages/airflow/example_dags/example_latest_only_with_trigger.py
[2025-08-07T16:14:38.305+0700] {logging_mixin.py:154} INFO - [2025-08-07T16:14:38.305+0700] {dag.py:2941} INFO - Sync 1 DAGs
[2025-08-07T16:14:38.363+0700] {logging_mixin.py:154} INFO - [2025-08-07T16:14:38.362+0700] {dag.py:3722} INFO - Setting next_dagrun for latest_only_with_trigger to 2025-08-07T05:14:38.361535+00:00, run_after=2025-08-07T09:14:38.361535+00:00
[2025-08-07T16:14:38.446+0700] {processor.py:179} INFO - Processing /home/dwmhr/pln/venv/lib/python3.10/site-packages/airflow/example_dags/example_latest_only_with_trigger.py took 0.254 seconds
[2025-08-07T16:15:46.955+0700] {processor.py:157} INFO - Started process (PID=122472) to work on /home/dwmhr/pln/venv/lib/python3.10/site-packages/airflow/example_dags/example_latest_only_with_trigger.py
[2025-08-07T16:15:46.959+0700] {processor.py:829} INFO - Processing file /home/dwmhr/pln/venv/lib/python3.10/site-packages/airflow/example_dags/example_latest_only_with_trigger.py for tasks to queue
[2025-08-07T16:15:46.961+0700] {logging_mixin.py:154} INFO - [2025-08-07T16:15:46.960+0700] {dagbag.py:536} INFO - Filling up the DagBag from /home/dwmhr/pln/venv/lib/python3.10/site-packages/airflow/example_dags/example_latest_only_with_trigger.py
[2025-08-07T16:15:46.983+0700] {processor.py:839} INFO - DAG(s) dict_keys(['latest_only_with_trigger']) retrieved from /home/dwmhr/pln/venv/lib/python3.10/site-packages/airflow/example_dags/example_latest_only_with_trigger.py
[2025-08-07T16:15:47.028+0700] {logging_mixin.py:154} INFO - [2025-08-07T16:15:47.028+0700] {dag.py:2941} INFO - Sync 1 DAGs
[2025-08-07T16:15:47.098+0700] {logging_mixin.py:154} INFO - [2025-08-07T16:15:47.098+0700] {dag.py:3722} INFO - Setting next_dagrun for latest_only_with_trigger to 2025-08-07T05:15:47.097226+00:00, run_after=2025-08-07T09:15:47.097226+00:00
[2025-08-07T16:15:47.160+0700] {processor.py:179} INFO - Processing /home/dwmhr/pln/venv/lib/python3.10/site-packages/airflow/example_dags/example_latest_only_with_trigger.py took 0.213 seconds
[2025-08-07T16:16:51.656+0700] {processor.py:157} INFO - Started process (PID=122790) to work on /home/dwmhr/pln/venv/lib/python3.10/site-packages/airflow/example_dags/example_latest_only_with_trigger.py
[2025-08-07T16:16:51.661+0700] {processor.py:829} INFO - Processing file /home/dwmhr/pln/venv/lib/python3.10/site-packages/airflow/example_dags/example_latest_only_with_trigger.py for tasks to queue
[2025-08-07T16:16:51.664+0700] {logging_mixin.py:154} INFO - [2025-08-07T16:16:51.662+0700] {dagbag.py:536} INFO - Filling up the DagBag from /home/dwmhr/pln/venv/lib/python3.10/site-packages/airflow/example_dags/example_latest_only_with_trigger.py
[2025-08-07T16:16:51.686+0700] {processor.py:839} INFO - DAG(s) dict_keys(['latest_only_with_trigger']) retrieved from /home/dwmhr/pln/venv/lib/python3.10/site-packages/airflow/example_dags/example_latest_only_with_trigger.py
[2025-08-07T16:16:51.732+0700] {logging_mixin.py:154} INFO - [2025-08-07T16:16:51.732+0700] {dag.py:2941} INFO - Sync 1 DAGs
[2025-08-07T16:16:51.778+0700] {logging_mixin.py:154} INFO - [2025-08-07T16:16:51.777+0700] {dag.py:3722} INFO - Setting next_dagrun for latest_only_with_trigger to 2025-08-07T05:16:51.777030+00:00, run_after=2025-08-07T09:16:51.777030+00:00
[2025-08-07T16:16:51.835+0700] {processor.py:179} INFO - Processing /home/dwmhr/pln/venv/lib/python3.10/site-packages/airflow/example_dags/example_latest_only_with_trigger.py took 0.192 seconds
[2025-08-07T16:17:54.671+0700] {processor.py:157} INFO - Started process (PID=123090) to work on /home/dwmhr/pln/venv/lib/python3.10/site-packages/airflow/example_dags/example_latest_only_with_trigger.py
[2025-08-07T16:17:54.677+0700] {processor.py:829} INFO - Processing file /home/dwmhr/pln/venv/lib/python3.10/site-packages/airflow/example_dags/example_latest_only_with_trigger.py for tasks to queue
[2025-08-07T16:17:54.682+0700] {logging_mixin.py:154} INFO - [2025-08-07T16:17:54.680+0700] {dagbag.py:536} INFO - Filling up the DagBag from /home/dwmhr/pln/venv/lib/python3.10/site-packages/airflow/example_dags/example_latest_only_with_trigger.py
[2025-08-07T16:17:54.721+0700] {processor.py:839} INFO - DAG(s) dict_keys(['latest_only_with_trigger']) retrieved from /home/dwmhr/pln/venv/lib/python3.10/site-packages/airflow/example_dags/example_latest_only_with_trigger.py
[2025-08-07T16:17:54.805+0700] {logging_mixin.py:154} INFO - [2025-08-07T16:17:54.804+0700] {dag.py:2941} INFO - Sync 1 DAGs
[2025-08-07T16:17:54.904+0700] {logging_mixin.py:154} INFO - [2025-08-07T16:17:54.904+0700] {dag.py:3722} INFO - Setting next_dagrun for latest_only_with_trigger to 2025-08-07T05:17:54.902877+00:00, run_after=2025-08-07T09:17:54.902877+00:00
[2025-08-07T16:17:55.017+0700] {processor.py:179} INFO - Processing /home/dwmhr/pln/venv/lib/python3.10/site-packages/airflow/example_dags/example_latest_only_with_trigger.py took 0.366 seconds
[2025-08-07T16:18:48.366+0700] {processor.py:157} INFO - Started process (PID=123379) to work on /home/dwmhr/pln/venv/lib/python3.10/site-packages/airflow/example_dags/example_latest_only_with_trigger.py
[2025-08-07T16:18:48.368+0700] {processor.py:829} INFO - Processing file /home/dwmhr/pln/venv/lib/python3.10/site-packages/airflow/example_dags/example_latest_only_with_trigger.py for tasks to queue
[2025-08-07T16:18:48.368+0700] {logging_mixin.py:154} INFO - [2025-08-07T16:18:48.368+0700] {dagbag.py:536} INFO - Filling up the DagBag from /home/dwmhr/pln/venv/lib/python3.10/site-packages/airflow/example_dags/example_latest_only_with_trigger.py
[2025-08-07T16:18:48.374+0700] {processor.py:839} INFO - DAG(s) dict_keys(['latest_only_with_trigger']) retrieved from /home/dwmhr/pln/venv/lib/python3.10/site-packages/airflow/example_dags/example_latest_only_with_trigger.py
[2025-08-07T16:18:48.387+0700] {logging_mixin.py:154} INFO - [2025-08-07T16:18:48.387+0700] {dag.py:2941} INFO - Sync 1 DAGs
[2025-08-07T16:18:48.399+0700] {logging_mixin.py:154} INFO - [2025-08-07T16:18:48.399+0700] {dag.py:3722} INFO - Setting next_dagrun for latest_only_with_trigger to 2025-08-07T05:18:48.399395+00:00, run_after=2025-08-07T09:18:48.399395+00:00
[2025-08-07T16:18:48.417+0700] {processor.py:179} INFO - Processing /home/dwmhr/pln/venv/lib/python3.10/site-packages/airflow/example_dags/example_latest_only_with_trigger.py took 0.054 seconds
[2025-08-07T16:27:10.847+0700] {processor.py:157} INFO - Started process (PID=125513) to work on /home/dwmhr/pln/venv/lib/python3.10/site-packages/airflow/example_dags/example_latest_only_with_trigger.py
[2025-08-07T16:27:10.856+0700] {processor.py:829} INFO - Processing file /home/dwmhr/pln/venv/lib/python3.10/site-packages/airflow/example_dags/example_latest_only_with_trigger.py for tasks to queue
[2025-08-07T16:27:10.857+0700] {logging_mixin.py:154} INFO - [2025-08-07T16:27:10.857+0700] {dagbag.py:536} INFO - Filling up the DagBag from /home/dwmhr/pln/venv/lib/python3.10/site-packages/airflow/example_dags/example_latest_only_with_trigger.py
[2025-08-07T16:27:10.863+0700] {processor.py:839} INFO - DAG(s) dict_keys(['latest_only_with_trigger']) retrieved from /home/dwmhr/pln/venv/lib/python3.10/site-packages/airflow/example_dags/example_latest_only_with_trigger.py
[2025-08-07T16:27:10.880+0700] {logging_mixin.py:154} INFO - [2025-08-07T16:27:10.880+0700] {dag.py:2941} INFO - Sync 1 DAGs
[2025-08-07T16:27:10.895+0700] {logging_mixin.py:154} INFO - [2025-08-07T16:27:10.894+0700] {dag.py:3722} INFO - Setting next_dagrun for latest_only_with_trigger to 2025-08-07T05:27:10.894770+00:00, run_after=2025-08-07T09:27:10.894770+00:00
[2025-08-07T16:27:11.018+0700] {processor.py:179} INFO - Processing /home/dwmhr/pln/venv/lib/python3.10/site-packages/airflow/example_dags/example_latest_only_with_trigger.py took 0.174 seconds
[2025-08-07T16:28:33.090+0700] {processor.py:157} INFO - Started process (PID=125872) to work on /home/dwmhr/pln/venv/lib/python3.10/site-packages/airflow/example_dags/example_latest_only_with_trigger.py
[2025-08-07T16:28:33.092+0700] {processor.py:829} INFO - Processing file /home/dwmhr/pln/venv/lib/python3.10/site-packages/airflow/example_dags/example_latest_only_with_trigger.py for tasks to queue
[2025-08-07T16:28:33.093+0700] {logging_mixin.py:154} INFO - [2025-08-07T16:28:33.093+0700] {dagbag.py:536} INFO - Filling up the DagBag from /home/dwmhr/pln/venv/lib/python3.10/site-packages/airflow/example_dags/example_latest_only_with_trigger.py
[2025-08-07T16:28:33.099+0700] {processor.py:839} INFO - DAG(s) dict_keys(['latest_only_with_trigger']) retrieved from /home/dwmhr/pln/venv/lib/python3.10/site-packages/airflow/example_dags/example_latest_only_with_trigger.py
[2025-08-07T16:28:33.112+0700] {logging_mixin.py:154} INFO - [2025-08-07T16:28:33.112+0700] {dag.py:2941} INFO - Sync 1 DAGs
[2025-08-07T16:28:33.124+0700] {logging_mixin.py:154} INFO - [2025-08-07T16:28:33.124+0700] {dag.py:3722} INFO - Setting next_dagrun for latest_only_with_trigger to 2025-08-07T05:28:33.124228+00:00, run_after=2025-08-07T09:28:33.124228+00:00
[2025-08-07T16:28:33.142+0700] {processor.py:179} INFO - Processing /home/dwmhr/pln/venv/lib/python3.10/site-packages/airflow/example_dags/example_latest_only_with_trigger.py took 0.055 seconds
[2025-08-07T16:29:29.441+0700] {processor.py:157} INFO - Started process (PID=126155) to work on /home/dwmhr/pln/venv/lib/python3.10/site-packages/airflow/example_dags/example_latest_only_with_trigger.py
[2025-08-07T16:29:29.446+0700] {processor.py:829} INFO - Processing file /home/dwmhr/pln/venv/lib/python3.10/site-packages/airflow/example_dags/example_latest_only_with_trigger.py for tasks to queue
[2025-08-07T16:29:29.447+0700] {logging_mixin.py:154} INFO - [2025-08-07T16:29:29.446+0700] {dagbag.py:536} INFO - Filling up the DagBag from /home/dwmhr/pln/venv/lib/python3.10/site-packages/airflow/example_dags/example_latest_only_with_trigger.py
[2025-08-07T16:29:29.454+0700] {processor.py:839} INFO - DAG(s) dict_keys(['latest_only_with_trigger']) retrieved from /home/dwmhr/pln/venv/lib/python3.10/site-packages/airflow/example_dags/example_latest_only_with_trigger.py
[2025-08-07T16:29:29.472+0700] {logging_mixin.py:154} INFO - [2025-08-07T16:29:29.472+0700] {dag.py:2941} INFO - Sync 1 DAGs
[2025-08-07T16:29:29.599+0700] {logging_mixin.py:154} INFO - [2025-08-07T16:29:29.598+0700] {dag.py:3722} INFO - Setting next_dagrun for latest_only_with_trigger to 2025-08-07T05:29:29.598766+00:00, run_after=2025-08-07T09:29:29.598766+00:00
[2025-08-07T16:29:29.632+0700] {processor.py:179} INFO - Processing /home/dwmhr/pln/venv/lib/python3.10/site-packages/airflow/example_dags/example_latest_only_with_trigger.py took 0.195 seconds
[2025-08-07T16:30:33.147+0700] {processor.py:157} INFO - Started process (PID=126459) to work on /home/dwmhr/pln/venv/lib/python3.10/site-packages/airflow/example_dags/example_latest_only_with_trigger.py
[2025-08-07T16:30:33.150+0700] {processor.py:829} INFO - Processing file /home/dwmhr/pln/venv/lib/python3.10/site-packages/airflow/example_dags/example_latest_only_with_trigger.py for tasks to queue
[2025-08-07T16:30:33.151+0700] {logging_mixin.py:154} INFO - [2025-08-07T16:30:33.151+0700] {dagbag.py:536} INFO - Filling up the DagBag from /home/dwmhr/pln/venv/lib/python3.10/site-packages/airflow/example_dags/example_latest_only_with_trigger.py
[2025-08-07T16:30:33.166+0700] {processor.py:839} INFO - DAG(s) dict_keys(['latest_only_with_trigger']) retrieved from /home/dwmhr/pln/venv/lib/python3.10/site-packages/airflow/example_dags/example_latest_only_with_trigger.py
[2025-08-07T16:30:33.200+0700] {logging_mixin.py:154} INFO - [2025-08-07T16:30:33.199+0700] {dag.py:2941} INFO - Sync 1 DAGs
[2025-08-07T16:30:33.258+0700] {logging_mixin.py:154} INFO - [2025-08-07T16:30:33.257+0700] {dag.py:3722} INFO - Setting next_dagrun for latest_only_with_trigger to 2025-08-07T05:30:33.253681+00:00, run_after=2025-08-07T09:30:33.253681+00:00
[2025-08-07T16:30:33.332+0700] {processor.py:179} INFO - Processing /home/dwmhr/pln/venv/lib/python3.10/site-packages/airflow/example_dags/example_latest_only_with_trigger.py took 0.192 seconds
[2025-08-07T16:31:27.680+0700] {processor.py:157} INFO - Started process (PID=126745) to work on /home/dwmhr/pln/venv/lib/python3.10/site-packages/airflow/example_dags/example_latest_only_with_trigger.py
[2025-08-07T16:31:27.686+0700] {processor.py:829} INFO - Processing file /home/dwmhr/pln/venv/lib/python3.10/site-packages/airflow/example_dags/example_latest_only_with_trigger.py for tasks to queue
[2025-08-07T16:31:27.692+0700] {logging_mixin.py:154} INFO - [2025-08-07T16:31:27.689+0700] {dagbag.py:536} INFO - Filling up the DagBag from /home/dwmhr/pln/venv/lib/python3.10/site-packages/airflow/example_dags/example_latest_only_with_trigger.py
[2025-08-07T16:31:27.746+0700] {processor.py:839} INFO - DAG(s) dict_keys(['latest_only_with_trigger']) retrieved from /home/dwmhr/pln/venv/lib/python3.10/site-packages/airflow/example_dags/example_latest_only_with_trigger.py
[2025-08-07T16:31:27.867+0700] {logging_mixin.py:154} INFO - [2025-08-07T16:31:27.866+0700] {dag.py:2941} INFO - Sync 1 DAGs
[2025-08-07T16:31:27.973+0700] {logging_mixin.py:154} INFO - [2025-08-07T16:31:27.972+0700] {dag.py:3722} INFO - Setting next_dagrun for latest_only_with_trigger to 2025-08-07T05:31:27.970931+00:00, run_after=2025-08-07T09:31:27.970931+00:00
[2025-08-07T16:31:28.200+0700] {processor.py:179} INFO - Processing /home/dwmhr/pln/venv/lib/python3.10/site-packages/airflow/example_dags/example_latest_only_with_trigger.py took 0.545 seconds
[2025-08-07T16:33:12.576+0700] {processor.py:157} INFO - Started process (PID=127179) to work on /home/dwmhr/pln/venv/lib/python3.10/site-packages/airflow/example_dags/example_latest_only_with_trigger.py
[2025-08-07T16:33:12.582+0700] {processor.py:829} INFO - Processing file /home/dwmhr/pln/venv/lib/python3.10/site-packages/airflow/example_dags/example_latest_only_with_trigger.py for tasks to queue
[2025-08-07T16:33:12.584+0700] {logging_mixin.py:154} INFO - [2025-08-07T16:33:12.583+0700] {dagbag.py:536} INFO - Filling up the DagBag from /home/dwmhr/pln/venv/lib/python3.10/site-packages/airflow/example_dags/example_latest_only_with_trigger.py
[2025-08-07T16:33:12.609+0700] {processor.py:839} INFO - DAG(s) dict_keys(['latest_only_with_trigger']) retrieved from /home/dwmhr/pln/venv/lib/python3.10/site-packages/airflow/example_dags/example_latest_only_with_trigger.py
[2025-08-07T16:33:12.669+0700] {logging_mixin.py:154} INFO - [2025-08-07T16:33:12.669+0700] {dag.py:2941} INFO - Sync 1 DAGs
[2025-08-07T16:33:12.729+0700] {logging_mixin.py:154} INFO - [2025-08-07T16:33:12.728+0700] {dag.py:3722} INFO - Setting next_dagrun for latest_only_with_trigger to 2025-08-07T05:33:12.727829+00:00, run_after=2025-08-07T09:33:12.727829+00:00
[2025-08-07T16:33:12.809+0700] {processor.py:179} INFO - Processing /home/dwmhr/pln/venv/lib/python3.10/site-packages/airflow/example_dags/example_latest_only_with_trigger.py took 0.245 seconds
[2025-08-07T16:34:43.057+0700] {processor.py:157} INFO - Started process (PID=127546) to work on /home/dwmhr/pln/venv/lib/python3.10/site-packages/airflow/example_dags/example_latest_only_with_trigger.py
[2025-08-07T16:34:43.062+0700] {processor.py:829} INFO - Processing file /home/dwmhr/pln/venv/lib/python3.10/site-packages/airflow/example_dags/example_latest_only_with_trigger.py for tasks to queue
[2025-08-07T16:34:43.063+0700] {logging_mixin.py:154} INFO - [2025-08-07T16:34:43.063+0700] {dagbag.py:536} INFO - Filling up the DagBag from /home/dwmhr/pln/venv/lib/python3.10/site-packages/airflow/example_dags/example_latest_only_with_trigger.py
[2025-08-07T16:34:43.071+0700] {processor.py:839} INFO - DAG(s) dict_keys(['latest_only_with_trigger']) retrieved from /home/dwmhr/pln/venv/lib/python3.10/site-packages/airflow/example_dags/example_latest_only_with_trigger.py
[2025-08-07T16:34:43.088+0700] {logging_mixin.py:154} INFO - [2025-08-07T16:34:43.088+0700] {dag.py:2941} INFO - Sync 1 DAGs
[2025-08-07T16:34:43.105+0700] {logging_mixin.py:154} INFO - [2025-08-07T16:34:43.104+0700] {dag.py:3722} INFO - Setting next_dagrun for latest_only_with_trigger to 2025-08-07T05:34:43.104649+00:00, run_after=2025-08-07T09:34:43.104649+00:00
[2025-08-07T16:34:43.130+0700] {processor.py:179} INFO - Processing /home/dwmhr/pln/venv/lib/python3.10/site-packages/airflow/example_dags/example_latest_only_with_trigger.py took 0.077 seconds
[2025-08-07T16:35:36.749+0700] {processor.py:157} INFO - Started process (PID=127779) to work on /home/dwmhr/pln/venv/lib/python3.10/site-packages/airflow/example_dags/example_latest_only_with_trigger.py
[2025-08-07T16:35:36.753+0700] {processor.py:829} INFO - Processing file /home/dwmhr/pln/venv/lib/python3.10/site-packages/airflow/example_dags/example_latest_only_with_trigger.py for tasks to queue
[2025-08-07T16:35:36.754+0700] {logging_mixin.py:154} INFO - [2025-08-07T16:35:36.754+0700] {dagbag.py:536} INFO - Filling up the DagBag from /home/dwmhr/pln/venv/lib/python3.10/site-packages/airflow/example_dags/example_latest_only_with_trigger.py
[2025-08-07T16:35:36.760+0700] {processor.py:839} INFO - DAG(s) dict_keys(['latest_only_with_trigger']) retrieved from /home/dwmhr/pln/venv/lib/python3.10/site-packages/airflow/example_dags/example_latest_only_with_trigger.py
[2025-08-07T16:35:36.775+0700] {logging_mixin.py:154} INFO - [2025-08-07T16:35:36.775+0700] {dag.py:2941} INFO - Sync 1 DAGs
[2025-08-07T16:35:36.788+0700] {logging_mixin.py:154} INFO - [2025-08-07T16:35:36.788+0700] {dag.py:3722} INFO - Setting next_dagrun for latest_only_with_trigger to 2025-08-07T05:35:36.788324+00:00, run_after=2025-08-07T09:35:36.788324+00:00
[2025-08-07T16:35:36.812+0700] {processor.py:179} INFO - Processing /home/dwmhr/pln/venv/lib/python3.10/site-packages/airflow/example_dags/example_latest_only_with_trigger.py took 0.067 seconds
[2025-08-07T16:36:31.023+0700] {processor.py:157} INFO - Started process (PID=128022) to work on /home/dwmhr/pln/venv/lib/python3.10/site-packages/airflow/example_dags/example_latest_only_with_trigger.py
[2025-08-07T16:36:31.025+0700] {processor.py:829} INFO - Processing file /home/dwmhr/pln/venv/lib/python3.10/site-packages/airflow/example_dags/example_latest_only_with_trigger.py for tasks to queue
[2025-08-07T16:36:31.026+0700] {logging_mixin.py:154} INFO - [2025-08-07T16:36:31.026+0700] {dagbag.py:536} INFO - Filling up the DagBag from /home/dwmhr/pln/venv/lib/python3.10/site-packages/airflow/example_dags/example_latest_only_with_trigger.py
[2025-08-07T16:36:31.035+0700] {processor.py:839} INFO - DAG(s) dict_keys(['latest_only_with_trigger']) retrieved from /home/dwmhr/pln/venv/lib/python3.10/site-packages/airflow/example_dags/example_latest_only_with_trigger.py
[2025-08-07T16:36:31.055+0700] {logging_mixin.py:154} INFO - [2025-08-07T16:36:31.055+0700] {dag.py:2941} INFO - Sync 1 DAGs
[2025-08-07T16:36:31.074+0700] {logging_mixin.py:154} INFO - [2025-08-07T16:36:31.074+0700] {dag.py:3722} INFO - Setting next_dagrun for latest_only_with_trigger to 2025-08-07T05:36:31.074275+00:00, run_after=2025-08-07T09:36:31.074275+00:00
[2025-08-07T16:36:31.109+0700] {processor.py:179} INFO - Processing /home/dwmhr/pln/venv/lib/python3.10/site-packages/airflow/example_dags/example_latest_only_with_trigger.py took 0.090 seconds
[2025-08-07T16:37:34.524+0700] {processor.py:157} INFO - Started process (PID=128279) to work on /home/dwmhr/pln/venv/lib/python3.10/site-packages/airflow/example_dags/example_latest_only_with_trigger.py
[2025-08-07T16:37:34.527+0700] {processor.py:829} INFO - Processing file /home/dwmhr/pln/venv/lib/python3.10/site-packages/airflow/example_dags/example_latest_only_with_trigger.py for tasks to queue
[2025-08-07T16:37:34.529+0700] {logging_mixin.py:154} INFO - [2025-08-07T16:37:34.528+0700] {dagbag.py:536} INFO - Filling up the DagBag from /home/dwmhr/pln/venv/lib/python3.10/site-packages/airflow/example_dags/example_latest_only_with_trigger.py
[2025-08-07T16:37:34.543+0700] {processor.py:839} INFO - DAG(s) dict_keys(['latest_only_with_trigger']) retrieved from /home/dwmhr/pln/venv/lib/python3.10/site-packages/airflow/example_dags/example_latest_only_with_trigger.py
[2025-08-07T16:37:34.576+0700] {logging_mixin.py:154} INFO - [2025-08-07T16:37:34.575+0700] {dag.py:2941} INFO - Sync 1 DAGs
[2025-08-07T16:37:34.607+0700] {logging_mixin.py:154} INFO - [2025-08-07T16:37:34.606+0700] {dag.py:3722} INFO - Setting next_dagrun for latest_only_with_trigger to 2025-08-07T05:37:34.606514+00:00, run_after=2025-08-07T09:37:34.606514+00:00
[2025-08-07T16:37:34.657+0700] {processor.py:179} INFO - Processing /home/dwmhr/pln/venv/lib/python3.10/site-packages/airflow/example_dags/example_latest_only_with_trigger.py took 0.141 seconds
[2025-08-07T16:38:39.806+0700] {processor.py:157} INFO - Started process (PID=128556) to work on /home/dwmhr/pln/venv/lib/python3.10/site-packages/airflow/example_dags/example_latest_only_with_trigger.py
[2025-08-07T16:38:39.814+0700] {processor.py:829} INFO - Processing file /home/dwmhr/pln/venv/lib/python3.10/site-packages/airflow/example_dags/example_latest_only_with_trigger.py for tasks to queue
[2025-08-07T16:38:39.826+0700] {logging_mixin.py:154} INFO - [2025-08-07T16:38:39.823+0700] {dagbag.py:536} INFO - Filling up the DagBag from /home/dwmhr/pln/venv/lib/python3.10/site-packages/airflow/example_dags/example_latest_only_with_trigger.py
[2025-08-07T16:38:39.912+0700] {processor.py:839} INFO - DAG(s) dict_keys(['latest_only_with_trigger']) retrieved from /home/dwmhr/pln/venv/lib/python3.10/site-packages/airflow/example_dags/example_latest_only_with_trigger.py
[2025-08-07T16:38:40.162+0700] {logging_mixin.py:154} INFO - [2025-08-07T16:38:40.160+0700] {dag.py:2941} INFO - Sync 1 DAGs
[2025-08-07T16:38:40.272+0700] {logging_mixin.py:154} INFO - [2025-08-07T16:38:40.271+0700] {dag.py:3722} INFO - Setting next_dagrun for latest_only_with_trigger to 2025-08-07T05:38:40.270441+00:00, run_after=2025-08-07T09:38:40.270441+00:00
[2025-08-07T16:38:40.457+0700] {processor.py:179} INFO - Processing /home/dwmhr/pln/venv/lib/python3.10/site-packages/airflow/example_dags/example_latest_only_with_trigger.py took 0.706 seconds
[2025-08-07T16:39:32.760+0700] {processor.py:157} INFO - Started process (PID=128763) to work on /home/dwmhr/pln/venv/lib/python3.10/site-packages/airflow/example_dags/example_latest_only_with_trigger.py
[2025-08-07T16:39:32.764+0700] {processor.py:829} INFO - Processing file /home/dwmhr/pln/venv/lib/python3.10/site-packages/airflow/example_dags/example_latest_only_with_trigger.py for tasks to queue
[2025-08-07T16:39:32.767+0700] {logging_mixin.py:154} INFO - [2025-08-07T16:39:32.766+0700] {dagbag.py:536} INFO - Filling up the DagBag from /home/dwmhr/pln/venv/lib/python3.10/site-packages/airflow/example_dags/example_latest_only_with_trigger.py
[2025-08-07T16:39:32.788+0700] {processor.py:839} INFO - DAG(s) dict_keys(['latest_only_with_trigger']) retrieved from /home/dwmhr/pln/venv/lib/python3.10/site-packages/airflow/example_dags/example_latest_only_with_trigger.py
[2025-08-07T16:39:32.839+0700] {logging_mixin.py:154} INFO - [2025-08-07T16:39:32.838+0700] {dag.py:2941} INFO - Sync 1 DAGs
[2025-08-07T16:39:32.886+0700] {logging_mixin.py:154} INFO - [2025-08-07T16:39:32.885+0700] {dag.py:3722} INFO - Setting next_dagrun for latest_only_with_trigger to 2025-08-07T05:39:32.885073+00:00, run_after=2025-08-07T09:39:32.885073+00:00
[2025-08-07T16:39:32.945+0700] {processor.py:179} INFO - Processing /home/dwmhr/pln/venv/lib/python3.10/site-packages/airflow/example_dags/example_latest_only_with_trigger.py took 0.195 seconds
[2025-08-07T16:40:47.169+0700] {processor.py:157} INFO - Started process (PID=129042) to work on /home/dwmhr/pln/venv/lib/python3.10/site-packages/airflow/example_dags/example_latest_only_with_trigger.py
[2025-08-07T16:40:47.170+0700] {processor.py:829} INFO - Processing file /home/dwmhr/pln/venv/lib/python3.10/site-packages/airflow/example_dags/example_latest_only_with_trigger.py for tasks to queue
[2025-08-07T16:40:47.171+0700] {logging_mixin.py:154} INFO - [2025-08-07T16:40:47.171+0700] {dagbag.py:536} INFO - Filling up the DagBag from /home/dwmhr/pln/venv/lib/python3.10/site-packages/airflow/example_dags/example_latest_only_with_trigger.py
[2025-08-07T16:40:47.178+0700] {processor.py:839} INFO - DAG(s) dict_keys(['latest_only_with_trigger']) retrieved from /home/dwmhr/pln/venv/lib/python3.10/site-packages/airflow/example_dags/example_latest_only_with_trigger.py
[2025-08-07T16:40:47.195+0700] {logging_mixin.py:154} INFO - [2025-08-07T16:40:47.195+0700] {dag.py:2941} INFO - Sync 1 DAGs
[2025-08-07T16:40:47.212+0700] {logging_mixin.py:154} INFO - [2025-08-07T16:40:47.212+0700] {dag.py:3722} INFO - Setting next_dagrun for latest_only_with_trigger to 2025-08-07T05:40:47.211882+00:00, run_after=2025-08-07T09:40:47.211882+00:00
[2025-08-07T16:40:47.237+0700] {processor.py:179} INFO - Processing /home/dwmhr/pln/venv/lib/python3.10/site-packages/airflow/example_dags/example_latest_only_with_trigger.py took 0.071 seconds
[2025-08-07T16:41:41.061+0700] {processor.py:157} INFO - Started process (PID=129286) to work on /home/dwmhr/pln/venv/lib/python3.10/site-packages/airflow/example_dags/example_latest_only_with_trigger.py
[2025-08-07T16:41:41.068+0700] {processor.py:829} INFO - Processing file /home/dwmhr/pln/venv/lib/python3.10/site-packages/airflow/example_dags/example_latest_only_with_trigger.py for tasks to queue
[2025-08-07T16:41:41.070+0700] {logging_mixin.py:154} INFO - [2025-08-07T16:41:41.069+0700] {dagbag.py:536} INFO - Filling up the DagBag from /home/dwmhr/pln/venv/lib/python3.10/site-packages/airflow/example_dags/example_latest_only_with_trigger.py
[2025-08-07T16:41:41.079+0700] {processor.py:839} INFO - DAG(s) dict_keys(['latest_only_with_trigger']) retrieved from /home/dwmhr/pln/venv/lib/python3.10/site-packages/airflow/example_dags/example_latest_only_with_trigger.py
[2025-08-07T16:41:41.102+0700] {logging_mixin.py:154} INFO - [2025-08-07T16:41:41.101+0700] {dag.py:2941} INFO - Sync 1 DAGs
[2025-08-07T16:41:41.123+0700] {logging_mixin.py:154} INFO - [2025-08-07T16:41:41.123+0700] {dag.py:3722} INFO - Setting next_dagrun for latest_only_with_trigger to 2025-08-07T05:41:41.123067+00:00, run_after=2025-08-07T09:41:41.123067+00:00
[2025-08-07T16:41:41.152+0700] {processor.py:179} INFO - Processing /home/dwmhr/pln/venv/lib/python3.10/site-packages/airflow/example_dags/example_latest_only_with_trigger.py took 0.096 seconds
[2025-08-07T16:42:25.589+0700] {processor.py:157} INFO - Started process (PID=129486) to work on /home/dwmhr/pln/venv/lib/python3.10/site-packages/airflow/example_dags/example_latest_only_with_trigger.py
[2025-08-07T16:42:25.593+0700] {processor.py:829} INFO - Processing file /home/dwmhr/pln/venv/lib/python3.10/site-packages/airflow/example_dags/example_latest_only_with_trigger.py for tasks to queue
[2025-08-07T16:42:25.595+0700] {logging_mixin.py:154} INFO - [2025-08-07T16:42:25.594+0700] {dagbag.py:536} INFO - Filling up the DagBag from /home/dwmhr/pln/venv/lib/python3.10/site-packages/airflow/example_dags/example_latest_only_with_trigger.py
[2025-08-07T16:42:25.602+0700] {processor.py:839} INFO - DAG(s) dict_keys(['latest_only_with_trigger']) retrieved from /home/dwmhr/pln/venv/lib/python3.10/site-packages/airflow/example_dags/example_latest_only_with_trigger.py
[2025-08-07T16:42:25.620+0700] {logging_mixin.py:154} INFO - [2025-08-07T16:42:25.620+0700] {dag.py:2941} INFO - Sync 1 DAGs
[2025-08-07T16:42:25.636+0700] {logging_mixin.py:154} INFO - [2025-08-07T16:42:25.636+0700] {dag.py:3722} INFO - Setting next_dagrun for latest_only_with_trigger to 2025-08-07T05:42:25.636294+00:00, run_after=2025-08-07T09:42:25.636294+00:00
[2025-08-07T16:42:25.659+0700] {processor.py:179} INFO - Processing /home/dwmhr/pln/venv/lib/python3.10/site-packages/airflow/example_dags/example_latest_only_with_trigger.py took 0.073 seconds
[2025-08-07T16:43:20.761+0700] {processor.py:157} INFO - Started process (PID=129709) to work on /home/dwmhr/pln/venv/lib/python3.10/site-packages/airflow/example_dags/example_latest_only_with_trigger.py
[2025-08-07T16:43:20.766+0700] {processor.py:829} INFO - Processing file /home/dwmhr/pln/venv/lib/python3.10/site-packages/airflow/example_dags/example_latest_only_with_trigger.py for tasks to queue
[2025-08-07T16:43:20.770+0700] {logging_mixin.py:154} INFO - [2025-08-07T16:43:20.769+0700] {dagbag.py:536} INFO - Filling up the DagBag from /home/dwmhr/pln/venv/lib/python3.10/site-packages/airflow/example_dags/example_latest_only_with_trigger.py
[2025-08-07T16:43:20.793+0700] {processor.py:839} INFO - DAG(s) dict_keys(['latest_only_with_trigger']) retrieved from /home/dwmhr/pln/venv/lib/python3.10/site-packages/airflow/example_dags/example_latest_only_with_trigger.py
[2025-08-07T16:43:20.840+0700] {logging_mixin.py:154} INFO - [2025-08-07T16:43:20.840+0700] {dag.py:2941} INFO - Sync 1 DAGs
[2025-08-07T16:43:20.882+0700] {logging_mixin.py:154} INFO - [2025-08-07T16:43:20.882+0700] {dag.py:3722} INFO - Setting next_dagrun for latest_only_with_trigger to 2025-08-07T05:43:20.881739+00:00, run_after=2025-08-07T09:43:20.881739+00:00
[2025-08-07T16:43:20.936+0700] {processor.py:179} INFO - Processing /home/dwmhr/pln/venv/lib/python3.10/site-packages/airflow/example_dags/example_latest_only_with_trigger.py took 0.190 seconds
[2025-08-07T16:44:12.792+0700] {processor.py:157} INFO - Started process (PID=129930) to work on /home/dwmhr/pln/venv/lib/python3.10/site-packages/airflow/example_dags/example_latest_only_with_trigger.py
[2025-08-07T16:44:12.795+0700] {processor.py:829} INFO - Processing file /home/dwmhr/pln/venv/lib/python3.10/site-packages/airflow/example_dags/example_latest_only_with_trigger.py for tasks to queue
[2025-08-07T16:44:12.796+0700] {logging_mixin.py:154} INFO - [2025-08-07T16:44:12.796+0700] {dagbag.py:536} INFO - Filling up the DagBag from /home/dwmhr/pln/venv/lib/python3.10/site-packages/airflow/example_dags/example_latest_only_with_trigger.py
[2025-08-07T16:44:12.809+0700] {processor.py:839} INFO - DAG(s) dict_keys(['latest_only_with_trigger']) retrieved from /home/dwmhr/pln/venv/lib/python3.10/site-packages/airflow/example_dags/example_latest_only_with_trigger.py
[2025-08-07T16:44:12.839+0700] {logging_mixin.py:154} INFO - [2025-08-07T16:44:12.839+0700] {dag.py:2941} INFO - Sync 1 DAGs
[2025-08-07T16:44:12.867+0700] {logging_mixin.py:154} INFO - [2025-08-07T16:44:12.867+0700] {dag.py:3722} INFO - Setting next_dagrun for latest_only_with_trigger to 2025-08-07T05:44:12.867032+00:00, run_after=2025-08-07T09:44:12.867032+00:00
[2025-08-07T16:44:12.919+0700] {processor.py:179} INFO - Processing /home/dwmhr/pln/venv/lib/python3.10/site-packages/airflow/example_dags/example_latest_only_with_trigger.py took 0.133 seconds
[2025-08-07T16:45:13.840+0700] {processor.py:157} INFO - Started process (PID=130222) to work on /home/dwmhr/pln/venv/lib/python3.10/site-packages/airflow/example_dags/example_latest_only_with_trigger.py
[2025-08-07T16:45:13.842+0700] {processor.py:829} INFO - Processing file /home/dwmhr/pln/venv/lib/python3.10/site-packages/airflow/example_dags/example_latest_only_with_trigger.py for tasks to queue
[2025-08-07T16:45:13.843+0700] {logging_mixin.py:154} INFO - [2025-08-07T16:45:13.842+0700] {dagbag.py:536} INFO - Filling up the DagBag from /home/dwmhr/pln/venv/lib/python3.10/site-packages/airflow/example_dags/example_latest_only_with_trigger.py
[2025-08-07T16:45:13.848+0700] {processor.py:839} INFO - DAG(s) dict_keys(['latest_only_with_trigger']) retrieved from /home/dwmhr/pln/venv/lib/python3.10/site-packages/airflow/example_dags/example_latest_only_with_trigger.py
[2025-08-07T16:45:13.861+0700] {logging_mixin.py:154} INFO - [2025-08-07T16:45:13.861+0700] {dag.py:2941} INFO - Sync 1 DAGs
[2025-08-07T16:45:13.874+0700] {logging_mixin.py:154} INFO - [2025-08-07T16:45:13.874+0700] {dag.py:3722} INFO - Setting next_dagrun for latest_only_with_trigger to 2025-08-07T05:45:13.874013+00:00, run_after=2025-08-07T09:45:13.874013+00:00
[2025-08-07T16:45:13.890+0700] {processor.py:179} INFO - Processing /home/dwmhr/pln/venv/lib/python3.10/site-packages/airflow/example_dags/example_latest_only_with_trigger.py took 0.052 seconds
[2025-08-07T16:46:27.074+0700] {processor.py:157} INFO - Started process (PID=130543) to work on /home/dwmhr/pln/venv/lib/python3.10/site-packages/airflow/example_dags/example_latest_only_with_trigger.py
[2025-08-07T16:46:27.080+0700] {processor.py:829} INFO - Processing file /home/dwmhr/pln/venv/lib/python3.10/site-packages/airflow/example_dags/example_latest_only_with_trigger.py for tasks to queue
[2025-08-07T16:46:27.085+0700] {logging_mixin.py:154} INFO - [2025-08-07T16:46:27.083+0700] {dagbag.py:536} INFO - Filling up the DagBag from /home/dwmhr/pln/venv/lib/python3.10/site-packages/airflow/example_dags/example_latest_only_with_trigger.py
[2025-08-07T16:46:27.118+0700] {processor.py:839} INFO - DAG(s) dict_keys(['latest_only_with_trigger']) retrieved from /home/dwmhr/pln/venv/lib/python3.10/site-packages/airflow/example_dags/example_latest_only_with_trigger.py
[2025-08-07T16:46:27.187+0700] {logging_mixin.py:154} INFO - [2025-08-07T16:46:27.186+0700] {dag.py:2941} INFO - Sync 1 DAGs
[2025-08-07T16:46:27.257+0700] {logging_mixin.py:154} INFO - [2025-08-07T16:46:27.256+0700] {dag.py:3722} INFO - Setting next_dagrun for latest_only_with_trigger to 2025-08-07T05:46:27.255531+00:00, run_after=2025-08-07T09:46:27.255531+00:00
[2025-08-07T16:46:27.672+0700] {processor.py:179} INFO - Processing /home/dwmhr/pln/venv/lib/python3.10/site-packages/airflow/example_dags/example_latest_only_with_trigger.py took 0.612 seconds
[2025-08-07T16:47:28.870+0700] {processor.py:157} INFO - Started process (PID=130797) to work on /home/dwmhr/pln/venv/lib/python3.10/site-packages/airflow/example_dags/example_latest_only_with_trigger.py
[2025-08-07T16:47:28.883+0700] {processor.py:829} INFO - Processing file /home/dwmhr/pln/venv/lib/python3.10/site-packages/airflow/example_dags/example_latest_only_with_trigger.py for tasks to queue
[2025-08-07T16:47:28.884+0700] {logging_mixin.py:154} INFO - [2025-08-07T16:47:28.884+0700] {dagbag.py:536} INFO - Filling up the DagBag from /home/dwmhr/pln/venv/lib/python3.10/site-packages/airflow/example_dags/example_latest_only_with_trigger.py
[2025-08-07T16:47:28.894+0700] {processor.py:839} INFO - DAG(s) dict_keys(['latest_only_with_trigger']) retrieved from /home/dwmhr/pln/venv/lib/python3.10/site-packages/airflow/example_dags/example_latest_only_with_trigger.py
[2025-08-07T16:47:28.917+0700] {logging_mixin.py:154} INFO - [2025-08-07T16:47:28.917+0700] {dag.py:2941} INFO - Sync 1 DAGs
[2025-08-07T16:47:28.940+0700] {logging_mixin.py:154} INFO - [2025-08-07T16:47:28.940+0700] {dag.py:3722} INFO - Setting next_dagrun for latest_only_with_trigger to 2025-08-07T05:47:28.939978+00:00, run_after=2025-08-07T09:47:28.939978+00:00
[2025-08-07T16:47:28.968+0700] {processor.py:179} INFO - Processing /home/dwmhr/pln/venv/lib/python3.10/site-packages/airflow/example_dags/example_latest_only_with_trigger.py took 0.104 seconds
[2025-08-07T16:48:11.770+0700] {processor.py:157} INFO - Started process (PID=130983) to work on /home/dwmhr/pln/venv/lib/python3.10/site-packages/airflow/example_dags/example_latest_only_with_trigger.py
[2025-08-07T16:48:11.779+0700] {processor.py:829} INFO - Processing file /home/dwmhr/pln/venv/lib/python3.10/site-packages/airflow/example_dags/example_latest_only_with_trigger.py for tasks to queue
[2025-08-07T16:48:11.785+0700] {logging_mixin.py:154} INFO - [2025-08-07T16:48:11.782+0700] {dagbag.py:536} INFO - Filling up the DagBag from /home/dwmhr/pln/venv/lib/python3.10/site-packages/airflow/example_dags/example_latest_only_with_trigger.py
[2025-08-07T16:48:11.851+0700] {processor.py:839} INFO - DAG(s) dict_keys(['latest_only_with_trigger']) retrieved from /home/dwmhr/pln/venv/lib/python3.10/site-packages/airflow/example_dags/example_latest_only_with_trigger.py
[2025-08-07T16:48:12.012+0700] {logging_mixin.py:154} INFO - [2025-08-07T16:48:12.004+0700] {dag.py:2941} INFO - Sync 1 DAGs
[2025-08-07T16:48:12.205+0700] {logging_mixin.py:154} INFO - [2025-08-07T16:48:12.204+0700] {dag.py:3722} INFO - Setting next_dagrun for latest_only_with_trigger to 2025-08-07T05:48:12.202296+00:00, run_after=2025-08-07T09:48:12.202296+00:00
[2025-08-07T16:48:12.407+0700] {processor.py:179} INFO - Processing /home/dwmhr/pln/venv/lib/python3.10/site-packages/airflow/example_dags/example_latest_only_with_trigger.py took 0.670 seconds
[2025-08-07T16:49:09.192+0700] {processor.py:157} INFO - Started process (PID=131231) to work on /home/dwmhr/pln/venv/lib/python3.10/site-packages/airflow/example_dags/example_latest_only_with_trigger.py
[2025-08-07T16:49:09.195+0700] {processor.py:829} INFO - Processing file /home/dwmhr/pln/venv/lib/python3.10/site-packages/airflow/example_dags/example_latest_only_with_trigger.py for tasks to queue
[2025-08-07T16:49:09.196+0700] {logging_mixin.py:154} INFO - [2025-08-07T16:49:09.195+0700] {dagbag.py:536} INFO - Filling up the DagBag from /home/dwmhr/pln/venv/lib/python3.10/site-packages/airflow/example_dags/example_latest_only_with_trigger.py
[2025-08-07T16:49:09.202+0700] {processor.py:839} INFO - DAG(s) dict_keys(['latest_only_with_trigger']) retrieved from /home/dwmhr/pln/venv/lib/python3.10/site-packages/airflow/example_dags/example_latest_only_with_trigger.py
[2025-08-07T16:49:09.217+0700] {logging_mixin.py:154} INFO - [2025-08-07T16:49:09.217+0700] {dag.py:2941} INFO - Sync 1 DAGs
[2025-08-07T16:49:09.231+0700] {logging_mixin.py:154} INFO - [2025-08-07T16:49:09.231+0700] {dag.py:3722} INFO - Setting next_dagrun for latest_only_with_trigger to 2025-08-07T05:49:09.231317+00:00, run_after=2025-08-07T09:49:09.231317+00:00
[2025-08-07T16:49:09.251+0700] {processor.py:179} INFO - Processing /home/dwmhr/pln/venv/lib/python3.10/site-packages/airflow/example_dags/example_latest_only_with_trigger.py took 0.062 seconds
