[2025-08-07T15:45:50.799+0700] {processor.py:157} INFO - Started process (PID=113428) to work on /home/dwmhr/pln/venv/lib/python3.10/site-packages/airflow/example_dags/example_branch_python_dop_operator_3.py
[2025-08-07T15:45:50.800+0700] {processor.py:829} INFO - Processing file /home/dwmhr/pln/venv/lib/python3.10/site-packages/airflow/example_dags/example_branch_python_dop_operator_3.py for tasks to queue
[2025-08-07T15:45:50.802+0700] {logging_mixin.py:154} INFO - [2025-08-07T15:45:50.802+0700] {dagbag.py:536} INFO - Filling up the DagBag from /home/dwmhr/pln/venv/lib/python3.10/site-packages/airflow/example_dags/example_branch_python_dop_operator_3.py
[2025-08-07T15:45:50.823+0700] {processor.py:839} INFO - DAG(s) dict_keys(['example_branch_dop_operator_v3']) retrieved from /home/dwmhr/pln/venv/lib/python3.10/site-packages/airflow/example_dags/example_branch_python_dop_operator_3.py
[2025-08-07T15:45:51.028+0700] {logging_mixin.py:154} INFO - [2025-08-07T15:45:51.027+0700] {manager.py:499} INFO - Created Permission View: %s
[2025-08-07T15:45:51.052+0700] {logging_mixin.py:154} INFO - [2025-08-07T15:45:51.052+0700] {manager.py:499} INFO - Created Permission View: %s
[2025-08-07T15:45:51.070+0700] {logging_mixin.py:154} INFO - [2025-08-07T15:45:51.070+0700] {manager.py:499} INFO - Created Permission View: %s
[2025-08-07T15:45:51.071+0700] {logging_mixin.py:154} INFO - [2025-08-07T15:45:51.071+0700] {dag.py:2941} INFO - Sync 1 DAGs
[2025-08-07T15:45:51.095+0700] {logging_mixin.py:154} INFO - [2025-08-07T15:45:51.094+0700] {dag.py:2963} INFO - Creating ORM DAG for example_branch_dop_operator_v3
[2025-08-07T15:45:51.120+0700] {logging_mixin.py:154} INFO - [2025-08-07T15:45:51.119+0700] {dag.py:3722} INFO - Setting next_dagrun for example_branch_dop_operator_v3 to 2025-08-07T08:44:00+00:00, run_after=2025-08-07T08:45:00+00:00
[2025-08-07T15:45:51.164+0700] {processor.py:179} INFO - Processing /home/dwmhr/pln/venv/lib/python3.10/site-packages/airflow/example_dags/example_branch_python_dop_operator_3.py took 0.373 seconds
[2025-08-07T15:46:47.793+0700] {processor.py:157} INFO - Started process (PID=113728) to work on /home/dwmhr/pln/venv/lib/python3.10/site-packages/airflow/example_dags/example_branch_python_dop_operator_3.py
[2025-08-07T15:46:47.808+0700] {processor.py:829} INFO - Processing file /home/dwmhr/pln/venv/lib/python3.10/site-packages/airflow/example_dags/example_branch_python_dop_operator_3.py for tasks to queue
[2025-08-07T15:46:47.811+0700] {logging_mixin.py:154} INFO - [2025-08-07T15:46:47.810+0700] {dagbag.py:536} INFO - Filling up the DagBag from /home/dwmhr/pln/venv/lib/python3.10/site-packages/airflow/example_dags/example_branch_python_dop_operator_3.py
[2025-08-07T15:46:47.876+0700] {processor.py:839} INFO - DAG(s) dict_keys(['example_branch_dop_operator_v3']) retrieved from /home/dwmhr/pln/venv/lib/python3.10/site-packages/airflow/example_dags/example_branch_python_dop_operator_3.py
[2025-08-07T15:46:47.964+0700] {logging_mixin.py:154} INFO - [2025-08-07T15:46:47.963+0700] {dag.py:2941} INFO - Sync 1 DAGs
[2025-08-07T15:46:48.076+0700] {logging_mixin.py:154} INFO - [2025-08-07T15:46:48.075+0700] {dag.py:3722} INFO - Setting next_dagrun for example_branch_dop_operator_v3 to 2025-08-07T08:45:00+00:00, run_after=2025-08-07T08:46:00+00:00
[2025-08-07T15:46:48.175+0700] {processor.py:179} INFO - Processing /home/dwmhr/pln/venv/lib/python3.10/site-packages/airflow/example_dags/example_branch_python_dop_operator_3.py took 0.393 seconds
[2025-08-07T15:47:43.141+0700] {processor.py:157} INFO - Started process (PID=114040) to work on /home/dwmhr/pln/venv/lib/python3.10/site-packages/airflow/example_dags/example_branch_python_dop_operator_3.py
[2025-08-07T15:47:43.147+0700] {processor.py:829} INFO - Processing file /home/dwmhr/pln/venv/lib/python3.10/site-packages/airflow/example_dags/example_branch_python_dop_operator_3.py for tasks to queue
[2025-08-07T15:47:43.149+0700] {logging_mixin.py:154} INFO - [2025-08-07T15:47:43.148+0700] {dagbag.py:536} INFO - Filling up the DagBag from /home/dwmhr/pln/venv/lib/python3.10/site-packages/airflow/example_dags/example_branch_python_dop_operator_3.py
[2025-08-07T15:47:43.168+0700] {processor.py:839} INFO - DAG(s) dict_keys(['example_branch_dop_operator_v3']) retrieved from /home/dwmhr/pln/venv/lib/python3.10/site-packages/airflow/example_dags/example_branch_python_dop_operator_3.py
[2025-08-07T15:47:43.204+0700] {logging_mixin.py:154} INFO - [2025-08-07T15:47:43.204+0700] {dag.py:2941} INFO - Sync 1 DAGs
[2025-08-07T15:47:43.249+0700] {logging_mixin.py:154} INFO - [2025-08-07T15:47:43.248+0700] {dag.py:3722} INFO - Setting next_dagrun for example_branch_dop_operator_v3 to 2025-08-07T08:46:00+00:00, run_after=2025-08-07T08:47:00+00:00
[2025-08-07T15:47:43.298+0700] {processor.py:179} INFO - Processing /home/dwmhr/pln/venv/lib/python3.10/site-packages/airflow/example_dags/example_branch_python_dop_operator_3.py took 0.164 seconds
[2025-08-07T15:48:38.617+0700] {processor.py:157} INFO - Started process (PID=114323) to work on /home/dwmhr/pln/venv/lib/python3.10/site-packages/airflow/example_dags/example_branch_python_dop_operator_3.py
[2025-08-07T15:48:38.637+0700] {processor.py:829} INFO - Processing file /home/dwmhr/pln/venv/lib/python3.10/site-packages/airflow/example_dags/example_branch_python_dop_operator_3.py for tasks to queue
[2025-08-07T15:48:38.649+0700] {logging_mixin.py:154} INFO - [2025-08-07T15:48:38.645+0700] {dagbag.py:536} INFO - Filling up the DagBag from /home/dwmhr/pln/venv/lib/python3.10/site-packages/airflow/example_dags/example_branch_python_dop_operator_3.py
[2025-08-07T15:48:38.774+0700] {processor.py:839} INFO - DAG(s) dict_keys(['example_branch_dop_operator_v3']) retrieved from /home/dwmhr/pln/venv/lib/python3.10/site-packages/airflow/example_dags/example_branch_python_dop_operator_3.py
[2025-08-07T15:48:39.111+0700] {logging_mixin.py:154} INFO - [2025-08-07T15:48:39.110+0700] {dag.py:2941} INFO - Sync 1 DAGs
[2025-08-07T15:48:39.481+0700] {logging_mixin.py:154} INFO - [2025-08-07T15:48:39.479+0700] {dag.py:3722} INFO - Setting next_dagrun for example_branch_dop_operator_v3 to 2025-08-07T08:47:00+00:00, run_after=2025-08-07T08:48:00+00:00
[2025-08-07T15:48:39.620+0700] {processor.py:179} INFO - Processing /home/dwmhr/pln/venv/lib/python3.10/site-packages/airflow/example_dags/example_branch_python_dop_operator_3.py took 1.086 seconds
[2025-08-07T15:49:50.864+0700] {processor.py:157} INFO - Started process (PID=114690) to work on /home/dwmhr/pln/venv/lib/python3.10/site-packages/airflow/example_dags/example_branch_python_dop_operator_3.py
[2025-08-07T15:49:50.868+0700] {processor.py:829} INFO - Processing file /home/dwmhr/pln/venv/lib/python3.10/site-packages/airflow/example_dags/example_branch_python_dop_operator_3.py for tasks to queue
[2025-08-07T15:49:50.871+0700] {logging_mixin.py:154} INFO - [2025-08-07T15:49:50.870+0700] {dagbag.py:536} INFO - Filling up the DagBag from /home/dwmhr/pln/venv/lib/python3.10/site-packages/airflow/example_dags/example_branch_python_dop_operator_3.py
[2025-08-07T15:49:50.906+0700] {processor.py:839} INFO - DAG(s) dict_keys(['example_branch_dop_operator_v3']) retrieved from /home/dwmhr/pln/venv/lib/python3.10/site-packages/airflow/example_dags/example_branch_python_dop_operator_3.py
[2025-08-07T15:49:50.965+0700] {logging_mixin.py:154} INFO - [2025-08-07T15:49:50.965+0700] {dag.py:2941} INFO - Sync 1 DAGs
[2025-08-07T15:49:51.043+0700] {logging_mixin.py:154} INFO - [2025-08-07T15:49:51.042+0700] {dag.py:3722} INFO - Setting next_dagrun for example_branch_dop_operator_v3 to 2025-08-07T08:48:00+00:00, run_after=2025-08-07T08:49:00+00:00
[2025-08-07T15:49:51.120+0700] {processor.py:179} INFO - Processing /home/dwmhr/pln/venv/lib/python3.10/site-packages/airflow/example_dags/example_branch_python_dop_operator_3.py took 0.265 seconds
[2025-08-07T15:51:14.047+0700] {processor.py:157} INFO - Started process (PID=115123) to work on /home/dwmhr/pln/venv/lib/python3.10/site-packages/airflow/example_dags/example_branch_python_dop_operator_3.py
[2025-08-07T15:51:14.051+0700] {processor.py:829} INFO - Processing file /home/dwmhr/pln/venv/lib/python3.10/site-packages/airflow/example_dags/example_branch_python_dop_operator_3.py for tasks to queue
[2025-08-07T15:51:14.055+0700] {logging_mixin.py:154} INFO - [2025-08-07T15:51:14.053+0700] {dagbag.py:536} INFO - Filling up the DagBag from /home/dwmhr/pln/venv/lib/python3.10/site-packages/airflow/example_dags/example_branch_python_dop_operator_3.py
[2025-08-07T15:51:14.086+0700] {processor.py:839} INFO - DAG(s) dict_keys(['example_branch_dop_operator_v3']) retrieved from /home/dwmhr/pln/venv/lib/python3.10/site-packages/airflow/example_dags/example_branch_python_dop_operator_3.py
[2025-08-07T15:51:14.156+0700] {logging_mixin.py:154} INFO - [2025-08-07T15:51:14.155+0700] {dag.py:2941} INFO - Sync 1 DAGs
[2025-08-07T15:51:14.235+0700] {logging_mixin.py:154} INFO - [2025-08-07T15:51:14.234+0700] {dag.py:3722} INFO - Setting next_dagrun for example_branch_dop_operator_v3 to 2025-08-07T08:50:00+00:00, run_after=2025-08-07T08:51:00+00:00
[2025-08-07T15:51:14.303+0700] {processor.py:179} INFO - Processing /home/dwmhr/pln/venv/lib/python3.10/site-packages/airflow/example_dags/example_branch_python_dop_operator_3.py took 0.268 seconds
[2025-08-07T15:53:33.575+0700] {processor.py:157} INFO - Started process (PID=115780) to work on /home/dwmhr/pln/venv/lib/python3.10/site-packages/airflow/example_dags/example_branch_python_dop_operator_3.py
[2025-08-07T15:53:33.578+0700] {processor.py:829} INFO - Processing file /home/dwmhr/pln/venv/lib/python3.10/site-packages/airflow/example_dags/example_branch_python_dop_operator_3.py for tasks to queue
[2025-08-07T15:53:33.579+0700] {logging_mixin.py:154} INFO - [2025-08-07T15:53:33.579+0700] {dagbag.py:536} INFO - Filling up the DagBag from /home/dwmhr/pln/venv/lib/python3.10/site-packages/airflow/example_dags/example_branch_python_dop_operator_3.py
[2025-08-07T15:53:33.588+0700] {processor.py:839} INFO - DAG(s) dict_keys(['example_branch_dop_operator_v3']) retrieved from /home/dwmhr/pln/venv/lib/python3.10/site-packages/airflow/example_dags/example_branch_python_dop_operator_3.py
[2025-08-07T15:53:33.605+0700] {logging_mixin.py:154} INFO - [2025-08-07T15:53:33.605+0700] {dag.py:2941} INFO - Sync 1 DAGs
[2025-08-07T15:53:33.627+0700] {logging_mixin.py:154} INFO - [2025-08-07T15:53:33.626+0700] {dag.py:3722} INFO - Setting next_dagrun for example_branch_dop_operator_v3 to 2025-08-07T08:52:00+00:00, run_after=2025-08-07T08:53:00+00:00
[2025-08-07T15:53:33.650+0700] {processor.py:179} INFO - Processing /home/dwmhr/pln/venv/lib/python3.10/site-packages/airflow/example_dags/example_branch_python_dop_operator_3.py took 0.078 seconds
[2025-08-07T15:55:14.325+0700] {processor.py:157} INFO - Started process (PID=116285) to work on /home/dwmhr/pln/venv/lib/python3.10/site-packages/airflow/example_dags/example_branch_python_dop_operator_3.py
[2025-08-07T15:55:14.334+0700] {processor.py:829} INFO - Processing file /home/dwmhr/pln/venv/lib/python3.10/site-packages/airflow/example_dags/example_branch_python_dop_operator_3.py for tasks to queue
[2025-08-07T15:55:14.337+0700] {logging_mixin.py:154} INFO - [2025-08-07T15:55:14.336+0700] {dagbag.py:536} INFO - Filling up the DagBag from /home/dwmhr/pln/venv/lib/python3.10/site-packages/airflow/example_dags/example_branch_python_dop_operator_3.py
[2025-08-07T15:55:14.363+0700] {processor.py:839} INFO - DAG(s) dict_keys(['example_branch_dop_operator_v3']) retrieved from /home/dwmhr/pln/venv/lib/python3.10/site-packages/airflow/example_dags/example_branch_python_dop_operator_3.py
[2025-08-07T15:55:14.410+0700] {logging_mixin.py:154} INFO - [2025-08-07T15:55:14.409+0700] {dag.py:2941} INFO - Sync 1 DAGs
[2025-08-07T15:55:14.474+0700] {logging_mixin.py:154} INFO - [2025-08-07T15:55:14.473+0700] {dag.py:3722} INFO - Setting next_dagrun for example_branch_dop_operator_v3 to 2025-08-07T08:54:00+00:00, run_after=2025-08-07T08:55:00+00:00
[2025-08-07T15:55:14.553+0700] {processor.py:179} INFO - Processing /home/dwmhr/pln/venv/lib/python3.10/site-packages/airflow/example_dags/example_branch_python_dop_operator_3.py took 0.238 seconds
[2025-08-07T15:56:35.772+0700] {processor.py:157} INFO - Started process (PID=116690) to work on /home/dwmhr/pln/venv/lib/python3.10/site-packages/airflow/example_dags/example_branch_python_dop_operator_3.py
[2025-08-07T15:56:35.775+0700] {processor.py:829} INFO - Processing file /home/dwmhr/pln/venv/lib/python3.10/site-packages/airflow/example_dags/example_branch_python_dop_operator_3.py for tasks to queue
[2025-08-07T15:56:35.777+0700] {logging_mixin.py:154} INFO - [2025-08-07T15:56:35.776+0700] {dagbag.py:536} INFO - Filling up the DagBag from /home/dwmhr/pln/venv/lib/python3.10/site-packages/airflow/example_dags/example_branch_python_dop_operator_3.py
[2025-08-07T15:56:35.799+0700] {processor.py:839} INFO - DAG(s) dict_keys(['example_branch_dop_operator_v3']) retrieved from /home/dwmhr/pln/venv/lib/python3.10/site-packages/airflow/example_dags/example_branch_python_dop_operator_3.py
[2025-08-07T15:56:35.839+0700] {logging_mixin.py:154} INFO - [2025-08-07T15:56:35.838+0700] {dag.py:2941} INFO - Sync 1 DAGs
[2025-08-07T15:56:35.889+0700] {logging_mixin.py:154} INFO - [2025-08-07T15:56:35.889+0700] {dag.py:3722} INFO - Setting next_dagrun for example_branch_dop_operator_v3 to 2025-08-07T08:55:00+00:00, run_after=2025-08-07T08:56:00+00:00
[2025-08-07T15:56:35.934+0700] {processor.py:179} INFO - Processing /home/dwmhr/pln/venv/lib/python3.10/site-packages/airflow/example_dags/example_branch_python_dop_operator_3.py took 0.170 seconds
[2025-08-07T15:57:39.938+0700] {processor.py:157} INFO - Started process (PID=117068) to work on /home/dwmhr/pln/venv/lib/python3.10/site-packages/airflow/example_dags/example_branch_python_dop_operator_3.py
[2025-08-07T15:57:39.941+0700] {processor.py:829} INFO - Processing file /home/dwmhr/pln/venv/lib/python3.10/site-packages/airflow/example_dags/example_branch_python_dop_operator_3.py for tasks to queue
[2025-08-07T15:57:39.943+0700] {logging_mixin.py:154} INFO - [2025-08-07T15:57:39.942+0700] {dagbag.py:536} INFO - Filling up the DagBag from /home/dwmhr/pln/venv/lib/python3.10/site-packages/airflow/example_dags/example_branch_python_dop_operator_3.py
[2025-08-07T15:57:39.966+0700] {processor.py:839} INFO - DAG(s) dict_keys(['example_branch_dop_operator_v3']) retrieved from /home/dwmhr/pln/venv/lib/python3.10/site-packages/airflow/example_dags/example_branch_python_dop_operator_3.py
[2025-08-07T15:57:40.015+0700] {logging_mixin.py:154} INFO - [2025-08-07T15:57:40.014+0700] {dag.py:2941} INFO - Sync 1 DAGs
[2025-08-07T15:57:40.082+0700] {logging_mixin.py:154} INFO - [2025-08-07T15:57:40.082+0700] {dag.py:3722} INFO - Setting next_dagrun for example_branch_dop_operator_v3 to 2025-08-07T08:56:00+00:00, run_after=2025-08-07T08:57:00+00:00
[2025-08-07T15:57:40.174+0700] {processor.py:179} INFO - Processing /home/dwmhr/pln/venv/lib/python3.10/site-packages/airflow/example_dags/example_branch_python_dop_operator_3.py took 0.243 seconds
[2025-08-07T16:00:12.121+0700] {processor.py:157} INFO - Started process (PID=117812) to work on /home/dwmhr/pln/venv/lib/python3.10/site-packages/airflow/example_dags/example_branch_python_dop_operator_3.py
[2025-08-07T16:00:12.125+0700] {processor.py:829} INFO - Processing file /home/dwmhr/pln/venv/lib/python3.10/site-packages/airflow/example_dags/example_branch_python_dop_operator_3.py for tasks to queue
[2025-08-07T16:00:12.128+0700] {logging_mixin.py:154} INFO - [2025-08-07T16:00:12.127+0700] {dagbag.py:536} INFO - Filling up the DagBag from /home/dwmhr/pln/venv/lib/python3.10/site-packages/airflow/example_dags/example_branch_python_dop_operator_3.py
[2025-08-07T16:00:12.154+0700] {processor.py:839} INFO - DAG(s) dict_keys(['example_branch_dop_operator_v3']) retrieved from /home/dwmhr/pln/venv/lib/python3.10/site-packages/airflow/example_dags/example_branch_python_dop_operator_3.py
[2025-08-07T16:00:12.192+0700] {logging_mixin.py:154} INFO - [2025-08-07T16:00:12.191+0700] {dag.py:2941} INFO - Sync 1 DAGs
[2025-08-07T16:00:12.265+0700] {logging_mixin.py:154} INFO - [2025-08-07T16:00:12.264+0700] {dag.py:3722} INFO - Setting next_dagrun for example_branch_dop_operator_v3 to 2025-08-07T08:59:00+00:00, run_after=2025-08-07T09:00:00+00:00
[2025-08-07T16:00:12.343+0700] {processor.py:179} INFO - Processing /home/dwmhr/pln/venv/lib/python3.10/site-packages/airflow/example_dags/example_branch_python_dop_operator_3.py took 0.232 seconds
[2025-08-07T16:04:23.527+0700] {processor.py:157} INFO - Started process (PID=118967) to work on /home/dwmhr/pln/venv/lib/python3.10/site-packages/airflow/example_dags/example_branch_python_dop_operator_3.py
[2025-08-07T16:04:23.534+0700] {processor.py:829} INFO - Processing file /home/dwmhr/pln/venv/lib/python3.10/site-packages/airflow/example_dags/example_branch_python_dop_operator_3.py for tasks to queue
[2025-08-07T16:04:23.539+0700] {logging_mixin.py:154} INFO - [2025-08-07T16:04:23.537+0700] {dagbag.py:536} INFO - Filling up the DagBag from /home/dwmhr/pln/venv/lib/python3.10/site-packages/airflow/example_dags/example_branch_python_dop_operator_3.py
[2025-08-07T16:04:23.595+0700] {processor.py:839} INFO - DAG(s) dict_keys(['example_branch_dop_operator_v3']) retrieved from /home/dwmhr/pln/venv/lib/python3.10/site-packages/airflow/example_dags/example_branch_python_dop_operator_3.py
[2025-08-07T16:04:23.685+0700] {logging_mixin.py:154} INFO - [2025-08-07T16:04:23.684+0700] {dag.py:2941} INFO - Sync 1 DAGs
[2025-08-07T16:04:23.792+0700] {logging_mixin.py:154} INFO - [2025-08-07T16:04:23.791+0700] {dag.py:3722} INFO - Setting next_dagrun for example_branch_dop_operator_v3 to 2025-08-07T09:03:00+00:00, run_after=2025-08-07T09:04:00+00:00
[2025-08-07T16:04:23.883+0700] {processor.py:179} INFO - Processing /home/dwmhr/pln/venv/lib/python3.10/site-packages/airflow/example_dags/example_branch_python_dop_operator_3.py took 0.374 seconds
[2025-08-07T16:05:21.627+0700] {processor.py:157} INFO - Started process (PID=119279) to work on /home/dwmhr/pln/venv/lib/python3.10/site-packages/airflow/example_dags/example_branch_python_dop_operator_3.py
[2025-08-07T16:05:21.628+0700] {processor.py:829} INFO - Processing file /home/dwmhr/pln/venv/lib/python3.10/site-packages/airflow/example_dags/example_branch_python_dop_operator_3.py for tasks to queue
[2025-08-07T16:05:21.629+0700] {logging_mixin.py:154} INFO - [2025-08-07T16:05:21.629+0700] {dagbag.py:536} INFO - Filling up the DagBag from /home/dwmhr/pln/venv/lib/python3.10/site-packages/airflow/example_dags/example_branch_python_dop_operator_3.py
[2025-08-07T16:05:21.637+0700] {processor.py:839} INFO - DAG(s) dict_keys(['example_branch_dop_operator_v3']) retrieved from /home/dwmhr/pln/venv/lib/python3.10/site-packages/airflow/example_dags/example_branch_python_dop_operator_3.py
[2025-08-07T16:05:21.652+0700] {logging_mixin.py:154} INFO - [2025-08-07T16:05:21.652+0700] {dag.py:2941} INFO - Sync 1 DAGs
[2025-08-07T16:05:21.671+0700] {logging_mixin.py:154} INFO - [2025-08-07T16:05:21.671+0700] {dag.py:3722} INFO - Setting next_dagrun for example_branch_dop_operator_v3 to 2025-08-07T09:04:00+00:00, run_after=2025-08-07T09:05:00+00:00
[2025-08-07T16:05:21.691+0700] {processor.py:179} INFO - Processing /home/dwmhr/pln/venv/lib/python3.10/site-packages/airflow/example_dags/example_branch_python_dop_operator_3.py took 0.067 seconds
[2025-08-07T16:06:46.154+0700] {processor.py:157} INFO - Started process (PID=119663) to work on /home/dwmhr/pln/venv/lib/python3.10/site-packages/airflow/example_dags/example_branch_python_dop_operator_3.py
[2025-08-07T16:06:46.160+0700] {processor.py:829} INFO - Processing file /home/dwmhr/pln/venv/lib/python3.10/site-packages/airflow/example_dags/example_branch_python_dop_operator_3.py for tasks to queue
[2025-08-07T16:06:46.172+0700] {logging_mixin.py:154} INFO - [2025-08-07T16:06:46.162+0700] {dagbag.py:536} INFO - Filling up the DagBag from /home/dwmhr/pln/venv/lib/python3.10/site-packages/airflow/example_dags/example_branch_python_dop_operator_3.py
[2025-08-07T16:06:46.242+0700] {processor.py:839} INFO - DAG(s) dict_keys(['example_branch_dop_operator_v3']) retrieved from /home/dwmhr/pln/venv/lib/python3.10/site-packages/airflow/example_dags/example_branch_python_dop_operator_3.py
[2025-08-07T16:06:46.362+0700] {logging_mixin.py:154} INFO - [2025-08-07T16:06:46.362+0700] {dag.py:2941} INFO - Sync 1 DAGs
[2025-08-07T16:06:46.518+0700] {logging_mixin.py:154} INFO - [2025-08-07T16:06:46.518+0700] {dag.py:3722} INFO - Setting next_dagrun for example_branch_dop_operator_v3 to 2025-08-07T09:05:00+00:00, run_after=2025-08-07T09:06:00+00:00
[2025-08-07T16:06:46.650+0700] {processor.py:179} INFO - Processing /home/dwmhr/pln/venv/lib/python3.10/site-packages/airflow/example_dags/example_branch_python_dop_operator_3.py took 0.521 seconds
[2025-08-07T16:07:59.264+0700] {processor.py:157} INFO - Started process (PID=120068) to work on /home/dwmhr/pln/venv/lib/python3.10/site-packages/airflow/example_dags/example_branch_python_dop_operator_3.py
[2025-08-07T16:07:59.271+0700] {processor.py:829} INFO - Processing file /home/dwmhr/pln/venv/lib/python3.10/site-packages/airflow/example_dags/example_branch_python_dop_operator_3.py for tasks to queue
[2025-08-07T16:07:59.273+0700] {logging_mixin.py:154} INFO - [2025-08-07T16:07:59.272+0700] {dagbag.py:536} INFO - Filling up the DagBag from /home/dwmhr/pln/venv/lib/python3.10/site-packages/airflow/example_dags/example_branch_python_dop_operator_3.py
[2025-08-07T16:07:59.293+0700] {processor.py:839} INFO - DAG(s) dict_keys(['example_branch_dop_operator_v3']) retrieved from /home/dwmhr/pln/venv/lib/python3.10/site-packages/airflow/example_dags/example_branch_python_dop_operator_3.py
[2025-08-07T16:07:59.323+0700] {logging_mixin.py:154} INFO - [2025-08-07T16:07:59.323+0700] {dag.py:2941} INFO - Sync 1 DAGs
[2025-08-07T16:07:59.364+0700] {logging_mixin.py:154} INFO - [2025-08-07T16:07:59.364+0700] {dag.py:3722} INFO - Setting next_dagrun for example_branch_dop_operator_v3 to 2025-08-07T09:06:00+00:00, run_after=2025-08-07T09:07:00+00:00
[2025-08-07T16:07:59.410+0700] {processor.py:179} INFO - Processing /home/dwmhr/pln/venv/lib/python3.10/site-packages/airflow/example_dags/example_branch_python_dop_operator_3.py took 0.152 seconds
[2025-08-07T16:09:12.907+0700] {processor.py:157} INFO - Started process (PID=120407) to work on /home/dwmhr/pln/venv/lib/python3.10/site-packages/airflow/example_dags/example_branch_python_dop_operator_3.py
[2025-08-07T16:09:12.913+0700] {processor.py:829} INFO - Processing file /home/dwmhr/pln/venv/lib/python3.10/site-packages/airflow/example_dags/example_branch_python_dop_operator_3.py for tasks to queue
[2025-08-07T16:09:12.918+0700] {logging_mixin.py:154} INFO - [2025-08-07T16:09:12.916+0700] {dagbag.py:536} INFO - Filling up the DagBag from /home/dwmhr/pln/venv/lib/python3.10/site-packages/airflow/example_dags/example_branch_python_dop_operator_3.py
[2025-08-07T16:09:12.955+0700] {processor.py:839} INFO - DAG(s) dict_keys(['example_branch_dop_operator_v3']) retrieved from /home/dwmhr/pln/venv/lib/python3.10/site-packages/airflow/example_dags/example_branch_python_dop_operator_3.py
[2025-08-07T16:09:13.023+0700] {logging_mixin.py:154} INFO - [2025-08-07T16:09:13.022+0700] {dag.py:2941} INFO - Sync 1 DAGs
[2025-08-07T16:09:13.092+0700] {logging_mixin.py:154} INFO - [2025-08-07T16:09:13.092+0700] {dag.py:3722} INFO - Setting next_dagrun for example_branch_dop_operator_v3 to 2025-08-07T09:08:00+00:00, run_after=2025-08-07T09:09:00+00:00
[2025-08-07T16:09:13.171+0700] {processor.py:179} INFO - Processing /home/dwmhr/pln/venv/lib/python3.10/site-packages/airflow/example_dags/example_branch_python_dop_operator_3.py took 0.278 seconds
[2025-08-07T16:10:31.607+0700] {processor.py:157} INFO - Started process (PID=120811) to work on /home/dwmhr/pln/venv/lib/python3.10/site-packages/airflow/example_dags/example_branch_python_dop_operator_3.py
[2025-08-07T16:10:31.611+0700] {processor.py:829} INFO - Processing file /home/dwmhr/pln/venv/lib/python3.10/site-packages/airflow/example_dags/example_branch_python_dop_operator_3.py for tasks to queue
[2025-08-07T16:10:31.613+0700] {logging_mixin.py:154} INFO - [2025-08-07T16:10:31.612+0700] {dagbag.py:536} INFO - Filling up the DagBag from /home/dwmhr/pln/venv/lib/python3.10/site-packages/airflow/example_dags/example_branch_python_dop_operator_3.py
[2025-08-07T16:10:31.638+0700] {processor.py:839} INFO - DAG(s) dict_keys(['example_branch_dop_operator_v3']) retrieved from /home/dwmhr/pln/venv/lib/python3.10/site-packages/airflow/example_dags/example_branch_python_dop_operator_3.py
[2025-08-07T16:10:31.704+0700] {logging_mixin.py:154} INFO - [2025-08-07T16:10:31.703+0700] {dag.py:2941} INFO - Sync 1 DAGs
[2025-08-07T16:10:31.774+0700] {logging_mixin.py:154} INFO - [2025-08-07T16:10:31.774+0700] {dag.py:3722} INFO - Setting next_dagrun for example_branch_dop_operator_v3 to 2025-08-07T09:09:00+00:00, run_after=2025-08-07T09:10:00+00:00
[2025-08-07T16:10:31.830+0700] {processor.py:179} INFO - Processing /home/dwmhr/pln/venv/lib/python3.10/site-packages/airflow/example_dags/example_branch_python_dop_operator_3.py took 0.234 seconds
[2025-08-07T16:11:25.597+0700] {processor.py:157} INFO - Started process (PID=121104) to work on /home/dwmhr/pln/venv/lib/python3.10/site-packages/airflow/example_dags/example_branch_python_dop_operator_3.py
[2025-08-07T16:11:25.600+0700] {processor.py:829} INFO - Processing file /home/dwmhr/pln/venv/lib/python3.10/site-packages/airflow/example_dags/example_branch_python_dop_operator_3.py for tasks to queue
[2025-08-07T16:11:25.602+0700] {logging_mixin.py:154} INFO - [2025-08-07T16:11:25.601+0700] {dagbag.py:536} INFO - Filling up the DagBag from /home/dwmhr/pln/venv/lib/python3.10/site-packages/airflow/example_dags/example_branch_python_dop_operator_3.py
[2025-08-07T16:11:25.619+0700] {processor.py:839} INFO - DAG(s) dict_keys(['example_branch_dop_operator_v3']) retrieved from /home/dwmhr/pln/venv/lib/python3.10/site-packages/airflow/example_dags/example_branch_python_dop_operator_3.py
[2025-08-07T16:11:25.648+0700] {logging_mixin.py:154} INFO - [2025-08-07T16:11:25.648+0700] {dag.py:2941} INFO - Sync 1 DAGs
[2025-08-07T16:11:25.691+0700] {logging_mixin.py:154} INFO - [2025-08-07T16:11:25.690+0700] {dag.py:3722} INFO - Setting next_dagrun for example_branch_dop_operator_v3 to 2025-08-07T09:10:00+00:00, run_after=2025-08-07T09:11:00+00:00
[2025-08-07T16:11:25.736+0700] {processor.py:179} INFO - Processing /home/dwmhr/pln/venv/lib/python3.10/site-packages/airflow/example_dags/example_branch_python_dop_operator_3.py took 0.145 seconds
[2025-08-07T16:12:18.622+0700] {processor.py:157} INFO - Started process (PID=121356) to work on /home/dwmhr/pln/venv/lib/python3.10/site-packages/airflow/example_dags/example_branch_python_dop_operator_3.py
[2025-08-07T16:12:18.626+0700] {processor.py:829} INFO - Processing file /home/dwmhr/pln/venv/lib/python3.10/site-packages/airflow/example_dags/example_branch_python_dop_operator_3.py for tasks to queue
[2025-08-07T16:12:18.629+0700] {logging_mixin.py:154} INFO - [2025-08-07T16:12:18.628+0700] {dagbag.py:536} INFO - Filling up the DagBag from /home/dwmhr/pln/venv/lib/python3.10/site-packages/airflow/example_dags/example_branch_python_dop_operator_3.py
[2025-08-07T16:12:18.661+0700] {processor.py:839} INFO - DAG(s) dict_keys(['example_branch_dop_operator_v3']) retrieved from /home/dwmhr/pln/venv/lib/python3.10/site-packages/airflow/example_dags/example_branch_python_dop_operator_3.py
[2025-08-07T16:12:18.727+0700] {logging_mixin.py:154} INFO - [2025-08-07T16:12:18.727+0700] {dag.py:2941} INFO - Sync 1 DAGs
[2025-08-07T16:12:18.797+0700] {logging_mixin.py:154} INFO - [2025-08-07T16:12:18.796+0700] {dag.py:3722} INFO - Setting next_dagrun for example_branch_dop_operator_v3 to 2025-08-07T09:11:00+00:00, run_after=2025-08-07T09:12:00+00:00
[2025-08-07T16:12:18.873+0700] {processor.py:179} INFO - Processing /home/dwmhr/pln/venv/lib/python3.10/site-packages/airflow/example_dags/example_branch_python_dop_operator_3.py took 0.263 seconds
[2025-08-07T16:13:31.463+0700] {processor.py:157} INFO - Started process (PID=121760) to work on /home/dwmhr/pln/venv/lib/python3.10/site-packages/airflow/example_dags/example_branch_python_dop_operator_3.py
[2025-08-07T16:13:31.468+0700] {processor.py:829} INFO - Processing file /home/dwmhr/pln/venv/lib/python3.10/site-packages/airflow/example_dags/example_branch_python_dop_operator_3.py for tasks to queue
[2025-08-07T16:13:31.470+0700] {logging_mixin.py:154} INFO - [2025-08-07T16:13:31.469+0700] {dagbag.py:536} INFO - Filling up the DagBag from /home/dwmhr/pln/venv/lib/python3.10/site-packages/airflow/example_dags/example_branch_python_dop_operator_3.py
[2025-08-07T16:13:31.483+0700] {processor.py:839} INFO - DAG(s) dict_keys(['example_branch_dop_operator_v3']) retrieved from /home/dwmhr/pln/venv/lib/python3.10/site-packages/airflow/example_dags/example_branch_python_dop_operator_3.py
[2025-08-07T16:13:31.506+0700] {logging_mixin.py:154} INFO - [2025-08-07T16:13:31.506+0700] {dag.py:2941} INFO - Sync 1 DAGs
[2025-08-07T16:13:31.536+0700] {logging_mixin.py:154} INFO - [2025-08-07T16:13:31.535+0700] {dag.py:3722} INFO - Setting next_dagrun for example_branch_dop_operator_v3 to 2025-08-07T09:12:00+00:00, run_after=2025-08-07T09:13:00+00:00
[2025-08-07T16:13:31.574+0700] {processor.py:179} INFO - Processing /home/dwmhr/pln/venv/lib/python3.10/site-packages/airflow/example_dags/example_branch_python_dop_operator_3.py took 0.115 seconds
[2025-08-07T16:14:47.712+0700] {processor.py:157} INFO - Started process (PID=122170) to work on /home/dwmhr/pln/venv/lib/python3.10/site-packages/airflow/example_dags/example_branch_python_dop_operator_3.py
[2025-08-07T16:14:47.719+0700] {processor.py:829} INFO - Processing file /home/dwmhr/pln/venv/lib/python3.10/site-packages/airflow/example_dags/example_branch_python_dop_operator_3.py for tasks to queue
[2025-08-07T16:14:47.723+0700] {logging_mixin.py:154} INFO - [2025-08-07T16:14:47.721+0700] {dagbag.py:536} INFO - Filling up the DagBag from /home/dwmhr/pln/venv/lib/python3.10/site-packages/airflow/example_dags/example_branch_python_dop_operator_3.py
[2025-08-07T16:14:47.778+0700] {processor.py:839} INFO - DAG(s) dict_keys(['example_branch_dop_operator_v3']) retrieved from /home/dwmhr/pln/venv/lib/python3.10/site-packages/airflow/example_dags/example_branch_python_dop_operator_3.py
[2025-08-07T16:14:47.871+0700] {logging_mixin.py:154} INFO - [2025-08-07T16:14:47.870+0700] {dag.py:2941} INFO - Sync 1 DAGs
[2025-08-07T16:14:48.043+0700] {logging_mixin.py:154} INFO - [2025-08-07T16:14:48.042+0700] {dag.py:3722} INFO - Setting next_dagrun for example_branch_dop_operator_v3 to 2025-08-07T09:13:00+00:00, run_after=2025-08-07T09:14:00+00:00
[2025-08-07T16:14:48.167+0700] {processor.py:179} INFO - Processing /home/dwmhr/pln/venv/lib/python3.10/site-packages/airflow/example_dags/example_branch_python_dop_operator_3.py took 0.476 seconds
[2025-08-07T16:15:59.229+0700] {processor.py:157} INFO - Started process (PID=122505) to work on /home/dwmhr/pln/venv/lib/python3.10/site-packages/airflow/example_dags/example_branch_python_dop_operator_3.py
[2025-08-07T16:15:59.234+0700] {processor.py:829} INFO - Processing file /home/dwmhr/pln/venv/lib/python3.10/site-packages/airflow/example_dags/example_branch_python_dop_operator_3.py for tasks to queue
[2025-08-07T16:15:59.238+0700] {logging_mixin.py:154} INFO - [2025-08-07T16:15:59.237+0700] {dagbag.py:536} INFO - Filling up the DagBag from /home/dwmhr/pln/venv/lib/python3.10/site-packages/airflow/example_dags/example_branch_python_dop_operator_3.py
[2025-08-07T16:15:59.286+0700] {processor.py:839} INFO - DAG(s) dict_keys(['example_branch_dop_operator_v3']) retrieved from /home/dwmhr/pln/venv/lib/python3.10/site-packages/airflow/example_dags/example_branch_python_dop_operator_3.py
[2025-08-07T16:15:59.378+0700] {logging_mixin.py:154} INFO - [2025-08-07T16:15:59.377+0700] {dag.py:2941} INFO - Sync 1 DAGs
[2025-08-07T16:15:59.505+0700] {logging_mixin.py:154} INFO - [2025-08-07T16:15:59.504+0700] {dag.py:3722} INFO - Setting next_dagrun for example_branch_dop_operator_v3 to 2025-08-07T09:14:00+00:00, run_after=2025-08-07T09:15:00+00:00
[2025-08-07T16:15:59.641+0700] {processor.py:179} INFO - Processing /home/dwmhr/pln/venv/lib/python3.10/site-packages/airflow/example_dags/example_branch_python_dop_operator_3.py took 0.433 seconds
[2025-08-07T16:17:01.914+0700] {processor.py:157} INFO - Started process (PID=122823) to work on /home/dwmhr/pln/venv/lib/python3.10/site-packages/airflow/example_dags/example_branch_python_dop_operator_3.py
[2025-08-07T16:17:01.918+0700] {processor.py:829} INFO - Processing file /home/dwmhr/pln/venv/lib/python3.10/site-packages/airflow/example_dags/example_branch_python_dop_operator_3.py for tasks to queue
[2025-08-07T16:17:01.921+0700] {logging_mixin.py:154} INFO - [2025-08-07T16:17:01.919+0700] {dagbag.py:536} INFO - Filling up the DagBag from /home/dwmhr/pln/venv/lib/python3.10/site-packages/airflow/example_dags/example_branch_python_dop_operator_3.py
[2025-08-07T16:17:01.951+0700] {processor.py:839} INFO - DAG(s) dict_keys(['example_branch_dop_operator_v3']) retrieved from /home/dwmhr/pln/venv/lib/python3.10/site-packages/airflow/example_dags/example_branch_python_dop_operator_3.py
[2025-08-07T16:17:02.012+0700] {logging_mixin.py:154} INFO - [2025-08-07T16:17:02.011+0700] {dag.py:2941} INFO - Sync 1 DAGs
[2025-08-07T16:17:02.077+0700] {logging_mixin.py:154} INFO - [2025-08-07T16:17:02.076+0700] {dag.py:3722} INFO - Setting next_dagrun for example_branch_dop_operator_v3 to 2025-08-07T09:16:00+00:00, run_after=2025-08-07T09:17:00+00:00
[2025-08-07T16:17:02.160+0700] {processor.py:179} INFO - Processing /home/dwmhr/pln/venv/lib/python3.10/site-packages/airflow/example_dags/example_branch_python_dop_operator_3.py took 0.258 seconds
[2025-08-07T16:18:05.641+0700] {processor.py:157} INFO - Started process (PID=123117) to work on /home/dwmhr/pln/venv/lib/python3.10/site-packages/airflow/example_dags/example_branch_python_dop_operator_3.py
[2025-08-07T16:18:05.646+0700] {processor.py:829} INFO - Processing file /home/dwmhr/pln/venv/lib/python3.10/site-packages/airflow/example_dags/example_branch_python_dop_operator_3.py for tasks to queue
[2025-08-07T16:18:05.653+0700] {logging_mixin.py:154} INFO - [2025-08-07T16:18:05.651+0700] {dagbag.py:536} INFO - Filling up the DagBag from /home/dwmhr/pln/venv/lib/python3.10/site-packages/airflow/example_dags/example_branch_python_dop_operator_3.py
[2025-08-07T16:18:05.695+0700] {processor.py:839} INFO - DAG(s) dict_keys(['example_branch_dop_operator_v3']) retrieved from /home/dwmhr/pln/venv/lib/python3.10/site-packages/airflow/example_dags/example_branch_python_dop_operator_3.py
[2025-08-07T16:18:05.766+0700] {logging_mixin.py:154} INFO - [2025-08-07T16:18:05.766+0700] {dag.py:2941} INFO - Sync 1 DAGs
[2025-08-07T16:18:05.853+0700] {logging_mixin.py:154} INFO - [2025-08-07T16:18:05.852+0700] {dag.py:3722} INFO - Setting next_dagrun for example_branch_dop_operator_v3 to 2025-08-07T09:17:00+00:00, run_after=2025-08-07T09:18:00+00:00
[2025-08-07T16:18:05.933+0700] {processor.py:179} INFO - Processing /home/dwmhr/pln/venv/lib/python3.10/site-packages/airflow/example_dags/example_branch_python_dop_operator_3.py took 0.309 seconds
[2025-08-07T16:18:55.676+0700] {processor.py:157} INFO - Started process (PID=123400) to work on /home/dwmhr/pln/venv/lib/python3.10/site-packages/airflow/example_dags/example_branch_python_dop_operator_3.py
[2025-08-07T16:18:55.678+0700] {processor.py:829} INFO - Processing file /home/dwmhr/pln/venv/lib/python3.10/site-packages/airflow/example_dags/example_branch_python_dop_operator_3.py for tasks to queue
[2025-08-07T16:18:55.678+0700] {logging_mixin.py:154} INFO - [2025-08-07T16:18:55.678+0700] {dagbag.py:536} INFO - Filling up the DagBag from /home/dwmhr/pln/venv/lib/python3.10/site-packages/airflow/example_dags/example_branch_python_dop_operator_3.py
[2025-08-07T16:18:55.686+0700] {processor.py:839} INFO - DAG(s) dict_keys(['example_branch_dop_operator_v3']) retrieved from /home/dwmhr/pln/venv/lib/python3.10/site-packages/airflow/example_dags/example_branch_python_dop_operator_3.py
[2025-08-07T16:18:55.699+0700] {logging_mixin.py:154} INFO - [2025-08-07T16:18:55.699+0700] {dag.py:2941} INFO - Sync 1 DAGs
[2025-08-07T16:18:55.714+0700] {logging_mixin.py:154} INFO - [2025-08-07T16:18:55.714+0700] {dag.py:3722} INFO - Setting next_dagrun for example_branch_dop_operator_v3 to 2025-08-07T09:17:00+00:00, run_after=2025-08-07T09:18:00+00:00
[2025-08-07T16:18:55.732+0700] {processor.py:179} INFO - Processing /home/dwmhr/pln/venv/lib/python3.10/site-packages/airflow/example_dags/example_branch_python_dop_operator_3.py took 0.059 seconds
[2025-08-07T16:27:21.907+0700] {processor.py:157} INFO - Started process (PID=125573) to work on /home/dwmhr/pln/venv/lib/python3.10/site-packages/airflow/example_dags/example_branch_python_dop_operator_3.py
[2025-08-07T16:27:21.912+0700] {processor.py:829} INFO - Processing file /home/dwmhr/pln/venv/lib/python3.10/site-packages/airflow/example_dags/example_branch_python_dop_operator_3.py for tasks to queue
[2025-08-07T16:27:21.916+0700] {logging_mixin.py:154} INFO - [2025-08-07T16:27:21.914+0700] {dagbag.py:536} INFO - Filling up the DagBag from /home/dwmhr/pln/venv/lib/python3.10/site-packages/airflow/example_dags/example_branch_python_dop_operator_3.py
[2025-08-07T16:27:21.946+0700] {processor.py:839} INFO - DAG(s) dict_keys(['example_branch_dop_operator_v3']) retrieved from /home/dwmhr/pln/venv/lib/python3.10/site-packages/airflow/example_dags/example_branch_python_dop_operator_3.py
[2025-08-07T16:27:21.996+0700] {logging_mixin.py:154} INFO - [2025-08-07T16:27:21.996+0700] {dag.py:2941} INFO - Sync 1 DAGs
[2025-08-07T16:27:22.298+0700] {logging_mixin.py:154} INFO - [2025-08-07T16:27:22.298+0700] {dag.py:3722} INFO - Setting next_dagrun for example_branch_dop_operator_v3 to 2025-08-07T09:26:00+00:00, run_after=2025-08-07T09:27:00+00:00
[2025-08-07T16:27:22.354+0700] {processor.py:179} INFO - Processing /home/dwmhr/pln/venv/lib/python3.10/site-packages/airflow/example_dags/example_branch_python_dop_operator_3.py took 0.456 seconds
[2025-08-07T16:28:43.234+0700] {processor.py:157} INFO - Started process (PID=125936) to work on /home/dwmhr/pln/venv/lib/python3.10/site-packages/airflow/example_dags/example_branch_python_dop_operator_3.py
[2025-08-07T16:28:43.236+0700] {processor.py:829} INFO - Processing file /home/dwmhr/pln/venv/lib/python3.10/site-packages/airflow/example_dags/example_branch_python_dop_operator_3.py for tasks to queue
[2025-08-07T16:28:43.237+0700] {logging_mixin.py:154} INFO - [2025-08-07T16:28:43.236+0700] {dagbag.py:536} INFO - Filling up the DagBag from /home/dwmhr/pln/venv/lib/python3.10/site-packages/airflow/example_dags/example_branch_python_dop_operator_3.py
[2025-08-07T16:28:43.245+0700] {processor.py:839} INFO - DAG(s) dict_keys(['example_branch_dop_operator_v3']) retrieved from /home/dwmhr/pln/venv/lib/python3.10/site-packages/airflow/example_dags/example_branch_python_dop_operator_3.py
[2025-08-07T16:28:43.261+0700] {logging_mixin.py:154} INFO - [2025-08-07T16:28:43.260+0700] {dag.py:2941} INFO - Sync 1 DAGs
[2025-08-07T16:28:43.281+0700] {logging_mixin.py:154} INFO - [2025-08-07T16:28:43.281+0700] {dag.py:3722} INFO - Setting next_dagrun for example_branch_dop_operator_v3 to 2025-08-07T09:27:00+00:00, run_after=2025-08-07T09:28:00+00:00
[2025-08-07T16:28:43.303+0700] {processor.py:179} INFO - Processing /home/dwmhr/pln/venv/lib/python3.10/site-packages/airflow/example_dags/example_branch_python_dop_operator_3.py took 0.073 seconds
[2025-08-07T16:29:40.731+0700] {processor.py:157} INFO - Started process (PID=126227) to work on /home/dwmhr/pln/venv/lib/python3.10/site-packages/airflow/example_dags/example_branch_python_dop_operator_3.py
[2025-08-07T16:29:40.733+0700] {processor.py:829} INFO - Processing file /home/dwmhr/pln/venv/lib/python3.10/site-packages/airflow/example_dags/example_branch_python_dop_operator_3.py for tasks to queue
[2025-08-07T16:29:40.734+0700] {logging_mixin.py:154} INFO - [2025-08-07T16:29:40.733+0700] {dagbag.py:536} INFO - Filling up the DagBag from /home/dwmhr/pln/venv/lib/python3.10/site-packages/airflow/example_dags/example_branch_python_dop_operator_3.py
[2025-08-07T16:29:40.744+0700] {processor.py:839} INFO - DAG(s) dict_keys(['example_branch_dop_operator_v3']) retrieved from /home/dwmhr/pln/venv/lib/python3.10/site-packages/airflow/example_dags/example_branch_python_dop_operator_3.py
[2025-08-07T16:29:40.877+0700] {logging_mixin.py:154} INFO - [2025-08-07T16:29:40.877+0700] {dag.py:2941} INFO - Sync 1 DAGs
[2025-08-07T16:29:40.895+0700] {logging_mixin.py:154} INFO - [2025-08-07T16:29:40.895+0700] {dag.py:3722} INFO - Setting next_dagrun for example_branch_dop_operator_v3 to 2025-08-07T09:28:00+00:00, run_after=2025-08-07T09:29:00+00:00
[2025-08-07T16:29:40.934+0700] {processor.py:179} INFO - Processing /home/dwmhr/pln/venv/lib/python3.10/site-packages/airflow/example_dags/example_branch_python_dop_operator_3.py took 0.208 seconds
[2025-08-07T16:30:44.527+0700] {processor.py:157} INFO - Started process (PID=126533) to work on /home/dwmhr/pln/venv/lib/python3.10/site-packages/airflow/example_dags/example_branch_python_dop_operator_3.py
[2025-08-07T16:30:44.530+0700] {processor.py:829} INFO - Processing file /home/dwmhr/pln/venv/lib/python3.10/site-packages/airflow/example_dags/example_branch_python_dop_operator_3.py for tasks to queue
[2025-08-07T16:30:44.532+0700] {logging_mixin.py:154} INFO - [2025-08-07T16:30:44.531+0700] {dagbag.py:536} INFO - Filling up the DagBag from /home/dwmhr/pln/venv/lib/python3.10/site-packages/airflow/example_dags/example_branch_python_dop_operator_3.py
[2025-08-07T16:30:44.544+0700] {processor.py:839} INFO - DAG(s) dict_keys(['example_branch_dop_operator_v3']) retrieved from /home/dwmhr/pln/venv/lib/python3.10/site-packages/airflow/example_dags/example_branch_python_dop_operator_3.py
[2025-08-07T16:30:44.565+0700] {logging_mixin.py:154} INFO - [2025-08-07T16:30:44.565+0700] {dag.py:2941} INFO - Sync 1 DAGs
[2025-08-07T16:30:44.590+0700] {logging_mixin.py:154} INFO - [2025-08-07T16:30:44.590+0700] {dag.py:3722} INFO - Setting next_dagrun for example_branch_dop_operator_v3 to 2025-08-07T09:29:00+00:00, run_after=2025-08-07T09:30:00+00:00
[2025-08-07T16:30:44.627+0700] {processor.py:179} INFO - Processing /home/dwmhr/pln/venv/lib/python3.10/site-packages/airflow/example_dags/example_branch_python_dop_operator_3.py took 0.105 seconds
[2025-08-07T16:31:47.758+0700] {processor.py:157} INFO - Started process (PID=126850) to work on /home/dwmhr/pln/venv/lib/python3.10/site-packages/airflow/example_dags/example_branch_python_dop_operator_3.py
[2025-08-07T16:31:47.761+0700] {processor.py:829} INFO - Processing file /home/dwmhr/pln/venv/lib/python3.10/site-packages/airflow/example_dags/example_branch_python_dop_operator_3.py for tasks to queue
[2025-08-07T16:31:47.763+0700] {logging_mixin.py:154} INFO - [2025-08-07T16:31:47.762+0700] {dagbag.py:536} INFO - Filling up the DagBag from /home/dwmhr/pln/venv/lib/python3.10/site-packages/airflow/example_dags/example_branch_python_dop_operator_3.py
[2025-08-07T16:31:47.781+0700] {processor.py:839} INFO - DAG(s) dict_keys(['example_branch_dop_operator_v3']) retrieved from /home/dwmhr/pln/venv/lib/python3.10/site-packages/airflow/example_dags/example_branch_python_dop_operator_3.py
[2025-08-07T16:31:47.812+0700] {logging_mixin.py:154} INFO - [2025-08-07T16:31:47.812+0700] {dag.py:2941} INFO - Sync 1 DAGs
[2025-08-07T16:31:47.851+0700] {logging_mixin.py:154} INFO - [2025-08-07T16:31:47.851+0700] {dag.py:3722} INFO - Setting next_dagrun for example_branch_dop_operator_v3 to 2025-08-07T09:30:00+00:00, run_after=2025-08-07T09:31:00+00:00
[2025-08-07T16:31:47.888+0700] {processor.py:179} INFO - Processing /home/dwmhr/pln/venv/lib/python3.10/site-packages/airflow/example_dags/example_branch_python_dop_operator_3.py took 0.136 seconds
[2025-08-07T16:33:54.262+0700] {processor.py:157} INFO - Started process (PID=127353) to work on /home/dwmhr/pln/venv/lib/python3.10/site-packages/airflow/example_dags/example_branch_python_dop_operator_3.py
[2025-08-07T16:33:54.264+0700] {processor.py:829} INFO - Processing file /home/dwmhr/pln/venv/lib/python3.10/site-packages/airflow/example_dags/example_branch_python_dop_operator_3.py for tasks to queue
[2025-08-07T16:33:54.265+0700] {logging_mixin.py:154} INFO - [2025-08-07T16:33:54.265+0700] {dagbag.py:536} INFO - Filling up the DagBag from /home/dwmhr/pln/venv/lib/python3.10/site-packages/airflow/example_dags/example_branch_python_dop_operator_3.py
[2025-08-07T16:33:54.275+0700] {processor.py:839} INFO - DAG(s) dict_keys(['example_branch_dop_operator_v3']) retrieved from /home/dwmhr/pln/venv/lib/python3.10/site-packages/airflow/example_dags/example_branch_python_dop_operator_3.py
[2025-08-07T16:33:54.300+0700] {logging_mixin.py:154} INFO - [2025-08-07T16:33:54.300+0700] {dag.py:2941} INFO - Sync 1 DAGs
[2025-08-07T16:33:54.327+0700] {logging_mixin.py:154} INFO - [2025-08-07T16:33:54.326+0700] {dag.py:3722} INFO - Setting next_dagrun for example_branch_dop_operator_v3 to 2025-08-07T09:32:00+00:00, run_after=2025-08-07T09:33:00+00:00
[2025-08-07T16:33:54.362+0700] {processor.py:179} INFO - Processing /home/dwmhr/pln/venv/lib/python3.10/site-packages/airflow/example_dags/example_branch_python_dop_operator_3.py took 0.105 seconds
[2025-08-07T16:35:04.668+0700] {processor.py:157} INFO - Started process (PID=127648) to work on /home/dwmhr/pln/venv/lib/python3.10/site-packages/airflow/example_dags/example_branch_python_dop_operator_3.py
[2025-08-07T16:35:04.684+0700] {processor.py:829} INFO - Processing file /home/dwmhr/pln/venv/lib/python3.10/site-packages/airflow/example_dags/example_branch_python_dop_operator_3.py for tasks to queue
[2025-08-07T16:35:04.687+0700] {logging_mixin.py:154} INFO - [2025-08-07T16:35:04.685+0700] {dagbag.py:536} INFO - Filling up the DagBag from /home/dwmhr/pln/venv/lib/python3.10/site-packages/airflow/example_dags/example_branch_python_dop_operator_3.py
[2025-08-07T16:35:04.710+0700] {processor.py:839} INFO - DAG(s) dict_keys(['example_branch_dop_operator_v3']) retrieved from /home/dwmhr/pln/venv/lib/python3.10/site-packages/airflow/example_dags/example_branch_python_dop_operator_3.py
[2025-08-07T16:35:04.759+0700] {logging_mixin.py:154} INFO - [2025-08-07T16:35:04.759+0700] {dag.py:2941} INFO - Sync 1 DAGs
[2025-08-07T16:35:04.821+0700] {logging_mixin.py:154} INFO - [2025-08-07T16:35:04.821+0700] {dag.py:3722} INFO - Setting next_dagrun for example_branch_dop_operator_v3 to 2025-08-07T09:34:00+00:00, run_after=2025-08-07T09:35:00+00:00
[2025-08-07T16:35:04.882+0700] {processor.py:179} INFO - Processing /home/dwmhr/pln/venv/lib/python3.10/site-packages/airflow/example_dags/example_branch_python_dop_operator_3.py took 0.223 seconds
[2025-08-07T16:35:52.295+0700] {processor.py:157} INFO - Started process (PID=127839) to work on /home/dwmhr/pln/venv/lib/python3.10/site-packages/airflow/example_dags/example_branch_python_dop_operator_3.py
[2025-08-07T16:35:52.296+0700] {processor.py:829} INFO - Processing file /home/dwmhr/pln/venv/lib/python3.10/site-packages/airflow/example_dags/example_branch_python_dop_operator_3.py for tasks to queue
[2025-08-07T16:35:52.297+0700] {logging_mixin.py:154} INFO - [2025-08-07T16:35:52.297+0700] {dagbag.py:536} INFO - Filling up the DagBag from /home/dwmhr/pln/venv/lib/python3.10/site-packages/airflow/example_dags/example_branch_python_dop_operator_3.py
[2025-08-07T16:35:52.305+0700] {processor.py:839} INFO - DAG(s) dict_keys(['example_branch_dop_operator_v3']) retrieved from /home/dwmhr/pln/venv/lib/python3.10/site-packages/airflow/example_dags/example_branch_python_dop_operator_3.py
[2025-08-07T16:35:52.321+0700] {logging_mixin.py:154} INFO - [2025-08-07T16:35:52.321+0700] {dag.py:2941} INFO - Sync 1 DAGs
[2025-08-07T16:35:52.340+0700] {logging_mixin.py:154} INFO - [2025-08-07T16:35:52.340+0700] {dag.py:3722} INFO - Setting next_dagrun for example_branch_dop_operator_v3 to 2025-08-07T09:34:00+00:00, run_after=2025-08-07T09:35:00+00:00
[2025-08-07T16:35:52.365+0700] {processor.py:179} INFO - Processing /home/dwmhr/pln/venv/lib/python3.10/site-packages/airflow/example_dags/example_branch_python_dop_operator_3.py took 0.074 seconds
[2025-08-07T16:36:47.914+0700] {processor.py:157} INFO - Started process (PID=128092) to work on /home/dwmhr/pln/venv/lib/python3.10/site-packages/airflow/example_dags/example_branch_python_dop_operator_3.py
[2025-08-07T16:36:47.916+0700] {processor.py:829} INFO - Processing file /home/dwmhr/pln/venv/lib/python3.10/site-packages/airflow/example_dags/example_branch_python_dop_operator_3.py for tasks to queue
[2025-08-07T16:36:47.917+0700] {logging_mixin.py:154} INFO - [2025-08-07T16:36:47.916+0700] {dagbag.py:536} INFO - Filling up the DagBag from /home/dwmhr/pln/venv/lib/python3.10/site-packages/airflow/example_dags/example_branch_python_dop_operator_3.py
[2025-08-07T16:36:47.925+0700] {processor.py:839} INFO - DAG(s) dict_keys(['example_branch_dop_operator_v3']) retrieved from /home/dwmhr/pln/venv/lib/python3.10/site-packages/airflow/example_dags/example_branch_python_dop_operator_3.py
[2025-08-07T16:36:47.940+0700] {logging_mixin.py:154} INFO - [2025-08-07T16:36:47.940+0700] {dag.py:2941} INFO - Sync 1 DAGs
[2025-08-07T16:36:47.959+0700] {logging_mixin.py:154} INFO - [2025-08-07T16:36:47.959+0700] {dag.py:3722} INFO - Setting next_dagrun for example_branch_dop_operator_v3 to 2025-08-07T09:35:00+00:00, run_after=2025-08-07T09:36:00+00:00
[2025-08-07T16:36:47.985+0700] {processor.py:179} INFO - Processing /home/dwmhr/pln/venv/lib/python3.10/site-packages/airflow/example_dags/example_branch_python_dop_operator_3.py took 0.074 seconds
[2025-08-07T16:37:46.717+0700] {processor.py:157} INFO - Started process (PID=128328) to work on /home/dwmhr/pln/venv/lib/python3.10/site-packages/airflow/example_dags/example_branch_python_dop_operator_3.py
[2025-08-07T16:37:46.727+0700] {processor.py:829} INFO - Processing file /home/dwmhr/pln/venv/lib/python3.10/site-packages/airflow/example_dags/example_branch_python_dop_operator_3.py for tasks to queue
[2025-08-07T16:37:46.732+0700] {logging_mixin.py:154} INFO - [2025-08-07T16:37:46.730+0700] {dagbag.py:536} INFO - Filling up the DagBag from /home/dwmhr/pln/venv/lib/python3.10/site-packages/airflow/example_dags/example_branch_python_dop_operator_3.py
[2025-08-07T16:37:46.787+0700] {processor.py:839} INFO - DAG(s) dict_keys(['example_branch_dop_operator_v3']) retrieved from /home/dwmhr/pln/venv/lib/python3.10/site-packages/airflow/example_dags/example_branch_python_dop_operator_3.py
[2025-08-07T16:37:46.890+0700] {logging_mixin.py:154} INFO - [2025-08-07T16:37:46.889+0700] {dag.py:2941} INFO - Sync 1 DAGs
[2025-08-07T16:37:47.096+0700] {logging_mixin.py:154} INFO - [2025-08-07T16:37:47.095+0700] {dag.py:3722} INFO - Setting next_dagrun for example_branch_dop_operator_v3 to 2025-08-07T09:36:00+00:00, run_after=2025-08-07T09:37:00+00:00
[2025-08-07T16:37:47.311+0700] {processor.py:179} INFO - Processing /home/dwmhr/pln/venv/lib/python3.10/site-packages/airflow/example_dags/example_branch_python_dop_operator_3.py took 0.611 seconds
[2025-08-07T16:38:50.747+0700] {processor.py:157} INFO - Started process (PID=128572) to work on /home/dwmhr/pln/venv/lib/python3.10/site-packages/airflow/example_dags/example_branch_python_dop_operator_3.py
[2025-08-07T16:38:50.755+0700] {processor.py:829} INFO - Processing file /home/dwmhr/pln/venv/lib/python3.10/site-packages/airflow/example_dags/example_branch_python_dop_operator_3.py for tasks to queue
[2025-08-07T16:38:50.756+0700] {logging_mixin.py:154} INFO - [2025-08-07T16:38:50.756+0700] {dagbag.py:536} INFO - Filling up the DagBag from /home/dwmhr/pln/venv/lib/python3.10/site-packages/airflow/example_dags/example_branch_python_dop_operator_3.py
[2025-08-07T16:38:50.768+0700] {processor.py:839} INFO - DAG(s) dict_keys(['example_branch_dop_operator_v3']) retrieved from /home/dwmhr/pln/venv/lib/python3.10/site-packages/airflow/example_dags/example_branch_python_dop_operator_3.py
[2025-08-07T16:38:50.789+0700] {logging_mixin.py:154} INFO - [2025-08-07T16:38:50.789+0700] {dag.py:2941} INFO - Sync 1 DAGs
[2025-08-07T16:38:50.813+0700] {logging_mixin.py:154} INFO - [2025-08-07T16:38:50.813+0700] {dag.py:3722} INFO - Setting next_dagrun for example_branch_dop_operator_v3 to 2025-08-07T09:37:00+00:00, run_after=2025-08-07T09:38:00+00:00
[2025-08-07T16:38:50.857+0700] {processor.py:179} INFO - Processing /home/dwmhr/pln/venv/lib/python3.10/site-packages/airflow/example_dags/example_branch_python_dop_operator_3.py took 0.115 seconds
[2025-08-07T16:40:14.265+0700] {processor.py:157} INFO - Started process (PID=128915) to work on /home/dwmhr/pln/venv/lib/python3.10/site-packages/airflow/example_dags/example_branch_python_dop_operator_3.py
[2025-08-07T16:40:14.277+0700] {processor.py:829} INFO - Processing file /home/dwmhr/pln/venv/lib/python3.10/site-packages/airflow/example_dags/example_branch_python_dop_operator_3.py for tasks to queue
[2025-08-07T16:40:14.283+0700] {logging_mixin.py:154} INFO - [2025-08-07T16:40:14.281+0700] {dagbag.py:536} INFO - Filling up the DagBag from /home/dwmhr/pln/venv/lib/python3.10/site-packages/airflow/example_dags/example_branch_python_dop_operator_3.py
[2025-08-07T16:40:14.333+0700] {processor.py:839} INFO - DAG(s) dict_keys(['example_branch_dop_operator_v3']) retrieved from /home/dwmhr/pln/venv/lib/python3.10/site-packages/airflow/example_dags/example_branch_python_dop_operator_3.py
[2025-08-07T16:40:14.431+0700] {logging_mixin.py:154} INFO - [2025-08-07T16:40:14.430+0700] {dag.py:2941} INFO - Sync 1 DAGs
[2025-08-07T16:40:14.545+0700] {logging_mixin.py:154} INFO - [2025-08-07T16:40:14.544+0700] {dag.py:3722} INFO - Setting next_dagrun for example_branch_dop_operator_v3 to 2025-08-07T09:39:00+00:00, run_after=2025-08-07T09:40:00+00:00
[2025-08-07T16:40:14.674+0700] {processor.py:179} INFO - Processing /home/dwmhr/pln/venv/lib/python3.10/site-packages/airflow/example_dags/example_branch_python_dop_operator_3.py took 0.429 seconds
[2025-08-07T16:41:22.208+0700] {processor.py:157} INFO - Started process (PID=129222) to work on /home/dwmhr/pln/venv/lib/python3.10/site-packages/airflow/example_dags/example_branch_python_dop_operator_3.py
[2025-08-07T16:41:22.211+0700] {processor.py:829} INFO - Processing file /home/dwmhr/pln/venv/lib/python3.10/site-packages/airflow/example_dags/example_branch_python_dop_operator_3.py for tasks to queue
[2025-08-07T16:41:22.214+0700] {logging_mixin.py:154} INFO - [2025-08-07T16:41:22.213+0700] {dagbag.py:536} INFO - Filling up the DagBag from /home/dwmhr/pln/venv/lib/python3.10/site-packages/airflow/example_dags/example_branch_python_dop_operator_3.py
[2025-08-07T16:41:22.241+0700] {processor.py:839} INFO - DAG(s) dict_keys(['example_branch_dop_operator_v3']) retrieved from /home/dwmhr/pln/venv/lib/python3.10/site-packages/airflow/example_dags/example_branch_python_dop_operator_3.py
[2025-08-07T16:41:22.295+0700] {logging_mixin.py:154} INFO - [2025-08-07T16:41:22.294+0700] {dag.py:2941} INFO - Sync 1 DAGs
[2025-08-07T16:41:22.354+0700] {logging_mixin.py:154} INFO - [2025-08-07T16:41:22.354+0700] {dag.py:3722} INFO - Setting next_dagrun for example_branch_dop_operator_v3 to 2025-08-07T09:40:00+00:00, run_after=2025-08-07T09:41:00+00:00
[2025-08-07T16:41:22.418+0700] {processor.py:179} INFO - Processing /home/dwmhr/pln/venv/lib/python3.10/site-packages/airflow/example_dags/example_branch_python_dop_operator_3.py took 0.221 seconds
[2025-08-07T16:42:09.227+0700] {processor.py:157} INFO - Started process (PID=129403) to work on /home/dwmhr/pln/venv/lib/python3.10/site-packages/airflow/example_dags/example_branch_python_dop_operator_3.py
[2025-08-07T16:42:09.235+0700] {processor.py:829} INFO - Processing file /home/dwmhr/pln/venv/lib/python3.10/site-packages/airflow/example_dags/example_branch_python_dop_operator_3.py for tasks to queue
[2025-08-07T16:42:09.236+0700] {logging_mixin.py:154} INFO - [2025-08-07T16:42:09.236+0700] {dagbag.py:536} INFO - Filling up the DagBag from /home/dwmhr/pln/venv/lib/python3.10/site-packages/airflow/example_dags/example_branch_python_dop_operator_3.py
[2025-08-07T16:42:09.247+0700] {processor.py:839} INFO - DAG(s) dict_keys(['example_branch_dop_operator_v3']) retrieved from /home/dwmhr/pln/venv/lib/python3.10/site-packages/airflow/example_dags/example_branch_python_dop_operator_3.py
[2025-08-07T16:42:09.265+0700] {logging_mixin.py:154} INFO - [2025-08-07T16:42:09.265+0700] {dag.py:2941} INFO - Sync 1 DAGs
[2025-08-07T16:42:09.287+0700] {logging_mixin.py:154} INFO - [2025-08-07T16:42:09.287+0700] {dag.py:3722} INFO - Setting next_dagrun for example_branch_dop_operator_v3 to 2025-08-07T09:41:00+00:00, run_after=2025-08-07T09:42:00+00:00
[2025-08-07T16:42:09.312+0700] {processor.py:179} INFO - Processing /home/dwmhr/pln/venv/lib/python3.10/site-packages/airflow/example_dags/example_branch_python_dop_operator_3.py took 0.089 seconds
[2025-08-07T16:43:26.662+0700] {processor.py:157} INFO - Started process (PID=129721) to work on /home/dwmhr/pln/venv/lib/python3.10/site-packages/airflow/example_dags/example_branch_python_dop_operator_3.py
[2025-08-07T16:43:26.667+0700] {processor.py:829} INFO - Processing file /home/dwmhr/pln/venv/lib/python3.10/site-packages/airflow/example_dags/example_branch_python_dop_operator_3.py for tasks to queue
[2025-08-07T16:43:26.670+0700] {logging_mixin.py:154} INFO - [2025-08-07T16:43:26.669+0700] {dagbag.py:536} INFO - Filling up the DagBag from /home/dwmhr/pln/venv/lib/python3.10/site-packages/airflow/example_dags/example_branch_python_dop_operator_3.py
[2025-08-07T16:43:26.703+0700] {processor.py:839} INFO - DAG(s) dict_keys(['example_branch_dop_operator_v3']) retrieved from /home/dwmhr/pln/venv/lib/python3.10/site-packages/airflow/example_dags/example_branch_python_dop_operator_3.py
[2025-08-07T16:43:26.779+0700] {logging_mixin.py:154} INFO - [2025-08-07T16:43:26.779+0700] {dag.py:2941} INFO - Sync 1 DAGs
[2025-08-07T16:43:26.870+0700] {logging_mixin.py:154} INFO - [2025-08-07T16:43:26.869+0700] {dag.py:3722} INFO - Setting next_dagrun for example_branch_dop_operator_v3 to 2025-08-07T09:42:00+00:00, run_after=2025-08-07T09:43:00+00:00
[2025-08-07T16:43:26.969+0700] {processor.py:179} INFO - Processing /home/dwmhr/pln/venv/lib/python3.10/site-packages/airflow/example_dags/example_branch_python_dop_operator_3.py took 0.318 seconds
[2025-08-07T16:44:19.343+0700] {processor.py:157} INFO - Started process (PID=129961) to work on /home/dwmhr/pln/venv/lib/python3.10/site-packages/airflow/example_dags/example_branch_python_dop_operator_3.py
[2025-08-07T16:44:19.345+0700] {processor.py:829} INFO - Processing file /home/dwmhr/pln/venv/lib/python3.10/site-packages/airflow/example_dags/example_branch_python_dop_operator_3.py for tasks to queue
[2025-08-07T16:44:19.348+0700] {logging_mixin.py:154} INFO - [2025-08-07T16:44:19.347+0700] {dagbag.py:536} INFO - Filling up the DagBag from /home/dwmhr/pln/venv/lib/python3.10/site-packages/airflow/example_dags/example_branch_python_dop_operator_3.py
[2025-08-07T16:44:19.360+0700] {processor.py:839} INFO - DAG(s) dict_keys(['example_branch_dop_operator_v3']) retrieved from /home/dwmhr/pln/venv/lib/python3.10/site-packages/airflow/example_dags/example_branch_python_dop_operator_3.py
[2025-08-07T16:44:19.383+0700] {logging_mixin.py:154} INFO - [2025-08-07T16:44:19.383+0700] {dag.py:2941} INFO - Sync 1 DAGs
[2025-08-07T16:44:19.412+0700] {logging_mixin.py:154} INFO - [2025-08-07T16:44:19.411+0700] {dag.py:3722} INFO - Setting next_dagrun for example_branch_dop_operator_v3 to 2025-08-07T09:43:00+00:00, run_after=2025-08-07T09:44:00+00:00
[2025-08-07T16:44:19.456+0700] {processor.py:179} INFO - Processing /home/dwmhr/pln/venv/lib/python3.10/site-packages/airflow/example_dags/example_branch_python_dop_operator_3.py took 0.118 seconds
[2025-08-07T16:45:19.847+0700] {processor.py:157} INFO - Started process (PID=130234) to work on /home/dwmhr/pln/venv/lib/python3.10/site-packages/airflow/example_dags/example_branch_python_dop_operator_3.py
[2025-08-07T16:45:19.859+0700] {processor.py:829} INFO - Processing file /home/dwmhr/pln/venv/lib/python3.10/site-packages/airflow/example_dags/example_branch_python_dop_operator_3.py for tasks to queue
[2025-08-07T16:45:19.860+0700] {logging_mixin.py:154} INFO - [2025-08-07T16:45:19.859+0700] {dagbag.py:536} INFO - Filling up the DagBag from /home/dwmhr/pln/venv/lib/python3.10/site-packages/airflow/example_dags/example_branch_python_dop_operator_3.py
[2025-08-07T16:45:19.867+0700] {processor.py:839} INFO - DAG(s) dict_keys(['example_branch_dop_operator_v3']) retrieved from /home/dwmhr/pln/venv/lib/python3.10/site-packages/airflow/example_dags/example_branch_python_dop_operator_3.py
[2025-08-07T16:45:19.882+0700] {logging_mixin.py:154} INFO - [2025-08-07T16:45:19.882+0700] {dag.py:2941} INFO - Sync 1 DAGs
[2025-08-07T16:45:19.899+0700] {logging_mixin.py:154} INFO - [2025-08-07T16:45:19.899+0700] {dag.py:3722} INFO - Setting next_dagrun for example_branch_dop_operator_v3 to 2025-08-07T09:44:00+00:00, run_after=2025-08-07T09:45:00+00:00
[2025-08-07T16:45:19.918+0700] {processor.py:179} INFO - Processing /home/dwmhr/pln/venv/lib/python3.10/site-packages/airflow/example_dags/example_branch_python_dop_operator_3.py took 0.076 seconds
[2025-08-07T16:46:43.550+0700] {processor.py:157} INFO - Started process (PID=130609) to work on /home/dwmhr/pln/venv/lib/python3.10/site-packages/airflow/example_dags/example_branch_python_dop_operator_3.py
[2025-08-07T16:46:43.602+0700] {processor.py:829} INFO - Processing file /home/dwmhr/pln/venv/lib/python3.10/site-packages/airflow/example_dags/example_branch_python_dop_operator_3.py for tasks to queue
[2025-08-07T16:46:43.632+0700] {logging_mixin.py:154} INFO - [2025-08-07T16:46:43.619+0700] {dagbag.py:536} INFO - Filling up the DagBag from /home/dwmhr/pln/venv/lib/python3.10/site-packages/airflow/example_dags/example_branch_python_dop_operator_3.py
[2025-08-07T16:46:43.976+0700] {processor.py:839} INFO - DAG(s) dict_keys(['example_branch_dop_operator_v3']) retrieved from /home/dwmhr/pln/venv/lib/python3.10/site-packages/airflow/example_dags/example_branch_python_dop_operator_3.py
[2025-08-07T16:46:44.688+0700] {logging_mixin.py:154} INFO - [2025-08-07T16:46:44.687+0700] {dag.py:2941} INFO - Sync 1 DAGs
[2025-08-07T16:46:45.255+0700] {logging_mixin.py:154} INFO - [2025-08-07T16:46:45.253+0700] {dag.py:3722} INFO - Setting next_dagrun for example_branch_dop_operator_v3 to 2025-08-07T09:45:00+00:00, run_after=2025-08-07T09:46:00+00:00
[2025-08-07T16:46:45.564+0700] {processor.py:179} INFO - Processing /home/dwmhr/pln/venv/lib/python3.10/site-packages/airflow/example_dags/example_branch_python_dop_operator_3.py took 2.207 seconds
[2025-08-07T16:47:36.970+0700] {processor.py:157} INFO - Started process (PID=130830) to work on /home/dwmhr/pln/venv/lib/python3.10/site-packages/airflow/example_dags/example_branch_python_dop_operator_3.py
[2025-08-07T16:47:36.983+0700] {processor.py:829} INFO - Processing file /home/dwmhr/pln/venv/lib/python3.10/site-packages/airflow/example_dags/example_branch_python_dop_operator_3.py for tasks to queue
[2025-08-07T16:47:36.984+0700] {logging_mixin.py:154} INFO - [2025-08-07T16:47:36.983+0700] {dagbag.py:536} INFO - Filling up the DagBag from /home/dwmhr/pln/venv/lib/python3.10/site-packages/airflow/example_dags/example_branch_python_dop_operator_3.py
[2025-08-07T16:47:36.993+0700] {processor.py:839} INFO - DAG(s) dict_keys(['example_branch_dop_operator_v3']) retrieved from /home/dwmhr/pln/venv/lib/python3.10/site-packages/airflow/example_dags/example_branch_python_dop_operator_3.py
[2025-08-07T16:47:37.011+0700] {logging_mixin.py:154} INFO - [2025-08-07T16:47:37.011+0700] {dag.py:2941} INFO - Sync 1 DAGs
[2025-08-07T16:47:37.032+0700] {logging_mixin.py:154} INFO - [2025-08-07T16:47:37.032+0700] {dag.py:3722} INFO - Setting next_dagrun for example_branch_dop_operator_v3 to 2025-08-07T09:46:00+00:00, run_after=2025-08-07T09:47:00+00:00
[2025-08-07T16:47:37.054+0700] {processor.py:179} INFO - Processing /home/dwmhr/pln/venv/lib/python3.10/site-packages/airflow/example_dags/example_branch_python_dop_operator_3.py took 0.088 seconds
[2025-08-07T16:49:03.810+0700] {processor.py:157} INFO - Started process (PID=131207) to work on /home/dwmhr/pln/venv/lib/python3.10/site-packages/airflow/example_dags/example_branch_python_dop_operator_3.py
[2025-08-07T16:49:03.823+0700] {processor.py:829} INFO - Processing file /home/dwmhr/pln/venv/lib/python3.10/site-packages/airflow/example_dags/example_branch_python_dop_operator_3.py for tasks to queue
[2025-08-07T16:49:03.824+0700] {logging_mixin.py:154} INFO - [2025-08-07T16:49:03.823+0700] {dagbag.py:536} INFO - Filling up the DagBag from /home/dwmhr/pln/venv/lib/python3.10/site-packages/airflow/example_dags/example_branch_python_dop_operator_3.py
[2025-08-07T16:49:03.830+0700] {processor.py:839} INFO - DAG(s) dict_keys(['example_branch_dop_operator_v3']) retrieved from /home/dwmhr/pln/venv/lib/python3.10/site-packages/airflow/example_dags/example_branch_python_dop_operator_3.py
[2025-08-07T16:49:03.842+0700] {logging_mixin.py:154} INFO - [2025-08-07T16:49:03.842+0700] {dag.py:2941} INFO - Sync 1 DAGs
[2025-08-07T16:49:03.857+0700] {logging_mixin.py:154} INFO - [2025-08-07T16:49:03.856+0700] {dag.py:3722} INFO - Setting next_dagrun for example_branch_dop_operator_v3 to 2025-08-07T09:48:00+00:00, run_after=2025-08-07T09:49:00+00:00
[2025-08-07T16:49:03.874+0700] {processor.py:179} INFO - Processing /home/dwmhr/pln/venv/lib/python3.10/site-packages/airflow/example_dags/example_branch_python_dop_operator_3.py took 0.067 seconds
