[2025-08-07T15:45:09.821+0700] {processor.py:157} INFO - Started process (PID=113248) to work on /home/dwmhr/pln/venv/lib/python3.10/site-packages/airflow/example_dags/example_task_group.py
[2025-08-07T15:45:09.822+0700] {processor.py:829} INFO - Processing file /home/dwmhr/pln/venv/lib/python3.10/site-packages/airflow/example_dags/example_task_group.py for tasks to queue
[2025-08-07T15:45:09.823+0700] {logging_mixin.py:154} INFO - [2025-08-07T15:45:09.822+0700] {dagbag.py:536} INFO - Filling up the DagBag from /home/dwmhr/pln/venv/lib/python3.10/site-packages/airflow/example_dags/example_task_group.py
[2025-08-07T15:45:09.836+0700] {processor.py:839} INFO - DAG(s) dict_keys(['example_task_group']) retrieved from /home/dwmhr/pln/venv/lib/python3.10/site-packages/airflow/example_dags/example_task_group.py
[2025-08-07T15:45:09.952+0700] {logging_mixin.py:154} INFO - [2025-08-07T15:45:09.952+0700] {manager.py:499} INFO - Created Permission View: %s
[2025-08-07T15:45:09.965+0700] {logging_mixin.py:154} INFO - [2025-08-07T15:45:09.965+0700] {manager.py:499} INFO - Created Permission View: %s
[2025-08-07T15:45:09.975+0700] {logging_mixin.py:154} INFO - [2025-08-07T15:45:09.975+0700] {manager.py:499} INFO - Created Permission View: %s
[2025-08-07T15:45:09.976+0700] {logging_mixin.py:154} INFO - [2025-08-07T15:45:09.976+0700] {dag.py:2941} INFO - Sync 1 DAGs
[2025-08-07T15:45:09.987+0700] {logging_mixin.py:154} INFO - [2025-08-07T15:45:09.987+0700] {dag.py:2963} INFO - Creating ORM DAG for example_task_group
[2025-08-07T15:45:09.996+0700] {logging_mixin.py:154} INFO - [2025-08-07T15:45:09.996+0700] {dag.py:3722} INFO - Setting next_dagrun for example_task_group to 2025-08-06T08:45:09.996141+00:00, run_after=2025-08-07T08:45:09.996141+00:00
[2025-08-07T15:45:10.022+0700] {processor.py:179} INFO - Processing /home/dwmhr/pln/venv/lib/python3.10/site-packages/airflow/example_dags/example_task_group.py took 0.205 seconds
[2025-08-07T15:46:20.853+0700] {processor.py:157} INFO - Started process (PID=113586) to work on /home/dwmhr/pln/venv/lib/python3.10/site-packages/airflow/example_dags/example_task_group.py
[2025-08-07T15:46:20.865+0700] {processor.py:829} INFO - Processing file /home/dwmhr/pln/venv/lib/python3.10/site-packages/airflow/example_dags/example_task_group.py for tasks to queue
[2025-08-07T15:46:20.867+0700] {logging_mixin.py:154} INFO - [2025-08-07T15:46:20.866+0700] {dagbag.py:536} INFO - Filling up the DagBag from /home/dwmhr/pln/venv/lib/python3.10/site-packages/airflow/example_dags/example_task_group.py
[2025-08-07T15:46:20.895+0700] {processor.py:839} INFO - DAG(s) dict_keys(['example_task_group']) retrieved from /home/dwmhr/pln/venv/lib/python3.10/site-packages/airflow/example_dags/example_task_group.py
[2025-08-07T15:46:20.953+0700] {logging_mixin.py:154} INFO - [2025-08-07T15:46:20.953+0700] {dag.py:2941} INFO - Sync 1 DAGs
[2025-08-07T15:46:21.005+0700] {logging_mixin.py:154} INFO - [2025-08-07T15:46:21.005+0700] {dag.py:3722} INFO - Setting next_dagrun for example_task_group to 2025-08-06T08:46:21.004832+00:00, run_after=2025-08-07T08:46:21.004832+00:00
[2025-08-07T15:46:21.074+0700] {processor.py:179} INFO - Processing /home/dwmhr/pln/venv/lib/python3.10/site-packages/airflow/example_dags/example_task_group.py took 0.231 seconds
[2025-08-07T15:47:16.108+0700] {processor.py:157} INFO - Started process (PID=113874) to work on /home/dwmhr/pln/venv/lib/python3.10/site-packages/airflow/example_dags/example_task_group.py
[2025-08-07T15:47:16.121+0700] {processor.py:829} INFO - Processing file /home/dwmhr/pln/venv/lib/python3.10/site-packages/airflow/example_dags/example_task_group.py for tasks to queue
[2025-08-07T15:47:16.122+0700] {logging_mixin.py:154} INFO - [2025-08-07T15:47:16.122+0700] {dagbag.py:536} INFO - Filling up the DagBag from /home/dwmhr/pln/venv/lib/python3.10/site-packages/airflow/example_dags/example_task_group.py
[2025-08-07T15:47:16.131+0700] {processor.py:839} INFO - DAG(s) dict_keys(['example_task_group']) retrieved from /home/dwmhr/pln/venv/lib/python3.10/site-packages/airflow/example_dags/example_task_group.py
[2025-08-07T15:47:16.149+0700] {logging_mixin.py:154} INFO - [2025-08-07T15:47:16.148+0700] {dag.py:2941} INFO - Sync 1 DAGs
[2025-08-07T15:47:16.167+0700] {logging_mixin.py:154} INFO - [2025-08-07T15:47:16.166+0700] {dag.py:3722} INFO - Setting next_dagrun for example_task_group to 2025-08-06T08:47:16.166761+00:00, run_after=2025-08-07T08:47:16.166761+00:00
[2025-08-07T15:47:16.190+0700] {processor.py:179} INFO - Processing /home/dwmhr/pln/venv/lib/python3.10/site-packages/airflow/example_dags/example_task_group.py took 0.085 seconds
[2025-08-07T15:48:00.663+0700] {processor.py:157} INFO - Started process (PID=114112) to work on /home/dwmhr/pln/venv/lib/python3.10/site-packages/airflow/example_dags/example_task_group.py
[2025-08-07T15:48:00.667+0700] {processor.py:829} INFO - Processing file /home/dwmhr/pln/venv/lib/python3.10/site-packages/airflow/example_dags/example_task_group.py for tasks to queue
[2025-08-07T15:48:00.668+0700] {logging_mixin.py:154} INFO - [2025-08-07T15:48:00.668+0700] {dagbag.py:536} INFO - Filling up the DagBag from /home/dwmhr/pln/venv/lib/python3.10/site-packages/airflow/example_dags/example_task_group.py
[2025-08-07T15:48:00.674+0700] {processor.py:839} INFO - DAG(s) dict_keys(['example_task_group']) retrieved from /home/dwmhr/pln/venv/lib/python3.10/site-packages/airflow/example_dags/example_task_group.py
[2025-08-07T15:48:00.689+0700] {logging_mixin.py:154} INFO - [2025-08-07T15:48:00.688+0700] {dag.py:2941} INFO - Sync 1 DAGs
[2025-08-07T15:48:00.702+0700] {logging_mixin.py:154} INFO - [2025-08-07T15:48:00.702+0700] {dag.py:3722} INFO - Setting next_dagrun for example_task_group to 2025-08-06T08:48:00.702458+00:00, run_after=2025-08-07T08:48:00.702458+00:00
[2025-08-07T15:48:00.719+0700] {processor.py:179} INFO - Processing /home/dwmhr/pln/venv/lib/python3.10/site-packages/airflow/example_dags/example_task_group.py took 0.058 seconds
[2025-08-07T15:48:58.230+0700] {processor.py:157} INFO - Started process (PID=114416) to work on /home/dwmhr/pln/venv/lib/python3.10/site-packages/airflow/example_dags/example_task_group.py
[2025-08-07T15:48:58.238+0700] {processor.py:829} INFO - Processing file /home/dwmhr/pln/venv/lib/python3.10/site-packages/airflow/example_dags/example_task_group.py for tasks to queue
[2025-08-07T15:48:58.241+0700] {logging_mixin.py:154} INFO - [2025-08-07T15:48:58.239+0700] {dagbag.py:536} INFO - Filling up the DagBag from /home/dwmhr/pln/venv/lib/python3.10/site-packages/airflow/example_dags/example_task_group.py
[2025-08-07T15:48:58.268+0700] {processor.py:839} INFO - DAG(s) dict_keys(['example_task_group']) retrieved from /home/dwmhr/pln/venv/lib/python3.10/site-packages/airflow/example_dags/example_task_group.py
[2025-08-07T15:48:58.321+0700] {logging_mixin.py:154} INFO - [2025-08-07T15:48:58.321+0700] {dag.py:2941} INFO - Sync 1 DAGs
[2025-08-07T15:48:58.386+0700] {logging_mixin.py:154} INFO - [2025-08-07T15:48:58.385+0700] {dag.py:3722} INFO - Setting next_dagrun for example_task_group to 2025-08-06T08:48:58.385365+00:00, run_after=2025-08-07T08:48:58.385365+00:00
[2025-08-07T15:48:58.456+0700] {processor.py:179} INFO - Processing /home/dwmhr/pln/venv/lib/python3.10/site-packages/airflow/example_dags/example_task_group.py took 0.236 seconds
[2025-08-07T15:50:15.647+0700] {processor.py:157} INFO - Started process (PID=114813) to work on /home/dwmhr/pln/venv/lib/python3.10/site-packages/airflow/example_dags/example_task_group.py
[2025-08-07T15:50:15.649+0700] {processor.py:829} INFO - Processing file /home/dwmhr/pln/venv/lib/python3.10/site-packages/airflow/example_dags/example_task_group.py for tasks to queue
[2025-08-07T15:50:15.654+0700] {logging_mixin.py:154} INFO - [2025-08-07T15:50:15.651+0700] {dagbag.py:536} INFO - Filling up the DagBag from /home/dwmhr/pln/venv/lib/python3.10/site-packages/airflow/example_dags/example_task_group.py
[2025-08-07T15:50:15.804+0700] {processor.py:839} INFO - DAG(s) dict_keys(['example_task_group']) retrieved from /home/dwmhr/pln/venv/lib/python3.10/site-packages/airflow/example_dags/example_task_group.py
[2025-08-07T15:50:16.080+0700] {logging_mixin.py:154} INFO - [2025-08-07T15:50:16.079+0700] {dag.py:2941} INFO - Sync 1 DAGs
[2025-08-07T15:50:16.275+0700] {logging_mixin.py:154} INFO - [2025-08-07T15:50:16.273+0700] {dag.py:3722} INFO - Setting next_dagrun for example_task_group to 2025-08-06T08:50:16.271262+00:00, run_after=2025-08-07T08:50:16.271262+00:00
[2025-08-07T15:50:16.486+0700] {processor.py:179} INFO - Processing /home/dwmhr/pln/venv/lib/python3.10/site-packages/airflow/example_dags/example_task_group.py took 0.846 seconds
[2025-08-07T15:51:27.816+0700] {processor.py:157} INFO - Started process (PID=115233) to work on /home/dwmhr/pln/venv/lib/python3.10/site-packages/airflow/example_dags/example_task_group.py
[2025-08-07T15:51:27.819+0700] {processor.py:829} INFO - Processing file /home/dwmhr/pln/venv/lib/python3.10/site-packages/airflow/example_dags/example_task_group.py for tasks to queue
[2025-08-07T15:51:27.820+0700] {logging_mixin.py:154} INFO - [2025-08-07T15:51:27.820+0700] {dagbag.py:536} INFO - Filling up the DagBag from /home/dwmhr/pln/venv/lib/python3.10/site-packages/airflow/example_dags/example_task_group.py
[2025-08-07T15:51:27.827+0700] {processor.py:839} INFO - DAG(s) dict_keys(['example_task_group']) retrieved from /home/dwmhr/pln/venv/lib/python3.10/site-packages/airflow/example_dags/example_task_group.py
[2025-08-07T15:51:27.841+0700] {logging_mixin.py:154} INFO - [2025-08-07T15:51:27.840+0700] {dag.py:2941} INFO - Sync 1 DAGs
[2025-08-07T15:51:27.855+0700] {logging_mixin.py:154} INFO - [2025-08-07T15:51:27.854+0700] {dag.py:3722} INFO - Setting next_dagrun for example_task_group to 2025-08-06T08:51:27.854506+00:00, run_after=2025-08-07T08:51:27.854506+00:00
[2025-08-07T15:51:27.873+0700] {processor.py:179} INFO - Processing /home/dwmhr/pln/venv/lib/python3.10/site-packages/airflow/example_dags/example_task_group.py took 0.060 seconds
[2025-08-07T15:53:01.854+0700] {processor.py:157} INFO - Started process (PID=115657) to work on /home/dwmhr/pln/venv/lib/python3.10/site-packages/airflow/example_dags/example_task_group.py
[2025-08-07T15:53:01.865+0700] {processor.py:829} INFO - Processing file /home/dwmhr/pln/venv/lib/python3.10/site-packages/airflow/example_dags/example_task_group.py for tasks to queue
[2025-08-07T15:53:01.872+0700] {logging_mixin.py:154} INFO - [2025-08-07T15:53:01.869+0700] {dagbag.py:536} INFO - Filling up the DagBag from /home/dwmhr/pln/venv/lib/python3.10/site-packages/airflow/example_dags/example_task_group.py
[2025-08-07T15:53:01.960+0700] {processor.py:839} INFO - DAG(s) dict_keys(['example_task_group']) retrieved from /home/dwmhr/pln/venv/lib/python3.10/site-packages/airflow/example_dags/example_task_group.py
[2025-08-07T15:53:02.205+0700] {logging_mixin.py:154} INFO - [2025-08-07T15:53:02.204+0700] {dag.py:2941} INFO - Sync 1 DAGs
[2025-08-07T15:53:02.574+0700] {logging_mixin.py:154} INFO - [2025-08-07T15:53:02.572+0700] {dag.py:3722} INFO - Setting next_dagrun for example_task_group to 2025-08-06T08:53:02.570078+00:00, run_after=2025-08-07T08:53:02.570078+00:00
[2025-08-07T15:53:02.804+0700] {processor.py:179} INFO - Processing /home/dwmhr/pln/venv/lib/python3.10/site-packages/airflow/example_dags/example_task_group.py took 1.008 seconds
[2025-08-07T15:54:41.533+0700] {processor.py:157} INFO - Started process (PID=116079) to work on /home/dwmhr/pln/venv/lib/python3.10/site-packages/airflow/example_dags/example_task_group.py
[2025-08-07T15:54:41.535+0700] {processor.py:829} INFO - Processing file /home/dwmhr/pln/venv/lib/python3.10/site-packages/airflow/example_dags/example_task_group.py for tasks to queue
[2025-08-07T15:54:41.536+0700] {logging_mixin.py:154} INFO - [2025-08-07T15:54:41.535+0700] {dagbag.py:536} INFO - Filling up the DagBag from /home/dwmhr/pln/venv/lib/python3.10/site-packages/airflow/example_dags/example_task_group.py
[2025-08-07T15:54:41.544+0700] {processor.py:839} INFO - DAG(s) dict_keys(['example_task_group']) retrieved from /home/dwmhr/pln/venv/lib/python3.10/site-packages/airflow/example_dags/example_task_group.py
[2025-08-07T15:54:41.558+0700] {logging_mixin.py:154} INFO - [2025-08-07T15:54:41.558+0700] {dag.py:2941} INFO - Sync 1 DAGs
[2025-08-07T15:54:41.572+0700] {logging_mixin.py:154} INFO - [2025-08-07T15:54:41.572+0700] {dag.py:3722} INFO - Setting next_dagrun for example_task_group to 2025-08-06T08:54:41.572467+00:00, run_after=2025-08-07T08:54:41.572467+00:00
[2025-08-07T15:54:41.591+0700] {processor.py:179} INFO - Processing /home/dwmhr/pln/venv/lib/python3.10/site-packages/airflow/example_dags/example_task_group.py took 0.060 seconds
[2025-08-07T15:55:57.103+0700] {processor.py:157} INFO - Started process (PID=116508) to work on /home/dwmhr/pln/venv/lib/python3.10/site-packages/airflow/example_dags/example_task_group.py
[2025-08-07T15:55:57.107+0700] {processor.py:829} INFO - Processing file /home/dwmhr/pln/venv/lib/python3.10/site-packages/airflow/example_dags/example_task_group.py for tasks to queue
[2025-08-07T15:55:57.109+0700] {logging_mixin.py:154} INFO - [2025-08-07T15:55:57.108+0700] {dagbag.py:536} INFO - Filling up the DagBag from /home/dwmhr/pln/venv/lib/python3.10/site-packages/airflow/example_dags/example_task_group.py
[2025-08-07T15:55:57.136+0700] {processor.py:839} INFO - DAG(s) dict_keys(['example_task_group']) retrieved from /home/dwmhr/pln/venv/lib/python3.10/site-packages/airflow/example_dags/example_task_group.py
[2025-08-07T15:55:57.185+0700] {logging_mixin.py:154} INFO - [2025-08-07T15:55:57.185+0700] {dag.py:2941} INFO - Sync 1 DAGs
[2025-08-07T15:55:57.231+0700] {logging_mixin.py:154} INFO - [2025-08-07T15:55:57.231+0700] {dag.py:3722} INFO - Setting next_dagrun for example_task_group to 2025-08-06T08:55:57.230484+00:00, run_after=2025-08-07T08:55:57.230484+00:00
[2025-08-07T15:55:57.280+0700] {processor.py:179} INFO - Processing /home/dwmhr/pln/venv/lib/python3.10/site-packages/airflow/example_dags/example_task_group.py took 0.186 seconds
[2025-08-07T15:57:07.565+0700] {processor.py:157} INFO - Started process (PID=116849) to work on /home/dwmhr/pln/venv/lib/python3.10/site-packages/airflow/example_dags/example_task_group.py
[2025-08-07T15:57:07.568+0700] {processor.py:829} INFO - Processing file /home/dwmhr/pln/venv/lib/python3.10/site-packages/airflow/example_dags/example_task_group.py for tasks to queue
[2025-08-07T15:57:07.571+0700] {logging_mixin.py:154} INFO - [2025-08-07T15:57:07.570+0700] {dagbag.py:536} INFO - Filling up the DagBag from /home/dwmhr/pln/venv/lib/python3.10/site-packages/airflow/example_dags/example_task_group.py
[2025-08-07T15:57:07.593+0700] {processor.py:839} INFO - DAG(s) dict_keys(['example_task_group']) retrieved from /home/dwmhr/pln/venv/lib/python3.10/site-packages/airflow/example_dags/example_task_group.py
[2025-08-07T15:57:07.644+0700] {logging_mixin.py:154} INFO - [2025-08-07T15:57:07.643+0700] {dag.py:2941} INFO - Sync 1 DAGs
[2025-08-07T15:57:07.702+0700] {logging_mixin.py:154} INFO - [2025-08-07T15:57:07.702+0700] {dag.py:3722} INFO - Setting next_dagrun for example_task_group to 2025-08-06T08:57:07.701555+00:00, run_after=2025-08-07T08:57:07.701555+00:00
[2025-08-07T15:57:07.782+0700] {processor.py:179} INFO - Processing /home/dwmhr/pln/venv/lib/python3.10/site-packages/airflow/example_dags/example_task_group.py took 0.225 seconds
[2025-08-07T15:59:18.410+0700] {processor.py:157} INFO - Started process (PID=117557) to work on /home/dwmhr/pln/venv/lib/python3.10/site-packages/airflow/example_dags/example_task_group.py
[2025-08-07T15:59:18.416+0700] {processor.py:829} INFO - Processing file /home/dwmhr/pln/venv/lib/python3.10/site-packages/airflow/example_dags/example_task_group.py for tasks to queue
[2025-08-07T15:59:18.419+0700] {logging_mixin.py:154} INFO - [2025-08-07T15:59:18.418+0700] {dagbag.py:536} INFO - Filling up the DagBag from /home/dwmhr/pln/venv/lib/python3.10/site-packages/airflow/example_dags/example_task_group.py
[2025-08-07T15:59:18.436+0700] {processor.py:839} INFO - DAG(s) dict_keys(['example_task_group']) retrieved from /home/dwmhr/pln/venv/lib/python3.10/site-packages/airflow/example_dags/example_task_group.py
[2025-08-07T15:59:18.498+0700] {logging_mixin.py:154} INFO - [2025-08-07T15:59:18.497+0700] {dag.py:2941} INFO - Sync 1 DAGs
[2025-08-07T15:59:18.599+0700] {logging_mixin.py:154} INFO - [2025-08-07T15:59:18.598+0700] {dag.py:3722} INFO - Setting next_dagrun for example_task_group to 2025-08-06T08:59:18.596072+00:00, run_after=2025-08-07T08:59:18.596072+00:00
[2025-08-07T15:59:18.708+0700] {processor.py:179} INFO - Processing /home/dwmhr/pln/venv/lib/python3.10/site-packages/airflow/example_dags/example_task_group.py took 0.316 seconds
[2025-08-07T16:00:49.742+0700] {processor.py:157} INFO - Started process (PID=118016) to work on /home/dwmhr/pln/venv/lib/python3.10/site-packages/airflow/example_dags/example_task_group.py
[2025-08-07T16:00:49.750+0700] {processor.py:829} INFO - Processing file /home/dwmhr/pln/venv/lib/python3.10/site-packages/airflow/example_dags/example_task_group.py for tasks to queue
[2025-08-07T16:00:49.756+0700] {logging_mixin.py:154} INFO - [2025-08-07T16:00:49.753+0700] {dagbag.py:536} INFO - Filling up the DagBag from /home/dwmhr/pln/venv/lib/python3.10/site-packages/airflow/example_dags/example_task_group.py
[2025-08-07T16:00:50.128+0700] {processor.py:839} INFO - DAG(s) dict_keys(['example_task_group']) retrieved from /home/dwmhr/pln/venv/lib/python3.10/site-packages/airflow/example_dags/example_task_group.py
[2025-08-07T16:00:50.714+0700] {logging_mixin.py:154} INFO - [2025-08-07T16:00:50.713+0700] {dag.py:2941} INFO - Sync 1 DAGs
[2025-08-07T16:00:51.520+0700] {logging_mixin.py:154} INFO - [2025-08-07T16:00:51.519+0700] {dag.py:3722} INFO - Setting next_dagrun for example_task_group to 2025-08-06T09:00:51.509717+00:00, run_after=2025-08-07T09:00:51.509717+00:00
[2025-08-07T16:00:52.244+0700] {processor.py:179} INFO - Processing /home/dwmhr/pln/venv/lib/python3.10/site-packages/airflow/example_dags/example_task_group.py took 2.657 seconds
[2025-08-07T16:03:49.205+0700] {processor.py:157} INFO - Started process (PID=118793) to work on /home/dwmhr/pln/venv/lib/python3.10/site-packages/airflow/example_dags/example_task_group.py
[2025-08-07T16:03:49.209+0700] {processor.py:829} INFO - Processing file /home/dwmhr/pln/venv/lib/python3.10/site-packages/airflow/example_dags/example_task_group.py for tasks to queue
[2025-08-07T16:03:49.211+0700] {logging_mixin.py:154} INFO - [2025-08-07T16:03:49.210+0700] {dagbag.py:536} INFO - Filling up the DagBag from /home/dwmhr/pln/venv/lib/python3.10/site-packages/airflow/example_dags/example_task_group.py
[2025-08-07T16:03:49.228+0700] {processor.py:839} INFO - DAG(s) dict_keys(['example_task_group']) retrieved from /home/dwmhr/pln/venv/lib/python3.10/site-packages/airflow/example_dags/example_task_group.py
[2025-08-07T16:03:49.286+0700] {logging_mixin.py:154} INFO - [2025-08-07T16:03:49.286+0700] {dag.py:2941} INFO - Sync 1 DAGs
[2025-08-07T16:03:49.336+0700] {logging_mixin.py:154} INFO - [2025-08-07T16:03:49.335+0700] {dag.py:3722} INFO - Setting next_dagrun for example_task_group to 2025-08-06T09:03:49.334901+00:00, run_after=2025-08-07T09:03:49.334901+00:00
[2025-08-07T16:03:49.392+0700] {processor.py:179} INFO - Processing /home/dwmhr/pln/venv/lib/python3.10/site-packages/airflow/example_dags/example_task_group.py took 0.195 seconds
[2025-08-07T16:04:59.991+0700] {processor.py:157} INFO - Started process (PID=119166) to work on /home/dwmhr/pln/venv/lib/python3.10/site-packages/airflow/example_dags/example_task_group.py
[2025-08-07T16:04:59.993+0700] {processor.py:829} INFO - Processing file /home/dwmhr/pln/venv/lib/python3.10/site-packages/airflow/example_dags/example_task_group.py for tasks to queue
[2025-08-07T16:04:59.994+0700] {logging_mixin.py:154} INFO - [2025-08-07T16:04:59.994+0700] {dagbag.py:536} INFO - Filling up the DagBag from /home/dwmhr/pln/venv/lib/python3.10/site-packages/airflow/example_dags/example_task_group.py
[2025-08-07T16:05:00.003+0700] {processor.py:839} INFO - DAG(s) dict_keys(['example_task_group']) retrieved from /home/dwmhr/pln/venv/lib/python3.10/site-packages/airflow/example_dags/example_task_group.py
[2025-08-07T16:05:00.022+0700] {logging_mixin.py:154} INFO - [2025-08-07T16:05:00.022+0700] {dag.py:2941} INFO - Sync 1 DAGs
[2025-08-07T16:05:00.040+0700] {logging_mixin.py:154} INFO - [2025-08-07T16:05:00.040+0700] {dag.py:3722} INFO - Setting next_dagrun for example_task_group to 2025-08-06T09:05:00.039911+00:00, run_after=2025-08-07T09:05:00.039911+00:00
[2025-08-07T16:05:00.064+0700] {processor.py:179} INFO - Processing /home/dwmhr/pln/venv/lib/python3.10/site-packages/airflow/example_dags/example_task_group.py took 0.076 seconds
[2025-08-07T16:05:56.515+0700] {processor.py:157} INFO - Started process (PID=119463) to work on /home/dwmhr/pln/venv/lib/python3.10/site-packages/airflow/example_dags/example_task_group.py
[2025-08-07T16:05:56.527+0700] {processor.py:829} INFO - Processing file /home/dwmhr/pln/venv/lib/python3.10/site-packages/airflow/example_dags/example_task_group.py for tasks to queue
[2025-08-07T16:05:56.556+0700] {logging_mixin.py:154} INFO - [2025-08-07T16:05:56.541+0700] {dagbag.py:536} INFO - Filling up the DagBag from /home/dwmhr/pln/venv/lib/python3.10/site-packages/airflow/example_dags/example_task_group.py
[2025-08-07T16:05:56.626+0700] {processor.py:839} INFO - DAG(s) dict_keys(['example_task_group']) retrieved from /home/dwmhr/pln/venv/lib/python3.10/site-packages/airflow/example_dags/example_task_group.py
[2025-08-07T16:05:56.843+0700] {logging_mixin.py:154} INFO - [2025-08-07T16:05:56.842+0700] {dag.py:2941} INFO - Sync 1 DAGs
[2025-08-07T16:05:57.010+0700] {logging_mixin.py:154} INFO - [2025-08-07T16:05:57.009+0700] {dag.py:3722} INFO - Setting next_dagrun for example_task_group to 2025-08-06T09:05:57.007509+00:00, run_after=2025-08-07T09:05:57.007509+00:00
[2025-08-07T16:05:57.123+0700] {processor.py:179} INFO - Processing /home/dwmhr/pln/venv/lib/python3.10/site-packages/airflow/example_dags/example_task_group.py took 0.656 seconds
[2025-08-07T16:07:16.644+0700] {processor.py:157} INFO - Started process (PID=119829) to work on /home/dwmhr/pln/venv/lib/python3.10/site-packages/airflow/example_dags/example_task_group.py
[2025-08-07T16:07:16.648+0700] {processor.py:829} INFO - Processing file /home/dwmhr/pln/venv/lib/python3.10/site-packages/airflow/example_dags/example_task_group.py for tasks to queue
[2025-08-07T16:07:16.651+0700] {logging_mixin.py:154} INFO - [2025-08-07T16:07:16.650+0700] {dagbag.py:536} INFO - Filling up the DagBag from /home/dwmhr/pln/venv/lib/python3.10/site-packages/airflow/example_dags/example_task_group.py
[2025-08-07T16:07:16.669+0700] {processor.py:839} INFO - DAG(s) dict_keys(['example_task_group']) retrieved from /home/dwmhr/pln/venv/lib/python3.10/site-packages/airflow/example_dags/example_task_group.py
[2025-08-07T16:07:16.709+0700] {logging_mixin.py:154} INFO - [2025-08-07T16:07:16.709+0700] {dag.py:2941} INFO - Sync 1 DAGs
[2025-08-07T16:07:16.747+0700] {logging_mixin.py:154} INFO - [2025-08-07T16:07:16.747+0700] {dag.py:3722} INFO - Setting next_dagrun for example_task_group to 2025-08-06T09:07:16.746913+00:00, run_after=2025-08-07T09:07:16.746913+00:00
[2025-08-07T16:07:16.796+0700] {processor.py:179} INFO - Processing /home/dwmhr/pln/venv/lib/python3.10/site-packages/airflow/example_dags/example_task_group.py took 0.159 seconds
[2025-08-07T16:08:43.544+0700] {processor.py:157} INFO - Started process (PID=120247) to work on /home/dwmhr/pln/venv/lib/python3.10/site-packages/airflow/example_dags/example_task_group.py
[2025-08-07T16:08:43.546+0700] {processor.py:829} INFO - Processing file /home/dwmhr/pln/venv/lib/python3.10/site-packages/airflow/example_dags/example_task_group.py for tasks to queue
[2025-08-07T16:08:43.548+0700] {logging_mixin.py:154} INFO - [2025-08-07T16:08:43.547+0700] {dagbag.py:536} INFO - Filling up the DagBag from /home/dwmhr/pln/venv/lib/python3.10/site-packages/airflow/example_dags/example_task_group.py
[2025-08-07T16:08:43.559+0700] {processor.py:839} INFO - DAG(s) dict_keys(['example_task_group']) retrieved from /home/dwmhr/pln/venv/lib/python3.10/site-packages/airflow/example_dags/example_task_group.py
[2025-08-07T16:08:43.583+0700] {logging_mixin.py:154} INFO - [2025-08-07T16:08:43.583+0700] {dag.py:2941} INFO - Sync 1 DAGs
[2025-08-07T16:08:43.605+0700] {logging_mixin.py:154} INFO - [2025-08-07T16:08:43.605+0700] {dag.py:3722} INFO - Setting next_dagrun for example_task_group to 2025-08-06T09:08:43.604921+00:00, run_after=2025-08-07T09:08:43.604921+00:00
[2025-08-07T16:08:43.635+0700] {processor.py:179} INFO - Processing /home/dwmhr/pln/venv/lib/python3.10/site-packages/airflow/example_dags/example_task_group.py took 0.096 seconds
[2025-08-07T16:09:54.468+0700] {processor.py:157} INFO - Started process (PID=120628) to work on /home/dwmhr/pln/venv/lib/python3.10/site-packages/airflow/example_dags/example_task_group.py
[2025-08-07T16:09:54.473+0700] {processor.py:829} INFO - Processing file /home/dwmhr/pln/venv/lib/python3.10/site-packages/airflow/example_dags/example_task_group.py for tasks to queue
[2025-08-07T16:09:54.477+0700] {logging_mixin.py:154} INFO - [2025-08-07T16:09:54.475+0700] {dagbag.py:536} INFO - Filling up the DagBag from /home/dwmhr/pln/venv/lib/python3.10/site-packages/airflow/example_dags/example_task_group.py
[2025-08-07T16:09:54.509+0700] {processor.py:839} INFO - DAG(s) dict_keys(['example_task_group']) retrieved from /home/dwmhr/pln/venv/lib/python3.10/site-packages/airflow/example_dags/example_task_group.py
[2025-08-07T16:09:54.602+0700] {logging_mixin.py:154} INFO - [2025-08-07T16:09:54.602+0700] {dag.py:2941} INFO - Sync 1 DAGs
[2025-08-07T16:09:54.674+0700] {logging_mixin.py:154} INFO - [2025-08-07T16:09:54.673+0700] {dag.py:3722} INFO - Setting next_dagrun for example_task_group to 2025-08-06T09:09:54.673073+00:00, run_after=2025-08-07T09:09:54.673073+00:00
[2025-08-07T16:09:54.749+0700] {processor.py:179} INFO - Processing /home/dwmhr/pln/venv/lib/python3.10/site-packages/airflow/example_dags/example_task_group.py took 0.301 seconds
[2025-08-07T16:10:52.920+0700] {processor.py:157} INFO - Started process (PID=120930) to work on /home/dwmhr/pln/venv/lib/python3.10/site-packages/airflow/example_dags/example_task_group.py
[2025-08-07T16:10:52.923+0700] {processor.py:829} INFO - Processing file /home/dwmhr/pln/venv/lib/python3.10/site-packages/airflow/example_dags/example_task_group.py for tasks to queue
[2025-08-07T16:10:52.926+0700] {logging_mixin.py:154} INFO - [2025-08-07T16:10:52.925+0700] {dagbag.py:536} INFO - Filling up the DagBag from /home/dwmhr/pln/venv/lib/python3.10/site-packages/airflow/example_dags/example_task_group.py
[2025-08-07T16:10:52.939+0700] {processor.py:839} INFO - DAG(s) dict_keys(['example_task_group']) retrieved from /home/dwmhr/pln/venv/lib/python3.10/site-packages/airflow/example_dags/example_task_group.py
[2025-08-07T16:10:52.976+0700] {logging_mixin.py:154} INFO - [2025-08-07T16:10:52.976+0700] {dag.py:2941} INFO - Sync 1 DAGs
[2025-08-07T16:10:53.009+0700] {logging_mixin.py:154} INFO - [2025-08-07T16:10:53.009+0700] {dag.py:3722} INFO - Setting next_dagrun for example_task_group to 2025-08-06T09:10:53.008981+00:00, run_after=2025-08-07T09:10:53.008981+00:00
[2025-08-07T16:10:53.058+0700] {processor.py:179} INFO - Processing /home/dwmhr/pln/venv/lib/python3.10/site-packages/airflow/example_dags/example_task_group.py took 0.146 seconds
[2025-08-07T16:11:41.452+0700] {processor.py:157} INFO - Started process (PID=121165) to work on /home/dwmhr/pln/venv/lib/python3.10/site-packages/airflow/example_dags/example_task_group.py
[2025-08-07T16:11:41.460+0700] {processor.py:829} INFO - Processing file /home/dwmhr/pln/venv/lib/python3.10/site-packages/airflow/example_dags/example_task_group.py for tasks to queue
[2025-08-07T16:11:41.461+0700] {logging_mixin.py:154} INFO - [2025-08-07T16:11:41.460+0700] {dagbag.py:536} INFO - Filling up the DagBag from /home/dwmhr/pln/venv/lib/python3.10/site-packages/airflow/example_dags/example_task_group.py
[2025-08-07T16:11:41.472+0700] {processor.py:839} INFO - DAG(s) dict_keys(['example_task_group']) retrieved from /home/dwmhr/pln/venv/lib/python3.10/site-packages/airflow/example_dags/example_task_group.py
[2025-08-07T16:11:41.502+0700] {logging_mixin.py:154} INFO - [2025-08-07T16:11:41.502+0700] {dag.py:2941} INFO - Sync 1 DAGs
[2025-08-07T16:11:41.528+0700] {logging_mixin.py:154} INFO - [2025-08-07T16:11:41.528+0700] {dag.py:3722} INFO - Setting next_dagrun for example_task_group to 2025-08-06T09:11:41.528243+00:00, run_after=2025-08-07T09:11:41.528243+00:00
[2025-08-07T16:11:41.579+0700] {processor.py:179} INFO - Processing /home/dwmhr/pln/venv/lib/python3.10/site-packages/airflow/example_dags/example_task_group.py took 0.132 seconds
[2025-08-07T16:12:31.408+0700] {processor.py:157} INFO - Started process (PID=121447) to work on /home/dwmhr/pln/venv/lib/python3.10/site-packages/airflow/example_dags/example_task_group.py
[2025-08-07T16:12:31.413+0700] {processor.py:829} INFO - Processing file /home/dwmhr/pln/venv/lib/python3.10/site-packages/airflow/example_dags/example_task_group.py for tasks to queue
[2025-08-07T16:12:31.415+0700] {logging_mixin.py:154} INFO - [2025-08-07T16:12:31.414+0700] {dagbag.py:536} INFO - Filling up the DagBag from /home/dwmhr/pln/venv/lib/python3.10/site-packages/airflow/example_dags/example_task_group.py
[2025-08-07T16:12:31.432+0700] {processor.py:839} INFO - DAG(s) dict_keys(['example_task_group']) retrieved from /home/dwmhr/pln/venv/lib/python3.10/site-packages/airflow/example_dags/example_task_group.py
[2025-08-07T16:12:31.467+0700] {logging_mixin.py:154} INFO - [2025-08-07T16:12:31.467+0700] {dag.py:2941} INFO - Sync 1 DAGs
[2025-08-07T16:12:31.505+0700] {logging_mixin.py:154} INFO - [2025-08-07T16:12:31.505+0700] {dag.py:3722} INFO - Setting next_dagrun for example_task_group to 2025-08-06T09:12:31.504915+00:00, run_after=2025-08-07T09:12:31.504915+00:00
[2025-08-07T16:12:31.557+0700] {processor.py:179} INFO - Processing /home/dwmhr/pln/venv/lib/python3.10/site-packages/airflow/example_dags/example_task_group.py took 0.156 seconds
[2025-08-07T16:13:18.040+0700] {processor.py:157} INFO - Started process (PID=121679) to work on /home/dwmhr/pln/venv/lib/python3.10/site-packages/airflow/example_dags/example_task_group.py
[2025-08-07T16:13:18.043+0700] {processor.py:829} INFO - Processing file /home/dwmhr/pln/venv/lib/python3.10/site-packages/airflow/example_dags/example_task_group.py for tasks to queue
[2025-08-07T16:13:18.045+0700] {logging_mixin.py:154} INFO - [2025-08-07T16:13:18.044+0700] {dagbag.py:536} INFO - Filling up the DagBag from /home/dwmhr/pln/venv/lib/python3.10/site-packages/airflow/example_dags/example_task_group.py
[2025-08-07T16:13:18.058+0700] {processor.py:839} INFO - DAG(s) dict_keys(['example_task_group']) retrieved from /home/dwmhr/pln/venv/lib/python3.10/site-packages/airflow/example_dags/example_task_group.py
[2025-08-07T16:13:18.085+0700] {logging_mixin.py:154} INFO - [2025-08-07T16:13:18.085+0700] {dag.py:2941} INFO - Sync 1 DAGs
[2025-08-07T16:13:18.110+0700] {logging_mixin.py:154} INFO - [2025-08-07T16:13:18.109+0700] {dag.py:3722} INFO - Setting next_dagrun for example_task_group to 2025-08-06T09:13:18.109044+00:00, run_after=2025-08-07T09:13:18.109044+00:00
[2025-08-07T16:13:18.155+0700] {processor.py:179} INFO - Processing /home/dwmhr/pln/venv/lib/python3.10/site-packages/airflow/example_dags/example_task_group.py took 0.123 seconds
[2025-08-07T16:14:08.647+0700] {processor.py:157} INFO - Started process (PID=121931) to work on /home/dwmhr/pln/venv/lib/python3.10/site-packages/airflow/example_dags/example_task_group.py
[2025-08-07T16:14:08.649+0700] {processor.py:829} INFO - Processing file /home/dwmhr/pln/venv/lib/python3.10/site-packages/airflow/example_dags/example_task_group.py for tasks to queue
[2025-08-07T16:14:08.651+0700] {logging_mixin.py:154} INFO - [2025-08-07T16:14:08.651+0700] {dagbag.py:536} INFO - Filling up the DagBag from /home/dwmhr/pln/venv/lib/python3.10/site-packages/airflow/example_dags/example_task_group.py
[2025-08-07T16:14:08.665+0700] {processor.py:839} INFO - DAG(s) dict_keys(['example_task_group']) retrieved from /home/dwmhr/pln/venv/lib/python3.10/site-packages/airflow/example_dags/example_task_group.py
[2025-08-07T16:14:08.699+0700] {logging_mixin.py:154} INFO - [2025-08-07T16:14:08.699+0700] {dag.py:2941} INFO - Sync 1 DAGs
[2025-08-07T16:14:08.734+0700] {logging_mixin.py:154} INFO - [2025-08-07T16:14:08.734+0700] {dag.py:3722} INFO - Setting next_dagrun for example_task_group to 2025-08-06T09:14:08.733421+00:00, run_after=2025-08-07T09:14:08.733421+00:00
[2025-08-07T16:14:08.781+0700] {processor.py:179} INFO - Processing /home/dwmhr/pln/venv/lib/python3.10/site-packages/airflow/example_dags/example_task_group.py took 0.141 seconds
[2025-08-07T16:15:12.242+0700] {processor.py:157} INFO - Started process (PID=122245) to work on /home/dwmhr/pln/venv/lib/python3.10/site-packages/airflow/example_dags/example_task_group.py
[2025-08-07T16:15:12.247+0700] {processor.py:829} INFO - Processing file /home/dwmhr/pln/venv/lib/python3.10/site-packages/airflow/example_dags/example_task_group.py for tasks to queue
[2025-08-07T16:15:12.251+0700] {logging_mixin.py:154} INFO - [2025-08-07T16:15:12.249+0700] {dagbag.py:536} INFO - Filling up the DagBag from /home/dwmhr/pln/venv/lib/python3.10/site-packages/airflow/example_dags/example_task_group.py
[2025-08-07T16:15:12.276+0700] {processor.py:839} INFO - DAG(s) dict_keys(['example_task_group']) retrieved from /home/dwmhr/pln/venv/lib/python3.10/site-packages/airflow/example_dags/example_task_group.py
[2025-08-07T16:15:12.344+0700] {logging_mixin.py:154} INFO - [2025-08-07T16:15:12.343+0700] {dag.py:2941} INFO - Sync 1 DAGs
[2025-08-07T16:15:12.397+0700] {logging_mixin.py:154} INFO - [2025-08-07T16:15:12.397+0700] {dag.py:3722} INFO - Setting next_dagrun for example_task_group to 2025-08-06T09:15:12.396759+00:00, run_after=2025-08-07T09:15:12.396759+00:00
[2025-08-07T16:15:12.484+0700] {processor.py:179} INFO - Processing /home/dwmhr/pln/venv/lib/python3.10/site-packages/airflow/example_dags/example_task_group.py took 0.254 seconds
[2025-08-07T16:16:24.566+0700] {processor.py:157} INFO - Started process (PID=122638) to work on /home/dwmhr/pln/venv/lib/python3.10/site-packages/airflow/example_dags/example_task_group.py
[2025-08-07T16:16:24.570+0700] {processor.py:829} INFO - Processing file /home/dwmhr/pln/venv/lib/python3.10/site-packages/airflow/example_dags/example_task_group.py for tasks to queue
[2025-08-07T16:16:24.572+0700] {logging_mixin.py:154} INFO - [2025-08-07T16:16:24.571+0700] {dagbag.py:536} INFO - Filling up the DagBag from /home/dwmhr/pln/venv/lib/python3.10/site-packages/airflow/example_dags/example_task_group.py
[2025-08-07T16:16:24.594+0700] {processor.py:839} INFO - DAG(s) dict_keys(['example_task_group']) retrieved from /home/dwmhr/pln/venv/lib/python3.10/site-packages/airflow/example_dags/example_task_group.py
[2025-08-07T16:16:24.648+0700] {logging_mixin.py:154} INFO - [2025-08-07T16:16:24.647+0700] {dag.py:2941} INFO - Sync 1 DAGs
[2025-08-07T16:16:24.702+0700] {logging_mixin.py:154} INFO - [2025-08-07T16:16:24.702+0700] {dag.py:3722} INFO - Setting next_dagrun for example_task_group to 2025-08-06T09:16:24.701723+00:00, run_after=2025-08-07T09:16:24.701723+00:00
[2025-08-07T16:16:24.781+0700] {processor.py:179} INFO - Processing /home/dwmhr/pln/venv/lib/python3.10/site-packages/airflow/example_dags/example_task_group.py took 0.227 seconds
[2025-08-07T16:17:19.414+0700] {processor.py:157} INFO - Started process (PID=122928) to work on /home/dwmhr/pln/venv/lib/python3.10/site-packages/airflow/example_dags/example_task_group.py
[2025-08-07T16:17:19.416+0700] {processor.py:829} INFO - Processing file /home/dwmhr/pln/venv/lib/python3.10/site-packages/airflow/example_dags/example_task_group.py for tasks to queue
[2025-08-07T16:17:19.417+0700] {logging_mixin.py:154} INFO - [2025-08-07T16:17:19.416+0700] {dagbag.py:536} INFO - Filling up the DagBag from /home/dwmhr/pln/venv/lib/python3.10/site-packages/airflow/example_dags/example_task_group.py
[2025-08-07T16:17:19.426+0700] {processor.py:839} INFO - DAG(s) dict_keys(['example_task_group']) retrieved from /home/dwmhr/pln/venv/lib/python3.10/site-packages/airflow/example_dags/example_task_group.py
[2025-08-07T16:17:19.447+0700] {logging_mixin.py:154} INFO - [2025-08-07T16:17:19.447+0700] {dag.py:2941} INFO - Sync 1 DAGs
[2025-08-07T16:17:19.466+0700] {logging_mixin.py:154} INFO - [2025-08-07T16:17:19.466+0700] {dag.py:3722} INFO - Setting next_dagrun for example_task_group to 2025-08-06T09:17:19.466087+00:00, run_after=2025-08-07T09:17:19.466087+00:00
[2025-08-07T16:17:19.492+0700] {processor.py:179} INFO - Processing /home/dwmhr/pln/venv/lib/python3.10/site-packages/airflow/example_dags/example_task_group.py took 0.083 seconds
[2025-08-07T16:18:28.305+0700] {processor.py:157} INFO - Started process (PID=123253) to work on /home/dwmhr/pln/venv/lib/python3.10/site-packages/airflow/example_dags/example_task_group.py
[2025-08-07T16:18:28.307+0700] {processor.py:829} INFO - Processing file /home/dwmhr/pln/venv/lib/python3.10/site-packages/airflow/example_dags/example_task_group.py for tasks to queue
[2025-08-07T16:18:28.308+0700] {logging_mixin.py:154} INFO - [2025-08-07T16:18:28.307+0700] {dagbag.py:536} INFO - Filling up the DagBag from /home/dwmhr/pln/venv/lib/python3.10/site-packages/airflow/example_dags/example_task_group.py
[2025-08-07T16:18:28.319+0700] {processor.py:839} INFO - DAG(s) dict_keys(['example_task_group']) retrieved from /home/dwmhr/pln/venv/lib/python3.10/site-packages/airflow/example_dags/example_task_group.py
[2025-08-07T16:18:28.344+0700] {logging_mixin.py:154} INFO - [2025-08-07T16:18:28.344+0700] {dag.py:2941} INFO - Sync 1 DAGs
[2025-08-07T16:18:28.368+0700] {logging_mixin.py:154} INFO - [2025-08-07T16:18:28.367+0700] {dag.py:3722} INFO - Setting next_dagrun for example_task_group to 2025-08-06T09:18:28.367276+00:00, run_after=2025-08-07T09:18:28.367276+00:00
[2025-08-07T16:18:28.397+0700] {processor.py:179} INFO - Processing /home/dwmhr/pln/venv/lib/python3.10/site-packages/airflow/example_dags/example_task_group.py took 0.098 seconds
[2025-08-07T16:19:51.148+0700] {processor.py:157} INFO - Started process (PID=123659) to work on /home/dwmhr/pln/venv/lib/python3.10/site-packages/airflow/example_dags/example_task_group.py
[2025-08-07T16:19:51.159+0700] {processor.py:829} INFO - Processing file /home/dwmhr/pln/venv/lib/python3.10/site-packages/airflow/example_dags/example_task_group.py for tasks to queue
[2025-08-07T16:19:51.162+0700] {logging_mixin.py:154} INFO - [2025-08-07T16:19:51.161+0700] {dagbag.py:536} INFO - Filling up the DagBag from /home/dwmhr/pln/venv/lib/python3.10/site-packages/airflow/example_dags/example_task_group.py
[2025-08-07T16:19:51.190+0700] {processor.py:839} INFO - DAG(s) dict_keys(['example_task_group']) retrieved from /home/dwmhr/pln/venv/lib/python3.10/site-packages/airflow/example_dags/example_task_group.py
[2025-08-07T16:19:51.249+0700] {logging_mixin.py:154} INFO - [2025-08-07T16:19:51.248+0700] {dag.py:2941} INFO - Sync 1 DAGs
[2025-08-07T16:19:51.305+0700] {logging_mixin.py:154} INFO - [2025-08-07T16:19:51.304+0700] {dag.py:3722} INFO - Setting next_dagrun for example_task_group to 2025-08-06T09:19:51.303462+00:00, run_after=2025-08-07T09:19:51.303462+00:00
[2025-08-07T16:19:51.381+0700] {processor.py:179} INFO - Processing /home/dwmhr/pln/venv/lib/python3.10/site-packages/airflow/example_dags/example_task_group.py took 0.244 seconds
[2025-08-07T16:26:57.286+0700] {processor.py:157} INFO - Started process (PID=125440) to work on /home/dwmhr/pln/venv/lib/python3.10/site-packages/airflow/example_dags/example_task_group.py
[2025-08-07T16:26:57.297+0700] {processor.py:829} INFO - Processing file /home/dwmhr/pln/venv/lib/python3.10/site-packages/airflow/example_dags/example_task_group.py for tasks to queue
[2025-08-07T16:26:57.298+0700] {logging_mixin.py:154} INFO - [2025-08-07T16:26:57.298+0700] {dagbag.py:536} INFO - Filling up the DagBag from /home/dwmhr/pln/venv/lib/python3.10/site-packages/airflow/example_dags/example_task_group.py
[2025-08-07T16:26:57.305+0700] {processor.py:839} INFO - DAG(s) dict_keys(['example_task_group']) retrieved from /home/dwmhr/pln/venv/lib/python3.10/site-packages/airflow/example_dags/example_task_group.py
[2025-08-07T16:26:57.328+0700] {logging_mixin.py:154} INFO - [2025-08-07T16:26:57.328+0700] {dag.py:2941} INFO - Sync 1 DAGs
[2025-08-07T16:26:57.344+0700] {logging_mixin.py:154} INFO - [2025-08-07T16:26:57.344+0700] {dag.py:3722} INFO - Setting next_dagrun for example_task_group to 2025-08-06T09:26:57.344228+00:00, run_after=2025-08-07T09:26:57.344228+00:00
[2025-08-07T16:26:57.369+0700] {processor.py:179} INFO - Processing /home/dwmhr/pln/venv/lib/python3.10/site-packages/airflow/example_dags/example_task_group.py took 0.086 seconds
[2025-08-07T16:27:49.995+0700] {processor.py:157} INFO - Started process (PID=125722) to work on /home/dwmhr/pln/venv/lib/python3.10/site-packages/airflow/example_dags/example_task_group.py
[2025-08-07T16:27:50.004+0700] {processor.py:829} INFO - Processing file /home/dwmhr/pln/venv/lib/python3.10/site-packages/airflow/example_dags/example_task_group.py for tasks to queue
[2025-08-07T16:27:50.005+0700] {logging_mixin.py:154} INFO - [2025-08-07T16:27:50.005+0700] {dagbag.py:536} INFO - Filling up the DagBag from /home/dwmhr/pln/venv/lib/python3.10/site-packages/airflow/example_dags/example_task_group.py
[2025-08-07T16:27:50.019+0700] {processor.py:839} INFO - DAG(s) dict_keys(['example_task_group']) retrieved from /home/dwmhr/pln/venv/lib/python3.10/site-packages/airflow/example_dags/example_task_group.py
[2025-08-07T16:27:50.049+0700] {logging_mixin.py:154} INFO - [2025-08-07T16:27:50.048+0700] {dag.py:2941} INFO - Sync 1 DAGs
[2025-08-07T16:27:50.073+0700] {logging_mixin.py:154} INFO - [2025-08-07T16:27:50.072+0700] {dag.py:3722} INFO - Setting next_dagrun for example_task_group to 2025-08-06T09:27:50.072405+00:00, run_after=2025-08-07T09:27:50.072405+00:00
[2025-08-07T16:27:50.110+0700] {processor.py:179} INFO - Processing /home/dwmhr/pln/venv/lib/python3.10/site-packages/airflow/example_dags/example_task_group.py took 0.120 seconds
[2025-08-07T16:29:15.712+0700] {processor.py:157} INFO - Started process (PID=126093) to work on /home/dwmhr/pln/venv/lib/python3.10/site-packages/airflow/example_dags/example_task_group.py
[2025-08-07T16:29:15.719+0700] {processor.py:829} INFO - Processing file /home/dwmhr/pln/venv/lib/python3.10/site-packages/airflow/example_dags/example_task_group.py for tasks to queue
[2025-08-07T16:29:15.721+0700] {logging_mixin.py:154} INFO - [2025-08-07T16:29:15.720+0700] {dagbag.py:536} INFO - Filling up the DagBag from /home/dwmhr/pln/venv/lib/python3.10/site-packages/airflow/example_dags/example_task_group.py
[2025-08-07T16:29:15.730+0700] {processor.py:839} INFO - DAG(s) dict_keys(['example_task_group']) retrieved from /home/dwmhr/pln/venv/lib/python3.10/site-packages/airflow/example_dags/example_task_group.py
[2025-08-07T16:29:15.753+0700] {logging_mixin.py:154} INFO - [2025-08-07T16:29:15.752+0700] {dag.py:2941} INFO - Sync 1 DAGs
[2025-08-07T16:29:15.774+0700] {logging_mixin.py:154} INFO - [2025-08-07T16:29:15.774+0700] {dag.py:3722} INFO - Setting next_dagrun for example_task_group to 2025-08-06T09:29:15.774285+00:00, run_after=2025-08-07T09:29:15.774285+00:00
[2025-08-07T16:29:15.930+0700] {processor.py:179} INFO - Processing /home/dwmhr/pln/venv/lib/python3.10/site-packages/airflow/example_dags/example_task_group.py took 0.223 seconds
[2025-08-07T16:30:14.577+0700] {processor.py:157} INFO - Started process (PID=126380) to work on /home/dwmhr/pln/venv/lib/python3.10/site-packages/airflow/example_dags/example_task_group.py
[2025-08-07T16:30:14.580+0700] {processor.py:829} INFO - Processing file /home/dwmhr/pln/venv/lib/python3.10/site-packages/airflow/example_dags/example_task_group.py for tasks to queue
[2025-08-07T16:30:14.582+0700] {logging_mixin.py:154} INFO - [2025-08-07T16:30:14.581+0700] {dagbag.py:536} INFO - Filling up the DagBag from /home/dwmhr/pln/venv/lib/python3.10/site-packages/airflow/example_dags/example_task_group.py
[2025-08-07T16:30:14.605+0700] {processor.py:839} INFO - DAG(s) dict_keys(['example_task_group']) retrieved from /home/dwmhr/pln/venv/lib/python3.10/site-packages/airflow/example_dags/example_task_group.py
[2025-08-07T16:30:14.645+0700] {logging_mixin.py:154} INFO - [2025-08-07T16:30:14.645+0700] {dag.py:2941} INFO - Sync 1 DAGs
[2025-08-07T16:30:14.682+0700] {logging_mixin.py:154} INFO - [2025-08-07T16:30:14.681+0700] {dag.py:3722} INFO - Setting next_dagrun for example_task_group to 2025-08-06T09:30:14.681468+00:00, run_after=2025-08-07T09:30:14.681468+00:00
[2025-08-07T16:30:14.733+0700] {processor.py:179} INFO - Processing /home/dwmhr/pln/venv/lib/python3.10/site-packages/airflow/example_dags/example_task_group.py took 0.165 seconds
[2025-08-07T16:31:11.448+0700] {processor.py:157} INFO - Started process (PID=126676) to work on /home/dwmhr/pln/venv/lib/python3.10/site-packages/airflow/example_dags/example_task_group.py
[2025-08-07T16:31:11.451+0700] {processor.py:829} INFO - Processing file /home/dwmhr/pln/venv/lib/python3.10/site-packages/airflow/example_dags/example_task_group.py for tasks to queue
[2025-08-07T16:31:11.454+0700] {logging_mixin.py:154} INFO - [2025-08-07T16:31:11.453+0700] {dagbag.py:536} INFO - Filling up the DagBag from /home/dwmhr/pln/venv/lib/python3.10/site-packages/airflow/example_dags/example_task_group.py
[2025-08-07T16:31:11.474+0700] {processor.py:839} INFO - DAG(s) dict_keys(['example_task_group']) retrieved from /home/dwmhr/pln/venv/lib/python3.10/site-packages/airflow/example_dags/example_task_group.py
[2025-08-07T16:31:11.528+0700] {logging_mixin.py:154} INFO - [2025-08-07T16:31:11.527+0700] {dag.py:2941} INFO - Sync 1 DAGs
[2025-08-07T16:31:11.575+0700] {logging_mixin.py:154} INFO - [2025-08-07T16:31:11.575+0700] {dag.py:3722} INFO - Setting next_dagrun for example_task_group to 2025-08-06T09:31:11.574850+00:00, run_after=2025-08-07T09:31:11.574850+00:00
[2025-08-07T16:31:11.640+0700] {processor.py:179} INFO - Processing /home/dwmhr/pln/venv/lib/python3.10/site-packages/airflow/example_dags/example_task_group.py took 0.202 seconds
[2025-08-07T16:32:34.027+0700] {processor.py:157} INFO - Started process (PID=127045) to work on /home/dwmhr/pln/venv/lib/python3.10/site-packages/airflow/example_dags/example_task_group.py
[2025-08-07T16:32:34.056+0700] {processor.py:829} INFO - Processing file /home/dwmhr/pln/venv/lib/python3.10/site-packages/airflow/example_dags/example_task_group.py for tasks to queue
[2025-08-07T16:32:34.075+0700] {logging_mixin.py:154} INFO - [2025-08-07T16:32:34.061+0700] {dagbag.py:536} INFO - Filling up the DagBag from /home/dwmhr/pln/venv/lib/python3.10/site-packages/airflow/example_dags/example_task_group.py
[2025-08-07T16:32:34.159+0700] {processor.py:839} INFO - DAG(s) dict_keys(['example_task_group']) retrieved from /home/dwmhr/pln/venv/lib/python3.10/site-packages/airflow/example_dags/example_task_group.py
[2025-08-07T16:32:34.393+0700] {logging_mixin.py:154} INFO - [2025-08-07T16:32:34.391+0700] {dag.py:2941} INFO - Sync 1 DAGs
[2025-08-07T16:32:34.724+0700] {logging_mixin.py:154} INFO - [2025-08-07T16:32:34.723+0700] {dag.py:3722} INFO - Setting next_dagrun for example_task_group to 2025-08-06T09:32:34.712367+00:00, run_after=2025-08-07T09:32:34.712367+00:00
[2025-08-07T16:32:35.946+0700] {processor.py:179} INFO - Processing /home/dwmhr/pln/venv/lib/python3.10/site-packages/airflow/example_dags/example_task_group.py took 1.969 seconds
[2025-08-07T16:33:41.774+0700] {processor.py:157} INFO - Started process (PID=127303) to work on /home/dwmhr/pln/venv/lib/python3.10/site-packages/airflow/example_dags/example_task_group.py
[2025-08-07T16:33:41.779+0700] {processor.py:829} INFO - Processing file /home/dwmhr/pln/venv/lib/python3.10/site-packages/airflow/example_dags/example_task_group.py for tasks to queue
[2025-08-07T16:33:41.782+0700] {logging_mixin.py:154} INFO - [2025-08-07T16:33:41.781+0700] {dagbag.py:536} INFO - Filling up the DagBag from /home/dwmhr/pln/venv/lib/python3.10/site-packages/airflow/example_dags/example_task_group.py
[2025-08-07T16:33:41.797+0700] {processor.py:839} INFO - DAG(s) dict_keys(['example_task_group']) retrieved from /home/dwmhr/pln/venv/lib/python3.10/site-packages/airflow/example_dags/example_task_group.py
[2025-08-07T16:33:41.835+0700] {logging_mixin.py:154} INFO - [2025-08-07T16:33:41.835+0700] {dag.py:2941} INFO - Sync 1 DAGs
[2025-08-07T16:33:41.871+0700] {logging_mixin.py:154} INFO - [2025-08-07T16:33:41.870+0700] {dag.py:3722} INFO - Setting next_dagrun for example_task_group to 2025-08-06T09:33:41.869905+00:00, run_after=2025-08-07T09:33:41.869905+00:00
[2025-08-07T16:33:41.916+0700] {processor.py:179} INFO - Processing /home/dwmhr/pln/venv/lib/python3.10/site-packages/airflow/example_dags/example_task_group.py took 0.151 seconds
[2025-08-07T16:34:31.802+0700] {processor.py:157} INFO - Started process (PID=127483) to work on /home/dwmhr/pln/venv/lib/python3.10/site-packages/airflow/example_dags/example_task_group.py
[2025-08-07T16:34:31.806+0700] {processor.py:829} INFO - Processing file /home/dwmhr/pln/venv/lib/python3.10/site-packages/airflow/example_dags/example_task_group.py for tasks to queue
[2025-08-07T16:34:31.808+0700] {logging_mixin.py:154} INFO - [2025-08-07T16:34:31.807+0700] {dagbag.py:536} INFO - Filling up the DagBag from /home/dwmhr/pln/venv/lib/python3.10/site-packages/airflow/example_dags/example_task_group.py
[2025-08-07T16:34:31.829+0700] {processor.py:839} INFO - DAG(s) dict_keys(['example_task_group']) retrieved from /home/dwmhr/pln/venv/lib/python3.10/site-packages/airflow/example_dags/example_task_group.py
[2025-08-07T16:34:31.877+0700] {logging_mixin.py:154} INFO - [2025-08-07T16:34:31.877+0700] {dag.py:2941} INFO - Sync 1 DAGs
[2025-08-07T16:34:31.917+0700] {logging_mixin.py:154} INFO - [2025-08-07T16:34:31.917+0700] {dag.py:3722} INFO - Setting next_dagrun for example_task_group to 2025-08-06T09:34:31.916549+00:00, run_after=2025-08-07T09:34:31.916549+00:00
[2025-08-07T16:34:31.993+0700] {processor.py:179} INFO - Processing /home/dwmhr/pln/venv/lib/python3.10/site-packages/airflow/example_dags/example_task_group.py took 0.201 seconds
[2025-08-07T16:35:26.451+0700] {processor.py:157} INFO - Started process (PID=127725) to work on /home/dwmhr/pln/venv/lib/python3.10/site-packages/airflow/example_dags/example_task_group.py
[2025-08-07T16:35:26.453+0700] {processor.py:829} INFO - Processing file /home/dwmhr/pln/venv/lib/python3.10/site-packages/airflow/example_dags/example_task_group.py for tasks to queue
[2025-08-07T16:35:26.454+0700] {logging_mixin.py:154} INFO - [2025-08-07T16:35:26.453+0700] {dagbag.py:536} INFO - Filling up the DagBag from /home/dwmhr/pln/venv/lib/python3.10/site-packages/airflow/example_dags/example_task_group.py
[2025-08-07T16:35:26.461+0700] {processor.py:839} INFO - DAG(s) dict_keys(['example_task_group']) retrieved from /home/dwmhr/pln/venv/lib/python3.10/site-packages/airflow/example_dags/example_task_group.py
[2025-08-07T16:35:26.478+0700] {logging_mixin.py:154} INFO - [2025-08-07T16:35:26.477+0700] {dag.py:2941} INFO - Sync 1 DAGs
[2025-08-07T16:35:26.493+0700] {logging_mixin.py:154} INFO - [2025-08-07T16:35:26.493+0700] {dag.py:3722} INFO - Setting next_dagrun for example_task_group to 2025-08-06T09:35:26.493161+00:00, run_after=2025-08-07T09:35:26.493161+00:00
[2025-08-07T16:35:26.514+0700] {processor.py:179} INFO - Processing /home/dwmhr/pln/venv/lib/python3.10/site-packages/airflow/example_dags/example_task_group.py took 0.066 seconds
[2025-08-07T16:36:09.419+0700] {processor.py:157} INFO - Started process (PID=127915) to work on /home/dwmhr/pln/venv/lib/python3.10/site-packages/airflow/example_dags/example_task_group.py
[2025-08-07T16:36:09.421+0700] {processor.py:829} INFO - Processing file /home/dwmhr/pln/venv/lib/python3.10/site-packages/airflow/example_dags/example_task_group.py for tasks to queue
[2025-08-07T16:36:09.421+0700] {logging_mixin.py:154} INFO - [2025-08-07T16:36:09.421+0700] {dagbag.py:536} INFO - Filling up the DagBag from /home/dwmhr/pln/venv/lib/python3.10/site-packages/airflow/example_dags/example_task_group.py
[2025-08-07T16:36:09.428+0700] {processor.py:839} INFO - DAG(s) dict_keys(['example_task_group']) retrieved from /home/dwmhr/pln/venv/lib/python3.10/site-packages/airflow/example_dags/example_task_group.py
[2025-08-07T16:36:09.446+0700] {logging_mixin.py:154} INFO - [2025-08-07T16:36:09.446+0700] {dag.py:2941} INFO - Sync 1 DAGs
[2025-08-07T16:36:09.462+0700] {logging_mixin.py:154} INFO - [2025-08-07T16:36:09.461+0700] {dag.py:3722} INFO - Setting next_dagrun for example_task_group to 2025-08-06T09:36:09.461695+00:00, run_after=2025-08-07T09:36:09.461695+00:00
[2025-08-07T16:36:09.483+0700] {processor.py:179} INFO - Processing /home/dwmhr/pln/venv/lib/python3.10/site-packages/airflow/example_dags/example_task_group.py took 0.067 seconds
[2025-08-07T16:37:01.107+0700] {processor.py:157} INFO - Started process (PID=128153) to work on /home/dwmhr/pln/venv/lib/python3.10/site-packages/airflow/example_dags/example_task_group.py
[2025-08-07T16:37:01.111+0700] {processor.py:829} INFO - Processing file /home/dwmhr/pln/venv/lib/python3.10/site-packages/airflow/example_dags/example_task_group.py for tasks to queue
[2025-08-07T16:37:01.113+0700] {logging_mixin.py:154} INFO - [2025-08-07T16:37:01.112+0700] {dagbag.py:536} INFO - Filling up the DagBag from /home/dwmhr/pln/venv/lib/python3.10/site-packages/airflow/example_dags/example_task_group.py
[2025-08-07T16:37:01.140+0700] {processor.py:839} INFO - DAG(s) dict_keys(['example_task_group']) retrieved from /home/dwmhr/pln/venv/lib/python3.10/site-packages/airflow/example_dags/example_task_group.py
[2025-08-07T16:37:01.195+0700] {logging_mixin.py:154} INFO - [2025-08-07T16:37:01.195+0700] {dag.py:2941} INFO - Sync 1 DAGs
[2025-08-07T16:37:01.243+0700] {logging_mixin.py:154} INFO - [2025-08-07T16:37:01.243+0700] {dag.py:3722} INFO - Setting next_dagrun for example_task_group to 2025-08-06T09:37:01.242802+00:00, run_after=2025-08-07T09:37:01.242802+00:00
[2025-08-07T16:37:01.302+0700] {processor.py:179} INFO - Processing /home/dwmhr/pln/venv/lib/python3.10/site-packages/airflow/example_dags/example_task_group.py took 0.208 seconds
[2025-08-07T16:37:57.353+0700] {processor.py:157} INFO - Started process (PID=128385) to work on /home/dwmhr/pln/venv/lib/python3.10/site-packages/airflow/example_dags/example_task_group.py
[2025-08-07T16:37:57.356+0700] {processor.py:829} INFO - Processing file /home/dwmhr/pln/venv/lib/python3.10/site-packages/airflow/example_dags/example_task_group.py for tasks to queue
[2025-08-07T16:37:57.358+0700] {logging_mixin.py:154} INFO - [2025-08-07T16:37:57.357+0700] {dagbag.py:536} INFO - Filling up the DagBag from /home/dwmhr/pln/venv/lib/python3.10/site-packages/airflow/example_dags/example_task_group.py
[2025-08-07T16:37:57.374+0700] {processor.py:839} INFO - DAG(s) dict_keys(['example_task_group']) retrieved from /home/dwmhr/pln/venv/lib/python3.10/site-packages/airflow/example_dags/example_task_group.py
[2025-08-07T16:37:57.412+0700] {logging_mixin.py:154} INFO - [2025-08-07T16:37:57.412+0700] {dag.py:2941} INFO - Sync 1 DAGs
[2025-08-07T16:37:57.455+0700] {logging_mixin.py:154} INFO - [2025-08-07T16:37:57.455+0700] {dag.py:3722} INFO - Setting next_dagrun for example_task_group to 2025-08-06T09:37:57.454570+00:00, run_after=2025-08-07T09:37:57.454570+00:00
[2025-08-07T16:37:57.506+0700] {processor.py:179} INFO - Processing /home/dwmhr/pln/venv/lib/python3.10/site-packages/airflow/example_dags/example_task_group.py took 0.161 seconds
[2025-08-07T16:38:59.756+0700] {processor.py:157} INFO - Started process (PID=128629) to work on /home/dwmhr/pln/venv/lib/python3.10/site-packages/airflow/example_dags/example_task_group.py
[2025-08-07T16:38:59.764+0700] {processor.py:829} INFO - Processing file /home/dwmhr/pln/venv/lib/python3.10/site-packages/airflow/example_dags/example_task_group.py for tasks to queue
[2025-08-07T16:38:59.766+0700] {logging_mixin.py:154} INFO - [2025-08-07T16:38:59.765+0700] {dagbag.py:536} INFO - Filling up the DagBag from /home/dwmhr/pln/venv/lib/python3.10/site-packages/airflow/example_dags/example_task_group.py
[2025-08-07T16:38:59.781+0700] {processor.py:839} INFO - DAG(s) dict_keys(['example_task_group']) retrieved from /home/dwmhr/pln/venv/lib/python3.10/site-packages/airflow/example_dags/example_task_group.py
[2025-08-07T16:38:59.811+0700] {logging_mixin.py:154} INFO - [2025-08-07T16:38:59.811+0700] {dag.py:2941} INFO - Sync 1 DAGs
[2025-08-07T16:38:59.853+0700] {logging_mixin.py:154} INFO - [2025-08-07T16:38:59.852+0700] {dag.py:3722} INFO - Setting next_dagrun for example_task_group to 2025-08-06T09:38:59.851385+00:00, run_after=2025-08-07T09:38:59.851385+00:00
[2025-08-07T16:38:59.891+0700] {processor.py:179} INFO - Processing /home/dwmhr/pln/venv/lib/python3.10/site-packages/airflow/example_dags/example_task_group.py took 0.142 seconds
[2025-08-07T16:39:49.763+0700] {processor.py:157} INFO - Started process (PID=128822) to work on /home/dwmhr/pln/venv/lib/python3.10/site-packages/airflow/example_dags/example_task_group.py
[2025-08-07T16:39:49.777+0700] {processor.py:829} INFO - Processing file /home/dwmhr/pln/venv/lib/python3.10/site-packages/airflow/example_dags/example_task_group.py for tasks to queue
[2025-08-07T16:39:49.782+0700] {logging_mixin.py:154} INFO - [2025-08-07T16:39:49.780+0700] {dagbag.py:536} INFO - Filling up the DagBag from /home/dwmhr/pln/venv/lib/python3.10/site-packages/airflow/example_dags/example_task_group.py
[2025-08-07T16:39:49.825+0700] {processor.py:839} INFO - DAG(s) dict_keys(['example_task_group']) retrieved from /home/dwmhr/pln/venv/lib/python3.10/site-packages/airflow/example_dags/example_task_group.py
[2025-08-07T16:39:49.920+0700] {logging_mixin.py:154} INFO - [2025-08-07T16:39:49.919+0700] {dag.py:2941} INFO - Sync 1 DAGs
[2025-08-07T16:39:50.002+0700] {logging_mixin.py:154} INFO - [2025-08-07T16:39:50.001+0700] {dag.py:3722} INFO - Setting next_dagrun for example_task_group to 2025-08-06T09:39:50.001068+00:00, run_after=2025-08-07T09:39:50.001068+00:00
[2025-08-07T16:39:50.119+0700] {processor.py:179} INFO - Processing /home/dwmhr/pln/venv/lib/python3.10/site-packages/airflow/example_dags/example_task_group.py took 0.380 seconds
[2025-08-07T16:41:08.494+0700] {processor.py:157} INFO - Started process (PID=129150) to work on /home/dwmhr/pln/venv/lib/python3.10/site-packages/airflow/example_dags/example_task_group.py
[2025-08-07T16:41:08.499+0700] {processor.py:829} INFO - Processing file /home/dwmhr/pln/venv/lib/python3.10/site-packages/airflow/example_dags/example_task_group.py for tasks to queue
[2025-08-07T16:41:08.500+0700] {logging_mixin.py:154} INFO - [2025-08-07T16:41:08.500+0700] {dagbag.py:536} INFO - Filling up the DagBag from /home/dwmhr/pln/venv/lib/python3.10/site-packages/airflow/example_dags/example_task_group.py
[2025-08-07T16:41:08.508+0700] {processor.py:839} INFO - DAG(s) dict_keys(['example_task_group']) retrieved from /home/dwmhr/pln/venv/lib/python3.10/site-packages/airflow/example_dags/example_task_group.py
[2025-08-07T16:41:08.526+0700] {logging_mixin.py:154} INFO - [2025-08-07T16:41:08.525+0700] {dag.py:2941} INFO - Sync 1 DAGs
[2025-08-07T16:41:08.542+0700] {logging_mixin.py:154} INFO - [2025-08-07T16:41:08.542+0700] {dag.py:3722} INFO - Setting next_dagrun for example_task_group to 2025-08-06T09:41:08.541795+00:00, run_after=2025-08-07T09:41:08.541795+00:00
[2025-08-07T16:41:08.563+0700] {processor.py:179} INFO - Processing /home/dwmhr/pln/venv/lib/python3.10/site-packages/airflow/example_dags/example_task_group.py took 0.072 seconds
[2025-08-07T16:41:58.397+0700] {processor.py:157} INFO - Started process (PID=129360) to work on /home/dwmhr/pln/venv/lib/python3.10/site-packages/airflow/example_dags/example_task_group.py
[2025-08-07T16:41:58.400+0700] {processor.py:829} INFO - Processing file /home/dwmhr/pln/venv/lib/python3.10/site-packages/airflow/example_dags/example_task_group.py for tasks to queue
[2025-08-07T16:41:58.401+0700] {logging_mixin.py:154} INFO - [2025-08-07T16:41:58.400+0700] {dagbag.py:536} INFO - Filling up the DagBag from /home/dwmhr/pln/venv/lib/python3.10/site-packages/airflow/example_dags/example_task_group.py
[2025-08-07T16:41:58.411+0700] {processor.py:839} INFO - DAG(s) dict_keys(['example_task_group']) retrieved from /home/dwmhr/pln/venv/lib/python3.10/site-packages/airflow/example_dags/example_task_group.py
[2025-08-07T16:41:58.438+0700] {logging_mixin.py:154} INFO - [2025-08-07T16:41:58.438+0700] {dag.py:2941} INFO - Sync 1 DAGs
[2025-08-07T16:41:58.463+0700] {logging_mixin.py:154} INFO - [2025-08-07T16:41:58.463+0700] {dag.py:3722} INFO - Setting next_dagrun for example_task_group to 2025-08-06T09:41:58.462693+00:00, run_after=2025-08-07T09:41:58.462693+00:00
[2025-08-07T16:41:58.496+0700] {processor.py:179} INFO - Processing /home/dwmhr/pln/venv/lib/python3.10/site-packages/airflow/example_dags/example_task_group.py took 0.104 seconds
[2025-08-07T16:42:43.652+0700] {processor.py:157} INFO - Started process (PID=129537) to work on /home/dwmhr/pln/venv/lib/python3.10/site-packages/airflow/example_dags/example_task_group.py
[2025-08-07T16:42:43.656+0700] {processor.py:829} INFO - Processing file /home/dwmhr/pln/venv/lib/python3.10/site-packages/airflow/example_dags/example_task_group.py for tasks to queue
[2025-08-07T16:42:43.663+0700] {logging_mixin.py:154} INFO - [2025-08-07T16:42:43.661+0700] {dagbag.py:536} INFO - Filling up the DagBag from /home/dwmhr/pln/venv/lib/python3.10/site-packages/airflow/example_dags/example_task_group.py
[2025-08-07T16:42:43.689+0700] {processor.py:839} INFO - DAG(s) dict_keys(['example_task_group']) retrieved from /home/dwmhr/pln/venv/lib/python3.10/site-packages/airflow/example_dags/example_task_group.py
[2025-08-07T16:42:43.745+0700] {logging_mixin.py:154} INFO - [2025-08-07T16:42:43.744+0700] {dag.py:2941} INFO - Sync 1 DAGs
[2025-08-07T16:42:43.794+0700] {logging_mixin.py:154} INFO - [2025-08-07T16:42:43.794+0700] {dag.py:3722} INFO - Setting next_dagrun for example_task_group to 2025-08-06T09:42:43.793681+00:00, run_after=2025-08-07T09:42:43.793681+00:00
[2025-08-07T16:42:43.858+0700] {processor.py:179} INFO - Processing /home/dwmhr/pln/venv/lib/python3.10/site-packages/airflow/example_dags/example_task_group.py took 0.220 seconds
[2025-08-07T16:43:45.089+0700] {processor.py:157} INFO - Started process (PID=129809) to work on /home/dwmhr/pln/venv/lib/python3.10/site-packages/airflow/example_dags/example_task_group.py
[2025-08-07T16:43:45.094+0700] {processor.py:829} INFO - Processing file /home/dwmhr/pln/venv/lib/python3.10/site-packages/airflow/example_dags/example_task_group.py for tasks to queue
[2025-08-07T16:43:45.096+0700] {logging_mixin.py:154} INFO - [2025-08-07T16:43:45.095+0700] {dagbag.py:536} INFO - Filling up the DagBag from /home/dwmhr/pln/venv/lib/python3.10/site-packages/airflow/example_dags/example_task_group.py
[2025-08-07T16:43:45.111+0700] {processor.py:839} INFO - DAG(s) dict_keys(['example_task_group']) retrieved from /home/dwmhr/pln/venv/lib/python3.10/site-packages/airflow/example_dags/example_task_group.py
[2025-08-07T16:43:45.146+0700] {logging_mixin.py:154} INFO - [2025-08-07T16:43:45.145+0700] {dag.py:2941} INFO - Sync 1 DAGs
[2025-08-07T16:43:45.180+0700] {logging_mixin.py:154} INFO - [2025-08-07T16:43:45.179+0700] {dag.py:3722} INFO - Setting next_dagrun for example_task_group to 2025-08-06T09:43:45.179473+00:00, run_after=2025-08-07T09:43:45.179473+00:00
[2025-08-07T16:43:45.223+0700] {processor.py:179} INFO - Processing /home/dwmhr/pln/venv/lib/python3.10/site-packages/airflow/example_dags/example_task_group.py took 0.141 seconds
[2025-08-07T16:44:29.775+0700] {processor.py:157} INFO - Started process (PID=130017) to work on /home/dwmhr/pln/venv/lib/python3.10/site-packages/airflow/example_dags/example_task_group.py
[2025-08-07T16:44:29.779+0700] {processor.py:829} INFO - Processing file /home/dwmhr/pln/venv/lib/python3.10/site-packages/airflow/example_dags/example_task_group.py for tasks to queue
[2025-08-07T16:44:29.780+0700] {logging_mixin.py:154} INFO - [2025-08-07T16:44:29.779+0700] {dagbag.py:536} INFO - Filling up the DagBag from /home/dwmhr/pln/venv/lib/python3.10/site-packages/airflow/example_dags/example_task_group.py
[2025-08-07T16:44:29.788+0700] {processor.py:839} INFO - DAG(s) dict_keys(['example_task_group']) retrieved from /home/dwmhr/pln/venv/lib/python3.10/site-packages/airflow/example_dags/example_task_group.py
[2025-08-07T16:44:29.806+0700] {logging_mixin.py:154} INFO - [2025-08-07T16:44:29.806+0700] {dag.py:2941} INFO - Sync 1 DAGs
[2025-08-07T16:44:29.824+0700] {logging_mixin.py:154} INFO - [2025-08-07T16:44:29.823+0700] {dag.py:3722} INFO - Setting next_dagrun for example_task_group to 2025-08-06T09:44:29.823561+00:00, run_after=2025-08-07T09:44:29.823561+00:00
[2025-08-07T16:44:29.851+0700] {processor.py:179} INFO - Processing /home/dwmhr/pln/venv/lib/python3.10/site-packages/airflow/example_dags/example_task_group.py took 0.080 seconds
[2025-08-07T16:45:08.965+0700] {processor.py:157} INFO - Started process (PID=130178) to work on /home/dwmhr/pln/venv/lib/python3.10/site-packages/airflow/example_dags/example_task_group.py
[2025-08-07T16:45:08.966+0700] {processor.py:829} INFO - Processing file /home/dwmhr/pln/venv/lib/python3.10/site-packages/airflow/example_dags/example_task_group.py for tasks to queue
[2025-08-07T16:45:08.967+0700] {logging_mixin.py:154} INFO - [2025-08-07T16:45:08.967+0700] {dagbag.py:536} INFO - Filling up the DagBag from /home/dwmhr/pln/venv/lib/python3.10/site-packages/airflow/example_dags/example_task_group.py
[2025-08-07T16:45:08.973+0700] {processor.py:839} INFO - DAG(s) dict_keys(['example_task_group']) retrieved from /home/dwmhr/pln/venv/lib/python3.10/site-packages/airflow/example_dags/example_task_group.py
[2025-08-07T16:45:08.988+0700] {logging_mixin.py:154} INFO - [2025-08-07T16:45:08.987+0700] {dag.py:2941} INFO - Sync 1 DAGs
[2025-08-07T16:45:09.002+0700] {logging_mixin.py:154} INFO - [2025-08-07T16:45:09.002+0700] {dag.py:3722} INFO - Setting next_dagrun for example_task_group to 2025-08-06T09:45:09.002003+00:00, run_after=2025-08-07T09:45:09.002003+00:00
[2025-08-07T16:45:09.018+0700] {processor.py:179} INFO - Processing /home/dwmhr/pln/venv/lib/python3.10/site-packages/airflow/example_dags/example_task_group.py took 0.055 seconds
[2025-08-07T16:45:52.116+0700] {processor.py:157} INFO - Started process (PID=130381) to work on /home/dwmhr/pln/venv/lib/python3.10/site-packages/airflow/example_dags/example_task_group.py
[2025-08-07T16:45:52.117+0700] {processor.py:829} INFO - Processing file /home/dwmhr/pln/venv/lib/python3.10/site-packages/airflow/example_dags/example_task_group.py for tasks to queue
[2025-08-07T16:45:52.118+0700] {logging_mixin.py:154} INFO - [2025-08-07T16:45:52.118+0700] {dagbag.py:536} INFO - Filling up the DagBag from /home/dwmhr/pln/venv/lib/python3.10/site-packages/airflow/example_dags/example_task_group.py
[2025-08-07T16:45:52.124+0700] {processor.py:839} INFO - DAG(s) dict_keys(['example_task_group']) retrieved from /home/dwmhr/pln/venv/lib/python3.10/site-packages/airflow/example_dags/example_task_group.py
[2025-08-07T16:45:52.138+0700] {logging_mixin.py:154} INFO - [2025-08-07T16:45:52.138+0700] {dag.py:2941} INFO - Sync 1 DAGs
[2025-08-07T16:45:52.151+0700] {logging_mixin.py:154} INFO - [2025-08-07T16:45:52.151+0700] {dag.py:3722} INFO - Setting next_dagrun for example_task_group to 2025-08-06T09:45:52.151030+00:00, run_after=2025-08-07T09:45:52.151030+00:00
[2025-08-07T16:45:52.172+0700] {processor.py:179} INFO - Processing /home/dwmhr/pln/venv/lib/python3.10/site-packages/airflow/example_dags/example_task_group.py took 0.059 seconds
[2025-08-07T16:47:03.137+0700] {processor.py:157} INFO - Started process (PID=130679) to work on /home/dwmhr/pln/venv/lib/python3.10/site-packages/airflow/example_dags/example_task_group.py
[2025-08-07T16:47:03.142+0700] {processor.py:829} INFO - Processing file /home/dwmhr/pln/venv/lib/python3.10/site-packages/airflow/example_dags/example_task_group.py for tasks to queue
[2025-08-07T16:47:03.143+0700] {logging_mixin.py:154} INFO - [2025-08-07T16:47:03.142+0700] {dagbag.py:536} INFO - Filling up the DagBag from /home/dwmhr/pln/venv/lib/python3.10/site-packages/airflow/example_dags/example_task_group.py
[2025-08-07T16:47:03.148+0700] {processor.py:839} INFO - DAG(s) dict_keys(['example_task_group']) retrieved from /home/dwmhr/pln/venv/lib/python3.10/site-packages/airflow/example_dags/example_task_group.py
[2025-08-07T16:47:03.161+0700] {logging_mixin.py:154} INFO - [2025-08-07T16:47:03.161+0700] {dag.py:2941} INFO - Sync 1 DAGs
[2025-08-07T16:47:03.174+0700] {logging_mixin.py:154} INFO - [2025-08-07T16:47:03.174+0700] {dag.py:3722} INFO - Setting next_dagrun for example_task_group to 2025-08-06T09:47:03.173838+00:00, run_after=2025-08-07T09:47:03.173838+00:00
[2025-08-07T16:47:03.194+0700] {processor.py:179} INFO - Processing /home/dwmhr/pln/venv/lib/python3.10/site-packages/airflow/example_dags/example_task_group.py took 0.059 seconds
[2025-08-07T16:47:53.291+0700] {processor.py:157} INFO - Started process (PID=130912) to work on /home/dwmhr/pln/venv/lib/python3.10/site-packages/airflow/example_dags/example_task_group.py
[2025-08-07T16:47:53.298+0700] {processor.py:829} INFO - Processing file /home/dwmhr/pln/venv/lib/python3.10/site-packages/airflow/example_dags/example_task_group.py for tasks to queue
[2025-08-07T16:47:53.301+0700] {logging_mixin.py:154} INFO - [2025-08-07T16:47:53.300+0700] {dagbag.py:536} INFO - Filling up the DagBag from /home/dwmhr/pln/venv/lib/python3.10/site-packages/airflow/example_dags/example_task_group.py
[2025-08-07T16:47:53.327+0700] {processor.py:839} INFO - DAG(s) dict_keys(['example_task_group']) retrieved from /home/dwmhr/pln/venv/lib/python3.10/site-packages/airflow/example_dags/example_task_group.py
[2025-08-07T16:47:53.393+0700] {logging_mixin.py:154} INFO - [2025-08-07T16:47:53.393+0700] {dag.py:2941} INFO - Sync 1 DAGs
[2025-08-07T16:47:53.431+0700] {logging_mixin.py:154} INFO - [2025-08-07T16:47:53.431+0700] {dag.py:3722} INFO - Setting next_dagrun for example_task_group to 2025-08-06T09:47:53.430811+00:00, run_after=2025-08-07T09:47:53.430811+00:00
[2025-08-07T16:47:53.508+0700] {processor.py:179} INFO - Processing /home/dwmhr/pln/venv/lib/python3.10/site-packages/airflow/example_dags/example_task_group.py took 0.223 seconds
[2025-08-07T16:48:50.062+0700] {processor.py:157} INFO - Started process (PID=131135) to work on /home/dwmhr/pln/venv/lib/python3.10/site-packages/airflow/example_dags/example_task_group.py
[2025-08-07T16:48:50.075+0700] {processor.py:829} INFO - Processing file /home/dwmhr/pln/venv/lib/python3.10/site-packages/airflow/example_dags/example_task_group.py for tasks to queue
[2025-08-07T16:48:50.076+0700] {logging_mixin.py:154} INFO - [2025-08-07T16:48:50.076+0700] {dagbag.py:536} INFO - Filling up the DagBag from /home/dwmhr/pln/venv/lib/python3.10/site-packages/airflow/example_dags/example_task_group.py
[2025-08-07T16:48:50.085+0700] {processor.py:839} INFO - DAG(s) dict_keys(['example_task_group']) retrieved from /home/dwmhr/pln/venv/lib/python3.10/site-packages/airflow/example_dags/example_task_group.py
[2025-08-07T16:48:50.104+0700] {logging_mixin.py:154} INFO - [2025-08-07T16:48:50.103+0700] {dag.py:2941} INFO - Sync 1 DAGs
[2025-08-07T16:48:50.122+0700] {logging_mixin.py:154} INFO - [2025-08-07T16:48:50.122+0700] {dag.py:3722} INFO - Setting next_dagrun for example_task_group to 2025-08-06T09:48:50.121905+00:00, run_after=2025-08-07T09:48:50.121905+00:00
[2025-08-07T16:48:50.146+0700] {processor.py:179} INFO - Processing /home/dwmhr/pln/venv/lib/python3.10/site-packages/airflow/example_dags/example_task_group.py took 0.088 seconds
