[2025-08-07T15:45:54.588+0700] {processor.py:157} INFO - Started process (PID=113437) to work on /home/dwmhr/pln/venv/lib/python3.10/site-packages/airflow/example_dags/example_branch_operator_decorator.py
[2025-08-07T15:45:54.589+0700] {processor.py:829} INFO - Processing file /home/dwmhr/pln/venv/lib/python3.10/site-packages/airflow/example_dags/example_branch_operator_decorator.py for tasks to queue
[2025-08-07T15:45:54.591+0700] {logging_mixin.py:154} INFO - [2025-08-07T15:45:54.590+0700] {dagbag.py:536} INFO - Filling up the DagBag from /home/dwmhr/pln/venv/lib/python3.10/site-packages/airflow/example_dags/example_branch_operator_decorator.py
[2025-08-07T15:45:54.612+0700] {processor.py:839} INFO - DAG(s) dict_keys(['example_branch_python_operator_decorator']) retrieved from /home/dwmhr/pln/venv/lib/python3.10/site-packages/airflow/example_dags/example_branch_operator_decorator.py
[2025-08-07T15:45:54.827+0700] {logging_mixin.py:154} INFO - [2025-08-07T15:45:54.826+0700] {manager.py:499} INFO - Created Permission View: %s
[2025-08-07T15:45:54.851+0700] {logging_mixin.py:154} INFO - [2025-08-07T15:45:54.851+0700] {manager.py:499} INFO - Created Permission View: %s
[2025-08-07T15:45:54.868+0700] {logging_mixin.py:154} INFO - [2025-08-07T15:45:54.867+0700] {manager.py:499} INFO - Created Permission View: %s
[2025-08-07T15:45:54.869+0700] {logging_mixin.py:154} INFO - [2025-08-07T15:45:54.869+0700] {dag.py:2941} INFO - Sync 1 DAGs
[2025-08-07T15:45:54.897+0700] {logging_mixin.py:154} INFO - [2025-08-07T15:45:54.897+0700] {dag.py:2963} INFO - Creating ORM DAG for example_branch_python_operator_decorator
[2025-08-07T15:45:54.917+0700] {logging_mixin.py:154} INFO - [2025-08-07T15:45:54.917+0700] {dag.py:3722} INFO - Setting next_dagrun for example_branch_python_operator_decorator to 2025-08-06T00:00:00+00:00, run_after=2025-08-07T00:00:00+00:00
[2025-08-07T15:45:54.960+0700] {processor.py:179} INFO - Processing /home/dwmhr/pln/venv/lib/python3.10/site-packages/airflow/example_dags/example_branch_operator_decorator.py took 0.388 seconds
[2025-08-07T15:46:51.807+0700] {processor.py:157} INFO - Started process (PID=113743) to work on /home/dwmhr/pln/venv/lib/python3.10/site-packages/airflow/example_dags/example_branch_operator_decorator.py
[2025-08-07T15:46:51.823+0700] {processor.py:829} INFO - Processing file /home/dwmhr/pln/venv/lib/python3.10/site-packages/airflow/example_dags/example_branch_operator_decorator.py for tasks to queue
[2025-08-07T15:46:51.827+0700] {logging_mixin.py:154} INFO - [2025-08-07T15:46:51.826+0700] {dagbag.py:536} INFO - Filling up the DagBag from /home/dwmhr/pln/venv/lib/python3.10/site-packages/airflow/example_dags/example_branch_operator_decorator.py
[2025-08-07T15:46:51.873+0700] {processor.py:839} INFO - DAG(s) dict_keys(['example_branch_python_operator_decorator']) retrieved from /home/dwmhr/pln/venv/lib/python3.10/site-packages/airflow/example_dags/example_branch_operator_decorator.py
[2025-08-07T15:46:52.040+0700] {logging_mixin.py:154} INFO - [2025-08-07T15:46:52.028+0700] {dag.py:2941} INFO - Sync 1 DAGs
[2025-08-07T15:46:52.169+0700] {logging_mixin.py:154} INFO - [2025-08-07T15:46:52.168+0700] {dag.py:3722} INFO - Setting next_dagrun for example_branch_python_operator_decorator to 2025-08-06T00:00:00+00:00, run_after=2025-08-07T00:00:00+00:00
[2025-08-07T15:46:52.263+0700] {processor.py:179} INFO - Processing /home/dwmhr/pln/venv/lib/python3.10/site-packages/airflow/example_dags/example_branch_operator_decorator.py took 0.470 seconds
[2025-08-07T15:47:46.793+0700] {processor.py:157} INFO - Started process (PID=114043) to work on /home/dwmhr/pln/venv/lib/python3.10/site-packages/airflow/example_dags/example_branch_operator_decorator.py
[2025-08-07T15:47:46.796+0700] {processor.py:829} INFO - Processing file /home/dwmhr/pln/venv/lib/python3.10/site-packages/airflow/example_dags/example_branch_operator_decorator.py for tasks to queue
[2025-08-07T15:47:46.797+0700] {logging_mixin.py:154} INFO - [2025-08-07T15:47:46.797+0700] {dagbag.py:536} INFO - Filling up the DagBag from /home/dwmhr/pln/venv/lib/python3.10/site-packages/airflow/example_dags/example_branch_operator_decorator.py
[2025-08-07T15:47:46.809+0700] {processor.py:839} INFO - DAG(s) dict_keys(['example_branch_python_operator_decorator']) retrieved from /home/dwmhr/pln/venv/lib/python3.10/site-packages/airflow/example_dags/example_branch_operator_decorator.py
[2025-08-07T15:47:46.831+0700] {logging_mixin.py:154} INFO - [2025-08-07T15:47:46.831+0700] {dag.py:2941} INFO - Sync 1 DAGs
[2025-08-07T15:47:46.854+0700] {logging_mixin.py:154} INFO - [2025-08-07T15:47:46.854+0700] {dag.py:3722} INFO - Setting next_dagrun for example_branch_python_operator_decorator to 2025-08-06T00:00:00+00:00, run_after=2025-08-07T00:00:00+00:00
[2025-08-07T15:47:46.877+0700] {processor.py:179} INFO - Processing /home/dwmhr/pln/venv/lib/python3.10/site-packages/airflow/example_dags/example_branch_operator_decorator.py took 0.088 seconds
[2025-08-07T15:48:46.257+0700] {processor.py:157} INFO - Started process (PID=114344) to work on /home/dwmhr/pln/venv/lib/python3.10/site-packages/airflow/example_dags/example_branch_operator_decorator.py
[2025-08-07T15:48:46.262+0700] {processor.py:829} INFO - Processing file /home/dwmhr/pln/venv/lib/python3.10/site-packages/airflow/example_dags/example_branch_operator_decorator.py for tasks to queue
[2025-08-07T15:48:46.265+0700] {logging_mixin.py:154} INFO - [2025-08-07T15:48:46.264+0700] {dagbag.py:536} INFO - Filling up the DagBag from /home/dwmhr/pln/venv/lib/python3.10/site-packages/airflow/example_dags/example_branch_operator_decorator.py
[2025-08-07T15:48:46.300+0700] {processor.py:839} INFO - DAG(s) dict_keys(['example_branch_python_operator_decorator']) retrieved from /home/dwmhr/pln/venv/lib/python3.10/site-packages/airflow/example_dags/example_branch_operator_decorator.py
[2025-08-07T15:48:46.393+0700] {logging_mixin.py:154} INFO - [2025-08-07T15:48:46.392+0700] {dag.py:2941} INFO - Sync 1 DAGs
[2025-08-07T15:48:46.495+0700] {logging_mixin.py:154} INFO - [2025-08-07T15:48:46.494+0700] {dag.py:3722} INFO - Setting next_dagrun for example_branch_python_operator_decorator to 2025-08-06T00:00:00+00:00, run_after=2025-08-07T00:00:00+00:00
[2025-08-07T15:48:46.566+0700] {processor.py:179} INFO - Processing /home/dwmhr/pln/venv/lib/python3.10/site-packages/airflow/example_dags/example_branch_operator_decorator.py took 0.322 seconds
[2025-08-07T15:49:54.827+0700] {processor.py:157} INFO - Started process (PID=114731) to work on /home/dwmhr/pln/venv/lib/python3.10/site-packages/airflow/example_dags/example_branch_operator_decorator.py
[2025-08-07T15:49:54.830+0700] {processor.py:829} INFO - Processing file /home/dwmhr/pln/venv/lib/python3.10/site-packages/airflow/example_dags/example_branch_operator_decorator.py for tasks to queue
[2025-08-07T15:49:54.831+0700] {logging_mixin.py:154} INFO - [2025-08-07T15:49:54.831+0700] {dagbag.py:536} INFO - Filling up the DagBag from /home/dwmhr/pln/venv/lib/python3.10/site-packages/airflow/example_dags/example_branch_operator_decorator.py
[2025-08-07T15:49:54.848+0700] {processor.py:839} INFO - DAG(s) dict_keys(['example_branch_python_operator_decorator']) retrieved from /home/dwmhr/pln/venv/lib/python3.10/site-packages/airflow/example_dags/example_branch_operator_decorator.py
[2025-08-07T15:49:54.879+0700] {logging_mixin.py:154} INFO - [2025-08-07T15:49:54.879+0700] {dag.py:2941} INFO - Sync 1 DAGs
[2025-08-07T15:49:54.913+0700] {logging_mixin.py:154} INFO - [2025-08-07T15:49:54.913+0700] {dag.py:3722} INFO - Setting next_dagrun for example_branch_python_operator_decorator to 2025-08-06T00:00:00+00:00, run_after=2025-08-07T00:00:00+00:00
[2025-08-07T15:49:54.946+0700] {processor.py:179} INFO - Processing /home/dwmhr/pln/venv/lib/python3.10/site-packages/airflow/example_dags/example_branch_operator_decorator.py took 0.125 seconds
[2025-08-07T15:51:16.186+0700] {processor.py:157} INFO - Started process (PID=115135) to work on /home/dwmhr/pln/venv/lib/python3.10/site-packages/airflow/example_dags/example_branch_operator_decorator.py
[2025-08-07T15:51:16.194+0700] {processor.py:829} INFO - Processing file /home/dwmhr/pln/venv/lib/python3.10/site-packages/airflow/example_dags/example_branch_operator_decorator.py for tasks to queue
[2025-08-07T15:51:16.200+0700] {logging_mixin.py:154} INFO - [2025-08-07T15:51:16.197+0700] {dagbag.py:536} INFO - Filling up the DagBag from /home/dwmhr/pln/venv/lib/python3.10/site-packages/airflow/example_dags/example_branch_operator_decorator.py
[2025-08-07T15:51:16.237+0700] {processor.py:839} INFO - DAG(s) dict_keys(['example_branch_python_operator_decorator']) retrieved from /home/dwmhr/pln/venv/lib/python3.10/site-packages/airflow/example_dags/example_branch_operator_decorator.py
[2025-08-07T15:51:16.317+0700] {logging_mixin.py:154} INFO - [2025-08-07T15:51:16.317+0700] {dag.py:2941} INFO - Sync 1 DAGs
[2025-08-07T15:51:16.425+0700] {logging_mixin.py:154} INFO - [2025-08-07T15:51:16.424+0700] {dag.py:3722} INFO - Setting next_dagrun for example_branch_python_operator_decorator to 2025-08-06T00:00:00+00:00, run_after=2025-08-07T00:00:00+00:00
[2025-08-07T15:51:16.473+0700] {processor.py:179} INFO - Processing /home/dwmhr/pln/venv/lib/python3.10/site-packages/airflow/example_dags/example_branch_operator_decorator.py took 0.299 seconds
[2025-08-07T15:53:36.818+0700] {processor.py:157} INFO - Started process (PID=115789) to work on /home/dwmhr/pln/venv/lib/python3.10/site-packages/airflow/example_dags/example_branch_operator_decorator.py
[2025-08-07T15:53:36.820+0700] {processor.py:829} INFO - Processing file /home/dwmhr/pln/venv/lib/python3.10/site-packages/airflow/example_dags/example_branch_operator_decorator.py for tasks to queue
[2025-08-07T15:53:36.821+0700] {logging_mixin.py:154} INFO - [2025-08-07T15:53:36.821+0700] {dagbag.py:536} INFO - Filling up the DagBag from /home/dwmhr/pln/venv/lib/python3.10/site-packages/airflow/example_dags/example_branch_operator_decorator.py
[2025-08-07T15:53:36.829+0700] {processor.py:839} INFO - DAG(s) dict_keys(['example_branch_python_operator_decorator']) retrieved from /home/dwmhr/pln/venv/lib/python3.10/site-packages/airflow/example_dags/example_branch_operator_decorator.py
[2025-08-07T15:53:36.845+0700] {logging_mixin.py:154} INFO - [2025-08-07T15:53:36.845+0700] {dag.py:2941} INFO - Sync 1 DAGs
[2025-08-07T15:53:36.862+0700] {logging_mixin.py:154} INFO - [2025-08-07T15:53:36.861+0700] {dag.py:3722} INFO - Setting next_dagrun for example_branch_python_operator_decorator to 2025-08-06T00:00:00+00:00, run_after=2025-08-07T00:00:00+00:00
[2025-08-07T15:53:36.887+0700] {processor.py:179} INFO - Processing /home/dwmhr/pln/venv/lib/python3.10/site-packages/airflow/example_dags/example_branch_operator_decorator.py took 0.071 seconds
[2025-08-07T15:55:18.624+0700] {processor.py:157} INFO - Started process (PID=116300) to work on /home/dwmhr/pln/venv/lib/python3.10/site-packages/airflow/example_dags/example_branch_operator_decorator.py
[2025-08-07T15:55:18.627+0700] {processor.py:829} INFO - Processing file /home/dwmhr/pln/venv/lib/python3.10/site-packages/airflow/example_dags/example_branch_operator_decorator.py for tasks to queue
[2025-08-07T15:55:18.630+0700] {logging_mixin.py:154} INFO - [2025-08-07T15:55:18.629+0700] {dagbag.py:536} INFO - Filling up the DagBag from /home/dwmhr/pln/venv/lib/python3.10/site-packages/airflow/example_dags/example_branch_operator_decorator.py
[2025-08-07T15:55:18.660+0700] {processor.py:839} INFO - DAG(s) dict_keys(['example_branch_python_operator_decorator']) retrieved from /home/dwmhr/pln/venv/lib/python3.10/site-packages/airflow/example_dags/example_branch_operator_decorator.py
[2025-08-07T15:55:18.704+0700] {logging_mixin.py:154} INFO - [2025-08-07T15:55:18.703+0700] {dag.py:2941} INFO - Sync 1 DAGs
[2025-08-07T15:55:18.756+0700] {logging_mixin.py:154} INFO - [2025-08-07T15:55:18.756+0700] {dag.py:3722} INFO - Setting next_dagrun for example_branch_python_operator_decorator to 2025-08-06T00:00:00+00:00, run_after=2025-08-07T00:00:00+00:00
[2025-08-07T15:55:18.808+0700] {processor.py:179} INFO - Processing /home/dwmhr/pln/venv/lib/python3.10/site-packages/airflow/example_dags/example_branch_operator_decorator.py took 0.193 seconds
[2025-08-07T15:56:39.216+0700] {processor.py:157} INFO - Started process (PID=116721) to work on /home/dwmhr/pln/venv/lib/python3.10/site-packages/airflow/example_dags/example_branch_operator_decorator.py
[2025-08-07T15:56:39.220+0700] {processor.py:829} INFO - Processing file /home/dwmhr/pln/venv/lib/python3.10/site-packages/airflow/example_dags/example_branch_operator_decorator.py for tasks to queue
[2025-08-07T15:56:39.222+0700] {logging_mixin.py:154} INFO - [2025-08-07T15:56:39.221+0700] {dagbag.py:536} INFO - Filling up the DagBag from /home/dwmhr/pln/venv/lib/python3.10/site-packages/airflow/example_dags/example_branch_operator_decorator.py
[2025-08-07T15:56:39.255+0700] {processor.py:839} INFO - DAG(s) dict_keys(['example_branch_python_operator_decorator']) retrieved from /home/dwmhr/pln/venv/lib/python3.10/site-packages/airflow/example_dags/example_branch_operator_decorator.py
[2025-08-07T15:56:39.313+0700] {logging_mixin.py:154} INFO - [2025-08-07T15:56:39.312+0700] {dag.py:2941} INFO - Sync 1 DAGs
[2025-08-07T15:56:39.369+0700] {logging_mixin.py:154} INFO - [2025-08-07T15:56:39.368+0700] {dag.py:3722} INFO - Setting next_dagrun for example_branch_python_operator_decorator to 2025-08-06T00:00:00+00:00, run_after=2025-08-07T00:00:00+00:00
[2025-08-07T15:56:39.449+0700] {processor.py:179} INFO - Processing /home/dwmhr/pln/venv/lib/python3.10/site-packages/airflow/example_dags/example_branch_operator_decorator.py took 0.243 seconds
[2025-08-07T15:57:44.506+0700] {processor.py:157} INFO - Started process (PID=117077) to work on /home/dwmhr/pln/venv/lib/python3.10/site-packages/airflow/example_dags/example_branch_operator_decorator.py
[2025-08-07T15:57:44.510+0700] {processor.py:829} INFO - Processing file /home/dwmhr/pln/venv/lib/python3.10/site-packages/airflow/example_dags/example_branch_operator_decorator.py for tasks to queue
[2025-08-07T15:57:44.513+0700] {logging_mixin.py:154} INFO - [2025-08-07T15:57:44.512+0700] {dagbag.py:536} INFO - Filling up the DagBag from /home/dwmhr/pln/venv/lib/python3.10/site-packages/airflow/example_dags/example_branch_operator_decorator.py
[2025-08-07T15:57:44.536+0700] {processor.py:839} INFO - DAG(s) dict_keys(['example_branch_python_operator_decorator']) retrieved from /home/dwmhr/pln/venv/lib/python3.10/site-packages/airflow/example_dags/example_branch_operator_decorator.py
[2025-08-07T15:57:44.584+0700] {logging_mixin.py:154} INFO - [2025-08-07T15:57:44.584+0700] {dag.py:2941} INFO - Sync 1 DAGs
[2025-08-07T15:57:44.641+0700] {logging_mixin.py:154} INFO - [2025-08-07T15:57:44.640+0700] {dag.py:3722} INFO - Setting next_dagrun for example_branch_python_operator_decorator to 2025-08-06T00:00:00+00:00, run_after=2025-08-07T00:00:00+00:00
[2025-08-07T15:57:44.702+0700] {processor.py:179} INFO - Processing /home/dwmhr/pln/venv/lib/python3.10/site-packages/airflow/example_dags/example_branch_operator_decorator.py took 0.204 seconds
[2025-08-07T16:00:16.721+0700] {processor.py:157} INFO - Started process (PID=117821) to work on /home/dwmhr/pln/venv/lib/python3.10/site-packages/airflow/example_dags/example_branch_operator_decorator.py
[2025-08-07T16:00:16.727+0700] {processor.py:829} INFO - Processing file /home/dwmhr/pln/venv/lib/python3.10/site-packages/airflow/example_dags/example_branch_operator_decorator.py for tasks to queue
[2025-08-07T16:00:16.730+0700] {logging_mixin.py:154} INFO - [2025-08-07T16:00:16.729+0700] {dagbag.py:536} INFO - Filling up the DagBag from /home/dwmhr/pln/venv/lib/python3.10/site-packages/airflow/example_dags/example_branch_operator_decorator.py
[2025-08-07T16:00:16.779+0700] {processor.py:839} INFO - DAG(s) dict_keys(['example_branch_python_operator_decorator']) retrieved from /home/dwmhr/pln/venv/lib/python3.10/site-packages/airflow/example_dags/example_branch_operator_decorator.py
[2025-08-07T16:00:16.902+0700] {logging_mixin.py:154} INFO - [2025-08-07T16:00:16.901+0700] {dag.py:2941} INFO - Sync 1 DAGs
[2025-08-07T16:00:17.016+0700] {logging_mixin.py:154} INFO - [2025-08-07T16:00:17.015+0700] {dag.py:3722} INFO - Setting next_dagrun for example_branch_python_operator_decorator to 2025-08-06T00:00:00+00:00, run_after=2025-08-07T00:00:00+00:00
[2025-08-07T16:00:17.067+0700] {processor.py:179} INFO - Processing /home/dwmhr/pln/venv/lib/python3.10/site-packages/airflow/example_dags/example_branch_operator_decorator.py took 0.366 seconds
[2025-08-07T16:04:27.479+0700] {processor.py:157} INFO - Started process (PID=118982) to work on /home/dwmhr/pln/venv/lib/python3.10/site-packages/airflow/example_dags/example_branch_operator_decorator.py
[2025-08-07T16:04:27.495+0700] {processor.py:829} INFO - Processing file /home/dwmhr/pln/venv/lib/python3.10/site-packages/airflow/example_dags/example_branch_operator_decorator.py for tasks to queue
[2025-08-07T16:04:27.500+0700] {logging_mixin.py:154} INFO - [2025-08-07T16:04:27.498+0700] {dagbag.py:536} INFO - Filling up the DagBag from /home/dwmhr/pln/venv/lib/python3.10/site-packages/airflow/example_dags/example_branch_operator_decorator.py
[2025-08-07T16:04:27.605+0700] {processor.py:839} INFO - DAG(s) dict_keys(['example_branch_python_operator_decorator']) retrieved from /home/dwmhr/pln/venv/lib/python3.10/site-packages/airflow/example_dags/example_branch_operator_decorator.py
[2025-08-07T16:04:27.727+0700] {logging_mixin.py:154} INFO - [2025-08-07T16:04:27.726+0700] {dag.py:2941} INFO - Sync 1 DAGs
[2025-08-07T16:04:27.830+0700] {logging_mixin.py:154} INFO - [2025-08-07T16:04:27.829+0700] {dag.py:3722} INFO - Setting next_dagrun for example_branch_python_operator_decorator to 2025-08-06T00:00:00+00:00, run_after=2025-08-07T00:00:00+00:00
[2025-08-07T16:04:27.939+0700] {processor.py:179} INFO - Processing /home/dwmhr/pln/venv/lib/python3.10/site-packages/airflow/example_dags/example_branch_operator_decorator.py took 0.506 seconds
[2025-08-07T16:05:24.838+0700] {processor.py:157} INFO - Started process (PID=119294) to work on /home/dwmhr/pln/venv/lib/python3.10/site-packages/airflow/example_dags/example_branch_operator_decorator.py
[2025-08-07T16:05:24.840+0700] {processor.py:829} INFO - Processing file /home/dwmhr/pln/venv/lib/python3.10/site-packages/airflow/example_dags/example_branch_operator_decorator.py for tasks to queue
[2025-08-07T16:05:24.843+0700] {logging_mixin.py:154} INFO - [2025-08-07T16:05:24.842+0700] {dagbag.py:536} INFO - Filling up the DagBag from /home/dwmhr/pln/venv/lib/python3.10/site-packages/airflow/example_dags/example_branch_operator_decorator.py
[2025-08-07T16:05:24.863+0700] {processor.py:839} INFO - DAG(s) dict_keys(['example_branch_python_operator_decorator']) retrieved from /home/dwmhr/pln/venv/lib/python3.10/site-packages/airflow/example_dags/example_branch_operator_decorator.py
[2025-08-07T16:05:24.896+0700] {logging_mixin.py:154} INFO - [2025-08-07T16:05:24.896+0700] {dag.py:2941} INFO - Sync 1 DAGs
[2025-08-07T16:05:24.935+0700] {logging_mixin.py:154} INFO - [2025-08-07T16:05:24.935+0700] {dag.py:3722} INFO - Setting next_dagrun for example_branch_python_operator_decorator to 2025-08-06T00:00:00+00:00, run_after=2025-08-07T00:00:00+00:00
[2025-08-07T16:05:24.988+0700] {processor.py:179} INFO - Processing /home/dwmhr/pln/venv/lib/python3.10/site-packages/airflow/example_dags/example_branch_operator_decorator.py took 0.157 seconds
[2025-08-07T16:06:50.067+0700] {processor.py:157} INFO - Started process (PID=119678) to work on /home/dwmhr/pln/venv/lib/python3.10/site-packages/airflow/example_dags/example_branch_operator_decorator.py
[2025-08-07T16:06:50.073+0700] {processor.py:829} INFO - Processing file /home/dwmhr/pln/venv/lib/python3.10/site-packages/airflow/example_dags/example_branch_operator_decorator.py for tasks to queue
[2025-08-07T16:06:50.075+0700] {logging_mixin.py:154} INFO - [2025-08-07T16:06:50.074+0700] {dagbag.py:536} INFO - Filling up the DagBag from /home/dwmhr/pln/venv/lib/python3.10/site-packages/airflow/example_dags/example_branch_operator_decorator.py
[2025-08-07T16:06:50.114+0700] {processor.py:839} INFO - DAG(s) dict_keys(['example_branch_python_operator_decorator']) retrieved from /home/dwmhr/pln/venv/lib/python3.10/site-packages/airflow/example_dags/example_branch_operator_decorator.py
[2025-08-07T16:06:50.210+0700] {logging_mixin.py:154} INFO - [2025-08-07T16:06:50.210+0700] {dag.py:2941} INFO - Sync 1 DAGs
[2025-08-07T16:06:50.277+0700] {logging_mixin.py:154} INFO - [2025-08-07T16:06:50.277+0700] {dag.py:3722} INFO - Setting next_dagrun for example_branch_python_operator_decorator to 2025-08-06T00:00:00+00:00, run_after=2025-08-07T00:00:00+00:00
[2025-08-07T16:06:50.366+0700] {processor.py:179} INFO - Processing /home/dwmhr/pln/venv/lib/python3.10/site-packages/airflow/example_dags/example_branch_operator_decorator.py took 0.311 seconds
[2025-08-07T16:08:02.207+0700] {processor.py:157} INFO - Started process (PID=120083) to work on /home/dwmhr/pln/venv/lib/python3.10/site-packages/airflow/example_dags/example_branch_operator_decorator.py
[2025-08-07T16:08:02.209+0700] {processor.py:829} INFO - Processing file /home/dwmhr/pln/venv/lib/python3.10/site-packages/airflow/example_dags/example_branch_operator_decorator.py for tasks to queue
[2025-08-07T16:08:02.211+0700] {logging_mixin.py:154} INFO - [2025-08-07T16:08:02.210+0700] {dagbag.py:536} INFO - Filling up the DagBag from /home/dwmhr/pln/venv/lib/python3.10/site-packages/airflow/example_dags/example_branch_operator_decorator.py
[2025-08-07T16:08:02.232+0700] {processor.py:839} INFO - DAG(s) dict_keys(['example_branch_python_operator_decorator']) retrieved from /home/dwmhr/pln/venv/lib/python3.10/site-packages/airflow/example_dags/example_branch_operator_decorator.py
[2025-08-07T16:08:02.269+0700] {logging_mixin.py:154} INFO - [2025-08-07T16:08:02.269+0700] {dag.py:2941} INFO - Sync 1 DAGs
[2025-08-07T16:08:02.302+0700] {logging_mixin.py:154} INFO - [2025-08-07T16:08:02.302+0700] {dag.py:3722} INFO - Setting next_dagrun for example_branch_python_operator_decorator to 2025-08-06T00:00:00+00:00, run_after=2025-08-07T00:00:00+00:00
[2025-08-07T16:08:02.362+0700] {processor.py:179} INFO - Processing /home/dwmhr/pln/venv/lib/python3.10/site-packages/airflow/example_dags/example_branch_operator_decorator.py took 0.163 seconds
[2025-08-07T16:09:16.975+0700] {processor.py:157} INFO - Started process (PID=120410) to work on /home/dwmhr/pln/venv/lib/python3.10/site-packages/airflow/example_dags/example_branch_operator_decorator.py
[2025-08-07T16:09:16.980+0700] {processor.py:829} INFO - Processing file /home/dwmhr/pln/venv/lib/python3.10/site-packages/airflow/example_dags/example_branch_operator_decorator.py for tasks to queue
[2025-08-07T16:09:16.982+0700] {logging_mixin.py:154} INFO - [2025-08-07T16:09:16.981+0700] {dagbag.py:536} INFO - Filling up the DagBag from /home/dwmhr/pln/venv/lib/python3.10/site-packages/airflow/example_dags/example_branch_operator_decorator.py
[2025-08-07T16:09:17.028+0700] {processor.py:839} INFO - DAG(s) dict_keys(['example_branch_python_operator_decorator']) retrieved from /home/dwmhr/pln/venv/lib/python3.10/site-packages/airflow/example_dags/example_branch_operator_decorator.py
[2025-08-07T16:09:17.099+0700] {logging_mixin.py:154} INFO - [2025-08-07T16:09:17.098+0700] {dag.py:2941} INFO - Sync 1 DAGs
[2025-08-07T16:09:17.160+0700] {logging_mixin.py:154} INFO - [2025-08-07T16:09:17.159+0700] {dag.py:3722} INFO - Setting next_dagrun for example_branch_python_operator_decorator to 2025-08-06T00:00:00+00:00, run_after=2025-08-07T00:00:00+00:00
[2025-08-07T16:09:17.234+0700] {processor.py:179} INFO - Processing /home/dwmhr/pln/venv/lib/python3.10/site-packages/airflow/example_dags/example_branch_operator_decorator.py took 0.267 seconds
[2025-08-07T16:10:34.452+0700] {processor.py:157} INFO - Started process (PID=120828) to work on /home/dwmhr/pln/venv/lib/python3.10/site-packages/airflow/example_dags/example_branch_operator_decorator.py
[2025-08-07T16:10:34.457+0700] {processor.py:829} INFO - Processing file /home/dwmhr/pln/venv/lib/python3.10/site-packages/airflow/example_dags/example_branch_operator_decorator.py for tasks to queue
[2025-08-07T16:10:34.462+0700] {logging_mixin.py:154} INFO - [2025-08-07T16:10:34.460+0700] {dagbag.py:536} INFO - Filling up the DagBag from /home/dwmhr/pln/venv/lib/python3.10/site-packages/airflow/example_dags/example_branch_operator_decorator.py
[2025-08-07T16:10:34.503+0700] {processor.py:839} INFO - DAG(s) dict_keys(['example_branch_python_operator_decorator']) retrieved from /home/dwmhr/pln/venv/lib/python3.10/site-packages/airflow/example_dags/example_branch_operator_decorator.py
[2025-08-07T16:10:34.575+0700] {logging_mixin.py:154} INFO - [2025-08-07T16:10:34.574+0700] {dag.py:2941} INFO - Sync 1 DAGs
[2025-08-07T16:10:34.626+0700] {logging_mixin.py:154} INFO - [2025-08-07T16:10:34.625+0700] {dag.py:3722} INFO - Setting next_dagrun for example_branch_python_operator_decorator to 2025-08-06T00:00:00+00:00, run_after=2025-08-07T00:00:00+00:00
[2025-08-07T16:10:34.719+0700] {processor.py:179} INFO - Processing /home/dwmhr/pln/venv/lib/python3.10/site-packages/airflow/example_dags/example_branch_operator_decorator.py took 0.280 seconds
[2025-08-07T16:11:29.504+0700] {processor.py:157} INFO - Started process (PID=121120) to work on /home/dwmhr/pln/venv/lib/python3.10/site-packages/airflow/example_dags/example_branch_operator_decorator.py
[2025-08-07T16:11:29.509+0700] {processor.py:829} INFO - Processing file /home/dwmhr/pln/venv/lib/python3.10/site-packages/airflow/example_dags/example_branch_operator_decorator.py for tasks to queue
[2025-08-07T16:11:29.511+0700] {logging_mixin.py:154} INFO - [2025-08-07T16:11:29.510+0700] {dagbag.py:536} INFO - Filling up the DagBag from /home/dwmhr/pln/venv/lib/python3.10/site-packages/airflow/example_dags/example_branch_operator_decorator.py
[2025-08-07T16:11:29.529+0700] {processor.py:839} INFO - DAG(s) dict_keys(['example_branch_python_operator_decorator']) retrieved from /home/dwmhr/pln/venv/lib/python3.10/site-packages/airflow/example_dags/example_branch_operator_decorator.py
[2025-08-07T16:11:29.559+0700] {logging_mixin.py:154} INFO - [2025-08-07T16:11:29.559+0700] {dag.py:2941} INFO - Sync 1 DAGs
[2025-08-07T16:11:29.583+0700] {logging_mixin.py:154} INFO - [2025-08-07T16:11:29.583+0700] {dag.py:3722} INFO - Setting next_dagrun for example_branch_python_operator_decorator to 2025-08-06T00:00:00+00:00, run_after=2025-08-07T00:00:00+00:00
[2025-08-07T16:11:29.624+0700] {processor.py:179} INFO - Processing /home/dwmhr/pln/venv/lib/python3.10/site-packages/airflow/example_dags/example_branch_operator_decorator.py took 0.125 seconds
[2025-08-07T16:12:22.195+0700] {processor.py:157} INFO - Started process (PID=121411) to work on /home/dwmhr/pln/venv/lib/python3.10/site-packages/airflow/example_dags/example_branch_operator_decorator.py
[2025-08-07T16:12:22.203+0700] {processor.py:829} INFO - Processing file /home/dwmhr/pln/venv/lib/python3.10/site-packages/airflow/example_dags/example_branch_operator_decorator.py for tasks to queue
[2025-08-07T16:12:22.205+0700] {logging_mixin.py:154} INFO - [2025-08-07T16:12:22.204+0700] {dagbag.py:536} INFO - Filling up the DagBag from /home/dwmhr/pln/venv/lib/python3.10/site-packages/airflow/example_dags/example_branch_operator_decorator.py
[2025-08-07T16:12:22.223+0700] {processor.py:839} INFO - DAG(s) dict_keys(['example_branch_python_operator_decorator']) retrieved from /home/dwmhr/pln/venv/lib/python3.10/site-packages/airflow/example_dags/example_branch_operator_decorator.py
[2025-08-07T16:12:22.251+0700] {logging_mixin.py:154} INFO - [2025-08-07T16:12:22.250+0700] {dag.py:2941} INFO - Sync 1 DAGs
[2025-08-07T16:12:22.280+0700] {logging_mixin.py:154} INFO - [2025-08-07T16:12:22.280+0700] {dag.py:3722} INFO - Setting next_dagrun for example_branch_python_operator_decorator to 2025-08-06T00:00:00+00:00, run_after=2025-08-07T00:00:00+00:00
[2025-08-07T16:12:22.342+0700] {processor.py:179} INFO - Processing /home/dwmhr/pln/venv/lib/python3.10/site-packages/airflow/example_dags/example_branch_operator_decorator.py took 0.152 seconds
[2025-08-07T16:13:34.860+0700] {processor.py:157} INFO - Started process (PID=121772) to work on /home/dwmhr/pln/venv/lib/python3.10/site-packages/airflow/example_dags/example_branch_operator_decorator.py
[2025-08-07T16:13:34.862+0700] {processor.py:829} INFO - Processing file /home/dwmhr/pln/venv/lib/python3.10/site-packages/airflow/example_dags/example_branch_operator_decorator.py for tasks to queue
[2025-08-07T16:13:34.864+0700] {logging_mixin.py:154} INFO - [2025-08-07T16:13:34.863+0700] {dagbag.py:536} INFO - Filling up the DagBag from /home/dwmhr/pln/venv/lib/python3.10/site-packages/airflow/example_dags/example_branch_operator_decorator.py
[2025-08-07T16:13:34.880+0700] {processor.py:839} INFO - DAG(s) dict_keys(['example_branch_python_operator_decorator']) retrieved from /home/dwmhr/pln/venv/lib/python3.10/site-packages/airflow/example_dags/example_branch_operator_decorator.py
[2025-08-07T16:13:34.910+0700] {logging_mixin.py:154} INFO - [2025-08-07T16:13:34.910+0700] {dag.py:2941} INFO - Sync 1 DAGs
[2025-08-07T16:13:34.938+0700] {logging_mixin.py:154} INFO - [2025-08-07T16:13:34.938+0700] {dag.py:3722} INFO - Setting next_dagrun for example_branch_python_operator_decorator to 2025-08-06T00:00:00+00:00, run_after=2025-08-07T00:00:00+00:00
[2025-08-07T16:13:34.974+0700] {processor.py:179} INFO - Processing /home/dwmhr/pln/venv/lib/python3.10/site-packages/airflow/example_dags/example_branch_operator_decorator.py took 0.120 seconds
[2025-08-07T16:14:52.563+0700] {processor.py:157} INFO - Started process (PID=122185) to work on /home/dwmhr/pln/venv/lib/python3.10/site-packages/airflow/example_dags/example_branch_operator_decorator.py
[2025-08-07T16:14:52.583+0700] {processor.py:829} INFO - Processing file /home/dwmhr/pln/venv/lib/python3.10/site-packages/airflow/example_dags/example_branch_operator_decorator.py for tasks to queue
[2025-08-07T16:14:52.596+0700] {logging_mixin.py:154} INFO - [2025-08-07T16:14:52.591+0700] {dagbag.py:536} INFO - Filling up the DagBag from /home/dwmhr/pln/venv/lib/python3.10/site-packages/airflow/example_dags/example_branch_operator_decorator.py
[2025-08-07T16:14:52.727+0700] {processor.py:839} INFO - DAG(s) dict_keys(['example_branch_python_operator_decorator']) retrieved from /home/dwmhr/pln/venv/lib/python3.10/site-packages/airflow/example_dags/example_branch_operator_decorator.py
[2025-08-07T16:14:52.856+0700] {logging_mixin.py:154} INFO - [2025-08-07T16:14:52.855+0700] {dag.py:2941} INFO - Sync 1 DAGs
[2025-08-07T16:14:52.982+0700] {logging_mixin.py:154} INFO - [2025-08-07T16:14:52.981+0700] {dag.py:3722} INFO - Setting next_dagrun for example_branch_python_operator_decorator to 2025-08-06T00:00:00+00:00, run_after=2025-08-07T00:00:00+00:00
[2025-08-07T16:14:53.141+0700] {processor.py:179} INFO - Processing /home/dwmhr/pln/venv/lib/python3.10/site-packages/airflow/example_dags/example_branch_operator_decorator.py took 0.624 seconds
[2025-08-07T16:16:04.847+0700] {processor.py:157} INFO - Started process (PID=122520) to work on /home/dwmhr/pln/venv/lib/python3.10/site-packages/airflow/example_dags/example_branch_operator_decorator.py
[2025-08-07T16:16:04.865+0700] {processor.py:829} INFO - Processing file /home/dwmhr/pln/venv/lib/python3.10/site-packages/airflow/example_dags/example_branch_operator_decorator.py for tasks to queue
[2025-08-07T16:16:04.875+0700] {logging_mixin.py:154} INFO - [2025-08-07T16:16:04.869+0700] {dagbag.py:536} INFO - Filling up the DagBag from /home/dwmhr/pln/venv/lib/python3.10/site-packages/airflow/example_dags/example_branch_operator_decorator.py
[2025-08-07T16:16:04.987+0700] {processor.py:839} INFO - DAG(s) dict_keys(['example_branch_python_operator_decorator']) retrieved from /home/dwmhr/pln/venv/lib/python3.10/site-packages/airflow/example_dags/example_branch_operator_decorator.py
[2025-08-07T16:16:05.083+0700] {logging_mixin.py:154} INFO - [2025-08-07T16:16:05.082+0700] {dag.py:2941} INFO - Sync 1 DAGs
[2025-08-07T16:16:05.251+0700] {logging_mixin.py:154} INFO - [2025-08-07T16:16:05.250+0700] {dag.py:3722} INFO - Setting next_dagrun for example_branch_python_operator_decorator to 2025-08-06T00:00:00+00:00, run_after=2025-08-07T00:00:00+00:00
[2025-08-07T16:16:05.425+0700] {processor.py:179} INFO - Processing /home/dwmhr/pln/venv/lib/python3.10/site-packages/airflow/example_dags/example_branch_operator_decorator.py took 0.607 seconds
[2025-08-07T16:17:05.991+0700] {processor.py:157} INFO - Started process (PID=122829) to work on /home/dwmhr/pln/venv/lib/python3.10/site-packages/airflow/example_dags/example_branch_operator_decorator.py
[2025-08-07T16:17:05.994+0700] {processor.py:829} INFO - Processing file /home/dwmhr/pln/venv/lib/python3.10/site-packages/airflow/example_dags/example_branch_operator_decorator.py for tasks to queue
[2025-08-07T16:17:05.996+0700] {logging_mixin.py:154} INFO - [2025-08-07T16:17:05.995+0700] {dagbag.py:536} INFO - Filling up the DagBag from /home/dwmhr/pln/venv/lib/python3.10/site-packages/airflow/example_dags/example_branch_operator_decorator.py
[2025-08-07T16:17:06.036+0700] {processor.py:839} INFO - DAG(s) dict_keys(['example_branch_python_operator_decorator']) retrieved from /home/dwmhr/pln/venv/lib/python3.10/site-packages/airflow/example_dags/example_branch_operator_decorator.py
[2025-08-07T16:17:06.099+0700] {logging_mixin.py:154} INFO - [2025-08-07T16:17:06.098+0700] {dag.py:2941} INFO - Sync 1 DAGs
[2025-08-07T16:17:06.157+0700] {logging_mixin.py:154} INFO - [2025-08-07T16:17:06.156+0700] {dag.py:3722} INFO - Setting next_dagrun for example_branch_python_operator_decorator to 2025-08-06T00:00:00+00:00, run_after=2025-08-07T00:00:00+00:00
[2025-08-07T16:17:06.231+0700] {processor.py:179} INFO - Processing /home/dwmhr/pln/venv/lib/python3.10/site-packages/airflow/example_dags/example_branch_operator_decorator.py took 0.248 seconds
[2025-08-07T16:18:09.646+0700] {processor.py:157} INFO - Started process (PID=123151) to work on /home/dwmhr/pln/venv/lib/python3.10/site-packages/airflow/example_dags/example_branch_operator_decorator.py
[2025-08-07T16:18:09.652+0700] {processor.py:829} INFO - Processing file /home/dwmhr/pln/venv/lib/python3.10/site-packages/airflow/example_dags/example_branch_operator_decorator.py for tasks to queue
[2025-08-07T16:18:09.657+0700] {logging_mixin.py:154} INFO - [2025-08-07T16:18:09.655+0700] {dagbag.py:536} INFO - Filling up the DagBag from /home/dwmhr/pln/venv/lib/python3.10/site-packages/airflow/example_dags/example_branch_operator_decorator.py
[2025-08-07T16:18:09.716+0700] {processor.py:839} INFO - DAG(s) dict_keys(['example_branch_python_operator_decorator']) retrieved from /home/dwmhr/pln/venv/lib/python3.10/site-packages/airflow/example_dags/example_branch_operator_decorator.py
[2025-08-07T16:18:09.833+0700] {logging_mixin.py:154} INFO - [2025-08-07T16:18:09.831+0700] {dag.py:2941} INFO - Sync 1 DAGs
[2025-08-07T16:18:09.930+0700] {logging_mixin.py:154} INFO - [2025-08-07T16:18:09.929+0700] {dag.py:3722} INFO - Setting next_dagrun for example_branch_python_operator_decorator to 2025-08-06T00:00:00+00:00, run_after=2025-08-07T00:00:00+00:00
[2025-08-07T16:18:10.043+0700] {processor.py:179} INFO - Processing /home/dwmhr/pln/venv/lib/python3.10/site-packages/airflow/example_dags/example_branch_operator_decorator.py took 0.415 seconds
[2025-08-07T16:18:59.029+0700] {processor.py:157} INFO - Started process (PID=123409) to work on /home/dwmhr/pln/venv/lib/python3.10/site-packages/airflow/example_dags/example_branch_operator_decorator.py
[2025-08-07T16:18:59.031+0700] {processor.py:829} INFO - Processing file /home/dwmhr/pln/venv/lib/python3.10/site-packages/airflow/example_dags/example_branch_operator_decorator.py for tasks to queue
[2025-08-07T16:18:59.031+0700] {logging_mixin.py:154} INFO - [2025-08-07T16:18:59.031+0700] {dagbag.py:536} INFO - Filling up the DagBag from /home/dwmhr/pln/venv/lib/python3.10/site-packages/airflow/example_dags/example_branch_operator_decorator.py
[2025-08-07T16:18:59.041+0700] {processor.py:839} INFO - DAG(s) dict_keys(['example_branch_python_operator_decorator']) retrieved from /home/dwmhr/pln/venv/lib/python3.10/site-packages/airflow/example_dags/example_branch_operator_decorator.py
[2025-08-07T16:18:59.055+0700] {logging_mixin.py:154} INFO - [2025-08-07T16:18:59.055+0700] {dag.py:2941} INFO - Sync 1 DAGs
[2025-08-07T16:18:59.068+0700] {logging_mixin.py:154} INFO - [2025-08-07T16:18:59.068+0700] {dag.py:3722} INFO - Setting next_dagrun for example_branch_python_operator_decorator to 2025-08-06T00:00:00+00:00, run_after=2025-08-07T00:00:00+00:00
[2025-08-07T16:18:59.092+0700] {processor.py:179} INFO - Processing /home/dwmhr/pln/venv/lib/python3.10/site-packages/airflow/example_dags/example_branch_operator_decorator.py took 0.066 seconds
[2025-08-07T16:27:25.918+0700] {processor.py:157} INFO - Started process (PID=125580) to work on /home/dwmhr/pln/venv/lib/python3.10/site-packages/airflow/example_dags/example_branch_operator_decorator.py
[2025-08-07T16:27:25.924+0700] {processor.py:829} INFO - Processing file /home/dwmhr/pln/venv/lib/python3.10/site-packages/airflow/example_dags/example_branch_operator_decorator.py for tasks to queue
[2025-08-07T16:27:25.929+0700] {logging_mixin.py:154} INFO - [2025-08-07T16:27:25.927+0700] {dagbag.py:536} INFO - Filling up the DagBag from /home/dwmhr/pln/venv/lib/python3.10/site-packages/airflow/example_dags/example_branch_operator_decorator.py
[2025-08-07T16:27:25.967+0700] {processor.py:839} INFO - DAG(s) dict_keys(['example_branch_python_operator_decorator']) retrieved from /home/dwmhr/pln/venv/lib/python3.10/site-packages/airflow/example_dags/example_branch_operator_decorator.py
[2025-08-07T16:27:26.028+0700] {logging_mixin.py:154} INFO - [2025-08-07T16:27:26.028+0700] {dag.py:2941} INFO - Sync 1 DAGs
[2025-08-07T16:27:26.346+0700] {logging_mixin.py:154} INFO - [2025-08-07T16:27:26.345+0700] {dag.py:3722} INFO - Setting next_dagrun for example_branch_python_operator_decorator to 2025-08-06T00:00:00+00:00, run_after=2025-08-07T00:00:00+00:00
[2025-08-07T16:27:26.402+0700] {processor.py:179} INFO - Processing /home/dwmhr/pln/venv/lib/python3.10/site-packages/airflow/example_dags/example_branch_operator_decorator.py took 0.497 seconds
[2025-08-07T16:28:49.114+0700] {processor.py:157} INFO - Started process (PID=125978) to work on /home/dwmhr/pln/venv/lib/python3.10/site-packages/airflow/example_dags/example_branch_operator_decorator.py
[2025-08-07T16:28:49.126+0700] {processor.py:829} INFO - Processing file /home/dwmhr/pln/venv/lib/python3.10/site-packages/airflow/example_dags/example_branch_operator_decorator.py for tasks to queue
[2025-08-07T16:28:49.135+0700] {logging_mixin.py:154} INFO - [2025-08-07T16:28:49.132+0700] {dagbag.py:536} INFO - Filling up the DagBag from /home/dwmhr/pln/venv/lib/python3.10/site-packages/airflow/example_dags/example_branch_operator_decorator.py
[2025-08-07T16:28:49.249+0700] {processor.py:839} INFO - DAG(s) dict_keys(['example_branch_python_operator_decorator']) retrieved from /home/dwmhr/pln/venv/lib/python3.10/site-packages/airflow/example_dags/example_branch_operator_decorator.py
[2025-08-07T16:28:49.414+0700] {logging_mixin.py:154} INFO - [2025-08-07T16:28:49.413+0700] {dag.py:2941} INFO - Sync 1 DAGs
[2025-08-07T16:28:49.548+0700] {logging_mixin.py:154} INFO - [2025-08-07T16:28:49.547+0700] {dag.py:3722} INFO - Setting next_dagrun for example_branch_python_operator_decorator to 2025-08-06T00:00:00+00:00, run_after=2025-08-07T00:00:00+00:00
[2025-08-07T16:28:49.690+0700] {processor.py:179} INFO - Processing /home/dwmhr/pln/venv/lib/python3.10/site-packages/airflow/example_dags/example_branch_operator_decorator.py took 0.613 seconds
[2025-08-07T16:29:44.173+0700] {processor.py:157} INFO - Started process (PID=126230) to work on /home/dwmhr/pln/venv/lib/python3.10/site-packages/airflow/example_dags/example_branch_operator_decorator.py
[2025-08-07T16:29:44.177+0700] {processor.py:829} INFO - Processing file /home/dwmhr/pln/venv/lib/python3.10/site-packages/airflow/example_dags/example_branch_operator_decorator.py for tasks to queue
[2025-08-07T16:29:44.180+0700] {logging_mixin.py:154} INFO - [2025-08-07T16:29:44.179+0700] {dagbag.py:536} INFO - Filling up the DagBag from /home/dwmhr/pln/venv/lib/python3.10/site-packages/airflow/example_dags/example_branch_operator_decorator.py
[2025-08-07T16:29:44.981+0700] {processor.py:839} INFO - DAG(s) dict_keys(['example_branch_python_operator_decorator']) retrieved from /home/dwmhr/pln/venv/lib/python3.10/site-packages/airflow/example_dags/example_branch_operator_decorator.py
[2025-08-07T16:29:45.122+0700] {logging_mixin.py:154} INFO - [2025-08-07T16:29:45.121+0700] {dag.py:2941} INFO - Sync 1 DAGs
[2025-08-07T16:29:45.417+0700] {logging_mixin.py:154} INFO - [2025-08-07T16:29:45.415+0700] {dag.py:3722} INFO - Setting next_dagrun for example_branch_python_operator_decorator to 2025-08-06T00:00:00+00:00, run_after=2025-08-07T00:00:00+00:00
[2025-08-07T16:29:45.686+0700] {processor.py:179} INFO - Processing /home/dwmhr/pln/venv/lib/python3.10/site-packages/airflow/example_dags/example_branch_operator_decorator.py took 1.535 seconds
[2025-08-07T16:30:47.724+0700] {processor.py:157} INFO - Started process (PID=126568) to work on /home/dwmhr/pln/venv/lib/python3.10/site-packages/airflow/example_dags/example_branch_operator_decorator.py
[2025-08-07T16:30:47.726+0700] {processor.py:829} INFO - Processing file /home/dwmhr/pln/venv/lib/python3.10/site-packages/airflow/example_dags/example_branch_operator_decorator.py for tasks to queue
[2025-08-07T16:30:47.728+0700] {logging_mixin.py:154} INFO - [2025-08-07T16:30:47.727+0700] {dagbag.py:536} INFO - Filling up the DagBag from /home/dwmhr/pln/venv/lib/python3.10/site-packages/airflow/example_dags/example_branch_operator_decorator.py
[2025-08-07T16:30:47.746+0700] {processor.py:839} INFO - DAG(s) dict_keys(['example_branch_python_operator_decorator']) retrieved from /home/dwmhr/pln/venv/lib/python3.10/site-packages/airflow/example_dags/example_branch_operator_decorator.py
[2025-08-07T16:30:47.779+0700] {logging_mixin.py:154} INFO - [2025-08-07T16:30:47.779+0700] {dag.py:2941} INFO - Sync 1 DAGs
[2025-08-07T16:30:47.805+0700] {logging_mixin.py:154} INFO - [2025-08-07T16:30:47.805+0700] {dag.py:3722} INFO - Setting next_dagrun for example_branch_python_operator_decorator to 2025-08-06T00:00:00+00:00, run_after=2025-08-07T00:00:00+00:00
[2025-08-07T16:30:47.835+0700] {processor.py:179} INFO - Processing /home/dwmhr/pln/venv/lib/python3.10/site-packages/airflow/example_dags/example_branch_operator_decorator.py took 0.116 seconds
[2025-08-07T16:31:51.335+0700] {processor.py:157} INFO - Started process (PID=126865) to work on /home/dwmhr/pln/venv/lib/python3.10/site-packages/airflow/example_dags/example_branch_operator_decorator.py
[2025-08-07T16:31:51.337+0700] {processor.py:829} INFO - Processing file /home/dwmhr/pln/venv/lib/python3.10/site-packages/airflow/example_dags/example_branch_operator_decorator.py for tasks to queue
[2025-08-07T16:31:51.339+0700] {logging_mixin.py:154} INFO - [2025-08-07T16:31:51.338+0700] {dagbag.py:536} INFO - Filling up the DagBag from /home/dwmhr/pln/venv/lib/python3.10/site-packages/airflow/example_dags/example_branch_operator_decorator.py
[2025-08-07T16:31:51.356+0700] {processor.py:839} INFO - DAG(s) dict_keys(['example_branch_python_operator_decorator']) retrieved from /home/dwmhr/pln/venv/lib/python3.10/site-packages/airflow/example_dags/example_branch_operator_decorator.py
[2025-08-07T16:31:51.384+0700] {logging_mixin.py:154} INFO - [2025-08-07T16:31:51.383+0700] {dag.py:2941} INFO - Sync 1 DAGs
[2025-08-07T16:31:51.412+0700] {logging_mixin.py:154} INFO - [2025-08-07T16:31:51.411+0700] {dag.py:3722} INFO - Setting next_dagrun for example_branch_python_operator_decorator to 2025-08-06T00:00:00+00:00, run_after=2025-08-07T00:00:00+00:00
[2025-08-07T16:31:51.444+0700] {processor.py:179} INFO - Processing /home/dwmhr/pln/venv/lib/python3.10/site-packages/airflow/example_dags/example_branch_operator_decorator.py took 0.114 seconds
[2025-08-07T16:33:57.430+0700] {processor.py:157} INFO - Started process (PID=127356) to work on /home/dwmhr/pln/venv/lib/python3.10/site-packages/airflow/example_dags/example_branch_operator_decorator.py
[2025-08-07T16:33:57.435+0700] {processor.py:829} INFO - Processing file /home/dwmhr/pln/venv/lib/python3.10/site-packages/airflow/example_dags/example_branch_operator_decorator.py for tasks to queue
[2025-08-07T16:33:57.438+0700] {logging_mixin.py:154} INFO - [2025-08-07T16:33:57.437+0700] {dagbag.py:536} INFO - Filling up the DagBag from /home/dwmhr/pln/venv/lib/python3.10/site-packages/airflow/example_dags/example_branch_operator_decorator.py
[2025-08-07T16:33:57.489+0700] {processor.py:839} INFO - DAG(s) dict_keys(['example_branch_python_operator_decorator']) retrieved from /home/dwmhr/pln/venv/lib/python3.10/site-packages/airflow/example_dags/example_branch_operator_decorator.py
[2025-08-07T16:33:57.575+0700] {logging_mixin.py:154} INFO - [2025-08-07T16:33:57.575+0700] {dag.py:2941} INFO - Sync 1 DAGs
[2025-08-07T16:33:57.646+0700] {logging_mixin.py:154} INFO - [2025-08-07T16:33:57.645+0700] {dag.py:3722} INFO - Setting next_dagrun for example_branch_python_operator_decorator to 2025-08-06T00:00:00+00:00, run_after=2025-08-07T00:00:00+00:00
[2025-08-07T16:33:57.732+0700] {processor.py:179} INFO - Processing /home/dwmhr/pln/venv/lib/python3.10/site-packages/airflow/example_dags/example_branch_operator_decorator.py took 0.314 seconds
[2025-08-07T16:35:06.705+0700] {processor.py:157} INFO - Started process (PID=127651) to work on /home/dwmhr/pln/venv/lib/python3.10/site-packages/airflow/example_dags/example_branch_operator_decorator.py
[2025-08-07T16:35:06.709+0700] {processor.py:829} INFO - Processing file /home/dwmhr/pln/venv/lib/python3.10/site-packages/airflow/example_dags/example_branch_operator_decorator.py for tasks to queue
[2025-08-07T16:35:06.711+0700] {logging_mixin.py:154} INFO - [2025-08-07T16:35:06.710+0700] {dagbag.py:536} INFO - Filling up the DagBag from /home/dwmhr/pln/venv/lib/python3.10/site-packages/airflow/example_dags/example_branch_operator_decorator.py
[2025-08-07T16:35:06.739+0700] {processor.py:839} INFO - DAG(s) dict_keys(['example_branch_python_operator_decorator']) retrieved from /home/dwmhr/pln/venv/lib/python3.10/site-packages/airflow/example_dags/example_branch_operator_decorator.py
[2025-08-07T16:35:06.787+0700] {logging_mixin.py:154} INFO - [2025-08-07T16:35:06.787+0700] {dag.py:2941} INFO - Sync 1 DAGs
[2025-08-07T16:35:06.835+0700] {logging_mixin.py:154} INFO - [2025-08-07T16:35:06.834+0700] {dag.py:3722} INFO - Setting next_dagrun for example_branch_python_operator_decorator to 2025-08-06T00:00:00+00:00, run_after=2025-08-07T00:00:00+00:00
[2025-08-07T16:35:06.928+0700] {processor.py:179} INFO - Processing /home/dwmhr/pln/venv/lib/python3.10/site-packages/airflow/example_dags/example_branch_operator_decorator.py took 0.232 seconds
[2025-08-07T16:35:55.109+0700] {processor.py:157} INFO - Started process (PID=127844) to work on /home/dwmhr/pln/venv/lib/python3.10/site-packages/airflow/example_dags/example_branch_operator_decorator.py
[2025-08-07T16:35:55.110+0700] {processor.py:829} INFO - Processing file /home/dwmhr/pln/venv/lib/python3.10/site-packages/airflow/example_dags/example_branch_operator_decorator.py for tasks to queue
[2025-08-07T16:35:55.111+0700] {logging_mixin.py:154} INFO - [2025-08-07T16:35:55.111+0700] {dagbag.py:536} INFO - Filling up the DagBag from /home/dwmhr/pln/venv/lib/python3.10/site-packages/airflow/example_dags/example_branch_operator_decorator.py
[2025-08-07T16:35:55.120+0700] {processor.py:839} INFO - DAG(s) dict_keys(['example_branch_python_operator_decorator']) retrieved from /home/dwmhr/pln/venv/lib/python3.10/site-packages/airflow/example_dags/example_branch_operator_decorator.py
[2025-08-07T16:35:55.136+0700] {logging_mixin.py:154} INFO - [2025-08-07T16:35:55.135+0700] {dag.py:2941} INFO - Sync 1 DAGs
[2025-08-07T16:35:55.150+0700] {logging_mixin.py:154} INFO - [2025-08-07T16:35:55.150+0700] {dag.py:3722} INFO - Setting next_dagrun for example_branch_python_operator_decorator to 2025-08-06T00:00:00+00:00, run_after=2025-08-07T00:00:00+00:00
[2025-08-07T16:35:55.170+0700] {processor.py:179} INFO - Processing /home/dwmhr/pln/venv/lib/python3.10/site-packages/airflow/example_dags/example_branch_operator_decorator.py took 0.064 seconds
[2025-08-07T16:36:50.765+0700] {processor.py:157} INFO - Started process (PID=128095) to work on /home/dwmhr/pln/venv/lib/python3.10/site-packages/airflow/example_dags/example_branch_operator_decorator.py
[2025-08-07T16:36:50.767+0700] {processor.py:829} INFO - Processing file /home/dwmhr/pln/venv/lib/python3.10/site-packages/airflow/example_dags/example_branch_operator_decorator.py for tasks to queue
[2025-08-07T16:36:50.768+0700] {logging_mixin.py:154} INFO - [2025-08-07T16:36:50.767+0700] {dagbag.py:536} INFO - Filling up the DagBag from /home/dwmhr/pln/venv/lib/python3.10/site-packages/airflow/example_dags/example_branch_operator_decorator.py
[2025-08-07T16:36:50.779+0700] {processor.py:839} INFO - DAG(s) dict_keys(['example_branch_python_operator_decorator']) retrieved from /home/dwmhr/pln/venv/lib/python3.10/site-packages/airflow/example_dags/example_branch_operator_decorator.py
[2025-08-07T16:36:50.796+0700] {logging_mixin.py:154} INFO - [2025-08-07T16:36:50.795+0700] {dag.py:2941} INFO - Sync 1 DAGs
[2025-08-07T16:36:50.813+0700] {logging_mixin.py:154} INFO - [2025-08-07T16:36:50.813+0700] {dag.py:3722} INFO - Setting next_dagrun for example_branch_python_operator_decorator to 2025-08-06T00:00:00+00:00, run_after=2025-08-07T00:00:00+00:00
[2025-08-07T16:36:50.834+0700] {processor.py:179} INFO - Processing /home/dwmhr/pln/venv/lib/python3.10/site-packages/airflow/example_dags/example_branch_operator_decorator.py took 0.072 seconds
[2025-08-07T16:38:07.955+0700] {processor.py:157} INFO - Started process (PID=128418) to work on /home/dwmhr/pln/venv/lib/python3.10/site-packages/airflow/example_dags/example_branch_operator_decorator.py
[2025-08-07T16:38:07.957+0700] {processor.py:829} INFO - Processing file /home/dwmhr/pln/venv/lib/python3.10/site-packages/airflow/example_dags/example_branch_operator_decorator.py for tasks to queue
[2025-08-07T16:38:07.958+0700] {logging_mixin.py:154} INFO - [2025-08-07T16:38:07.958+0700] {dagbag.py:536} INFO - Filling up the DagBag from /home/dwmhr/pln/venv/lib/python3.10/site-packages/airflow/example_dags/example_branch_operator_decorator.py
[2025-08-07T16:38:07.973+0700] {processor.py:839} INFO - DAG(s) dict_keys(['example_branch_python_operator_decorator']) retrieved from /home/dwmhr/pln/venv/lib/python3.10/site-packages/airflow/example_dags/example_branch_operator_decorator.py
[2025-08-07T16:38:08.028+0700] {logging_mixin.py:154} INFO - [2025-08-07T16:38:08.028+0700] {dag.py:2941} INFO - Sync 1 DAGs
[2025-08-07T16:38:08.087+0700] {logging_mixin.py:154} INFO - [2025-08-07T16:38:08.087+0700] {dag.py:3722} INFO - Setting next_dagrun for example_branch_python_operator_decorator to 2025-08-06T00:00:00+00:00, run_after=2025-08-07T00:00:00+00:00
[2025-08-07T16:38:08.164+0700] {processor.py:179} INFO - Processing /home/dwmhr/pln/venv/lib/python3.10/site-packages/airflow/example_dags/example_branch_operator_decorator.py took 0.219 seconds
[2025-08-07T16:39:09.386+0700] {processor.py:157} INFO - Started process (PID=128671) to work on /home/dwmhr/pln/venv/lib/python3.10/site-packages/airflow/example_dags/example_branch_operator_decorator.py
[2025-08-07T16:39:09.390+0700] {processor.py:829} INFO - Processing file /home/dwmhr/pln/venv/lib/python3.10/site-packages/airflow/example_dags/example_branch_operator_decorator.py for tasks to queue
[2025-08-07T16:39:09.395+0700] {logging_mixin.py:154} INFO - [2025-08-07T16:39:09.394+0700] {dagbag.py:536} INFO - Filling up the DagBag from /home/dwmhr/pln/venv/lib/python3.10/site-packages/airflow/example_dags/example_branch_operator_decorator.py
[2025-08-07T16:39:09.431+0700] {processor.py:839} INFO - DAG(s) dict_keys(['example_branch_python_operator_decorator']) retrieved from /home/dwmhr/pln/venv/lib/python3.10/site-packages/airflow/example_dags/example_branch_operator_decorator.py
[2025-08-07T16:39:09.493+0700] {logging_mixin.py:154} INFO - [2025-08-07T16:39:09.493+0700] {dag.py:2941} INFO - Sync 1 DAGs
[2025-08-07T16:39:09.546+0700] {logging_mixin.py:154} INFO - [2025-08-07T16:39:09.545+0700] {dag.py:3722} INFO - Setting next_dagrun for example_branch_python_operator_decorator to 2025-08-06T00:00:00+00:00, run_after=2025-08-07T00:00:00+00:00
[2025-08-07T16:39:09.606+0700] {processor.py:179} INFO - Processing /home/dwmhr/pln/venv/lib/python3.10/site-packages/airflow/example_dags/example_branch_operator_decorator.py took 0.238 seconds
[2025-08-07T16:40:17.933+0700] {processor.py:157} INFO - Started process (PID=128924) to work on /home/dwmhr/pln/venv/lib/python3.10/site-packages/airflow/example_dags/example_branch_operator_decorator.py
[2025-08-07T16:40:17.936+0700] {processor.py:829} INFO - Processing file /home/dwmhr/pln/venv/lib/python3.10/site-packages/airflow/example_dags/example_branch_operator_decorator.py for tasks to queue
[2025-08-07T16:40:17.939+0700] {logging_mixin.py:154} INFO - [2025-08-07T16:40:17.938+0700] {dagbag.py:536} INFO - Filling up the DagBag from /home/dwmhr/pln/venv/lib/python3.10/site-packages/airflow/example_dags/example_branch_operator_decorator.py
[2025-08-07T16:40:17.960+0700] {processor.py:839} INFO - DAG(s) dict_keys(['example_branch_python_operator_decorator']) retrieved from /home/dwmhr/pln/venv/lib/python3.10/site-packages/airflow/example_dags/example_branch_operator_decorator.py
[2025-08-07T16:40:18.000+0700] {logging_mixin.py:154} INFO - [2025-08-07T16:40:18.000+0700] {dag.py:2941} INFO - Sync 1 DAGs
[2025-08-07T16:40:18.043+0700] {logging_mixin.py:154} INFO - [2025-08-07T16:40:18.043+0700] {dag.py:3722} INFO - Setting next_dagrun for example_branch_python_operator_decorator to 2025-08-06T00:00:00+00:00, run_after=2025-08-07T00:00:00+00:00
[2025-08-07T16:40:18.185+0700] {processor.py:179} INFO - Processing /home/dwmhr/pln/venv/lib/python3.10/site-packages/airflow/example_dags/example_branch_operator_decorator.py took 0.259 seconds
[2025-08-07T16:41:25.681+0700] {processor.py:157} INFO - Started process (PID=129225) to work on /home/dwmhr/pln/venv/lib/python3.10/site-packages/airflow/example_dags/example_branch_operator_decorator.py
[2025-08-07T16:41:25.683+0700] {processor.py:829} INFO - Processing file /home/dwmhr/pln/venv/lib/python3.10/site-packages/airflow/example_dags/example_branch_operator_decorator.py for tasks to queue
[2025-08-07T16:41:25.684+0700] {logging_mixin.py:154} INFO - [2025-08-07T16:41:25.683+0700] {dagbag.py:536} INFO - Filling up the DagBag from /home/dwmhr/pln/venv/lib/python3.10/site-packages/airflow/example_dags/example_branch_operator_decorator.py
[2025-08-07T16:41:25.698+0700] {processor.py:839} INFO - DAG(s) dict_keys(['example_branch_python_operator_decorator']) retrieved from /home/dwmhr/pln/venv/lib/python3.10/site-packages/airflow/example_dags/example_branch_operator_decorator.py
[2025-08-07T16:41:25.727+0700] {logging_mixin.py:154} INFO - [2025-08-07T16:41:25.727+0700] {dag.py:2941} INFO - Sync 1 DAGs
[2025-08-07T16:41:25.761+0700] {logging_mixin.py:154} INFO - [2025-08-07T16:41:25.761+0700] {dag.py:3722} INFO - Setting next_dagrun for example_branch_python_operator_decorator to 2025-08-06T00:00:00+00:00, run_after=2025-08-07T00:00:00+00:00
[2025-08-07T16:41:25.796+0700] {processor.py:179} INFO - Processing /home/dwmhr/pln/venv/lib/python3.10/site-packages/airflow/example_dags/example_branch_operator_decorator.py took 0.120 seconds
[2025-08-07T16:42:31.339+0700] {processor.py:157} INFO - Started process (PID=129505) to work on /home/dwmhr/pln/venv/lib/python3.10/site-packages/airflow/example_dags/example_branch_operator_decorator.py
[2025-08-07T16:42:31.344+0700] {processor.py:829} INFO - Processing file /home/dwmhr/pln/venv/lib/python3.10/site-packages/airflow/example_dags/example_branch_operator_decorator.py for tasks to queue
[2025-08-07T16:42:31.349+0700] {logging_mixin.py:154} INFO - [2025-08-07T16:42:31.347+0700] {dagbag.py:536} INFO - Filling up the DagBag from /home/dwmhr/pln/venv/lib/python3.10/site-packages/airflow/example_dags/example_branch_operator_decorator.py
[2025-08-07T16:42:31.409+0700] {processor.py:839} INFO - DAG(s) dict_keys(['example_branch_python_operator_decorator']) retrieved from /home/dwmhr/pln/venv/lib/python3.10/site-packages/airflow/example_dags/example_branch_operator_decorator.py
[2025-08-07T16:42:31.509+0700] {logging_mixin.py:154} INFO - [2025-08-07T16:42:31.508+0700] {dag.py:2941} INFO - Sync 1 DAGs
[2025-08-07T16:42:31.704+0700] {logging_mixin.py:154} INFO - [2025-08-07T16:42:31.702+0700] {dag.py:3722} INFO - Setting next_dagrun for example_branch_python_operator_decorator to 2025-08-06T00:00:00+00:00, run_after=2025-08-07T00:00:00+00:00
[2025-08-07T16:42:31.844+0700] {processor.py:179} INFO - Processing /home/dwmhr/pln/venv/lib/python3.10/site-packages/airflow/example_dags/example_branch_operator_decorator.py took 0.522 seconds
[2025-08-07T16:43:30.681+0700] {processor.py:157} INFO - Started process (PID=129751) to work on /home/dwmhr/pln/venv/lib/python3.10/site-packages/airflow/example_dags/example_branch_operator_decorator.py
[2025-08-07T16:43:30.689+0700] {processor.py:829} INFO - Processing file /home/dwmhr/pln/venv/lib/python3.10/site-packages/airflow/example_dags/example_branch_operator_decorator.py for tasks to queue
[2025-08-07T16:43:30.692+0700] {logging_mixin.py:154} INFO - [2025-08-07T16:43:30.691+0700] {dagbag.py:536} INFO - Filling up the DagBag from /home/dwmhr/pln/venv/lib/python3.10/site-packages/airflow/example_dags/example_branch_operator_decorator.py
[2025-08-07T16:43:30.755+0700] {processor.py:839} INFO - DAG(s) dict_keys(['example_branch_python_operator_decorator']) retrieved from /home/dwmhr/pln/venv/lib/python3.10/site-packages/airflow/example_dags/example_branch_operator_decorator.py
[2025-08-07T16:43:30.839+0700] {logging_mixin.py:154} INFO - [2025-08-07T16:43:30.838+0700] {dag.py:2941} INFO - Sync 1 DAGs
[2025-08-07T16:43:30.942+0700] {logging_mixin.py:154} INFO - [2025-08-07T16:43:30.941+0700] {dag.py:3722} INFO - Setting next_dagrun for example_branch_python_operator_decorator to 2025-08-06T00:00:00+00:00, run_after=2025-08-07T00:00:00+00:00
[2025-08-07T16:43:31.042+0700] {processor.py:179} INFO - Processing /home/dwmhr/pln/venv/lib/python3.10/site-packages/airflow/example_dags/example_branch_operator_decorator.py took 0.375 seconds
[2025-08-07T16:44:36.628+0700] {processor.py:157} INFO - Started process (PID=130035) to work on /home/dwmhr/pln/venv/lib/python3.10/site-packages/airflow/example_dags/example_branch_operator_decorator.py
[2025-08-07T16:44:36.631+0700] {processor.py:829} INFO - Processing file /home/dwmhr/pln/venv/lib/python3.10/site-packages/airflow/example_dags/example_branch_operator_decorator.py for tasks to queue
[2025-08-07T16:44:36.633+0700] {logging_mixin.py:154} INFO - [2025-08-07T16:44:36.632+0700] {dagbag.py:536} INFO - Filling up the DagBag from /home/dwmhr/pln/venv/lib/python3.10/site-packages/airflow/example_dags/example_branch_operator_decorator.py
[2025-08-07T16:44:36.661+0700] {processor.py:839} INFO - DAG(s) dict_keys(['example_branch_python_operator_decorator']) retrieved from /home/dwmhr/pln/venv/lib/python3.10/site-packages/airflow/example_dags/example_branch_operator_decorator.py
[2025-08-07T16:44:36.706+0700] {logging_mixin.py:154} INFO - [2025-08-07T16:44:36.705+0700] {dag.py:2941} INFO - Sync 1 DAGs
[2025-08-07T16:44:36.748+0700] {logging_mixin.py:154} INFO - [2025-08-07T16:44:36.748+0700] {dag.py:3722} INFO - Setting next_dagrun for example_branch_python_operator_decorator to 2025-08-06T00:00:00+00:00, run_after=2025-08-07T00:00:00+00:00
[2025-08-07T16:44:36.803+0700] {processor.py:179} INFO - Processing /home/dwmhr/pln/venv/lib/python3.10/site-packages/airflow/example_dags/example_branch_operator_decorator.py took 0.185 seconds
[2025-08-07T16:45:37.989+0700] {processor.py:157} INFO - Started process (PID=130302) to work on /home/dwmhr/pln/venv/lib/python3.10/site-packages/airflow/example_dags/example_branch_operator_decorator.py
[2025-08-07T16:45:38.002+0700] {processor.py:829} INFO - Processing file /home/dwmhr/pln/venv/lib/python3.10/site-packages/airflow/example_dags/example_branch_operator_decorator.py for tasks to queue
[2025-08-07T16:45:38.004+0700] {logging_mixin.py:154} INFO - [2025-08-07T16:45:38.003+0700] {dagbag.py:536} INFO - Filling up the DagBag from /home/dwmhr/pln/venv/lib/python3.10/site-packages/airflow/example_dags/example_branch_operator_decorator.py
[2025-08-07T16:45:38.026+0700] {processor.py:839} INFO - DAG(s) dict_keys(['example_branch_python_operator_decorator']) retrieved from /home/dwmhr/pln/venv/lib/python3.10/site-packages/airflow/example_dags/example_branch_operator_decorator.py
[2025-08-07T16:45:38.070+0700] {logging_mixin.py:154} INFO - [2025-08-07T16:45:38.070+0700] {dag.py:2941} INFO - Sync 1 DAGs
[2025-08-07T16:45:38.101+0700] {logging_mixin.py:154} INFO - [2025-08-07T16:45:38.101+0700] {dag.py:3722} INFO - Setting next_dagrun for example_branch_python_operator_decorator to 2025-08-06T00:00:00+00:00, run_after=2025-08-07T00:00:00+00:00
[2025-08-07T16:45:38.146+0700] {processor.py:179} INFO - Processing /home/dwmhr/pln/venv/lib/python3.10/site-packages/airflow/example_dags/example_branch_operator_decorator.py took 0.164 seconds
[2025-08-07T16:47:12.264+0700] {processor.py:157} INFO - Started process (PID=130733) to work on /home/dwmhr/pln/venv/lib/python3.10/site-packages/airflow/example_dags/example_branch_operator_decorator.py
[2025-08-07T16:47:12.265+0700] {processor.py:829} INFO - Processing file /home/dwmhr/pln/venv/lib/python3.10/site-packages/airflow/example_dags/example_branch_operator_decorator.py for tasks to queue
[2025-08-07T16:47:12.266+0700] {logging_mixin.py:154} INFO - [2025-08-07T16:47:12.266+0700] {dagbag.py:536} INFO - Filling up the DagBag from /home/dwmhr/pln/venv/lib/python3.10/site-packages/airflow/example_dags/example_branch_operator_decorator.py
[2025-08-07T16:47:12.275+0700] {processor.py:839} INFO - DAG(s) dict_keys(['example_branch_python_operator_decorator']) retrieved from /home/dwmhr/pln/venv/lib/python3.10/site-packages/airflow/example_dags/example_branch_operator_decorator.py
[2025-08-07T16:47:12.289+0700] {logging_mixin.py:154} INFO - [2025-08-07T16:47:12.289+0700] {dag.py:2941} INFO - Sync 1 DAGs
[2025-08-07T16:47:12.306+0700] {logging_mixin.py:154} INFO - [2025-08-07T16:47:12.305+0700] {dag.py:3722} INFO - Setting next_dagrun for example_branch_python_operator_decorator to 2025-08-06T00:00:00+00:00, run_after=2025-08-07T00:00:00+00:00
[2025-08-07T16:47:12.323+0700] {processor.py:179} INFO - Processing /home/dwmhr/pln/venv/lib/python3.10/site-packages/airflow/example_dags/example_branch_operator_decorator.py took 0.063 seconds
[2025-08-07T16:48:24.574+0700] {processor.py:157} INFO - Started process (PID=131032) to work on /home/dwmhr/pln/venv/lib/python3.10/site-packages/airflow/example_dags/example_branch_operator_decorator.py
[2025-08-07T16:48:24.580+0700] {processor.py:829} INFO - Processing file /home/dwmhr/pln/venv/lib/python3.10/site-packages/airflow/example_dags/example_branch_operator_decorator.py for tasks to queue
[2025-08-07T16:48:24.583+0700] {logging_mixin.py:154} INFO - [2025-08-07T16:48:24.582+0700] {dagbag.py:536} INFO - Filling up the DagBag from /home/dwmhr/pln/venv/lib/python3.10/site-packages/airflow/example_dags/example_branch_operator_decorator.py
[2025-08-07T16:48:24.662+0700] {processor.py:839} INFO - DAG(s) dict_keys(['example_branch_python_operator_decorator']) retrieved from /home/dwmhr/pln/venv/lib/python3.10/site-packages/airflow/example_dags/example_branch_operator_decorator.py
[2025-08-07T16:48:24.746+0700] {logging_mixin.py:154} INFO - [2025-08-07T16:48:24.745+0700] {dag.py:2941} INFO - Sync 1 DAGs
[2025-08-07T16:48:24.831+0700] {logging_mixin.py:154} INFO - [2025-08-07T16:48:24.830+0700] {dag.py:3722} INFO - Setting next_dagrun for example_branch_python_operator_decorator to 2025-08-06T00:00:00+00:00, run_after=2025-08-07T00:00:00+00:00
[2025-08-07T16:48:24.937+0700] {processor.py:179} INFO - Processing /home/dwmhr/pln/venv/lib/python3.10/site-packages/airflow/example_dags/example_branch_operator_decorator.py took 0.381 seconds
[2025-08-07T16:49:14.302+0700] {processor.py:157} INFO - Started process (PID=131247) to work on /home/dwmhr/pln/venv/lib/python3.10/site-packages/airflow/example_dags/example_branch_operator_decorator.py
[2025-08-07T16:49:14.304+0700] {processor.py:829} INFO - Processing file /home/dwmhr/pln/venv/lib/python3.10/site-packages/airflow/example_dags/example_branch_operator_decorator.py for tasks to queue
[2025-08-07T16:49:14.307+0700] {logging_mixin.py:154} INFO - [2025-08-07T16:49:14.306+0700] {dagbag.py:536} INFO - Filling up the DagBag from /home/dwmhr/pln/venv/lib/python3.10/site-packages/airflow/example_dags/example_branch_operator_decorator.py
[2025-08-07T16:49:14.333+0700] {processor.py:839} INFO - DAG(s) dict_keys(['example_branch_python_operator_decorator']) retrieved from /home/dwmhr/pln/venv/lib/python3.10/site-packages/airflow/example_dags/example_branch_operator_decorator.py
[2025-08-07T16:49:14.366+0700] {logging_mixin.py:154} INFO - [2025-08-07T16:49:14.366+0700] {dag.py:2941} INFO - Sync 1 DAGs
[2025-08-07T16:49:14.401+0700] {logging_mixin.py:154} INFO - [2025-08-07T16:49:14.400+0700] {dag.py:3722} INFO - Setting next_dagrun for example_branch_python_operator_decorator to 2025-08-06T00:00:00+00:00, run_after=2025-08-07T00:00:00+00:00
[2025-08-07T16:49:14.450+0700] {processor.py:179} INFO - Processing /home/dwmhr/pln/venv/lib/python3.10/site-packages/airflow/example_dags/example_branch_operator_decorator.py took 0.155 seconds
