[2025-08-07T15:45:03.958+0700] {processor.py:157} INFO - Started process (PID=113205) to work on /home/dwmhr/pln/venv/lib/python3.10/site-packages/airflow/example_dags/example_setup_teardown_taskflow.py
[2025-08-07T15:45:03.959+0700] {processor.py:829} INFO - Processing file /home/dwmhr/pln/venv/lib/python3.10/site-packages/airflow/example_dags/example_setup_teardown_taskflow.py for tasks to queue
[2025-08-07T15:45:03.960+0700] {logging_mixin.py:154} INFO - [2025-08-07T15:45:03.959+0700] {dagbag.py:536} INFO - Filling up the DagBag from /home/dwmhr/pln/venv/lib/python3.10/site-packages/airflow/example_dags/example_setup_teardown_taskflow.py
[2025-08-07T15:45:03.969+0700] {processor.py:839} INFO - DAG(s) dict_keys(['example_setup_teardown_taskflow']) retrieved from /home/dwmhr/pln/venv/lib/python3.10/site-packages/airflow/example_dags/example_setup_teardown_taskflow.py
[2025-08-07T15:45:04.069+0700] {logging_mixin.py:154} INFO - [2025-08-07T15:45:04.069+0700] {manager.py:499} INFO - Created Permission View: %s
[2025-08-07T15:45:04.079+0700] {logging_mixin.py:154} INFO - [2025-08-07T15:45:04.079+0700] {manager.py:499} INFO - Created Permission View: %s
[2025-08-07T15:45:04.087+0700] {logging_mixin.py:154} INFO - [2025-08-07T15:45:04.087+0700] {manager.py:499} INFO - Created Permission View: %s
[2025-08-07T15:45:04.087+0700] {logging_mixin.py:154} INFO - [2025-08-07T15:45:04.087+0700] {dag.py:2941} INFO - Sync 1 DAGs
[2025-08-07T15:45:04.097+0700] {logging_mixin.py:154} INFO - [2025-08-07T15:45:04.096+0700] {dag.py:2963} INFO - Creating ORM DAG for example_setup_teardown_taskflow
[2025-08-07T15:45:04.104+0700] {logging_mixin.py:154} INFO - [2025-08-07T15:45:04.104+0700] {dag.py:3722} INFO - Setting next_dagrun for example_setup_teardown_taskflow to 2025-08-06T08:45:04.104460+00:00, run_after=2025-08-07T08:45:04.104460+00:00
[2025-08-07T15:45:04.124+0700] {processor.py:179} INFO - Processing /home/dwmhr/pln/venv/lib/python3.10/site-packages/airflow/example_dags/example_setup_teardown_taskflow.py took 0.168 seconds
[2025-08-07T15:46:13.800+0700] {processor.py:157} INFO - Started process (PID=113564) to work on /home/dwmhr/pln/venv/lib/python3.10/site-packages/airflow/example_dags/example_setup_teardown_taskflow.py
[2025-08-07T15:46:13.803+0700] {processor.py:829} INFO - Processing file /home/dwmhr/pln/venv/lib/python3.10/site-packages/airflow/example_dags/example_setup_teardown_taskflow.py for tasks to queue
[2025-08-07T15:46:13.805+0700] {logging_mixin.py:154} INFO - [2025-08-07T15:46:13.805+0700] {dagbag.py:536} INFO - Filling up the DagBag from /home/dwmhr/pln/venv/lib/python3.10/site-packages/airflow/example_dags/example_setup_teardown_taskflow.py
[2025-08-07T15:46:13.828+0700] {processor.py:839} INFO - DAG(s) dict_keys(['example_setup_teardown_taskflow']) retrieved from /home/dwmhr/pln/venv/lib/python3.10/site-packages/airflow/example_dags/example_setup_teardown_taskflow.py
[2025-08-07T15:46:13.870+0700] {logging_mixin.py:154} INFO - [2025-08-07T15:46:13.869+0700] {dag.py:2941} INFO - Sync 1 DAGs
[2025-08-07T15:46:13.915+0700] {logging_mixin.py:154} INFO - [2025-08-07T15:46:13.914+0700] {dag.py:3722} INFO - Setting next_dagrun for example_setup_teardown_taskflow to 2025-08-06T08:46:13.913895+00:00, run_after=2025-08-07T08:46:13.913895+00:00
[2025-08-07T15:46:13.960+0700] {processor.py:179} INFO - Processing /home/dwmhr/pln/venv/lib/python3.10/site-packages/airflow/example_dags/example_setup_teardown_taskflow.py took 0.168 seconds
[2025-08-07T15:47:08.117+0700] {processor.py:157} INFO - Started process (PID=113856) to work on /home/dwmhr/pln/venv/lib/python3.10/site-packages/airflow/example_dags/example_setup_teardown_taskflow.py
[2025-08-07T15:47:08.123+0700] {processor.py:829} INFO - Processing file /home/dwmhr/pln/venv/lib/python3.10/site-packages/airflow/example_dags/example_setup_teardown_taskflow.py for tasks to queue
[2025-08-07T15:47:08.127+0700] {logging_mixin.py:154} INFO - [2025-08-07T15:47:08.125+0700] {dagbag.py:536} INFO - Filling up the DagBag from /home/dwmhr/pln/venv/lib/python3.10/site-packages/airflow/example_dags/example_setup_teardown_taskflow.py
[2025-08-07T15:47:08.178+0700] {processor.py:839} INFO - DAG(s) dict_keys(['example_setup_teardown_taskflow']) retrieved from /home/dwmhr/pln/venv/lib/python3.10/site-packages/airflow/example_dags/example_setup_teardown_taskflow.py
[2025-08-07T15:47:08.267+0700] {logging_mixin.py:154} INFO - [2025-08-07T15:47:08.267+0700] {dag.py:2941} INFO - Sync 1 DAGs
[2025-08-07T15:47:08.353+0700] {logging_mixin.py:154} INFO - [2025-08-07T15:47:08.353+0700] {dag.py:3722} INFO - Setting next_dagrun for example_setup_teardown_taskflow to 2025-08-06T08:47:08.352247+00:00, run_after=2025-08-07T08:47:08.352247+00:00
[2025-08-07T15:47:08.441+0700] {processor.py:179} INFO - Processing /home/dwmhr/pln/venv/lib/python3.10/site-packages/airflow/example_dags/example_setup_teardown_taskflow.py took 0.341 seconds
[2025-08-07T15:47:54.672+0700] {processor.py:157} INFO - Started process (PID=114083) to work on /home/dwmhr/pln/venv/lib/python3.10/site-packages/airflow/example_dags/example_setup_teardown_taskflow.py
[2025-08-07T15:47:54.674+0700] {processor.py:829} INFO - Processing file /home/dwmhr/pln/venv/lib/python3.10/site-packages/airflow/example_dags/example_setup_teardown_taskflow.py for tasks to queue
[2025-08-07T15:47:54.675+0700] {logging_mixin.py:154} INFO - [2025-08-07T15:47:54.674+0700] {dagbag.py:536} INFO - Filling up the DagBag from /home/dwmhr/pln/venv/lib/python3.10/site-packages/airflow/example_dags/example_setup_teardown_taskflow.py
[2025-08-07T15:47:54.683+0700] {processor.py:839} INFO - DAG(s) dict_keys(['example_setup_teardown_taskflow']) retrieved from /home/dwmhr/pln/venv/lib/python3.10/site-packages/airflow/example_dags/example_setup_teardown_taskflow.py
[2025-08-07T15:47:54.696+0700] {logging_mixin.py:154} INFO - [2025-08-07T15:47:54.696+0700] {dag.py:2941} INFO - Sync 1 DAGs
[2025-08-07T15:47:54.709+0700] {logging_mixin.py:154} INFO - [2025-08-07T15:47:54.709+0700] {dag.py:3722} INFO - Setting next_dagrun for example_setup_teardown_taskflow to 2025-08-06T08:47:54.708787+00:00, run_after=2025-08-07T08:47:54.708787+00:00
[2025-08-07T15:47:54.735+0700] {processor.py:179} INFO - Processing /home/dwmhr/pln/venv/lib/python3.10/site-packages/airflow/example_dags/example_setup_teardown_taskflow.py took 0.066 seconds
[2025-08-07T15:48:31.308+0700] {processor.py:157} INFO - Started process (PID=114299) to work on /home/dwmhr/pln/venv/lib/python3.10/site-packages/airflow/example_dags/example_setup_teardown_taskflow.py
[2025-08-07T15:48:31.310+0700] {processor.py:829} INFO - Processing file /home/dwmhr/pln/venv/lib/python3.10/site-packages/airflow/example_dags/example_setup_teardown_taskflow.py for tasks to queue
[2025-08-07T15:48:31.311+0700] {logging_mixin.py:154} INFO - [2025-08-07T15:48:31.310+0700] {dagbag.py:536} INFO - Filling up the DagBag from /home/dwmhr/pln/venv/lib/python3.10/site-packages/airflow/example_dags/example_setup_teardown_taskflow.py
[2025-08-07T15:48:31.319+0700] {processor.py:839} INFO - DAG(s) dict_keys(['example_setup_teardown_taskflow']) retrieved from /home/dwmhr/pln/venv/lib/python3.10/site-packages/airflow/example_dags/example_setup_teardown_taskflow.py
[2025-08-07T15:48:31.333+0700] {logging_mixin.py:154} INFO - [2025-08-07T15:48:31.333+0700] {dag.py:2941} INFO - Sync 1 DAGs
[2025-08-07T15:48:31.348+0700] {logging_mixin.py:154} INFO - [2025-08-07T15:48:31.348+0700] {dag.py:3722} INFO - Setting next_dagrun for example_setup_teardown_taskflow to 2025-08-06T08:48:31.348420+00:00, run_after=2025-08-07T08:48:31.348420+00:00
[2025-08-07T15:48:31.368+0700] {processor.py:179} INFO - Processing /home/dwmhr/pln/venv/lib/python3.10/site-packages/airflow/example_dags/example_setup_teardown_taskflow.py took 0.062 seconds
[2025-08-07T15:49:36.973+0700] {processor.py:157} INFO - Started process (PID=114628) to work on /home/dwmhr/pln/venv/lib/python3.10/site-packages/airflow/example_dags/example_setup_teardown_taskflow.py
[2025-08-07T15:49:36.980+0700] {processor.py:829} INFO - Processing file /home/dwmhr/pln/venv/lib/python3.10/site-packages/airflow/example_dags/example_setup_teardown_taskflow.py for tasks to queue
[2025-08-07T15:49:36.984+0700] {logging_mixin.py:154} INFO - [2025-08-07T15:49:36.983+0700] {dagbag.py:536} INFO - Filling up the DagBag from /home/dwmhr/pln/venv/lib/python3.10/site-packages/airflow/example_dags/example_setup_teardown_taskflow.py
[2025-08-07T15:49:37.047+0700] {processor.py:839} INFO - DAG(s) dict_keys(['example_setup_teardown_taskflow']) retrieved from /home/dwmhr/pln/venv/lib/python3.10/site-packages/airflow/example_dags/example_setup_teardown_taskflow.py
[2025-08-07T15:49:37.169+0700] {logging_mixin.py:154} INFO - [2025-08-07T15:49:37.168+0700] {dag.py:2941} INFO - Sync 1 DAGs
[2025-08-07T15:49:37.308+0700] {logging_mixin.py:154} INFO - [2025-08-07T15:49:37.307+0700] {dag.py:3722} INFO - Setting next_dagrun for example_setup_teardown_taskflow to 2025-08-06T08:49:37.306045+00:00, run_after=2025-08-07T08:49:37.306045+00:00
[2025-08-07T15:49:37.437+0700] {processor.py:179} INFO - Processing /home/dwmhr/pln/venv/lib/python3.10/site-packages/airflow/example_dags/example_setup_teardown_taskflow.py took 0.484 seconds
[2025-08-07T15:50:54.005+0700] {processor.py:157} INFO - Started process (PID=115047) to work on /home/dwmhr/pln/venv/lib/python3.10/site-packages/airflow/example_dags/example_setup_teardown_taskflow.py
[2025-08-07T15:50:54.010+0700] {processor.py:829} INFO - Processing file /home/dwmhr/pln/venv/lib/python3.10/site-packages/airflow/example_dags/example_setup_teardown_taskflow.py for tasks to queue
[2025-08-07T15:50:54.015+0700] {logging_mixin.py:154} INFO - [2025-08-07T15:50:54.013+0700] {dagbag.py:536} INFO - Filling up the DagBag from /home/dwmhr/pln/venv/lib/python3.10/site-packages/airflow/example_dags/example_setup_teardown_taskflow.py
[2025-08-07T15:50:54.061+0700] {processor.py:839} INFO - DAG(s) dict_keys(['example_setup_teardown_taskflow']) retrieved from /home/dwmhr/pln/venv/lib/python3.10/site-packages/airflow/example_dags/example_setup_teardown_taskflow.py
[2025-08-07T15:50:54.127+0700] {logging_mixin.py:154} INFO - [2025-08-07T15:50:54.127+0700] {dag.py:2941} INFO - Sync 1 DAGs
[2025-08-07T15:50:54.207+0700] {logging_mixin.py:154} INFO - [2025-08-07T15:50:54.206+0700] {dag.py:3722} INFO - Setting next_dagrun for example_setup_teardown_taskflow to 2025-08-06T08:50:54.205920+00:00, run_after=2025-08-07T08:50:54.205920+00:00
[2025-08-07T15:50:54.342+0700] {processor.py:179} INFO - Processing /home/dwmhr/pln/venv/lib/python3.10/site-packages/airflow/example_dags/example_setup_teardown_taskflow.py took 0.349 seconds
[2025-08-07T15:51:52.097+0700] {processor.py:157} INFO - Started process (PID=115357) to work on /home/dwmhr/pln/venv/lib/python3.10/site-packages/airflow/example_dags/example_setup_teardown_taskflow.py
[2025-08-07T15:51:52.101+0700] {processor.py:829} INFO - Processing file /home/dwmhr/pln/venv/lib/python3.10/site-packages/airflow/example_dags/example_setup_teardown_taskflow.py for tasks to queue
[2025-08-07T15:51:52.102+0700] {logging_mixin.py:154} INFO - [2025-08-07T15:51:52.102+0700] {dagbag.py:536} INFO - Filling up the DagBag from /home/dwmhr/pln/venv/lib/python3.10/site-packages/airflow/example_dags/example_setup_teardown_taskflow.py
[2025-08-07T15:51:52.128+0700] {processor.py:839} INFO - DAG(s) dict_keys(['example_setup_teardown_taskflow']) retrieved from /home/dwmhr/pln/venv/lib/python3.10/site-packages/airflow/example_dags/example_setup_teardown_taskflow.py
[2025-08-07T15:51:52.152+0700] {logging_mixin.py:154} INFO - [2025-08-07T15:51:52.151+0700] {dag.py:2941} INFO - Sync 1 DAGs
[2025-08-07T15:51:52.198+0700] {logging_mixin.py:154} INFO - [2025-08-07T15:51:52.197+0700] {dag.py:3722} INFO - Setting next_dagrun for example_setup_teardown_taskflow to 2025-08-06T08:51:52.197473+00:00, run_after=2025-08-07T08:51:52.197473+00:00
[2025-08-07T15:51:52.230+0700] {processor.py:179} INFO - Processing /home/dwmhr/pln/venv/lib/python3.10/site-packages/airflow/example_dags/example_setup_teardown_taskflow.py took 0.138 seconds
[2025-08-07T15:52:54.149+0700] {processor.py:157} INFO - Started process (PID=115610) to work on /home/dwmhr/pln/venv/lib/python3.10/site-packages/airflow/example_dags/example_setup_teardown_taskflow.py
[2025-08-07T15:52:54.153+0700] {processor.py:829} INFO - Processing file /home/dwmhr/pln/venv/lib/python3.10/site-packages/airflow/example_dags/example_setup_teardown_taskflow.py for tasks to queue
[2025-08-07T15:52:54.155+0700] {logging_mixin.py:154} INFO - [2025-08-07T15:52:54.155+0700] {dagbag.py:536} INFO - Filling up the DagBag from /home/dwmhr/pln/venv/lib/python3.10/site-packages/airflow/example_dags/example_setup_teardown_taskflow.py
[2025-08-07T15:52:54.185+0700] {processor.py:839} INFO - DAG(s) dict_keys(['example_setup_teardown_taskflow']) retrieved from /home/dwmhr/pln/venv/lib/python3.10/site-packages/airflow/example_dags/example_setup_teardown_taskflow.py
[2025-08-07T15:52:54.242+0700] {logging_mixin.py:154} INFO - [2025-08-07T15:52:54.242+0700] {dag.py:2941} INFO - Sync 1 DAGs
[2025-08-07T15:52:54.296+0700] {logging_mixin.py:154} INFO - [2025-08-07T15:52:54.296+0700] {dag.py:3722} INFO - Setting next_dagrun for example_setup_teardown_taskflow to 2025-08-06T08:52:54.294822+00:00, run_after=2025-08-07T08:52:54.294822+00:00
[2025-08-07T15:52:54.452+0700] {processor.py:179} INFO - Processing /home/dwmhr/pln/venv/lib/python3.10/site-packages/airflow/example_dags/example_setup_teardown_taskflow.py took 0.310 seconds
[2025-08-07T15:54:25.920+0700] {processor.py:157} INFO - Started process (PID=116016) to work on /home/dwmhr/pln/venv/lib/python3.10/site-packages/airflow/example_dags/example_setup_teardown_taskflow.py
[2025-08-07T15:54:25.925+0700] {processor.py:829} INFO - Processing file /home/dwmhr/pln/venv/lib/python3.10/site-packages/airflow/example_dags/example_setup_teardown_taskflow.py for tasks to queue
[2025-08-07T15:54:25.927+0700] {logging_mixin.py:154} INFO - [2025-08-07T15:54:25.926+0700] {dagbag.py:536} INFO - Filling up the DagBag from /home/dwmhr/pln/venv/lib/python3.10/site-packages/airflow/example_dags/example_setup_teardown_taskflow.py
[2025-08-07T15:54:25.966+0700] {processor.py:839} INFO - DAG(s) dict_keys(['example_setup_teardown_taskflow']) retrieved from /home/dwmhr/pln/venv/lib/python3.10/site-packages/airflow/example_dags/example_setup_teardown_taskflow.py
[2025-08-07T15:54:26.016+0700] {logging_mixin.py:154} INFO - [2025-08-07T15:54:26.015+0700] {dag.py:2941} INFO - Sync 1 DAGs
[2025-08-07T15:54:26.102+0700] {logging_mixin.py:154} INFO - [2025-08-07T15:54:26.101+0700] {dag.py:3722} INFO - Setting next_dagrun for example_setup_teardown_taskflow to 2025-08-06T08:54:26.100858+00:00, run_after=2025-08-07T08:54:26.100858+00:00
[2025-08-07T15:54:26.157+0700] {processor.py:179} INFO - Processing /home/dwmhr/pln/venv/lib/python3.10/site-packages/airflow/example_dags/example_setup_teardown_taskflow.py took 0.246 seconds
[2025-08-07T15:55:45.676+0700] {processor.py:157} INFO - Started process (PID=116448) to work on /home/dwmhr/pln/venv/lib/python3.10/site-packages/airflow/example_dags/example_setup_teardown_taskflow.py
[2025-08-07T15:55:45.802+0700] {processor.py:829} INFO - Processing file /home/dwmhr/pln/venv/lib/python3.10/site-packages/airflow/example_dags/example_setup_teardown_taskflow.py for tasks to queue
[2025-08-07T15:55:45.808+0700] {logging_mixin.py:154} INFO - [2025-08-07T15:55:45.805+0700] {dagbag.py:536} INFO - Filling up the DagBag from /home/dwmhr/pln/venv/lib/python3.10/site-packages/airflow/example_dags/example_setup_teardown_taskflow.py
[2025-08-07T15:55:46.008+0700] {processor.py:839} INFO - DAG(s) dict_keys(['example_setup_teardown_taskflow']) retrieved from /home/dwmhr/pln/venv/lib/python3.10/site-packages/airflow/example_dags/example_setup_teardown_taskflow.py
[2025-08-07T15:55:46.650+0700] {logging_mixin.py:154} INFO - [2025-08-07T15:55:46.649+0700] {dag.py:2941} INFO - Sync 1 DAGs
[2025-08-07T15:55:46.980+0700] {logging_mixin.py:154} INFO - [2025-08-07T15:55:46.979+0700] {dag.py:3722} INFO - Setting next_dagrun for example_setup_teardown_taskflow to 2025-08-06T08:55:46.978034+00:00, run_after=2025-08-07T08:55:46.978034+00:00
[2025-08-07T15:55:47.280+0700] {processor.py:179} INFO - Processing /home/dwmhr/pln/venv/lib/python3.10/site-packages/airflow/example_dags/example_setup_teardown_taskflow.py took 1.656 seconds
[2025-08-07T15:56:59.483+0700] {processor.py:157} INFO - Started process (PID=116831) to work on /home/dwmhr/pln/venv/lib/python3.10/site-packages/airflow/example_dags/example_setup_teardown_taskflow.py
[2025-08-07T15:56:59.485+0700] {processor.py:829} INFO - Processing file /home/dwmhr/pln/venv/lib/python3.10/site-packages/airflow/example_dags/example_setup_teardown_taskflow.py for tasks to queue
[2025-08-07T15:56:59.487+0700] {logging_mixin.py:154} INFO - [2025-08-07T15:56:59.486+0700] {dagbag.py:536} INFO - Filling up the DagBag from /home/dwmhr/pln/venv/lib/python3.10/site-packages/airflow/example_dags/example_setup_teardown_taskflow.py
[2025-08-07T15:56:59.513+0700] {processor.py:839} INFO - DAG(s) dict_keys(['example_setup_teardown_taskflow']) retrieved from /home/dwmhr/pln/venv/lib/python3.10/site-packages/airflow/example_dags/example_setup_teardown_taskflow.py
[2025-08-07T15:56:59.564+0700] {logging_mixin.py:154} INFO - [2025-08-07T15:56:59.563+0700] {dag.py:2941} INFO - Sync 1 DAGs
[2025-08-07T15:56:59.621+0700] {logging_mixin.py:154} INFO - [2025-08-07T15:56:59.621+0700] {dag.py:3722} INFO - Setting next_dagrun for example_setup_teardown_taskflow to 2025-08-06T08:56:59.620634+00:00, run_after=2025-08-07T08:56:59.620634+00:00
[2025-08-07T15:56:59.676+0700] {processor.py:179} INFO - Processing /home/dwmhr/pln/venv/lib/python3.10/site-packages/airflow/example_dags/example_setup_teardown_taskflow.py took 0.200 seconds
[2025-08-07T15:58:31.619+0700] {processor.py:157} INFO - Started process (PID=117301) to work on /home/dwmhr/pln/venv/lib/python3.10/site-packages/airflow/example_dags/example_setup_teardown_taskflow.py
[2025-08-07T15:58:31.633+0700] {processor.py:829} INFO - Processing file /home/dwmhr/pln/venv/lib/python3.10/site-packages/airflow/example_dags/example_setup_teardown_taskflow.py for tasks to queue
[2025-08-07T15:58:31.637+0700] {logging_mixin.py:154} INFO - [2025-08-07T15:58:31.635+0700] {dagbag.py:536} INFO - Filling up the DagBag from /home/dwmhr/pln/venv/lib/python3.10/site-packages/airflow/example_dags/example_setup_teardown_taskflow.py
[2025-08-07T15:58:31.674+0700] {processor.py:839} INFO - DAG(s) dict_keys(['example_setup_teardown_taskflow']) retrieved from /home/dwmhr/pln/venv/lib/python3.10/site-packages/airflow/example_dags/example_setup_teardown_taskflow.py
[2025-08-07T15:58:31.727+0700] {logging_mixin.py:154} INFO - [2025-08-07T15:58:31.727+0700] {dag.py:2941} INFO - Sync 1 DAGs
[2025-08-07T15:58:31.791+0700] {logging_mixin.py:154} INFO - [2025-08-07T15:58:31.789+0700] {dag.py:3722} INFO - Setting next_dagrun for example_setup_teardown_taskflow to 2025-08-06T08:58:31.788908+00:00, run_after=2025-08-07T08:58:31.788908+00:00
[2025-08-07T15:58:31.861+0700] {processor.py:179} INFO - Processing /home/dwmhr/pln/venv/lib/python3.10/site-packages/airflow/example_dags/example_setup_teardown_taskflow.py took 0.257 seconds
[2025-08-07T15:59:50.526+0700] {processor.py:157} INFO - Started process (PID=117714) to work on /home/dwmhr/pln/venv/lib/python3.10/site-packages/airflow/example_dags/example_setup_teardown_taskflow.py
[2025-08-07T15:59:50.535+0700] {processor.py:829} INFO - Processing file /home/dwmhr/pln/venv/lib/python3.10/site-packages/airflow/example_dags/example_setup_teardown_taskflow.py for tasks to queue
[2025-08-07T15:59:50.551+0700] {logging_mixin.py:154} INFO - [2025-08-07T15:59:50.542+0700] {dagbag.py:536} INFO - Filling up the DagBag from /home/dwmhr/pln/venv/lib/python3.10/site-packages/airflow/example_dags/example_setup_teardown_taskflow.py
[2025-08-07T15:59:50.748+0700] {processor.py:839} INFO - DAG(s) dict_keys(['example_setup_teardown_taskflow']) retrieved from /home/dwmhr/pln/venv/lib/python3.10/site-packages/airflow/example_dags/example_setup_teardown_taskflow.py
[2025-08-07T15:59:51.009+0700] {logging_mixin.py:154} INFO - [2025-08-07T15:59:51.006+0700] {dag.py:2941} INFO - Sync 1 DAGs
[2025-08-07T15:59:51.284+0700] {logging_mixin.py:154} INFO - [2025-08-07T15:59:51.282+0700] {dag.py:3722} INFO - Setting next_dagrun for example_setup_teardown_taskflow to 2025-08-06T08:59:51.281545+00:00, run_after=2025-08-07T08:59:51.281545+00:00
[2025-08-07T15:59:51.474+0700] {processor.py:179} INFO - Processing /home/dwmhr/pln/venv/lib/python3.10/site-packages/airflow/example_dags/example_setup_teardown_taskflow.py took 0.981 seconds
[2025-08-07T16:00:40.928+0700] {processor.py:157} INFO - Started process (PID=117966) to work on /home/dwmhr/pln/venv/lib/python3.10/site-packages/airflow/example_dags/example_setup_teardown_taskflow.py
[2025-08-07T16:00:40.933+0700] {processor.py:829} INFO - Processing file /home/dwmhr/pln/venv/lib/python3.10/site-packages/airflow/example_dags/example_setup_teardown_taskflow.py for tasks to queue
[2025-08-07T16:00:40.935+0700] {logging_mixin.py:154} INFO - [2025-08-07T16:00:40.934+0700] {dagbag.py:536} INFO - Filling up the DagBag from /home/dwmhr/pln/venv/lib/python3.10/site-packages/airflow/example_dags/example_setup_teardown_taskflow.py
[2025-08-07T16:00:40.951+0700] {processor.py:839} INFO - DAG(s) dict_keys(['example_setup_teardown_taskflow']) retrieved from /home/dwmhr/pln/venv/lib/python3.10/site-packages/airflow/example_dags/example_setup_teardown_taskflow.py
[2025-08-07T16:00:40.980+0700] {logging_mixin.py:154} INFO - [2025-08-07T16:00:40.980+0700] {dag.py:2941} INFO - Sync 1 DAGs
[2025-08-07T16:00:41.008+0700] {logging_mixin.py:154} INFO - [2025-08-07T16:00:41.007+0700] {dag.py:3722} INFO - Setting next_dagrun for example_setup_teardown_taskflow to 2025-08-06T09:00:41.007557+00:00, run_after=2025-08-07T09:00:41.007557+00:00
[2025-08-07T16:00:41.052+0700] {processor.py:179} INFO - Processing /home/dwmhr/pln/venv/lib/python3.10/site-packages/airflow/example_dags/example_setup_teardown_taskflow.py took 0.130 seconds
[2025-08-07T16:02:07.418+0700] {processor.py:157} INFO - Started process (PID=118347) to work on /home/dwmhr/pln/venv/lib/python3.10/site-packages/airflow/example_dags/example_setup_teardown_taskflow.py
[2025-08-07T16:02:07.441+0700] {processor.py:829} INFO - Processing file /home/dwmhr/pln/venv/lib/python3.10/site-packages/airflow/example_dags/example_setup_teardown_taskflow.py for tasks to queue
[2025-08-07T16:02:07.459+0700] {logging_mixin.py:154} INFO - [2025-08-07T16:02:07.456+0700] {dagbag.py:536} INFO - Filling up the DagBag from /home/dwmhr/pln/venv/lib/python3.10/site-packages/airflow/example_dags/example_setup_teardown_taskflow.py
[2025-08-07T16:02:07.665+0700] {processor.py:839} INFO - DAG(s) dict_keys(['example_setup_teardown_taskflow']) retrieved from /home/dwmhr/pln/venv/lib/python3.10/site-packages/airflow/example_dags/example_setup_teardown_taskflow.py
[2025-08-07T16:02:08.252+0700] {logging_mixin.py:154} INFO - [2025-08-07T16:02:08.251+0700] {dag.py:2941} INFO - Sync 1 DAGs
[2025-08-07T16:02:08.552+0700] {logging_mixin.py:154} INFO - [2025-08-07T16:02:08.551+0700] {dag.py:3722} INFO - Setting next_dagrun for example_setup_teardown_taskflow to 2025-08-06T09:02:08.544773+00:00, run_after=2025-08-07T09:02:08.544773+00:00
[2025-08-07T16:02:09.347+0700] {processor.py:179} INFO - Processing /home/dwmhr/pln/venv/lib/python3.10/site-packages/airflow/example_dags/example_setup_teardown_taskflow.py took 1.988 seconds
[2025-08-07T16:03:42.665+0700] {processor.py:157} INFO - Started process (PID=118775) to work on /home/dwmhr/pln/venv/lib/python3.10/site-packages/airflow/example_dags/example_setup_teardown_taskflow.py
[2025-08-07T16:03:42.672+0700] {processor.py:829} INFO - Processing file /home/dwmhr/pln/venv/lib/python3.10/site-packages/airflow/example_dags/example_setup_teardown_taskflow.py for tasks to queue
[2025-08-07T16:03:42.677+0700] {logging_mixin.py:154} INFO - [2025-08-07T16:03:42.675+0700] {dagbag.py:536} INFO - Filling up the DagBag from /home/dwmhr/pln/venv/lib/python3.10/site-packages/airflow/example_dags/example_setup_teardown_taskflow.py
[2025-08-07T16:03:42.721+0700] {processor.py:839} INFO - DAG(s) dict_keys(['example_setup_teardown_taskflow']) retrieved from /home/dwmhr/pln/venv/lib/python3.10/site-packages/airflow/example_dags/example_setup_teardown_taskflow.py
[2025-08-07T16:03:42.820+0700] {logging_mixin.py:154} INFO - [2025-08-07T16:03:42.820+0700] {dag.py:2941} INFO - Sync 1 DAGs
[2025-08-07T16:03:42.873+0700] {logging_mixin.py:154} INFO - [2025-08-07T16:03:42.872+0700] {dag.py:3722} INFO - Setting next_dagrun for example_setup_teardown_taskflow to 2025-08-06T09:03:42.871925+00:00, run_after=2025-08-07T09:03:42.871925+00:00
[2025-08-07T16:03:42.945+0700] {processor.py:179} INFO - Processing /home/dwmhr/pln/venv/lib/python3.10/site-packages/airflow/example_dags/example_setup_teardown_taskflow.py took 0.296 seconds
[2025-08-07T16:04:52.652+0700] {processor.py:157} INFO - Started process (PID=119129) to work on /home/dwmhr/pln/venv/lib/python3.10/site-packages/airflow/example_dags/example_setup_teardown_taskflow.py
[2025-08-07T16:04:52.656+0700] {processor.py:829} INFO - Processing file /home/dwmhr/pln/venv/lib/python3.10/site-packages/airflow/example_dags/example_setup_teardown_taskflow.py for tasks to queue
[2025-08-07T16:04:52.659+0700] {logging_mixin.py:154} INFO - [2025-08-07T16:04:52.658+0700] {dagbag.py:536} INFO - Filling up the DagBag from /home/dwmhr/pln/venv/lib/python3.10/site-packages/airflow/example_dags/example_setup_teardown_taskflow.py
[2025-08-07T16:04:52.691+0700] {processor.py:839} INFO - DAG(s) dict_keys(['example_setup_teardown_taskflow']) retrieved from /home/dwmhr/pln/venv/lib/python3.10/site-packages/airflow/example_dags/example_setup_teardown_taskflow.py
[2025-08-07T16:04:52.788+0700] {logging_mixin.py:154} INFO - [2025-08-07T16:04:52.788+0700] {dag.py:2941} INFO - Sync 1 DAGs
[2025-08-07T16:04:52.874+0700] {logging_mixin.py:154} INFO - [2025-08-07T16:04:52.874+0700] {dag.py:3722} INFO - Setting next_dagrun for example_setup_teardown_taskflow to 2025-08-06T09:04:52.873104+00:00, run_after=2025-08-07T09:04:52.873104+00:00
[2025-08-07T16:04:52.983+0700] {processor.py:179} INFO - Processing /home/dwmhr/pln/venv/lib/python3.10/site-packages/airflow/example_dags/example_setup_teardown_taskflow.py took 0.342 seconds
[2025-08-07T16:05:41.926+0700] {processor.py:157} INFO - Started process (PID=119387) to work on /home/dwmhr/pln/venv/lib/python3.10/site-packages/airflow/example_dags/example_setup_teardown_taskflow.py
[2025-08-07T16:05:41.928+0700] {processor.py:829} INFO - Processing file /home/dwmhr/pln/venv/lib/python3.10/site-packages/airflow/example_dags/example_setup_teardown_taskflow.py for tasks to queue
[2025-08-07T16:05:41.930+0700] {logging_mixin.py:154} INFO - [2025-08-07T16:05:41.929+0700] {dagbag.py:536} INFO - Filling up the DagBag from /home/dwmhr/pln/venv/lib/python3.10/site-packages/airflow/example_dags/example_setup_teardown_taskflow.py
[2025-08-07T16:05:41.949+0700] {processor.py:839} INFO - DAG(s) dict_keys(['example_setup_teardown_taskflow']) retrieved from /home/dwmhr/pln/venv/lib/python3.10/site-packages/airflow/example_dags/example_setup_teardown_taskflow.py
[2025-08-07T16:05:41.981+0700] {logging_mixin.py:154} INFO - [2025-08-07T16:05:41.981+0700] {dag.py:2941} INFO - Sync 1 DAGs
[2025-08-07T16:05:42.008+0700] {logging_mixin.py:154} INFO - [2025-08-07T16:05:42.008+0700] {dag.py:3722} INFO - Setting next_dagrun for example_setup_teardown_taskflow to 2025-08-06T09:05:42.008168+00:00, run_after=2025-08-07T09:05:42.008168+00:00
[2025-08-07T16:05:42.049+0700] {processor.py:179} INFO - Processing /home/dwmhr/pln/venv/lib/python3.10/site-packages/airflow/example_dags/example_setup_teardown_taskflow.py took 0.128 seconds
[2025-08-07T16:07:11.456+0700] {processor.py:157} INFO - Started process (PID=119811) to work on /home/dwmhr/pln/venv/lib/python3.10/site-packages/airflow/example_dags/example_setup_teardown_taskflow.py
[2025-08-07T16:07:11.464+0700] {processor.py:829} INFO - Processing file /home/dwmhr/pln/venv/lib/python3.10/site-packages/airflow/example_dags/example_setup_teardown_taskflow.py for tasks to queue
[2025-08-07T16:07:11.465+0700] {logging_mixin.py:154} INFO - [2025-08-07T16:07:11.465+0700] {dagbag.py:536} INFO - Filling up the DagBag from /home/dwmhr/pln/venv/lib/python3.10/site-packages/airflow/example_dags/example_setup_teardown_taskflow.py
[2025-08-07T16:07:11.477+0700] {processor.py:839} INFO - DAG(s) dict_keys(['example_setup_teardown_taskflow']) retrieved from /home/dwmhr/pln/venv/lib/python3.10/site-packages/airflow/example_dags/example_setup_teardown_taskflow.py
[2025-08-07T16:07:11.493+0700] {logging_mixin.py:154} INFO - [2025-08-07T16:07:11.493+0700] {dag.py:2941} INFO - Sync 1 DAGs
[2025-08-07T16:07:11.506+0700] {logging_mixin.py:154} INFO - [2025-08-07T16:07:11.506+0700] {dag.py:3722} INFO - Setting next_dagrun for example_setup_teardown_taskflow to 2025-08-06T09:07:11.506145+00:00, run_after=2025-08-07T09:07:11.506145+00:00
[2025-08-07T16:07:11.527+0700] {processor.py:179} INFO - Processing /home/dwmhr/pln/venv/lib/python3.10/site-packages/airflow/example_dags/example_setup_teardown_taskflow.py took 0.074 seconds
[2025-08-07T16:08:35.893+0700] {processor.py:157} INFO - Started process (PID=120228) to work on /home/dwmhr/pln/venv/lib/python3.10/site-packages/airflow/example_dags/example_setup_teardown_taskflow.py
[2025-08-07T16:08:35.906+0700] {processor.py:829} INFO - Processing file /home/dwmhr/pln/venv/lib/python3.10/site-packages/airflow/example_dags/example_setup_teardown_taskflow.py for tasks to queue
[2025-08-07T16:08:35.911+0700] {logging_mixin.py:154} INFO - [2025-08-07T16:08:35.909+0700] {dagbag.py:536} INFO - Filling up the DagBag from /home/dwmhr/pln/venv/lib/python3.10/site-packages/airflow/example_dags/example_setup_teardown_taskflow.py
[2025-08-07T16:08:35.981+0700] {processor.py:839} INFO - DAG(s) dict_keys(['example_setup_teardown_taskflow']) retrieved from /home/dwmhr/pln/venv/lib/python3.10/site-packages/airflow/example_dags/example_setup_teardown_taskflow.py
[2025-08-07T16:08:36.059+0700] {logging_mixin.py:154} INFO - [2025-08-07T16:08:36.058+0700] {dag.py:2941} INFO - Sync 1 DAGs
[2025-08-07T16:08:36.121+0700] {logging_mixin.py:154} INFO - [2025-08-07T16:08:36.121+0700] {dag.py:3722} INFO - Setting next_dagrun for example_setup_teardown_taskflow to 2025-08-06T09:08:36.120323+00:00, run_after=2025-08-07T09:08:36.120323+00:00
[2025-08-07T16:08:36.202+0700] {processor.py:179} INFO - Processing /home/dwmhr/pln/venv/lib/python3.10/site-packages/airflow/example_dags/example_setup_teardown_taskflow.py took 0.333 seconds
[2025-08-07T16:09:46.493+0700] {processor.py:157} INFO - Started process (PID=120561) to work on /home/dwmhr/pln/venv/lib/python3.10/site-packages/airflow/example_dags/example_setup_teardown_taskflow.py
[2025-08-07T16:09:46.503+0700] {processor.py:829} INFO - Processing file /home/dwmhr/pln/venv/lib/python3.10/site-packages/airflow/example_dags/example_setup_teardown_taskflow.py for tasks to queue
[2025-08-07T16:09:46.512+0700] {logging_mixin.py:154} INFO - [2025-08-07T16:09:46.508+0700] {dagbag.py:536} INFO - Filling up the DagBag from /home/dwmhr/pln/venv/lib/python3.10/site-packages/airflow/example_dags/example_setup_teardown_taskflow.py
[2025-08-07T16:09:46.624+0700] {processor.py:839} INFO - DAG(s) dict_keys(['example_setup_teardown_taskflow']) retrieved from /home/dwmhr/pln/venv/lib/python3.10/site-packages/airflow/example_dags/example_setup_teardown_taskflow.py
[2025-08-07T16:09:46.756+0700] {logging_mixin.py:154} INFO - [2025-08-07T16:09:46.755+0700] {dag.py:2941} INFO - Sync 1 DAGs
[2025-08-07T16:09:46.878+0700] {logging_mixin.py:154} INFO - [2025-08-07T16:09:46.877+0700] {dag.py:3722} INFO - Setting next_dagrun for example_setup_teardown_taskflow to 2025-08-06T09:09:46.876426+00:00, run_after=2025-08-07T09:09:46.876426+00:00
[2025-08-07T16:09:47.024+0700] {processor.py:179} INFO - Processing /home/dwmhr/pln/venv/lib/python3.10/site-packages/airflow/example_dags/example_setup_teardown_taskflow.py took 0.567 seconds
[2025-08-07T16:10:46.877+0700] {processor.py:157} INFO - Started process (PID=120870) to work on /home/dwmhr/pln/venv/lib/python3.10/site-packages/airflow/example_dags/example_setup_teardown_taskflow.py
[2025-08-07T16:10:46.880+0700] {processor.py:829} INFO - Processing file /home/dwmhr/pln/venv/lib/python3.10/site-packages/airflow/example_dags/example_setup_teardown_taskflow.py for tasks to queue
[2025-08-07T16:10:46.882+0700] {logging_mixin.py:154} INFO - [2025-08-07T16:10:46.881+0700] {dagbag.py:536} INFO - Filling up the DagBag from /home/dwmhr/pln/venv/lib/python3.10/site-packages/airflow/example_dags/example_setup_teardown_taskflow.py
[2025-08-07T16:10:46.899+0700] {processor.py:839} INFO - DAG(s) dict_keys(['example_setup_teardown_taskflow']) retrieved from /home/dwmhr/pln/venv/lib/python3.10/site-packages/airflow/example_dags/example_setup_teardown_taskflow.py
[2025-08-07T16:10:46.929+0700] {logging_mixin.py:154} INFO - [2025-08-07T16:10:46.929+0700] {dag.py:2941} INFO - Sync 1 DAGs
[2025-08-07T16:10:46.958+0700] {logging_mixin.py:154} INFO - [2025-08-07T16:10:46.957+0700] {dag.py:3722} INFO - Setting next_dagrun for example_setup_teardown_taskflow to 2025-08-06T09:10:46.957123+00:00, run_after=2025-08-07T09:10:46.957123+00:00
[2025-08-07T16:10:47.002+0700] {processor.py:179} INFO - Processing /home/dwmhr/pln/venv/lib/python3.10/site-packages/airflow/example_dags/example_setup_teardown_taskflow.py took 0.131 seconds
[2025-08-07T16:11:35.864+0700] {processor.py:157} INFO - Started process (PID=121145) to work on /home/dwmhr/pln/venv/lib/python3.10/site-packages/airflow/example_dags/example_setup_teardown_taskflow.py
[2025-08-07T16:11:35.867+0700] {processor.py:829} INFO - Processing file /home/dwmhr/pln/venv/lib/python3.10/site-packages/airflow/example_dags/example_setup_teardown_taskflow.py for tasks to queue
[2025-08-07T16:11:35.869+0700] {logging_mixin.py:154} INFO - [2025-08-07T16:11:35.868+0700] {dagbag.py:536} INFO - Filling up the DagBag from /home/dwmhr/pln/venv/lib/python3.10/site-packages/airflow/example_dags/example_setup_teardown_taskflow.py
[2025-08-07T16:11:35.887+0700] {processor.py:839} INFO - DAG(s) dict_keys(['example_setup_teardown_taskflow']) retrieved from /home/dwmhr/pln/venv/lib/python3.10/site-packages/airflow/example_dags/example_setup_teardown_taskflow.py
[2025-08-07T16:11:35.920+0700] {logging_mixin.py:154} INFO - [2025-08-07T16:11:35.920+0700] {dag.py:2941} INFO - Sync 1 DAGs
[2025-08-07T16:11:35.952+0700] {logging_mixin.py:154} INFO - [2025-08-07T16:11:35.951+0700] {dag.py:3722} INFO - Setting next_dagrun for example_setup_teardown_taskflow to 2025-08-06T09:11:35.951342+00:00, run_after=2025-08-07T09:11:35.951342+00:00
[2025-08-07T16:11:36.008+0700] {processor.py:179} INFO - Processing /home/dwmhr/pln/venv/lib/python3.10/site-packages/airflow/example_dags/example_setup_teardown_taskflow.py took 0.151 seconds
[2025-08-07T16:12:24.767+0700] {processor.py:157} INFO - Started process (PID=121426) to work on /home/dwmhr/pln/venv/lib/python3.10/site-packages/airflow/example_dags/example_setup_teardown_taskflow.py
[2025-08-07T16:12:24.770+0700] {processor.py:829} INFO - Processing file /home/dwmhr/pln/venv/lib/python3.10/site-packages/airflow/example_dags/example_setup_teardown_taskflow.py for tasks to queue
[2025-08-07T16:12:24.772+0700] {logging_mixin.py:154} INFO - [2025-08-07T16:12:24.771+0700] {dagbag.py:536} INFO - Filling up the DagBag from /home/dwmhr/pln/venv/lib/python3.10/site-packages/airflow/example_dags/example_setup_teardown_taskflow.py
[2025-08-07T16:12:24.790+0700] {processor.py:839} INFO - DAG(s) dict_keys(['example_setup_teardown_taskflow']) retrieved from /home/dwmhr/pln/venv/lib/python3.10/site-packages/airflow/example_dags/example_setup_teardown_taskflow.py
[2025-08-07T16:12:24.825+0700] {logging_mixin.py:154} INFO - [2025-08-07T16:12:24.824+0700] {dag.py:2941} INFO - Sync 1 DAGs
[2025-08-07T16:12:24.860+0700] {logging_mixin.py:154} INFO - [2025-08-07T16:12:24.860+0700] {dag.py:3722} INFO - Setting next_dagrun for example_setup_teardown_taskflow to 2025-08-06T09:12:24.859617+00:00, run_after=2025-08-07T09:12:24.859617+00:00
[2025-08-07T16:12:24.905+0700] {processor.py:179} INFO - Processing /home/dwmhr/pln/venv/lib/python3.10/site-packages/airflow/example_dags/example_setup_teardown_taskflow.py took 0.144 seconds
[2025-08-07T16:13:12.775+0700] {processor.py:157} INFO - Started process (PID=121647) to work on /home/dwmhr/pln/venv/lib/python3.10/site-packages/airflow/example_dags/example_setup_teardown_taskflow.py
[2025-08-07T16:13:12.777+0700] {processor.py:829} INFO - Processing file /home/dwmhr/pln/venv/lib/python3.10/site-packages/airflow/example_dags/example_setup_teardown_taskflow.py for tasks to queue
[2025-08-07T16:13:12.779+0700] {logging_mixin.py:154} INFO - [2025-08-07T16:13:12.778+0700] {dagbag.py:536} INFO - Filling up the DagBag from /home/dwmhr/pln/venv/lib/python3.10/site-packages/airflow/example_dags/example_setup_teardown_taskflow.py
[2025-08-07T16:13:12.791+0700] {processor.py:839} INFO - DAG(s) dict_keys(['example_setup_teardown_taskflow']) retrieved from /home/dwmhr/pln/venv/lib/python3.10/site-packages/airflow/example_dags/example_setup_teardown_taskflow.py
[2025-08-07T16:13:12.818+0700] {logging_mixin.py:154} INFO - [2025-08-07T16:13:12.818+0700] {dag.py:2941} INFO - Sync 1 DAGs
[2025-08-07T16:13:12.843+0700] {logging_mixin.py:154} INFO - [2025-08-07T16:13:12.843+0700] {dag.py:3722} INFO - Setting next_dagrun for example_setup_teardown_taskflow to 2025-08-06T09:13:12.842636+00:00, run_after=2025-08-07T09:13:12.842636+00:00
[2025-08-07T16:13:12.873+0700] {processor.py:179} INFO - Processing /home/dwmhr/pln/venv/lib/python3.10/site-packages/airflow/example_dags/example_setup_teardown_taskflow.py took 0.104 seconds
[2025-08-07T16:14:00.898+0700] {processor.py:157} INFO - Started process (PID=121913) to work on /home/dwmhr/pln/venv/lib/python3.10/site-packages/airflow/example_dags/example_setup_teardown_taskflow.py
[2025-08-07T16:14:00.901+0700] {processor.py:829} INFO - Processing file /home/dwmhr/pln/venv/lib/python3.10/site-packages/airflow/example_dags/example_setup_teardown_taskflow.py for tasks to queue
[2025-08-07T16:14:00.904+0700] {logging_mixin.py:154} INFO - [2025-08-07T16:14:00.903+0700] {dagbag.py:536} INFO - Filling up the DagBag from /home/dwmhr/pln/venv/lib/python3.10/site-packages/airflow/example_dags/example_setup_teardown_taskflow.py
[2025-08-07T16:14:00.933+0700] {processor.py:839} INFO - DAG(s) dict_keys(['example_setup_teardown_taskflow']) retrieved from /home/dwmhr/pln/venv/lib/python3.10/site-packages/airflow/example_dags/example_setup_teardown_taskflow.py
[2025-08-07T16:14:00.997+0700] {logging_mixin.py:154} INFO - [2025-08-07T16:14:00.996+0700] {dag.py:2941} INFO - Sync 1 DAGs
[2025-08-07T16:14:01.052+0700] {logging_mixin.py:154} INFO - [2025-08-07T16:14:01.051+0700] {dag.py:3722} INFO - Setting next_dagrun for example_setup_teardown_taskflow to 2025-08-06T09:14:01.050377+00:00, run_after=2025-08-07T09:14:01.050377+00:00
[2025-08-07T16:14:01.157+0700] {processor.py:179} INFO - Processing /home/dwmhr/pln/venv/lib/python3.10/site-packages/airflow/example_dags/example_setup_teardown_taskflow.py took 0.267 seconds
[2025-08-07T16:15:02.419+0700] {processor.py:157} INFO - Started process (PID=122219) to work on /home/dwmhr/pln/venv/lib/python3.10/site-packages/airflow/example_dags/example_setup_teardown_taskflow.py
[2025-08-07T16:15:02.425+0700] {processor.py:829} INFO - Processing file /home/dwmhr/pln/venv/lib/python3.10/site-packages/airflow/example_dags/example_setup_teardown_taskflow.py for tasks to queue
[2025-08-07T16:15:02.431+0700] {logging_mixin.py:154} INFO - [2025-08-07T16:15:02.429+0700] {dagbag.py:536} INFO - Filling up the DagBag from /home/dwmhr/pln/venv/lib/python3.10/site-packages/airflow/example_dags/example_setup_teardown_taskflow.py
[2025-08-07T16:15:02.483+0700] {processor.py:839} INFO - DAG(s) dict_keys(['example_setup_teardown_taskflow']) retrieved from /home/dwmhr/pln/venv/lib/python3.10/site-packages/airflow/example_dags/example_setup_teardown_taskflow.py
[2025-08-07T16:15:02.585+0700] {logging_mixin.py:154} INFO - [2025-08-07T16:15:02.584+0700] {dag.py:2941} INFO - Sync 1 DAGs
[2025-08-07T16:15:02.698+0700] {logging_mixin.py:154} INFO - [2025-08-07T16:15:02.698+0700] {dag.py:3722} INFO - Setting next_dagrun for example_setup_teardown_taskflow to 2025-08-06T09:15:02.696937+00:00, run_after=2025-08-07T09:15:02.696937+00:00
[2025-08-07T16:15:02.939+0700] {processor.py:179} INFO - Processing /home/dwmhr/pln/venv/lib/python3.10/site-packages/airflow/example_dags/example_setup_teardown_taskflow.py took 0.540 seconds
[2025-08-07T16:16:17.431+0700] {processor.py:157} INFO - Started process (PID=122620) to work on /home/dwmhr/pln/venv/lib/python3.10/site-packages/airflow/example_dags/example_setup_teardown_taskflow.py
[2025-08-07T16:16:17.434+0700] {processor.py:829} INFO - Processing file /home/dwmhr/pln/venv/lib/python3.10/site-packages/airflow/example_dags/example_setup_teardown_taskflow.py for tasks to queue
[2025-08-07T16:16:17.439+0700] {logging_mixin.py:154} INFO - [2025-08-07T16:16:17.438+0700] {dagbag.py:536} INFO - Filling up the DagBag from /home/dwmhr/pln/venv/lib/python3.10/site-packages/airflow/example_dags/example_setup_teardown_taskflow.py
[2025-08-07T16:16:17.458+0700] {processor.py:839} INFO - DAG(s) dict_keys(['example_setup_teardown_taskflow']) retrieved from /home/dwmhr/pln/venv/lib/python3.10/site-packages/airflow/example_dags/example_setup_teardown_taskflow.py
[2025-08-07T16:16:17.498+0700] {logging_mixin.py:154} INFO - [2025-08-07T16:16:17.497+0700] {dag.py:2941} INFO - Sync 1 DAGs
[2025-08-07T16:16:17.541+0700] {logging_mixin.py:154} INFO - [2025-08-07T16:16:17.540+0700] {dag.py:3722} INFO - Setting next_dagrun for example_setup_teardown_taskflow to 2025-08-06T09:16:17.540256+00:00, run_after=2025-08-07T09:16:17.540256+00:00
[2025-08-07T16:16:17.599+0700] {processor.py:179} INFO - Processing /home/dwmhr/pln/venv/lib/python3.10/site-packages/airflow/example_dags/example_setup_teardown_taskflow.py took 0.178 seconds
[2025-08-07T16:17:13.756+0700] {processor.py:157} INFO - Started process (PID=122910) to work on /home/dwmhr/pln/venv/lib/python3.10/site-packages/airflow/example_dags/example_setup_teardown_taskflow.py
[2025-08-07T16:17:13.760+0700] {processor.py:829} INFO - Processing file /home/dwmhr/pln/venv/lib/python3.10/site-packages/airflow/example_dags/example_setup_teardown_taskflow.py for tasks to queue
[2025-08-07T16:17:13.762+0700] {logging_mixin.py:154} INFO - [2025-08-07T16:17:13.761+0700] {dagbag.py:536} INFO - Filling up the DagBag from /home/dwmhr/pln/venv/lib/python3.10/site-packages/airflow/example_dags/example_setup_teardown_taskflow.py
[2025-08-07T16:17:13.784+0700] {processor.py:839} INFO - DAG(s) dict_keys(['example_setup_teardown_taskflow']) retrieved from /home/dwmhr/pln/venv/lib/python3.10/site-packages/airflow/example_dags/example_setup_teardown_taskflow.py
[2025-08-07T16:17:13.830+0700] {logging_mixin.py:154} INFO - [2025-08-07T16:17:13.829+0700] {dag.py:2941} INFO - Sync 1 DAGs
[2025-08-07T16:17:13.870+0700] {logging_mixin.py:154} INFO - [2025-08-07T16:17:13.870+0700] {dag.py:3722} INFO - Setting next_dagrun for example_setup_teardown_taskflow to 2025-08-06T09:17:13.869475+00:00, run_after=2025-08-07T09:17:13.869475+00:00
[2025-08-07T16:17:13.931+0700] {processor.py:179} INFO - Processing /home/dwmhr/pln/venv/lib/python3.10/site-packages/airflow/example_dags/example_setup_teardown_taskflow.py took 0.183 seconds
[2025-08-07T16:18:22.065+0700] {processor.py:157} INFO - Started process (PID=123232) to work on /home/dwmhr/pln/venv/lib/python3.10/site-packages/airflow/example_dags/example_setup_teardown_taskflow.py
[2025-08-07T16:18:22.073+0700] {processor.py:829} INFO - Processing file /home/dwmhr/pln/venv/lib/python3.10/site-packages/airflow/example_dags/example_setup_teardown_taskflow.py for tasks to queue
[2025-08-07T16:18:22.079+0700] {logging_mixin.py:154} INFO - [2025-08-07T16:18:22.076+0700] {dagbag.py:536} INFO - Filling up the DagBag from /home/dwmhr/pln/venv/lib/python3.10/site-packages/airflow/example_dags/example_setup_teardown_taskflow.py
[2025-08-07T16:18:22.171+0700] {processor.py:839} INFO - DAG(s) dict_keys(['example_setup_teardown_taskflow']) retrieved from /home/dwmhr/pln/venv/lib/python3.10/site-packages/airflow/example_dags/example_setup_teardown_taskflow.py
[2025-08-07T16:18:22.379+0700] {logging_mixin.py:154} INFO - [2025-08-07T16:18:22.379+0700] {dag.py:2941} INFO - Sync 1 DAGs
[2025-08-07T16:18:22.474+0700] {logging_mixin.py:154} INFO - [2025-08-07T16:18:22.474+0700] {dag.py:3722} INFO - Setting next_dagrun for example_setup_teardown_taskflow to 2025-08-06T09:18:22.473508+00:00, run_after=2025-08-07T09:18:22.473508+00:00
[2025-08-07T16:18:22.533+0700] {processor.py:179} INFO - Processing /home/dwmhr/pln/venv/lib/python3.10/site-packages/airflow/example_dags/example_setup_teardown_taskflow.py took 0.500 seconds
[2025-08-07T16:19:09.517+0700] {processor.py:157} INFO - Started process (PID=123461) to work on /home/dwmhr/pln/venv/lib/python3.10/site-packages/airflow/example_dags/example_setup_teardown_taskflow.py
[2025-08-07T16:19:09.524+0700] {processor.py:829} INFO - Processing file /home/dwmhr/pln/venv/lib/python3.10/site-packages/airflow/example_dags/example_setup_teardown_taskflow.py for tasks to queue
[2025-08-07T16:19:09.530+0700] {logging_mixin.py:154} INFO - [2025-08-07T16:19:09.528+0700] {dagbag.py:536} INFO - Filling up the DagBag from /home/dwmhr/pln/venv/lib/python3.10/site-packages/airflow/example_dags/example_setup_teardown_taskflow.py
[2025-08-07T16:19:09.572+0700] {processor.py:839} INFO - DAG(s) dict_keys(['example_setup_teardown_taskflow']) retrieved from /home/dwmhr/pln/venv/lib/python3.10/site-packages/airflow/example_dags/example_setup_teardown_taskflow.py
[2025-08-07T16:19:09.658+0700] {logging_mixin.py:154} INFO - [2025-08-07T16:19:09.657+0700] {dag.py:2941} INFO - Sync 1 DAGs
[2025-08-07T16:19:09.758+0700] {logging_mixin.py:154} INFO - [2025-08-07T16:19:09.757+0700] {dag.py:3722} INFO - Setting next_dagrun for example_setup_teardown_taskflow to 2025-08-06T09:19:09.755570+00:00, run_after=2025-08-07T09:19:09.755570+00:00
[2025-08-07T16:19:09.858+0700] {processor.py:179} INFO - Processing /home/dwmhr/pln/venv/lib/python3.10/site-packages/airflow/example_dags/example_setup_teardown_taskflow.py took 0.359 seconds
[2025-08-07T16:26:50.466+0700] {processor.py:157} INFO - Started process (PID=125418) to work on /home/dwmhr/pln/venv/lib/python3.10/site-packages/airflow/example_dags/example_setup_teardown_taskflow.py
[2025-08-07T16:26:50.474+0700] {processor.py:829} INFO - Processing file /home/dwmhr/pln/venv/lib/python3.10/site-packages/airflow/example_dags/example_setup_teardown_taskflow.py for tasks to queue
[2025-08-07T16:26:50.477+0700] {logging_mixin.py:154} INFO - [2025-08-07T16:26:50.476+0700] {dagbag.py:536} INFO - Filling up the DagBag from /home/dwmhr/pln/venv/lib/python3.10/site-packages/airflow/example_dags/example_setup_teardown_taskflow.py
[2025-08-07T16:26:50.526+0700] {processor.py:839} INFO - DAG(s) dict_keys(['example_setup_teardown_taskflow']) retrieved from /home/dwmhr/pln/venv/lib/python3.10/site-packages/airflow/example_dags/example_setup_teardown_taskflow.py
[2025-08-07T16:26:50.667+0700] {logging_mixin.py:154} INFO - [2025-08-07T16:26:50.666+0700] {dag.py:2941} INFO - Sync 1 DAGs
[2025-08-07T16:26:50.765+0700] {logging_mixin.py:154} INFO - [2025-08-07T16:26:50.764+0700] {dag.py:3722} INFO - Setting next_dagrun for example_setup_teardown_taskflow to 2025-08-06T09:26:50.763565+00:00, run_after=2025-08-07T09:26:50.763565+00:00
[2025-08-07T16:26:50.858+0700] {processor.py:179} INFO - Processing /home/dwmhr/pln/venv/lib/python3.10/site-packages/airflow/example_dags/example_setup_teardown_taskflow.py took 0.408 seconds
[2025-08-07T16:27:44.952+0700] {processor.py:157} INFO - Started process (PID=125678) to work on /home/dwmhr/pln/venv/lib/python3.10/site-packages/airflow/example_dags/example_setup_teardown_taskflow.py
[2025-08-07T16:27:44.954+0700] {processor.py:829} INFO - Processing file /home/dwmhr/pln/venv/lib/python3.10/site-packages/airflow/example_dags/example_setup_teardown_taskflow.py for tasks to queue
[2025-08-07T16:27:44.955+0700] {logging_mixin.py:154} INFO - [2025-08-07T16:27:44.955+0700] {dagbag.py:536} INFO - Filling up the DagBag from /home/dwmhr/pln/venv/lib/python3.10/site-packages/airflow/example_dags/example_setup_teardown_taskflow.py
[2025-08-07T16:27:44.965+0700] {processor.py:839} INFO - DAG(s) dict_keys(['example_setup_teardown_taskflow']) retrieved from /home/dwmhr/pln/venv/lib/python3.10/site-packages/airflow/example_dags/example_setup_teardown_taskflow.py
[2025-08-07T16:27:44.984+0700] {logging_mixin.py:154} INFO - [2025-08-07T16:27:44.984+0700] {dag.py:2941} INFO - Sync 1 DAGs
[2025-08-07T16:27:45.001+0700] {logging_mixin.py:154} INFO - [2025-08-07T16:27:45.000+0700] {dag.py:3722} INFO - Setting next_dagrun for example_setup_teardown_taskflow to 2025-08-06T09:27:45.000718+00:00, run_after=2025-08-07T09:27:45.000718+00:00
[2025-08-07T16:27:45.025+0700] {processor.py:179} INFO - Processing /home/dwmhr/pln/venv/lib/python3.10/site-packages/airflow/example_dags/example_setup_teardown_taskflow.py took 0.076 seconds
[2025-08-07T16:28:28.130+0700] {processor.py:157} INFO - Started process (PID=125862) to work on /home/dwmhr/pln/venv/lib/python3.10/site-packages/airflow/example_dags/example_setup_teardown_taskflow.py
[2025-08-07T16:28:28.133+0700] {processor.py:829} INFO - Processing file /home/dwmhr/pln/venv/lib/python3.10/site-packages/airflow/example_dags/example_setup_teardown_taskflow.py for tasks to queue
[2025-08-07T16:28:28.136+0700] {logging_mixin.py:154} INFO - [2025-08-07T16:28:28.135+0700] {dagbag.py:536} INFO - Filling up the DagBag from /home/dwmhr/pln/venv/lib/python3.10/site-packages/airflow/example_dags/example_setup_teardown_taskflow.py
[2025-08-07T16:28:28.159+0700] {processor.py:839} INFO - DAG(s) dict_keys(['example_setup_teardown_taskflow']) retrieved from /home/dwmhr/pln/venv/lib/python3.10/site-packages/airflow/example_dags/example_setup_teardown_taskflow.py
[2025-08-07T16:28:28.213+0700] {logging_mixin.py:154} INFO - [2025-08-07T16:28:28.212+0700] {dag.py:2941} INFO - Sync 1 DAGs
[2025-08-07T16:28:28.267+0700] {logging_mixin.py:154} INFO - [2025-08-07T16:28:28.267+0700] {dag.py:3722} INFO - Setting next_dagrun for example_setup_teardown_taskflow to 2025-08-06T09:28:28.266822+00:00, run_after=2025-08-07T09:28:28.266822+00:00
[2025-08-07T16:28:28.331+0700] {processor.py:179} INFO - Processing /home/dwmhr/pln/venv/lib/python3.10/site-packages/airflow/example_dags/example_setup_teardown_taskflow.py took 0.210 seconds
[2025-08-07T16:29:09.996+0700] {processor.py:157} INFO - Started process (PID=126081) to work on /home/dwmhr/pln/venv/lib/python3.10/site-packages/airflow/example_dags/example_setup_teardown_taskflow.py
[2025-08-07T16:29:09.999+0700] {processor.py:829} INFO - Processing file /home/dwmhr/pln/venv/lib/python3.10/site-packages/airflow/example_dags/example_setup_teardown_taskflow.py for tasks to queue
[2025-08-07T16:29:10.001+0700] {logging_mixin.py:154} INFO - [2025-08-07T16:29:10.000+0700] {dagbag.py:536} INFO - Filling up the DagBag from /home/dwmhr/pln/venv/lib/python3.10/site-packages/airflow/example_dags/example_setup_teardown_taskflow.py
[2025-08-07T16:29:10.022+0700] {processor.py:839} INFO - DAG(s) dict_keys(['example_setup_teardown_taskflow']) retrieved from /home/dwmhr/pln/venv/lib/python3.10/site-packages/airflow/example_dags/example_setup_teardown_taskflow.py
[2025-08-07T16:29:10.056+0700] {logging_mixin.py:154} INFO - [2025-08-07T16:29:10.056+0700] {dag.py:2941} INFO - Sync 1 DAGs
[2025-08-07T16:29:10.089+0700] {logging_mixin.py:154} INFO - [2025-08-07T16:29:10.088+0700] {dag.py:3722} INFO - Setting next_dagrun for example_setup_teardown_taskflow to 2025-08-06T09:29:10.088372+00:00, run_after=2025-08-07T09:29:10.088372+00:00
[2025-08-07T16:29:10.322+0700] {processor.py:179} INFO - Processing /home/dwmhr/pln/venv/lib/python3.10/site-packages/airflow/example_dags/example_setup_teardown_taskflow.py took 0.333 seconds
[2025-08-07T16:30:08.371+0700] {processor.py:157} INFO - Started process (PID=126368) to work on /home/dwmhr/pln/venv/lib/python3.10/site-packages/airflow/example_dags/example_setup_teardown_taskflow.py
[2025-08-07T16:30:08.374+0700] {processor.py:829} INFO - Processing file /home/dwmhr/pln/venv/lib/python3.10/site-packages/airflow/example_dags/example_setup_teardown_taskflow.py for tasks to queue
[2025-08-07T16:30:08.377+0700] {logging_mixin.py:154} INFO - [2025-08-07T16:30:08.376+0700] {dagbag.py:536} INFO - Filling up the DagBag from /home/dwmhr/pln/venv/lib/python3.10/site-packages/airflow/example_dags/example_setup_teardown_taskflow.py
[2025-08-07T16:30:08.411+0700] {processor.py:839} INFO - DAG(s) dict_keys(['example_setup_teardown_taskflow']) retrieved from /home/dwmhr/pln/venv/lib/python3.10/site-packages/airflow/example_dags/example_setup_teardown_taskflow.py
[2025-08-07T16:30:08.502+0700] {logging_mixin.py:154} INFO - [2025-08-07T16:30:08.501+0700] {dag.py:2941} INFO - Sync 1 DAGs
[2025-08-07T16:30:08.579+0700] {logging_mixin.py:154} INFO - [2025-08-07T16:30:08.578+0700] {dag.py:3722} INFO - Setting next_dagrun for example_setup_teardown_taskflow to 2025-08-06T09:30:08.576575+00:00, run_after=2025-08-07T09:30:08.576575+00:00
[2025-08-07T16:30:08.686+0700] {processor.py:179} INFO - Processing /home/dwmhr/pln/venv/lib/python3.10/site-packages/airflow/example_dags/example_setup_teardown_taskflow.py took 0.327 seconds
[2025-08-07T16:31:01.157+0700] {processor.py:157} INFO - Started process (PID=126613) to work on /home/dwmhr/pln/venv/lib/python3.10/site-packages/airflow/example_dags/example_setup_teardown_taskflow.py
[2025-08-07T16:31:01.159+0700] {processor.py:829} INFO - Processing file /home/dwmhr/pln/venv/lib/python3.10/site-packages/airflow/example_dags/example_setup_teardown_taskflow.py for tasks to queue
[2025-08-07T16:31:01.160+0700] {logging_mixin.py:154} INFO - [2025-08-07T16:31:01.160+0700] {dagbag.py:536} INFO - Filling up the DagBag from /home/dwmhr/pln/venv/lib/python3.10/site-packages/airflow/example_dags/example_setup_teardown_taskflow.py
[2025-08-07T16:31:01.176+0700] {processor.py:839} INFO - DAG(s) dict_keys(['example_setup_teardown_taskflow']) retrieved from /home/dwmhr/pln/venv/lib/python3.10/site-packages/airflow/example_dags/example_setup_teardown_taskflow.py
[2025-08-07T16:31:01.206+0700] {logging_mixin.py:154} INFO - [2025-08-07T16:31:01.206+0700] {dag.py:2941} INFO - Sync 1 DAGs
[2025-08-07T16:31:01.233+0700] {logging_mixin.py:154} INFO - [2025-08-07T16:31:01.233+0700] {dag.py:3722} INFO - Setting next_dagrun for example_setup_teardown_taskflow to 2025-08-06T09:31:01.232621+00:00, run_after=2025-08-07T09:31:01.232621+00:00
[2025-08-07T16:31:01.270+0700] {processor.py:179} INFO - Processing /home/dwmhr/pln/venv/lib/python3.10/site-packages/airflow/example_dags/example_setup_teardown_taskflow.py took 0.119 seconds
[2025-08-07T16:32:23.360+0700] {processor.py:157} INFO - Started process (PID=126995) to work on /home/dwmhr/pln/venv/lib/python3.10/site-packages/airflow/example_dags/example_setup_teardown_taskflow.py
[2025-08-07T16:32:23.378+0700] {processor.py:829} INFO - Processing file /home/dwmhr/pln/venv/lib/python3.10/site-packages/airflow/example_dags/example_setup_teardown_taskflow.py for tasks to queue
[2025-08-07T16:32:23.392+0700] {logging_mixin.py:154} INFO - [2025-08-07T16:32:23.389+0700] {dagbag.py:536} INFO - Filling up the DagBag from /home/dwmhr/pln/venv/lib/python3.10/site-packages/airflow/example_dags/example_setup_teardown_taskflow.py
[2025-08-07T16:32:23.509+0700] {processor.py:839} INFO - DAG(s) dict_keys(['example_setup_teardown_taskflow']) retrieved from /home/dwmhr/pln/venv/lib/python3.10/site-packages/airflow/example_dags/example_setup_teardown_taskflow.py
[2025-08-07T16:32:23.781+0700] {logging_mixin.py:154} INFO - [2025-08-07T16:32:23.770+0700] {dag.py:2941} INFO - Sync 1 DAGs
[2025-08-07T16:32:24.117+0700] {logging_mixin.py:154} INFO - [2025-08-07T16:32:24.116+0700] {dag.py:3722} INFO - Setting next_dagrun for example_setup_teardown_taskflow to 2025-08-06T09:32:24.101164+00:00, run_after=2025-08-07T09:32:24.101164+00:00
[2025-08-07T16:32:24.512+0700] {processor.py:179} INFO - Processing /home/dwmhr/pln/venv/lib/python3.10/site-packages/airflow/example_dags/example_setup_teardown_taskflow.py took 1.219 seconds
[2025-08-07T16:33:31.385+0700] {processor.py:157} INFO - Started process (PID=127243) to work on /home/dwmhr/pln/venv/lib/python3.10/site-packages/airflow/example_dags/example_setup_teardown_taskflow.py
[2025-08-07T16:33:31.401+0700] {processor.py:829} INFO - Processing file /home/dwmhr/pln/venv/lib/python3.10/site-packages/airflow/example_dags/example_setup_teardown_taskflow.py for tasks to queue
[2025-08-07T16:33:31.407+0700] {logging_mixin.py:154} INFO - [2025-08-07T16:33:31.405+0700] {dagbag.py:536} INFO - Filling up the DagBag from /home/dwmhr/pln/venv/lib/python3.10/site-packages/airflow/example_dags/example_setup_teardown_taskflow.py
[2025-08-07T16:33:31.559+0700] {processor.py:839} INFO - DAG(s) dict_keys(['example_setup_teardown_taskflow']) retrieved from /home/dwmhr/pln/venv/lib/python3.10/site-packages/airflow/example_dags/example_setup_teardown_taskflow.py
[2025-08-07T16:33:31.922+0700] {logging_mixin.py:154} INFO - [2025-08-07T16:33:31.921+0700] {dag.py:2941} INFO - Sync 1 DAGs
[2025-08-07T16:33:32.373+0700] {logging_mixin.py:154} INFO - [2025-08-07T16:33:32.370+0700] {dag.py:3722} INFO - Setting next_dagrun for example_setup_teardown_taskflow to 2025-08-06T09:33:32.368622+00:00, run_after=2025-08-07T09:33:32.368622+00:00
[2025-08-07T16:33:31.965+0700] {processor.py:179} INFO - Processing /home/dwmhr/pln/venv/lib/python3.10/site-packages/airflow/example_dags/example_setup_teardown_taskflow.py took 1.846 seconds
[2025-08-07T16:34:22.934+0700] {processor.py:157} INFO - Started process (PID=127471) to work on /home/dwmhr/pln/venv/lib/python3.10/site-packages/airflow/example_dags/example_setup_teardown_taskflow.py
[2025-08-07T16:34:22.946+0700] {processor.py:829} INFO - Processing file /home/dwmhr/pln/venv/lib/python3.10/site-packages/airflow/example_dags/example_setup_teardown_taskflow.py for tasks to queue
[2025-08-07T16:34:22.952+0700] {logging_mixin.py:154} INFO - [2025-08-07T16:34:22.949+0700] {dagbag.py:536} INFO - Filling up the DagBag from /home/dwmhr/pln/venv/lib/python3.10/site-packages/airflow/example_dags/example_setup_teardown_taskflow.py
[2025-08-07T16:34:23.083+0700] {processor.py:839} INFO - DAG(s) dict_keys(['example_setup_teardown_taskflow']) retrieved from /home/dwmhr/pln/venv/lib/python3.10/site-packages/airflow/example_dags/example_setup_teardown_taskflow.py
[2025-08-07T16:34:23.313+0700] {logging_mixin.py:154} INFO - [2025-08-07T16:34:23.312+0700] {dag.py:2941} INFO - Sync 1 DAGs
[2025-08-07T16:34:23.492+0700] {logging_mixin.py:154} INFO - [2025-08-07T16:34:23.491+0700] {dag.py:3722} INFO - Setting next_dagrun for example_setup_teardown_taskflow to 2025-08-06T09:34:23.488100+00:00, run_after=2025-08-07T09:34:23.488100+00:00
[2025-08-07T16:34:23.667+0700] {processor.py:179} INFO - Processing /home/dwmhr/pln/venv/lib/python3.10/site-packages/airflow/example_dags/example_setup_teardown_taskflow.py took 0.764 seconds
[2025-08-07T16:35:20.010+0700] {processor.py:157} INFO - Started process (PID=127713) to work on /home/dwmhr/pln/venv/lib/python3.10/site-packages/airflow/example_dags/example_setup_teardown_taskflow.py
[2025-08-07T16:35:20.013+0700] {processor.py:829} INFO - Processing file /home/dwmhr/pln/venv/lib/python3.10/site-packages/airflow/example_dags/example_setup_teardown_taskflow.py for tasks to queue
[2025-08-07T16:35:20.015+0700] {logging_mixin.py:154} INFO - [2025-08-07T16:35:20.014+0700] {dagbag.py:536} INFO - Filling up the DagBag from /home/dwmhr/pln/venv/lib/python3.10/site-packages/airflow/example_dags/example_setup_teardown_taskflow.py
[2025-08-07T16:35:20.033+0700] {processor.py:839} INFO - DAG(s) dict_keys(['example_setup_teardown_taskflow']) retrieved from /home/dwmhr/pln/venv/lib/python3.10/site-packages/airflow/example_dags/example_setup_teardown_taskflow.py
[2025-08-07T16:35:20.069+0700] {logging_mixin.py:154} INFO - [2025-08-07T16:35:20.069+0700] {dag.py:2941} INFO - Sync 1 DAGs
[2025-08-07T16:35:20.104+0700] {logging_mixin.py:154} INFO - [2025-08-07T16:35:20.103+0700] {dag.py:3722} INFO - Setting next_dagrun for example_setup_teardown_taskflow to 2025-08-06T09:35:20.103249+00:00, run_after=2025-08-07T09:35:20.103249+00:00
[2025-08-07T16:35:20.147+0700] {processor.py:179} INFO - Processing /home/dwmhr/pln/venv/lib/python3.10/site-packages/airflow/example_dags/example_setup_teardown_taskflow.py took 0.144 seconds
[2025-08-07T16:36:05.558+0700] {processor.py:157} INFO - Started process (PID=127907) to work on /home/dwmhr/pln/venv/lib/python3.10/site-packages/airflow/example_dags/example_setup_teardown_taskflow.py
[2025-08-07T16:36:05.559+0700] {processor.py:829} INFO - Processing file /home/dwmhr/pln/venv/lib/python3.10/site-packages/airflow/example_dags/example_setup_teardown_taskflow.py for tasks to queue
[2025-08-07T16:36:05.560+0700] {logging_mixin.py:154} INFO - [2025-08-07T16:36:05.560+0700] {dagbag.py:536} INFO - Filling up the DagBag from /home/dwmhr/pln/venv/lib/python3.10/site-packages/airflow/example_dags/example_setup_teardown_taskflow.py
[2025-08-07T16:36:05.570+0700] {processor.py:839} INFO - DAG(s) dict_keys(['example_setup_teardown_taskflow']) retrieved from /home/dwmhr/pln/venv/lib/python3.10/site-packages/airflow/example_dags/example_setup_teardown_taskflow.py
[2025-08-07T16:36:05.589+0700] {logging_mixin.py:154} INFO - [2025-08-07T16:36:05.589+0700] {dag.py:2941} INFO - Sync 1 DAGs
[2025-08-07T16:36:05.607+0700] {logging_mixin.py:154} INFO - [2025-08-07T16:36:05.606+0700] {dag.py:3722} INFO - Setting next_dagrun for example_setup_teardown_taskflow to 2025-08-06T09:36:05.606699+00:00, run_after=2025-08-07T09:36:05.606699+00:00
[2025-08-07T16:36:05.631+0700] {processor.py:179} INFO - Processing /home/dwmhr/pln/venv/lib/python3.10/site-packages/airflow/example_dags/example_setup_teardown_taskflow.py took 0.077 seconds
[2025-08-07T16:36:41.500+0700] {processor.py:157} INFO - Started process (PID=128080) to work on /home/dwmhr/pln/venv/lib/python3.10/site-packages/airflow/example_dags/example_setup_teardown_taskflow.py
[2025-08-07T16:36:41.503+0700] {processor.py:829} INFO - Processing file /home/dwmhr/pln/venv/lib/python3.10/site-packages/airflow/example_dags/example_setup_teardown_taskflow.py for tasks to queue
[2025-08-07T16:36:41.504+0700] {logging_mixin.py:154} INFO - [2025-08-07T16:36:41.504+0700] {dagbag.py:536} INFO - Filling up the DagBag from /home/dwmhr/pln/venv/lib/python3.10/site-packages/airflow/example_dags/example_setup_teardown_taskflow.py
[2025-08-07T16:36:41.514+0700] {processor.py:839} INFO - DAG(s) dict_keys(['example_setup_teardown_taskflow']) retrieved from /home/dwmhr/pln/venv/lib/python3.10/site-packages/airflow/example_dags/example_setup_teardown_taskflow.py
[2025-08-07T16:36:41.533+0700] {logging_mixin.py:154} INFO - [2025-08-07T16:36:41.533+0700] {dag.py:2941} INFO - Sync 1 DAGs
[2025-08-07T16:36:41.552+0700] {logging_mixin.py:154} INFO - [2025-08-07T16:36:41.551+0700] {dag.py:3722} INFO - Setting next_dagrun for example_setup_teardown_taskflow to 2025-08-06T09:36:41.551526+00:00, run_after=2025-08-07T09:36:41.551526+00:00
[2025-08-07T16:36:41.574+0700] {processor.py:179} INFO - Processing /home/dwmhr/pln/venv/lib/python3.10/site-packages/airflow/example_dags/example_setup_teardown_taskflow.py took 0.077 seconds
[2025-08-07T16:37:25.224+0700] {processor.py:157} INFO - Started process (PID=128228) to work on /home/dwmhr/pln/venv/lib/python3.10/site-packages/airflow/example_dags/example_setup_teardown_taskflow.py
[2025-08-07T16:37:25.234+0700] {processor.py:829} INFO - Processing file /home/dwmhr/pln/venv/lib/python3.10/site-packages/airflow/example_dags/example_setup_teardown_taskflow.py for tasks to queue
[2025-08-07T16:37:25.236+0700] {logging_mixin.py:154} INFO - [2025-08-07T16:37:25.235+0700] {dagbag.py:536} INFO - Filling up the DagBag from /home/dwmhr/pln/venv/lib/python3.10/site-packages/airflow/example_dags/example_setup_teardown_taskflow.py
[2025-08-07T16:37:25.258+0700] {processor.py:839} INFO - DAG(s) dict_keys(['example_setup_teardown_taskflow']) retrieved from /home/dwmhr/pln/venv/lib/python3.10/site-packages/airflow/example_dags/example_setup_teardown_taskflow.py
[2025-08-07T16:37:25.302+0700] {logging_mixin.py:154} INFO - [2025-08-07T16:37:25.302+0700] {dag.py:2941} INFO - Sync 1 DAGs
[2025-08-07T16:37:25.342+0700] {logging_mixin.py:154} INFO - [2025-08-07T16:37:25.341+0700] {dag.py:3722} INFO - Setting next_dagrun for example_setup_teardown_taskflow to 2025-08-06T09:37:25.341430+00:00, run_after=2025-08-07T09:37:25.341430+00:00
[2025-08-07T16:37:25.400+0700] {processor.py:179} INFO - Processing /home/dwmhr/pln/venv/lib/python3.10/site-packages/airflow/example_dags/example_setup_teardown_taskflow.py took 0.185 seconds
[2025-08-07T16:38:28.469+0700] {processor.py:157} INFO - Started process (PID=128509) to work on /home/dwmhr/pln/venv/lib/python3.10/site-packages/airflow/example_dags/example_setup_teardown_taskflow.py
[2025-08-07T16:38:28.474+0700] {processor.py:829} INFO - Processing file /home/dwmhr/pln/venv/lib/python3.10/site-packages/airflow/example_dags/example_setup_teardown_taskflow.py for tasks to queue
[2025-08-07T16:38:28.479+0700] {logging_mixin.py:154} INFO - [2025-08-07T16:38:28.477+0700] {dagbag.py:536} INFO - Filling up the DagBag from /home/dwmhr/pln/venv/lib/python3.10/site-packages/airflow/example_dags/example_setup_teardown_taskflow.py
[2025-08-07T16:38:28.535+0700] {processor.py:839} INFO - DAG(s) dict_keys(['example_setup_teardown_taskflow']) retrieved from /home/dwmhr/pln/venv/lib/python3.10/site-packages/airflow/example_dags/example_setup_teardown_taskflow.py
[2025-08-07T16:38:28.635+0700] {logging_mixin.py:154} INFO - [2025-08-07T16:38:28.635+0700] {dag.py:2941} INFO - Sync 1 DAGs
[2025-08-07T16:38:28.714+0700] {logging_mixin.py:154} INFO - [2025-08-07T16:38:28.713+0700] {dag.py:3722} INFO - Setting next_dagrun for example_setup_teardown_taskflow to 2025-08-06T09:38:28.712848+00:00, run_after=2025-08-07T09:38:28.712848+00:00
[2025-08-07T16:38:28.816+0700] {processor.py:179} INFO - Processing /home/dwmhr/pln/venv/lib/python3.10/site-packages/airflow/example_dags/example_setup_teardown_taskflow.py took 0.361 seconds
[2025-08-07T16:39:21.198+0700] {processor.py:157} INFO - Started process (PID=128710) to work on /home/dwmhr/pln/venv/lib/python3.10/site-packages/airflow/example_dags/example_setup_teardown_taskflow.py
[2025-08-07T16:39:21.201+0700] {processor.py:829} INFO - Processing file /home/dwmhr/pln/venv/lib/python3.10/site-packages/airflow/example_dags/example_setup_teardown_taskflow.py for tasks to queue
[2025-08-07T16:39:21.202+0700] {logging_mixin.py:154} INFO - [2025-08-07T16:39:21.202+0700] {dagbag.py:536} INFO - Filling up the DagBag from /home/dwmhr/pln/venv/lib/python3.10/site-packages/airflow/example_dags/example_setup_teardown_taskflow.py
[2025-08-07T16:39:21.219+0700] {processor.py:839} INFO - DAG(s) dict_keys(['example_setup_teardown_taskflow']) retrieved from /home/dwmhr/pln/venv/lib/python3.10/site-packages/airflow/example_dags/example_setup_teardown_taskflow.py
[2025-08-07T16:39:21.257+0700] {logging_mixin.py:154} INFO - [2025-08-07T16:39:21.256+0700] {dag.py:2941} INFO - Sync 1 DAGs
[2025-08-07T16:39:21.308+0700] {logging_mixin.py:154} INFO - [2025-08-07T16:39:21.306+0700] {dag.py:3722} INFO - Setting next_dagrun for example_setup_teardown_taskflow to 2025-08-06T09:39:21.306108+00:00, run_after=2025-08-07T09:39:21.306108+00:00
[2025-08-07T16:39:21.355+0700] {processor.py:179} INFO - Processing /home/dwmhr/pln/venv/lib/python3.10/site-packages/airflow/example_dags/example_setup_teardown_taskflow.py took 0.163 seconds
[2025-08-07T16:40:34.401+0700] {processor.py:157} INFO - Started process (PID=128989) to work on /home/dwmhr/pln/venv/lib/python3.10/site-packages/airflow/example_dags/example_setup_teardown_taskflow.py
[2025-08-07T16:40:34.405+0700] {processor.py:829} INFO - Processing file /home/dwmhr/pln/venv/lib/python3.10/site-packages/airflow/example_dags/example_setup_teardown_taskflow.py for tasks to queue
[2025-08-07T16:40:34.407+0700] {logging_mixin.py:154} INFO - [2025-08-07T16:40:34.406+0700] {dagbag.py:536} INFO - Filling up the DagBag from /home/dwmhr/pln/venv/lib/python3.10/site-packages/airflow/example_dags/example_setup_teardown_taskflow.py
[2025-08-07T16:40:34.436+0700] {processor.py:839} INFO - DAG(s) dict_keys(['example_setup_teardown_taskflow']) retrieved from /home/dwmhr/pln/venv/lib/python3.10/site-packages/airflow/example_dags/example_setup_teardown_taskflow.py
[2025-08-07T16:40:34.487+0700] {logging_mixin.py:154} INFO - [2025-08-07T16:40:34.486+0700] {dag.py:2941} INFO - Sync 1 DAGs
[2025-08-07T16:40:34.533+0700] {logging_mixin.py:154} INFO - [2025-08-07T16:40:34.532+0700] {dag.py:3722} INFO - Setting next_dagrun for example_setup_teardown_taskflow to 2025-08-06T09:40:34.532167+00:00, run_after=2025-08-07T09:40:34.532167+00:00
[2025-08-07T16:40:34.597+0700] {processor.py:179} INFO - Processing /home/dwmhr/pln/venv/lib/python3.10/site-packages/airflow/example_dags/example_setup_teardown_taskflow.py took 0.206 seconds
[2025-08-07T16:41:29.004+0700] {processor.py:157} INFO - Started process (PID=129241) to work on /home/dwmhr/pln/venv/lib/python3.10/site-packages/airflow/example_dags/example_setup_teardown_taskflow.py
[2025-08-07T16:41:29.007+0700] {processor.py:829} INFO - Processing file /home/dwmhr/pln/venv/lib/python3.10/site-packages/airflow/example_dags/example_setup_teardown_taskflow.py for tasks to queue
[2025-08-07T16:41:29.009+0700] {logging_mixin.py:154} INFO - [2025-08-07T16:41:29.008+0700] {dagbag.py:536} INFO - Filling up the DagBag from /home/dwmhr/pln/venv/lib/python3.10/site-packages/airflow/example_dags/example_setup_teardown_taskflow.py
[2025-08-07T16:41:29.022+0700] {processor.py:839} INFO - DAG(s) dict_keys(['example_setup_teardown_taskflow']) retrieved from /home/dwmhr/pln/venv/lib/python3.10/site-packages/airflow/example_dags/example_setup_teardown_taskflow.py
[2025-08-07T16:41:29.047+0700] {logging_mixin.py:154} INFO - [2025-08-07T16:41:29.047+0700] {dag.py:2941} INFO - Sync 1 DAGs
[2025-08-07T16:41:29.070+0700] {logging_mixin.py:154} INFO - [2025-08-07T16:41:29.069+0700] {dag.py:3722} INFO - Setting next_dagrun for example_setup_teardown_taskflow to 2025-08-06T09:41:29.069492+00:00, run_after=2025-08-07T09:41:29.069492+00:00
[2025-08-07T16:41:29.112+0700] {processor.py:179} INFO - Processing /home/dwmhr/pln/venv/lib/python3.10/site-packages/airflow/example_dags/example_setup_teardown_taskflow.py took 0.113 seconds
[2025-08-07T16:42:15.893+0700] {processor.py:157} INFO - Started process (PID=129427) to work on /home/dwmhr/pln/venv/lib/python3.10/site-packages/airflow/example_dags/example_setup_teardown_taskflow.py
[2025-08-07T16:42:15.896+0700] {processor.py:829} INFO - Processing file /home/dwmhr/pln/venv/lib/python3.10/site-packages/airflow/example_dags/example_setup_teardown_taskflow.py for tasks to queue
[2025-08-07T16:42:15.898+0700] {logging_mixin.py:154} INFO - [2025-08-07T16:42:15.897+0700] {dagbag.py:536} INFO - Filling up the DagBag from /home/dwmhr/pln/venv/lib/python3.10/site-packages/airflow/example_dags/example_setup_teardown_taskflow.py
[2025-08-07T16:42:15.917+0700] {processor.py:839} INFO - DAG(s) dict_keys(['example_setup_teardown_taskflow']) retrieved from /home/dwmhr/pln/venv/lib/python3.10/site-packages/airflow/example_dags/example_setup_teardown_taskflow.py
[2025-08-07T16:42:15.958+0700] {logging_mixin.py:154} INFO - [2025-08-07T16:42:15.958+0700] {dag.py:2941} INFO - Sync 1 DAGs
[2025-08-07T16:42:16.020+0700] {logging_mixin.py:154} INFO - [2025-08-07T16:42:16.020+0700] {dag.py:3722} INFO - Setting next_dagrun for example_setup_teardown_taskflow to 2025-08-06T09:42:16.019278+00:00, run_after=2025-08-07T09:42:16.019278+00:00
[2025-08-07T16:42:16.107+0700] {processor.py:179} INFO - Processing /home/dwmhr/pln/venv/lib/python3.10/site-packages/airflow/example_dags/example_setup_teardown_taskflow.py took 0.221 seconds
[2025-08-07T16:43:04.693+0700] {processor.py:157} INFO - Started process (PID=129640) to work on /home/dwmhr/pln/venv/lib/python3.10/site-packages/airflow/example_dags/example_setup_teardown_taskflow.py
[2025-08-07T16:43:04.702+0700] {processor.py:829} INFO - Processing file /home/dwmhr/pln/venv/lib/python3.10/site-packages/airflow/example_dags/example_setup_teardown_taskflow.py for tasks to queue
[2025-08-07T16:43:04.710+0700] {logging_mixin.py:154} INFO - [2025-08-07T16:43:04.708+0700] {dagbag.py:536} INFO - Filling up the DagBag from /home/dwmhr/pln/venv/lib/python3.10/site-packages/airflow/example_dags/example_setup_teardown_taskflow.py
[2025-08-07T16:43:04.815+0700] {processor.py:839} INFO - DAG(s) dict_keys(['example_setup_teardown_taskflow']) retrieved from /home/dwmhr/pln/venv/lib/python3.10/site-packages/airflow/example_dags/example_setup_teardown_taskflow.py
[2025-08-07T16:43:04.913+0700] {logging_mixin.py:154} INFO - [2025-08-07T16:43:04.912+0700] {dag.py:2941} INFO - Sync 1 DAGs
[2025-08-07T16:43:04.984+0700] {logging_mixin.py:154} INFO - [2025-08-07T16:43:04.984+0700] {dag.py:3722} INFO - Setting next_dagrun for example_setup_teardown_taskflow to 2025-08-06T09:43:04.983100+00:00, run_after=2025-08-07T09:43:04.983100+00:00
[2025-08-07T16:43:05.074+0700] {processor.py:179} INFO - Processing /home/dwmhr/pln/venv/lib/python3.10/site-packages/airflow/example_dags/example_setup_teardown_taskflow.py took 0.400 seconds
[2025-08-07T16:43:44.015+0700] {processor.py:157} INFO - Started process (PID=129808) to work on /home/dwmhr/pln/venv/lib/python3.10/site-packages/airflow/example_dags/example_setup_teardown_taskflow.py
[2025-08-07T16:43:44.018+0700] {processor.py:829} INFO - Processing file /home/dwmhr/pln/venv/lib/python3.10/site-packages/airflow/example_dags/example_setup_teardown_taskflow.py for tasks to queue
[2025-08-07T16:43:44.020+0700] {logging_mixin.py:154} INFO - [2025-08-07T16:43:44.020+0700] {dagbag.py:536} INFO - Filling up the DagBag from /home/dwmhr/pln/venv/lib/python3.10/site-packages/airflow/example_dags/example_setup_teardown_taskflow.py
[2025-08-07T16:43:44.047+0700] {processor.py:839} INFO - DAG(s) dict_keys(['example_setup_teardown_taskflow']) retrieved from /home/dwmhr/pln/venv/lib/python3.10/site-packages/airflow/example_dags/example_setup_teardown_taskflow.py
[2025-08-07T16:43:44.109+0700] {logging_mixin.py:154} INFO - [2025-08-07T16:43:44.108+0700] {dag.py:2941} INFO - Sync 1 DAGs
[2025-08-07T16:43:44.162+0700] {logging_mixin.py:154} INFO - [2025-08-07T16:43:44.161+0700] {dag.py:3722} INFO - Setting next_dagrun for example_setup_teardown_taskflow to 2025-08-06T09:43:44.161010+00:00, run_after=2025-08-07T09:43:44.161010+00:00
[2025-08-07T16:43:44.236+0700] {processor.py:179} INFO - Processing /home/dwmhr/pln/venv/lib/python3.10/site-packages/airflow/example_dags/example_setup_teardown_taskflow.py took 0.234 seconds
[2025-08-07T16:44:28.631+0700] {processor.py:157} INFO - Started process (PID=129987) to work on /home/dwmhr/pln/venv/lib/python3.10/site-packages/airflow/example_dags/example_setup_teardown_taskflow.py
[2025-08-07T16:44:28.633+0700] {processor.py:829} INFO - Processing file /home/dwmhr/pln/venv/lib/python3.10/site-packages/airflow/example_dags/example_setup_teardown_taskflow.py for tasks to queue
[2025-08-07T16:44:28.635+0700] {logging_mixin.py:154} INFO - [2025-08-07T16:44:28.634+0700] {dagbag.py:536} INFO - Filling up the DagBag from /home/dwmhr/pln/venv/lib/python3.10/site-packages/airflow/example_dags/example_setup_teardown_taskflow.py
[2025-08-07T16:44:28.644+0700] {processor.py:839} INFO - DAG(s) dict_keys(['example_setup_teardown_taskflow']) retrieved from /home/dwmhr/pln/venv/lib/python3.10/site-packages/airflow/example_dags/example_setup_teardown_taskflow.py
[2025-08-07T16:44:28.663+0700] {logging_mixin.py:154} INFO - [2025-08-07T16:44:28.663+0700] {dag.py:2941} INFO - Sync 1 DAGs
[2025-08-07T16:44:28.678+0700] {logging_mixin.py:154} INFO - [2025-08-07T16:44:28.678+0700] {dag.py:3722} INFO - Setting next_dagrun for example_setup_teardown_taskflow to 2025-08-06T09:44:28.678419+00:00, run_after=2025-08-07T09:44:28.678419+00:00
[2025-08-07T16:44:28.696+0700] {processor.py:179} INFO - Processing /home/dwmhr/pln/venv/lib/python3.10/site-packages/airflow/example_dags/example_setup_teardown_taskflow.py took 0.069 seconds
[2025-08-07T16:45:07.840+0700] {processor.py:157} INFO - Started process (PID=130174) to work on /home/dwmhr/pln/venv/lib/python3.10/site-packages/airflow/example_dags/example_setup_teardown_taskflow.py
[2025-08-07T16:45:07.842+0700] {processor.py:829} INFO - Processing file /home/dwmhr/pln/venv/lib/python3.10/site-packages/airflow/example_dags/example_setup_teardown_taskflow.py for tasks to queue
[2025-08-07T16:45:07.843+0700] {logging_mixin.py:154} INFO - [2025-08-07T16:45:07.843+0700] {dagbag.py:536} INFO - Filling up the DagBag from /home/dwmhr/pln/venv/lib/python3.10/site-packages/airflow/example_dags/example_setup_teardown_taskflow.py
[2025-08-07T16:45:07.850+0700] {processor.py:839} INFO - DAG(s) dict_keys(['example_setup_teardown_taskflow']) retrieved from /home/dwmhr/pln/venv/lib/python3.10/site-packages/airflow/example_dags/example_setup_teardown_taskflow.py
[2025-08-07T16:45:07.864+0700] {logging_mixin.py:154} INFO - [2025-08-07T16:45:07.864+0700] {dag.py:2941} INFO - Sync 1 DAGs
[2025-08-07T16:45:07.879+0700] {logging_mixin.py:154} INFO - [2025-08-07T16:45:07.878+0700] {dag.py:3722} INFO - Setting next_dagrun for example_setup_teardown_taskflow to 2025-08-06T09:45:07.878609+00:00, run_after=2025-08-07T09:45:07.878609+00:00
[2025-08-07T16:45:07.896+0700] {processor.py:179} INFO - Processing /home/dwmhr/pln/venv/lib/python3.10/site-packages/airflow/example_dags/example_setup_teardown_taskflow.py took 0.066 seconds
[2025-08-07T16:45:51.635+0700] {processor.py:157} INFO - Started process (PID=130380) to work on /home/dwmhr/pln/venv/lib/python3.10/site-packages/airflow/example_dags/example_setup_teardown_taskflow.py
[2025-08-07T16:45:51.636+0700] {processor.py:829} INFO - Processing file /home/dwmhr/pln/venv/lib/python3.10/site-packages/airflow/example_dags/example_setup_teardown_taskflow.py for tasks to queue
[2025-08-07T16:45:51.637+0700] {logging_mixin.py:154} INFO - [2025-08-07T16:45:51.637+0700] {dagbag.py:536} INFO - Filling up the DagBag from /home/dwmhr/pln/venv/lib/python3.10/site-packages/airflow/example_dags/example_setup_teardown_taskflow.py
[2025-08-07T16:45:51.644+0700] {processor.py:839} INFO - DAG(s) dict_keys(['example_setup_teardown_taskflow']) retrieved from /home/dwmhr/pln/venv/lib/python3.10/site-packages/airflow/example_dags/example_setup_teardown_taskflow.py
[2025-08-07T16:45:51.659+0700] {logging_mixin.py:154} INFO - [2025-08-07T16:45:51.659+0700] {dag.py:2941} INFO - Sync 1 DAGs
[2025-08-07T16:45:51.672+0700] {logging_mixin.py:154} INFO - [2025-08-07T16:45:51.672+0700] {dag.py:3722} INFO - Setting next_dagrun for example_setup_teardown_taskflow to 2025-08-06T09:45:51.671983+00:00, run_after=2025-08-07T09:45:51.671983+00:00
[2025-08-07T16:45:51.691+0700] {processor.py:179} INFO - Processing /home/dwmhr/pln/venv/lib/python3.10/site-packages/airflow/example_dags/example_setup_teardown_taskflow.py took 0.059 seconds
[2025-08-07T16:46:57.451+0700] {processor.py:157} INFO - Started process (PID=130667) to work on /home/dwmhr/pln/venv/lib/python3.10/site-packages/airflow/example_dags/example_setup_teardown_taskflow.py
[2025-08-07T16:46:57.455+0700] {processor.py:829} INFO - Processing file /home/dwmhr/pln/venv/lib/python3.10/site-packages/airflow/example_dags/example_setup_teardown_taskflow.py for tasks to queue
[2025-08-07T16:46:57.456+0700] {logging_mixin.py:154} INFO - [2025-08-07T16:46:57.456+0700] {dagbag.py:536} INFO - Filling up the DagBag from /home/dwmhr/pln/venv/lib/python3.10/site-packages/airflow/example_dags/example_setup_teardown_taskflow.py
[2025-08-07T16:46:57.466+0700] {processor.py:839} INFO - DAG(s) dict_keys(['example_setup_teardown_taskflow']) retrieved from /home/dwmhr/pln/venv/lib/python3.10/site-packages/airflow/example_dags/example_setup_teardown_taskflow.py
[2025-08-07T16:46:57.484+0700] {logging_mixin.py:154} INFO - [2025-08-07T16:46:57.484+0700] {dag.py:2941} INFO - Sync 1 DAGs
[2025-08-07T16:46:57.502+0700] {logging_mixin.py:154} INFO - [2025-08-07T16:46:57.501+0700] {dag.py:3722} INFO - Setting next_dagrun for example_setup_teardown_taskflow to 2025-08-06T09:46:57.501557+00:00, run_after=2025-08-07T09:46:57.501557+00:00
[2025-08-07T16:46:57.524+0700] {processor.py:179} INFO - Processing /home/dwmhr/pln/venv/lib/python3.10/site-packages/airflow/example_dags/example_setup_teardown_taskflow.py took 0.076 seconds
[2025-08-07T16:47:47.641+0700] {processor.py:157} INFO - Started process (PID=130876) to work on /home/dwmhr/pln/venv/lib/python3.10/site-packages/airflow/example_dags/example_setup_teardown_taskflow.py
[2025-08-07T16:47:47.654+0700] {processor.py:829} INFO - Processing file /home/dwmhr/pln/venv/lib/python3.10/site-packages/airflow/example_dags/example_setup_teardown_taskflow.py for tasks to queue
[2025-08-07T16:47:47.655+0700] {logging_mixin.py:154} INFO - [2025-08-07T16:47:47.654+0700] {dagbag.py:536} INFO - Filling up the DagBag from /home/dwmhr/pln/venv/lib/python3.10/site-packages/airflow/example_dags/example_setup_teardown_taskflow.py
[2025-08-07T16:47:47.666+0700] {processor.py:839} INFO - DAG(s) dict_keys(['example_setup_teardown_taskflow']) retrieved from /home/dwmhr/pln/venv/lib/python3.10/site-packages/airflow/example_dags/example_setup_teardown_taskflow.py
[2025-08-07T16:47:47.685+0700] {logging_mixin.py:154} INFO - [2025-08-07T16:47:47.684+0700] {dag.py:2941} INFO - Sync 1 DAGs
[2025-08-07T16:47:47.702+0700] {logging_mixin.py:154} INFO - [2025-08-07T16:47:47.701+0700] {dag.py:3722} INFO - Setting next_dagrun for example_setup_teardown_taskflow to 2025-08-06T09:47:47.701537+00:00, run_after=2025-08-07T09:47:47.701537+00:00
[2025-08-07T16:47:47.724+0700] {processor.py:179} INFO - Processing /home/dwmhr/pln/venv/lib/python3.10/site-packages/airflow/example_dags/example_setup_teardown_taskflow.py took 0.087 seconds
[2025-08-07T16:48:45.761+0700] {processor.py:157} INFO - Started process (PID=131123) to work on /home/dwmhr/pln/venv/lib/python3.10/site-packages/airflow/example_dags/example_setup_teardown_taskflow.py
[2025-08-07T16:48:45.774+0700] {processor.py:829} INFO - Processing file /home/dwmhr/pln/venv/lib/python3.10/site-packages/airflow/example_dags/example_setup_teardown_taskflow.py for tasks to queue
[2025-08-07T16:48:45.775+0700] {logging_mixin.py:154} INFO - [2025-08-07T16:48:45.775+0700] {dagbag.py:536} INFO - Filling up the DagBag from /home/dwmhr/pln/venv/lib/python3.10/site-packages/airflow/example_dags/example_setup_teardown_taskflow.py
[2025-08-07T16:48:45.782+0700] {processor.py:839} INFO - DAG(s) dict_keys(['example_setup_teardown_taskflow']) retrieved from /home/dwmhr/pln/venv/lib/python3.10/site-packages/airflow/example_dags/example_setup_teardown_taskflow.py
[2025-08-07T16:48:45.795+0700] {logging_mixin.py:154} INFO - [2025-08-07T16:48:45.795+0700] {dag.py:2941} INFO - Sync 1 DAGs
[2025-08-07T16:48:45.807+0700] {logging_mixin.py:154} INFO - [2025-08-07T16:48:45.807+0700] {dag.py:3722} INFO - Setting next_dagrun for example_setup_teardown_taskflow to 2025-08-06T09:48:45.806765+00:00, run_after=2025-08-07T09:48:45.806765+00:00
[2025-08-07T16:48:45.826+0700] {processor.py:179} INFO - Processing /home/dwmhr/pln/venv/lib/python3.10/site-packages/airflow/example_dags/example_setup_teardown_taskflow.py took 0.067 seconds
[2025-08-07T16:49:29.900+0700] {processor.py:157} INFO - Started process (PID=131311) to work on /home/dwmhr/pln/venv/lib/python3.10/site-packages/airflow/example_dags/example_setup_teardown_taskflow.py
[2025-08-07T16:49:29.908+0700] {processor.py:829} INFO - Processing file /home/dwmhr/pln/venv/lib/python3.10/site-packages/airflow/example_dags/example_setup_teardown_taskflow.py for tasks to queue
[2025-08-07T16:49:29.915+0700] {logging_mixin.py:154} INFO - [2025-08-07T16:49:29.912+0700] {dagbag.py:536} INFO - Filling up the DagBag from /home/dwmhr/pln/venv/lib/python3.10/site-packages/airflow/example_dags/example_setup_teardown_taskflow.py
[2025-08-07T16:49:29.989+0700] {processor.py:839} INFO - DAG(s) dict_keys(['example_setup_teardown_taskflow']) retrieved from /home/dwmhr/pln/venv/lib/python3.10/site-packages/airflow/example_dags/example_setup_teardown_taskflow.py
[2025-08-07T16:49:30.102+0700] {logging_mixin.py:154} INFO - [2025-08-07T16:49:30.100+0700] {dag.py:2941} INFO - Sync 1 DAGs
[2025-08-07T16:49:30.203+0700] {logging_mixin.py:154} INFO - [2025-08-07T16:49:30.202+0700] {dag.py:3722} INFO - Setting next_dagrun for example_setup_teardown_taskflow to 2025-08-06T09:49:30.201912+00:00, run_after=2025-08-07T09:49:30.201912+00:00
[2025-08-07T16:49:30.303+0700] {processor.py:179} INFO - Processing /home/dwmhr/pln/venv/lib/python3.10/site-packages/airflow/example_dags/example_setup_teardown_taskflow.py took 0.425 seconds
