[2025-08-07T15:46:00.782+0700] {processor.py:157} INFO - Started process (PID=113490) to work on /home/dwmhr/pln/venv/lib/python3.10/site-packages/airflow/example_dags/example_branch_datetime_operator.py
[2025-08-07T15:46:00.785+0700] {processor.py:829} INFO - Processing file /home/dwmhr/pln/venv/lib/python3.10/site-packages/airflow/example_dags/example_branch_datetime_operator.py for tasks to queue
[2025-08-07T15:46:00.787+0700] {logging_mixin.py:154} INFO - [2025-08-07T15:46:00.786+0700] {dagbag.py:536} INFO - Filling up the DagBag from /home/dwmhr/pln/venv/lib/python3.10/site-packages/airflow/example_dags/example_branch_datetime_operator.py
[2025-08-07T15:46:00.812+0700] {processor.py:839} INFO - DAG(s) dict_keys(['example_branch_datetime_operator_2', 'example_branch_datetime_operator', 'example_branch_datetime_operator_3']) retrieved from /home/dwmhr/pln/venv/lib/python3.10/site-packages/airflow/example_dags/example_branch_datetime_operator.py
[2025-08-07T15:46:01.066+0700] {logging_mixin.py:154} INFO - [2025-08-07T15:46:01.065+0700] {manager.py:499} INFO - Created Permission View: %s
[2025-08-07T15:46:01.101+0700] {logging_mixin.py:154} INFO - [2025-08-07T15:46:01.101+0700] {manager.py:499} INFO - Created Permission View: %s
[2025-08-07T15:46:01.126+0700] {logging_mixin.py:154} INFO - [2025-08-07T15:46:01.125+0700] {manager.py:499} INFO - Created Permission View: %s
[2025-08-07T15:46:01.167+0700] {logging_mixin.py:154} INFO - [2025-08-07T15:46:01.166+0700] {manager.py:499} INFO - Created Permission View: %s
[2025-08-07T15:46:01.191+0700] {logging_mixin.py:154} INFO - [2025-08-07T15:46:01.191+0700] {manager.py:499} INFO - Created Permission View: %s
[2025-08-07T15:46:01.210+0700] {logging_mixin.py:154} INFO - [2025-08-07T15:46:01.210+0700] {manager.py:499} INFO - Created Permission View: %s
[2025-08-07T15:46:01.251+0700] {logging_mixin.py:154} INFO - [2025-08-07T15:46:01.251+0700] {manager.py:499} INFO - Created Permission View: %s
[2025-08-07T15:46:01.273+0700] {logging_mixin.py:154} INFO - [2025-08-07T15:46:01.273+0700] {manager.py:499} INFO - Created Permission View: %s
[2025-08-07T15:46:01.292+0700] {logging_mixin.py:154} INFO - [2025-08-07T15:46:01.292+0700] {manager.py:499} INFO - Created Permission View: %s
[2025-08-07T15:46:01.293+0700] {logging_mixin.py:154} INFO - [2025-08-07T15:46:01.293+0700] {dag.py:2941} INFO - Sync 3 DAGs
[2025-08-07T15:46:01.318+0700] {logging_mixin.py:154} INFO - [2025-08-07T15:46:01.318+0700] {dag.py:2963} INFO - Creating ORM DAG for example_branch_datetime_operator
[2025-08-07T15:46:01.320+0700] {logging_mixin.py:154} INFO - [2025-08-07T15:46:01.319+0700] {dag.py:2963} INFO - Creating ORM DAG for example_branch_datetime_operator_3
[2025-08-07T15:46:01.321+0700] {logging_mixin.py:154} INFO - [2025-08-07T15:46:01.320+0700] {dag.py:2963} INFO - Creating ORM DAG for example_branch_datetime_operator_2
[2025-08-07T15:46:01.342+0700] {logging_mixin.py:154} INFO - [2025-08-07T15:46:01.342+0700] {dag.py:3722} INFO - Setting next_dagrun for example_branch_datetime_operator to 2025-08-06T00:00:00+00:00, run_after=2025-08-07T00:00:00+00:00
[2025-08-07T15:46:01.347+0700] {logging_mixin.py:154} INFO - [2025-08-07T15:46:01.346+0700] {dag.py:3722} INFO - Setting next_dagrun for example_branch_datetime_operator_2 to 2025-08-06T00:00:00+00:00, run_after=2025-08-07T00:00:00+00:00
[2025-08-07T15:46:01.351+0700] {logging_mixin.py:154} INFO - [2025-08-07T15:46:01.350+0700] {dag.py:3722} INFO - Setting next_dagrun for example_branch_datetime_operator_3 to 2025-08-06T00:00:00+00:00, run_after=2025-08-07T00:00:00+00:00
[2025-08-07T15:46:01.402+0700] {processor.py:179} INFO - Processing /home/dwmhr/pln/venv/lib/python3.10/site-packages/airflow/example_dags/example_branch_datetime_operator.py took 0.627 seconds
[2025-08-07T15:46:58.866+0700] {processor.py:157} INFO - Started process (PID=113797) to work on /home/dwmhr/pln/venv/lib/python3.10/site-packages/airflow/example_dags/example_branch_datetime_operator.py
[2025-08-07T15:46:58.869+0700] {processor.py:829} INFO - Processing file /home/dwmhr/pln/venv/lib/python3.10/site-packages/airflow/example_dags/example_branch_datetime_operator.py for tasks to queue
[2025-08-07T15:46:58.871+0700] {logging_mixin.py:154} INFO - [2025-08-07T15:46:58.870+0700] {dagbag.py:536} INFO - Filling up the DagBag from /home/dwmhr/pln/venv/lib/python3.10/site-packages/airflow/example_dags/example_branch_datetime_operator.py
[2025-08-07T15:46:58.893+0700] {processor.py:839} INFO - DAG(s) dict_keys(['example_branch_datetime_operator_2', 'example_branch_datetime_operator_3', 'example_branch_datetime_operator']) retrieved from /home/dwmhr/pln/venv/lib/python3.10/site-packages/airflow/example_dags/example_branch_datetime_operator.py
[2025-08-07T15:46:58.948+0700] {logging_mixin.py:154} INFO - [2025-08-07T15:46:58.947+0700] {dag.py:2941} INFO - Sync 3 DAGs
[2025-08-07T15:46:58.996+0700] {logging_mixin.py:154} INFO - [2025-08-07T15:46:58.995+0700] {dag.py:3722} INFO - Setting next_dagrun for example_branch_datetime_operator to 2025-08-06T00:00:00+00:00, run_after=2025-08-07T00:00:00+00:00
[2025-08-07T15:46:59.009+0700] {logging_mixin.py:154} INFO - [2025-08-07T15:46:59.009+0700] {dag.py:3722} INFO - Setting next_dagrun for example_branch_datetime_operator_2 to 2025-08-06T00:00:00+00:00, run_after=2025-08-07T00:00:00+00:00
[2025-08-07T15:46:59.014+0700] {logging_mixin.py:154} INFO - [2025-08-07T15:46:59.014+0700] {dag.py:3722} INFO - Setting next_dagrun for example_branch_datetime_operator_3 to 2025-08-06T00:00:00+00:00, run_after=2025-08-07T00:00:00+00:00
[2025-08-07T15:46:59.064+0700] {processor.py:179} INFO - Processing /home/dwmhr/pln/venv/lib/python3.10/site-packages/airflow/example_dags/example_branch_datetime_operator.py took 0.206 seconds
[2025-08-07T15:48:06.184+0700] {processor.py:157} INFO - Started process (PID=114149) to work on /home/dwmhr/pln/venv/lib/python3.10/site-packages/airflow/example_dags/example_branch_datetime_operator.py
[2025-08-07T15:48:06.186+0700] {processor.py:829} INFO - Processing file /home/dwmhr/pln/venv/lib/python3.10/site-packages/airflow/example_dags/example_branch_datetime_operator.py for tasks to queue
[2025-08-07T15:48:06.188+0700] {logging_mixin.py:154} INFO - [2025-08-07T15:48:06.187+0700] {dagbag.py:536} INFO - Filling up the DagBag from /home/dwmhr/pln/venv/lib/python3.10/site-packages/airflow/example_dags/example_branch_datetime_operator.py
[2025-08-07T15:48:06.201+0700] {processor.py:839} INFO - DAG(s) dict_keys(['example_branch_datetime_operator', 'example_branch_datetime_operator_3', 'example_branch_datetime_operator_2']) retrieved from /home/dwmhr/pln/venv/lib/python3.10/site-packages/airflow/example_dags/example_branch_datetime_operator.py
[2025-08-07T15:48:06.240+0700] {logging_mixin.py:154} INFO - [2025-08-07T15:48:06.240+0700] {dag.py:2941} INFO - Sync 3 DAGs
[2025-08-07T15:48:06.269+0700] {logging_mixin.py:154} INFO - [2025-08-07T15:48:06.269+0700] {dag.py:3722} INFO - Setting next_dagrun for example_branch_datetime_operator to 2025-08-06T00:00:00+00:00, run_after=2025-08-07T00:00:00+00:00
[2025-08-07T15:48:06.274+0700] {logging_mixin.py:154} INFO - [2025-08-07T15:48:06.274+0700] {dag.py:3722} INFO - Setting next_dagrun for example_branch_datetime_operator_2 to 2025-08-06T00:00:00+00:00, run_after=2025-08-07T00:00:00+00:00
[2025-08-07T15:48:06.277+0700] {logging_mixin.py:154} INFO - [2025-08-07T15:48:06.277+0700] {dag.py:3722} INFO - Setting next_dagrun for example_branch_datetime_operator_3 to 2025-08-06T00:00:00+00:00, run_after=2025-08-07T00:00:00+00:00
[2025-08-07T15:48:06.304+0700] {processor.py:179} INFO - Processing /home/dwmhr/pln/venv/lib/python3.10/site-packages/airflow/example_dags/example_branch_datetime_operator.py took 0.124 seconds
[2025-08-07T15:49:20.183+0700] {processor.py:157} INFO - Started process (PID=114507) to work on /home/dwmhr/pln/venv/lib/python3.10/site-packages/airflow/example_dags/example_branch_datetime_operator.py
[2025-08-07T15:49:20.188+0700] {processor.py:829} INFO - Processing file /home/dwmhr/pln/venv/lib/python3.10/site-packages/airflow/example_dags/example_branch_datetime_operator.py for tasks to queue
[2025-08-07T15:49:20.191+0700] {logging_mixin.py:154} INFO - [2025-08-07T15:49:20.190+0700] {dagbag.py:536} INFO - Filling up the DagBag from /home/dwmhr/pln/venv/lib/python3.10/site-packages/airflow/example_dags/example_branch_datetime_operator.py
[2025-08-07T15:49:20.221+0700] {processor.py:839} INFO - DAG(s) dict_keys(['example_branch_datetime_operator_3', 'example_branch_datetime_operator', 'example_branch_datetime_operator_2']) retrieved from /home/dwmhr/pln/venv/lib/python3.10/site-packages/airflow/example_dags/example_branch_datetime_operator.py
[2025-08-07T15:49:20.293+0700] {logging_mixin.py:154} INFO - [2025-08-07T15:49:20.292+0700] {dag.py:2941} INFO - Sync 3 DAGs
[2025-08-07T15:49:20.362+0700] {logging_mixin.py:154} INFO - [2025-08-07T15:49:20.361+0700] {dag.py:3722} INFO - Setting next_dagrun for example_branch_datetime_operator to 2025-08-06T00:00:00+00:00, run_after=2025-08-07T00:00:00+00:00
[2025-08-07T15:49:20.379+0700] {logging_mixin.py:154} INFO - [2025-08-07T15:49:20.379+0700] {dag.py:3722} INFO - Setting next_dagrun for example_branch_datetime_operator_2 to 2025-08-06T00:00:00+00:00, run_after=2025-08-07T00:00:00+00:00
[2025-08-07T15:49:20.386+0700] {logging_mixin.py:154} INFO - [2025-08-07T15:49:20.386+0700] {dag.py:3722} INFO - Setting next_dagrun for example_branch_datetime_operator_3 to 2025-08-06T00:00:00+00:00, run_after=2025-08-07T00:00:00+00:00
[2025-08-07T15:49:20.457+0700] {processor.py:179} INFO - Processing /home/dwmhr/pln/venv/lib/python3.10/site-packages/airflow/example_dags/example_branch_datetime_operator.py took 0.287 seconds
[2025-08-07T15:50:37.118+0700] {processor.py:157} INFO - Started process (PID=114930) to work on /home/dwmhr/pln/venv/lib/python3.10/site-packages/airflow/example_dags/example_branch_datetime_operator.py
[2025-08-07T15:50:37.129+0700] {processor.py:829} INFO - Processing file /home/dwmhr/pln/venv/lib/python3.10/site-packages/airflow/example_dags/example_branch_datetime_operator.py for tasks to queue
[2025-08-07T15:50:37.130+0700] {logging_mixin.py:154} INFO - [2025-08-07T15:50:37.130+0700] {dagbag.py:536} INFO - Filling up the DagBag from /home/dwmhr/pln/venv/lib/python3.10/site-packages/airflow/example_dags/example_branch_datetime_operator.py
[2025-08-07T15:50:37.138+0700] {processor.py:839} INFO - DAG(s) dict_keys(['example_branch_datetime_operator', 'example_branch_datetime_operator_3', 'example_branch_datetime_operator_2']) retrieved from /home/dwmhr/pln/venv/lib/python3.10/site-packages/airflow/example_dags/example_branch_datetime_operator.py
[2025-08-07T15:50:37.161+0700] {logging_mixin.py:154} INFO - [2025-08-07T15:50:37.161+0700] {dag.py:2941} INFO - Sync 3 DAGs
[2025-08-07T15:50:37.179+0700] {logging_mixin.py:154} INFO - [2025-08-07T15:50:37.179+0700] {dag.py:3722} INFO - Setting next_dagrun for example_branch_datetime_operator to 2025-08-06T00:00:00+00:00, run_after=2025-08-07T00:00:00+00:00
[2025-08-07T15:50:37.183+0700] {logging_mixin.py:154} INFO - [2025-08-07T15:50:37.182+0700] {dag.py:3722} INFO - Setting next_dagrun for example_branch_datetime_operator_2 to 2025-08-06T00:00:00+00:00, run_after=2025-08-07T00:00:00+00:00
[2025-08-07T15:50:37.185+0700] {logging_mixin.py:154} INFO - [2025-08-07T15:50:37.184+0700] {dag.py:3722} INFO - Setting next_dagrun for example_branch_datetime_operator_3 to 2025-08-06T00:00:00+00:00, run_after=2025-08-07T00:00:00+00:00
[2025-08-07T15:50:37.203+0700] {processor.py:179} INFO - Processing /home/dwmhr/pln/venv/lib/python3.10/site-packages/airflow/example_dags/example_branch_datetime_operator.py took 0.088 seconds
[2025-08-07T15:51:46.346+0700] {processor.py:157} INFO - Started process (PID=115286) to work on /home/dwmhr/pln/venv/lib/python3.10/site-packages/airflow/example_dags/example_branch_datetime_operator.py
[2025-08-07T15:51:46.354+0700] {processor.py:829} INFO - Processing file /home/dwmhr/pln/venv/lib/python3.10/site-packages/airflow/example_dags/example_branch_datetime_operator.py for tasks to queue
[2025-08-07T15:51:46.356+0700] {logging_mixin.py:154} INFO - [2025-08-07T15:51:46.355+0700] {dagbag.py:536} INFO - Filling up the DagBag from /home/dwmhr/pln/venv/lib/python3.10/site-packages/airflow/example_dags/example_branch_datetime_operator.py
[2025-08-07T15:51:46.384+0700] {processor.py:839} INFO - DAG(s) dict_keys(['example_branch_datetime_operator_3', 'example_branch_datetime_operator_2', 'example_branch_datetime_operator']) retrieved from /home/dwmhr/pln/venv/lib/python3.10/site-packages/airflow/example_dags/example_branch_datetime_operator.py
[2025-08-07T15:51:46.461+0700] {logging_mixin.py:154} INFO - [2025-08-07T15:51:46.461+0700] {dag.py:2941} INFO - Sync 3 DAGs
[2025-08-07T15:51:46.521+0700] {logging_mixin.py:154} INFO - [2025-08-07T15:51:46.520+0700] {dag.py:3722} INFO - Setting next_dagrun for example_branch_datetime_operator to 2025-08-06T00:00:00+00:00, run_after=2025-08-07T00:00:00+00:00
[2025-08-07T15:51:46.531+0700] {logging_mixin.py:154} INFO - [2025-08-07T15:51:46.531+0700] {dag.py:3722} INFO - Setting next_dagrun for example_branch_datetime_operator_2 to 2025-08-06T00:00:00+00:00, run_after=2025-08-07T00:00:00+00:00
[2025-08-07T15:51:46.537+0700] {logging_mixin.py:154} INFO - [2025-08-07T15:51:46.536+0700] {dag.py:3722} INFO - Setting next_dagrun for example_branch_datetime_operator_3 to 2025-08-06T00:00:00+00:00, run_after=2025-08-07T00:00:00+00:00
[2025-08-07T15:51:46.592+0700] {processor.py:179} INFO - Processing /home/dwmhr/pln/venv/lib/python3.10/site-packages/airflow/example_dags/example_branch_datetime_operator.py took 0.256 seconds
[2025-08-07T15:53:43.178+0700] {processor.py:157} INFO - Started process (PID=115801) to work on /home/dwmhr/pln/venv/lib/python3.10/site-packages/airflow/example_dags/example_branch_datetime_operator.py
[2025-08-07T15:53:43.184+0700] {processor.py:829} INFO - Processing file /home/dwmhr/pln/venv/lib/python3.10/site-packages/airflow/example_dags/example_branch_datetime_operator.py for tasks to queue
[2025-08-07T15:53:43.189+0700] {logging_mixin.py:154} INFO - [2025-08-07T15:53:43.187+0700] {dagbag.py:536} INFO - Filling up the DagBag from /home/dwmhr/pln/venv/lib/python3.10/site-packages/airflow/example_dags/example_branch_datetime_operator.py
[2025-08-07T15:53:43.268+0700] {processor.py:839} INFO - DAG(s) dict_keys(['example_branch_datetime_operator', 'example_branch_datetime_operator_2', 'example_branch_datetime_operator_3']) retrieved from /home/dwmhr/pln/venv/lib/python3.10/site-packages/airflow/example_dags/example_branch_datetime_operator.py
[2025-08-07T15:53:43.402+0700] {logging_mixin.py:154} INFO - [2025-08-07T15:53:43.401+0700] {dag.py:2941} INFO - Sync 3 DAGs
[2025-08-07T15:53:43.501+0700] {logging_mixin.py:154} INFO - [2025-08-07T15:53:43.500+0700] {dag.py:3722} INFO - Setting next_dagrun for example_branch_datetime_operator to 2025-08-06T00:00:00+00:00, run_after=2025-08-07T00:00:00+00:00
[2025-08-07T15:53:43.519+0700] {logging_mixin.py:154} INFO - [2025-08-07T15:53:43.518+0700] {dag.py:3722} INFO - Setting next_dagrun for example_branch_datetime_operator_2 to 2025-08-06T00:00:00+00:00, run_after=2025-08-07T00:00:00+00:00
[2025-08-07T15:53:43.530+0700] {logging_mixin.py:154} INFO - [2025-08-07T15:53:43.529+0700] {dag.py:3722} INFO - Setting next_dagrun for example_branch_datetime_operator_3 to 2025-08-06T00:00:00+00:00, run_after=2025-08-07T00:00:00+00:00
[2025-08-07T15:53:43.606+0700] {processor.py:179} INFO - Processing /home/dwmhr/pln/venv/lib/python3.10/site-packages/airflow/example_dags/example_branch_datetime_operator.py took 0.447 seconds
[2025-08-07T15:55:23.601+0700] {processor.py:157} INFO - Started process (PID=116342) to work on /home/dwmhr/pln/venv/lib/python3.10/site-packages/airflow/example_dags/example_branch_datetime_operator.py
[2025-08-07T15:55:23.604+0700] {processor.py:829} INFO - Processing file /home/dwmhr/pln/venv/lib/python3.10/site-packages/airflow/example_dags/example_branch_datetime_operator.py for tasks to queue
[2025-08-07T15:55:23.606+0700] {logging_mixin.py:154} INFO - [2025-08-07T15:55:23.605+0700] {dagbag.py:536} INFO - Filling up the DagBag from /home/dwmhr/pln/venv/lib/python3.10/site-packages/airflow/example_dags/example_branch_datetime_operator.py
[2025-08-07T15:55:23.624+0700] {processor.py:839} INFO - DAG(s) dict_keys(['example_branch_datetime_operator_3', 'example_branch_datetime_operator_2', 'example_branch_datetime_operator']) retrieved from /home/dwmhr/pln/venv/lib/python3.10/site-packages/airflow/example_dags/example_branch_datetime_operator.py
[2025-08-07T15:55:23.667+0700] {logging_mixin.py:154} INFO - [2025-08-07T15:55:23.667+0700] {dag.py:2941} INFO - Sync 3 DAGs
[2025-08-07T15:55:23.705+0700] {logging_mixin.py:154} INFO - [2025-08-07T15:55:23.705+0700] {dag.py:3722} INFO - Setting next_dagrun for example_branch_datetime_operator to 2025-08-06T00:00:00+00:00, run_after=2025-08-07T00:00:00+00:00
[2025-08-07T15:55:23.713+0700] {logging_mixin.py:154} INFO - [2025-08-07T15:55:23.712+0700] {dag.py:3722} INFO - Setting next_dagrun for example_branch_datetime_operator_2 to 2025-08-06T00:00:00+00:00, run_after=2025-08-07T00:00:00+00:00
[2025-08-07T15:55:23.716+0700] {logging_mixin.py:154} INFO - [2025-08-07T15:55:23.716+0700] {dag.py:3722} INFO - Setting next_dagrun for example_branch_datetime_operator_3 to 2025-08-06T00:00:00+00:00, run_after=2025-08-07T00:00:00+00:00
[2025-08-07T15:55:23.756+0700] {processor.py:179} INFO - Processing /home/dwmhr/pln/venv/lib/python3.10/site-packages/airflow/example_dags/example_branch_datetime_operator.py took 0.161 seconds
[2025-08-07T15:56:47.325+0700] {processor.py:157} INFO - Started process (PID=116764) to work on /home/dwmhr/pln/venv/lib/python3.10/site-packages/airflow/example_dags/example_branch_datetime_operator.py
[2025-08-07T15:56:47.337+0700] {processor.py:829} INFO - Processing file /home/dwmhr/pln/venv/lib/python3.10/site-packages/airflow/example_dags/example_branch_datetime_operator.py for tasks to queue
[2025-08-07T15:56:47.342+0700] {logging_mixin.py:154} INFO - [2025-08-07T15:56:47.340+0700] {dagbag.py:536} INFO - Filling up the DagBag from /home/dwmhr/pln/venv/lib/python3.10/site-packages/airflow/example_dags/example_branch_datetime_operator.py
[2025-08-07T15:56:47.423+0700] {processor.py:839} INFO - DAG(s) dict_keys(['example_branch_datetime_operator_3', 'example_branch_datetime_operator_2', 'example_branch_datetime_operator']) retrieved from /home/dwmhr/pln/venv/lib/python3.10/site-packages/airflow/example_dags/example_branch_datetime_operator.py
[2025-08-07T15:56:47.552+0700] {logging_mixin.py:154} INFO - [2025-08-07T15:56:47.551+0700] {dag.py:2941} INFO - Sync 3 DAGs
[2025-08-07T15:56:47.682+0700] {logging_mixin.py:154} INFO - [2025-08-07T15:56:47.681+0700] {dag.py:3722} INFO - Setting next_dagrun for example_branch_datetime_operator to 2025-08-06T00:00:00+00:00, run_after=2025-08-07T00:00:00+00:00
[2025-08-07T15:56:47.708+0700] {logging_mixin.py:154} INFO - [2025-08-07T15:56:47.707+0700] {dag.py:3722} INFO - Setting next_dagrun for example_branch_datetime_operator_2 to 2025-08-06T00:00:00+00:00, run_after=2025-08-07T00:00:00+00:00
[2025-08-07T15:56:47.717+0700] {logging_mixin.py:154} INFO - [2025-08-07T15:56:47.717+0700] {dag.py:3722} INFO - Setting next_dagrun for example_branch_datetime_operator_3 to 2025-08-06T00:00:00+00:00, run_after=2025-08-07T00:00:00+00:00
[2025-08-07T15:56:47.853+0700] {processor.py:179} INFO - Processing /home/dwmhr/pln/venv/lib/python3.10/site-packages/airflow/example_dags/example_branch_datetime_operator.py took 0.560 seconds
[2025-08-07T15:57:50.744+0700] {processor.py:157} INFO - Started process (PID=117121) to work on /home/dwmhr/pln/venv/lib/python3.10/site-packages/airflow/example_dags/example_branch_datetime_operator.py
[2025-08-07T15:57:50.746+0700] {processor.py:829} INFO - Processing file /home/dwmhr/pln/venv/lib/python3.10/site-packages/airflow/example_dags/example_branch_datetime_operator.py for tasks to queue
[2025-08-07T15:57:50.748+0700] {logging_mixin.py:154} INFO - [2025-08-07T15:57:50.747+0700] {dagbag.py:536} INFO - Filling up the DagBag from /home/dwmhr/pln/venv/lib/python3.10/site-packages/airflow/example_dags/example_branch_datetime_operator.py
[2025-08-07T15:57:50.769+0700] {processor.py:839} INFO - DAG(s) dict_keys(['example_branch_datetime_operator_2', 'example_branch_datetime_operator_3', 'example_branch_datetime_operator']) retrieved from /home/dwmhr/pln/venv/lib/python3.10/site-packages/airflow/example_dags/example_branch_datetime_operator.py
[2025-08-07T15:57:50.811+0700] {logging_mixin.py:154} INFO - [2025-08-07T15:57:50.810+0700] {dag.py:2941} INFO - Sync 3 DAGs
[2025-08-07T15:57:50.846+0700] {logging_mixin.py:154} INFO - [2025-08-07T15:57:50.846+0700] {dag.py:3722} INFO - Setting next_dagrun for example_branch_datetime_operator to 2025-08-06T00:00:00+00:00, run_after=2025-08-07T00:00:00+00:00
[2025-08-07T15:57:50.853+0700] {logging_mixin.py:154} INFO - [2025-08-07T15:57:50.853+0700] {dag.py:3722} INFO - Setting next_dagrun for example_branch_datetime_operator_2 to 2025-08-06T00:00:00+00:00, run_after=2025-08-07T00:00:00+00:00
[2025-08-07T15:57:50.857+0700] {logging_mixin.py:154} INFO - [2025-08-07T15:57:50.857+0700] {dag.py:3722} INFO - Setting next_dagrun for example_branch_datetime_operator_3 to 2025-08-06T00:00:00+00:00, run_after=2025-08-07T00:00:00+00:00
[2025-08-07T15:57:50.891+0700] {processor.py:179} INFO - Processing /home/dwmhr/pln/venv/lib/python3.10/site-packages/airflow/example_dags/example_branch_datetime_operator.py took 0.156 seconds
[2025-08-07T16:00:26.171+0700] {processor.py:157} INFO - Started process (PID=117877) to work on /home/dwmhr/pln/venv/lib/python3.10/site-packages/airflow/example_dags/example_branch_datetime_operator.py
[2025-08-07T16:00:26.176+0700] {processor.py:829} INFO - Processing file /home/dwmhr/pln/venv/lib/python3.10/site-packages/airflow/example_dags/example_branch_datetime_operator.py for tasks to queue
[2025-08-07T16:00:26.179+0700] {logging_mixin.py:154} INFO - [2025-08-07T16:00:26.178+0700] {dagbag.py:536} INFO - Filling up the DagBag from /home/dwmhr/pln/venv/lib/python3.10/site-packages/airflow/example_dags/example_branch_datetime_operator.py
[2025-08-07T16:00:26.210+0700] {processor.py:839} INFO - DAG(s) dict_keys(['example_branch_datetime_operator_3', 'example_branch_datetime_operator', 'example_branch_datetime_operator_2']) retrieved from /home/dwmhr/pln/venv/lib/python3.10/site-packages/airflow/example_dags/example_branch_datetime_operator.py
[2025-08-07T16:00:26.286+0700] {logging_mixin.py:154} INFO - [2025-08-07T16:00:26.286+0700] {dag.py:2941} INFO - Sync 3 DAGs
[2025-08-07T16:00:26.353+0700] {logging_mixin.py:154} INFO - [2025-08-07T16:00:26.352+0700] {dag.py:3722} INFO - Setting next_dagrun for example_branch_datetime_operator to 2025-08-06T00:00:00+00:00, run_after=2025-08-07T00:00:00+00:00
[2025-08-07T16:00:26.370+0700] {logging_mixin.py:154} INFO - [2025-08-07T16:00:26.370+0700] {dag.py:3722} INFO - Setting next_dagrun for example_branch_datetime_operator_2 to 2025-08-06T00:00:00+00:00, run_after=2025-08-07T00:00:00+00:00
[2025-08-07T16:00:26.379+0700] {logging_mixin.py:154} INFO - [2025-08-07T16:00:26.379+0700] {dag.py:3722} INFO - Setting next_dagrun for example_branch_datetime_operator_3 to 2025-08-06T00:00:00+00:00, run_after=2025-08-07T00:00:00+00:00
[2025-08-07T16:00:26.441+0700] {processor.py:179} INFO - Processing /home/dwmhr/pln/venv/lib/python3.10/site-packages/airflow/example_dags/example_branch_datetime_operator.py took 0.281 seconds
[2025-08-07T16:04:35.493+0700] {processor.py:157} INFO - Started process (PID=119038) to work on /home/dwmhr/pln/venv/lib/python3.10/site-packages/airflow/example_dags/example_branch_datetime_operator.py
[2025-08-07T16:04:35.500+0700] {processor.py:829} INFO - Processing file /home/dwmhr/pln/venv/lib/python3.10/site-packages/airflow/example_dags/example_branch_datetime_operator.py for tasks to queue
[2025-08-07T16:04:35.503+0700] {logging_mixin.py:154} INFO - [2025-08-07T16:04:35.502+0700] {dagbag.py:536} INFO - Filling up the DagBag from /home/dwmhr/pln/venv/lib/python3.10/site-packages/airflow/example_dags/example_branch_datetime_operator.py
[2025-08-07T16:04:35.549+0700] {processor.py:839} INFO - DAG(s) dict_keys(['example_branch_datetime_operator', 'example_branch_datetime_operator_2', 'example_branch_datetime_operator_3']) retrieved from /home/dwmhr/pln/venv/lib/python3.10/site-packages/airflow/example_dags/example_branch_datetime_operator.py
[2025-08-07T16:04:35.645+0700] {logging_mixin.py:154} INFO - [2025-08-07T16:04:35.644+0700] {dag.py:2941} INFO - Sync 3 DAGs
[2025-08-07T16:04:35.757+0700] {logging_mixin.py:154} INFO - [2025-08-07T16:04:35.756+0700] {dag.py:3722} INFO - Setting next_dagrun for example_branch_datetime_operator to 2025-08-06T00:00:00+00:00, run_after=2025-08-07T00:00:00+00:00
[2025-08-07T16:04:35.796+0700] {logging_mixin.py:154} INFO - [2025-08-07T16:04:35.795+0700] {dag.py:3722} INFO - Setting next_dagrun for example_branch_datetime_operator_2 to 2025-08-06T00:00:00+00:00, run_after=2025-08-07T00:00:00+00:00
[2025-08-07T16:04:35.809+0700] {logging_mixin.py:154} INFO - [2025-08-07T16:04:35.808+0700] {dag.py:3722} INFO - Setting next_dagrun for example_branch_datetime_operator_3 to 2025-08-06T00:00:00+00:00, run_after=2025-08-07T00:00:00+00:00
[2025-08-07T16:04:35.900+0700] {processor.py:179} INFO - Processing /home/dwmhr/pln/venv/lib/python3.10/site-packages/airflow/example_dags/example_branch_datetime_operator.py took 0.421 seconds
[2025-08-07T16:05:30.413+0700] {processor.py:157} INFO - Started process (PID=119317) to work on /home/dwmhr/pln/venv/lib/python3.10/site-packages/airflow/example_dags/example_branch_datetime_operator.py
[2025-08-07T16:05:30.417+0700] {processor.py:829} INFO - Processing file /home/dwmhr/pln/venv/lib/python3.10/site-packages/airflow/example_dags/example_branch_datetime_operator.py for tasks to queue
[2025-08-07T16:05:30.418+0700] {logging_mixin.py:154} INFO - [2025-08-07T16:05:30.417+0700] {dagbag.py:536} INFO - Filling up the DagBag from /home/dwmhr/pln/venv/lib/python3.10/site-packages/airflow/example_dags/example_branch_datetime_operator.py
[2025-08-07T16:05:30.429+0700] {processor.py:839} INFO - DAG(s) dict_keys(['example_branch_datetime_operator_2', 'example_branch_datetime_operator_3', 'example_branch_datetime_operator']) retrieved from /home/dwmhr/pln/venv/lib/python3.10/site-packages/airflow/example_dags/example_branch_datetime_operator.py
[2025-08-07T16:05:30.456+0700] {logging_mixin.py:154} INFO - [2025-08-07T16:05:30.456+0700] {dag.py:2941} INFO - Sync 3 DAGs
[2025-08-07T16:05:30.478+0700] {logging_mixin.py:154} INFO - [2025-08-07T16:05:30.477+0700] {dag.py:3722} INFO - Setting next_dagrun for example_branch_datetime_operator to 2025-08-06T00:00:00+00:00, run_after=2025-08-07T00:00:00+00:00
[2025-08-07T16:05:30.482+0700] {logging_mixin.py:154} INFO - [2025-08-07T16:05:30.482+0700] {dag.py:3722} INFO - Setting next_dagrun for example_branch_datetime_operator_2 to 2025-08-06T00:00:00+00:00, run_after=2025-08-07T00:00:00+00:00
[2025-08-07T16:05:30.484+0700] {logging_mixin.py:154} INFO - [2025-08-07T16:05:30.484+0700] {dag.py:3722} INFO - Setting next_dagrun for example_branch_datetime_operator_3 to 2025-08-06T00:00:00+00:00, run_after=2025-08-07T00:00:00+00:00
[2025-08-07T16:05:30.513+0700] {processor.py:179} INFO - Processing /home/dwmhr/pln/venv/lib/python3.10/site-packages/airflow/example_dags/example_branch_datetime_operator.py took 0.104 seconds
[2025-08-07T16:06:55.654+0700] {processor.py:157} INFO - Started process (PID=119745) to work on /home/dwmhr/pln/venv/lib/python3.10/site-packages/airflow/example_dags/example_branch_datetime_operator.py
[2025-08-07T16:06:55.660+0700] {processor.py:829} INFO - Processing file /home/dwmhr/pln/venv/lib/python3.10/site-packages/airflow/example_dags/example_branch_datetime_operator.py for tasks to queue
[2025-08-07T16:06:55.663+0700] {logging_mixin.py:154} INFO - [2025-08-07T16:06:55.662+0700] {dagbag.py:536} INFO - Filling up the DagBag from /home/dwmhr/pln/venv/lib/python3.10/site-packages/airflow/example_dags/example_branch_datetime_operator.py
[2025-08-07T16:06:55.710+0700] {processor.py:839} INFO - DAG(s) dict_keys(['example_branch_datetime_operator_2', 'example_branch_datetime_operator', 'example_branch_datetime_operator_3']) retrieved from /home/dwmhr/pln/venv/lib/python3.10/site-packages/airflow/example_dags/example_branch_datetime_operator.py
[2025-08-07T16:06:55.819+0700] {logging_mixin.py:154} INFO - [2025-08-07T16:06:55.817+0700] {dag.py:2941} INFO - Sync 3 DAGs
[2025-08-07T16:06:56.034+0700] {logging_mixin.py:154} INFO - [2025-08-07T16:06:56.033+0700] {dag.py:3722} INFO - Setting next_dagrun for example_branch_datetime_operator to 2025-08-06T00:00:00+00:00, run_after=2025-08-07T00:00:00+00:00
[2025-08-07T16:06:56.082+0700] {logging_mixin.py:154} INFO - [2025-08-07T16:06:56.078+0700] {dag.py:3722} INFO - Setting next_dagrun for example_branch_datetime_operator_2 to 2025-08-06T00:00:00+00:00, run_after=2025-08-07T00:00:00+00:00
[2025-08-07T16:06:56.095+0700] {logging_mixin.py:154} INFO - [2025-08-07T16:06:56.094+0700] {dag.py:3722} INFO - Setting next_dagrun for example_branch_datetime_operator_3 to 2025-08-06T00:00:00+00:00, run_after=2025-08-07T00:00:00+00:00
[2025-08-07T16:06:56.188+0700] {processor.py:179} INFO - Processing /home/dwmhr/pln/venv/lib/python3.10/site-packages/airflow/example_dags/example_branch_datetime_operator.py took 0.545 seconds
[2025-08-07T16:08:08.718+0700] {processor.py:157} INFO - Started process (PID=120100) to work on /home/dwmhr/pln/venv/lib/python3.10/site-packages/airflow/example_dags/example_branch_datetime_operator.py
[2025-08-07T16:08:08.721+0700] {processor.py:829} INFO - Processing file /home/dwmhr/pln/venv/lib/python3.10/site-packages/airflow/example_dags/example_branch_datetime_operator.py for tasks to queue
[2025-08-07T16:08:08.723+0700] {logging_mixin.py:154} INFO - [2025-08-07T16:08:08.722+0700] {dagbag.py:536} INFO - Filling up the DagBag from /home/dwmhr/pln/venv/lib/python3.10/site-packages/airflow/example_dags/example_branch_datetime_operator.py
[2025-08-07T16:08:08.739+0700] {processor.py:839} INFO - DAG(s) dict_keys(['example_branch_datetime_operator_3', 'example_branch_datetime_operator_2', 'example_branch_datetime_operator']) retrieved from /home/dwmhr/pln/venv/lib/python3.10/site-packages/airflow/example_dags/example_branch_datetime_operator.py
[2025-08-07T16:08:08.770+0700] {logging_mixin.py:154} INFO - [2025-08-07T16:08:08.769+0700] {dag.py:2941} INFO - Sync 3 DAGs
[2025-08-07T16:08:08.795+0700] {logging_mixin.py:154} INFO - [2025-08-07T16:08:08.795+0700] {dag.py:3722} INFO - Setting next_dagrun for example_branch_datetime_operator to 2025-08-06T00:00:00+00:00, run_after=2025-08-07T00:00:00+00:00
[2025-08-07T16:08:08.802+0700] {logging_mixin.py:154} INFO - [2025-08-07T16:08:08.801+0700] {dag.py:3722} INFO - Setting next_dagrun for example_branch_datetime_operator_2 to 2025-08-06T00:00:00+00:00, run_after=2025-08-07T00:00:00+00:00
[2025-08-07T16:08:08.805+0700] {logging_mixin.py:154} INFO - [2025-08-07T16:08:08.805+0700] {dag.py:3722} INFO - Setting next_dagrun for example_branch_datetime_operator_3 to 2025-08-06T00:00:00+00:00, run_after=2025-08-07T00:00:00+00:00
[2025-08-07T16:08:08.849+0700] {processor.py:179} INFO - Processing /home/dwmhr/pln/venv/lib/python3.10/site-packages/airflow/example_dags/example_branch_datetime_operator.py took 0.138 seconds
[2025-08-07T16:09:24.811+0700] {processor.py:157} INFO - Started process (PID=120477) to work on /home/dwmhr/pln/venv/lib/python3.10/site-packages/airflow/example_dags/example_branch_datetime_operator.py
[2025-08-07T16:09:24.829+0700] {processor.py:829} INFO - Processing file /home/dwmhr/pln/venv/lib/python3.10/site-packages/airflow/example_dags/example_branch_datetime_operator.py for tasks to queue
[2025-08-07T16:09:24.835+0700] {logging_mixin.py:154} INFO - [2025-08-07T16:09:24.832+0700] {dagbag.py:536} INFO - Filling up the DagBag from /home/dwmhr/pln/venv/lib/python3.10/site-packages/airflow/example_dags/example_branch_datetime_operator.py
[2025-08-07T16:09:25.005+0700] {processor.py:839} INFO - DAG(s) dict_keys(['example_branch_datetime_operator', 'example_branch_datetime_operator_3', 'example_branch_datetime_operator_2']) retrieved from /home/dwmhr/pln/venv/lib/python3.10/site-packages/airflow/example_dags/example_branch_datetime_operator.py
[2025-08-07T16:09:25.243+0700] {logging_mixin.py:154} INFO - [2025-08-07T16:09:25.242+0700] {dag.py:2941} INFO - Sync 3 DAGs
[2025-08-07T16:09:25.481+0700] {logging_mixin.py:154} INFO - [2025-08-07T16:09:25.480+0700] {dag.py:3722} INFO - Setting next_dagrun for example_branch_datetime_operator to 2025-08-06T00:00:00+00:00, run_after=2025-08-07T00:00:00+00:00
[2025-08-07T16:09:25.524+0700] {logging_mixin.py:154} INFO - [2025-08-07T16:09:25.523+0700] {dag.py:3722} INFO - Setting next_dagrun for example_branch_datetime_operator_2 to 2025-08-06T00:00:00+00:00, run_after=2025-08-07T00:00:00+00:00
[2025-08-07T16:09:25.543+0700] {logging_mixin.py:154} INFO - [2025-08-07T16:09:25.542+0700] {dag.py:3722} INFO - Setting next_dagrun for example_branch_datetime_operator_3 to 2025-08-06T00:00:00+00:00, run_after=2025-08-07T00:00:00+00:00
[2025-08-07T16:09:25.644+0700] {processor.py:179} INFO - Processing /home/dwmhr/pln/venv/lib/python3.10/site-packages/airflow/example_dags/example_branch_datetime_operator.py took 0.869 seconds
[2025-08-07T16:10:41.125+0700] {processor.py:157} INFO - Started process (PID=120846) to work on /home/dwmhr/pln/venv/lib/python3.10/site-packages/airflow/example_dags/example_branch_datetime_operator.py
[2025-08-07T16:10:41.128+0700] {processor.py:829} INFO - Processing file /home/dwmhr/pln/venv/lib/python3.10/site-packages/airflow/example_dags/example_branch_datetime_operator.py for tasks to queue
[2025-08-07T16:10:41.130+0700] {logging_mixin.py:154} INFO - [2025-08-07T16:10:41.129+0700] {dagbag.py:536} INFO - Filling up the DagBag from /home/dwmhr/pln/venv/lib/python3.10/site-packages/airflow/example_dags/example_branch_datetime_operator.py
[2025-08-07T16:10:41.146+0700] {processor.py:839} INFO - DAG(s) dict_keys(['example_branch_datetime_operator', 'example_branch_datetime_operator_3', 'example_branch_datetime_operator_2']) retrieved from /home/dwmhr/pln/venv/lib/python3.10/site-packages/airflow/example_dags/example_branch_datetime_operator.py
[2025-08-07T16:10:41.184+0700] {logging_mixin.py:154} INFO - [2025-08-07T16:10:41.183+0700] {dag.py:2941} INFO - Sync 3 DAGs
[2025-08-07T16:10:41.217+0700] {logging_mixin.py:154} INFO - [2025-08-07T16:10:41.216+0700] {dag.py:3722} INFO - Setting next_dagrun for example_branch_datetime_operator to 2025-08-06T00:00:00+00:00, run_after=2025-08-07T00:00:00+00:00
[2025-08-07T16:10:41.224+0700] {logging_mixin.py:154} INFO - [2025-08-07T16:10:41.224+0700] {dag.py:3722} INFO - Setting next_dagrun for example_branch_datetime_operator_2 to 2025-08-06T00:00:00+00:00, run_after=2025-08-07T00:00:00+00:00
[2025-08-07T16:10:41.227+0700] {logging_mixin.py:154} INFO - [2025-08-07T16:10:41.227+0700] {dag.py:3722} INFO - Setting next_dagrun for example_branch_datetime_operator_3 to 2025-08-06T00:00:00+00:00, run_after=2025-08-07T00:00:00+00:00
[2025-08-07T16:10:41.274+0700] {processor.py:179} INFO - Processing /home/dwmhr/pln/venv/lib/python3.10/site-packages/airflow/example_dags/example_branch_datetime_operator.py took 0.154 seconds
[2025-08-07T16:11:55.135+0700] {processor.py:157} INFO - Started process (PID=121268) to work on /home/dwmhr/pln/venv/lib/python3.10/site-packages/airflow/example_dags/example_branch_datetime_operator.py
[2025-08-07T16:11:55.141+0700] {processor.py:829} INFO - Processing file /home/dwmhr/pln/venv/lib/python3.10/site-packages/airflow/example_dags/example_branch_datetime_operator.py for tasks to queue
[2025-08-07T16:11:55.146+0700] {logging_mixin.py:154} INFO - [2025-08-07T16:11:55.144+0700] {dagbag.py:536} INFO - Filling up the DagBag from /home/dwmhr/pln/venv/lib/python3.10/site-packages/airflow/example_dags/example_branch_datetime_operator.py
[2025-08-07T16:11:55.206+0700] {processor.py:839} INFO - DAG(s) dict_keys(['example_branch_datetime_operator_2', 'example_branch_datetime_operator', 'example_branch_datetime_operator_3']) retrieved from /home/dwmhr/pln/venv/lib/python3.10/site-packages/airflow/example_dags/example_branch_datetime_operator.py
[2025-08-07T16:11:55.327+0700] {logging_mixin.py:154} INFO - [2025-08-07T16:11:55.327+0700] {dag.py:2941} INFO - Sync 3 DAGs
[2025-08-07T16:11:55.447+0700] {logging_mixin.py:154} INFO - [2025-08-07T16:11:55.446+0700] {dag.py:3722} INFO - Setting next_dagrun for example_branch_datetime_operator to 2025-08-06T00:00:00+00:00, run_after=2025-08-07T00:00:00+00:00
[2025-08-07T16:11:55.476+0700] {logging_mixin.py:154} INFO - [2025-08-07T16:11:55.475+0700] {dag.py:3722} INFO - Setting next_dagrun for example_branch_datetime_operator_2 to 2025-08-06T00:00:00+00:00, run_after=2025-08-07T00:00:00+00:00
[2025-08-07T16:11:55.490+0700] {logging_mixin.py:154} INFO - [2025-08-07T16:11:55.489+0700] {dag.py:3722} INFO - Setting next_dagrun for example_branch_datetime_operator_3 to 2025-08-06T00:00:00+00:00, run_after=2025-08-07T00:00:00+00:00
[2025-08-07T16:11:55.585+0700] {processor.py:179} INFO - Processing /home/dwmhr/pln/venv/lib/python3.10/site-packages/airflow/example_dags/example_branch_datetime_operator.py took 0.469 seconds
[2025-08-07T16:13:07.431+0700] {processor.py:157} INFO - Started process (PID=121615) to work on /home/dwmhr/pln/venv/lib/python3.10/site-packages/airflow/example_dags/example_branch_datetime_operator.py
[2025-08-07T16:13:07.433+0700] {processor.py:829} INFO - Processing file /home/dwmhr/pln/venv/lib/python3.10/site-packages/airflow/example_dags/example_branch_datetime_operator.py for tasks to queue
[2025-08-07T16:13:07.435+0700] {logging_mixin.py:154} INFO - [2025-08-07T16:13:07.434+0700] {dagbag.py:536} INFO - Filling up the DagBag from /home/dwmhr/pln/venv/lib/python3.10/site-packages/airflow/example_dags/example_branch_datetime_operator.py
[2025-08-07T16:13:07.448+0700] {processor.py:839} INFO - DAG(s) dict_keys(['example_branch_datetime_operator_3', 'example_branch_datetime_operator', 'example_branch_datetime_operator_2']) retrieved from /home/dwmhr/pln/venv/lib/python3.10/site-packages/airflow/example_dags/example_branch_datetime_operator.py
[2025-08-07T16:13:07.479+0700] {logging_mixin.py:154} INFO - [2025-08-07T16:13:07.479+0700] {dag.py:2941} INFO - Sync 3 DAGs
[2025-08-07T16:13:07.504+0700] {logging_mixin.py:154} INFO - [2025-08-07T16:13:07.504+0700] {dag.py:3722} INFO - Setting next_dagrun for example_branch_datetime_operator to 2025-08-06T00:00:00+00:00, run_after=2025-08-07T00:00:00+00:00
[2025-08-07T16:13:07.509+0700] {logging_mixin.py:154} INFO - [2025-08-07T16:13:07.509+0700] {dag.py:3722} INFO - Setting next_dagrun for example_branch_datetime_operator_2 to 2025-08-06T00:00:00+00:00, run_after=2025-08-07T00:00:00+00:00
[2025-08-07T16:13:07.512+0700] {logging_mixin.py:154} INFO - [2025-08-07T16:13:07.512+0700] {dag.py:3722} INFO - Setting next_dagrun for example_branch_datetime_operator_3 to 2025-08-06T00:00:00+00:00, run_after=2025-08-07T00:00:00+00:00
[2025-08-07T16:13:07.553+0700] {processor.py:179} INFO - Processing /home/dwmhr/pln/venv/lib/python3.10/site-packages/airflow/example_dags/example_branch_datetime_operator.py took 0.127 seconds
[2025-08-07T16:14:21.759+0700] {processor.py:157} INFO - Started process (PID=122029) to work on /home/dwmhr/pln/venv/lib/python3.10/site-packages/airflow/example_dags/example_branch_datetime_operator.py
[2025-08-07T16:14:21.763+0700] {processor.py:829} INFO - Processing file /home/dwmhr/pln/venv/lib/python3.10/site-packages/airflow/example_dags/example_branch_datetime_operator.py for tasks to queue
[2025-08-07T16:14:21.765+0700] {logging_mixin.py:154} INFO - [2025-08-07T16:14:21.764+0700] {dagbag.py:536} INFO - Filling up the DagBag from /home/dwmhr/pln/venv/lib/python3.10/site-packages/airflow/example_dags/example_branch_datetime_operator.py
[2025-08-07T16:14:21.788+0700] {processor.py:839} INFO - DAG(s) dict_keys(['example_branch_datetime_operator_2', 'example_branch_datetime_operator_3', 'example_branch_datetime_operator']) retrieved from /home/dwmhr/pln/venv/lib/python3.10/site-packages/airflow/example_dags/example_branch_datetime_operator.py
[2025-08-07T16:14:21.855+0700] {logging_mixin.py:154} INFO - [2025-08-07T16:14:21.855+0700] {dag.py:2941} INFO - Sync 3 DAGs
[2025-08-07T16:14:21.919+0700] {logging_mixin.py:154} INFO - [2025-08-07T16:14:21.918+0700] {dag.py:3722} INFO - Setting next_dagrun for example_branch_datetime_operator to 2025-08-06T00:00:00+00:00, run_after=2025-08-07T00:00:00+00:00
[2025-08-07T16:14:21.936+0700] {logging_mixin.py:154} INFO - [2025-08-07T16:14:21.936+0700] {dag.py:3722} INFO - Setting next_dagrun for example_branch_datetime_operator_2 to 2025-08-06T00:00:00+00:00, run_after=2025-08-07T00:00:00+00:00
[2025-08-07T16:14:21.945+0700] {logging_mixin.py:154} INFO - [2025-08-07T16:14:21.945+0700] {dag.py:3722} INFO - Setting next_dagrun for example_branch_datetime_operator_3 to 2025-08-06T00:00:00+00:00, run_after=2025-08-07T00:00:00+00:00
[2025-08-07T16:14:22.007+0700] {processor.py:179} INFO - Processing /home/dwmhr/pln/venv/lib/python3.10/site-packages/airflow/example_dags/example_branch_datetime_operator.py took 0.256 seconds
[2025-08-07T16:15:26.598+0700] {processor.py:157} INFO - Started process (PID=122344) to work on /home/dwmhr/pln/venv/lib/python3.10/site-packages/airflow/example_dags/example_branch_datetime_operator.py
[2025-08-07T16:15:26.603+0700] {processor.py:829} INFO - Processing file /home/dwmhr/pln/venv/lib/python3.10/site-packages/airflow/example_dags/example_branch_datetime_operator.py for tasks to queue
[2025-08-07T16:15:26.607+0700] {logging_mixin.py:154} INFO - [2025-08-07T16:15:26.605+0700] {dagbag.py:536} INFO - Filling up the DagBag from /home/dwmhr/pln/venv/lib/python3.10/site-packages/airflow/example_dags/example_branch_datetime_operator.py
[2025-08-07T16:15:26.643+0700] {processor.py:839} INFO - DAG(s) dict_keys(['example_branch_datetime_operator', 'example_branch_datetime_operator_3', 'example_branch_datetime_operator_2']) retrieved from /home/dwmhr/pln/venv/lib/python3.10/site-packages/airflow/example_dags/example_branch_datetime_operator.py
[2025-08-07T16:15:26.736+0700] {logging_mixin.py:154} INFO - [2025-08-07T16:15:26.736+0700] {dag.py:2941} INFO - Sync 3 DAGs
[2025-08-07T16:15:26.804+0700] {logging_mixin.py:154} INFO - [2025-08-07T16:15:26.804+0700] {dag.py:3722} INFO - Setting next_dagrun for example_branch_datetime_operator to 2025-08-06T00:00:00+00:00, run_after=2025-08-07T00:00:00+00:00
[2025-08-07T16:15:26.818+0700] {logging_mixin.py:154} INFO - [2025-08-07T16:15:26.818+0700] {dag.py:3722} INFO - Setting next_dagrun for example_branch_datetime_operator_2 to 2025-08-06T00:00:00+00:00, run_after=2025-08-07T00:00:00+00:00
[2025-08-07T16:15:26.826+0700] {logging_mixin.py:154} INFO - [2025-08-07T16:15:26.825+0700] {dag.py:3722} INFO - Setting next_dagrun for example_branch_datetime_operator_3 to 2025-08-06T00:00:00+00:00, run_after=2025-08-07T00:00:00+00:00
[2025-08-07T16:15:26.901+0700] {processor.py:179} INFO - Processing /home/dwmhr/pln/venv/lib/python3.10/site-packages/airflow/example_dags/example_branch_datetime_operator.py took 0.317 seconds
[2025-08-07T16:16:38.594+0700] {processor.py:157} INFO - Started process (PID=122677) to work on /home/dwmhr/pln/venv/lib/python3.10/site-packages/airflow/example_dags/example_branch_datetime_operator.py
[2025-08-07T16:16:38.598+0700] {processor.py:829} INFO - Processing file /home/dwmhr/pln/venv/lib/python3.10/site-packages/airflow/example_dags/example_branch_datetime_operator.py for tasks to queue
[2025-08-07T16:16:38.600+0700] {logging_mixin.py:154} INFO - [2025-08-07T16:16:38.599+0700] {dagbag.py:536} INFO - Filling up the DagBag from /home/dwmhr/pln/venv/lib/python3.10/site-packages/airflow/example_dags/example_branch_datetime_operator.py
[2025-08-07T16:16:38.633+0700] {processor.py:839} INFO - DAG(s) dict_keys(['example_branch_datetime_operator_3', 'example_branch_datetime_operator', 'example_branch_datetime_operator_2']) retrieved from /home/dwmhr/pln/venv/lib/python3.10/site-packages/airflow/example_dags/example_branch_datetime_operator.py
[2025-08-07T16:16:38.701+0700] {logging_mixin.py:154} INFO - [2025-08-07T16:16:38.701+0700] {dag.py:2941} INFO - Sync 3 DAGs
[2025-08-07T16:16:38.752+0700] {logging_mixin.py:154} INFO - [2025-08-07T16:16:38.751+0700] {dag.py:3722} INFO - Setting next_dagrun for example_branch_datetime_operator to 2025-08-06T00:00:00+00:00, run_after=2025-08-07T00:00:00+00:00
[2025-08-07T16:16:38.762+0700] {logging_mixin.py:154} INFO - [2025-08-07T16:16:38.761+0700] {dag.py:3722} INFO - Setting next_dagrun for example_branch_datetime_operator_2 to 2025-08-06T00:00:00+00:00, run_after=2025-08-07T00:00:00+00:00
[2025-08-07T16:16:38.768+0700] {logging_mixin.py:154} INFO - [2025-08-07T16:16:38.767+0700] {dag.py:3722} INFO - Setting next_dagrun for example_branch_datetime_operator_3 to 2025-08-06T00:00:00+00:00, run_after=2025-08-07T00:00:00+00:00
[2025-08-07T16:16:38.826+0700] {processor.py:179} INFO - Processing /home/dwmhr/pln/venv/lib/python3.10/site-packages/airflow/example_dags/example_branch_datetime_operator.py took 0.241 seconds
[2025-08-07T16:17:34.880+0700] {processor.py:157} INFO - Started process (PID=122978) to work on /home/dwmhr/pln/venv/lib/python3.10/site-packages/airflow/example_dags/example_branch_datetime_operator.py
[2025-08-07T16:17:34.885+0700] {processor.py:829} INFO - Processing file /home/dwmhr/pln/venv/lib/python3.10/site-packages/airflow/example_dags/example_branch_datetime_operator.py for tasks to queue
[2025-08-07T16:17:34.889+0700] {logging_mixin.py:154} INFO - [2025-08-07T16:17:34.887+0700] {dagbag.py:536} INFO - Filling up the DagBag from /home/dwmhr/pln/venv/lib/python3.10/site-packages/airflow/example_dags/example_branch_datetime_operator.py
[2025-08-07T16:17:34.944+0700] {processor.py:839} INFO - DAG(s) dict_keys(['example_branch_datetime_operator', 'example_branch_datetime_operator_3', 'example_branch_datetime_operator_2']) retrieved from /home/dwmhr/pln/venv/lib/python3.10/site-packages/airflow/example_dags/example_branch_datetime_operator.py
[2025-08-07T16:17:35.069+0700] {logging_mixin.py:154} INFO - [2025-08-07T16:17:35.068+0700] {dag.py:2941} INFO - Sync 3 DAGs
[2025-08-07T16:17:35.172+0700] {logging_mixin.py:154} INFO - [2025-08-07T16:17:35.171+0700] {dag.py:3722} INFO - Setting next_dagrun for example_branch_datetime_operator to 2025-08-06T00:00:00+00:00, run_after=2025-08-07T00:00:00+00:00
[2025-08-07T16:17:35.188+0700] {logging_mixin.py:154} INFO - [2025-08-07T16:17:35.188+0700] {dag.py:3722} INFO - Setting next_dagrun for example_branch_datetime_operator_2 to 2025-08-06T00:00:00+00:00, run_after=2025-08-07T00:00:00+00:00
[2025-08-07T16:17:35.197+0700] {logging_mixin.py:154} INFO - [2025-08-07T16:17:35.196+0700] {dag.py:3722} INFO - Setting next_dagrun for example_branch_datetime_operator_3 to 2025-08-06T00:00:00+00:00, run_after=2025-08-07T00:00:00+00:00
[2025-08-07T16:17:35.271+0700] {processor.py:179} INFO - Processing /home/dwmhr/pln/venv/lib/python3.10/site-packages/airflow/example_dags/example_branch_datetime_operator.py took 0.409 seconds
[2025-08-07T16:18:42.454+0700] {processor.py:157} INFO - Started process (PID=123354) to work on /home/dwmhr/pln/venv/lib/python3.10/site-packages/airflow/example_dags/example_branch_datetime_operator.py
[2025-08-07T16:18:42.458+0700] {processor.py:829} INFO - Processing file /home/dwmhr/pln/venv/lib/python3.10/site-packages/airflow/example_dags/example_branch_datetime_operator.py for tasks to queue
[2025-08-07T16:18:42.458+0700] {logging_mixin.py:154} INFO - [2025-08-07T16:18:42.458+0700] {dagbag.py:536} INFO - Filling up the DagBag from /home/dwmhr/pln/venv/lib/python3.10/site-packages/airflow/example_dags/example_branch_datetime_operator.py
[2025-08-07T16:18:42.466+0700] {processor.py:839} INFO - DAG(s) dict_keys(['example_branch_datetime_operator', 'example_branch_datetime_operator_2', 'example_branch_datetime_operator_3']) retrieved from /home/dwmhr/pln/venv/lib/python3.10/site-packages/airflow/example_dags/example_branch_datetime_operator.py
[2025-08-07T16:18:42.483+0700] {logging_mixin.py:154} INFO - [2025-08-07T16:18:42.482+0700] {dag.py:2941} INFO - Sync 3 DAGs
[2025-08-07T16:18:42.498+0700] {logging_mixin.py:154} INFO - [2025-08-07T16:18:42.498+0700] {dag.py:3722} INFO - Setting next_dagrun for example_branch_datetime_operator to 2025-08-06T00:00:00+00:00, run_after=2025-08-07T00:00:00+00:00
[2025-08-07T16:18:42.501+0700] {logging_mixin.py:154} INFO - [2025-08-07T16:18:42.501+0700] {dag.py:3722} INFO - Setting next_dagrun for example_branch_datetime_operator_2 to 2025-08-06T00:00:00+00:00, run_after=2025-08-07T00:00:00+00:00
[2025-08-07T16:18:42.503+0700] {logging_mixin.py:154} INFO - [2025-08-07T16:18:42.502+0700] {dag.py:3722} INFO - Setting next_dagrun for example_branch_datetime_operator_3 to 2025-08-06T00:00:00+00:00, run_after=2025-08-07T00:00:00+00:00
[2025-08-07T16:18:42.519+0700] {processor.py:179} INFO - Processing /home/dwmhr/pln/venv/lib/python3.10/site-packages/airflow/example_dags/example_branch_datetime_operator.py took 0.068 seconds
[2025-08-07T16:27:33.142+0700] {processor.py:157} INFO - Started process (PID=125599) to work on /home/dwmhr/pln/venv/lib/python3.10/site-packages/airflow/example_dags/example_branch_datetime_operator.py
[2025-08-07T16:27:33.145+0700] {processor.py:829} INFO - Processing file /home/dwmhr/pln/venv/lib/python3.10/site-packages/airflow/example_dags/example_branch_datetime_operator.py for tasks to queue
[2025-08-07T16:27:33.146+0700] {logging_mixin.py:154} INFO - [2025-08-07T16:27:33.146+0700] {dagbag.py:536} INFO - Filling up the DagBag from /home/dwmhr/pln/venv/lib/python3.10/site-packages/airflow/example_dags/example_branch_datetime_operator.py
[2025-08-07T16:27:33.160+0700] {processor.py:839} INFO - DAG(s) dict_keys(['example_branch_datetime_operator', 'example_branch_datetime_operator_3', 'example_branch_datetime_operator_2']) retrieved from /home/dwmhr/pln/venv/lib/python3.10/site-packages/airflow/example_dags/example_branch_datetime_operator.py
[2025-08-07T16:27:33.192+0700] {logging_mixin.py:154} INFO - [2025-08-07T16:27:33.191+0700] {dag.py:2941} INFO - Sync 3 DAGs
[2025-08-07T16:27:33.352+0700] {logging_mixin.py:154} INFO - [2025-08-07T16:27:33.352+0700] {dag.py:3722} INFO - Setting next_dagrun for example_branch_datetime_operator to 2025-08-06T00:00:00+00:00, run_after=2025-08-07T00:00:00+00:00
[2025-08-07T16:27:33.357+0700] {logging_mixin.py:154} INFO - [2025-08-07T16:27:33.357+0700] {dag.py:3722} INFO - Setting next_dagrun for example_branch_datetime_operator_2 to 2025-08-06T00:00:00+00:00, run_after=2025-08-07T00:00:00+00:00
[2025-08-07T16:27:33.360+0700] {logging_mixin.py:154} INFO - [2025-08-07T16:27:33.360+0700] {dag.py:3722} INFO - Setting next_dagrun for example_branch_datetime_operator_3 to 2025-08-06T00:00:00+00:00, run_after=2025-08-07T00:00:00+00:00
[2025-08-07T16:27:33.387+0700] {processor.py:179} INFO - Processing /home/dwmhr/pln/venv/lib/python3.10/site-packages/airflow/example_dags/example_branch_datetime_operator.py took 0.250 seconds
[2025-08-07T16:28:56.139+0700] {processor.py:157} INFO - Started process (PID=125995) to work on /home/dwmhr/pln/venv/lib/python3.10/site-packages/airflow/example_dags/example_branch_datetime_operator.py
[2025-08-07T16:28:56.143+0700] {processor.py:829} INFO - Processing file /home/dwmhr/pln/venv/lib/python3.10/site-packages/airflow/example_dags/example_branch_datetime_operator.py for tasks to queue
[2025-08-07T16:28:56.146+0700] {logging_mixin.py:154} INFO - [2025-08-07T16:28:56.145+0700] {dagbag.py:536} INFO - Filling up the DagBag from /home/dwmhr/pln/venv/lib/python3.10/site-packages/airflow/example_dags/example_branch_datetime_operator.py
[2025-08-07T16:28:56.178+0700] {processor.py:839} INFO - DAG(s) dict_keys(['example_branch_datetime_operator_3', 'example_branch_datetime_operator_2', 'example_branch_datetime_operator']) retrieved from /home/dwmhr/pln/venv/lib/python3.10/site-packages/airflow/example_dags/example_branch_datetime_operator.py
[2025-08-07T16:28:56.248+0700] {logging_mixin.py:154} INFO - [2025-08-07T16:28:56.248+0700] {dag.py:2941} INFO - Sync 3 DAGs
[2025-08-07T16:28:56.302+0700] {logging_mixin.py:154} INFO - [2025-08-07T16:28:56.302+0700] {dag.py:3722} INFO - Setting next_dagrun for example_branch_datetime_operator to 2025-08-06T00:00:00+00:00, run_after=2025-08-07T00:00:00+00:00
[2025-08-07T16:28:56.313+0700] {logging_mixin.py:154} INFO - [2025-08-07T16:28:56.313+0700] {dag.py:3722} INFO - Setting next_dagrun for example_branch_datetime_operator_2 to 2025-08-06T00:00:00+00:00, run_after=2025-08-07T00:00:00+00:00
[2025-08-07T16:28:56.320+0700] {logging_mixin.py:154} INFO - [2025-08-07T16:28:56.320+0700] {dag.py:3722} INFO - Setting next_dagrun for example_branch_datetime_operator_3 to 2025-08-06T00:00:00+00:00, run_after=2025-08-07T00:00:00+00:00
[2025-08-07T16:28:56.374+0700] {processor.py:179} INFO - Processing /home/dwmhr/pln/venv/lib/python3.10/site-packages/airflow/example_dags/example_branch_datetime_operator.py took 0.246 seconds
[2025-08-07T16:29:54.873+0700] {processor.py:157} INFO - Started process (PID=126290) to work on /home/dwmhr/pln/venv/lib/python3.10/site-packages/airflow/example_dags/example_branch_datetime_operator.py
[2025-08-07T16:29:54.882+0700] {processor.py:829} INFO - Processing file /home/dwmhr/pln/venv/lib/python3.10/site-packages/airflow/example_dags/example_branch_datetime_operator.py for tasks to queue
[2025-08-07T16:29:54.887+0700] {logging_mixin.py:154} INFO - [2025-08-07T16:29:54.885+0700] {dagbag.py:536} INFO - Filling up the DagBag from /home/dwmhr/pln/venv/lib/python3.10/site-packages/airflow/example_dags/example_branch_datetime_operator.py
[2025-08-07T16:29:54.993+0700] {processor.py:839} INFO - DAG(s) dict_keys(['example_branch_datetime_operator_3', 'example_branch_datetime_operator', 'example_branch_datetime_operator_2']) retrieved from /home/dwmhr/pln/venv/lib/python3.10/site-packages/airflow/example_dags/example_branch_datetime_operator.py
[2025-08-07T16:29:55.180+0700] {logging_mixin.py:154} INFO - [2025-08-07T16:29:55.179+0700] {dag.py:2941} INFO - Sync 3 DAGs
[2025-08-07T16:29:55.376+0700] {logging_mixin.py:154} INFO - [2025-08-07T16:29:55.375+0700] {dag.py:3722} INFO - Setting next_dagrun for example_branch_datetime_operator to 2025-08-06T00:00:00+00:00, run_after=2025-08-07T00:00:00+00:00
[2025-08-07T16:29:55.421+0700] {logging_mixin.py:154} INFO - [2025-08-07T16:29:55.420+0700] {dag.py:3722} INFO - Setting next_dagrun for example_branch_datetime_operator_2 to 2025-08-06T00:00:00+00:00, run_after=2025-08-07T00:00:00+00:00
[2025-08-07T16:29:55.458+0700] {logging_mixin.py:154} INFO - [2025-08-07T16:29:55.457+0700] {dag.py:3722} INFO - Setting next_dagrun for example_branch_datetime_operator_3 to 2025-08-06T00:00:00+00:00, run_after=2025-08-07T00:00:00+00:00
[2025-08-07T16:29:55.793+0700] {processor.py:179} INFO - Processing /home/dwmhr/pln/venv/lib/python3.10/site-packages/airflow/example_dags/example_branch_datetime_operator.py took 0.947 seconds
[2025-08-07T16:30:53.555+0700] {processor.py:157} INFO - Started process (PID=126579) to work on /home/dwmhr/pln/venv/lib/python3.10/site-packages/airflow/example_dags/example_branch_datetime_operator.py
[2025-08-07T16:30:53.559+0700] {processor.py:829} INFO - Processing file /home/dwmhr/pln/venv/lib/python3.10/site-packages/airflow/example_dags/example_branch_datetime_operator.py for tasks to queue
[2025-08-07T16:30:53.562+0700] {logging_mixin.py:154} INFO - [2025-08-07T16:30:53.561+0700] {dagbag.py:536} INFO - Filling up the DagBag from /home/dwmhr/pln/venv/lib/python3.10/site-packages/airflow/example_dags/example_branch_datetime_operator.py
[2025-08-07T16:30:53.596+0700] {processor.py:839} INFO - DAG(s) dict_keys(['example_branch_datetime_operator', 'example_branch_datetime_operator_2', 'example_branch_datetime_operator_3']) retrieved from /home/dwmhr/pln/venv/lib/python3.10/site-packages/airflow/example_dags/example_branch_datetime_operator.py
[2025-08-07T16:30:53.667+0700] {logging_mixin.py:154} INFO - [2025-08-07T16:30:53.666+0700] {dag.py:2941} INFO - Sync 3 DAGs
[2025-08-07T16:30:53.722+0700] {logging_mixin.py:154} INFO - [2025-08-07T16:30:53.721+0700] {dag.py:3722} INFO - Setting next_dagrun for example_branch_datetime_operator to 2025-08-06T00:00:00+00:00, run_after=2025-08-07T00:00:00+00:00
[2025-08-07T16:30:53.741+0700] {logging_mixin.py:154} INFO - [2025-08-07T16:30:53.740+0700] {dag.py:3722} INFO - Setting next_dagrun for example_branch_datetime_operator_2 to 2025-08-06T00:00:00+00:00, run_after=2025-08-07T00:00:00+00:00
[2025-08-07T16:30:53.758+0700] {logging_mixin.py:154} INFO - [2025-08-07T16:30:53.757+0700] {dag.py:3722} INFO - Setting next_dagrun for example_branch_datetime_operator_3 to 2025-08-06T00:00:00+00:00, run_after=2025-08-07T00:00:00+00:00
[2025-08-07T16:30:53.854+0700] {processor.py:179} INFO - Processing /home/dwmhr/pln/venv/lib/python3.10/site-packages/airflow/example_dags/example_branch_datetime_operator.py took 0.312 seconds
[2025-08-07T16:33:16.177+0700] {processor.py:157} INFO - Started process (PID=127210) to work on /home/dwmhr/pln/venv/lib/python3.10/site-packages/airflow/example_dags/example_branch_datetime_operator.py
[2025-08-07T16:33:16.181+0700] {processor.py:829} INFO - Processing file /home/dwmhr/pln/venv/lib/python3.10/site-packages/airflow/example_dags/example_branch_datetime_operator.py for tasks to queue
[2025-08-07T16:33:16.187+0700] {logging_mixin.py:154} INFO - [2025-08-07T16:33:16.185+0700] {dagbag.py:536} INFO - Filling up the DagBag from /home/dwmhr/pln/venv/lib/python3.10/site-packages/airflow/example_dags/example_branch_datetime_operator.py
[2025-08-07T16:33:16.216+0700] {processor.py:839} INFO - DAG(s) dict_keys(['example_branch_datetime_operator', 'example_branch_datetime_operator_2', 'example_branch_datetime_operator_3']) retrieved from /home/dwmhr/pln/venv/lib/python3.10/site-packages/airflow/example_dags/example_branch_datetime_operator.py
[2025-08-07T16:33:16.290+0700] {logging_mixin.py:154} INFO - [2025-08-07T16:33:16.289+0700] {dag.py:2941} INFO - Sync 3 DAGs
[2025-08-07T16:33:16.339+0700] {logging_mixin.py:154} INFO - [2025-08-07T16:33:16.339+0700] {dag.py:3722} INFO - Setting next_dagrun for example_branch_datetime_operator to 2025-08-06T00:00:00+00:00, run_after=2025-08-07T00:00:00+00:00
[2025-08-07T16:33:16.350+0700] {logging_mixin.py:154} INFO - [2025-08-07T16:33:16.349+0700] {dag.py:3722} INFO - Setting next_dagrun for example_branch_datetime_operator_2 to 2025-08-06T00:00:00+00:00, run_after=2025-08-07T00:00:00+00:00
[2025-08-07T16:33:16.360+0700] {logging_mixin.py:154} INFO - [2025-08-07T16:33:16.360+0700] {dag.py:3722} INFO - Setting next_dagrun for example_branch_datetime_operator_3 to 2025-08-06T00:00:00+00:00, run_after=2025-08-07T00:00:00+00:00
[2025-08-07T16:33:16.411+0700] {processor.py:179} INFO - Processing /home/dwmhr/pln/venv/lib/python3.10/site-packages/airflow/example_dags/example_branch_datetime_operator.py took 0.247 seconds
[2025-08-07T16:34:45.675+0700] {processor.py:157} INFO - Started process (PID=127575) to work on /home/dwmhr/pln/venv/lib/python3.10/site-packages/airflow/example_dags/example_branch_datetime_operator.py
[2025-08-07T16:34:45.677+0700] {processor.py:829} INFO - Processing file /home/dwmhr/pln/venv/lib/python3.10/site-packages/airflow/example_dags/example_branch_datetime_operator.py for tasks to queue
[2025-08-07T16:34:45.679+0700] {logging_mixin.py:154} INFO - [2025-08-07T16:34:45.678+0700] {dagbag.py:536} INFO - Filling up the DagBag from /home/dwmhr/pln/venv/lib/python3.10/site-packages/airflow/example_dags/example_branch_datetime_operator.py
[2025-08-07T16:34:45.695+0700] {processor.py:839} INFO - DAG(s) dict_keys(['example_branch_datetime_operator', 'example_branch_datetime_operator_3', 'example_branch_datetime_operator_2']) retrieved from /home/dwmhr/pln/venv/lib/python3.10/site-packages/airflow/example_dags/example_branch_datetime_operator.py
[2025-08-07T16:34:45.732+0700] {logging_mixin.py:154} INFO - [2025-08-07T16:34:45.732+0700] {dag.py:2941} INFO - Sync 3 DAGs
[2025-08-07T16:34:45.763+0700] {logging_mixin.py:154} INFO - [2025-08-07T16:34:45.763+0700] {dag.py:3722} INFO - Setting next_dagrun for example_branch_datetime_operator to 2025-08-06T00:00:00+00:00, run_after=2025-08-07T00:00:00+00:00
[2025-08-07T16:34:45.770+0700] {logging_mixin.py:154} INFO - [2025-08-07T16:34:45.769+0700] {dag.py:3722} INFO - Setting next_dagrun for example_branch_datetime_operator_2 to 2025-08-06T00:00:00+00:00, run_after=2025-08-07T00:00:00+00:00
[2025-08-07T16:34:45.774+0700] {logging_mixin.py:154} INFO - [2025-08-07T16:34:45.773+0700] {dag.py:3722} INFO - Setting next_dagrun for example_branch_datetime_operator_3 to 2025-08-06T00:00:00+00:00, run_after=2025-08-07T00:00:00+00:00
[2025-08-07T16:34:45.806+0700] {processor.py:179} INFO - Processing /home/dwmhr/pln/venv/lib/python3.10/site-packages/airflow/example_dags/example_branch_datetime_operator.py took 0.137 seconds
[2025-08-07T16:35:57.431+0700] {processor.py:157} INFO - Started process (PID=127846) to work on /home/dwmhr/pln/venv/lib/python3.10/site-packages/airflow/example_dags/example_branch_datetime_operator.py
[2025-08-07T16:35:57.433+0700] {processor.py:829} INFO - Processing file /home/dwmhr/pln/venv/lib/python3.10/site-packages/airflow/example_dags/example_branch_datetime_operator.py for tasks to queue
[2025-08-07T16:35:57.433+0700] {logging_mixin.py:154} INFO - [2025-08-07T16:35:57.433+0700] {dagbag.py:536} INFO - Filling up the DagBag from /home/dwmhr/pln/venv/lib/python3.10/site-packages/airflow/example_dags/example_branch_datetime_operator.py
[2025-08-07T16:35:57.441+0700] {processor.py:839} INFO - DAG(s) dict_keys(['example_branch_datetime_operator_3', 'example_branch_datetime_operator', 'example_branch_datetime_operator_2']) retrieved from /home/dwmhr/pln/venv/lib/python3.10/site-packages/airflow/example_dags/example_branch_datetime_operator.py
[2025-08-07T16:35:57.459+0700] {logging_mixin.py:154} INFO - [2025-08-07T16:35:57.459+0700] {dag.py:2941} INFO - Sync 3 DAGs
[2025-08-07T16:35:57.474+0700] {logging_mixin.py:154} INFO - [2025-08-07T16:35:57.474+0700] {dag.py:3722} INFO - Setting next_dagrun for example_branch_datetime_operator to 2025-08-06T00:00:00+00:00, run_after=2025-08-07T00:00:00+00:00
[2025-08-07T16:35:57.477+0700] {logging_mixin.py:154} INFO - [2025-08-07T16:35:57.477+0700] {dag.py:3722} INFO - Setting next_dagrun for example_branch_datetime_operator_2 to 2025-08-06T00:00:00+00:00, run_after=2025-08-07T00:00:00+00:00
[2025-08-07T16:35:57.478+0700] {logging_mixin.py:154} INFO - [2025-08-07T16:35:57.478+0700] {dag.py:3722} INFO - Setting next_dagrun for example_branch_datetime_operator_3 to 2025-08-06T00:00:00+00:00, run_after=2025-08-07T00:00:00+00:00
[2025-08-07T16:35:57.505+0700] {processor.py:179} INFO - Processing /home/dwmhr/pln/venv/lib/python3.10/site-packages/airflow/example_dags/example_branch_datetime_operator.py took 0.077 seconds
[2025-08-07T16:36:52.899+0700] {processor.py:157} INFO - Started process (PID=128103) to work on /home/dwmhr/pln/venv/lib/python3.10/site-packages/airflow/example_dags/example_branch_datetime_operator.py
[2025-08-07T16:36:52.902+0700] {processor.py:829} INFO - Processing file /home/dwmhr/pln/venv/lib/python3.10/site-packages/airflow/example_dags/example_branch_datetime_operator.py for tasks to queue
[2025-08-07T16:36:52.904+0700] {logging_mixin.py:154} INFO - [2025-08-07T16:36:52.903+0700] {dagbag.py:536} INFO - Filling up the DagBag from /home/dwmhr/pln/venv/lib/python3.10/site-packages/airflow/example_dags/example_branch_datetime_operator.py
[2025-08-07T16:36:52.914+0700] {processor.py:839} INFO - DAG(s) dict_keys(['example_branch_datetime_operator', 'example_branch_datetime_operator_2', 'example_branch_datetime_operator_3']) retrieved from /home/dwmhr/pln/venv/lib/python3.10/site-packages/airflow/example_dags/example_branch_datetime_operator.py
[2025-08-07T16:36:52.938+0700] {logging_mixin.py:154} INFO - [2025-08-07T16:36:52.937+0700] {dag.py:2941} INFO - Sync 3 DAGs
[2025-08-07T16:36:52.958+0700] {logging_mixin.py:154} INFO - [2025-08-07T16:36:52.957+0700] {dag.py:3722} INFO - Setting next_dagrun for example_branch_datetime_operator to 2025-08-06T00:00:00+00:00, run_after=2025-08-07T00:00:00+00:00
[2025-08-07T16:36:52.963+0700] {logging_mixin.py:154} INFO - [2025-08-07T16:36:52.962+0700] {dag.py:3722} INFO - Setting next_dagrun for example_branch_datetime_operator_2 to 2025-08-06T00:00:00+00:00, run_after=2025-08-07T00:00:00+00:00
[2025-08-07T16:36:52.966+0700] {logging_mixin.py:154} INFO - [2025-08-07T16:36:52.965+0700] {dag.py:3722} INFO - Setting next_dagrun for example_branch_datetime_operator_3 to 2025-08-06T00:00:00+00:00, run_after=2025-08-07T00:00:00+00:00
[2025-08-07T16:36:52.993+0700] {processor.py:179} INFO - Processing /home/dwmhr/pln/venv/lib/python3.10/site-packages/airflow/example_dags/example_branch_datetime_operator.py took 0.098 seconds
[2025-08-07T16:38:13.985+0700] {processor.py:157} INFO - Started process (PID=128437) to work on /home/dwmhr/pln/venv/lib/python3.10/site-packages/airflow/example_dags/example_branch_datetime_operator.py
[2025-08-07T16:38:13.992+0700] {processor.py:829} INFO - Processing file /home/dwmhr/pln/venv/lib/python3.10/site-packages/airflow/example_dags/example_branch_datetime_operator.py for tasks to queue
[2025-08-07T16:38:13.997+0700] {logging_mixin.py:154} INFO - [2025-08-07T16:38:13.994+0700] {dagbag.py:536} INFO - Filling up the DagBag from /home/dwmhr/pln/venv/lib/python3.10/site-packages/airflow/example_dags/example_branch_datetime_operator.py
[2025-08-07T16:38:14.047+0700] {processor.py:839} INFO - DAG(s) dict_keys(['example_branch_datetime_operator_2', 'example_branch_datetime_operator_3', 'example_branch_datetime_operator']) retrieved from /home/dwmhr/pln/venv/lib/python3.10/site-packages/airflow/example_dags/example_branch_datetime_operator.py
[2025-08-07T16:38:14.187+0700] {logging_mixin.py:154} INFO - [2025-08-07T16:38:14.183+0700] {dag.py:2941} INFO - Sync 3 DAGs
[2025-08-07T16:38:13.102+0700] {logging_mixin.py:154} INFO - [2025-08-07T16:38:13.102+0700] {dag.py:3722} INFO - Setting next_dagrun for example_branch_datetime_operator to 2025-08-06T00:00:00+00:00, run_after=2025-08-07T00:00:00+00:00
[2025-08-07T16:38:13.118+0700] {logging_mixin.py:154} INFO - [2025-08-07T16:38:13.117+0700] {dag.py:3722} INFO - Setting next_dagrun for example_branch_datetime_operator_2 to 2025-08-06T00:00:00+00:00, run_after=2025-08-07T00:00:00+00:00
[2025-08-07T16:38:13.126+0700] {logging_mixin.py:154} INFO - [2025-08-07T16:38:13.126+0700] {dag.py:3722} INFO - Setting next_dagrun for example_branch_datetime_operator_3 to 2025-08-06T00:00:00+00:00, run_after=2025-08-07T00:00:00+00:00
[2025-08-07T16:38:13.238+0700] {processor.py:179} INFO - Processing /home/dwmhr/pln/venv/lib/python3.10/site-packages/airflow/example_dags/example_branch_datetime_operator.py took 0.467 seconds
[2025-08-07T16:39:14.749+0700] {processor.py:157} INFO - Started process (PID=128682) to work on /home/dwmhr/pln/venv/lib/python3.10/site-packages/airflow/example_dags/example_branch_datetime_operator.py
[2025-08-07T16:39:14.753+0700] {processor.py:829} INFO - Processing file /home/dwmhr/pln/venv/lib/python3.10/site-packages/airflow/example_dags/example_branch_datetime_operator.py for tasks to queue
[2025-08-07T16:39:14.754+0700] {logging_mixin.py:154} INFO - [2025-08-07T16:39:14.754+0700] {dagbag.py:536} INFO - Filling up the DagBag from /home/dwmhr/pln/venv/lib/python3.10/site-packages/airflow/example_dags/example_branch_datetime_operator.py
[2025-08-07T16:39:14.766+0700] {processor.py:839} INFO - DAG(s) dict_keys(['example_branch_datetime_operator_2', 'example_branch_datetime_operator', 'example_branch_datetime_operator_3']) retrieved from /home/dwmhr/pln/venv/lib/python3.10/site-packages/airflow/example_dags/example_branch_datetime_operator.py
[2025-08-07T16:39:14.794+0700] {logging_mixin.py:154} INFO - [2025-08-07T16:39:14.794+0700] {dag.py:2941} INFO - Sync 3 DAGs
[2025-08-07T16:39:14.817+0700] {logging_mixin.py:154} INFO - [2025-08-07T16:39:14.816+0700] {dag.py:3722} INFO - Setting next_dagrun for example_branch_datetime_operator to 2025-08-06T00:00:00+00:00, run_after=2025-08-07T00:00:00+00:00
[2025-08-07T16:39:14.821+0700] {logging_mixin.py:154} INFO - [2025-08-07T16:39:14.821+0700] {dag.py:3722} INFO - Setting next_dagrun for example_branch_datetime_operator_2 to 2025-08-06T00:00:00+00:00, run_after=2025-08-07T00:00:00+00:00
[2025-08-07T16:39:14.824+0700] {logging_mixin.py:154} INFO - [2025-08-07T16:39:14.823+0700] {dag.py:3722} INFO - Setting next_dagrun for example_branch_datetime_operator_3 to 2025-08-06T00:00:00+00:00, run_after=2025-08-07T00:00:00+00:00
[2025-08-07T16:39:14.854+0700] {processor.py:179} INFO - Processing /home/dwmhr/pln/venv/lib/python3.10/site-packages/airflow/example_dags/example_branch_datetime_operator.py took 0.109 seconds
[2025-08-07T16:40:56.462+0700] {processor.py:157} INFO - Started process (PID=129097) to work on /home/dwmhr/pln/venv/lib/python3.10/site-packages/airflow/example_dags/example_branch_datetime_operator.py
[2025-08-07T16:40:56.473+0700] {processor.py:829} INFO - Processing file /home/dwmhr/pln/venv/lib/python3.10/site-packages/airflow/example_dags/example_branch_datetime_operator.py for tasks to queue
[2025-08-07T16:40:56.474+0700] {logging_mixin.py:154} INFO - [2025-08-07T16:40:56.474+0700] {dagbag.py:536} INFO - Filling up the DagBag from /home/dwmhr/pln/venv/lib/python3.10/site-packages/airflow/example_dags/example_branch_datetime_operator.py
[2025-08-07T16:40:56.481+0700] {processor.py:839} INFO - DAG(s) dict_keys(['example_branch_datetime_operator', 'example_branch_datetime_operator_3', 'example_branch_datetime_operator_2']) retrieved from /home/dwmhr/pln/venv/lib/python3.10/site-packages/airflow/example_dags/example_branch_datetime_operator.py
[2025-08-07T16:40:56.497+0700] {logging_mixin.py:154} INFO - [2025-08-07T16:40:56.497+0700] {dag.py:2941} INFO - Sync 3 DAGs
[2025-08-07T16:40:56.510+0700] {logging_mixin.py:154} INFO - [2025-08-07T16:40:56.510+0700] {dag.py:3722} INFO - Setting next_dagrun for example_branch_datetime_operator to 2025-08-06T00:00:00+00:00, run_after=2025-08-07T00:00:00+00:00
[2025-08-07T16:40:56.513+0700] {logging_mixin.py:154} INFO - [2025-08-07T16:40:56.512+0700] {dag.py:3722} INFO - Setting next_dagrun for example_branch_datetime_operator_2 to 2025-08-06T00:00:00+00:00, run_after=2025-08-07T00:00:00+00:00
[2025-08-07T16:40:56.514+0700] {logging_mixin.py:154} INFO - [2025-08-07T16:40:56.514+0700] {dag.py:3722} INFO - Setting next_dagrun for example_branch_datetime_operator_3 to 2025-08-06T00:00:00+00:00, run_after=2025-08-07T00:00:00+00:00
[2025-08-07T16:40:56.531+0700] {processor.py:179} INFO - Processing /home/dwmhr/pln/venv/lib/python3.10/site-packages/airflow/example_dags/example_branch_datetime_operator.py took 0.071 seconds
[2025-08-07T16:41:52.069+0700] {processor.py:157} INFO - Started process (PID=129345) to work on /home/dwmhr/pln/venv/lib/python3.10/site-packages/airflow/example_dags/example_branch_datetime_operator.py
[2025-08-07T16:41:52.072+0700] {processor.py:829} INFO - Processing file /home/dwmhr/pln/venv/lib/python3.10/site-packages/airflow/example_dags/example_branch_datetime_operator.py for tasks to queue
[2025-08-07T16:41:52.073+0700] {logging_mixin.py:154} INFO - [2025-08-07T16:41:52.072+0700] {dagbag.py:536} INFO - Filling up the DagBag from /home/dwmhr/pln/venv/lib/python3.10/site-packages/airflow/example_dags/example_branch_datetime_operator.py
[2025-08-07T16:41:52.083+0700] {processor.py:839} INFO - DAG(s) dict_keys(['example_branch_datetime_operator', 'example_branch_datetime_operator_3', 'example_branch_datetime_operator_2']) retrieved from /home/dwmhr/pln/venv/lib/python3.10/site-packages/airflow/example_dags/example_branch_datetime_operator.py
[2025-08-07T16:41:52.108+0700] {logging_mixin.py:154} INFO - [2025-08-07T16:41:52.108+0700] {dag.py:2941} INFO - Sync 3 DAGs
[2025-08-07T16:41:52.128+0700] {logging_mixin.py:154} INFO - [2025-08-07T16:41:52.128+0700] {dag.py:3722} INFO - Setting next_dagrun for example_branch_datetime_operator to 2025-08-06T00:00:00+00:00, run_after=2025-08-07T00:00:00+00:00
[2025-08-07T16:41:52.132+0700] {logging_mixin.py:154} INFO - [2025-08-07T16:41:52.132+0700] {dag.py:3722} INFO - Setting next_dagrun for example_branch_datetime_operator_2 to 2025-08-06T00:00:00+00:00, run_after=2025-08-07T00:00:00+00:00
[2025-08-07T16:41:52.134+0700] {logging_mixin.py:154} INFO - [2025-08-07T16:41:52.134+0700] {dag.py:3722} INFO - Setting next_dagrun for example_branch_datetime_operator_3 to 2025-08-06T00:00:00+00:00, run_after=2025-08-07T00:00:00+00:00
[2025-08-07T16:41:52.156+0700] {processor.py:179} INFO - Processing /home/dwmhr/pln/venv/lib/python3.10/site-packages/airflow/example_dags/example_branch_datetime_operator.py took 0.091 seconds
[2025-08-07T16:43:00.719+0700] {processor.py:157} INFO - Started process (PID=129624) to work on /home/dwmhr/pln/venv/lib/python3.10/site-packages/airflow/example_dags/example_branch_datetime_operator.py
[2025-08-07T16:43:00.725+0700] {processor.py:829} INFO - Processing file /home/dwmhr/pln/venv/lib/python3.10/site-packages/airflow/example_dags/example_branch_datetime_operator.py for tasks to queue
[2025-08-07T16:43:00.730+0700] {logging_mixin.py:154} INFO - [2025-08-07T16:43:00.728+0700] {dagbag.py:536} INFO - Filling up the DagBag from /home/dwmhr/pln/venv/lib/python3.10/site-packages/airflow/example_dags/example_branch_datetime_operator.py
[2025-08-07T16:43:00.815+0700] {processor.py:839} INFO - DAG(s) dict_keys(['example_branch_datetime_operator_3', 'example_branch_datetime_operator', 'example_branch_datetime_operator_2']) retrieved from /home/dwmhr/pln/venv/lib/python3.10/site-packages/airflow/example_dags/example_branch_datetime_operator.py
[2025-08-07T16:43:01.023+0700] {logging_mixin.py:154} INFO - [2025-08-07T16:43:01.022+0700] {dag.py:2941} INFO - Sync 3 DAGs
[2025-08-07T16:43:01.252+0700] {logging_mixin.py:154} INFO - [2025-08-07T16:43:01.251+0700] {dag.py:3722} INFO - Setting next_dagrun for example_branch_datetime_operator to 2025-08-06T00:00:00+00:00, run_after=2025-08-07T00:00:00+00:00
[2025-08-07T16:43:01.290+0700] {logging_mixin.py:154} INFO - [2025-08-07T16:43:01.289+0700] {dag.py:3722} INFO - Setting next_dagrun for example_branch_datetime_operator_2 to 2025-08-06T00:00:00+00:00, run_after=2025-08-07T00:00:00+00:00
[2025-08-07T16:43:01.310+0700] {logging_mixin.py:154} INFO - [2025-08-07T16:43:01.309+0700] {dag.py:3722} INFO - Setting next_dagrun for example_branch_datetime_operator_3 to 2025-08-06T00:00:00+00:00, run_after=2025-08-07T00:00:00+00:00
[2025-08-07T16:43:01.444+0700] {processor.py:179} INFO - Processing /home/dwmhr/pln/venv/lib/python3.10/site-packages/airflow/example_dags/example_branch_datetime_operator.py took 0.752 seconds
[2025-08-07T16:43:58.448+0700] {processor.py:157} INFO - Started process (PID=129853) to work on /home/dwmhr/pln/venv/lib/python3.10/site-packages/airflow/example_dags/example_branch_datetime_operator.py
[2025-08-07T16:43:58.451+0700] {processor.py:829} INFO - Processing file /home/dwmhr/pln/venv/lib/python3.10/site-packages/airflow/example_dags/example_branch_datetime_operator.py for tasks to queue
[2025-08-07T16:43:58.453+0700] {logging_mixin.py:154} INFO - [2025-08-07T16:43:58.452+0700] {dagbag.py:536} INFO - Filling up the DagBag from /home/dwmhr/pln/venv/lib/python3.10/site-packages/airflow/example_dags/example_branch_datetime_operator.py
[2025-08-07T16:43:58.472+0700] {processor.py:839} INFO - DAG(s) dict_keys(['example_branch_datetime_operator', 'example_branch_datetime_operator_2', 'example_branch_datetime_operator_3']) retrieved from /home/dwmhr/pln/venv/lib/python3.10/site-packages/airflow/example_dags/example_branch_datetime_operator.py
[2025-08-07T16:43:58.513+0700] {logging_mixin.py:154} INFO - [2025-08-07T16:43:58.513+0700] {dag.py:2941} INFO - Sync 3 DAGs
[2025-08-07T16:43:58.547+0700] {logging_mixin.py:154} INFO - [2025-08-07T16:43:58.546+0700] {dag.py:3722} INFO - Setting next_dagrun for example_branch_datetime_operator to 2025-08-06T00:00:00+00:00, run_after=2025-08-07T00:00:00+00:00
[2025-08-07T16:43:58.556+0700] {logging_mixin.py:154} INFO - [2025-08-07T16:43:58.555+0700] {dag.py:3722} INFO - Setting next_dagrun for example_branch_datetime_operator_2 to 2025-08-06T00:00:00+00:00, run_after=2025-08-07T00:00:00+00:00
[2025-08-07T16:43:58.560+0700] {logging_mixin.py:154} INFO - [2025-08-07T16:43:58.559+0700] {dag.py:3722} INFO - Setting next_dagrun for example_branch_datetime_operator_3 to 2025-08-06T00:00:00+00:00, run_after=2025-08-07T00:00:00+00:00
[2025-08-07T16:43:58.614+0700] {processor.py:179} INFO - Processing /home/dwmhr/pln/venv/lib/python3.10/site-packages/airflow/example_dags/example_branch_datetime_operator.py took 0.173 seconds
[2025-08-07T16:44:59.910+0700] {processor.py:157} INFO - Started process (PID=130148) to work on /home/dwmhr/pln/venv/lib/python3.10/site-packages/airflow/example_dags/example_branch_datetime_operator.py
[2025-08-07T16:44:59.912+0700] {processor.py:829} INFO - Processing file /home/dwmhr/pln/venv/lib/python3.10/site-packages/airflow/example_dags/example_branch_datetime_operator.py for tasks to queue
[2025-08-07T16:44:59.913+0700] {logging_mixin.py:154} INFO - [2025-08-07T16:44:59.913+0700] {dagbag.py:536} INFO - Filling up the DagBag from /home/dwmhr/pln/venv/lib/python3.10/site-packages/airflow/example_dags/example_branch_datetime_operator.py
[2025-08-07T16:44:59.930+0700] {processor.py:839} INFO - DAG(s) dict_keys(['example_branch_datetime_operator_3', 'example_branch_datetime_operator_2', 'example_branch_datetime_operator']) retrieved from /home/dwmhr/pln/venv/lib/python3.10/site-packages/airflow/example_dags/example_branch_datetime_operator.py
[2025-08-07T16:44:59.959+0700] {logging_mixin.py:154} INFO - [2025-08-07T16:44:59.959+0700] {dag.py:2941} INFO - Sync 3 DAGs
[2025-08-07T16:44:59.980+0700] {logging_mixin.py:154} INFO - [2025-08-07T16:44:59.980+0700] {dag.py:3722} INFO - Setting next_dagrun for example_branch_datetime_operator to 2025-08-06T00:00:00+00:00, run_after=2025-08-07T00:00:00+00:00
[2025-08-07T16:44:59.985+0700] {logging_mixin.py:154} INFO - [2025-08-07T16:44:59.985+0700] {dag.py:3722} INFO - Setting next_dagrun for example_branch_datetime_operator_2 to 2025-08-06T00:00:00+00:00, run_after=2025-08-07T00:00:00+00:00
[2025-08-07T16:44:59.988+0700] {logging_mixin.py:154} INFO - [2025-08-07T16:44:59.988+0700] {dag.py:3722} INFO - Setting next_dagrun for example_branch_datetime_operator_3 to 2025-08-06T00:00:00+00:00, run_after=2025-08-07T00:00:00+00:00
[2025-08-07T16:45:00.025+0700] {processor.py:179} INFO - Processing /home/dwmhr/pln/venv/lib/python3.10/site-packages/airflow/example_dags/example_branch_datetime_operator.py took 0.118 seconds
[2025-08-07T16:46:06.056+0700] {processor.py:157} INFO - Started process (PID=130439) to work on /home/dwmhr/pln/venv/lib/python3.10/site-packages/airflow/example_dags/example_branch_datetime_operator.py
[2025-08-07T16:46:06.062+0700] {processor.py:829} INFO - Processing file /home/dwmhr/pln/venv/lib/python3.10/site-packages/airflow/example_dags/example_branch_datetime_operator.py for tasks to queue
[2025-08-07T16:46:06.067+0700] {logging_mixin.py:154} INFO - [2025-08-07T16:46:06.065+0700] {dagbag.py:536} INFO - Filling up the DagBag from /home/dwmhr/pln/venv/lib/python3.10/site-packages/airflow/example_dags/example_branch_datetime_operator.py
[2025-08-07T16:46:06.129+0700] {processor.py:839} INFO - DAG(s) dict_keys(['example_branch_datetime_operator_3', 'example_branch_datetime_operator_2', 'example_branch_datetime_operator']) retrieved from /home/dwmhr/pln/venv/lib/python3.10/site-packages/airflow/example_dags/example_branch_datetime_operator.py
[2025-08-07T16:46:06.267+0700] {logging_mixin.py:154} INFO - [2025-08-07T16:46:06.266+0700] {dag.py:2941} INFO - Sync 3 DAGs
[2025-08-07T16:46:06.376+0700] {logging_mixin.py:154} INFO - [2025-08-07T16:46:06.375+0700] {dag.py:3722} INFO - Setting next_dagrun for example_branch_datetime_operator to 2025-08-06T00:00:00+00:00, run_after=2025-08-07T00:00:00+00:00
[2025-08-07T16:46:06.397+0700] {logging_mixin.py:154} INFO - [2025-08-07T16:46:06.396+0700] {dag.py:3722} INFO - Setting next_dagrun for example_branch_datetime_operator_2 to 2025-08-06T00:00:00+00:00, run_after=2025-08-07T00:00:00+00:00
[2025-08-07T16:46:06.409+0700] {logging_mixin.py:154} INFO - [2025-08-07T16:46:06.408+0700] {dag.py:3722} INFO - Setting next_dagrun for example_branch_datetime_operator_3 to 2025-08-06T00:00:00+00:00, run_after=2025-08-07T00:00:00+00:00
[2025-08-07T16:46:06.724+0700] {processor.py:179} INFO - Processing /home/dwmhr/pln/venv/lib/python3.10/site-packages/airflow/example_dags/example_branch_datetime_operator.py took 0.693 seconds
[2025-08-07T16:47:17.403+0700] {processor.py:157} INFO - Started process (PID=130744) to work on /home/dwmhr/pln/venv/lib/python3.10/site-packages/airflow/example_dags/example_branch_datetime_operator.py
[2025-08-07T16:47:17.415+0700] {processor.py:829} INFO - Processing file /home/dwmhr/pln/venv/lib/python3.10/site-packages/airflow/example_dags/example_branch_datetime_operator.py for tasks to queue
[2025-08-07T16:47:17.416+0700] {logging_mixin.py:154} INFO - [2025-08-07T16:47:17.416+0700] {dagbag.py:536} INFO - Filling up the DagBag from /home/dwmhr/pln/venv/lib/python3.10/site-packages/airflow/example_dags/example_branch_datetime_operator.py
[2025-08-07T16:47:17.424+0700] {processor.py:839} INFO - DAG(s) dict_keys(['example_branch_datetime_operator', 'example_branch_datetime_operator_3', 'example_branch_datetime_operator_2']) retrieved from /home/dwmhr/pln/venv/lib/python3.10/site-packages/airflow/example_dags/example_branch_datetime_operator.py
[2025-08-07T16:47:17.441+0700] {logging_mixin.py:154} INFO - [2025-08-07T16:47:17.441+0700] {dag.py:2941} INFO - Sync 3 DAGs
[2025-08-07T16:47:17.454+0700] {logging_mixin.py:154} INFO - [2025-08-07T16:47:17.454+0700] {dag.py:3722} INFO - Setting next_dagrun for example_branch_datetime_operator to 2025-08-06T00:00:00+00:00, run_after=2025-08-07T00:00:00+00:00
[2025-08-07T16:47:17.457+0700] {logging_mixin.py:154} INFO - [2025-08-07T16:47:17.457+0700] {dag.py:3722} INFO - Setting next_dagrun for example_branch_datetime_operator_2 to 2025-08-06T00:00:00+00:00, run_after=2025-08-07T00:00:00+00:00
[2025-08-07T16:47:17.458+0700] {logging_mixin.py:154} INFO - [2025-08-07T16:47:17.458+0700] {dag.py:3722} INFO - Setting next_dagrun for example_branch_datetime_operator_3 to 2025-08-06T00:00:00+00:00, run_after=2025-08-07T00:00:00+00:00
[2025-08-07T16:47:17.474+0700] {processor.py:179} INFO - Processing /home/dwmhr/pln/venv/lib/python3.10/site-packages/airflow/example_dags/example_branch_datetime_operator.py took 0.074 seconds
[2025-08-07T16:48:32.096+0700] {processor.py:157} INFO - Started process (PID=131046) to work on /home/dwmhr/pln/venv/lib/python3.10/site-packages/airflow/example_dags/example_branch_datetime_operator.py
[2025-08-07T16:48:32.100+0700] {processor.py:829} INFO - Processing file /home/dwmhr/pln/venv/lib/python3.10/site-packages/airflow/example_dags/example_branch_datetime_operator.py for tasks to queue
[2025-08-07T16:48:32.102+0700] {logging_mixin.py:154} INFO - [2025-08-07T16:48:32.101+0700] {dagbag.py:536} INFO - Filling up the DagBag from /home/dwmhr/pln/venv/lib/python3.10/site-packages/airflow/example_dags/example_branch_datetime_operator.py
[2025-08-07T16:48:32.124+0700] {processor.py:839} INFO - DAG(s) dict_keys(['example_branch_datetime_operator', 'example_branch_datetime_operator_3', 'example_branch_datetime_operator_2']) retrieved from /home/dwmhr/pln/venv/lib/python3.10/site-packages/airflow/example_dags/example_branch_datetime_operator.py
[2025-08-07T16:48:32.183+0700] {logging_mixin.py:154} INFO - [2025-08-07T16:48:32.182+0700] {dag.py:2941} INFO - Sync 3 DAGs
[2025-08-07T16:48:32.220+0700] {logging_mixin.py:154} INFO - [2025-08-07T16:48:32.220+0700] {dag.py:3722} INFO - Setting next_dagrun for example_branch_datetime_operator to 2025-08-06T00:00:00+00:00, run_after=2025-08-07T00:00:00+00:00
[2025-08-07T16:48:32.228+0700] {logging_mixin.py:154} INFO - [2025-08-07T16:48:32.227+0700] {dag.py:3722} INFO - Setting next_dagrun for example_branch_datetime_operator_2 to 2025-08-06T00:00:00+00:00, run_after=2025-08-07T00:00:00+00:00
[2025-08-07T16:48:32.232+0700] {logging_mixin.py:154} INFO - [2025-08-07T16:48:32.231+0700] {dag.py:3722} INFO - Setting next_dagrun for example_branch_datetime_operator_3 to 2025-08-06T00:00:00+00:00, run_after=2025-08-07T00:00:00+00:00
[2025-08-07T16:48:32.287+0700] {processor.py:179} INFO - Processing /home/dwmhr/pln/venv/lib/python3.10/site-packages/airflow/example_dags/example_branch_datetime_operator.py took 0.199 seconds
[2025-08-07T16:49:19.867+0700] {processor.py:157} INFO - Started process (PID=131261) to work on /home/dwmhr/pln/venv/lib/python3.10/site-packages/airflow/example_dags/example_branch_datetime_operator.py
[2025-08-07T16:49:19.880+0700] {processor.py:829} INFO - Processing file /home/dwmhr/pln/venv/lib/python3.10/site-packages/airflow/example_dags/example_branch_datetime_operator.py for tasks to queue
[2025-08-07T16:49:19.881+0700] {logging_mixin.py:154} INFO - [2025-08-07T16:49:19.881+0700] {dagbag.py:536} INFO - Filling up the DagBag from /home/dwmhr/pln/venv/lib/python3.10/site-packages/airflow/example_dags/example_branch_datetime_operator.py
[2025-08-07T16:49:19.895+0700] {processor.py:839} INFO - DAG(s) dict_keys(['example_branch_datetime_operator', 'example_branch_datetime_operator_2', 'example_branch_datetime_operator_3']) retrieved from /home/dwmhr/pln/venv/lib/python3.10/site-packages/airflow/example_dags/example_branch_datetime_operator.py
[2025-08-07T16:49:19.926+0700] {logging_mixin.py:154} INFO - [2025-08-07T16:49:19.926+0700] {dag.py:2941} INFO - Sync 3 DAGs
[2025-08-07T16:49:19.953+0700] {logging_mixin.py:154} INFO - [2025-08-07T16:49:19.952+0700] {dag.py:3722} INFO - Setting next_dagrun for example_branch_datetime_operator to 2025-08-06T00:00:00+00:00, run_after=2025-08-07T00:00:00+00:00
[2025-08-07T16:49:19.959+0700] {logging_mixin.py:154} INFO - [2025-08-07T16:49:19.958+0700] {dag.py:3722} INFO - Setting next_dagrun for example_branch_datetime_operator_2 to 2025-08-06T00:00:00+00:00, run_after=2025-08-07T00:00:00+00:00
[2025-08-07T16:49:19.962+0700] {logging_mixin.py:154} INFO - [2025-08-07T16:49:19.961+0700] {dag.py:3722} INFO - Setting next_dagrun for example_branch_datetime_operator_3 to 2025-08-06T00:00:00+00:00, run_after=2025-08-07T00:00:00+00:00
[2025-08-07T16:49:19.991+0700] {processor.py:179} INFO - Processing /home/dwmhr/pln/venv/lib/python3.10/site-packages/airflow/example_dags/example_branch_datetime_operator.py took 0.130 seconds
