[2025-08-07T15:45:08.513+0700] {processor.py:157} INFO - Started process (PID=113240) to work on /home/dwmhr/pln/venv/lib/python3.10/site-packages/airflow/example_dags/example_short_circuit_operator.py
[2025-08-07T15:45:08.514+0700] {processor.py:829} INFO - Processing file /home/dwmhr/pln/venv/lib/python3.10/site-packages/airflow/example_dags/example_short_circuit_operator.py for tasks to queue
[2025-08-07T15:45:08.515+0700] {logging_mixin.py:154} INFO - [2025-08-07T15:45:08.515+0700] {dagbag.py:536} INFO - Filling up the DagBag from /home/dwmhr/pln/venv/lib/python3.10/site-packages/airflow/example_dags/example_short_circuit_operator.py
[2025-08-07T15:45:08.528+0700] {processor.py:839} INFO - DAG(s) dict_keys(['example_short_circuit_operator']) retrieved from /home/dwmhr/pln/venv/lib/python3.10/site-packages/airflow/example_dags/example_short_circuit_operator.py
[2025-08-07T15:45:08.642+0700] {logging_mixin.py:154} INFO - [2025-08-07T15:45:08.642+0700] {manager.py:499} INFO - Created Permission View: %s
[2025-08-07T15:45:08.655+0700] {logging_mixin.py:154} INFO - [2025-08-07T15:45:08.655+0700] {manager.py:499} INFO - Created Permission View: %s
[2025-08-07T15:45:08.665+0700] {logging_mixin.py:154} INFO - [2025-08-07T15:45:08.665+0700] {manager.py:499} INFO - Created Permission View: %s
[2025-08-07T15:45:08.665+0700] {logging_mixin.py:154} INFO - [2025-08-07T15:45:08.665+0700] {dag.py:2941} INFO - Sync 1 DAGs
[2025-08-07T15:45:08.676+0700] {logging_mixin.py:154} INFO - [2025-08-07T15:45:08.676+0700] {dag.py:2963} INFO - Creating ORM DAG for example_short_circuit_operator
[2025-08-07T15:45:08.684+0700] {logging_mixin.py:154} INFO - [2025-08-07T15:45:08.684+0700] {dag.py:3722} INFO - Setting next_dagrun for example_short_circuit_operator to 2025-08-06T08:45:08.684443+00:00, run_after=2025-08-07T08:45:08.684443+00:00
[2025-08-07T15:45:08.708+0700] {processor.py:179} INFO - Processing /home/dwmhr/pln/venv/lib/python3.10/site-packages/airflow/example_dags/example_short_circuit_operator.py took 0.198 seconds
[2025-08-07T15:46:18.574+0700] {processor.py:157} INFO - Started process (PID=113571) to work on /home/dwmhr/pln/venv/lib/python3.10/site-packages/airflow/example_dags/example_short_circuit_operator.py
[2025-08-07T15:46:18.579+0700] {processor.py:829} INFO - Processing file /home/dwmhr/pln/venv/lib/python3.10/site-packages/airflow/example_dags/example_short_circuit_operator.py for tasks to queue
[2025-08-07T15:46:18.579+0700] {logging_mixin.py:154} INFO - [2025-08-07T15:46:18.579+0700] {dagbag.py:536} INFO - Filling up the DagBag from /home/dwmhr/pln/venv/lib/python3.10/site-packages/airflow/example_dags/example_short_circuit_operator.py
[2025-08-07T15:46:18.587+0700] {processor.py:839} INFO - DAG(s) dict_keys(['example_short_circuit_operator']) retrieved from /home/dwmhr/pln/venv/lib/python3.10/site-packages/airflow/example_dags/example_short_circuit_operator.py
[2025-08-07T15:46:18.602+0700] {logging_mixin.py:154} INFO - [2025-08-07T15:46:18.602+0700] {dag.py:2941} INFO - Sync 1 DAGs
[2025-08-07T15:46:18.618+0700] {logging_mixin.py:154} INFO - [2025-08-07T15:46:18.618+0700] {dag.py:3722} INFO - Setting next_dagrun for example_short_circuit_operator to 2025-08-06T08:46:18.618396+00:00, run_after=2025-08-07T08:46:18.618396+00:00
[2025-08-07T15:46:18.640+0700] {processor.py:179} INFO - Processing /home/dwmhr/pln/venv/lib/python3.10/site-packages/airflow/example_dags/example_short_circuit_operator.py took 0.068 seconds
[2025-08-07T15:47:13.458+0700] {processor.py:157} INFO - Started process (PID=113872) to work on /home/dwmhr/pln/venv/lib/python3.10/site-packages/airflow/example_dags/example_short_circuit_operator.py
[2025-08-07T15:47:13.470+0700] {processor.py:829} INFO - Processing file /home/dwmhr/pln/venv/lib/python3.10/site-packages/airflow/example_dags/example_short_circuit_operator.py for tasks to queue
[2025-08-07T15:47:13.473+0700] {logging_mixin.py:154} INFO - [2025-08-07T15:47:13.472+0700] {dagbag.py:536} INFO - Filling up the DagBag from /home/dwmhr/pln/venv/lib/python3.10/site-packages/airflow/example_dags/example_short_circuit_operator.py
[2025-08-07T15:47:13.501+0700] {processor.py:839} INFO - DAG(s) dict_keys(['example_short_circuit_operator']) retrieved from /home/dwmhr/pln/venv/lib/python3.10/site-packages/airflow/example_dags/example_short_circuit_operator.py
[2025-08-07T15:47:13.554+0700] {logging_mixin.py:154} INFO - [2025-08-07T15:47:13.554+0700] {dag.py:2941} INFO - Sync 1 DAGs
[2025-08-07T15:47:13.606+0700] {logging_mixin.py:154} INFO - [2025-08-07T15:47:13.605+0700] {dag.py:3722} INFO - Setting next_dagrun for example_short_circuit_operator to 2025-08-06T08:47:13.605255+00:00, run_after=2025-08-07T08:47:13.605255+00:00
[2025-08-07T15:47:13.672+0700] {processor.py:179} INFO - Processing /home/dwmhr/pln/venv/lib/python3.10/site-packages/airflow/example_dags/example_short_circuit_operator.py took 0.225 seconds
[2025-08-07T15:47:58.671+0700] {processor.py:157} INFO - Started process (PID=114110) to work on /home/dwmhr/pln/venv/lib/python3.10/site-packages/airflow/example_dags/example_short_circuit_operator.py
[2025-08-07T15:47:58.674+0700] {processor.py:829} INFO - Processing file /home/dwmhr/pln/venv/lib/python3.10/site-packages/airflow/example_dags/example_short_circuit_operator.py for tasks to queue
[2025-08-07T15:47:58.674+0700] {logging_mixin.py:154} INFO - [2025-08-07T15:47:58.674+0700] {dagbag.py:536} INFO - Filling up the DagBag from /home/dwmhr/pln/venv/lib/python3.10/site-packages/airflow/example_dags/example_short_circuit_operator.py
[2025-08-07T15:47:58.682+0700] {processor.py:839} INFO - DAG(s) dict_keys(['example_short_circuit_operator']) retrieved from /home/dwmhr/pln/venv/lib/python3.10/site-packages/airflow/example_dags/example_short_circuit_operator.py
[2025-08-07T15:47:58.697+0700] {logging_mixin.py:154} INFO - [2025-08-07T15:47:58.697+0700] {dag.py:2941} INFO - Sync 1 DAGs
[2025-08-07T15:47:58.712+0700] {logging_mixin.py:154} INFO - [2025-08-07T15:47:58.712+0700] {dag.py:3722} INFO - Setting next_dagrun for example_short_circuit_operator to 2025-08-06T08:47:58.712157+00:00, run_after=2025-08-07T08:47:58.712157+00:00
[2025-08-07T15:47:58.731+0700] {processor.py:179} INFO - Processing /home/dwmhr/pln/venv/lib/python3.10/site-packages/airflow/example_dags/example_short_circuit_operator.py took 0.063 seconds
[2025-08-07T15:48:55.678+0700] {processor.py:157} INFO - Started process (PID=114414) to work on /home/dwmhr/pln/venv/lib/python3.10/site-packages/airflow/example_dags/example_short_circuit_operator.py
[2025-08-07T15:48:55.682+0700] {processor.py:829} INFO - Processing file /home/dwmhr/pln/venv/lib/python3.10/site-packages/airflow/example_dags/example_short_circuit_operator.py for tasks to queue
[2025-08-07T15:48:55.684+0700] {logging_mixin.py:154} INFO - [2025-08-07T15:48:55.683+0700] {dagbag.py:536} INFO - Filling up the DagBag from /home/dwmhr/pln/venv/lib/python3.10/site-packages/airflow/example_dags/example_short_circuit_operator.py
[2025-08-07T15:48:55.715+0700] {processor.py:839} INFO - DAG(s) dict_keys(['example_short_circuit_operator']) retrieved from /home/dwmhr/pln/venv/lib/python3.10/site-packages/airflow/example_dags/example_short_circuit_operator.py
[2025-08-07T15:48:55.775+0700] {logging_mixin.py:154} INFO - [2025-08-07T15:48:55.775+0700] {dag.py:2941} INFO - Sync 1 DAGs
[2025-08-07T15:48:55.832+0700] {logging_mixin.py:154} INFO - [2025-08-07T15:48:55.832+0700] {dag.py:3722} INFO - Setting next_dagrun for example_short_circuit_operator to 2025-08-06T08:48:55.831669+00:00, run_after=2025-08-07T08:48:55.831669+00:00
[2025-08-07T15:48:55.904+0700] {processor.py:179} INFO - Processing /home/dwmhr/pln/venv/lib/python3.10/site-packages/airflow/example_dags/example_short_circuit_operator.py took 0.236 seconds
[2025-08-07T15:50:12.109+0700] {processor.py:157} INFO - Started process (PID=114797) to work on /home/dwmhr/pln/venv/lib/python3.10/site-packages/airflow/example_dags/example_short_circuit_operator.py
[2025-08-07T15:50:12.114+0700] {processor.py:829} INFO - Processing file /home/dwmhr/pln/venv/lib/python3.10/site-packages/airflow/example_dags/example_short_circuit_operator.py for tasks to queue
[2025-08-07T15:50:12.123+0700] {logging_mixin.py:154} INFO - [2025-08-07T15:50:12.119+0700] {dagbag.py:536} INFO - Filling up the DagBag from /home/dwmhr/pln/venv/lib/python3.10/site-packages/airflow/example_dags/example_short_circuit_operator.py
[2025-08-07T15:50:12.174+0700] {processor.py:839} INFO - DAG(s) dict_keys(['example_short_circuit_operator']) retrieved from /home/dwmhr/pln/venv/lib/python3.10/site-packages/airflow/example_dags/example_short_circuit_operator.py
[2025-08-07T15:50:12.291+0700] {logging_mixin.py:154} INFO - [2025-08-07T15:50:12.291+0700] {dag.py:2941} INFO - Sync 1 DAGs
[2025-08-07T15:50:12.413+0700] {logging_mixin.py:154} INFO - [2025-08-07T15:50:12.411+0700] {dag.py:3722} INFO - Setting next_dagrun for example_short_circuit_operator to 2025-08-06T08:50:12.410600+00:00, run_after=2025-08-07T08:50:12.410600+00:00
[2025-08-07T15:50:12.564+0700] {processor.py:179} INFO - Processing /home/dwmhr/pln/venv/lib/python3.10/site-packages/airflow/example_dags/example_short_circuit_operator.py took 0.472 seconds
[2025-08-07T15:50:58.003+0700] {processor.py:157} INFO - Started process (PID=115077) to work on /home/dwmhr/pln/venv/lib/python3.10/site-packages/airflow/example_dags/example_short_circuit_operator.py
[2025-08-07T15:50:58.013+0700] {processor.py:829} INFO - Processing file /home/dwmhr/pln/venv/lib/python3.10/site-packages/airflow/example_dags/example_short_circuit_operator.py for tasks to queue
[2025-08-07T15:50:58.019+0700] {logging_mixin.py:154} INFO - [2025-08-07T15:50:58.017+0700] {dagbag.py:536} INFO - Filling up the DagBag from /home/dwmhr/pln/venv/lib/python3.10/site-packages/airflow/example_dags/example_short_circuit_operator.py
[2025-08-07T15:50:58.058+0700] {processor.py:839} INFO - DAG(s) dict_keys(['example_short_circuit_operator']) retrieved from /home/dwmhr/pln/venv/lib/python3.10/site-packages/airflow/example_dags/example_short_circuit_operator.py
[2025-08-07T15:50:58.146+0700] {logging_mixin.py:154} INFO - [2025-08-07T15:50:58.145+0700] {dag.py:2941} INFO - Sync 1 DAGs
[2025-08-07T15:50:58.229+0700] {logging_mixin.py:154} INFO - [2025-08-07T15:50:58.228+0700] {dag.py:3722} INFO - Setting next_dagrun for example_short_circuit_operator to 2025-08-06T08:50:58.227844+00:00, run_after=2025-08-07T08:50:58.227844+00:00
[2025-08-07T15:50:58.330+0700] {processor.py:179} INFO - Processing /home/dwmhr/pln/venv/lib/python3.10/site-packages/airflow/example_dags/example_short_circuit_operator.py took 0.342 seconds
[2025-08-07T15:51:58.215+0700] {processor.py:157} INFO - Started process (PID=115401) to work on /home/dwmhr/pln/venv/lib/python3.10/site-packages/airflow/example_dags/example_short_circuit_operator.py
[2025-08-07T15:51:58.236+0700] {processor.py:829} INFO - Processing file /home/dwmhr/pln/venv/lib/python3.10/site-packages/airflow/example_dags/example_short_circuit_operator.py for tasks to queue
[2025-08-07T15:51:58.248+0700] {logging_mixin.py:154} INFO - [2025-08-07T15:51:58.243+0700] {dagbag.py:536} INFO - Filling up the DagBag from /home/dwmhr/pln/venv/lib/python3.10/site-packages/airflow/example_dags/example_short_circuit_operator.py
[2025-08-07T15:51:58.433+0700] {processor.py:839} INFO - DAG(s) dict_keys(['example_short_circuit_operator']) retrieved from /home/dwmhr/pln/venv/lib/python3.10/site-packages/airflow/example_dags/example_short_circuit_operator.py
[2025-08-07T15:51:58.745+0700] {logging_mixin.py:154} INFO - [2025-08-07T15:51:58.743+0700] {dag.py:2941} INFO - Sync 1 DAGs
[2025-08-07T15:51:59.008+0700] {logging_mixin.py:154} INFO - [2025-08-07T15:51:59.007+0700] {dag.py:3722} INFO - Setting next_dagrun for example_short_circuit_operator to 2025-08-06T08:51:59.004598+00:00, run_after=2025-08-07T08:51:59.004598+00:00
[2025-08-07T15:51:59.230+0700] {processor.py:179} INFO - Processing /home/dwmhr/pln/venv/lib/python3.10/site-packages/airflow/example_dags/example_short_circuit_operator.py took 1.078 seconds
[2025-08-07T15:52:58.152+0700] {processor.py:157} INFO - Started process (PID=115649) to work on /home/dwmhr/pln/venv/lib/python3.10/site-packages/airflow/example_dags/example_short_circuit_operator.py
[2025-08-07T15:52:58.156+0700] {processor.py:829} INFO - Processing file /home/dwmhr/pln/venv/lib/python3.10/site-packages/airflow/example_dags/example_short_circuit_operator.py for tasks to queue
[2025-08-07T15:52:58.157+0700] {logging_mixin.py:154} INFO - [2025-08-07T15:52:58.157+0700] {dagbag.py:536} INFO - Filling up the DagBag from /home/dwmhr/pln/venv/lib/python3.10/site-packages/airflow/example_dags/example_short_circuit_operator.py
[2025-08-07T15:52:58.188+0700] {processor.py:839} INFO - DAG(s) dict_keys(['example_short_circuit_operator']) retrieved from /home/dwmhr/pln/venv/lib/python3.10/site-packages/airflow/example_dags/example_short_circuit_operator.py
[2025-08-07T15:52:58.268+0700] {logging_mixin.py:154} INFO - [2025-08-07T15:52:58.267+0700] {dag.py:2941} INFO - Sync 1 DAGs
[2025-08-07T15:52:58.319+0700] {logging_mixin.py:154} INFO - [2025-08-07T15:52:58.318+0700] {dag.py:3722} INFO - Setting next_dagrun for example_short_circuit_operator to 2025-08-06T08:52:58.317931+00:00, run_after=2025-08-07T08:52:58.317931+00:00
[2025-08-07T15:52:58.388+0700] {processor.py:179} INFO - Processing /home/dwmhr/pln/venv/lib/python3.10/site-packages/airflow/example_dags/example_short_circuit_operator.py took 0.245 seconds
[2025-08-07T15:54:39.130+0700] {processor.py:157} INFO - Started process (PID=116077) to work on /home/dwmhr/pln/venv/lib/python3.10/site-packages/airflow/example_dags/example_short_circuit_operator.py
[2025-08-07T15:54:39.133+0700] {processor.py:829} INFO - Processing file /home/dwmhr/pln/venv/lib/python3.10/site-packages/airflow/example_dags/example_short_circuit_operator.py for tasks to queue
[2025-08-07T15:54:39.135+0700] {logging_mixin.py:154} INFO - [2025-08-07T15:54:39.134+0700] {dagbag.py:536} INFO - Filling up the DagBag from /home/dwmhr/pln/venv/lib/python3.10/site-packages/airflow/example_dags/example_short_circuit_operator.py
[2025-08-07T15:54:39.152+0700] {processor.py:839} INFO - DAG(s) dict_keys(['example_short_circuit_operator']) retrieved from /home/dwmhr/pln/venv/lib/python3.10/site-packages/airflow/example_dags/example_short_circuit_operator.py
[2025-08-07T15:54:39.185+0700] {logging_mixin.py:154} INFO - [2025-08-07T15:54:39.185+0700] {dag.py:2941} INFO - Sync 1 DAGs
[2025-08-07T15:54:39.216+0700] {logging_mixin.py:154} INFO - [2025-08-07T15:54:39.216+0700] {dag.py:3722} INFO - Setting next_dagrun for example_short_circuit_operator to 2025-08-06T08:54:39.215780+00:00, run_after=2025-08-07T08:54:39.215780+00:00
[2025-08-07T15:54:39.256+0700] {processor.py:179} INFO - Processing /home/dwmhr/pln/venv/lib/python3.10/site-packages/airflow/example_dags/example_short_circuit_operator.py took 0.132 seconds
[2025-08-07T15:55:55.073+0700] {processor.py:157} INFO - Started process (PID=116498) to work on /home/dwmhr/pln/venv/lib/python3.10/site-packages/airflow/example_dags/example_short_circuit_operator.py
[2025-08-07T15:55:55.079+0700] {processor.py:829} INFO - Processing file /home/dwmhr/pln/venv/lib/python3.10/site-packages/airflow/example_dags/example_short_circuit_operator.py for tasks to queue
[2025-08-07T15:55:55.084+0700] {logging_mixin.py:154} INFO - [2025-08-07T15:55:55.082+0700] {dagbag.py:536} INFO - Filling up the DagBag from /home/dwmhr/pln/venv/lib/python3.10/site-packages/airflow/example_dags/example_short_circuit_operator.py
[2025-08-07T15:55:55.156+0700] {processor.py:839} INFO - DAG(s) dict_keys(['example_short_circuit_operator']) retrieved from /home/dwmhr/pln/venv/lib/python3.10/site-packages/airflow/example_dags/example_short_circuit_operator.py
[2025-08-07T15:55:55.279+0700] {logging_mixin.py:154} INFO - [2025-08-07T15:55:55.279+0700] {dag.py:2941} INFO - Sync 1 DAGs
[2025-08-07T15:55:55.397+0700] {logging_mixin.py:154} INFO - [2025-08-07T15:55:55.395+0700] {dag.py:3722} INFO - Setting next_dagrun for example_short_circuit_operator to 2025-08-06T08:55:55.392743+00:00, run_after=2025-08-07T08:55:55.392743+00:00
[2025-08-07T15:55:55.593+0700] {processor.py:179} INFO - Processing /home/dwmhr/pln/venv/lib/python3.10/site-packages/airflow/example_dags/example_short_circuit_operator.py took 0.545 seconds
[2025-08-07T15:57:05.319+0700] {processor.py:157} INFO - Started process (PID=116847) to work on /home/dwmhr/pln/venv/lib/python3.10/site-packages/airflow/example_dags/example_short_circuit_operator.py
[2025-08-07T15:57:05.325+0700] {processor.py:829} INFO - Processing file /home/dwmhr/pln/venv/lib/python3.10/site-packages/airflow/example_dags/example_short_circuit_operator.py for tasks to queue
[2025-08-07T15:57:05.329+0700] {logging_mixin.py:154} INFO - [2025-08-07T15:57:05.328+0700] {dagbag.py:536} INFO - Filling up the DagBag from /home/dwmhr/pln/venv/lib/python3.10/site-packages/airflow/example_dags/example_short_circuit_operator.py
[2025-08-07T15:57:05.402+0700] {processor.py:839} INFO - DAG(s) dict_keys(['example_short_circuit_operator']) retrieved from /home/dwmhr/pln/venv/lib/python3.10/site-packages/airflow/example_dags/example_short_circuit_operator.py
[2025-08-07T15:57:05.537+0700] {logging_mixin.py:154} INFO - [2025-08-07T15:57:05.536+0700] {dag.py:2941} INFO - Sync 1 DAGs
[2025-08-07T15:57:05.622+0700] {logging_mixin.py:154} INFO - [2025-08-07T15:57:05.621+0700] {dag.py:3722} INFO - Setting next_dagrun for example_short_circuit_operator to 2025-08-06T08:57:05.620530+00:00, run_after=2025-08-07T08:57:05.620530+00:00
[2025-08-07T15:57:05.724+0700] {processor.py:179} INFO - Processing /home/dwmhr/pln/venv/lib/python3.10/site-packages/airflow/example_dags/example_short_circuit_operator.py took 0.423 seconds
[2025-08-07T15:59:15.252+0700] {processor.py:157} INFO - Started process (PID=117529) to work on /home/dwmhr/pln/venv/lib/python3.10/site-packages/airflow/example_dags/example_short_circuit_operator.py
[2025-08-07T15:59:15.256+0700] {processor.py:829} INFO - Processing file /home/dwmhr/pln/venv/lib/python3.10/site-packages/airflow/example_dags/example_short_circuit_operator.py for tasks to queue
[2025-08-07T15:59:15.259+0700] {logging_mixin.py:154} INFO - [2025-08-07T15:59:15.258+0700] {dagbag.py:536} INFO - Filling up the DagBag from /home/dwmhr/pln/venv/lib/python3.10/site-packages/airflow/example_dags/example_short_circuit_operator.py
[2025-08-07T15:59:15.284+0700] {processor.py:839} INFO - DAG(s) dict_keys(['example_short_circuit_operator']) retrieved from /home/dwmhr/pln/venv/lib/python3.10/site-packages/airflow/example_dags/example_short_circuit_operator.py
[2025-08-07T15:59:15.355+0700] {logging_mixin.py:154} INFO - [2025-08-07T15:59:15.354+0700] {dag.py:2941} INFO - Sync 1 DAGs
[2025-08-07T15:59:15.410+0700] {logging_mixin.py:154} INFO - [2025-08-07T15:59:15.410+0700] {dag.py:3722} INFO - Setting next_dagrun for example_short_circuit_operator to 2025-08-06T08:59:15.409600+00:00, run_after=2025-08-07T08:59:15.409600+00:00
[2025-08-07T15:59:15.479+0700] {processor.py:179} INFO - Processing /home/dwmhr/pln/venv/lib/python3.10/site-packages/airflow/example_dags/example_short_circuit_operator.py took 0.237 seconds
[2025-08-07T16:00:44.777+0700] {processor.py:157} INFO - Started process (PID=117986) to work on /home/dwmhr/pln/venv/lib/python3.10/site-packages/airflow/example_dags/example_short_circuit_operator.py
[2025-08-07T16:00:44.780+0700] {processor.py:829} INFO - Processing file /home/dwmhr/pln/venv/lib/python3.10/site-packages/airflow/example_dags/example_short_circuit_operator.py for tasks to queue
[2025-08-07T16:00:44.781+0700] {logging_mixin.py:154} INFO - [2025-08-07T16:00:44.781+0700] {dagbag.py:536} INFO - Filling up the DagBag from /home/dwmhr/pln/venv/lib/python3.10/site-packages/airflow/example_dags/example_short_circuit_operator.py
[2025-08-07T16:00:44.799+0700] {processor.py:839} INFO - DAG(s) dict_keys(['example_short_circuit_operator']) retrieved from /home/dwmhr/pln/venv/lib/python3.10/site-packages/airflow/example_dags/example_short_circuit_operator.py
[2025-08-07T16:00:44.841+0700] {logging_mixin.py:154} INFO - [2025-08-07T16:00:44.841+0700] {dag.py:2941} INFO - Sync 1 DAGs
[2025-08-07T16:00:44.883+0700] {logging_mixin.py:154} INFO - [2025-08-07T16:00:44.883+0700] {dag.py:3722} INFO - Setting next_dagrun for example_short_circuit_operator to 2025-08-06T09:00:44.883084+00:00, run_after=2025-08-07T09:00:44.883084+00:00
[2025-08-07T16:00:44.941+0700] {processor.py:179} INFO - Processing /home/dwmhr/pln/venv/lib/python3.10/site-packages/airflow/example_dags/example_short_circuit_operator.py took 0.171 seconds
[2025-08-07T16:03:46.632+0700] {processor.py:157} INFO - Started process (PID=118791) to work on /home/dwmhr/pln/venv/lib/python3.10/site-packages/airflow/example_dags/example_short_circuit_operator.py
[2025-08-07T16:03:46.635+0700] {processor.py:829} INFO - Processing file /home/dwmhr/pln/venv/lib/python3.10/site-packages/airflow/example_dags/example_short_circuit_operator.py for tasks to queue
[2025-08-07T16:03:46.636+0700] {logging_mixin.py:154} INFO - [2025-08-07T16:03:46.635+0700] {dagbag.py:536} INFO - Filling up the DagBag from /home/dwmhr/pln/venv/lib/python3.10/site-packages/airflow/example_dags/example_short_circuit_operator.py
[2025-08-07T16:03:46.644+0700] {processor.py:839} INFO - DAG(s) dict_keys(['example_short_circuit_operator']) retrieved from /home/dwmhr/pln/venv/lib/python3.10/site-packages/airflow/example_dags/example_short_circuit_operator.py
[2025-08-07T16:03:46.678+0700] {logging_mixin.py:154} INFO - [2025-08-07T16:03:46.677+0700] {dag.py:2941} INFO - Sync 1 DAGs
[2025-08-07T16:03:46.703+0700] {logging_mixin.py:154} INFO - [2025-08-07T16:03:46.702+0700] {dag.py:3722} INFO - Setting next_dagrun for example_short_circuit_operator to 2025-08-06T09:03:46.702508+00:00, run_after=2025-08-07T09:03:46.702508+00:00
[2025-08-07T16:03:46.730+0700] {processor.py:179} INFO - Processing /home/dwmhr/pln/venv/lib/python3.10/site-packages/airflow/example_dags/example_short_circuit_operator.py took 0.103 seconds
[2025-08-07T16:04:58.108+0700] {processor.py:157} INFO - Started process (PID=119138) to work on /home/dwmhr/pln/venv/lib/python3.10/site-packages/airflow/example_dags/example_short_circuit_operator.py
[2025-08-07T16:04:58.111+0700] {processor.py:829} INFO - Processing file /home/dwmhr/pln/venv/lib/python3.10/site-packages/airflow/example_dags/example_short_circuit_operator.py for tasks to queue
[2025-08-07T16:04:58.112+0700] {logging_mixin.py:154} INFO - [2025-08-07T16:04:58.112+0700] {dagbag.py:536} INFO - Filling up the DagBag from /home/dwmhr/pln/venv/lib/python3.10/site-packages/airflow/example_dags/example_short_circuit_operator.py
[2025-08-07T16:04:58.125+0700] {processor.py:839} INFO - DAG(s) dict_keys(['example_short_circuit_operator']) retrieved from /home/dwmhr/pln/venv/lib/python3.10/site-packages/airflow/example_dags/example_short_circuit_operator.py
[2025-08-07T16:04:58.159+0700] {logging_mixin.py:154} INFO - [2025-08-07T16:04:58.159+0700] {dag.py:2941} INFO - Sync 1 DAGs
[2025-08-07T16:04:58.189+0700] {logging_mixin.py:154} INFO - [2025-08-07T16:04:58.188+0700] {dag.py:3722} INFO - Setting next_dagrun for example_short_circuit_operator to 2025-08-06T09:04:58.188343+00:00, run_after=2025-08-07T09:04:58.188343+00:00
[2025-08-07T16:04:58.225+0700] {processor.py:179} INFO - Processing /home/dwmhr/pln/venv/lib/python3.10/site-packages/airflow/example_dags/example_short_circuit_operator.py took 0.125 seconds
[2025-08-07T16:05:47.407+0700] {processor.py:157} INFO - Started process (PID=119403) to work on /home/dwmhr/pln/venv/lib/python3.10/site-packages/airflow/example_dags/example_short_circuit_operator.py
[2025-08-07T16:05:47.463+0700] {processor.py:829} INFO - Processing file /home/dwmhr/pln/venv/lib/python3.10/site-packages/airflow/example_dags/example_short_circuit_operator.py for tasks to queue
[2025-08-07T16:05:47.479+0700] {logging_mixin.py:154} INFO - [2025-08-07T16:05:47.476+0700] {dagbag.py:536} INFO - Filling up the DagBag from /home/dwmhr/pln/venv/lib/python3.10/site-packages/airflow/example_dags/example_short_circuit_operator.py
[2025-08-07T16:05:47.709+0700] {processor.py:839} INFO - DAG(s) dict_keys(['example_short_circuit_operator']) retrieved from /home/dwmhr/pln/venv/lib/python3.10/site-packages/airflow/example_dags/example_short_circuit_operator.py
[2025-08-07T16:05:48.207+0700] {logging_mixin.py:154} INFO - [2025-08-07T16:05:48.205+0700] {dag.py:2941} INFO - Sync 1 DAGs
[2025-08-07T16:05:48.590+0700] {logging_mixin.py:154} INFO - [2025-08-07T16:05:48.589+0700] {dag.py:3722} INFO - Setting next_dagrun for example_short_circuit_operator to 2025-08-06T09:05:48.587272+00:00, run_after=2025-08-07T09:05:48.587272+00:00
[2025-08-07T16:05:48.880+0700] {processor.py:179} INFO - Processing /home/dwmhr/pln/venv/lib/python3.10/site-packages/airflow/example_dags/example_short_circuit_operator.py took 1.535 seconds
[2025-08-07T16:07:15.069+0700] {processor.py:157} INFO - Started process (PID=119827) to work on /home/dwmhr/pln/venv/lib/python3.10/site-packages/airflow/example_dags/example_short_circuit_operator.py
[2025-08-07T16:07:15.072+0700] {processor.py:829} INFO - Processing file /home/dwmhr/pln/venv/lib/python3.10/site-packages/airflow/example_dags/example_short_circuit_operator.py for tasks to queue
[2025-08-07T16:07:15.073+0700] {logging_mixin.py:154} INFO - [2025-08-07T16:07:15.073+0700] {dagbag.py:536} INFO - Filling up the DagBag from /home/dwmhr/pln/venv/lib/python3.10/site-packages/airflow/example_dags/example_short_circuit_operator.py
[2025-08-07T16:07:15.084+0700] {processor.py:839} INFO - DAG(s) dict_keys(['example_short_circuit_operator']) retrieved from /home/dwmhr/pln/venv/lib/python3.10/site-packages/airflow/example_dags/example_short_circuit_operator.py
[2025-08-07T16:07:15.112+0700] {logging_mixin.py:154} INFO - [2025-08-07T16:07:15.112+0700] {dag.py:2941} INFO - Sync 1 DAGs
[2025-08-07T16:07:15.134+0700] {logging_mixin.py:154} INFO - [2025-08-07T16:07:15.134+0700] {dag.py:3722} INFO - Setting next_dagrun for example_short_circuit_operator to 2025-08-06T09:07:15.134234+00:00, run_after=2025-08-07T09:07:15.134234+00:00
[2025-08-07T16:07:15.167+0700] {processor.py:179} INFO - Processing /home/dwmhr/pln/venv/lib/python3.10/site-packages/airflow/example_dags/example_short_circuit_operator.py took 0.103 seconds
[2025-08-07T16:08:41.023+0700] {processor.py:157} INFO - Started process (PID=120245) to work on /home/dwmhr/pln/venv/lib/python3.10/site-packages/airflow/example_dags/example_short_circuit_operator.py
[2025-08-07T16:08:41.027+0700] {processor.py:829} INFO - Processing file /home/dwmhr/pln/venv/lib/python3.10/site-packages/airflow/example_dags/example_short_circuit_operator.py for tasks to queue
[2025-08-07T16:08:41.030+0700] {logging_mixin.py:154} INFO - [2025-08-07T16:08:41.028+0700] {dagbag.py:536} INFO - Filling up the DagBag from /home/dwmhr/pln/venv/lib/python3.10/site-packages/airflow/example_dags/example_short_circuit_operator.py
[2025-08-07T16:08:41.041+0700] {processor.py:839} INFO - DAG(s) dict_keys(['example_short_circuit_operator']) retrieved from /home/dwmhr/pln/venv/lib/python3.10/site-packages/airflow/example_dags/example_short_circuit_operator.py
[2025-08-07T16:08:41.077+0700] {logging_mixin.py:154} INFO - [2025-08-07T16:08:41.077+0700] {dag.py:2941} INFO - Sync 1 DAGs
[2025-08-07T16:08:41.105+0700] {logging_mixin.py:154} INFO - [2025-08-07T16:08:41.105+0700] {dag.py:3722} INFO - Setting next_dagrun for example_short_circuit_operator to 2025-08-06T09:08:41.104771+00:00, run_after=2025-08-07T09:08:41.104771+00:00
[2025-08-07T16:08:41.145+0700] {processor.py:179} INFO - Processing /home/dwmhr/pln/venv/lib/python3.10/site-packages/airflow/example_dags/example_short_circuit_operator.py took 0.127 seconds
[2025-08-07T16:09:51.660+0700] {processor.py:157} INFO - Started process (PID=120571) to work on /home/dwmhr/pln/venv/lib/python3.10/site-packages/airflow/example_dags/example_short_circuit_operator.py
[2025-08-07T16:09:51.664+0700] {processor.py:829} INFO - Processing file /home/dwmhr/pln/venv/lib/python3.10/site-packages/airflow/example_dags/example_short_circuit_operator.py for tasks to queue
[2025-08-07T16:09:51.667+0700] {logging_mixin.py:154} INFO - [2025-08-07T16:09:51.666+0700] {dagbag.py:536} INFO - Filling up the DagBag from /home/dwmhr/pln/venv/lib/python3.10/site-packages/airflow/example_dags/example_short_circuit_operator.py
[2025-08-07T16:09:51.686+0700] {processor.py:839} INFO - DAG(s) dict_keys(['example_short_circuit_operator']) retrieved from /home/dwmhr/pln/venv/lib/python3.10/site-packages/airflow/example_dags/example_short_circuit_operator.py
[2025-08-07T16:09:51.751+0700] {logging_mixin.py:154} INFO - [2025-08-07T16:09:51.750+0700] {dag.py:2941} INFO - Sync 1 DAGs
[2025-08-07T16:09:51.803+0700] {logging_mixin.py:154} INFO - [2025-08-07T16:09:51.802+0700] {dag.py:3722} INFO - Setting next_dagrun for example_short_circuit_operator to 2025-08-06T09:09:51.801918+00:00, run_after=2025-08-07T09:09:51.801918+00:00
[2025-08-07T16:09:51.885+0700] {processor.py:179} INFO - Processing /home/dwmhr/pln/venv/lib/python3.10/site-packages/airflow/example_dags/example_short_circuit_operator.py took 0.235 seconds
[2025-08-07T16:10:51.364+0700] {processor.py:157} INFO - Started process (PID=120899) to work on /home/dwmhr/pln/venv/lib/python3.10/site-packages/airflow/example_dags/example_short_circuit_operator.py
[2025-08-07T16:10:51.369+0700] {processor.py:829} INFO - Processing file /home/dwmhr/pln/venv/lib/python3.10/site-packages/airflow/example_dags/example_short_circuit_operator.py for tasks to queue
[2025-08-07T16:10:51.371+0700] {logging_mixin.py:154} INFO - [2025-08-07T16:10:51.370+0700] {dagbag.py:536} INFO - Filling up the DagBag from /home/dwmhr/pln/venv/lib/python3.10/site-packages/airflow/example_dags/example_short_circuit_operator.py
[2025-08-07T16:10:51.387+0700] {processor.py:839} INFO - DAG(s) dict_keys(['example_short_circuit_operator']) retrieved from /home/dwmhr/pln/venv/lib/python3.10/site-packages/airflow/example_dags/example_short_circuit_operator.py
[2025-08-07T16:10:51.418+0700] {logging_mixin.py:154} INFO - [2025-08-07T16:10:51.418+0700] {dag.py:2941} INFO - Sync 1 DAGs
[2025-08-07T16:10:51.443+0700] {logging_mixin.py:154} INFO - [2025-08-07T16:10:51.443+0700] {dag.py:3722} INFO - Setting next_dagrun for example_short_circuit_operator to 2025-08-06T09:10:51.442656+00:00, run_after=2025-08-07T09:10:51.442656+00:00
[2025-08-07T16:10:51.485+0700] {processor.py:179} INFO - Processing /home/dwmhr/pln/venv/lib/python3.10/site-packages/airflow/example_dags/example_short_circuit_operator.py took 0.127 seconds
[2025-08-07T16:11:38.949+0700] {processor.py:157} INFO - Started process (PID=121157) to work on /home/dwmhr/pln/venv/lib/python3.10/site-packages/airflow/example_dags/example_short_circuit_operator.py
[2025-08-07T16:11:38.951+0700] {processor.py:829} INFO - Processing file /home/dwmhr/pln/venv/lib/python3.10/site-packages/airflow/example_dags/example_short_circuit_operator.py for tasks to queue
[2025-08-07T16:11:38.953+0700] {logging_mixin.py:154} INFO - [2025-08-07T16:11:38.952+0700] {dagbag.py:536} INFO - Filling up the DagBag from /home/dwmhr/pln/venv/lib/python3.10/site-packages/airflow/example_dags/example_short_circuit_operator.py
[2025-08-07T16:11:38.964+0700] {processor.py:839} INFO - DAG(s) dict_keys(['example_short_circuit_operator']) retrieved from /home/dwmhr/pln/venv/lib/python3.10/site-packages/airflow/example_dags/example_short_circuit_operator.py
[2025-08-07T16:11:38.998+0700] {logging_mixin.py:154} INFO - [2025-08-07T16:11:38.997+0700] {dag.py:2941} INFO - Sync 1 DAGs
[2025-08-07T16:11:39.024+0700] {logging_mixin.py:154} INFO - [2025-08-07T16:11:39.024+0700] {dag.py:3722} INFO - Setting next_dagrun for example_short_circuit_operator to 2025-08-06T09:11:39.024015+00:00, run_after=2025-08-07T09:11:39.024015+00:00
[2025-08-07T16:11:39.059+0700] {processor.py:179} INFO - Processing /home/dwmhr/pln/venv/lib/python3.10/site-packages/airflow/example_dags/example_short_circuit_operator.py took 0.117 seconds
[2025-08-07T16:12:29.775+0700] {processor.py:157} INFO - Started process (PID=121436) to work on /home/dwmhr/pln/venv/lib/python3.10/site-packages/airflow/example_dags/example_short_circuit_operator.py
[2025-08-07T16:12:29.779+0700] {processor.py:829} INFO - Processing file /home/dwmhr/pln/venv/lib/python3.10/site-packages/airflow/example_dags/example_short_circuit_operator.py for tasks to queue
[2025-08-07T16:12:29.781+0700] {logging_mixin.py:154} INFO - [2025-08-07T16:12:29.780+0700] {dagbag.py:536} INFO - Filling up the DagBag from /home/dwmhr/pln/venv/lib/python3.10/site-packages/airflow/example_dags/example_short_circuit_operator.py
[2025-08-07T16:12:29.802+0700] {processor.py:839} INFO - DAG(s) dict_keys(['example_short_circuit_operator']) retrieved from /home/dwmhr/pln/venv/lib/python3.10/site-packages/airflow/example_dags/example_short_circuit_operator.py
[2025-08-07T16:12:29.848+0700] {logging_mixin.py:154} INFO - [2025-08-07T16:12:29.848+0700] {dag.py:2941} INFO - Sync 1 DAGs
[2025-08-07T16:12:29.876+0700] {logging_mixin.py:154} INFO - [2025-08-07T16:12:29.875+0700] {dag.py:3722} INFO - Setting next_dagrun for example_short_circuit_operator to 2025-08-06T09:12:29.875384+00:00, run_after=2025-08-07T09:12:29.875384+00:00
[2025-08-07T16:12:29.911+0700] {processor.py:179} INFO - Processing /home/dwmhr/pln/venv/lib/python3.10/site-packages/airflow/example_dags/example_short_circuit_operator.py took 0.147 seconds
[2025-08-07T16:13:16.213+0700] {processor.py:157} INFO - Started process (PID=121669) to work on /home/dwmhr/pln/venv/lib/python3.10/site-packages/airflow/example_dags/example_short_circuit_operator.py
[2025-08-07T16:13:16.215+0700] {processor.py:829} INFO - Processing file /home/dwmhr/pln/venv/lib/python3.10/site-packages/airflow/example_dags/example_short_circuit_operator.py for tasks to queue
[2025-08-07T16:13:16.217+0700] {logging_mixin.py:154} INFO - [2025-08-07T16:13:16.216+0700] {dagbag.py:536} INFO - Filling up the DagBag from /home/dwmhr/pln/venv/lib/python3.10/site-packages/airflow/example_dags/example_short_circuit_operator.py
[2025-08-07T16:13:16.225+0700] {processor.py:839} INFO - DAG(s) dict_keys(['example_short_circuit_operator']) retrieved from /home/dwmhr/pln/venv/lib/python3.10/site-packages/airflow/example_dags/example_short_circuit_operator.py
[2025-08-07T16:13:16.251+0700] {logging_mixin.py:154} INFO - [2025-08-07T16:13:16.251+0700] {dag.py:2941} INFO - Sync 1 DAGs
[2025-08-07T16:13:16.276+0700] {logging_mixin.py:154} INFO - [2025-08-07T16:13:16.276+0700] {dag.py:3722} INFO - Setting next_dagrun for example_short_circuit_operator to 2025-08-06T09:13:16.275710+00:00, run_after=2025-08-07T09:13:16.275710+00:00
[2025-08-07T16:13:16.332+0700] {processor.py:179} INFO - Processing /home/dwmhr/pln/venv/lib/python3.10/site-packages/airflow/example_dags/example_short_circuit_operator.py took 0.125 seconds
[2025-08-07T16:14:06.111+0700] {processor.py:157} INFO - Started process (PID=121929) to work on /home/dwmhr/pln/venv/lib/python3.10/site-packages/airflow/example_dags/example_short_circuit_operator.py
[2025-08-07T16:14:06.120+0700] {processor.py:829} INFO - Processing file /home/dwmhr/pln/venv/lib/python3.10/site-packages/airflow/example_dags/example_short_circuit_operator.py for tasks to queue
[2025-08-07T16:14:06.121+0700] {logging_mixin.py:154} INFO - [2025-08-07T16:14:06.121+0700] {dagbag.py:536} INFO - Filling up the DagBag from /home/dwmhr/pln/venv/lib/python3.10/site-packages/airflow/example_dags/example_short_circuit_operator.py
[2025-08-07T16:14:06.135+0700] {processor.py:839} INFO - DAG(s) dict_keys(['example_short_circuit_operator']) retrieved from /home/dwmhr/pln/venv/lib/python3.10/site-packages/airflow/example_dags/example_short_circuit_operator.py
[2025-08-07T16:14:06.174+0700] {logging_mixin.py:154} INFO - [2025-08-07T16:14:06.173+0700] {dag.py:2941} INFO - Sync 1 DAGs
[2025-08-07T16:14:06.208+0700] {logging_mixin.py:154} INFO - [2025-08-07T16:14:06.208+0700] {dag.py:3722} INFO - Setting next_dagrun for example_short_circuit_operator to 2025-08-06T09:14:06.206322+00:00, run_after=2025-08-07T09:14:06.206322+00:00
[2025-08-07T16:14:06.258+0700] {processor.py:179} INFO - Processing /home/dwmhr/pln/venv/lib/python3.10/site-packages/airflow/example_dags/example_short_circuit_operator.py took 0.154 seconds
[2025-08-07T16:15:08.797+0700] {processor.py:157} INFO - Started process (PID=122231) to work on /home/dwmhr/pln/venv/lib/python3.10/site-packages/airflow/example_dags/example_short_circuit_operator.py
[2025-08-07T16:15:08.804+0700] {processor.py:829} INFO - Processing file /home/dwmhr/pln/venv/lib/python3.10/site-packages/airflow/example_dags/example_short_circuit_operator.py for tasks to queue
[2025-08-07T16:15:08.809+0700] {logging_mixin.py:154} INFO - [2025-08-07T16:15:08.807+0700] {dagbag.py:536} INFO - Filling up the DagBag from /home/dwmhr/pln/venv/lib/python3.10/site-packages/airflow/example_dags/example_short_circuit_operator.py
[2025-08-07T16:15:08.848+0700] {processor.py:839} INFO - DAG(s) dict_keys(['example_short_circuit_operator']) retrieved from /home/dwmhr/pln/venv/lib/python3.10/site-packages/airflow/example_dags/example_short_circuit_operator.py
[2025-08-07T16:15:09.000+0700] {logging_mixin.py:154} INFO - [2025-08-07T16:15:08.999+0700] {dag.py:2941} INFO - Sync 1 DAGs
[2025-08-07T16:15:09.171+0700] {logging_mixin.py:154} INFO - [2025-08-07T16:15:09.168+0700] {dag.py:3722} INFO - Setting next_dagrun for example_short_circuit_operator to 2025-08-06T09:15:09.166466+00:00, run_after=2025-08-07T09:15:09.166466+00:00
[2025-08-07T16:15:09.336+0700] {processor.py:179} INFO - Processing /home/dwmhr/pln/venv/lib/python3.10/site-packages/airflow/example_dags/example_short_circuit_operator.py took 0.579 seconds
[2025-08-07T16:16:21.948+0700] {processor.py:157} INFO - Started process (PID=122630) to work on /home/dwmhr/pln/venv/lib/python3.10/site-packages/airflow/example_dags/example_short_circuit_operator.py
[2025-08-07T16:16:21.952+0700] {processor.py:829} INFO - Processing file /home/dwmhr/pln/venv/lib/python3.10/site-packages/airflow/example_dags/example_short_circuit_operator.py for tasks to queue
[2025-08-07T16:16:21.954+0700] {logging_mixin.py:154} INFO - [2025-08-07T16:16:21.953+0700] {dagbag.py:536} INFO - Filling up the DagBag from /home/dwmhr/pln/venv/lib/python3.10/site-packages/airflow/example_dags/example_short_circuit_operator.py
[2025-08-07T16:16:21.971+0700] {processor.py:839} INFO - DAG(s) dict_keys(['example_short_circuit_operator']) retrieved from /home/dwmhr/pln/venv/lib/python3.10/site-packages/airflow/example_dags/example_short_circuit_operator.py
[2025-08-07T16:16:22.043+0700] {logging_mixin.py:154} INFO - [2025-08-07T16:16:22.043+0700] {dag.py:2941} INFO - Sync 1 DAGs
[2025-08-07T16:16:22.090+0700] {logging_mixin.py:154} INFO - [2025-08-07T16:16:22.090+0700] {dag.py:3722} INFO - Setting next_dagrun for example_short_circuit_operator to 2025-08-06T09:16:22.089522+00:00, run_after=2025-08-07T09:16:22.089522+00:00
[2025-08-07T16:16:22.179+0700] {processor.py:179} INFO - Processing /home/dwmhr/pln/venv/lib/python3.10/site-packages/airflow/example_dags/example_short_circuit_operator.py took 0.242 seconds
[2025-08-07T16:17:17.132+0700] {processor.py:157} INFO - Started process (PID=122926) to work on /home/dwmhr/pln/venv/lib/python3.10/site-packages/airflow/example_dags/example_short_circuit_operator.py
[2025-08-07T16:17:17.134+0700] {processor.py:829} INFO - Processing file /home/dwmhr/pln/venv/lib/python3.10/site-packages/airflow/example_dags/example_short_circuit_operator.py for tasks to queue
[2025-08-07T16:17:17.135+0700] {logging_mixin.py:154} INFO - [2025-08-07T16:17:17.134+0700] {dagbag.py:536} INFO - Filling up the DagBag from /home/dwmhr/pln/venv/lib/python3.10/site-packages/airflow/example_dags/example_short_circuit_operator.py
[2025-08-07T16:17:17.141+0700] {processor.py:839} INFO - DAG(s) dict_keys(['example_short_circuit_operator']) retrieved from /home/dwmhr/pln/venv/lib/python3.10/site-packages/airflow/example_dags/example_short_circuit_operator.py
[2025-08-07T16:17:17.160+0700] {logging_mixin.py:154} INFO - [2025-08-07T16:17:17.160+0700] {dag.py:2941} INFO - Sync 1 DAGs
[2025-08-07T16:17:17.177+0700] {logging_mixin.py:154} INFO - [2025-08-07T16:17:17.177+0700] {dag.py:3722} INFO - Setting next_dagrun for example_short_circuit_operator to 2025-08-06T09:17:17.177251+00:00, run_after=2025-08-07T09:17:17.177251+00:00
[2025-08-07T16:17:17.198+0700] {processor.py:179} INFO - Processing /home/dwmhr/pln/venv/lib/python3.10/site-packages/airflow/example_dags/example_short_circuit_operator.py took 0.069 seconds
[2025-08-07T16:18:25.903+0700] {processor.py:157} INFO - Started process (PID=123239) to work on /home/dwmhr/pln/venv/lib/python3.10/site-packages/airflow/example_dags/example_short_circuit_operator.py
[2025-08-07T16:18:25.905+0700] {processor.py:829} INFO - Processing file /home/dwmhr/pln/venv/lib/python3.10/site-packages/airflow/example_dags/example_short_circuit_operator.py for tasks to queue
[2025-08-07T16:18:25.906+0700] {logging_mixin.py:154} INFO - [2025-08-07T16:18:25.905+0700] {dagbag.py:536} INFO - Filling up the DagBag from /home/dwmhr/pln/venv/lib/python3.10/site-packages/airflow/example_dags/example_short_circuit_operator.py
[2025-08-07T16:18:25.913+0700] {processor.py:839} INFO - DAG(s) dict_keys(['example_short_circuit_operator']) retrieved from /home/dwmhr/pln/venv/lib/python3.10/site-packages/airflow/example_dags/example_short_circuit_operator.py
[2025-08-07T16:18:25.934+0700] {logging_mixin.py:154} INFO - [2025-08-07T16:18:25.934+0700] {dag.py:2941} INFO - Sync 1 DAGs
[2025-08-07T16:18:25.951+0700] {logging_mixin.py:154} INFO - [2025-08-07T16:18:25.951+0700] {dag.py:3722} INFO - Setting next_dagrun for example_short_circuit_operator to 2025-08-06T09:18:25.951289+00:00, run_after=2025-08-07T09:18:25.951289+00:00
[2025-08-07T16:18:25.975+0700] {processor.py:179} INFO - Processing /home/dwmhr/pln/venv/lib/python3.10/site-packages/airflow/example_dags/example_short_circuit_operator.py took 0.077 seconds
[2025-08-07T16:19:15.166+0700] {processor.py:157} INFO - Started process (PID=123521) to work on /home/dwmhr/pln/venv/lib/python3.10/site-packages/airflow/example_dags/example_short_circuit_operator.py
[2025-08-07T16:19:15.171+0700] {processor.py:829} INFO - Processing file /home/dwmhr/pln/venv/lib/python3.10/site-packages/airflow/example_dags/example_short_circuit_operator.py for tasks to queue
[2025-08-07T16:19:15.175+0700] {logging_mixin.py:154} INFO - [2025-08-07T16:19:15.173+0700] {dagbag.py:536} INFO - Filling up the DagBag from /home/dwmhr/pln/venv/lib/python3.10/site-packages/airflow/example_dags/example_short_circuit_operator.py
[2025-08-07T16:19:15.202+0700] {processor.py:839} INFO - DAG(s) dict_keys(['example_short_circuit_operator']) retrieved from /home/dwmhr/pln/venv/lib/python3.10/site-packages/airflow/example_dags/example_short_circuit_operator.py
[2025-08-07T16:19:15.279+0700] {logging_mixin.py:154} INFO - [2025-08-07T16:19:15.278+0700] {dag.py:2941} INFO - Sync 1 DAGs
[2025-08-07T16:19:15.355+0700] {logging_mixin.py:154} INFO - [2025-08-07T16:19:15.354+0700] {dag.py:3722} INFO - Setting next_dagrun for example_short_circuit_operator to 2025-08-06T09:19:15.352843+00:00, run_after=2025-08-07T09:19:15.352843+00:00
[2025-08-07T16:19:15.430+0700] {processor.py:179} INFO - Processing /home/dwmhr/pln/venv/lib/python3.10/site-packages/airflow/example_dags/example_short_circuit_operator.py took 0.278 seconds
[2025-08-07T16:26:55.700+0700] {processor.py:157} INFO - Started process (PID=125436) to work on /home/dwmhr/pln/venv/lib/python3.10/site-packages/airflow/example_dags/example_short_circuit_operator.py
[2025-08-07T16:26:55.708+0700] {processor.py:829} INFO - Processing file /home/dwmhr/pln/venv/lib/python3.10/site-packages/airflow/example_dags/example_short_circuit_operator.py for tasks to queue
[2025-08-07T16:26:55.709+0700] {logging_mixin.py:154} INFO - [2025-08-07T16:26:55.709+0700] {dagbag.py:536} INFO - Filling up the DagBag from /home/dwmhr/pln/venv/lib/python3.10/site-packages/airflow/example_dags/example_short_circuit_operator.py
[2025-08-07T16:26:55.715+0700] {processor.py:839} INFO - DAG(s) dict_keys(['example_short_circuit_operator']) retrieved from /home/dwmhr/pln/venv/lib/python3.10/site-packages/airflow/example_dags/example_short_circuit_operator.py
[2025-08-07T16:26:55.742+0700] {logging_mixin.py:154} INFO - [2025-08-07T16:26:55.742+0700] {dag.py:2941} INFO - Sync 1 DAGs
[2025-08-07T16:26:55.758+0700] {logging_mixin.py:154} INFO - [2025-08-07T16:26:55.758+0700] {dag.py:3722} INFO - Setting next_dagrun for example_short_circuit_operator to 2025-08-06T09:26:55.758510+00:00, run_after=2025-08-07T09:26:55.758510+00:00
[2025-08-07T16:26:55.782+0700] {processor.py:179} INFO - Processing /home/dwmhr/pln/venv/lib/python3.10/site-packages/airflow/example_dags/example_short_circuit_operator.py took 0.085 seconds
[2025-08-07T16:27:48.346+0700] {processor.py:157} INFO - Started process (PID=125714) to work on /home/dwmhr/pln/venv/lib/python3.10/site-packages/airflow/example_dags/example_short_circuit_operator.py
[2025-08-07T16:27:48.348+0700] {processor.py:829} INFO - Processing file /home/dwmhr/pln/venv/lib/python3.10/site-packages/airflow/example_dags/example_short_circuit_operator.py for tasks to queue
[2025-08-07T16:27:48.349+0700] {logging_mixin.py:154} INFO - [2025-08-07T16:27:48.349+0700] {dagbag.py:536} INFO - Filling up the DagBag from /home/dwmhr/pln/venv/lib/python3.10/site-packages/airflow/example_dags/example_short_circuit_operator.py
[2025-08-07T16:27:48.356+0700] {processor.py:839} INFO - DAG(s) dict_keys(['example_short_circuit_operator']) retrieved from /home/dwmhr/pln/venv/lib/python3.10/site-packages/airflow/example_dags/example_short_circuit_operator.py
[2025-08-07T16:27:48.377+0700] {logging_mixin.py:154} INFO - [2025-08-07T16:27:48.376+0700] {dag.py:2941} INFO - Sync 1 DAGs
[2025-08-07T16:27:48.394+0700] {logging_mixin.py:154} INFO - [2025-08-07T16:27:48.394+0700] {dag.py:3722} INFO - Setting next_dagrun for example_short_circuit_operator to 2025-08-06T09:27:48.393797+00:00, run_after=2025-08-07T09:27:48.393797+00:00
[2025-08-07T16:27:48.416+0700] {processor.py:179} INFO - Processing /home/dwmhr/pln/venv/lib/python3.10/site-packages/airflow/example_dags/example_short_circuit_operator.py took 0.074 seconds
[2025-08-07T16:29:12.901+0700] {processor.py:157} INFO - Started process (PID=126091) to work on /home/dwmhr/pln/venv/lib/python3.10/site-packages/airflow/example_dags/example_short_circuit_operator.py
[2025-08-07T16:29:12.909+0700] {processor.py:829} INFO - Processing file /home/dwmhr/pln/venv/lib/python3.10/site-packages/airflow/example_dags/example_short_circuit_operator.py for tasks to queue
[2025-08-07T16:29:12.912+0700] {logging_mixin.py:154} INFO - [2025-08-07T16:29:12.911+0700] {dagbag.py:536} INFO - Filling up the DagBag from /home/dwmhr/pln/venv/lib/python3.10/site-packages/airflow/example_dags/example_short_circuit_operator.py
[2025-08-07T16:29:12.926+0700] {processor.py:839} INFO - DAG(s) dict_keys(['example_short_circuit_operator']) retrieved from /home/dwmhr/pln/venv/lib/python3.10/site-packages/airflow/example_dags/example_short_circuit_operator.py
[2025-08-07T16:29:12.969+0700] {logging_mixin.py:154} INFO - [2025-08-07T16:29:12.969+0700] {dag.py:2941} INFO - Sync 1 DAGs
[2025-08-07T16:29:13.003+0700] {logging_mixin.py:154} INFO - [2025-08-07T16:29:13.003+0700] {dag.py:3722} INFO - Setting next_dagrun for example_short_circuit_operator to 2025-08-06T09:29:13.002919+00:00, run_after=2025-08-07T09:29:13.002919+00:00
[2025-08-07T16:29:13.240+0700] {processor.py:179} INFO - Processing /home/dwmhr/pln/venv/lib/python3.10/site-packages/airflow/example_dags/example_short_circuit_operator.py took 0.346 seconds
[2025-08-07T16:30:12.693+0700] {processor.py:157} INFO - Started process (PID=126372) to work on /home/dwmhr/pln/venv/lib/python3.10/site-packages/airflow/example_dags/example_short_circuit_operator.py
[2025-08-07T16:30:12.696+0700] {processor.py:829} INFO - Processing file /home/dwmhr/pln/venv/lib/python3.10/site-packages/airflow/example_dags/example_short_circuit_operator.py for tasks to queue
[2025-08-07T16:30:12.699+0700] {logging_mixin.py:154} INFO - [2025-08-07T16:30:12.698+0700] {dagbag.py:536} INFO - Filling up the DagBag from /home/dwmhr/pln/venv/lib/python3.10/site-packages/airflow/example_dags/example_short_circuit_operator.py
[2025-08-07T16:30:12.716+0700] {processor.py:839} INFO - DAG(s) dict_keys(['example_short_circuit_operator']) retrieved from /home/dwmhr/pln/venv/lib/python3.10/site-packages/airflow/example_dags/example_short_circuit_operator.py
[2025-08-07T16:30:12.766+0700] {logging_mixin.py:154} INFO - [2025-08-07T16:30:12.765+0700] {dag.py:2941} INFO - Sync 1 DAGs
[2025-08-07T16:30:12.808+0700] {logging_mixin.py:154} INFO - [2025-08-07T16:30:12.808+0700] {dag.py:3722} INFO - Setting next_dagrun for example_short_circuit_operator to 2025-08-06T09:30:12.807481+00:00, run_after=2025-08-07T09:30:12.807481+00:00
[2025-08-07T16:30:12.860+0700] {processor.py:179} INFO - Processing /home/dwmhr/pln/venv/lib/python3.10/site-packages/airflow/example_dags/example_short_circuit_operator.py took 0.176 seconds
[2025-08-07T16:31:09.496+0700] {processor.py:157} INFO - Started process (PID=126671) to work on /home/dwmhr/pln/venv/lib/python3.10/site-packages/airflow/example_dags/example_short_circuit_operator.py
[2025-08-07T16:31:09.508+0700] {processor.py:829} INFO - Processing file /home/dwmhr/pln/venv/lib/python3.10/site-packages/airflow/example_dags/example_short_circuit_operator.py for tasks to queue
[2025-08-07T16:31:09.511+0700] {logging_mixin.py:154} INFO - [2025-08-07T16:31:09.510+0700] {dagbag.py:536} INFO - Filling up the DagBag from /home/dwmhr/pln/venv/lib/python3.10/site-packages/airflow/example_dags/example_short_circuit_operator.py
[2025-08-07T16:31:09.530+0700] {processor.py:839} INFO - DAG(s) dict_keys(['example_short_circuit_operator']) retrieved from /home/dwmhr/pln/venv/lib/python3.10/site-packages/airflow/example_dags/example_short_circuit_operator.py
[2025-08-07T16:31:09.581+0700] {logging_mixin.py:154} INFO - [2025-08-07T16:31:09.581+0700] {dag.py:2941} INFO - Sync 1 DAGs
[2025-08-07T16:31:09.633+0700] {logging_mixin.py:154} INFO - [2025-08-07T16:31:09.632+0700] {dag.py:3722} INFO - Setting next_dagrun for example_short_circuit_operator to 2025-08-06T09:31:09.631526+00:00, run_after=2025-08-07T09:31:09.631526+00:00
[2025-08-07T16:31:09.694+0700] {processor.py:179} INFO - Processing /home/dwmhr/pln/venv/lib/python3.10/site-packages/airflow/example_dags/example_short_circuit_operator.py took 0.209 seconds
[2025-08-07T16:32:31.044+0700] {processor.py:157} INFO - Started process (PID=127014) to work on /home/dwmhr/pln/venv/lib/python3.10/site-packages/airflow/example_dags/example_short_circuit_operator.py
[2025-08-07T16:32:31.050+0700] {processor.py:829} INFO - Processing file /home/dwmhr/pln/venv/lib/python3.10/site-packages/airflow/example_dags/example_short_circuit_operator.py for tasks to queue
[2025-08-07T16:32:31.057+0700] {logging_mixin.py:154} INFO - [2025-08-07T16:32:31.054+0700] {dagbag.py:536} INFO - Filling up the DagBag from /home/dwmhr/pln/venv/lib/python3.10/site-packages/airflow/example_dags/example_short_circuit_operator.py
[2025-08-07T16:32:31.117+0700] {processor.py:839} INFO - DAG(s) dict_keys(['example_short_circuit_operator']) retrieved from /home/dwmhr/pln/venv/lib/python3.10/site-packages/airflow/example_dags/example_short_circuit_operator.py
[2025-08-07T16:32:31.287+0700] {logging_mixin.py:154} INFO - [2025-08-07T16:32:31.286+0700] {dag.py:2941} INFO - Sync 1 DAGs
[2025-08-07T16:32:31.427+0700] {logging_mixin.py:154} INFO - [2025-08-07T16:32:31.426+0700] {dag.py:3722} INFO - Setting next_dagrun for example_short_circuit_operator to 2025-08-06T09:32:31.425839+00:00, run_after=2025-08-07T09:32:31.425839+00:00
[2025-08-07T16:32:31.526+0700] {processor.py:179} INFO - Processing /home/dwmhr/pln/venv/lib/python3.10/site-packages/airflow/example_dags/example_short_circuit_operator.py took 0.501 seconds
[2025-08-07T16:33:38.978+0700] {processor.py:157} INFO - Started process (PID=127301) to work on /home/dwmhr/pln/venv/lib/python3.10/site-packages/airflow/example_dags/example_short_circuit_operator.py
[2025-08-07T16:33:38.984+0700] {processor.py:829} INFO - Processing file /home/dwmhr/pln/venv/lib/python3.10/site-packages/airflow/example_dags/example_short_circuit_operator.py for tasks to queue
[2025-08-07T16:33:38.987+0700] {logging_mixin.py:154} INFO - [2025-08-07T16:33:38.986+0700] {dagbag.py:536} INFO - Filling up the DagBag from /home/dwmhr/pln/venv/lib/python3.10/site-packages/airflow/example_dags/example_short_circuit_operator.py
[2025-08-07T16:33:39.011+0700] {processor.py:839} INFO - DAG(s) dict_keys(['example_short_circuit_operator']) retrieved from /home/dwmhr/pln/venv/lib/python3.10/site-packages/airflow/example_dags/example_short_circuit_operator.py
[2025-08-07T16:33:39.089+0700] {logging_mixin.py:154} INFO - [2025-08-07T16:33:39.088+0700] {dag.py:2941} INFO - Sync 1 DAGs
[2025-08-07T16:33:39.139+0700] {logging_mixin.py:154} INFO - [2025-08-07T16:33:39.138+0700] {dag.py:3722} INFO - Setting next_dagrun for example_short_circuit_operator to 2025-08-06T09:33:39.138140+00:00, run_after=2025-08-07T09:33:39.138140+00:00
[2025-08-07T16:33:39.205+0700] {processor.py:179} INFO - Processing /home/dwmhr/pln/venv/lib/python3.10/site-packages/airflow/example_dags/example_short_circuit_operator.py took 0.243 seconds
[2025-08-07T16:34:28.872+0700] {processor.py:157} INFO - Started process (PID=127481) to work on /home/dwmhr/pln/venv/lib/python3.10/site-packages/airflow/example_dags/example_short_circuit_operator.py
[2025-08-07T16:34:28.876+0700] {processor.py:829} INFO - Processing file /home/dwmhr/pln/venv/lib/python3.10/site-packages/airflow/example_dags/example_short_circuit_operator.py for tasks to queue
[2025-08-07T16:34:28.878+0700] {logging_mixin.py:154} INFO - [2025-08-07T16:34:28.877+0700] {dagbag.py:536} INFO - Filling up the DagBag from /home/dwmhr/pln/venv/lib/python3.10/site-packages/airflow/example_dags/example_short_circuit_operator.py
[2025-08-07T16:34:28.897+0700] {processor.py:839} INFO - DAG(s) dict_keys(['example_short_circuit_operator']) retrieved from /home/dwmhr/pln/venv/lib/python3.10/site-packages/airflow/example_dags/example_short_circuit_operator.py
[2025-08-07T16:34:28.938+0700] {logging_mixin.py:154} INFO - [2025-08-07T16:34:28.938+0700] {dag.py:2941} INFO - Sync 1 DAGs
[2025-08-07T16:34:28.978+0700] {logging_mixin.py:154} INFO - [2025-08-07T16:34:28.977+0700] {dag.py:3722} INFO - Setting next_dagrun for example_short_circuit_operator to 2025-08-06T09:34:28.976882+00:00, run_after=2025-08-07T09:34:28.976882+00:00
[2025-08-07T16:34:29.032+0700] {processor.py:179} INFO - Processing /home/dwmhr/pln/venv/lib/python3.10/site-packages/airflow/example_dags/example_short_circuit_operator.py took 0.167 seconds
[2025-08-07T16:35:24.342+0700] {processor.py:157} INFO - Started process (PID=127723) to work on /home/dwmhr/pln/venv/lib/python3.10/site-packages/airflow/example_dags/example_short_circuit_operator.py
[2025-08-07T16:35:24.345+0700] {processor.py:829} INFO - Processing file /home/dwmhr/pln/venv/lib/python3.10/site-packages/airflow/example_dags/example_short_circuit_operator.py for tasks to queue
[2025-08-07T16:35:24.347+0700] {logging_mixin.py:154} INFO - [2025-08-07T16:35:24.347+0700] {dagbag.py:536} INFO - Filling up the DagBag from /home/dwmhr/pln/venv/lib/python3.10/site-packages/airflow/example_dags/example_short_circuit_operator.py
[2025-08-07T16:35:24.360+0700] {processor.py:839} INFO - DAG(s) dict_keys(['example_short_circuit_operator']) retrieved from /home/dwmhr/pln/venv/lib/python3.10/site-packages/airflow/example_dags/example_short_circuit_operator.py
[2025-08-07T16:35:24.399+0700] {logging_mixin.py:154} INFO - [2025-08-07T16:35:24.398+0700] {dag.py:2941} INFO - Sync 1 DAGs
[2025-08-07T16:35:24.433+0700] {logging_mixin.py:154} INFO - [2025-08-07T16:35:24.432+0700] {dag.py:3722} INFO - Setting next_dagrun for example_short_circuit_operator to 2025-08-06T09:35:24.432339+00:00, run_after=2025-08-07T09:35:24.432339+00:00
[2025-08-07T16:35:24.475+0700] {processor.py:179} INFO - Processing /home/dwmhr/pln/venv/lib/python3.10/site-packages/airflow/example_dags/example_short_circuit_operator.py took 0.141 seconds
[2025-08-07T16:36:08.529+0700] {processor.py:157} INFO - Started process (PID=127913) to work on /home/dwmhr/pln/venv/lib/python3.10/site-packages/airflow/example_dags/example_short_circuit_operator.py
[2025-08-07T16:36:08.535+0700] {processor.py:829} INFO - Processing file /home/dwmhr/pln/venv/lib/python3.10/site-packages/airflow/example_dags/example_short_circuit_operator.py for tasks to queue
[2025-08-07T16:36:08.536+0700] {logging_mixin.py:154} INFO - [2025-08-07T16:36:08.535+0700] {dagbag.py:536} INFO - Filling up the DagBag from /home/dwmhr/pln/venv/lib/python3.10/site-packages/airflow/example_dags/example_short_circuit_operator.py
[2025-08-07T16:36:08.542+0700] {processor.py:839} INFO - DAG(s) dict_keys(['example_short_circuit_operator']) retrieved from /home/dwmhr/pln/venv/lib/python3.10/site-packages/airflow/example_dags/example_short_circuit_operator.py
[2025-08-07T16:36:08.560+0700] {logging_mixin.py:154} INFO - [2025-08-07T16:36:08.560+0700] {dag.py:2941} INFO - Sync 1 DAGs
[2025-08-07T16:36:08.575+0700] {logging_mixin.py:154} INFO - [2025-08-07T16:36:08.575+0700] {dag.py:3722} INFO - Setting next_dagrun for example_short_circuit_operator to 2025-08-06T09:36:08.575079+00:00, run_after=2025-08-07T09:36:08.575079+00:00
[2025-08-07T16:36:08.599+0700] {processor.py:179} INFO - Processing /home/dwmhr/pln/venv/lib/python3.10/site-packages/airflow/example_dags/example_short_circuit_operator.py took 0.073 seconds
[2025-08-07T16:36:59.032+0700] {processor.py:157} INFO - Started process (PID=128145) to work on /home/dwmhr/pln/venv/lib/python3.10/site-packages/airflow/example_dags/example_short_circuit_operator.py
[2025-08-07T16:36:59.045+0700] {processor.py:829} INFO - Processing file /home/dwmhr/pln/venv/lib/python3.10/site-packages/airflow/example_dags/example_short_circuit_operator.py for tasks to queue
[2025-08-07T16:36:59.047+0700] {logging_mixin.py:154} INFO - [2025-08-07T16:36:59.046+0700] {dagbag.py:536} INFO - Filling up the DagBag from /home/dwmhr/pln/venv/lib/python3.10/site-packages/airflow/example_dags/example_short_circuit_operator.py
[2025-08-07T16:36:59.057+0700] {processor.py:839} INFO - DAG(s) dict_keys(['example_short_circuit_operator']) retrieved from /home/dwmhr/pln/venv/lib/python3.10/site-packages/airflow/example_dags/example_short_circuit_operator.py
[2025-08-07T16:36:59.087+0700] {logging_mixin.py:154} INFO - [2025-08-07T16:36:59.087+0700] {dag.py:2941} INFO - Sync 1 DAGs
[2025-08-07T16:36:59.117+0700] {logging_mixin.py:154} INFO - [2025-08-07T16:36:59.117+0700] {dag.py:3722} INFO - Setting next_dagrun for example_short_circuit_operator to 2025-08-06T09:36:59.116461+00:00, run_after=2025-08-07T09:36:59.116461+00:00
[2025-08-07T16:36:59.156+0700] {processor.py:179} INFO - Processing /home/dwmhr/pln/venv/lib/python3.10/site-packages/airflow/example_dags/example_short_circuit_operator.py took 0.128 seconds
[2025-08-07T16:37:55.523+0700] {processor.py:157} INFO - Started process (PID=128362) to work on /home/dwmhr/pln/venv/lib/python3.10/site-packages/airflow/example_dags/example_short_circuit_operator.py
[2025-08-07T16:37:55.526+0700] {processor.py:829} INFO - Processing file /home/dwmhr/pln/venv/lib/python3.10/site-packages/airflow/example_dags/example_short_circuit_operator.py for tasks to queue
[2025-08-07T16:37:55.529+0700] {logging_mixin.py:154} INFO - [2025-08-07T16:37:55.528+0700] {dagbag.py:536} INFO - Filling up the DagBag from /home/dwmhr/pln/venv/lib/python3.10/site-packages/airflow/example_dags/example_short_circuit_operator.py
[2025-08-07T16:37:55.550+0700] {processor.py:839} INFO - DAG(s) dict_keys(['example_short_circuit_operator']) retrieved from /home/dwmhr/pln/venv/lib/python3.10/site-packages/airflow/example_dags/example_short_circuit_operator.py
[2025-08-07T16:37:55.618+0700] {logging_mixin.py:154} INFO - [2025-08-07T16:37:55.617+0700] {dag.py:2941} INFO - Sync 1 DAGs
[2025-08-07T16:37:55.673+0700] {logging_mixin.py:154} INFO - [2025-08-07T16:37:55.673+0700] {dag.py:3722} INFO - Setting next_dagrun for example_short_circuit_operator to 2025-08-06T09:37:55.672906+00:00, run_after=2025-08-07T09:37:55.672906+00:00
[2025-08-07T16:37:55.736+0700] {processor.py:179} INFO - Processing /home/dwmhr/pln/venv/lib/python3.10/site-packages/airflow/example_dags/example_short_circuit_operator.py took 0.222 seconds
[2025-08-07T16:38:58.259+0700] {processor.py:157} INFO - Started process (PID=128621) to work on /home/dwmhr/pln/venv/lib/python3.10/site-packages/airflow/example_dags/example_short_circuit_operator.py
[2025-08-07T16:38:58.261+0700] {processor.py:829} INFO - Processing file /home/dwmhr/pln/venv/lib/python3.10/site-packages/airflow/example_dags/example_short_circuit_operator.py for tasks to queue
[2025-08-07T16:38:58.264+0700] {logging_mixin.py:154} INFO - [2025-08-07T16:38:58.263+0700] {dagbag.py:536} INFO - Filling up the DagBag from /home/dwmhr/pln/venv/lib/python3.10/site-packages/airflow/example_dags/example_short_circuit_operator.py
[2025-08-07T16:38:58.276+0700] {processor.py:839} INFO - DAG(s) dict_keys(['example_short_circuit_operator']) retrieved from /home/dwmhr/pln/venv/lib/python3.10/site-packages/airflow/example_dags/example_short_circuit_operator.py
[2025-08-07T16:38:58.305+0700] {logging_mixin.py:154} INFO - [2025-08-07T16:38:58.305+0700] {dag.py:2941} INFO - Sync 1 DAGs
[2025-08-07T16:38:58.331+0700] {logging_mixin.py:154} INFO - [2025-08-07T16:38:58.331+0700] {dag.py:3722} INFO - Setting next_dagrun for example_short_circuit_operator to 2025-08-06T09:38:58.330886+00:00, run_after=2025-08-07T09:38:58.330886+00:00
[2025-08-07T16:38:58.365+0700] {processor.py:179} INFO - Processing /home/dwmhr/pln/venv/lib/python3.10/site-packages/airflow/example_dags/example_short_circuit_operator.py took 0.112 seconds
[2025-08-07T16:39:47.024+0700] {processor.py:157} INFO - Started process (PID=128814) to work on /home/dwmhr/pln/venv/lib/python3.10/site-packages/airflow/example_dags/example_short_circuit_operator.py
[2025-08-07T16:39:47.040+0700] {processor.py:829} INFO - Processing file /home/dwmhr/pln/venv/lib/python3.10/site-packages/airflow/example_dags/example_short_circuit_operator.py for tasks to queue
[2025-08-07T16:39:47.053+0700] {logging_mixin.py:154} INFO - [2025-08-07T16:39:47.044+0700] {dagbag.py:536} INFO - Filling up the DagBag from /home/dwmhr/pln/venv/lib/python3.10/site-packages/airflow/example_dags/example_short_circuit_operator.py
[2025-08-07T16:39:47.130+0700] {processor.py:839} INFO - DAG(s) dict_keys(['example_short_circuit_operator']) retrieved from /home/dwmhr/pln/venv/lib/python3.10/site-packages/airflow/example_dags/example_short_circuit_operator.py
[2025-08-07T16:39:47.475+0700] {logging_mixin.py:154} INFO - [2025-08-07T16:39:47.474+0700] {dag.py:2941} INFO - Sync 1 DAGs
[2025-08-07T16:39:47.695+0700] {logging_mixin.py:154} INFO - [2025-08-07T16:39:47.694+0700] {dag.py:3722} INFO - Setting next_dagrun for example_short_circuit_operator to 2025-08-06T09:39:47.692352+00:00, run_after=2025-08-07T09:39:47.692352+00:00
[2025-08-07T16:39:47.961+0700] {processor.py:179} INFO - Processing /home/dwmhr/pln/venv/lib/python3.10/site-packages/airflow/example_dags/example_short_circuit_operator.py took 0.980 seconds
[2025-08-07T16:40:39.669+0700] {processor.py:157} INFO - Started process (PID=129021) to work on /home/dwmhr/pln/venv/lib/python3.10/site-packages/airflow/example_dags/example_short_circuit_operator.py
[2025-08-07T16:40:39.673+0700] {processor.py:829} INFO - Processing file /home/dwmhr/pln/venv/lib/python3.10/site-packages/airflow/example_dags/example_short_circuit_operator.py for tasks to queue
[2025-08-07T16:40:39.677+0700] {logging_mixin.py:154} INFO - [2025-08-07T16:40:39.675+0700] {dagbag.py:536} INFO - Filling up the DagBag from /home/dwmhr/pln/venv/lib/python3.10/site-packages/airflow/example_dags/example_short_circuit_operator.py
[2025-08-07T16:40:39.697+0700] {processor.py:839} INFO - DAG(s) dict_keys(['example_short_circuit_operator']) retrieved from /home/dwmhr/pln/venv/lib/python3.10/site-packages/airflow/example_dags/example_short_circuit_operator.py
[2025-08-07T16:40:39.746+0700] {logging_mixin.py:154} INFO - [2025-08-07T16:40:39.746+0700] {dag.py:2941} INFO - Sync 1 DAGs
[2025-08-07T16:40:39.803+0700] {logging_mixin.py:154} INFO - [2025-08-07T16:40:39.803+0700] {dag.py:3722} INFO - Setting next_dagrun for example_short_circuit_operator to 2025-08-06T09:40:39.802823+00:00, run_after=2025-08-07T09:40:39.802823+00:00
[2025-08-07T16:40:39.864+0700] {processor.py:179} INFO - Processing /home/dwmhr/pln/venv/lib/python3.10/site-packages/airflow/example_dags/example_short_circuit_operator.py took 0.207 seconds
[2025-08-07T16:41:33.680+0700] {processor.py:157} INFO - Started process (PID=129272) to work on /home/dwmhr/pln/venv/lib/python3.10/site-packages/airflow/example_dags/example_short_circuit_operator.py
[2025-08-07T16:41:33.682+0700] {processor.py:829} INFO - Processing file /home/dwmhr/pln/venv/lib/python3.10/site-packages/airflow/example_dags/example_short_circuit_operator.py for tasks to queue
[2025-08-07T16:41:33.683+0700] {logging_mixin.py:154} INFO - [2025-08-07T16:41:33.683+0700] {dagbag.py:536} INFO - Filling up the DagBag from /home/dwmhr/pln/venv/lib/python3.10/site-packages/airflow/example_dags/example_short_circuit_operator.py
[2025-08-07T16:41:33.692+0700] {processor.py:839} INFO - DAG(s) dict_keys(['example_short_circuit_operator']) retrieved from /home/dwmhr/pln/venv/lib/python3.10/site-packages/airflow/example_dags/example_short_circuit_operator.py
[2025-08-07T16:41:33.718+0700] {logging_mixin.py:154} INFO - [2025-08-07T16:41:33.718+0700] {dag.py:2941} INFO - Sync 1 DAGs
[2025-08-07T16:41:33.741+0700] {logging_mixin.py:154} INFO - [2025-08-07T16:41:33.741+0700] {dag.py:3722} INFO - Setting next_dagrun for example_short_circuit_operator to 2025-08-06T09:41:33.741296+00:00, run_after=2025-08-07T09:41:33.741296+00:00
[2025-08-07T16:41:33.773+0700] {processor.py:179} INFO - Processing /home/dwmhr/pln/venv/lib/python3.10/site-packages/airflow/example_dags/example_short_circuit_operator.py took 0.097 seconds
[2025-08-07T16:42:20.513+0700] {processor.py:157} INFO - Started process (PID=129473) to work on /home/dwmhr/pln/venv/lib/python3.10/site-packages/airflow/example_dags/example_short_circuit_operator.py
[2025-08-07T16:42:20.515+0700] {processor.py:829} INFO - Processing file /home/dwmhr/pln/venv/lib/python3.10/site-packages/airflow/example_dags/example_short_circuit_operator.py for tasks to queue
[2025-08-07T16:42:20.516+0700] {logging_mixin.py:154} INFO - [2025-08-07T16:42:20.516+0700] {dagbag.py:536} INFO - Filling up the DagBag from /home/dwmhr/pln/venv/lib/python3.10/site-packages/airflow/example_dags/example_short_circuit_operator.py
[2025-08-07T16:42:20.525+0700] {processor.py:839} INFO - DAG(s) dict_keys(['example_short_circuit_operator']) retrieved from /home/dwmhr/pln/venv/lib/python3.10/site-packages/airflow/example_dags/example_short_circuit_operator.py
[2025-08-07T16:42:20.550+0700] {logging_mixin.py:154} INFO - [2025-08-07T16:42:20.549+0700] {dag.py:2941} INFO - Sync 1 DAGs
[2025-08-07T16:42:20.571+0700] {logging_mixin.py:154} INFO - [2025-08-07T16:42:20.570+0700] {dag.py:3722} INFO - Setting next_dagrun for example_short_circuit_operator to 2025-08-06T09:42:20.570603+00:00, run_after=2025-08-07T09:42:20.570603+00:00
[2025-08-07T16:42:20.602+0700] {processor.py:179} INFO - Processing /home/dwmhr/pln/venv/lib/python3.10/site-packages/airflow/example_dags/example_short_circuit_operator.py took 0.094 seconds
[2025-08-07T16:43:10.127+0700] {processor.py:157} INFO - Started process (PID=129650) to work on /home/dwmhr/pln/venv/lib/python3.10/site-packages/airflow/example_dags/example_short_circuit_operator.py
[2025-08-07T16:43:10.130+0700] {processor.py:829} INFO - Processing file /home/dwmhr/pln/venv/lib/python3.10/site-packages/airflow/example_dags/example_short_circuit_operator.py for tasks to queue
[2025-08-07T16:43:10.132+0700] {logging_mixin.py:154} INFO - [2025-08-07T16:43:10.131+0700] {dagbag.py:536} INFO - Filling up the DagBag from /home/dwmhr/pln/venv/lib/python3.10/site-packages/airflow/example_dags/example_short_circuit_operator.py
[2025-08-07T16:43:10.147+0700] {processor.py:839} INFO - DAG(s) dict_keys(['example_short_circuit_operator']) retrieved from /home/dwmhr/pln/venv/lib/python3.10/site-packages/airflow/example_dags/example_short_circuit_operator.py
[2025-08-07T16:43:10.208+0700] {logging_mixin.py:154} INFO - [2025-08-07T16:43:10.208+0700] {dag.py:2941} INFO - Sync 1 DAGs
[2025-08-07T16:43:10.248+0700] {logging_mixin.py:154} INFO - [2025-08-07T16:43:10.248+0700] {dag.py:3722} INFO - Setting next_dagrun for example_short_circuit_operator to 2025-08-06T09:43:10.247921+00:00, run_after=2025-08-07T09:43:10.247921+00:00
[2025-08-07T16:43:10.302+0700] {processor.py:179} INFO - Processing /home/dwmhr/pln/venv/lib/python3.10/site-packages/airflow/example_dags/example_short_circuit_operator.py took 0.183 seconds
[2025-08-07T16:44:03.433+0700] {processor.py:157} INFO - Started process (PID=129891) to work on /home/dwmhr/pln/venv/lib/python3.10/site-packages/airflow/example_dags/example_short_circuit_operator.py
[2025-08-07T16:44:03.436+0700] {processor.py:829} INFO - Processing file /home/dwmhr/pln/venv/lib/python3.10/site-packages/airflow/example_dags/example_short_circuit_operator.py for tasks to queue
[2025-08-07T16:44:03.440+0700] {logging_mixin.py:154} INFO - [2025-08-07T16:44:03.438+0700] {dagbag.py:536} INFO - Filling up the DagBag from /home/dwmhr/pln/venv/lib/python3.10/site-packages/airflow/example_dags/example_short_circuit_operator.py
[2025-08-07T16:44:03.461+0700] {processor.py:839} INFO - DAG(s) dict_keys(['example_short_circuit_operator']) retrieved from /home/dwmhr/pln/venv/lib/python3.10/site-packages/airflow/example_dags/example_short_circuit_operator.py
[2025-08-07T16:44:03.517+0700] {logging_mixin.py:154} INFO - [2025-08-07T16:44:03.517+0700] {dag.py:2941} INFO - Sync 1 DAGs
[2025-08-07T16:44:03.569+0700] {logging_mixin.py:154} INFO - [2025-08-07T16:44:03.569+0700] {dag.py:3722} INFO - Setting next_dagrun for example_short_circuit_operator to 2025-08-06T09:44:03.568404+00:00, run_after=2025-08-07T09:44:03.568404+00:00
[2025-08-07T16:44:03.631+0700] {processor.py:179} INFO - Processing /home/dwmhr/pln/venv/lib/python3.10/site-packages/airflow/example_dags/example_short_circuit_operator.py took 0.208 seconds
[2025-08-07T16:44:44.334+0700] {processor.py:157} INFO - Started process (PID=130093) to work on /home/dwmhr/pln/venv/lib/python3.10/site-packages/airflow/example_dags/example_short_circuit_operator.py
[2025-08-07T16:44:44.343+0700] {processor.py:829} INFO - Processing file /home/dwmhr/pln/venv/lib/python3.10/site-packages/airflow/example_dags/example_short_circuit_operator.py for tasks to queue
[2025-08-07T16:44:44.345+0700] {logging_mixin.py:154} INFO - [2025-08-07T16:44:44.344+0700] {dagbag.py:536} INFO - Filling up the DagBag from /home/dwmhr/pln/venv/lib/python3.10/site-packages/airflow/example_dags/example_short_circuit_operator.py
[2025-08-07T16:44:44.364+0700] {processor.py:839} INFO - DAG(s) dict_keys(['example_short_circuit_operator']) retrieved from /home/dwmhr/pln/venv/lib/python3.10/site-packages/airflow/example_dags/example_short_circuit_operator.py
[2025-08-07T16:44:44.414+0700] {logging_mixin.py:154} INFO - [2025-08-07T16:44:44.413+0700] {dag.py:2941} INFO - Sync 1 DAGs
[2025-08-07T16:44:44.457+0700] {logging_mixin.py:154} INFO - [2025-08-07T16:44:44.456+0700] {dag.py:3722} INFO - Setting next_dagrun for example_short_circuit_operator to 2025-08-06T09:44:44.456104+00:00, run_after=2025-08-07T09:44:44.456104+00:00
[2025-08-07T16:44:44.509+0700] {processor.py:179} INFO - Processing /home/dwmhr/pln/venv/lib/python3.10/site-packages/airflow/example_dags/example_short_circuit_operator.py took 0.185 seconds
[2025-08-07T16:45:25.118+0700] {processor.py:157} INFO - Started process (PID=130246) to work on /home/dwmhr/pln/venv/lib/python3.10/site-packages/airflow/example_dags/example_short_circuit_operator.py
[2025-08-07T16:45:25.120+0700] {processor.py:829} INFO - Processing file /home/dwmhr/pln/venv/lib/python3.10/site-packages/airflow/example_dags/example_short_circuit_operator.py for tasks to queue
[2025-08-07T16:45:25.121+0700] {logging_mixin.py:154} INFO - [2025-08-07T16:45:25.120+0700] {dagbag.py:536} INFO - Filling up the DagBag from /home/dwmhr/pln/venv/lib/python3.10/site-packages/airflow/example_dags/example_short_circuit_operator.py
[2025-08-07T16:45:25.126+0700] {processor.py:839} INFO - DAG(s) dict_keys(['example_short_circuit_operator']) retrieved from /home/dwmhr/pln/venv/lib/python3.10/site-packages/airflow/example_dags/example_short_circuit_operator.py
[2025-08-07T16:45:25.143+0700] {logging_mixin.py:154} INFO - [2025-08-07T16:45:25.142+0700] {dag.py:2941} INFO - Sync 1 DAGs
[2025-08-07T16:45:25.161+0700] {logging_mixin.py:154} INFO - [2025-08-07T16:45:25.160+0700] {dag.py:3722} INFO - Setting next_dagrun for example_short_circuit_operator to 2025-08-06T09:45:25.160674+00:00, run_after=2025-08-07T09:45:25.160674+00:00
[2025-08-07T16:45:25.184+0700] {processor.py:179} INFO - Processing /home/dwmhr/pln/venv/lib/python3.10/site-packages/airflow/example_dags/example_short_circuit_operator.py took 0.071 seconds
[2025-08-07T16:46:12.020+0700] {processor.py:157} INFO - Started process (PID=130487) to work on /home/dwmhr/pln/venv/lib/python3.10/site-packages/airflow/example_dags/example_short_circuit_operator.py
[2025-08-07T16:46:12.024+0700] {processor.py:829} INFO - Processing file /home/dwmhr/pln/venv/lib/python3.10/site-packages/airflow/example_dags/example_short_circuit_operator.py for tasks to queue
[2025-08-07T16:46:12.027+0700] {logging_mixin.py:154} INFO - [2025-08-07T16:46:12.026+0700] {dagbag.py:536} INFO - Filling up the DagBag from /home/dwmhr/pln/venv/lib/python3.10/site-packages/airflow/example_dags/example_short_circuit_operator.py
[2025-08-07T16:46:12.057+0700] {processor.py:839} INFO - DAG(s) dict_keys(['example_short_circuit_operator']) retrieved from /home/dwmhr/pln/venv/lib/python3.10/site-packages/airflow/example_dags/example_short_circuit_operator.py
[2025-08-07T16:46:12.162+0700] {logging_mixin.py:154} INFO - [2025-08-07T16:46:12.161+0700] {dag.py:2941} INFO - Sync 1 DAGs
[2025-08-07T16:46:12.230+0700] {logging_mixin.py:154} INFO - [2025-08-07T16:46:12.229+0700] {dag.py:3722} INFO - Setting next_dagrun for example_short_circuit_operator to 2025-08-06T09:46:12.228923+00:00, run_after=2025-08-07T09:46:12.228923+00:00
[2025-08-07T16:46:12.302+0700] {processor.py:179} INFO - Processing /home/dwmhr/pln/venv/lib/python3.10/site-packages/airflow/example_dags/example_short_circuit_operator.py took 0.294 seconds
[2025-08-07T16:47:01.409+0700] {processor.py:157} INFO - Started process (PID=130677) to work on /home/dwmhr/pln/venv/lib/python3.10/site-packages/airflow/example_dags/example_short_circuit_operator.py
[2025-08-07T16:47:01.414+0700] {processor.py:829} INFO - Processing file /home/dwmhr/pln/venv/lib/python3.10/site-packages/airflow/example_dags/example_short_circuit_operator.py for tasks to queue
[2025-08-07T16:47:01.415+0700] {logging_mixin.py:154} INFO - [2025-08-07T16:47:01.415+0700] {dagbag.py:536} INFO - Filling up the DagBag from /home/dwmhr/pln/venv/lib/python3.10/site-packages/airflow/example_dags/example_short_circuit_operator.py
[2025-08-07T16:47:01.420+0700] {processor.py:839} INFO - DAG(s) dict_keys(['example_short_circuit_operator']) retrieved from /home/dwmhr/pln/venv/lib/python3.10/site-packages/airflow/example_dags/example_short_circuit_operator.py
[2025-08-07T16:47:01.436+0700] {logging_mixin.py:154} INFO - [2025-08-07T16:47:01.436+0700] {dag.py:2941} INFO - Sync 1 DAGs
[2025-08-07T16:47:01.448+0700] {logging_mixin.py:154} INFO - [2025-08-07T16:47:01.448+0700] {dag.py:3722} INFO - Setting next_dagrun for example_short_circuit_operator to 2025-08-06T09:47:01.448258+00:00, run_after=2025-08-07T09:47:01.448258+00:00
[2025-08-07T16:47:01.465+0700] {processor.py:179} INFO - Processing /home/dwmhr/pln/venv/lib/python3.10/site-packages/airflow/example_dags/example_short_circuit_operator.py took 0.058 seconds
[2025-08-07T16:47:51.278+0700] {processor.py:157} INFO - Started process (PID=130880) to work on /home/dwmhr/pln/venv/lib/python3.10/site-packages/airflow/example_dags/example_short_circuit_operator.py
[2025-08-07T16:47:51.292+0700] {processor.py:829} INFO - Processing file /home/dwmhr/pln/venv/lib/python3.10/site-packages/airflow/example_dags/example_short_circuit_operator.py for tasks to queue
[2025-08-07T16:47:51.293+0700] {logging_mixin.py:154} INFO - [2025-08-07T16:47:51.292+0700] {dagbag.py:536} INFO - Filling up the DagBag from /home/dwmhr/pln/venv/lib/python3.10/site-packages/airflow/example_dags/example_short_circuit_operator.py
[2025-08-07T16:47:51.304+0700] {processor.py:839} INFO - DAG(s) dict_keys(['example_short_circuit_operator']) retrieved from /home/dwmhr/pln/venv/lib/python3.10/site-packages/airflow/example_dags/example_short_circuit_operator.py
[2025-08-07T16:47:51.338+0700] {logging_mixin.py:154} INFO - [2025-08-07T16:47:51.337+0700] {dag.py:2941} INFO - Sync 1 DAGs
[2025-08-07T16:47:51.365+0700] {logging_mixin.py:154} INFO - [2025-08-07T16:47:51.365+0700] {dag.py:3722} INFO - Setting next_dagrun for example_short_circuit_operator to 2025-08-06T09:47:51.364790+00:00, run_after=2025-08-07T09:47:51.364790+00:00
[2025-08-07T16:47:51.396+0700] {processor.py:179} INFO - Processing /home/dwmhr/pln/venv/lib/python3.10/site-packages/airflow/example_dags/example_short_circuit_operator.py took 0.122 seconds
[2025-08-07T16:48:47.780+0700] {processor.py:157} INFO - Started process (PID=131127) to work on /home/dwmhr/pln/venv/lib/python3.10/site-packages/airflow/example_dags/example_short_circuit_operator.py
[2025-08-07T16:48:47.782+0700] {processor.py:829} INFO - Processing file /home/dwmhr/pln/venv/lib/python3.10/site-packages/airflow/example_dags/example_short_circuit_operator.py for tasks to queue
[2025-08-07T16:48:47.782+0700] {logging_mixin.py:154} INFO - [2025-08-07T16:48:47.782+0700] {dagbag.py:536} INFO - Filling up the DagBag from /home/dwmhr/pln/venv/lib/python3.10/site-packages/airflow/example_dags/example_short_circuit_operator.py
[2025-08-07T16:48:47.788+0700] {processor.py:839} INFO - DAG(s) dict_keys(['example_short_circuit_operator']) retrieved from /home/dwmhr/pln/venv/lib/python3.10/site-packages/airflow/example_dags/example_short_circuit_operator.py
[2025-08-07T16:48:47.803+0700] {logging_mixin.py:154} INFO - [2025-08-07T16:48:47.802+0700] {dag.py:2941} INFO - Sync 1 DAGs
[2025-08-07T16:48:47.814+0700] {logging_mixin.py:154} INFO - [2025-08-07T16:48:47.814+0700] {dag.py:3722} INFO - Setting next_dagrun for example_short_circuit_operator to 2025-08-06T09:48:47.814595+00:00, run_after=2025-08-07T09:48:47.814595+00:00
[2025-08-07T16:48:47.830+0700] {processor.py:179} INFO - Processing /home/dwmhr/pln/venv/lib/python3.10/site-packages/airflow/example_dags/example_short_circuit_operator.py took 0.053 seconds
