[2025-08-07T15:45:13.770+0700] {processor.py:157} INFO - Started process (PID=113257) to work on /home/dwmhr/pln/venv/lib/python3.10/site-packages/airflow/example_dags/example_short_circuit_decorator.py
[2025-08-07T15:45:13.771+0700] {processor.py:829} INFO - Processing file /home/dwmhr/pln/venv/lib/python3.10/site-packages/airflow/example_dags/example_short_circuit_decorator.py for tasks to queue
[2025-08-07T15:45:13.771+0700] {logging_mixin.py:154} INFO - [2025-08-07T15:45:13.771+0700] {dagbag.py:536} INFO - Filling up the DagBag from /home/dwmhr/pln/venv/lib/python3.10/site-packages/airflow/example_dags/example_short_circuit_decorator.py
[2025-08-07T15:45:13.782+0700] {processor.py:839} INFO - DAG(s) dict_keys(['example_short_circuit_decorator']) retrieved from /home/dwmhr/pln/venv/lib/python3.10/site-packages/airflow/example_dags/example_short_circuit_decorator.py
[2025-08-07T15:45:13.888+0700] {logging_mixin.py:154} INFO - [2025-08-07T15:45:13.887+0700] {manager.py:499} INFO - Created Permission View: %s
[2025-08-07T15:45:13.899+0700] {logging_mixin.py:154} INFO - [2025-08-07T15:45:13.899+0700] {manager.py:499} INFO - Created Permission View: %s
[2025-08-07T15:45:13.907+0700] {logging_mixin.py:154} INFO - [2025-08-07T15:45:13.907+0700] {manager.py:499} INFO - Created Permission View: %s
[2025-08-07T15:45:13.907+0700] {logging_mixin.py:154} INFO - [2025-08-07T15:45:13.907+0700] {dag.py:2941} INFO - Sync 1 DAGs
[2025-08-07T15:45:13.916+0700] {logging_mixin.py:154} INFO - [2025-08-07T15:45:13.916+0700] {dag.py:2963} INFO - Creating ORM DAG for example_short_circuit_decorator
[2025-08-07T15:45:13.924+0700] {logging_mixin.py:154} INFO - [2025-08-07T15:45:13.923+0700] {dag.py:3722} INFO - Setting next_dagrun for example_short_circuit_decorator to 2025-08-06T08:45:13.923669+00:00, run_after=2025-08-07T08:45:13.923669+00:00
[2025-08-07T15:45:13.944+0700] {processor.py:179} INFO - Processing /home/dwmhr/pln/venv/lib/python3.10/site-packages/airflow/example_dags/example_short_circuit_decorator.py took 0.178 seconds
[2025-08-07T15:46:23.999+0700] {processor.py:157} INFO - Started process (PID=113589) to work on /home/dwmhr/pln/venv/lib/python3.10/site-packages/airflow/example_dags/example_short_circuit_decorator.py
[2025-08-07T15:46:24.002+0700] {processor.py:829} INFO - Processing file /home/dwmhr/pln/venv/lib/python3.10/site-packages/airflow/example_dags/example_short_circuit_decorator.py for tasks to queue
[2025-08-07T15:46:24.003+0700] {logging_mixin.py:154} INFO - [2025-08-07T15:46:24.003+0700] {dagbag.py:536} INFO - Filling up the DagBag from /home/dwmhr/pln/venv/lib/python3.10/site-packages/airflow/example_dags/example_short_circuit_decorator.py
[2025-08-07T15:46:24.020+0700] {processor.py:839} INFO - DAG(s) dict_keys(['example_short_circuit_decorator']) retrieved from /home/dwmhr/pln/venv/lib/python3.10/site-packages/airflow/example_dags/example_short_circuit_decorator.py
[2025-08-07T15:46:24.047+0700] {logging_mixin.py:154} INFO - [2025-08-07T15:46:24.047+0700] {dag.py:2941} INFO - Sync 1 DAGs
[2025-08-07T15:46:24.079+0700] {logging_mixin.py:154} INFO - [2025-08-07T15:46:24.078+0700] {dag.py:3722} INFO - Setting next_dagrun for example_short_circuit_decorator to 2025-08-06T08:46:24.078286+00:00, run_after=2025-08-07T08:46:24.078286+00:00
[2025-08-07T15:46:24.111+0700] {processor.py:179} INFO - Processing /home/dwmhr/pln/venv/lib/python3.10/site-packages/airflow/example_dags/example_short_circuit_decorator.py took 0.117 seconds
[2025-08-07T15:47:18.576+0700] {processor.py:157} INFO - Started process (PID=113883) to work on /home/dwmhr/pln/venv/lib/python3.10/site-packages/airflow/example_dags/example_short_circuit_decorator.py
[2025-08-07T15:47:18.581+0700] {processor.py:829} INFO - Processing file /home/dwmhr/pln/venv/lib/python3.10/site-packages/airflow/example_dags/example_short_circuit_decorator.py for tasks to queue
[2025-08-07T15:47:18.588+0700] {logging_mixin.py:154} INFO - [2025-08-07T15:47:18.588+0700] {dagbag.py:536} INFO - Filling up the DagBag from /home/dwmhr/pln/venv/lib/python3.10/site-packages/airflow/example_dags/example_short_circuit_decorator.py
[2025-08-07T15:47:18.603+0700] {processor.py:839} INFO - DAG(s) dict_keys(['example_short_circuit_decorator']) retrieved from /home/dwmhr/pln/venv/lib/python3.10/site-packages/airflow/example_dags/example_short_circuit_decorator.py
[2025-08-07T15:47:18.636+0700] {logging_mixin.py:154} INFO - [2025-08-07T15:47:18.636+0700] {dag.py:2941} INFO - Sync 1 DAGs
[2025-08-07T15:47:18.669+0700] {logging_mixin.py:154} INFO - [2025-08-07T15:47:18.668+0700] {dag.py:3722} INFO - Setting next_dagrun for example_short_circuit_decorator to 2025-08-06T08:47:18.668595+00:00, run_after=2025-08-07T08:47:18.668595+00:00
[2025-08-07T15:47:18.698+0700] {processor.py:179} INFO - Processing /home/dwmhr/pln/venv/lib/python3.10/site-packages/airflow/example_dags/example_short_circuit_decorator.py took 0.127 seconds
[2025-08-07T15:48:03.808+0700] {processor.py:157} INFO - Started process (PID=114147) to work on /home/dwmhr/pln/venv/lib/python3.10/site-packages/airflow/example_dags/example_short_circuit_decorator.py
[2025-08-07T15:48:03.821+0700] {processor.py:829} INFO - Processing file /home/dwmhr/pln/venv/lib/python3.10/site-packages/airflow/example_dags/example_short_circuit_decorator.py for tasks to queue
[2025-08-07T15:48:03.821+0700] {logging_mixin.py:154} INFO - [2025-08-07T15:48:03.821+0700] {dagbag.py:536} INFO - Filling up the DagBag from /home/dwmhr/pln/venv/lib/python3.10/site-packages/airflow/example_dags/example_short_circuit_decorator.py
[2025-08-07T15:48:03.829+0700] {processor.py:839} INFO - DAG(s) dict_keys(['example_short_circuit_decorator']) retrieved from /home/dwmhr/pln/venv/lib/python3.10/site-packages/airflow/example_dags/example_short_circuit_decorator.py
[2025-08-07T15:48:03.845+0700] {logging_mixin.py:154} INFO - [2025-08-07T15:48:03.844+0700] {dag.py:2941} INFO - Sync 1 DAGs
[2025-08-07T15:48:03.859+0700] {logging_mixin.py:154} INFO - [2025-08-07T15:48:03.859+0700] {dag.py:3722} INFO - Setting next_dagrun for example_short_circuit_decorator to 2025-08-06T08:48:03.859592+00:00, run_after=2025-08-07T08:48:03.859592+00:00
[2025-08-07T15:48:03.877+0700] {processor.py:179} INFO - Processing /home/dwmhr/pln/venv/lib/python3.10/site-packages/airflow/example_dags/example_short_circuit_decorator.py took 0.072 seconds
[2025-08-07T15:49:01.867+0700] {processor.py:157} INFO - Started process (PID=114458) to work on /home/dwmhr/pln/venv/lib/python3.10/site-packages/airflow/example_dags/example_short_circuit_decorator.py
[2025-08-07T15:49:01.871+0700] {processor.py:829} INFO - Processing file /home/dwmhr/pln/venv/lib/python3.10/site-packages/airflow/example_dags/example_short_circuit_decorator.py for tasks to queue
[2025-08-07T15:49:01.872+0700] {logging_mixin.py:154} INFO - [2025-08-07T15:49:01.872+0700] {dagbag.py:536} INFO - Filling up the DagBag from /home/dwmhr/pln/venv/lib/python3.10/site-packages/airflow/example_dags/example_short_circuit_decorator.py
[2025-08-07T15:49:01.892+0700] {processor.py:839} INFO - DAG(s) dict_keys(['example_short_circuit_decorator']) retrieved from /home/dwmhr/pln/venv/lib/python3.10/site-packages/airflow/example_dags/example_short_circuit_decorator.py
[2025-08-07T15:49:01.925+0700] {logging_mixin.py:154} INFO - [2025-08-07T15:49:01.925+0700] {dag.py:2941} INFO - Sync 1 DAGs
[2025-08-07T15:49:01.966+0700] {logging_mixin.py:154} INFO - [2025-08-07T15:49:01.966+0700] {dag.py:3722} INFO - Setting next_dagrun for example_short_circuit_decorator to 2025-08-06T08:49:01.965661+00:00, run_after=2025-08-07T08:49:01.965661+00:00
[2025-08-07T15:49:02.011+0700] {processor.py:179} INFO - Processing /home/dwmhr/pln/venv/lib/python3.10/site-packages/airflow/example_dags/example_short_circuit_decorator.py took 0.150 seconds
[2025-08-07T15:50:22.030+0700] {processor.py:157} INFO - Started process (PID=114865) to work on /home/dwmhr/pln/venv/lib/python3.10/site-packages/airflow/example_dags/example_short_circuit_decorator.py
[2025-08-07T15:50:22.037+0700] {processor.py:829} INFO - Processing file /home/dwmhr/pln/venv/lib/python3.10/site-packages/airflow/example_dags/example_short_circuit_decorator.py for tasks to queue
[2025-08-07T15:50:22.042+0700] {logging_mixin.py:154} INFO - [2025-08-07T15:50:22.040+0700] {dagbag.py:536} INFO - Filling up the DagBag from /home/dwmhr/pln/venv/lib/python3.10/site-packages/airflow/example_dags/example_short_circuit_decorator.py
[2025-08-07T15:50:22.115+0700] {processor.py:839} INFO - DAG(s) dict_keys(['example_short_circuit_decorator']) retrieved from /home/dwmhr/pln/venv/lib/python3.10/site-packages/airflow/example_dags/example_short_circuit_decorator.py
[2025-08-07T15:50:22.273+0700] {logging_mixin.py:154} INFO - [2025-08-07T15:50:22.272+0700] {dag.py:2941} INFO - Sync 1 DAGs
[2025-08-07T15:50:22.419+0700] {logging_mixin.py:154} INFO - [2025-08-07T15:50:22.418+0700] {dag.py:3722} INFO - Setting next_dagrun for example_short_circuit_decorator to 2025-08-06T08:50:22.413787+00:00, run_after=2025-08-07T08:50:22.413787+00:00
[2025-08-07T15:50:22.559+0700] {processor.py:179} INFO - Processing /home/dwmhr/pln/venv/lib/python3.10/site-packages/airflow/example_dags/example_short_circuit_decorator.py took 0.547 seconds
[2025-08-07T15:51:30.798+0700] {processor.py:157} INFO - Started process (PID=115242) to work on /home/dwmhr/pln/venv/lib/python3.10/site-packages/airflow/example_dags/example_short_circuit_decorator.py
[2025-08-07T15:51:30.800+0700] {processor.py:829} INFO - Processing file /home/dwmhr/pln/venv/lib/python3.10/site-packages/airflow/example_dags/example_short_circuit_decorator.py for tasks to queue
[2025-08-07T15:51:30.800+0700] {logging_mixin.py:154} INFO - [2025-08-07T15:51:30.800+0700] {dagbag.py:536} INFO - Filling up the DagBag from /home/dwmhr/pln/venv/lib/python3.10/site-packages/airflow/example_dags/example_short_circuit_decorator.py
[2025-08-07T15:51:30.812+0700] {processor.py:839} INFO - DAG(s) dict_keys(['example_short_circuit_decorator']) retrieved from /home/dwmhr/pln/venv/lib/python3.10/site-packages/airflow/example_dags/example_short_circuit_decorator.py
[2025-08-07T15:51:30.833+0700] {logging_mixin.py:154} INFO - [2025-08-07T15:51:30.832+0700] {dag.py:2941} INFO - Sync 1 DAGs
[2025-08-07T15:51:30.853+0700] {logging_mixin.py:154} INFO - [2025-08-07T15:51:30.853+0700] {dag.py:3722} INFO - Setting next_dagrun for example_short_circuit_decorator to 2025-08-06T08:51:30.853201+00:00, run_after=2025-08-07T08:51:30.853201+00:00
[2025-08-07T15:51:30.878+0700] {processor.py:179} INFO - Processing /home/dwmhr/pln/venv/lib/python3.10/site-packages/airflow/example_dags/example_short_circuit_decorator.py took 0.083 seconds
[2025-08-07T15:53:08.707+0700] {processor.py:157} INFO - Started process (PID=115666) to work on /home/dwmhr/pln/venv/lib/python3.10/site-packages/airflow/example_dags/example_short_circuit_decorator.py
[2025-08-07T15:53:08.717+0700] {processor.py:829} INFO - Processing file /home/dwmhr/pln/venv/lib/python3.10/site-packages/airflow/example_dags/example_short_circuit_decorator.py for tasks to queue
[2025-08-07T15:53:08.728+0700] {logging_mixin.py:154} INFO - [2025-08-07T15:53:08.725+0700] {dagbag.py:536} INFO - Filling up the DagBag from /home/dwmhr/pln/venv/lib/python3.10/site-packages/airflow/example_dags/example_short_circuit_decorator.py
[2025-08-07T15:53:08.926+0700] {processor.py:839} INFO - DAG(s) dict_keys(['example_short_circuit_decorator']) retrieved from /home/dwmhr/pln/venv/lib/python3.10/site-packages/airflow/example_dags/example_short_circuit_decorator.py
[2025-08-07T15:53:09.199+0700] {logging_mixin.py:154} INFO - [2025-08-07T15:53:09.199+0700] {dag.py:2941} INFO - Sync 1 DAGs
[2025-08-07T15:53:09.317+0700] {logging_mixin.py:154} INFO - [2025-08-07T15:53:09.314+0700] {dag.py:3722} INFO - Setting next_dagrun for example_short_circuit_decorator to 2025-08-06T08:53:09.305628+00:00, run_after=2025-08-07T08:53:09.305628+00:00
[2025-08-07T15:53:09.920+0700] {processor.py:179} INFO - Processing /home/dwmhr/pln/venv/lib/python3.10/site-packages/airflow/example_dags/example_short_circuit_decorator.py took 1.254 seconds
[2025-08-07T15:54:44.264+0700] {processor.py:157} INFO - Started process (PID=116124) to work on /home/dwmhr/pln/venv/lib/python3.10/site-packages/airflow/example_dags/example_short_circuit_decorator.py
[2025-08-07T15:54:44.267+0700] {processor.py:829} INFO - Processing file /home/dwmhr/pln/venv/lib/python3.10/site-packages/airflow/example_dags/example_short_circuit_decorator.py for tasks to queue
[2025-08-07T15:54:44.268+0700] {logging_mixin.py:154} INFO - [2025-08-07T15:54:44.267+0700] {dagbag.py:536} INFO - Filling up the DagBag from /home/dwmhr/pln/venv/lib/python3.10/site-packages/airflow/example_dags/example_short_circuit_decorator.py
[2025-08-07T15:54:44.279+0700] {processor.py:839} INFO - DAG(s) dict_keys(['example_short_circuit_decorator']) retrieved from /home/dwmhr/pln/venv/lib/python3.10/site-packages/airflow/example_dags/example_short_circuit_decorator.py
[2025-08-07T15:54:44.297+0700] {logging_mixin.py:154} INFO - [2025-08-07T15:54:44.297+0700] {dag.py:2941} INFO - Sync 1 DAGs
[2025-08-07T15:54:44.315+0700] {logging_mixin.py:154} INFO - [2025-08-07T15:54:44.315+0700] {dag.py:3722} INFO - Setting next_dagrun for example_short_circuit_decorator to 2025-08-06T08:54:44.315103+00:00, run_after=2025-08-07T08:54:44.315103+00:00
[2025-08-07T15:54:44.336+0700] {processor.py:179} INFO - Processing /home/dwmhr/pln/venv/lib/python3.10/site-packages/airflow/example_dags/example_short_circuit_decorator.py took 0.075 seconds
[2025-08-07T15:56:00.925+0700] {processor.py:157} INFO - Started process (PID=116517) to work on /home/dwmhr/pln/venv/lib/python3.10/site-packages/airflow/example_dags/example_short_circuit_decorator.py
[2025-08-07T15:56:00.929+0700] {processor.py:829} INFO - Processing file /home/dwmhr/pln/venv/lib/python3.10/site-packages/airflow/example_dags/example_short_circuit_decorator.py for tasks to queue
[2025-08-07T15:56:00.930+0700] {logging_mixin.py:154} INFO - [2025-08-07T15:56:00.930+0700] {dagbag.py:536} INFO - Filling up the DagBag from /home/dwmhr/pln/venv/lib/python3.10/site-packages/airflow/example_dags/example_short_circuit_decorator.py
[2025-08-07T15:56:00.942+0700] {processor.py:839} INFO - DAG(s) dict_keys(['example_short_circuit_decorator']) retrieved from /home/dwmhr/pln/venv/lib/python3.10/site-packages/airflow/example_dags/example_short_circuit_decorator.py
[2025-08-07T15:56:00.964+0700] {logging_mixin.py:154} INFO - [2025-08-07T15:56:00.964+0700] {dag.py:2941} INFO - Sync 1 DAGs
[2025-08-07T15:56:00.988+0700] {logging_mixin.py:154} INFO - [2025-08-07T15:56:00.988+0700] {dag.py:3722} INFO - Setting next_dagrun for example_short_circuit_decorator to 2025-08-06T08:56:00.988212+00:00, run_after=2025-08-07T08:56:00.988212+00:00
[2025-08-07T15:56:01.018+0700] {processor.py:179} INFO - Processing /home/dwmhr/pln/venv/lib/python3.10/site-packages/airflow/example_dags/example_short_circuit_decorator.py took 0.097 seconds
[2025-08-07T15:57:12.009+0700] {processor.py:157} INFO - Started process (PID=116902) to work on /home/dwmhr/pln/venv/lib/python3.10/site-packages/airflow/example_dags/example_short_circuit_decorator.py
[2025-08-07T15:57:12.025+0700] {processor.py:829} INFO - Processing file /home/dwmhr/pln/venv/lib/python3.10/site-packages/airflow/example_dags/example_short_circuit_decorator.py for tasks to queue
[2025-08-07T15:57:12.033+0700] {logging_mixin.py:154} INFO - [2025-08-07T15:57:12.030+0700] {dagbag.py:536} INFO - Filling up the DagBag from /home/dwmhr/pln/venv/lib/python3.10/site-packages/airflow/example_dags/example_short_circuit_decorator.py
[2025-08-07T15:57:12.094+0700] {processor.py:839} INFO - DAG(s) dict_keys(['example_short_circuit_decorator']) retrieved from /home/dwmhr/pln/venv/lib/python3.10/site-packages/airflow/example_dags/example_short_circuit_decorator.py
[2025-08-07T15:57:12.165+0700] {logging_mixin.py:154} INFO - [2025-08-07T15:57:12.165+0700] {dag.py:2941} INFO - Sync 1 DAGs
[2025-08-07T15:57:12.217+0700] {logging_mixin.py:154} INFO - [2025-08-07T15:57:12.216+0700] {dag.py:3722} INFO - Setting next_dagrun for example_short_circuit_decorator to 2025-08-06T08:57:12.216096+00:00, run_after=2025-08-07T08:57:12.216096+00:00
[2025-08-07T15:57:12.288+0700] {processor.py:179} INFO - Processing /home/dwmhr/pln/venv/lib/python3.10/site-packages/airflow/example_dags/example_short_circuit_decorator.py took 0.365 seconds
[2025-08-07T15:59:22.448+0700] {processor.py:157} INFO - Started process (PID=117572) to work on /home/dwmhr/pln/venv/lib/python3.10/site-packages/airflow/example_dags/example_short_circuit_decorator.py
[2025-08-07T15:59:22.454+0700] {processor.py:829} INFO - Processing file /home/dwmhr/pln/venv/lib/python3.10/site-packages/airflow/example_dags/example_short_circuit_decorator.py for tasks to queue
[2025-08-07T15:59:22.463+0700] {logging_mixin.py:154} INFO - [2025-08-07T15:59:22.461+0700] {dagbag.py:536} INFO - Filling up the DagBag from /home/dwmhr/pln/venv/lib/python3.10/site-packages/airflow/example_dags/example_short_circuit_decorator.py
[2025-08-07T15:59:22.557+0700] {processor.py:839} INFO - DAG(s) dict_keys(['example_short_circuit_decorator']) retrieved from /home/dwmhr/pln/venv/lib/python3.10/site-packages/airflow/example_dags/example_short_circuit_decorator.py
[2025-08-07T15:59:22.668+0700] {logging_mixin.py:154} INFO - [2025-08-07T15:59:22.667+0700] {dag.py:2941} INFO - Sync 1 DAGs
[2025-08-07T15:59:22.789+0700] {logging_mixin.py:154} INFO - [2025-08-07T15:59:22.789+0700] {dag.py:3722} INFO - Setting next_dagrun for example_short_circuit_decorator to 2025-08-06T08:59:22.788250+00:00, run_after=2025-08-07T08:59:22.788250+00:00
[2025-08-07T15:59:22.971+0700] {processor.py:179} INFO - Processing /home/dwmhr/pln/venv/lib/python3.10/site-packages/airflow/example_dags/example_short_circuit_decorator.py took 0.540 seconds
[2025-08-07T16:01:00.112+0700] {processor.py:157} INFO - Started process (PID=118040) to work on /home/dwmhr/pln/venv/lib/python3.10/site-packages/airflow/example_dags/example_short_circuit_decorator.py
[2025-08-07T16:01:01.163+0700] {processor.py:829} INFO - Processing file /home/dwmhr/pln/venv/lib/python3.10/site-packages/airflow/example_dags/example_short_circuit_decorator.py for tasks to queue
[2025-08-07T16:01:01.203+0700] {logging_mixin.py:154} INFO - [2025-08-07T16:01:01.186+0700] {dagbag.py:536} INFO - Filling up the DagBag from /home/dwmhr/pln/venv/lib/python3.10/site-packages/airflow/example_dags/example_short_circuit_decorator.py
[2025-08-07T16:01:01.666+0700] {processor.py:839} INFO - DAG(s) dict_keys(['example_short_circuit_decorator']) retrieved from /home/dwmhr/pln/venv/lib/python3.10/site-packages/airflow/example_dags/example_short_circuit_decorator.py
[2025-08-07T16:01:02.696+0700] {logging_mixin.py:154} INFO - [2025-08-07T16:01:02.695+0700] {dag.py:2941} INFO - Sync 1 DAGs
[2025-08-07T16:01:03.063+0700] {logging_mixin.py:154} INFO - [2025-08-07T16:01:03.062+0700] {dag.py:3722} INFO - Setting next_dagrun for example_short_circuit_decorator to 2025-08-06T09:01:03.060046+00:00, run_after=2025-08-07T09:01:03.060046+00:00
[2025-08-07T16:01:03.211+0700] {processor.py:179} INFO - Processing /home/dwmhr/pln/venv/lib/python3.10/site-packages/airflow/example_dags/example_short_circuit_decorator.py took 3.230 seconds
[2025-08-07T16:03:53.591+0700] {processor.py:157} INFO - Started process (PID=118835) to work on /home/dwmhr/pln/venv/lib/python3.10/site-packages/airflow/example_dags/example_short_circuit_decorator.py
[2025-08-07T16:03:53.597+0700] {processor.py:829} INFO - Processing file /home/dwmhr/pln/venv/lib/python3.10/site-packages/airflow/example_dags/example_short_circuit_decorator.py for tasks to queue
[2025-08-07T16:03:53.602+0700] {logging_mixin.py:154} INFO - [2025-08-07T16:03:53.600+0700] {dagbag.py:536} INFO - Filling up the DagBag from /home/dwmhr/pln/venv/lib/python3.10/site-packages/airflow/example_dags/example_short_circuit_decorator.py
[2025-08-07T16:03:53.697+0700] {processor.py:839} INFO - DAG(s) dict_keys(['example_short_circuit_decorator']) retrieved from /home/dwmhr/pln/venv/lib/python3.10/site-packages/airflow/example_dags/example_short_circuit_decorator.py
[2025-08-07T16:03:53.822+0700] {logging_mixin.py:154} INFO - [2025-08-07T16:03:53.821+0700] {dag.py:2941} INFO - Sync 1 DAGs
[2025-08-07T16:03:53.892+0700] {logging_mixin.py:154} INFO - [2025-08-07T16:03:53.891+0700] {dag.py:3722} INFO - Setting next_dagrun for example_short_circuit_decorator to 2025-08-06T09:03:53.890112+00:00, run_after=2025-08-07T09:03:53.890112+00:00
[2025-08-07T16:03:53.987+0700] {processor.py:179} INFO - Processing /home/dwmhr/pln/venv/lib/python3.10/site-packages/airflow/example_dags/example_short_circuit_decorator.py took 0.414 seconds
[2025-08-07T16:05:02.402+0700] {processor.py:157} INFO - Started process (PID=119172) to work on /home/dwmhr/pln/venv/lib/python3.10/site-packages/airflow/example_dags/example_short_circuit_decorator.py
[2025-08-07T16:05:02.407+0700] {processor.py:829} INFO - Processing file /home/dwmhr/pln/venv/lib/python3.10/site-packages/airflow/example_dags/example_short_circuit_decorator.py for tasks to queue
[2025-08-07T16:05:02.408+0700] {logging_mixin.py:154} INFO - [2025-08-07T16:05:02.408+0700] {dagbag.py:536} INFO - Filling up the DagBag from /home/dwmhr/pln/venv/lib/python3.10/site-packages/airflow/example_dags/example_short_circuit_decorator.py
[2025-08-07T16:05:02.417+0700] {processor.py:839} INFO - DAG(s) dict_keys(['example_short_circuit_decorator']) retrieved from /home/dwmhr/pln/venv/lib/python3.10/site-packages/airflow/example_dags/example_short_circuit_decorator.py
[2025-08-07T16:05:02.435+0700] {logging_mixin.py:154} INFO - [2025-08-07T16:05:02.435+0700] {dag.py:2941} INFO - Sync 1 DAGs
[2025-08-07T16:05:02.451+0700] {logging_mixin.py:154} INFO - [2025-08-07T16:05:02.451+0700] {dag.py:3722} INFO - Setting next_dagrun for example_short_circuit_decorator to 2025-08-06T09:05:02.451173+00:00, run_after=2025-08-07T09:05:02.451173+00:00
[2025-08-07T16:05:02.484+0700] {processor.py:179} INFO - Processing /home/dwmhr/pln/venv/lib/python3.10/site-packages/airflow/example_dags/example_short_circuit_decorator.py took 0.086 seconds
[2025-08-07T16:06:02.868+0700] {processor.py:157} INFO - Started process (PID=119497) to work on /home/dwmhr/pln/venv/lib/python3.10/site-packages/airflow/example_dags/example_short_circuit_decorator.py
[2025-08-07T16:06:02.915+0700] {processor.py:829} INFO - Processing file /home/dwmhr/pln/venv/lib/python3.10/site-packages/airflow/example_dags/example_short_circuit_decorator.py for tasks to queue
[2025-08-07T16:06:02.933+0700] {logging_mixin.py:154} INFO - [2025-08-07T16:06:02.924+0700] {dagbag.py:536} INFO - Filling up the DagBag from /home/dwmhr/pln/venv/lib/python3.10/site-packages/airflow/example_dags/example_short_circuit_decorator.py
[2025-08-07T16:06:03.096+0700] {processor.py:839} INFO - DAG(s) dict_keys(['example_short_circuit_decorator']) retrieved from /home/dwmhr/pln/venv/lib/python3.10/site-packages/airflow/example_dags/example_short_circuit_decorator.py
[2025-08-07T16:06:03.411+0700] {logging_mixin.py:154} INFO - [2025-08-07T16:06:03.410+0700] {dag.py:2941} INFO - Sync 1 DAGs
[2025-08-07T16:06:03.528+0700] {logging_mixin.py:154} INFO - [2025-08-07T16:06:03.527+0700] {dag.py:3722} INFO - Setting next_dagrun for example_short_circuit_decorator to 2025-08-06T09:06:03.519972+00:00, run_after=2025-08-07T09:06:03.519972+00:00
[2025-08-07T16:06:03.670+0700] {processor.py:179} INFO - Processing /home/dwmhr/pln/venv/lib/python3.10/site-packages/airflow/example_dags/example_short_circuit_decorator.py took 0.852 seconds
[2025-08-07T16:07:20.800+0700] {processor.py:157} INFO - Started process (PID=119848) to work on /home/dwmhr/pln/venv/lib/python3.10/site-packages/airflow/example_dags/example_short_circuit_decorator.py
[2025-08-07T16:07:20.807+0700] {processor.py:829} INFO - Processing file /home/dwmhr/pln/venv/lib/python3.10/site-packages/airflow/example_dags/example_short_circuit_decorator.py for tasks to queue
[2025-08-07T16:07:20.810+0700] {logging_mixin.py:154} INFO - [2025-08-07T16:07:20.808+0700] {dagbag.py:536} INFO - Filling up the DagBag from /home/dwmhr/pln/venv/lib/python3.10/site-packages/airflow/example_dags/example_short_circuit_decorator.py
[2025-08-07T16:07:20.849+0700] {processor.py:839} INFO - DAG(s) dict_keys(['example_short_circuit_decorator']) retrieved from /home/dwmhr/pln/venv/lib/python3.10/site-packages/airflow/example_dags/example_short_circuit_decorator.py
[2025-08-07T16:07:20.942+0700] {logging_mixin.py:154} INFO - [2025-08-07T16:07:20.941+0700] {dag.py:2941} INFO - Sync 1 DAGs
[2025-08-07T16:07:21.035+0700] {logging_mixin.py:154} INFO - [2025-08-07T16:07:21.034+0700] {dag.py:3722} INFO - Setting next_dagrun for example_short_circuit_decorator to 2025-08-06T09:07:21.033882+00:00, run_after=2025-08-07T09:07:21.033882+00:00
[2025-08-07T16:07:21.141+0700] {processor.py:179} INFO - Processing /home/dwmhr/pln/venv/lib/python3.10/site-packages/airflow/example_dags/example_short_circuit_decorator.py took 0.354 seconds
[2025-08-07T16:08:46.183+0700] {processor.py:157} INFO - Started process (PID=120262) to work on /home/dwmhr/pln/venv/lib/python3.10/site-packages/airflow/example_dags/example_short_circuit_decorator.py
[2025-08-07T16:08:46.186+0700] {processor.py:829} INFO - Processing file /home/dwmhr/pln/venv/lib/python3.10/site-packages/airflow/example_dags/example_short_circuit_decorator.py for tasks to queue
[2025-08-07T16:08:46.187+0700] {logging_mixin.py:154} INFO - [2025-08-07T16:08:46.187+0700] {dagbag.py:536} INFO - Filling up the DagBag from /home/dwmhr/pln/venv/lib/python3.10/site-packages/airflow/example_dags/example_short_circuit_decorator.py
[2025-08-07T16:08:46.198+0700] {processor.py:839} INFO - DAG(s) dict_keys(['example_short_circuit_decorator']) retrieved from /home/dwmhr/pln/venv/lib/python3.10/site-packages/airflow/example_dags/example_short_circuit_decorator.py
[2025-08-07T16:08:46.215+0700] {logging_mixin.py:154} INFO - [2025-08-07T16:08:46.215+0700] {dag.py:2941} INFO - Sync 1 DAGs
[2025-08-07T16:08:46.229+0700] {logging_mixin.py:154} INFO - [2025-08-07T16:08:46.229+0700] {dag.py:3722} INFO - Setting next_dagrun for example_short_circuit_decorator to 2025-08-06T09:08:46.229215+00:00, run_after=2025-08-07T09:08:46.229215+00:00
[2025-08-07T16:08:46.250+0700] {processor.py:179} INFO - Processing /home/dwmhr/pln/venv/lib/python3.10/site-packages/airflow/example_dags/example_short_circuit_decorator.py took 0.070 seconds
[2025-08-07T16:09:58.067+0700] {processor.py:157} INFO - Started process (PID=120649) to work on /home/dwmhr/pln/venv/lib/python3.10/site-packages/airflow/example_dags/example_short_circuit_decorator.py
[2025-08-07T16:09:58.072+0700] {processor.py:829} INFO - Processing file /home/dwmhr/pln/venv/lib/python3.10/site-packages/airflow/example_dags/example_short_circuit_decorator.py for tasks to queue
[2025-08-07T16:09:58.076+0700] {logging_mixin.py:154} INFO - [2025-08-07T16:09:58.074+0700] {dagbag.py:536} INFO - Filling up the DagBag from /home/dwmhr/pln/venv/lib/python3.10/site-packages/airflow/example_dags/example_short_circuit_decorator.py
[2025-08-07T16:09:58.121+0700] {processor.py:839} INFO - DAG(s) dict_keys(['example_short_circuit_decorator']) retrieved from /home/dwmhr/pln/venv/lib/python3.10/site-packages/airflow/example_dags/example_short_circuit_decorator.py
[2025-08-07T16:09:58.206+0700] {logging_mixin.py:154} INFO - [2025-08-07T16:09:58.205+0700] {dag.py:2941} INFO - Sync 1 DAGs
[2025-08-07T16:09:58.275+0700] {logging_mixin.py:154} INFO - [2025-08-07T16:09:58.274+0700] {dag.py:3722} INFO - Setting next_dagrun for example_short_circuit_decorator to 2025-08-06T09:09:58.273666+00:00, run_after=2025-08-07T09:09:58.273666+00:00
[2025-08-07T16:09:58.345+0700] {processor.py:179} INFO - Processing /home/dwmhr/pln/venv/lib/python3.10/site-packages/airflow/example_dags/example_short_circuit_decorator.py took 0.292 seconds
[2025-08-07T16:10:55.871+0700] {processor.py:157} INFO - Started process (PID=120960) to work on /home/dwmhr/pln/venv/lib/python3.10/site-packages/airflow/example_dags/example_short_circuit_decorator.py
[2025-08-07T16:10:55.877+0700] {processor.py:829} INFO - Processing file /home/dwmhr/pln/venv/lib/python3.10/site-packages/airflow/example_dags/example_short_circuit_decorator.py for tasks to queue
[2025-08-07T16:10:55.878+0700] {logging_mixin.py:154} INFO - [2025-08-07T16:10:55.878+0700] {dagbag.py:536} INFO - Filling up the DagBag from /home/dwmhr/pln/venv/lib/python3.10/site-packages/airflow/example_dags/example_short_circuit_decorator.py
[2025-08-07T16:10:55.892+0700] {processor.py:839} INFO - DAG(s) dict_keys(['example_short_circuit_decorator']) retrieved from /home/dwmhr/pln/venv/lib/python3.10/site-packages/airflow/example_dags/example_short_circuit_decorator.py
[2025-08-07T16:10:55.922+0700] {logging_mixin.py:154} INFO - [2025-08-07T16:10:55.922+0700] {dag.py:2941} INFO - Sync 1 DAGs
[2025-08-07T16:10:55.947+0700] {logging_mixin.py:154} INFO - [2025-08-07T16:10:55.947+0700] {dag.py:3722} INFO - Setting next_dagrun for example_short_circuit_decorator to 2025-08-06T09:10:55.947287+00:00, run_after=2025-08-07T09:10:55.947287+00:00
[2025-08-07T16:10:55.995+0700] {processor.py:179} INFO - Processing /home/dwmhr/pln/venv/lib/python3.10/site-packages/airflow/example_dags/example_short_circuit_decorator.py took 0.129 seconds
[2025-08-07T16:11:44.975+0700] {processor.py:157} INFO - Started process (PID=121176) to work on /home/dwmhr/pln/venv/lib/python3.10/site-packages/airflow/example_dags/example_short_circuit_decorator.py
[2025-08-07T16:11:44.978+0700] {processor.py:829} INFO - Processing file /home/dwmhr/pln/venv/lib/python3.10/site-packages/airflow/example_dags/example_short_circuit_decorator.py for tasks to queue
[2025-08-07T16:11:44.981+0700] {logging_mixin.py:154} INFO - [2025-08-07T16:11:44.980+0700] {dagbag.py:536} INFO - Filling up the DagBag from /home/dwmhr/pln/venv/lib/python3.10/site-packages/airflow/example_dags/example_short_circuit_decorator.py
[2025-08-07T16:11:45.000+0700] {processor.py:839} INFO - DAG(s) dict_keys(['example_short_circuit_decorator']) retrieved from /home/dwmhr/pln/venv/lib/python3.10/site-packages/airflow/example_dags/example_short_circuit_decorator.py
[2025-08-07T16:11:45.041+0700] {logging_mixin.py:154} INFO - [2025-08-07T16:11:45.041+0700] {dag.py:2941} INFO - Sync 1 DAGs
[2025-08-07T16:11:45.080+0700] {logging_mixin.py:154} INFO - [2025-08-07T16:11:45.080+0700] {dag.py:3722} INFO - Setting next_dagrun for example_short_circuit_decorator to 2025-08-06T09:11:45.079658+00:00, run_after=2025-08-07T09:11:45.079658+00:00
[2025-08-07T16:11:45.127+0700] {processor.py:179} INFO - Processing /home/dwmhr/pln/venv/lib/python3.10/site-packages/airflow/example_dags/example_short_circuit_decorator.py took 0.160 seconds
[2025-08-07T16:12:35.121+0700] {processor.py:157} INFO - Started process (PID=121457) to work on /home/dwmhr/pln/venv/lib/python3.10/site-packages/airflow/example_dags/example_short_circuit_decorator.py
[2025-08-07T16:12:35.123+0700] {processor.py:829} INFO - Processing file /home/dwmhr/pln/venv/lib/python3.10/site-packages/airflow/example_dags/example_short_circuit_decorator.py for tasks to queue
[2025-08-07T16:12:35.125+0700] {logging_mixin.py:154} INFO - [2025-08-07T16:12:35.124+0700] {dagbag.py:536} INFO - Filling up the DagBag from /home/dwmhr/pln/venv/lib/python3.10/site-packages/airflow/example_dags/example_short_circuit_decorator.py
[2025-08-07T16:12:35.140+0700] {processor.py:839} INFO - DAG(s) dict_keys(['example_short_circuit_decorator']) retrieved from /home/dwmhr/pln/venv/lib/python3.10/site-packages/airflow/example_dags/example_short_circuit_decorator.py
[2025-08-07T16:12:35.174+0700] {logging_mixin.py:154} INFO - [2025-08-07T16:12:35.174+0700] {dag.py:2941} INFO - Sync 1 DAGs
[2025-08-07T16:12:35.208+0700] {logging_mixin.py:154} INFO - [2025-08-07T16:12:35.208+0700] {dag.py:3722} INFO - Setting next_dagrun for example_short_circuit_decorator to 2025-08-06T09:12:35.207397+00:00, run_after=2025-08-07T09:12:35.207397+00:00
[2025-08-07T16:12:35.248+0700] {processor.py:179} INFO - Processing /home/dwmhr/pln/venv/lib/python3.10/site-packages/airflow/example_dags/example_short_circuit_decorator.py took 0.134 seconds
[2025-08-07T16:13:21.704+0700] {processor.py:157} INFO - Started process (PID=121732) to work on /home/dwmhr/pln/venv/lib/python3.10/site-packages/airflow/example_dags/example_short_circuit_decorator.py
[2025-08-07T16:13:21.711+0700] {processor.py:829} INFO - Processing file /home/dwmhr/pln/venv/lib/python3.10/site-packages/airflow/example_dags/example_short_circuit_decorator.py for tasks to queue
[2025-08-07T16:13:21.713+0700] {logging_mixin.py:154} INFO - [2025-08-07T16:13:21.712+0700] {dagbag.py:536} INFO - Filling up the DagBag from /home/dwmhr/pln/venv/lib/python3.10/site-packages/airflow/example_dags/example_short_circuit_decorator.py
[2025-08-07T16:13:21.728+0700] {processor.py:839} INFO - DAG(s) dict_keys(['example_short_circuit_decorator']) retrieved from /home/dwmhr/pln/venv/lib/python3.10/site-packages/airflow/example_dags/example_short_circuit_decorator.py
[2025-08-07T16:13:21.754+0700] {logging_mixin.py:154} INFO - [2025-08-07T16:13:21.754+0700] {dag.py:2941} INFO - Sync 1 DAGs
[2025-08-07T16:13:21.775+0700] {logging_mixin.py:154} INFO - [2025-08-07T16:13:21.775+0700] {dag.py:3722} INFO - Setting next_dagrun for example_short_circuit_decorator to 2025-08-06T09:13:21.775135+00:00, run_after=2025-08-07T09:13:21.775135+00:00
[2025-08-07T16:13:21.860+0700] {processor.py:179} INFO - Processing /home/dwmhr/pln/venv/lib/python3.10/site-packages/airflow/example_dags/example_short_circuit_decorator.py took 0.161 seconds
[2025-08-07T16:14:12.433+0700] {processor.py:157} INFO - Started process (PID=121946) to work on /home/dwmhr/pln/venv/lib/python3.10/site-packages/airflow/example_dags/example_short_circuit_decorator.py
[2025-08-07T16:14:12.435+0700] {processor.py:829} INFO - Processing file /home/dwmhr/pln/venv/lib/python3.10/site-packages/airflow/example_dags/example_short_circuit_decorator.py for tasks to queue
[2025-08-07T16:14:12.438+0700] {logging_mixin.py:154} INFO - [2025-08-07T16:14:12.437+0700] {dagbag.py:536} INFO - Filling up the DagBag from /home/dwmhr/pln/venv/lib/python3.10/site-packages/airflow/example_dags/example_short_circuit_decorator.py
[2025-08-07T16:14:12.459+0700] {processor.py:839} INFO - DAG(s) dict_keys(['example_short_circuit_decorator']) retrieved from /home/dwmhr/pln/venv/lib/python3.10/site-packages/airflow/example_dags/example_short_circuit_decorator.py
[2025-08-07T16:14:12.493+0700] {logging_mixin.py:154} INFO - [2025-08-07T16:14:12.493+0700] {dag.py:2941} INFO - Sync 1 DAGs
[2025-08-07T16:14:12.525+0700] {logging_mixin.py:154} INFO - [2025-08-07T16:14:12.524+0700] {dag.py:3722} INFO - Setting next_dagrun for example_short_circuit_decorator to 2025-08-06T09:14:12.524247+00:00, run_after=2025-08-07T09:14:12.524247+00:00
[2025-08-07T16:14:12.583+0700] {processor.py:179} INFO - Processing /home/dwmhr/pln/venv/lib/python3.10/site-packages/airflow/example_dags/example_short_circuit_decorator.py took 0.156 seconds
[2025-08-07T16:15:14.822+0700] {processor.py:157} INFO - Started process (PID=122285) to work on /home/dwmhr/pln/venv/lib/python3.10/site-packages/airflow/example_dags/example_short_circuit_decorator.py
[2025-08-07T16:15:14.838+0700] {processor.py:829} INFO - Processing file /home/dwmhr/pln/venv/lib/python3.10/site-packages/airflow/example_dags/example_short_circuit_decorator.py for tasks to queue
[2025-08-07T16:15:14.840+0700] {logging_mixin.py:154} INFO - [2025-08-07T16:15:14.839+0700] {dagbag.py:536} INFO - Filling up the DagBag from /home/dwmhr/pln/venv/lib/python3.10/site-packages/airflow/example_dags/example_short_circuit_decorator.py
[2025-08-07T16:15:14.870+0700] {processor.py:839} INFO - DAG(s) dict_keys(['example_short_circuit_decorator']) retrieved from /home/dwmhr/pln/venv/lib/python3.10/site-packages/airflow/example_dags/example_short_circuit_decorator.py
[2025-08-07T16:15:14.960+0700] {logging_mixin.py:154} INFO - [2025-08-07T16:15:14.960+0700] {dag.py:2941} INFO - Sync 1 DAGs
[2025-08-07T16:15:15.023+0700] {logging_mixin.py:154} INFO - [2025-08-07T16:15:15.023+0700] {dag.py:3722} INFO - Setting next_dagrun for example_short_circuit_decorator to 2025-08-06T09:15:15.022512+00:00, run_after=2025-08-07T09:15:15.022512+00:00
[2025-08-07T16:15:15.109+0700] {processor.py:179} INFO - Processing /home/dwmhr/pln/venv/lib/python3.10/site-packages/airflow/example_dags/example_short_circuit_decorator.py took 0.304 seconds
[2025-08-07T16:16:27.732+0700] {processor.py:157} INFO - Started process (PID=122641) to work on /home/dwmhr/pln/venv/lib/python3.10/site-packages/airflow/example_dags/example_short_circuit_decorator.py
[2025-08-07T16:16:27.737+0700] {processor.py:829} INFO - Processing file /home/dwmhr/pln/venv/lib/python3.10/site-packages/airflow/example_dags/example_short_circuit_decorator.py for tasks to queue
[2025-08-07T16:16:27.739+0700] {logging_mixin.py:154} INFO - [2025-08-07T16:16:27.738+0700] {dagbag.py:536} INFO - Filling up the DagBag from /home/dwmhr/pln/venv/lib/python3.10/site-packages/airflow/example_dags/example_short_circuit_decorator.py
[2025-08-07T16:16:27.764+0700] {processor.py:839} INFO - DAG(s) dict_keys(['example_short_circuit_decorator']) retrieved from /home/dwmhr/pln/venv/lib/python3.10/site-packages/airflow/example_dags/example_short_circuit_decorator.py
[2025-08-07T16:16:27.819+0700] {logging_mixin.py:154} INFO - [2025-08-07T16:16:27.818+0700] {dag.py:2941} INFO - Sync 1 DAGs
[2025-08-07T16:16:27.871+0700] {logging_mixin.py:154} INFO - [2025-08-07T16:16:27.870+0700] {dag.py:3722} INFO - Setting next_dagrun for example_short_circuit_decorator to 2025-08-06T09:16:27.869691+00:00, run_after=2025-08-07T09:16:27.869691+00:00
[2025-08-07T16:16:27.929+0700] {processor.py:179} INFO - Processing /home/dwmhr/pln/venv/lib/python3.10/site-packages/airflow/example_dags/example_short_circuit_decorator.py took 0.207 seconds
[2025-08-07T16:17:21.704+0700] {processor.py:157} INFO - Started process (PID=122945) to work on /home/dwmhr/pln/venv/lib/python3.10/site-packages/airflow/example_dags/example_short_circuit_decorator.py
[2025-08-07T16:17:21.709+0700] {processor.py:829} INFO - Processing file /home/dwmhr/pln/venv/lib/python3.10/site-packages/airflow/example_dags/example_short_circuit_decorator.py for tasks to queue
[2025-08-07T16:17:21.717+0700] {logging_mixin.py:154} INFO - [2025-08-07T16:17:21.716+0700] {dagbag.py:536} INFO - Filling up the DagBag from /home/dwmhr/pln/venv/lib/python3.10/site-packages/airflow/example_dags/example_short_circuit_decorator.py
[2025-08-07T16:17:21.760+0700] {processor.py:839} INFO - DAG(s) dict_keys(['example_short_circuit_decorator']) retrieved from /home/dwmhr/pln/venv/lib/python3.10/site-packages/airflow/example_dags/example_short_circuit_decorator.py
[2025-08-07T16:17:21.857+0700] {logging_mixin.py:154} INFO - [2025-08-07T16:17:21.856+0700] {dag.py:2941} INFO - Sync 1 DAGs
[2025-08-07T16:17:21.943+0700] {logging_mixin.py:154} INFO - [2025-08-07T16:17:21.942+0700] {dag.py:3722} INFO - Setting next_dagrun for example_short_circuit_decorator to 2025-08-06T09:17:21.941850+00:00, run_after=2025-08-07T09:17:21.941850+00:00
[2025-08-07T16:17:22.036+0700] {processor.py:179} INFO - Processing /home/dwmhr/pln/venv/lib/python3.10/site-packages/airflow/example_dags/example_short_circuit_decorator.py took 0.342 seconds
[2025-08-07T16:18:31.045+0700] {processor.py:157} INFO - Started process (PID=123256) to work on /home/dwmhr/pln/venv/lib/python3.10/site-packages/airflow/example_dags/example_short_circuit_decorator.py
[2025-08-07T16:18:31.047+0700] {processor.py:829} INFO - Processing file /home/dwmhr/pln/venv/lib/python3.10/site-packages/airflow/example_dags/example_short_circuit_decorator.py for tasks to queue
[2025-08-07T16:18:31.048+0700] {logging_mixin.py:154} INFO - [2025-08-07T16:18:31.048+0700] {dagbag.py:536} INFO - Filling up the DagBag from /home/dwmhr/pln/venv/lib/python3.10/site-packages/airflow/example_dags/example_short_circuit_decorator.py
[2025-08-07T16:18:31.063+0700] {processor.py:839} INFO - DAG(s) dict_keys(['example_short_circuit_decorator']) retrieved from /home/dwmhr/pln/venv/lib/python3.10/site-packages/airflow/example_dags/example_short_circuit_decorator.py
[2025-08-07T16:18:31.093+0700] {logging_mixin.py:154} INFO - [2025-08-07T16:18:31.093+0700] {dag.py:2941} INFO - Sync 1 DAGs
[2025-08-07T16:18:31.118+0700] {logging_mixin.py:154} INFO - [2025-08-07T16:18:31.118+0700] {dag.py:3722} INFO - Setting next_dagrun for example_short_circuit_decorator to 2025-08-06T09:18:31.118149+00:00, run_after=2025-08-07T09:18:31.118149+00:00
[2025-08-07T16:18:31.144+0700] {processor.py:179} INFO - Processing /home/dwmhr/pln/venv/lib/python3.10/site-packages/airflow/example_dags/example_short_circuit_decorator.py took 0.104 seconds
[2025-08-07T16:27:00.830+0700] {processor.py:157} INFO - Started process (PID=125451) to work on /home/dwmhr/pln/venv/lib/python3.10/site-packages/airflow/example_dags/example_short_circuit_decorator.py
[2025-08-07T16:27:00.832+0700] {processor.py:829} INFO - Processing file /home/dwmhr/pln/venv/lib/python3.10/site-packages/airflow/example_dags/example_short_circuit_decorator.py for tasks to queue
[2025-08-07T16:27:00.833+0700] {logging_mixin.py:154} INFO - [2025-08-07T16:27:00.833+0700] {dagbag.py:536} INFO - Filling up the DagBag from /home/dwmhr/pln/venv/lib/python3.10/site-packages/airflow/example_dags/example_short_circuit_decorator.py
[2025-08-07T16:27:00.846+0700] {processor.py:839} INFO - DAG(s) dict_keys(['example_short_circuit_decorator']) retrieved from /home/dwmhr/pln/venv/lib/python3.10/site-packages/airflow/example_dags/example_short_circuit_decorator.py
[2025-08-07T16:27:00.883+0700] {logging_mixin.py:154} INFO - [2025-08-07T16:27:00.883+0700] {dag.py:2941} INFO - Sync 1 DAGs
[2025-08-07T16:27:00.905+0700] {logging_mixin.py:154} INFO - [2025-08-07T16:27:00.905+0700] {dag.py:3722} INFO - Setting next_dagrun for example_short_circuit_decorator to 2025-08-06T09:27:00.904920+00:00, run_after=2025-08-07T09:27:00.904920+00:00
[2025-08-07T16:27:00.931+0700] {processor.py:179} INFO - Processing /home/dwmhr/pln/venv/lib/python3.10/site-packages/airflow/example_dags/example_short_circuit_decorator.py took 0.105 seconds
[2025-08-07T16:27:53.625+0700] {processor.py:157} INFO - Started process (PID=125731) to work on /home/dwmhr/pln/venv/lib/python3.10/site-packages/airflow/example_dags/example_short_circuit_decorator.py
[2025-08-07T16:27:53.632+0700] {processor.py:829} INFO - Processing file /home/dwmhr/pln/venv/lib/python3.10/site-packages/airflow/example_dags/example_short_circuit_decorator.py for tasks to queue
[2025-08-07T16:27:53.633+0700] {logging_mixin.py:154} INFO - [2025-08-07T16:27:53.632+0700] {dagbag.py:536} INFO - Filling up the DagBag from /home/dwmhr/pln/venv/lib/python3.10/site-packages/airflow/example_dags/example_short_circuit_decorator.py
[2025-08-07T16:27:53.642+0700] {processor.py:839} INFO - DAG(s) dict_keys(['example_short_circuit_decorator']) retrieved from /home/dwmhr/pln/venv/lib/python3.10/site-packages/airflow/example_dags/example_short_circuit_decorator.py
[2025-08-07T16:27:53.663+0700] {logging_mixin.py:154} INFO - [2025-08-07T16:27:53.662+0700] {dag.py:2941} INFO - Sync 1 DAGs
[2025-08-07T16:27:53.681+0700] {logging_mixin.py:154} INFO - [2025-08-07T16:27:53.681+0700] {dag.py:3722} INFO - Setting next_dagrun for example_short_circuit_decorator to 2025-08-06T09:27:53.681301+00:00, run_after=2025-08-07T09:27:53.681301+00:00
[2025-08-07T16:27:53.703+0700] {processor.py:179} INFO - Processing /home/dwmhr/pln/venv/lib/python3.10/site-packages/airflow/example_dags/example_short_circuit_decorator.py took 0.081 seconds
[2025-08-07T16:29:18.751+0700] {processor.py:157} INFO - Started process (PID=126133) to work on /home/dwmhr/pln/venv/lib/python3.10/site-packages/airflow/example_dags/example_short_circuit_decorator.py
[2025-08-07T16:29:18.753+0700] {processor.py:829} INFO - Processing file /home/dwmhr/pln/venv/lib/python3.10/site-packages/airflow/example_dags/example_short_circuit_decorator.py for tasks to queue
[2025-08-07T16:29:18.754+0700] {logging_mixin.py:154} INFO - [2025-08-07T16:29:18.754+0700] {dagbag.py:536} INFO - Filling up the DagBag from /home/dwmhr/pln/venv/lib/python3.10/site-packages/airflow/example_dags/example_short_circuit_decorator.py
[2025-08-07T16:29:18.767+0700] {processor.py:839} INFO - DAG(s) dict_keys(['example_short_circuit_decorator']) retrieved from /home/dwmhr/pln/venv/lib/python3.10/site-packages/airflow/example_dags/example_short_circuit_decorator.py
[2025-08-07T16:29:18.790+0700] {logging_mixin.py:154} INFO - [2025-08-07T16:29:18.790+0700] {dag.py:2941} INFO - Sync 1 DAGs
[2025-08-07T16:29:18.811+0700] {logging_mixin.py:154} INFO - [2025-08-07T16:29:18.811+0700] {dag.py:3722} INFO - Setting next_dagrun for example_short_circuit_decorator to 2025-08-06T09:29:18.811055+00:00, run_after=2025-08-07T09:29:18.811055+00:00
[2025-08-07T16:29:18.967+0700] {processor.py:179} INFO - Processing /home/dwmhr/pln/venv/lib/python3.10/site-packages/airflow/example_dags/example_short_circuit_decorator.py took 0.221 seconds
[2025-08-07T16:30:18.495+0700] {processor.py:157} INFO - Started process (PID=126415) to work on /home/dwmhr/pln/venv/lib/python3.10/site-packages/airflow/example_dags/example_short_circuit_decorator.py
[2025-08-07T16:30:18.499+0700] {processor.py:829} INFO - Processing file /home/dwmhr/pln/venv/lib/python3.10/site-packages/airflow/example_dags/example_short_circuit_decorator.py for tasks to queue
[2025-08-07T16:30:18.502+0700] {logging_mixin.py:154} INFO - [2025-08-07T16:30:18.501+0700] {dagbag.py:536} INFO - Filling up the DagBag from /home/dwmhr/pln/venv/lib/python3.10/site-packages/airflow/example_dags/example_short_circuit_decorator.py
[2025-08-07T16:30:18.542+0700] {processor.py:839} INFO - DAG(s) dict_keys(['example_short_circuit_decorator']) retrieved from /home/dwmhr/pln/venv/lib/python3.10/site-packages/airflow/example_dags/example_short_circuit_decorator.py
[2025-08-07T16:30:18.622+0700] {logging_mixin.py:154} INFO - [2025-08-07T16:30:18.621+0700] {dag.py:2941} INFO - Sync 1 DAGs
[2025-08-07T16:30:18.698+0700] {logging_mixin.py:154} INFO - [2025-08-07T16:30:18.698+0700] {dag.py:3722} INFO - Setting next_dagrun for example_short_circuit_decorator to 2025-08-06T09:30:18.697742+00:00, run_after=2025-08-07T09:30:18.697742+00:00
[2025-08-07T16:30:18.781+0700] {processor.py:179} INFO - Processing /home/dwmhr/pln/venv/lib/python3.10/site-packages/airflow/example_dags/example_short_circuit_decorator.py took 0.298 seconds
[2025-08-07T16:31:15.169+0700] {processor.py:157} INFO - Started process (PID=126715) to work on /home/dwmhr/pln/venv/lib/python3.10/site-packages/airflow/example_dags/example_short_circuit_decorator.py
[2025-08-07T16:31:15.171+0700] {processor.py:829} INFO - Processing file /home/dwmhr/pln/venv/lib/python3.10/site-packages/airflow/example_dags/example_short_circuit_decorator.py for tasks to queue
[2025-08-07T16:31:15.172+0700] {logging_mixin.py:154} INFO - [2025-08-07T16:31:15.172+0700] {dagbag.py:536} INFO - Filling up the DagBag from /home/dwmhr/pln/venv/lib/python3.10/site-packages/airflow/example_dags/example_short_circuit_decorator.py
[2025-08-07T16:31:15.184+0700] {processor.py:839} INFO - DAG(s) dict_keys(['example_short_circuit_decorator']) retrieved from /home/dwmhr/pln/venv/lib/python3.10/site-packages/airflow/example_dags/example_short_circuit_decorator.py
[2025-08-07T16:31:15.211+0700] {logging_mixin.py:154} INFO - [2025-08-07T16:31:15.211+0700] {dag.py:2941} INFO - Sync 1 DAGs
[2025-08-07T16:31:15.240+0700] {logging_mixin.py:154} INFO - [2025-08-07T16:31:15.240+0700] {dag.py:3722} INFO - Setting next_dagrun for example_short_circuit_decorator to 2025-08-06T09:31:15.239854+00:00, run_after=2025-08-07T09:31:15.239854+00:00
[2025-08-07T16:31:15.287+0700] {processor.py:179} INFO - Processing /home/dwmhr/pln/venv/lib/python3.10/site-packages/airflow/example_dags/example_short_circuit_decorator.py took 0.123 seconds
[2025-08-07T16:32:46.332+0700] {processor.py:157} INFO - Started process (PID=127081) to work on /home/dwmhr/pln/venv/lib/python3.10/site-packages/airflow/example_dags/example_short_circuit_decorator.py
[2025-08-07T16:32:46.348+0700] {processor.py:829} INFO - Processing file /home/dwmhr/pln/venv/lib/python3.10/site-packages/airflow/example_dags/example_short_circuit_decorator.py for tasks to queue
[2025-08-07T16:32:46.366+0700] {logging_mixin.py:154} INFO - [2025-08-07T16:32:46.363+0700] {dagbag.py:536} INFO - Filling up the DagBag from /home/dwmhr/pln/venv/lib/python3.10/site-packages/airflow/example_dags/example_short_circuit_decorator.py
[2025-08-07T16:32:46.700+0700] {processor.py:839} INFO - DAG(s) dict_keys(['example_short_circuit_decorator']) retrieved from /home/dwmhr/pln/venv/lib/python3.10/site-packages/airflow/example_dags/example_short_circuit_decorator.py
[2025-08-07T16:32:47.154+0700] {logging_mixin.py:154} INFO - [2025-08-07T16:32:47.152+0700] {dag.py:2941} INFO - Sync 1 DAGs
[2025-08-07T16:32:47.359+0700] {logging_mixin.py:154} INFO - [2025-08-07T16:32:47.358+0700] {dag.py:3722} INFO - Setting next_dagrun for example_short_circuit_decorator to 2025-08-06T09:32:47.350974+00:00, run_after=2025-08-07T09:32:47.350974+00:00
[2025-08-07T16:32:47.783+0700] {processor.py:179} INFO - Processing /home/dwmhr/pln/venv/lib/python3.10/site-packages/airflow/example_dags/example_short_circuit_decorator.py took 1.499 seconds
[2025-08-07T16:33:45.339+0700] {processor.py:157} INFO - Started process (PID=127336) to work on /home/dwmhr/pln/venv/lib/python3.10/site-packages/airflow/example_dags/example_short_circuit_decorator.py
[2025-08-07T16:33:45.345+0700] {processor.py:829} INFO - Processing file /home/dwmhr/pln/venv/lib/python3.10/site-packages/airflow/example_dags/example_short_circuit_decorator.py for tasks to queue
[2025-08-07T16:33:45.350+0700] {logging_mixin.py:154} INFO - [2025-08-07T16:33:45.348+0700] {dagbag.py:536} INFO - Filling up the DagBag from /home/dwmhr/pln/venv/lib/python3.10/site-packages/airflow/example_dags/example_short_circuit_decorator.py
[2025-08-07T16:33:45.397+0700] {processor.py:839} INFO - DAG(s) dict_keys(['example_short_circuit_decorator']) retrieved from /home/dwmhr/pln/venv/lib/python3.10/site-packages/airflow/example_dags/example_short_circuit_decorator.py
[2025-08-07T16:33:45.488+0700] {logging_mixin.py:154} INFO - [2025-08-07T16:33:45.487+0700] {dag.py:2941} INFO - Sync 1 DAGs
[2025-08-07T16:33:45.568+0700] {logging_mixin.py:154} INFO - [2025-08-07T16:33:45.567+0700] {dag.py:3722} INFO - Setting next_dagrun for example_short_circuit_decorator to 2025-08-06T09:33:45.566396+00:00, run_after=2025-08-07T09:33:45.566396+00:00
[2025-08-07T16:33:45.658+0700] {processor.py:179} INFO - Processing /home/dwmhr/pln/venv/lib/python3.10/site-packages/airflow/example_dags/example_short_circuit_decorator.py took 0.335 seconds
[2025-08-07T16:34:52.947+0700] {processor.py:157} INFO - Started process (PID=127587) to work on /home/dwmhr/pln/venv/lib/python3.10/site-packages/airflow/example_dags/example_short_circuit_decorator.py
[2025-08-07T16:34:52.950+0700] {processor.py:829} INFO - Processing file /home/dwmhr/pln/venv/lib/python3.10/site-packages/airflow/example_dags/example_short_circuit_decorator.py for tasks to queue
[2025-08-07T16:34:52.952+0700] {logging_mixin.py:154} INFO - [2025-08-07T16:34:52.951+0700] {dagbag.py:536} INFO - Filling up the DagBag from /home/dwmhr/pln/venv/lib/python3.10/site-packages/airflow/example_dags/example_short_circuit_decorator.py
[2025-08-07T16:34:52.970+0700] {processor.py:839} INFO - DAG(s) dict_keys(['example_short_circuit_decorator']) retrieved from /home/dwmhr/pln/venv/lib/python3.10/site-packages/airflow/example_dags/example_short_circuit_decorator.py
[2025-08-07T16:34:53.007+0700] {logging_mixin.py:154} INFO - [2025-08-07T16:34:53.007+0700] {dag.py:2941} INFO - Sync 1 DAGs
[2025-08-07T16:34:53.040+0700] {logging_mixin.py:154} INFO - [2025-08-07T16:34:53.040+0700] {dag.py:3722} INFO - Setting next_dagrun for example_short_circuit_decorator to 2025-08-06T09:34:53.039664+00:00, run_after=2025-08-07T09:34:53.039664+00:00
[2025-08-07T16:34:53.078+0700] {processor.py:179} INFO - Processing /home/dwmhr/pln/venv/lib/python3.10/site-packages/airflow/example_dags/example_short_circuit_decorator.py took 0.140 seconds
[2025-08-07T16:35:43.609+0700] {processor.py:157} INFO - Started process (PID=127819) to work on /home/dwmhr/pln/venv/lib/python3.10/site-packages/airflow/example_dags/example_short_circuit_decorator.py
[2025-08-07T16:35:43.615+0700] {processor.py:829} INFO - Processing file /home/dwmhr/pln/venv/lib/python3.10/site-packages/airflow/example_dags/example_short_circuit_decorator.py for tasks to queue
[2025-08-07T16:35:43.616+0700] {logging_mixin.py:154} INFO - [2025-08-07T16:35:43.616+0700] {dagbag.py:536} INFO - Filling up the DagBag from /home/dwmhr/pln/venv/lib/python3.10/site-packages/airflow/example_dags/example_short_circuit_decorator.py
[2025-08-07T16:35:43.634+0700] {processor.py:839} INFO - DAG(s) dict_keys(['example_short_circuit_decorator']) retrieved from /home/dwmhr/pln/venv/lib/python3.10/site-packages/airflow/example_dags/example_short_circuit_decorator.py
[2025-08-07T16:35:43.670+0700] {logging_mixin.py:154} INFO - [2025-08-07T16:35:43.669+0700] {dag.py:2941} INFO - Sync 1 DAGs
[2025-08-07T16:35:43.702+0700] {logging_mixin.py:154} INFO - [2025-08-07T16:35:43.701+0700] {dag.py:3722} INFO - Setting next_dagrun for example_short_circuit_decorator to 2025-08-06T09:35:43.701314+00:00, run_after=2025-08-07T09:35:43.701314+00:00
[2025-08-07T16:35:43.747+0700] {processor.py:179} INFO - Processing /home/dwmhr/pln/venv/lib/python3.10/site-packages/airflow/example_dags/example_short_circuit_decorator.py took 0.144 seconds
[2025-08-07T16:36:23.004+0700] {processor.py:157} INFO - Started process (PID=127970) to work on /home/dwmhr/pln/venv/lib/python3.10/site-packages/airflow/example_dags/example_short_circuit_decorator.py
[2025-08-07T16:36:23.007+0700] {processor.py:829} INFO - Processing file /home/dwmhr/pln/venv/lib/python3.10/site-packages/airflow/example_dags/example_short_circuit_decorator.py for tasks to queue
[2025-08-07T16:36:23.008+0700] {logging_mixin.py:154} INFO - [2025-08-07T16:36:23.008+0700] {dagbag.py:536} INFO - Filling up the DagBag from /home/dwmhr/pln/venv/lib/python3.10/site-packages/airflow/example_dags/example_short_circuit_decorator.py
[2025-08-07T16:36:23.016+0700] {processor.py:839} INFO - DAG(s) dict_keys(['example_short_circuit_decorator']) retrieved from /home/dwmhr/pln/venv/lib/python3.10/site-packages/airflow/example_dags/example_short_circuit_decorator.py
[2025-08-07T16:36:23.032+0700] {logging_mixin.py:154} INFO - [2025-08-07T16:36:23.031+0700] {dag.py:2941} INFO - Sync 1 DAGs
[2025-08-07T16:36:23.048+0700] {logging_mixin.py:154} INFO - [2025-08-07T16:36:23.048+0700] {dag.py:3722} INFO - Setting next_dagrun for example_short_circuit_decorator to 2025-08-06T09:36:23.048091+00:00, run_after=2025-08-07T09:36:23.048091+00:00
[2025-08-07T16:36:23.067+0700] {processor.py:179} INFO - Processing /home/dwmhr/pln/venv/lib/python3.10/site-packages/airflow/example_dags/example_short_circuit_decorator.py took 0.066 seconds
[2025-08-07T16:37:04.581+0700] {processor.py:157} INFO - Started process (PID=128156) to work on /home/dwmhr/pln/venv/lib/python3.10/site-packages/airflow/example_dags/example_short_circuit_decorator.py
[2025-08-07T16:37:04.583+0700] {processor.py:829} INFO - Processing file /home/dwmhr/pln/venv/lib/python3.10/site-packages/airflow/example_dags/example_short_circuit_decorator.py for tasks to queue
[2025-08-07T16:37:04.585+0700] {logging_mixin.py:154} INFO - [2025-08-07T16:37:04.584+0700] {dagbag.py:536} INFO - Filling up the DagBag from /home/dwmhr/pln/venv/lib/python3.10/site-packages/airflow/example_dags/example_short_circuit_decorator.py
[2025-08-07T16:37:04.604+0700] {processor.py:839} INFO - DAG(s) dict_keys(['example_short_circuit_decorator']) retrieved from /home/dwmhr/pln/venv/lib/python3.10/site-packages/airflow/example_dags/example_short_circuit_decorator.py
[2025-08-07T16:37:04.643+0700] {logging_mixin.py:154} INFO - [2025-08-07T16:37:04.642+0700] {dag.py:2941} INFO - Sync 1 DAGs
[2025-08-07T16:37:04.677+0700] {logging_mixin.py:154} INFO - [2025-08-07T16:37:04.677+0700] {dag.py:3722} INFO - Setting next_dagrun for example_short_circuit_decorator to 2025-08-06T09:37:04.676973+00:00, run_after=2025-08-07T09:37:04.676973+00:00
[2025-08-07T16:37:04.719+0700] {processor.py:179} INFO - Processing /home/dwmhr/pln/venv/lib/python3.10/site-packages/airflow/example_dags/example_short_circuit_decorator.py took 0.145 seconds
[2025-08-07T16:38:00.782+0700] {processor.py:157} INFO - Started process (PID=128388) to work on /home/dwmhr/pln/venv/lib/python3.10/site-packages/airflow/example_dags/example_short_circuit_decorator.py
[2025-08-07T16:38:00.785+0700] {processor.py:829} INFO - Processing file /home/dwmhr/pln/venv/lib/python3.10/site-packages/airflow/example_dags/example_short_circuit_decorator.py for tasks to queue
[2025-08-07T16:38:00.787+0700] {logging_mixin.py:154} INFO - [2025-08-07T16:38:00.786+0700] {dagbag.py:536} INFO - Filling up the DagBag from /home/dwmhr/pln/venv/lib/python3.10/site-packages/airflow/example_dags/example_short_circuit_decorator.py
[2025-08-07T16:38:00.806+0700] {processor.py:839} INFO - DAG(s) dict_keys(['example_short_circuit_decorator']) retrieved from /home/dwmhr/pln/venv/lib/python3.10/site-packages/airflow/example_dags/example_short_circuit_decorator.py
[2025-08-07T16:38:00.849+0700] {logging_mixin.py:154} INFO - [2025-08-07T16:38:00.849+0700] {dag.py:2941} INFO - Sync 1 DAGs
[2025-08-07T16:38:00.882+0700] {logging_mixin.py:154} INFO - [2025-08-07T16:38:00.882+0700] {dag.py:3722} INFO - Setting next_dagrun for example_short_circuit_decorator to 2025-08-06T09:38:00.881893+00:00, run_after=2025-08-07T09:38:00.881893+00:00
[2025-08-07T16:38:00.932+0700] {processor.py:179} INFO - Processing /home/dwmhr/pln/venv/lib/python3.10/site-packages/airflow/example_dags/example_short_circuit_decorator.py took 0.158 seconds
[2025-08-07T16:39:03.417+0700] {processor.py:157} INFO - Started process (PID=128632) to work on /home/dwmhr/pln/venv/lib/python3.10/site-packages/airflow/example_dags/example_short_circuit_decorator.py
[2025-08-07T16:39:03.423+0700] {processor.py:829} INFO - Processing file /home/dwmhr/pln/venv/lib/python3.10/site-packages/airflow/example_dags/example_short_circuit_decorator.py for tasks to queue
[2025-08-07T16:39:03.424+0700] {logging_mixin.py:154} INFO - [2025-08-07T16:39:03.423+0700] {dagbag.py:536} INFO - Filling up the DagBag from /home/dwmhr/pln/venv/lib/python3.10/site-packages/airflow/example_dags/example_short_circuit_decorator.py
[2025-08-07T16:39:03.435+0700] {processor.py:839} INFO - DAG(s) dict_keys(['example_short_circuit_decorator']) retrieved from /home/dwmhr/pln/venv/lib/python3.10/site-packages/airflow/example_dags/example_short_circuit_decorator.py
[2025-08-07T16:39:03.459+0700] {logging_mixin.py:154} INFO - [2025-08-07T16:39:03.459+0700] {dag.py:2941} INFO - Sync 1 DAGs
[2025-08-07T16:39:03.481+0700] {logging_mixin.py:154} INFO - [2025-08-07T16:39:03.480+0700] {dag.py:3722} INFO - Setting next_dagrun for example_short_circuit_decorator to 2025-08-06T09:39:03.480546+00:00, run_after=2025-08-07T09:39:03.480546+00:00
[2025-08-07T16:39:03.507+0700] {processor.py:179} INFO - Processing /home/dwmhr/pln/venv/lib/python3.10/site-packages/airflow/example_dags/example_short_circuit_decorator.py took 0.094 seconds
[2025-08-07T16:39:54.067+0700] {processor.py:157} INFO - Started process (PID=128863) to work on /home/dwmhr/pln/venv/lib/python3.10/site-packages/airflow/example_dags/example_short_circuit_decorator.py
[2025-08-07T16:39:54.071+0700] {processor.py:829} INFO - Processing file /home/dwmhr/pln/venv/lib/python3.10/site-packages/airflow/example_dags/example_short_circuit_decorator.py for tasks to queue
[2025-08-07T16:39:54.076+0700] {logging_mixin.py:154} INFO - [2025-08-07T16:39:54.074+0700] {dagbag.py:536} INFO - Filling up the DagBag from /home/dwmhr/pln/venv/lib/python3.10/site-packages/airflow/example_dags/example_short_circuit_decorator.py
[2025-08-07T16:39:54.137+0700] {processor.py:839} INFO - DAG(s) dict_keys(['example_short_circuit_decorator']) retrieved from /home/dwmhr/pln/venv/lib/python3.10/site-packages/airflow/example_dags/example_short_circuit_decorator.py
[2025-08-07T16:39:54.303+0700] {logging_mixin.py:154} INFO - [2025-08-07T16:39:54.302+0700] {dag.py:2941} INFO - Sync 1 DAGs
[2025-08-07T16:39:54.535+0700] {logging_mixin.py:154} INFO - [2025-08-07T16:39:54.534+0700] {dag.py:3722} INFO - Setting next_dagrun for example_short_circuit_decorator to 2025-08-06T09:39:54.533201+00:00, run_after=2025-08-07T09:39:54.533201+00:00
[2025-08-07T16:39:54.817+0700] {processor.py:179} INFO - Processing /home/dwmhr/pln/venv/lib/python3.10/site-packages/airflow/example_dags/example_short_circuit_decorator.py took 0.774 seconds
[2025-08-07T16:41:11.388+0700] {processor.py:157} INFO - Started process (PID=129155) to work on /home/dwmhr/pln/venv/lib/python3.10/site-packages/airflow/example_dags/example_short_circuit_decorator.py
[2025-08-07T16:41:11.391+0700] {processor.py:829} INFO - Processing file /home/dwmhr/pln/venv/lib/python3.10/site-packages/airflow/example_dags/example_short_circuit_decorator.py for tasks to queue
[2025-08-07T16:41:11.393+0700] {logging_mixin.py:154} INFO - [2025-08-07T16:41:11.392+0700] {dagbag.py:536} INFO - Filling up the DagBag from /home/dwmhr/pln/venv/lib/python3.10/site-packages/airflow/example_dags/example_short_circuit_decorator.py
[2025-08-07T16:41:11.409+0700] {processor.py:839} INFO - DAG(s) dict_keys(['example_short_circuit_decorator']) retrieved from /home/dwmhr/pln/venv/lib/python3.10/site-packages/airflow/example_dags/example_short_circuit_decorator.py
[2025-08-07T16:41:11.443+0700] {logging_mixin.py:154} INFO - [2025-08-07T16:41:11.443+0700] {dag.py:2941} INFO - Sync 1 DAGs
[2025-08-07T16:41:11.473+0700] {logging_mixin.py:154} INFO - [2025-08-07T16:41:11.472+0700] {dag.py:3722} INFO - Setting next_dagrun for example_short_circuit_decorator to 2025-08-06T09:41:11.472235+00:00, run_after=2025-08-07T09:41:11.472235+00:00
[2025-08-07T16:41:11.528+0700] {processor.py:179} INFO - Processing /home/dwmhr/pln/venv/lib/python3.10/site-packages/airflow/example_dags/example_short_circuit_decorator.py took 0.156 seconds
[2025-08-07T16:42:00.706+0700] {processor.py:157} INFO - Started process (PID=129363) to work on /home/dwmhr/pln/venv/lib/python3.10/site-packages/airflow/example_dags/example_short_circuit_decorator.py
[2025-08-07T16:42:00.719+0700] {processor.py:829} INFO - Processing file /home/dwmhr/pln/venv/lib/python3.10/site-packages/airflow/example_dags/example_short_circuit_decorator.py for tasks to queue
[2025-08-07T16:42:00.721+0700] {logging_mixin.py:154} INFO - [2025-08-07T16:42:00.720+0700] {dagbag.py:536} INFO - Filling up the DagBag from /home/dwmhr/pln/venv/lib/python3.10/site-packages/airflow/example_dags/example_short_circuit_decorator.py
[2025-08-07T16:42:00.753+0700] {processor.py:839} INFO - DAG(s) dict_keys(['example_short_circuit_decorator']) retrieved from /home/dwmhr/pln/venv/lib/python3.10/site-packages/airflow/example_dags/example_short_circuit_decorator.py
[2025-08-07T16:42:00.810+0700] {logging_mixin.py:154} INFO - [2025-08-07T16:42:00.809+0700] {dag.py:2941} INFO - Sync 1 DAGs
[2025-08-07T16:42:00.858+0700] {logging_mixin.py:154} INFO - [2025-08-07T16:42:00.858+0700] {dag.py:3722} INFO - Setting next_dagrun for example_short_circuit_decorator to 2025-08-06T09:42:00.857708+00:00, run_after=2025-08-07T09:42:00.857708+00:00
[2025-08-07T16:42:00.914+0700] {processor.py:179} INFO - Processing /home/dwmhr/pln/venv/lib/python3.10/site-packages/airflow/example_dags/example_short_circuit_decorator.py took 0.219 seconds
[2025-08-07T16:42:47.767+0700] {processor.py:157} INFO - Started process (PID=129566) to work on /home/dwmhr/pln/venv/lib/python3.10/site-packages/airflow/example_dags/example_short_circuit_decorator.py
[2025-08-07T16:42:47.771+0700] {processor.py:829} INFO - Processing file /home/dwmhr/pln/venv/lib/python3.10/site-packages/airflow/example_dags/example_short_circuit_decorator.py for tasks to queue
[2025-08-07T16:42:47.773+0700] {logging_mixin.py:154} INFO - [2025-08-07T16:42:47.772+0700] {dagbag.py:536} INFO - Filling up the DagBag from /home/dwmhr/pln/venv/lib/python3.10/site-packages/airflow/example_dags/example_short_circuit_decorator.py
[2025-08-07T16:42:47.794+0700] {processor.py:839} INFO - DAG(s) dict_keys(['example_short_circuit_decorator']) retrieved from /home/dwmhr/pln/venv/lib/python3.10/site-packages/airflow/example_dags/example_short_circuit_decorator.py
[2025-08-07T16:42:47.846+0700] {logging_mixin.py:154} INFO - [2025-08-07T16:42:47.846+0700] {dag.py:2941} INFO - Sync 1 DAGs
[2025-08-07T16:42:47.909+0700] {logging_mixin.py:154} INFO - [2025-08-07T16:42:47.908+0700] {dag.py:3722} INFO - Setting next_dagrun for example_short_circuit_decorator to 2025-08-06T09:42:47.908293+00:00, run_after=2025-08-07T09:42:47.908293+00:00
[2025-08-07T16:42:47.982+0700] {processor.py:179} INFO - Processing /home/dwmhr/pln/venv/lib/python3.10/site-packages/airflow/example_dags/example_short_circuit_decorator.py took 0.223 seconds
[2025-08-07T16:43:48.758+0700] {processor.py:157} INFO - Started process (PID=129836) to work on /home/dwmhr/pln/venv/lib/python3.10/site-packages/airflow/example_dags/example_short_circuit_decorator.py
[2025-08-07T16:43:48.762+0700] {processor.py:829} INFO - Processing file /home/dwmhr/pln/venv/lib/python3.10/site-packages/airflow/example_dags/example_short_circuit_decorator.py for tasks to queue
[2025-08-07T16:43:48.763+0700] {logging_mixin.py:154} INFO - [2025-08-07T16:43:48.763+0700] {dagbag.py:536} INFO - Filling up the DagBag from /home/dwmhr/pln/venv/lib/python3.10/site-packages/airflow/example_dags/example_short_circuit_decorator.py
[2025-08-07T16:43:48.771+0700] {processor.py:839} INFO - DAG(s) dict_keys(['example_short_circuit_decorator']) retrieved from /home/dwmhr/pln/venv/lib/python3.10/site-packages/airflow/example_dags/example_short_circuit_decorator.py
[2025-08-07T16:43:48.788+0700] {logging_mixin.py:154} INFO - [2025-08-07T16:43:48.788+0700] {dag.py:2941} INFO - Sync 1 DAGs
[2025-08-07T16:43:48.804+0700] {logging_mixin.py:154} INFO - [2025-08-07T16:43:48.803+0700] {dag.py:3722} INFO - Setting next_dagrun for example_short_circuit_decorator to 2025-08-06T09:43:48.803622+00:00, run_after=2025-08-07T09:43:48.803622+00:00
[2025-08-07T16:43:48.827+0700] {processor.py:179} INFO - Processing /home/dwmhr/pln/venv/lib/python3.10/site-packages/airflow/example_dags/example_short_circuit_decorator.py took 0.072 seconds
[2025-08-07T16:44:31.467+0700] {processor.py:157} INFO - Started process (PID=130020) to work on /home/dwmhr/pln/venv/lib/python3.10/site-packages/airflow/example_dags/example_short_circuit_decorator.py
[2025-08-07T16:44:31.470+0700] {processor.py:829} INFO - Processing file /home/dwmhr/pln/venv/lib/python3.10/site-packages/airflow/example_dags/example_short_circuit_decorator.py for tasks to queue
[2025-08-07T16:44:31.471+0700] {logging_mixin.py:154} INFO - [2025-08-07T16:44:31.470+0700] {dagbag.py:536} INFO - Filling up the DagBag from /home/dwmhr/pln/venv/lib/python3.10/site-packages/airflow/example_dags/example_short_circuit_decorator.py
[2025-08-07T16:44:31.477+0700] {processor.py:839} INFO - DAG(s) dict_keys(['example_short_circuit_decorator']) retrieved from /home/dwmhr/pln/venv/lib/python3.10/site-packages/airflow/example_dags/example_short_circuit_decorator.py
[2025-08-07T16:44:31.491+0700] {logging_mixin.py:154} INFO - [2025-08-07T16:44:31.491+0700] {dag.py:2941} INFO - Sync 1 DAGs
[2025-08-07T16:44:31.503+0700] {logging_mixin.py:154} INFO - [2025-08-07T16:44:31.503+0700] {dag.py:3722} INFO - Setting next_dagrun for example_short_circuit_decorator to 2025-08-06T09:44:31.502925+00:00, run_after=2025-08-07T09:44:31.502925+00:00
[2025-08-07T16:44:31.522+0700] {processor.py:179} INFO - Processing /home/dwmhr/pln/venv/lib/python3.10/site-packages/airflow/example_dags/example_short_circuit_decorator.py took 0.058 seconds
[2025-08-07T16:45:27.303+0700] {processor.py:157} INFO - Started process (PID=130248) to work on /home/dwmhr/pln/venv/lib/python3.10/site-packages/airflow/example_dags/example_short_circuit_decorator.py
[2025-08-07T16:45:27.308+0700] {processor.py:829} INFO - Processing file /home/dwmhr/pln/venv/lib/python3.10/site-packages/airflow/example_dags/example_short_circuit_decorator.py for tasks to queue
[2025-08-07T16:45:27.313+0700] {logging_mixin.py:154} INFO - [2025-08-07T16:45:27.311+0700] {dagbag.py:536} INFO - Filling up the DagBag from /home/dwmhr/pln/venv/lib/python3.10/site-packages/airflow/example_dags/example_short_circuit_decorator.py
[2025-08-07T16:45:27.353+0700] {processor.py:839} INFO - DAG(s) dict_keys(['example_short_circuit_decorator']) retrieved from /home/dwmhr/pln/venv/lib/python3.10/site-packages/airflow/example_dags/example_short_circuit_decorator.py
[2025-08-07T16:45:27.422+0700] {logging_mixin.py:154} INFO - [2025-08-07T16:45:27.422+0700] {dag.py:2941} INFO - Sync 1 DAGs
[2025-08-07T16:45:27.494+0700] {logging_mixin.py:154} INFO - [2025-08-07T16:45:27.493+0700] {dag.py:3722} INFO - Setting next_dagrun for example_short_circuit_decorator to 2025-08-06T09:45:27.492466+00:00, run_after=2025-08-07T09:45:27.492466+00:00
[2025-08-07T16:45:27.588+0700] {processor.py:179} INFO - Processing /home/dwmhr/pln/venv/lib/python3.10/site-packages/airflow/example_dags/example_short_circuit_decorator.py took 0.297 seconds
[2025-08-07T16:46:14.942+0700] {processor.py:157} INFO - Started process (PID=130489) to work on /home/dwmhr/pln/venv/lib/python3.10/site-packages/airflow/example_dags/example_short_circuit_decorator.py
[2025-08-07T16:46:14.947+0700] {processor.py:829} INFO - Processing file /home/dwmhr/pln/venv/lib/python3.10/site-packages/airflow/example_dags/example_short_circuit_decorator.py for tasks to queue
[2025-08-07T16:46:14.950+0700] {logging_mixin.py:154} INFO - [2025-08-07T16:46:14.949+0700] {dagbag.py:536} INFO - Filling up the DagBag from /home/dwmhr/pln/venv/lib/python3.10/site-packages/airflow/example_dags/example_short_circuit_decorator.py
[2025-08-07T16:46:14.982+0700] {processor.py:839} INFO - DAG(s) dict_keys(['example_short_circuit_decorator']) retrieved from /home/dwmhr/pln/venv/lib/python3.10/site-packages/airflow/example_dags/example_short_circuit_decorator.py
[2025-08-07T16:46:15.051+0700] {logging_mixin.py:154} INFO - [2025-08-07T16:46:15.050+0700] {dag.py:2941} INFO - Sync 1 DAGs
[2025-08-07T16:46:15.110+0700] {logging_mixin.py:154} INFO - [2025-08-07T16:46:15.110+0700] {dag.py:3722} INFO - Setting next_dagrun for example_short_circuit_decorator to 2025-08-06T09:46:15.109010+00:00, run_after=2025-08-07T09:46:15.109010+00:00
[2025-08-07T16:46:15.178+0700] {processor.py:179} INFO - Processing /home/dwmhr/pln/venv/lib/python3.10/site-packages/airflow/example_dags/example_short_circuit_decorator.py took 0.245 seconds
[2025-08-07T16:47:05.743+0700] {processor.py:157} INFO - Started process (PID=130682) to work on /home/dwmhr/pln/venv/lib/python3.10/site-packages/airflow/example_dags/example_short_circuit_decorator.py
[2025-08-07T16:47:05.744+0700] {processor.py:829} INFO - Processing file /home/dwmhr/pln/venv/lib/python3.10/site-packages/airflow/example_dags/example_short_circuit_decorator.py for tasks to queue
[2025-08-07T16:47:05.744+0700] {logging_mixin.py:154} INFO - [2025-08-07T16:47:05.744+0700] {dagbag.py:536} INFO - Filling up the DagBag from /home/dwmhr/pln/venv/lib/python3.10/site-packages/airflow/example_dags/example_short_circuit_decorator.py
[2025-08-07T16:47:05.752+0700] {processor.py:839} INFO - DAG(s) dict_keys(['example_short_circuit_decorator']) retrieved from /home/dwmhr/pln/venv/lib/python3.10/site-packages/airflow/example_dags/example_short_circuit_decorator.py
[2025-08-07T16:47:05.767+0700] {logging_mixin.py:154} INFO - [2025-08-07T16:47:05.767+0700] {dag.py:2941} INFO - Sync 1 DAGs
[2025-08-07T16:47:05.780+0700] {logging_mixin.py:154} INFO - [2025-08-07T16:47:05.780+0700] {dag.py:3722} INFO - Setting next_dagrun for example_short_circuit_decorator to 2025-08-06T09:47:05.780389+00:00, run_after=2025-08-07T09:47:05.780389+00:00
[2025-08-07T16:47:05.796+0700] {processor.py:179} INFO - Processing /home/dwmhr/pln/venv/lib/python3.10/site-packages/airflow/example_dags/example_short_circuit_decorator.py took 0.057 seconds
[2025-08-07T16:47:57.616+0700] {processor.py:157} INFO - Started process (PID=130921) to work on /home/dwmhr/pln/venv/lib/python3.10/site-packages/airflow/example_dags/example_short_circuit_decorator.py
[2025-08-07T16:47:57.628+0700] {processor.py:829} INFO - Processing file /home/dwmhr/pln/venv/lib/python3.10/site-packages/airflow/example_dags/example_short_circuit_decorator.py for tasks to queue
[2025-08-07T16:47:57.629+0700] {logging_mixin.py:154} INFO - [2025-08-07T16:47:57.629+0700] {dagbag.py:536} INFO - Filling up the DagBag from /home/dwmhr/pln/venv/lib/python3.10/site-packages/airflow/example_dags/example_short_circuit_decorator.py
[2025-08-07T16:47:57.639+0700] {processor.py:839} INFO - DAG(s) dict_keys(['example_short_circuit_decorator']) retrieved from /home/dwmhr/pln/venv/lib/python3.10/site-packages/airflow/example_dags/example_short_circuit_decorator.py
[2025-08-07T16:47:57.660+0700] {logging_mixin.py:154} INFO - [2025-08-07T16:47:57.660+0700] {dag.py:2941} INFO - Sync 1 DAGs
[2025-08-07T16:47:57.678+0700] {logging_mixin.py:154} INFO - [2025-08-07T16:47:57.678+0700] {dag.py:3722} INFO - Setting next_dagrun for example_short_circuit_decorator to 2025-08-06T09:47:57.678269+00:00, run_after=2025-08-07T09:47:57.678269+00:00
[2025-08-07T16:47:57.702+0700] {processor.py:179} INFO - Processing /home/dwmhr/pln/venv/lib/python3.10/site-packages/airflow/example_dags/example_short_circuit_decorator.py took 0.091 seconds
[2025-08-07T16:48:52.385+0700] {processor.py:157} INFO - Started process (PID=131164) to work on /home/dwmhr/pln/venv/lib/python3.10/site-packages/airflow/example_dags/example_short_circuit_decorator.py
[2025-08-07T16:48:52.386+0700] {processor.py:829} INFO - Processing file /home/dwmhr/pln/venv/lib/python3.10/site-packages/airflow/example_dags/example_short_circuit_decorator.py for tasks to queue
[2025-08-07T16:48:52.387+0700] {logging_mixin.py:154} INFO - [2025-08-07T16:48:52.387+0700] {dagbag.py:536} INFO - Filling up the DagBag from /home/dwmhr/pln/venv/lib/python3.10/site-packages/airflow/example_dags/example_short_circuit_decorator.py
[2025-08-07T16:48:52.396+0700] {processor.py:839} INFO - DAG(s) dict_keys(['example_short_circuit_decorator']) retrieved from /home/dwmhr/pln/venv/lib/python3.10/site-packages/airflow/example_dags/example_short_circuit_decorator.py
[2025-08-07T16:48:52.418+0700] {logging_mixin.py:154} INFO - [2025-08-07T16:48:52.418+0700] {dag.py:2941} INFO - Sync 1 DAGs
[2025-08-07T16:48:52.438+0700] {logging_mixin.py:154} INFO - [2025-08-07T16:48:52.438+0700] {dag.py:3722} INFO - Setting next_dagrun for example_short_circuit_decorator to 2025-08-06T09:48:52.438173+00:00, run_after=2025-08-07T09:48:52.438173+00:00
[2025-08-07T16:48:52.464+0700] {processor.py:179} INFO - Processing /home/dwmhr/pln/venv/lib/python3.10/site-packages/airflow/example_dags/example_short_circuit_decorator.py took 0.082 seconds
