[2025-08-07T15:45:16.411+0700] {processor.py:157} INFO - Started process (PID=113268) to work on /home/dwmhr/pln/venv/lib/python3.10/site-packages/airflow/example_dags/example_task_group_decorator.py
[2025-08-07T15:45:16.412+0700] {processor.py:829} INFO - Processing file /home/dwmhr/pln/venv/lib/python3.10/site-packages/airflow/example_dags/example_task_group_decorator.py for tasks to queue
[2025-08-07T15:45:16.412+0700] {logging_mixin.py:154} INFO - [2025-08-07T15:45:16.412+0700] {dagbag.py:536} INFO - Filling up the DagBag from /home/dwmhr/pln/venv/lib/python3.10/site-packages/airflow/example_dags/example_task_group_decorator.py
[2025-08-07T15:45:16.427+0700] {processor.py:839} INFO - DAG(s) dict_keys(['example_task_group_decorator']) retrieved from /home/dwmhr/pln/venv/lib/python3.10/site-packages/airflow/example_dags/example_task_group_decorator.py
[2025-08-07T15:45:16.509+0700] {logging_mixin.py:154} INFO - [2025-08-07T15:45:16.509+0700] {manager.py:499} INFO - Created Permission View: %s
[2025-08-07T15:45:16.521+0700] {logging_mixin.py:154} INFO - [2025-08-07T15:45:16.520+0700] {manager.py:499} INFO - Created Permission View: %s
[2025-08-07T15:45:16.528+0700] {logging_mixin.py:154} INFO - [2025-08-07T15:45:16.528+0700] {manager.py:499} INFO - Created Permission View: %s
[2025-08-07T15:45:16.528+0700] {logging_mixin.py:154} INFO - [2025-08-07T15:45:16.528+0700] {dag.py:2941} INFO - Sync 1 DAGs
[2025-08-07T15:45:16.537+0700] {logging_mixin.py:154} INFO - [2025-08-07T15:45:16.536+0700] {dag.py:2963} INFO - Creating ORM DAG for example_task_group_decorator
[2025-08-07T15:45:16.543+0700] {logging_mixin.py:154} INFO - [2025-08-07T15:45:16.543+0700] {dag.py:3722} INFO - Setting next_dagrun for example_task_group_decorator to 2025-08-06T08:45:16.543264+00:00, run_after=2025-08-07T08:45:16.543264+00:00
[2025-08-07T15:45:16.562+0700] {processor.py:179} INFO - Processing /home/dwmhr/pln/venv/lib/python3.10/site-packages/airflow/example_dags/example_task_group_decorator.py took 0.154 seconds
[2025-08-07T15:46:27.812+0700] {processor.py:157} INFO - Started process (PID=113624) to work on /home/dwmhr/pln/venv/lib/python3.10/site-packages/airflow/example_dags/example_task_group_decorator.py
[2025-08-07T15:46:27.816+0700] {processor.py:829} INFO - Processing file /home/dwmhr/pln/venv/lib/python3.10/site-packages/airflow/example_dags/example_task_group_decorator.py for tasks to queue
[2025-08-07T15:46:27.819+0700] {logging_mixin.py:154} INFO - [2025-08-07T15:46:27.818+0700] {dagbag.py:536} INFO - Filling up the DagBag from /home/dwmhr/pln/venv/lib/python3.10/site-packages/airflow/example_dags/example_task_group_decorator.py
[2025-08-07T15:46:27.871+0700] {processor.py:839} INFO - DAG(s) dict_keys(['example_task_group_decorator']) retrieved from /home/dwmhr/pln/venv/lib/python3.10/site-packages/airflow/example_dags/example_task_group_decorator.py
[2025-08-07T15:46:27.926+0700] {logging_mixin.py:154} INFO - [2025-08-07T15:46:27.925+0700] {dag.py:2941} INFO - Sync 1 DAGs
[2025-08-07T15:46:27.982+0700] {logging_mixin.py:154} INFO - [2025-08-07T15:46:27.981+0700] {dag.py:3722} INFO - Setting next_dagrun for example_task_group_decorator to 2025-08-06T08:46:27.981381+00:00, run_after=2025-08-07T08:46:27.981381+00:00
[2025-08-07T15:46:28.063+0700] {processor.py:179} INFO - Processing /home/dwmhr/pln/venv/lib/python3.10/site-packages/airflow/example_dags/example_task_group_decorator.py took 0.261 seconds
[2025-08-07T15:47:21.913+0700] {processor.py:157} INFO - Started process (PID=113892) to work on /home/dwmhr/pln/venv/lib/python3.10/site-packages/airflow/example_dags/example_task_group_decorator.py
[2025-08-07T15:47:21.926+0700] {processor.py:829} INFO - Processing file /home/dwmhr/pln/venv/lib/python3.10/site-packages/airflow/example_dags/example_task_group_decorator.py for tasks to queue
[2025-08-07T15:47:21.927+0700] {logging_mixin.py:154} INFO - [2025-08-07T15:47:21.927+0700] {dagbag.py:536} INFO - Filling up the DagBag from /home/dwmhr/pln/venv/lib/python3.10/site-packages/airflow/example_dags/example_task_group_decorator.py
[2025-08-07T15:47:21.945+0700] {processor.py:839} INFO - DAG(s) dict_keys(['example_task_group_decorator']) retrieved from /home/dwmhr/pln/venv/lib/python3.10/site-packages/airflow/example_dags/example_task_group_decorator.py
[2025-08-07T15:47:21.968+0700] {logging_mixin.py:154} INFO - [2025-08-07T15:47:21.968+0700] {dag.py:2941} INFO - Sync 1 DAGs
[2025-08-07T15:47:21.992+0700] {logging_mixin.py:154} INFO - [2025-08-07T15:47:21.991+0700] {dag.py:3722} INFO - Setting next_dagrun for example_task_group_decorator to 2025-08-06T08:47:21.991714+00:00, run_after=2025-08-07T08:47:21.991714+00:00
[2025-08-07T15:47:22.020+0700] {processor.py:179} INFO - Processing /home/dwmhr/pln/venv/lib/python3.10/site-packages/airflow/example_dags/example_task_group_decorator.py took 0.112 seconds
[2025-08-07T15:48:13.034+0700] {processor.py:157} INFO - Started process (PID=114174) to work on /home/dwmhr/pln/venv/lib/python3.10/site-packages/airflow/example_dags/example_task_group_decorator.py
[2025-08-07T15:48:13.037+0700] {processor.py:829} INFO - Processing file /home/dwmhr/pln/venv/lib/python3.10/site-packages/airflow/example_dags/example_task_group_decorator.py for tasks to queue
[2025-08-07T15:48:13.040+0700] {logging_mixin.py:154} INFO - [2025-08-07T15:48:13.038+0700] {dagbag.py:536} INFO - Filling up the DagBag from /home/dwmhr/pln/venv/lib/python3.10/site-packages/airflow/example_dags/example_task_group_decorator.py
[2025-08-07T15:48:13.069+0700] {processor.py:839} INFO - DAG(s) dict_keys(['example_task_group_decorator']) retrieved from /home/dwmhr/pln/venv/lib/python3.10/site-packages/airflow/example_dags/example_task_group_decorator.py
[2025-08-07T15:48:13.119+0700] {logging_mixin.py:154} INFO - [2025-08-07T15:48:13.118+0700] {dag.py:2941} INFO - Sync 1 DAGs
[2025-08-07T15:48:13.163+0700] {logging_mixin.py:154} INFO - [2025-08-07T15:48:13.163+0700] {dag.py:3722} INFO - Setting next_dagrun for example_task_group_decorator to 2025-08-06T08:48:13.162781+00:00, run_after=2025-08-07T08:48:13.162781+00:00
[2025-08-07T15:48:13.219+0700] {processor.py:179} INFO - Processing /home/dwmhr/pln/venv/lib/python3.10/site-packages/airflow/example_dags/example_task_group_decorator.py took 0.192 seconds
[2025-08-07T15:49:05.811+0700] {processor.py:157} INFO - Started process (PID=114470) to work on /home/dwmhr/pln/venv/lib/python3.10/site-packages/airflow/example_dags/example_task_group_decorator.py
[2025-08-07T15:49:05.816+0700] {processor.py:829} INFO - Processing file /home/dwmhr/pln/venv/lib/python3.10/site-packages/airflow/example_dags/example_task_group_decorator.py for tasks to queue
[2025-08-07T15:49:05.819+0700] {logging_mixin.py:154} INFO - [2025-08-07T15:49:05.818+0700] {dagbag.py:536} INFO - Filling up the DagBag from /home/dwmhr/pln/venv/lib/python3.10/site-packages/airflow/example_dags/example_task_group_decorator.py
[2025-08-07T15:49:05.882+0700] {processor.py:839} INFO - DAG(s) dict_keys(['example_task_group_decorator']) retrieved from /home/dwmhr/pln/venv/lib/python3.10/site-packages/airflow/example_dags/example_task_group_decorator.py
[2025-08-07T15:49:05.968+0700] {logging_mixin.py:154} INFO - [2025-08-07T15:49:05.967+0700] {dag.py:2941} INFO - Sync 1 DAGs
[2025-08-07T15:49:06.042+0700] {logging_mixin.py:154} INFO - [2025-08-07T15:49:06.041+0700] {dag.py:3722} INFO - Setting next_dagrun for example_task_group_decorator to 2025-08-06T08:49:06.041086+00:00, run_after=2025-08-07T08:49:06.041086+00:00
[2025-08-07T15:49:06.120+0700] {processor.py:179} INFO - Processing /home/dwmhr/pln/venv/lib/python3.10/site-packages/airflow/example_dags/example_task_group_decorator.py took 0.320 seconds
[2025-08-07T15:50:26.300+0700] {processor.py:157} INFO - Started process (PID=114868) to work on /home/dwmhr/pln/venv/lib/python3.10/site-packages/airflow/example_dags/example_task_group_decorator.py
[2025-08-07T15:50:26.304+0700] {processor.py:829} INFO - Processing file /home/dwmhr/pln/venv/lib/python3.10/site-packages/airflow/example_dags/example_task_group_decorator.py for tasks to queue
[2025-08-07T15:50:26.306+0700] {logging_mixin.py:154} INFO - [2025-08-07T15:50:26.305+0700] {dagbag.py:536} INFO - Filling up the DagBag from /home/dwmhr/pln/venv/lib/python3.10/site-packages/airflow/example_dags/example_task_group_decorator.py
[2025-08-07T15:50:26.338+0700] {processor.py:839} INFO - DAG(s) dict_keys(['example_task_group_decorator']) retrieved from /home/dwmhr/pln/venv/lib/python3.10/site-packages/airflow/example_dags/example_task_group_decorator.py
[2025-08-07T15:50:26.379+0700] {logging_mixin.py:154} INFO - [2025-08-07T15:50:26.379+0700] {dag.py:2941} INFO - Sync 1 DAGs
[2025-08-07T15:50:26.416+0700] {logging_mixin.py:154} INFO - [2025-08-07T15:50:26.416+0700] {dag.py:3722} INFO - Setting next_dagrun for example_task_group_decorator to 2025-08-06T08:50:26.416099+00:00, run_after=2025-08-07T08:50:26.416099+00:00
[2025-08-07T15:50:26.460+0700] {processor.py:179} INFO - Processing /home/dwmhr/pln/venv/lib/python3.10/site-packages/airflow/example_dags/example_task_group_decorator.py took 0.166 seconds
[2025-08-07T15:51:34.492+0700] {processor.py:157} INFO - Started process (PID=115251) to work on /home/dwmhr/pln/venv/lib/python3.10/site-packages/airflow/example_dags/example_task_group_decorator.py
[2025-08-07T15:51:34.495+0700] {processor.py:829} INFO - Processing file /home/dwmhr/pln/venv/lib/python3.10/site-packages/airflow/example_dags/example_task_group_decorator.py for tasks to queue
[2025-08-07T15:51:34.498+0700] {logging_mixin.py:154} INFO - [2025-08-07T15:51:34.497+0700] {dagbag.py:536} INFO - Filling up the DagBag from /home/dwmhr/pln/venv/lib/python3.10/site-packages/airflow/example_dags/example_task_group_decorator.py
[2025-08-07T15:51:34.537+0700] {processor.py:839} INFO - DAG(s) dict_keys(['example_task_group_decorator']) retrieved from /home/dwmhr/pln/venv/lib/python3.10/site-packages/airflow/example_dags/example_task_group_decorator.py
[2025-08-07T15:51:34.591+0700] {logging_mixin.py:154} INFO - [2025-08-07T15:51:34.591+0700] {dag.py:2941} INFO - Sync 1 DAGs
[2025-08-07T15:51:34.646+0700] {logging_mixin.py:154} INFO - [2025-08-07T15:51:34.645+0700] {dag.py:3722} INFO - Setting next_dagrun for example_task_group_decorator to 2025-08-06T08:51:34.645347+00:00, run_after=2025-08-07T08:51:34.645347+00:00
[2025-08-07T15:51:34.700+0700] {processor.py:179} INFO - Processing /home/dwmhr/pln/venv/lib/python3.10/site-packages/airflow/example_dags/example_task_group_decorator.py took 0.215 seconds
[2025-08-07T15:53:15.573+0700] {processor.py:157} INFO - Started process (PID=115700) to work on /home/dwmhr/pln/venv/lib/python3.10/site-packages/airflow/example_dags/example_task_group_decorator.py
[2025-08-07T15:53:15.586+0700] {processor.py:829} INFO - Processing file /home/dwmhr/pln/venv/lib/python3.10/site-packages/airflow/example_dags/example_task_group_decorator.py for tasks to queue
[2025-08-07T15:53:15.596+0700] {logging_mixin.py:154} INFO - [2025-08-07T15:53:15.590+0700] {dagbag.py:536} INFO - Filling up the DagBag from /home/dwmhr/pln/venv/lib/python3.10/site-packages/airflow/example_dags/example_task_group_decorator.py
[2025-08-07T15:53:15.694+0700] {processor.py:839} INFO - DAG(s) dict_keys(['example_task_group_decorator']) retrieved from /home/dwmhr/pln/venv/lib/python3.10/site-packages/airflow/example_dags/example_task_group_decorator.py
[2025-08-07T15:53:15.858+0700] {logging_mixin.py:154} INFO - [2025-08-07T15:53:15.857+0700] {dag.py:2941} INFO - Sync 1 DAGs
[2025-08-07T15:53:16.011+0700] {logging_mixin.py:154} INFO - [2025-08-07T15:53:16.009+0700] {dag.py:3722} INFO - Setting next_dagrun for example_task_group_decorator to 2025-08-06T08:53:16.006499+00:00, run_after=2025-08-07T08:53:16.006499+00:00
[2025-08-07T15:53:16.142+0700] {processor.py:179} INFO - Processing /home/dwmhr/pln/venv/lib/python3.10/site-packages/airflow/example_dags/example_task_group_decorator.py took 0.590 seconds
[2025-08-07T15:54:47.915+0700] {processor.py:157} INFO - Started process (PID=116139) to work on /home/dwmhr/pln/venv/lib/python3.10/site-packages/airflow/example_dags/example_task_group_decorator.py
[2025-08-07T15:54:47.917+0700] {processor.py:829} INFO - Processing file /home/dwmhr/pln/venv/lib/python3.10/site-packages/airflow/example_dags/example_task_group_decorator.py for tasks to queue
[2025-08-07T15:54:47.918+0700] {logging_mixin.py:154} INFO - [2025-08-07T15:54:47.918+0700] {dagbag.py:536} INFO - Filling up the DagBag from /home/dwmhr/pln/venv/lib/python3.10/site-packages/airflow/example_dags/example_task_group_decorator.py
[2025-08-07T15:54:47.934+0700] {processor.py:839} INFO - DAG(s) dict_keys(['example_task_group_decorator']) retrieved from /home/dwmhr/pln/venv/lib/python3.10/site-packages/airflow/example_dags/example_task_group_decorator.py
[2025-08-07T15:54:47.953+0700] {logging_mixin.py:154} INFO - [2025-08-07T15:54:47.953+0700] {dag.py:2941} INFO - Sync 1 DAGs
[2025-08-07T15:54:47.971+0700] {logging_mixin.py:154} INFO - [2025-08-07T15:54:47.971+0700] {dag.py:3722} INFO - Setting next_dagrun for example_task_group_decorator to 2025-08-06T08:54:47.971169+00:00, run_after=2025-08-07T08:54:47.971169+00:00
[2025-08-07T15:54:47.994+0700] {processor.py:179} INFO - Processing /home/dwmhr/pln/venv/lib/python3.10/site-packages/airflow/example_dags/example_task_group_decorator.py took 0.082 seconds
[2025-08-07T15:56:04.833+0700] {processor.py:157} INFO - Started process (PID=116526) to work on /home/dwmhr/pln/venv/lib/python3.10/site-packages/airflow/example_dags/example_task_group_decorator.py
[2025-08-07T15:56:04.836+0700] {processor.py:829} INFO - Processing file /home/dwmhr/pln/venv/lib/python3.10/site-packages/airflow/example_dags/example_task_group_decorator.py for tasks to queue
[2025-08-07T15:56:04.837+0700] {logging_mixin.py:154} INFO - [2025-08-07T15:56:04.837+0700] {dagbag.py:536} INFO - Filling up the DagBag from /home/dwmhr/pln/venv/lib/python3.10/site-packages/airflow/example_dags/example_task_group_decorator.py
[2025-08-07T15:56:04.865+0700] {processor.py:839} INFO - DAG(s) dict_keys(['example_task_group_decorator']) retrieved from /home/dwmhr/pln/venv/lib/python3.10/site-packages/airflow/example_dags/example_task_group_decorator.py
[2025-08-07T15:56:04.901+0700] {logging_mixin.py:154} INFO - [2025-08-07T15:56:04.901+0700] {dag.py:2941} INFO - Sync 1 DAGs
[2025-08-07T15:56:04.948+0700] {logging_mixin.py:154} INFO - [2025-08-07T15:56:04.947+0700] {dag.py:3722} INFO - Setting next_dagrun for example_task_group_decorator to 2025-08-06T08:56:04.946224+00:00, run_after=2025-08-07T08:56:04.946224+00:00
[2025-08-07T15:56:05.001+0700] {processor.py:179} INFO - Processing /home/dwmhr/pln/venv/lib/python3.10/site-packages/airflow/example_dags/example_task_group_decorator.py took 0.174 seconds
[2025-08-07T15:57:15.696+0700] {processor.py:157} INFO - Started process (PID=116919) to work on /home/dwmhr/pln/venv/lib/python3.10/site-packages/airflow/example_dags/example_task_group_decorator.py
[2025-08-07T15:57:15.699+0700] {processor.py:829} INFO - Processing file /home/dwmhr/pln/venv/lib/python3.10/site-packages/airflow/example_dags/example_task_group_decorator.py for tasks to queue
[2025-08-07T15:57:15.701+0700] {logging_mixin.py:154} INFO - [2025-08-07T15:57:15.700+0700] {dagbag.py:536} INFO - Filling up the DagBag from /home/dwmhr/pln/venv/lib/python3.10/site-packages/airflow/example_dags/example_task_group_decorator.py
[2025-08-07T15:57:15.744+0700] {processor.py:839} INFO - DAG(s) dict_keys(['example_task_group_decorator']) retrieved from /home/dwmhr/pln/venv/lib/python3.10/site-packages/airflow/example_dags/example_task_group_decorator.py
[2025-08-07T15:57:15.810+0700] {logging_mixin.py:154} INFO - [2025-08-07T15:57:15.810+0700] {dag.py:2941} INFO - Sync 1 DAGs
[2025-08-07T15:57:15.871+0700] {logging_mixin.py:154} INFO - [2025-08-07T15:57:15.870+0700] {dag.py:3722} INFO - Setting next_dagrun for example_task_group_decorator to 2025-08-06T08:57:15.870198+00:00, run_after=2025-08-07T08:57:15.870198+00:00
[2025-08-07T15:57:16.028+0700] {processor.py:179} INFO - Processing /home/dwmhr/pln/venv/lib/python3.10/site-packages/airflow/example_dags/example_task_group_decorator.py took 0.339 seconds
[2025-08-07T15:59:28.620+0700] {processor.py:157} INFO - Started process (PID=117587) to work on /home/dwmhr/pln/venv/lib/python3.10/site-packages/airflow/example_dags/example_task_group_decorator.py
[2025-08-07T15:59:28.629+0700] {processor.py:829} INFO - Processing file /home/dwmhr/pln/venv/lib/python3.10/site-packages/airflow/example_dags/example_task_group_decorator.py for tasks to queue
[2025-08-07T15:59:28.633+0700] {logging_mixin.py:154} INFO - [2025-08-07T15:59:28.632+0700] {dagbag.py:536} INFO - Filling up the DagBag from /home/dwmhr/pln/venv/lib/python3.10/site-packages/airflow/example_dags/example_task_group_decorator.py
[2025-08-07T15:59:28.867+0700] {processor.py:839} INFO - DAG(s) dict_keys(['example_task_group_decorator']) retrieved from /home/dwmhr/pln/venv/lib/python3.10/site-packages/airflow/example_dags/example_task_group_decorator.py
[2025-08-07T15:59:29.096+0700] {logging_mixin.py:154} INFO - [2025-08-07T15:59:29.096+0700] {dag.py:2941} INFO - Sync 1 DAGs
[2025-08-07T15:59:29.250+0700] {logging_mixin.py:154} INFO - [2025-08-07T15:59:29.249+0700] {dag.py:3722} INFO - Setting next_dagrun for example_task_group_decorator to 2025-08-06T08:59:29.247525+00:00, run_after=2025-08-07T08:59:29.247525+00:00
[2025-08-07T15:59:29.518+0700] {processor.py:179} INFO - Processing /home/dwmhr/pln/venv/lib/python3.10/site-packages/airflow/example_dags/example_task_group_decorator.py took 0.944 seconds
[2025-08-07T16:01:08.055+0700] {processor.py:157} INFO - Started process (PID=118096) to work on /home/dwmhr/pln/venv/lib/python3.10/site-packages/airflow/example_dags/example_task_group_decorator.py
[2025-08-07T16:01:08.082+0700] {processor.py:829} INFO - Processing file /home/dwmhr/pln/venv/lib/python3.10/site-packages/airflow/example_dags/example_task_group_decorator.py for tasks to queue
[2025-08-07T16:01:08.094+0700] {logging_mixin.py:154} INFO - [2025-08-07T16:01:08.088+0700] {dagbag.py:536} INFO - Filling up the DagBag from /home/dwmhr/pln/venv/lib/python3.10/site-packages/airflow/example_dags/example_task_group_decorator.py
[2025-08-07T16:01:08.341+0700] {processor.py:839} INFO - DAG(s) dict_keys(['example_task_group_decorator']) retrieved from /home/dwmhr/pln/venv/lib/python3.10/site-packages/airflow/example_dags/example_task_group_decorator.py
[2025-08-07T16:01:08.520+0700] {logging_mixin.py:154} INFO - [2025-08-07T16:01:08.519+0700] {dag.py:2941} INFO - Sync 1 DAGs
[2025-08-07T16:01:08.652+0700] {logging_mixin.py:154} INFO - [2025-08-07T16:01:08.651+0700] {dag.py:3722} INFO - Setting next_dagrun for example_task_group_decorator to 2025-08-06T09:01:08.650142+00:00, run_after=2025-08-07T09:01:08.650142+00:00
[2025-08-07T16:01:08.978+0700] {processor.py:179} INFO - Processing /home/dwmhr/pln/venv/lib/python3.10/site-packages/airflow/example_dags/example_task_group_decorator.py took 0.960 seconds
[2025-08-07T16:03:57.477+0700] {processor.py:157} INFO - Started process (PID=118838) to work on /home/dwmhr/pln/venv/lib/python3.10/site-packages/airflow/example_dags/example_task_group_decorator.py
[2025-08-07T16:03:57.491+0700] {processor.py:829} INFO - Processing file /home/dwmhr/pln/venv/lib/python3.10/site-packages/airflow/example_dags/example_task_group_decorator.py for tasks to queue
[2025-08-07T16:03:57.494+0700] {logging_mixin.py:154} INFO - [2025-08-07T16:03:57.492+0700] {dagbag.py:536} INFO - Filling up the DagBag from /home/dwmhr/pln/venv/lib/python3.10/site-packages/airflow/example_dags/example_task_group_decorator.py
[2025-08-07T16:03:57.559+0700] {processor.py:839} INFO - DAG(s) dict_keys(['example_task_group_decorator']) retrieved from /home/dwmhr/pln/venv/lib/python3.10/site-packages/airflow/example_dags/example_task_group_decorator.py
[2025-08-07T16:03:57.711+0700] {logging_mixin.py:154} INFO - [2025-08-07T16:03:57.708+0700] {dag.py:2941} INFO - Sync 1 DAGs
[2025-08-07T16:03:57.813+0700] {logging_mixin.py:154} INFO - [2025-08-07T16:03:57.812+0700] {dag.py:3722} INFO - Setting next_dagrun for example_task_group_decorator to 2025-08-06T09:03:57.811355+00:00, run_after=2025-08-07T09:03:57.811355+00:00
[2025-08-07T16:03:57.941+0700] {processor.py:179} INFO - Processing /home/dwmhr/pln/venv/lib/python3.10/site-packages/airflow/example_dags/example_task_group_decorator.py took 0.479 seconds
[2025-08-07T16:05:05.559+0700] {processor.py:157} INFO - Started process (PID=119202) to work on /home/dwmhr/pln/venv/lib/python3.10/site-packages/airflow/example_dags/example_task_group_decorator.py
[2025-08-07T16:05:05.566+0700] {processor.py:829} INFO - Processing file /home/dwmhr/pln/venv/lib/python3.10/site-packages/airflow/example_dags/example_task_group_decorator.py for tasks to queue
[2025-08-07T16:05:05.567+0700] {logging_mixin.py:154} INFO - [2025-08-07T16:05:05.567+0700] {dagbag.py:536} INFO - Filling up the DagBag from /home/dwmhr/pln/venv/lib/python3.10/site-packages/airflow/example_dags/example_task_group_decorator.py
[2025-08-07T16:05:05.583+0700] {processor.py:839} INFO - DAG(s) dict_keys(['example_task_group_decorator']) retrieved from /home/dwmhr/pln/venv/lib/python3.10/site-packages/airflow/example_dags/example_task_group_decorator.py
[2025-08-07T16:05:05.611+0700] {logging_mixin.py:154} INFO - [2025-08-07T16:05:05.611+0700] {dag.py:2941} INFO - Sync 1 DAGs
[2025-08-07T16:05:05.633+0700] {logging_mixin.py:154} INFO - [2025-08-07T16:05:05.633+0700] {dag.py:3722} INFO - Setting next_dagrun for example_task_group_decorator to 2025-08-06T09:05:05.633397+00:00, run_after=2025-08-07T09:05:05.633397+00:00
[2025-08-07T16:05:05.665+0700] {processor.py:179} INFO - Processing /home/dwmhr/pln/venv/lib/python3.10/site-packages/airflow/example_dags/example_task_group_decorator.py took 0.109 seconds
[2025-08-07T16:06:18.796+0700] {processor.py:157} INFO - Started process (PID=119529) to work on /home/dwmhr/pln/venv/lib/python3.10/site-packages/airflow/example_dags/example_task_group_decorator.py
[2025-08-07T16:06:18.842+0700] {processor.py:829} INFO - Processing file /home/dwmhr/pln/venv/lib/python3.10/site-packages/airflow/example_dags/example_task_group_decorator.py for tasks to queue
[2025-08-07T16:06:18.869+0700] {logging_mixin.py:154} INFO - [2025-08-07T16:06:18.857+0700] {dagbag.py:536} INFO - Filling up the DagBag from /home/dwmhr/pln/venv/lib/python3.10/site-packages/airflow/example_dags/example_task_group_decorator.py
[2025-08-07T16:06:19.091+0700] {processor.py:839} INFO - DAG(s) dict_keys(['example_task_group_decorator']) retrieved from /home/dwmhr/pln/venv/lib/python3.10/site-packages/airflow/example_dags/example_task_group_decorator.py
[2025-08-07T16:06:19.702+0700] {logging_mixin.py:154} INFO - [2025-08-07T16:06:19.700+0700] {dag.py:2941} INFO - Sync 1 DAGs
[2025-08-07T16:06:20.013+0700] {logging_mixin.py:154} INFO - [2025-08-07T16:06:20.011+0700] {dag.py:3722} INFO - Setting next_dagrun for example_task_group_decorator to 2025-08-06T09:06:20.002022+00:00, run_after=2025-08-07T09:06:20.002022+00:00
[2025-08-07T16:06:20.190+0700] {processor.py:179} INFO - Processing /home/dwmhr/pln/venv/lib/python3.10/site-packages/airflow/example_dags/example_task_group_decorator.py took 1.535 seconds
[2025-08-07T16:07:24.927+0700] {processor.py:157} INFO - Started process (PID=119854) to work on /home/dwmhr/pln/venv/lib/python3.10/site-packages/airflow/example_dags/example_task_group_decorator.py
[2025-08-07T16:07:24.933+0700] {processor.py:829} INFO - Processing file /home/dwmhr/pln/venv/lib/python3.10/site-packages/airflow/example_dags/example_task_group_decorator.py for tasks to queue
[2025-08-07T16:07:24.937+0700] {logging_mixin.py:154} INFO - [2025-08-07T16:07:24.935+0700] {dagbag.py:536} INFO - Filling up the DagBag from /home/dwmhr/pln/venv/lib/python3.10/site-packages/airflow/example_dags/example_task_group_decorator.py
[2025-08-07T16:07:24.976+0700] {processor.py:839} INFO - DAG(s) dict_keys(['example_task_group_decorator']) retrieved from /home/dwmhr/pln/venv/lib/python3.10/site-packages/airflow/example_dags/example_task_group_decorator.py
[2025-08-07T16:07:25.068+0700] {logging_mixin.py:154} INFO - [2025-08-07T16:07:25.067+0700] {dag.py:2941} INFO - Sync 1 DAGs
[2025-08-07T16:07:25.373+0700] {logging_mixin.py:154} INFO - [2025-08-07T16:07:25.369+0700] {dag.py:3722} INFO - Setting next_dagrun for example_task_group_decorator to 2025-08-06T09:07:25.362804+00:00, run_after=2025-08-07T09:07:25.362804+00:00
[2025-08-07T16:07:25.586+0700] {processor.py:179} INFO - Processing /home/dwmhr/pln/venv/lib/python3.10/site-packages/airflow/example_dags/example_task_group_decorator.py took 0.678 seconds
[2025-08-07T16:08:49.727+0700] {processor.py:157} INFO - Started process (PID=120269) to work on /home/dwmhr/pln/venv/lib/python3.10/site-packages/airflow/example_dags/example_task_group_decorator.py
[2025-08-07T16:08:49.731+0700] {processor.py:829} INFO - Processing file /home/dwmhr/pln/venv/lib/python3.10/site-packages/airflow/example_dags/example_task_group_decorator.py for tasks to queue
[2025-08-07T16:08:49.733+0700] {logging_mixin.py:154} INFO - [2025-08-07T16:08:49.732+0700] {dagbag.py:536} INFO - Filling up the DagBag from /home/dwmhr/pln/venv/lib/python3.10/site-packages/airflow/example_dags/example_task_group_decorator.py
[2025-08-07T16:08:49.773+0700] {processor.py:839} INFO - DAG(s) dict_keys(['example_task_group_decorator']) retrieved from /home/dwmhr/pln/venv/lib/python3.10/site-packages/airflow/example_dags/example_task_group_decorator.py
[2025-08-07T16:08:49.854+0700] {logging_mixin.py:154} INFO - [2025-08-07T16:08:49.854+0700] {dag.py:2941} INFO - Sync 1 DAGs
[2025-08-07T16:08:49.916+0700] {logging_mixin.py:154} INFO - [2025-08-07T16:08:49.915+0700] {dag.py:3722} INFO - Setting next_dagrun for example_task_group_decorator to 2025-08-06T09:08:49.915149+00:00, run_after=2025-08-07T09:08:49.915149+00:00
[2025-08-07T16:08:49.958+0700] {processor.py:179} INFO - Processing /home/dwmhr/pln/venv/lib/python3.10/site-packages/airflow/example_dags/example_task_group_decorator.py took 0.242 seconds
[2025-08-07T16:10:01.751+0700] {processor.py:157} INFO - Started process (PID=120666) to work on /home/dwmhr/pln/venv/lib/python3.10/site-packages/airflow/example_dags/example_task_group_decorator.py
[2025-08-07T16:10:01.758+0700] {processor.py:829} INFO - Processing file /home/dwmhr/pln/venv/lib/python3.10/site-packages/airflow/example_dags/example_task_group_decorator.py for tasks to queue
[2025-08-07T16:10:01.762+0700] {logging_mixin.py:154} INFO - [2025-08-07T16:10:01.760+0700] {dagbag.py:536} INFO - Filling up the DagBag from /home/dwmhr/pln/venv/lib/python3.10/site-packages/airflow/example_dags/example_task_group_decorator.py
[2025-08-07T16:10:01.851+0700] {processor.py:839} INFO - DAG(s) dict_keys(['example_task_group_decorator']) retrieved from /home/dwmhr/pln/venv/lib/python3.10/site-packages/airflow/example_dags/example_task_group_decorator.py
[2025-08-07T16:10:01.969+0700] {logging_mixin.py:154} INFO - [2025-08-07T16:10:01.969+0700] {dag.py:2941} INFO - Sync 1 DAGs
[2025-08-07T16:10:02.093+0700] {logging_mixin.py:154} INFO - [2025-08-07T16:10:02.092+0700] {dag.py:3722} INFO - Setting next_dagrun for example_task_group_decorator to 2025-08-06T09:10:02.090469+00:00, run_after=2025-08-07T09:10:02.090469+00:00
[2025-08-07T16:10:02.255+0700] {processor.py:179} INFO - Processing /home/dwmhr/pln/venv/lib/python3.10/site-packages/airflow/example_dags/example_task_group_decorator.py took 0.531 seconds
[2025-08-07T16:10:59.438+0700] {processor.py:157} INFO - Started process (PID=120963) to work on /home/dwmhr/pln/venv/lib/python3.10/site-packages/airflow/example_dags/example_task_group_decorator.py
[2025-08-07T16:10:59.444+0700] {processor.py:829} INFO - Processing file /home/dwmhr/pln/venv/lib/python3.10/site-packages/airflow/example_dags/example_task_group_decorator.py for tasks to queue
[2025-08-07T16:10:59.445+0700] {logging_mixin.py:154} INFO - [2025-08-07T16:10:59.445+0700] {dagbag.py:536} INFO - Filling up the DagBag from /home/dwmhr/pln/venv/lib/python3.10/site-packages/airflow/example_dags/example_task_group_decorator.py
[2025-08-07T16:10:59.465+0700] {processor.py:839} INFO - DAG(s) dict_keys(['example_task_group_decorator']) retrieved from /home/dwmhr/pln/venv/lib/python3.10/site-packages/airflow/example_dags/example_task_group_decorator.py
[2025-08-07T16:10:59.497+0700] {logging_mixin.py:154} INFO - [2025-08-07T16:10:59.497+0700] {dag.py:2941} INFO - Sync 1 DAGs
[2025-08-07T16:10:59.523+0700] {logging_mixin.py:154} INFO - [2025-08-07T16:10:59.523+0700] {dag.py:3722} INFO - Setting next_dagrun for example_task_group_decorator to 2025-08-06T09:10:59.522799+00:00, run_after=2025-08-07T09:10:59.522799+00:00
[2025-08-07T16:10:59.559+0700] {processor.py:179} INFO - Processing /home/dwmhr/pln/venv/lib/python3.10/site-packages/airflow/example_dags/example_task_group_decorator.py took 0.126 seconds
[2025-08-07T16:11:47.995+0700] {processor.py:157} INFO - Started process (PID=121185) to work on /home/dwmhr/pln/venv/lib/python3.10/site-packages/airflow/example_dags/example_task_group_decorator.py
[2025-08-07T16:11:47.998+0700] {processor.py:829} INFO - Processing file /home/dwmhr/pln/venv/lib/python3.10/site-packages/airflow/example_dags/example_task_group_decorator.py for tasks to queue
[2025-08-07T16:11:48.000+0700] {logging_mixin.py:154} INFO - [2025-08-07T16:11:47.999+0700] {dagbag.py:536} INFO - Filling up the DagBag from /home/dwmhr/pln/venv/lib/python3.10/site-packages/airflow/example_dags/example_task_group_decorator.py
[2025-08-07T16:11:48.028+0700] {processor.py:839} INFO - DAG(s) dict_keys(['example_task_group_decorator']) retrieved from /home/dwmhr/pln/venv/lib/python3.10/site-packages/airflow/example_dags/example_task_group_decorator.py
[2025-08-07T16:11:48.073+0700] {logging_mixin.py:154} INFO - [2025-08-07T16:11:48.073+0700] {dag.py:2941} INFO - Sync 1 DAGs
[2025-08-07T16:11:48.110+0700] {logging_mixin.py:154} INFO - [2025-08-07T16:11:48.110+0700] {dag.py:3722} INFO - Setting next_dagrun for example_task_group_decorator to 2025-08-06T09:11:48.109686+00:00, run_after=2025-08-07T09:11:48.109686+00:00
[2025-08-07T16:11:48.159+0700] {processor.py:179} INFO - Processing /home/dwmhr/pln/venv/lib/python3.10/site-packages/airflow/example_dags/example_task_group_decorator.py took 0.173 seconds
[2025-08-07T16:12:37.523+0700] {processor.py:157} INFO - Started process (PID=121460) to work on /home/dwmhr/pln/venv/lib/python3.10/site-packages/airflow/example_dags/example_task_group_decorator.py
[2025-08-07T16:12:37.525+0700] {processor.py:829} INFO - Processing file /home/dwmhr/pln/venv/lib/python3.10/site-packages/airflow/example_dags/example_task_group_decorator.py for tasks to queue
[2025-08-07T16:12:37.527+0700] {logging_mixin.py:154} INFO - [2025-08-07T16:12:37.526+0700] {dagbag.py:536} INFO - Filling up the DagBag from /home/dwmhr/pln/venv/lib/python3.10/site-packages/airflow/example_dags/example_task_group_decorator.py
[2025-08-07T16:12:37.546+0700] {processor.py:839} INFO - DAG(s) dict_keys(['example_task_group_decorator']) retrieved from /home/dwmhr/pln/venv/lib/python3.10/site-packages/airflow/example_dags/example_task_group_decorator.py
[2025-08-07T16:12:37.576+0700] {logging_mixin.py:154} INFO - [2025-08-07T16:12:37.575+0700] {dag.py:2941} INFO - Sync 1 DAGs
[2025-08-07T16:12:37.605+0700] {logging_mixin.py:154} INFO - [2025-08-07T16:12:37.604+0700] {dag.py:3722} INFO - Setting next_dagrun for example_task_group_decorator to 2025-08-06T09:12:37.604378+00:00, run_after=2025-08-07T09:12:37.604378+00:00
[2025-08-07T16:12:37.642+0700] {processor.py:179} INFO - Processing /home/dwmhr/pln/venv/lib/python3.10/site-packages/airflow/example_dags/example_task_group_decorator.py took 0.124 seconds
[2025-08-07T16:13:24.428+0700] {processor.py:157} INFO - Started process (PID=121741) to work on /home/dwmhr/pln/venv/lib/python3.10/site-packages/airflow/example_dags/example_task_group_decorator.py
[2025-08-07T16:13:24.432+0700] {processor.py:829} INFO - Processing file /home/dwmhr/pln/venv/lib/python3.10/site-packages/airflow/example_dags/example_task_group_decorator.py for tasks to queue
[2025-08-07T16:13:24.433+0700] {logging_mixin.py:154} INFO - [2025-08-07T16:13:24.433+0700] {dagbag.py:536} INFO - Filling up the DagBag from /home/dwmhr/pln/venv/lib/python3.10/site-packages/airflow/example_dags/example_task_group_decorator.py
[2025-08-07T16:13:24.452+0700] {processor.py:839} INFO - DAG(s) dict_keys(['example_task_group_decorator']) retrieved from /home/dwmhr/pln/venv/lib/python3.10/site-packages/airflow/example_dags/example_task_group_decorator.py
[2025-08-07T16:13:24.479+0700] {logging_mixin.py:154} INFO - [2025-08-07T16:13:24.479+0700] {dag.py:2941} INFO - Sync 1 DAGs
[2025-08-07T16:13:24.499+0700] {logging_mixin.py:154} INFO - [2025-08-07T16:13:24.498+0700] {dag.py:3722} INFO - Setting next_dagrun for example_task_group_decorator to 2025-08-06T09:13:24.498656+00:00, run_after=2025-08-07T09:13:24.498656+00:00
[2025-08-07T16:13:24.528+0700] {processor.py:179} INFO - Processing /home/dwmhr/pln/venv/lib/python3.10/site-packages/airflow/example_dags/example_task_group_decorator.py took 0.104 seconds
[2025-08-07T16:14:15.125+0700] {processor.py:157} INFO - Started process (PID=121970) to work on /home/dwmhr/pln/venv/lib/python3.10/site-packages/airflow/example_dags/example_task_group_decorator.py
[2025-08-07T16:14:15.129+0700] {processor.py:829} INFO - Processing file /home/dwmhr/pln/venv/lib/python3.10/site-packages/airflow/example_dags/example_task_group_decorator.py for tasks to queue
[2025-08-07T16:14:15.131+0700] {logging_mixin.py:154} INFO - [2025-08-07T16:14:15.130+0700] {dagbag.py:536} INFO - Filling up the DagBag from /home/dwmhr/pln/venv/lib/python3.10/site-packages/airflow/example_dags/example_task_group_decorator.py
[2025-08-07T16:14:15.172+0700] {processor.py:839} INFO - DAG(s) dict_keys(['example_task_group_decorator']) retrieved from /home/dwmhr/pln/venv/lib/python3.10/site-packages/airflow/example_dags/example_task_group_decorator.py
[2025-08-07T16:14:15.240+0700] {logging_mixin.py:154} INFO - [2025-08-07T16:14:15.239+0700] {dag.py:2941} INFO - Sync 1 DAGs
[2025-08-07T16:14:15.285+0700] {logging_mixin.py:154} INFO - [2025-08-07T16:14:15.284+0700] {dag.py:3722} INFO - Setting next_dagrun for example_task_group_decorator to 2025-08-06T09:14:15.284051+00:00, run_after=2025-08-07T09:14:15.284051+00:00
[2025-08-07T16:14:15.348+0700] {processor.py:179} INFO - Processing /home/dwmhr/pln/venv/lib/python3.10/site-packages/airflow/example_dags/example_task_group_decorator.py took 0.236 seconds
[2025-08-07T16:15:18.807+0700] {processor.py:157} INFO - Started process (PID=122326) to work on /home/dwmhr/pln/venv/lib/python3.10/site-packages/airflow/example_dags/example_task_group_decorator.py
[2025-08-07T16:15:18.810+0700] {processor.py:829} INFO - Processing file /home/dwmhr/pln/venv/lib/python3.10/site-packages/airflow/example_dags/example_task_group_decorator.py for tasks to queue
[2025-08-07T16:15:18.812+0700] {logging_mixin.py:154} INFO - [2025-08-07T16:15:18.812+0700] {dagbag.py:536} INFO - Filling up the DagBag from /home/dwmhr/pln/venv/lib/python3.10/site-packages/airflow/example_dags/example_task_group_decorator.py
[2025-08-07T16:15:18.842+0700] {processor.py:839} INFO - DAG(s) dict_keys(['example_task_group_decorator']) retrieved from /home/dwmhr/pln/venv/lib/python3.10/site-packages/airflow/example_dags/example_task_group_decorator.py
[2025-08-07T16:15:18.890+0700] {logging_mixin.py:154} INFO - [2025-08-07T16:15:18.890+0700] {dag.py:2941} INFO - Sync 1 DAGs
[2025-08-07T16:15:18.925+0700] {logging_mixin.py:154} INFO - [2025-08-07T16:15:18.924+0700] {dag.py:3722} INFO - Setting next_dagrun for example_task_group_decorator to 2025-08-06T09:15:18.924322+00:00, run_after=2025-08-07T09:15:18.924322+00:00
[2025-08-07T16:15:18.981+0700] {processor.py:179} INFO - Processing /home/dwmhr/pln/venv/lib/python3.10/site-packages/airflow/example_dags/example_task_group_decorator.py took 0.181 seconds
[2025-08-07T16:16:30.569+0700] {processor.py:157} INFO - Started process (PID=122656) to work on /home/dwmhr/pln/venv/lib/python3.10/site-packages/airflow/example_dags/example_task_group_decorator.py
[2025-08-07T16:16:30.572+0700] {processor.py:829} INFO - Processing file /home/dwmhr/pln/venv/lib/python3.10/site-packages/airflow/example_dags/example_task_group_decorator.py for tasks to queue
[2025-08-07T16:16:30.574+0700] {logging_mixin.py:154} INFO - [2025-08-07T16:16:30.573+0700] {dagbag.py:536} INFO - Filling up the DagBag from /home/dwmhr/pln/venv/lib/python3.10/site-packages/airflow/example_dags/example_task_group_decorator.py
[2025-08-07T16:16:30.610+0700] {processor.py:839} INFO - DAG(s) dict_keys(['example_task_group_decorator']) retrieved from /home/dwmhr/pln/venv/lib/python3.10/site-packages/airflow/example_dags/example_task_group_decorator.py
[2025-08-07T16:16:30.667+0700] {logging_mixin.py:154} INFO - [2025-08-07T16:16:30.667+0700] {dag.py:2941} INFO - Sync 1 DAGs
[2025-08-07T16:16:30.708+0700] {logging_mixin.py:154} INFO - [2025-08-07T16:16:30.708+0700] {dag.py:3722} INFO - Setting next_dagrun for example_task_group_decorator to 2025-08-06T09:16:30.707812+00:00, run_after=2025-08-07T09:16:30.707812+00:00
[2025-08-07T16:16:30.773+0700] {processor.py:179} INFO - Processing /home/dwmhr/pln/venv/lib/python3.10/site-packages/airflow/example_dags/example_task_group_decorator.py took 0.213 seconds
[2025-08-07T16:17:26.742+0700] {processor.py:157} INFO - Started process (PID=122951) to work on /home/dwmhr/pln/venv/lib/python3.10/site-packages/airflow/example_dags/example_task_group_decorator.py
[2025-08-07T16:17:26.750+0700] {processor.py:829} INFO - Processing file /home/dwmhr/pln/venv/lib/python3.10/site-packages/airflow/example_dags/example_task_group_decorator.py for tasks to queue
[2025-08-07T16:17:26.755+0700] {logging_mixin.py:154} INFO - [2025-08-07T16:17:26.752+0700] {dagbag.py:536} INFO - Filling up the DagBag from /home/dwmhr/pln/venv/lib/python3.10/site-packages/airflow/example_dags/example_task_group_decorator.py
[2025-08-07T16:17:26.824+0700] {processor.py:839} INFO - DAG(s) dict_keys(['example_task_group_decorator']) retrieved from /home/dwmhr/pln/venv/lib/python3.10/site-packages/airflow/example_dags/example_task_group_decorator.py
[2025-08-07T16:17:26.921+0700] {logging_mixin.py:154} INFO - [2025-08-07T16:17:26.920+0700] {dag.py:2941} INFO - Sync 1 DAGs
[2025-08-07T16:17:27.021+0700] {logging_mixin.py:154} INFO - [2025-08-07T16:17:27.020+0700] {dag.py:3722} INFO - Setting next_dagrun for example_task_group_decorator to 2025-08-06T09:17:27.018258+00:00, run_after=2025-08-07T09:17:27.018258+00:00
[2025-08-07T16:17:27.207+0700] {processor.py:179} INFO - Processing /home/dwmhr/pln/venv/lib/python3.10/site-packages/airflow/example_dags/example_task_group_decorator.py took 0.483 seconds
[2025-08-07T16:18:34.370+0700] {processor.py:157} INFO - Started process (PID=123271) to work on /home/dwmhr/pln/venv/lib/python3.10/site-packages/airflow/example_dags/example_task_group_decorator.py
[2025-08-07T16:18:34.374+0700] {processor.py:829} INFO - Processing file /home/dwmhr/pln/venv/lib/python3.10/site-packages/airflow/example_dags/example_task_group_decorator.py for tasks to queue
[2025-08-07T16:18:34.375+0700] {logging_mixin.py:154} INFO - [2025-08-07T16:18:34.375+0700] {dagbag.py:536} INFO - Filling up the DagBag from /home/dwmhr/pln/venv/lib/python3.10/site-packages/airflow/example_dags/example_task_group_decorator.py
[2025-08-07T16:18:34.385+0700] {processor.py:839} INFO - DAG(s) dict_keys(['example_task_group_decorator']) retrieved from /home/dwmhr/pln/venv/lib/python3.10/site-packages/airflow/example_dags/example_task_group_decorator.py
[2025-08-07T16:18:34.400+0700] {logging_mixin.py:154} INFO - [2025-08-07T16:18:34.400+0700] {dag.py:2941} INFO - Sync 1 DAGs
[2025-08-07T16:18:34.413+0700] {logging_mixin.py:154} INFO - [2025-08-07T16:18:34.412+0700] {dag.py:3722} INFO - Setting next_dagrun for example_task_group_decorator to 2025-08-06T09:18:34.412660+00:00, run_after=2025-08-07T09:18:34.412660+00:00
[2025-08-07T16:18:34.431+0700] {processor.py:179} INFO - Processing /home/dwmhr/pln/venv/lib/python3.10/site-packages/airflow/example_dags/example_task_group_decorator.py took 0.064 seconds
[2025-08-07T16:27:03.589+0700] {processor.py:157} INFO - Started process (PID=125458) to work on /home/dwmhr/pln/venv/lib/python3.10/site-packages/airflow/example_dags/example_task_group_decorator.py
[2025-08-07T16:27:03.592+0700] {processor.py:829} INFO - Processing file /home/dwmhr/pln/venv/lib/python3.10/site-packages/airflow/example_dags/example_task_group_decorator.py for tasks to queue
[2025-08-07T16:27:03.593+0700] {logging_mixin.py:154} INFO - [2025-08-07T16:27:03.592+0700] {dagbag.py:536} INFO - Filling up the DagBag from /home/dwmhr/pln/venv/lib/python3.10/site-packages/airflow/example_dags/example_task_group_decorator.py
[2025-08-07T16:27:03.605+0700] {processor.py:839} INFO - DAG(s) dict_keys(['example_task_group_decorator']) retrieved from /home/dwmhr/pln/venv/lib/python3.10/site-packages/airflow/example_dags/example_task_group_decorator.py
[2025-08-07T16:27:03.626+0700] {logging_mixin.py:154} INFO - [2025-08-07T16:27:03.625+0700] {dag.py:2941} INFO - Sync 1 DAGs
[2025-08-07T16:27:03.640+0700] {logging_mixin.py:154} INFO - [2025-08-07T16:27:03.640+0700] {dag.py:3722} INFO - Setting next_dagrun for example_task_group_decorator to 2025-08-06T09:27:03.640318+00:00, run_after=2025-08-07T09:27:03.640318+00:00
[2025-08-07T16:27:03.661+0700] {processor.py:179} INFO - Processing /home/dwmhr/pln/venv/lib/python3.10/site-packages/airflow/example_dags/example_task_group_decorator.py took 0.075 seconds
[2025-08-07T16:28:00.338+0700] {processor.py:157} INFO - Started process (PID=125743) to work on /home/dwmhr/pln/venv/lib/python3.10/site-packages/airflow/example_dags/example_task_group_decorator.py
[2025-08-07T16:28:00.359+0700] {processor.py:829} INFO - Processing file /home/dwmhr/pln/venv/lib/python3.10/site-packages/airflow/example_dags/example_task_group_decorator.py for tasks to queue
[2025-08-07T16:28:00.378+0700] {logging_mixin.py:154} INFO - [2025-08-07T16:28:00.364+0700] {dagbag.py:536} INFO - Filling up the DagBag from /home/dwmhr/pln/venv/lib/python3.10/site-packages/airflow/example_dags/example_task_group_decorator.py
[2025-08-07T16:28:00.760+0700] {processor.py:839} INFO - DAG(s) dict_keys(['example_task_group_decorator']) retrieved from /home/dwmhr/pln/venv/lib/python3.10/site-packages/airflow/example_dags/example_task_group_decorator.py
[2025-08-07T16:28:01.238+0700] {logging_mixin.py:154} INFO - [2025-08-07T16:28:01.225+0700] {dag.py:2941} INFO - Sync 1 DAGs
[2025-08-07T16:28:01.607+0700] {logging_mixin.py:154} INFO - [2025-08-07T16:28:01.606+0700] {dag.py:3722} INFO - Setting next_dagrun for example_task_group_decorator to 2025-08-06T09:28:01.604098+00:00, run_after=2025-08-07T09:28:01.604098+00:00
[2025-08-07T16:28:02.126+0700] {processor.py:179} INFO - Processing /home/dwmhr/pln/venv/lib/python3.10/site-packages/airflow/example_dags/example_task_group_decorator.py took 1.848 seconds
[2025-08-07T16:29:21.640+0700] {processor.py:157} INFO - Started process (PID=126136) to work on /home/dwmhr/pln/venv/lib/python3.10/site-packages/airflow/example_dags/example_task_group_decorator.py
[2025-08-07T16:29:21.642+0700] {processor.py:829} INFO - Processing file /home/dwmhr/pln/venv/lib/python3.10/site-packages/airflow/example_dags/example_task_group_decorator.py for tasks to queue
[2025-08-07T16:29:21.643+0700] {logging_mixin.py:154} INFO - [2025-08-07T16:29:21.643+0700] {dagbag.py:536} INFO - Filling up the DagBag from /home/dwmhr/pln/venv/lib/python3.10/site-packages/airflow/example_dags/example_task_group_decorator.py
[2025-08-07T16:29:21.657+0700] {processor.py:839} INFO - DAG(s) dict_keys(['example_task_group_decorator']) retrieved from /home/dwmhr/pln/venv/lib/python3.10/site-packages/airflow/example_dags/example_task_group_decorator.py
[2025-08-07T16:29:21.676+0700] {logging_mixin.py:154} INFO - [2025-08-07T16:29:21.676+0700] {dag.py:2941} INFO - Sync 1 DAGs
[2025-08-07T16:29:21.691+0700] {logging_mixin.py:154} INFO - [2025-08-07T16:29:21.691+0700] {dag.py:3722} INFO - Setting next_dagrun for example_task_group_decorator to 2025-08-06T09:29:21.691449+00:00, run_after=2025-08-07T09:29:21.691449+00:00
[2025-08-07T16:29:21.821+0700] {processor.py:179} INFO - Processing /home/dwmhr/pln/venv/lib/python3.10/site-packages/airflow/example_dags/example_task_group_decorator.py took 0.185 seconds
[2025-08-07T16:30:22.397+0700] {processor.py:157} INFO - Started process (PID=126430) to work on /home/dwmhr/pln/venv/lib/python3.10/site-packages/airflow/example_dags/example_task_group_decorator.py
[2025-08-07T16:30:22.400+0700] {processor.py:829} INFO - Processing file /home/dwmhr/pln/venv/lib/python3.10/site-packages/airflow/example_dags/example_task_group_decorator.py for tasks to queue
[2025-08-07T16:30:22.401+0700] {logging_mixin.py:154} INFO - [2025-08-07T16:30:22.401+0700] {dagbag.py:536} INFO - Filling up the DagBag from /home/dwmhr/pln/venv/lib/python3.10/site-packages/airflow/example_dags/example_task_group_decorator.py
[2025-08-07T16:30:22.428+0700] {processor.py:839} INFO - DAG(s) dict_keys(['example_task_group_decorator']) retrieved from /home/dwmhr/pln/venv/lib/python3.10/site-packages/airflow/example_dags/example_task_group_decorator.py
[2025-08-07T16:30:22.465+0700] {logging_mixin.py:154} INFO - [2025-08-07T16:30:22.465+0700] {dag.py:2941} INFO - Sync 1 DAGs
[2025-08-07T16:30:22.500+0700] {logging_mixin.py:154} INFO - [2025-08-07T16:30:22.500+0700] {dag.py:3722} INFO - Setting next_dagrun for example_task_group_decorator to 2025-08-06T09:30:22.499598+00:00, run_after=2025-08-07T09:30:22.499598+00:00
[2025-08-07T16:30:22.544+0700] {processor.py:179} INFO - Processing /home/dwmhr/pln/venv/lib/python3.10/site-packages/airflow/example_dags/example_task_group_decorator.py took 0.153 seconds
[2025-08-07T16:31:18.016+0700] {processor.py:157} INFO - Started process (PID=126718) to work on /home/dwmhr/pln/venv/lib/python3.10/site-packages/airflow/example_dags/example_task_group_decorator.py
[2025-08-07T16:31:18.018+0700] {processor.py:829} INFO - Processing file /home/dwmhr/pln/venv/lib/python3.10/site-packages/airflow/example_dags/example_task_group_decorator.py for tasks to queue
[2025-08-07T16:31:18.020+0700] {logging_mixin.py:154} INFO - [2025-08-07T16:31:18.019+0700] {dagbag.py:536} INFO - Filling up the DagBag from /home/dwmhr/pln/venv/lib/python3.10/site-packages/airflow/example_dags/example_task_group_decorator.py
[2025-08-07T16:31:18.038+0700] {processor.py:839} INFO - DAG(s) dict_keys(['example_task_group_decorator']) retrieved from /home/dwmhr/pln/venv/lib/python3.10/site-packages/airflow/example_dags/example_task_group_decorator.py
[2025-08-07T16:31:18.064+0700] {logging_mixin.py:154} INFO - [2025-08-07T16:31:18.063+0700] {dag.py:2941} INFO - Sync 1 DAGs
[2025-08-07T16:31:18.084+0700] {logging_mixin.py:154} INFO - [2025-08-07T16:31:18.084+0700] {dag.py:3722} INFO - Setting next_dagrun for example_task_group_decorator to 2025-08-06T09:31:18.083897+00:00, run_after=2025-08-07T09:31:18.083897+00:00
[2025-08-07T16:31:18.112+0700] {processor.py:179} INFO - Processing /home/dwmhr/pln/venv/lib/python3.10/site-packages/airflow/example_dags/example_task_group_decorator.py took 0.100 seconds
[2025-08-07T16:33:00.070+0700] {processor.py:157} INFO - Started process (PID=127119) to work on /home/dwmhr/pln/venv/lib/python3.10/site-packages/airflow/example_dags/example_task_group_decorator.py
[2025-08-07T16:33:00.084+0700] {processor.py:829} INFO - Processing file /home/dwmhr/pln/venv/lib/python3.10/site-packages/airflow/example_dags/example_task_group_decorator.py for tasks to queue
[2025-08-07T16:33:00.089+0700] {logging_mixin.py:154} INFO - [2025-08-07T16:33:00.087+0700] {dagbag.py:536} INFO - Filling up the DagBag from /home/dwmhr/pln/venv/lib/python3.10/site-packages/airflow/example_dags/example_task_group_decorator.py
[2025-08-07T16:33:00.217+0700] {processor.py:839} INFO - DAG(s) dict_keys(['example_task_group_decorator']) retrieved from /home/dwmhr/pln/venv/lib/python3.10/site-packages/airflow/example_dags/example_task_group_decorator.py
[2025-08-07T16:33:00.364+0700] {logging_mixin.py:154} INFO - [2025-08-07T16:33:00.363+0700] {dag.py:2941} INFO - Sync 1 DAGs
[2025-08-07T16:33:00.506+0700] {logging_mixin.py:154} INFO - [2025-08-07T16:33:00.504+0700] {dag.py:3722} INFO - Setting next_dagrun for example_task_group_decorator to 2025-08-06T09:33:00.503164+00:00, run_after=2025-08-07T09:33:00.503164+00:00
[2025-08-07T16:33:00.662+0700] {processor.py:179} INFO - Processing /home/dwmhr/pln/venv/lib/python3.10/site-packages/airflow/example_dags/example_task_group_decorator.py took 0.617 seconds
[2025-08-07T16:34:35.452+0700] {processor.py:157} INFO - Started process (PID=127532) to work on /home/dwmhr/pln/venv/lib/python3.10/site-packages/airflow/example_dags/example_task_group_decorator.py
[2025-08-07T16:34:35.456+0700] {processor.py:829} INFO - Processing file /home/dwmhr/pln/venv/lib/python3.10/site-packages/airflow/example_dags/example_task_group_decorator.py for tasks to queue
[2025-08-07T16:34:35.458+0700] {logging_mixin.py:154} INFO - [2025-08-07T16:34:35.457+0700] {dagbag.py:536} INFO - Filling up the DagBag from /home/dwmhr/pln/venv/lib/python3.10/site-packages/airflow/example_dags/example_task_group_decorator.py
[2025-08-07T16:34:35.485+0700] {processor.py:839} INFO - DAG(s) dict_keys(['example_task_group_decorator']) retrieved from /home/dwmhr/pln/venv/lib/python3.10/site-packages/airflow/example_dags/example_task_group_decorator.py
[2025-08-07T16:34:35.521+0700] {logging_mixin.py:154} INFO - [2025-08-07T16:34:35.521+0700] {dag.py:2941} INFO - Sync 1 DAGs
[2025-08-07T16:34:35.555+0700] {logging_mixin.py:154} INFO - [2025-08-07T16:34:35.554+0700] {dag.py:3722} INFO - Setting next_dagrun for example_task_group_decorator to 2025-08-06T09:34:35.554173+00:00, run_after=2025-08-07T09:34:35.554173+00:00
[2025-08-07T16:34:35.636+0700] {processor.py:179} INFO - Processing /home/dwmhr/pln/venv/lib/python3.10/site-packages/airflow/example_dags/example_task_group_decorator.py took 0.190 seconds
[2025-08-07T16:35:30.452+0700] {processor.py:157} INFO - Started process (PID=127748) to work on /home/dwmhr/pln/venv/lib/python3.10/site-packages/airflow/example_dags/example_task_group_decorator.py
[2025-08-07T16:35:30.454+0700] {processor.py:829} INFO - Processing file /home/dwmhr/pln/venv/lib/python3.10/site-packages/airflow/example_dags/example_task_group_decorator.py for tasks to queue
[2025-08-07T16:35:30.455+0700] {logging_mixin.py:154} INFO - [2025-08-07T16:35:30.455+0700] {dagbag.py:536} INFO - Filling up the DagBag from /home/dwmhr/pln/venv/lib/python3.10/site-packages/airflow/example_dags/example_task_group_decorator.py
[2025-08-07T16:35:30.468+0700] {processor.py:839} INFO - DAG(s) dict_keys(['example_task_group_decorator']) retrieved from /home/dwmhr/pln/venv/lib/python3.10/site-packages/airflow/example_dags/example_task_group_decorator.py
[2025-08-07T16:35:30.485+0700] {logging_mixin.py:154} INFO - [2025-08-07T16:35:30.485+0700] {dag.py:2941} INFO - Sync 1 DAGs
[2025-08-07T16:35:30.498+0700] {logging_mixin.py:154} INFO - [2025-08-07T16:35:30.498+0700] {dag.py:3722} INFO - Setting next_dagrun for example_task_group_decorator to 2025-08-06T09:35:30.498545+00:00, run_after=2025-08-07T09:35:30.498545+00:00
[2025-08-07T16:35:30.519+0700] {processor.py:179} INFO - Processing /home/dwmhr/pln/venv/lib/python3.10/site-packages/airflow/example_dags/example_task_group_decorator.py took 0.070 seconds
[2025-08-07T16:36:23.648+0700] {processor.py:157} INFO - Started process (PID=127971) to work on /home/dwmhr/pln/venv/lib/python3.10/site-packages/airflow/example_dags/example_task_group_decorator.py
[2025-08-07T16:36:23.652+0700] {processor.py:829} INFO - Processing file /home/dwmhr/pln/venv/lib/python3.10/site-packages/airflow/example_dags/example_task_group_decorator.py for tasks to queue
[2025-08-07T16:36:23.653+0700] {logging_mixin.py:154} INFO - [2025-08-07T16:36:23.653+0700] {dagbag.py:536} INFO - Filling up the DagBag from /home/dwmhr/pln/venv/lib/python3.10/site-packages/airflow/example_dags/example_task_group_decorator.py
[2025-08-07T16:36:23.664+0700] {processor.py:839} INFO - DAG(s) dict_keys(['example_task_group_decorator']) retrieved from /home/dwmhr/pln/venv/lib/python3.10/site-packages/airflow/example_dags/example_task_group_decorator.py
[2025-08-07T16:36:23.681+0700] {logging_mixin.py:154} INFO - [2025-08-07T16:36:23.681+0700] {dag.py:2941} INFO - Sync 1 DAGs
[2025-08-07T16:36:23.695+0700] {logging_mixin.py:154} INFO - [2025-08-07T16:36:23.694+0700] {dag.py:3722} INFO - Setting next_dagrun for example_task_group_decorator to 2025-08-06T09:36:23.694618+00:00, run_after=2025-08-07T09:36:23.694618+00:00
[2025-08-07T16:36:23.721+0700] {processor.py:179} INFO - Processing /home/dwmhr/pln/venv/lib/python3.10/site-packages/airflow/example_dags/example_task_group_decorator.py took 0.076 seconds
[2025-08-07T16:37:07.944+0700] {processor.py:157} INFO - Started process (PID=128165) to work on /home/dwmhr/pln/venv/lib/python3.10/site-packages/airflow/example_dags/example_task_group_decorator.py
[2025-08-07T16:37:07.956+0700] {processor.py:829} INFO - Processing file /home/dwmhr/pln/venv/lib/python3.10/site-packages/airflow/example_dags/example_task_group_decorator.py for tasks to queue
[2025-08-07T16:37:07.959+0700] {logging_mixin.py:154} INFO - [2025-08-07T16:37:07.958+0700] {dagbag.py:536} INFO - Filling up the DagBag from /home/dwmhr/pln/venv/lib/python3.10/site-packages/airflow/example_dags/example_task_group_decorator.py
[2025-08-07T16:37:07.995+0700] {processor.py:839} INFO - DAG(s) dict_keys(['example_task_group_decorator']) retrieved from /home/dwmhr/pln/venv/lib/python3.10/site-packages/airflow/example_dags/example_task_group_decorator.py
[2025-08-07T16:37:08.047+0700] {logging_mixin.py:154} INFO - [2025-08-07T16:37:08.046+0700] {dag.py:2941} INFO - Sync 1 DAGs
[2025-08-07T16:37:08.091+0700] {logging_mixin.py:154} INFO - [2025-08-07T16:37:08.091+0700] {dag.py:3722} INFO - Setting next_dagrun for example_task_group_decorator to 2025-08-06T09:37:08.090726+00:00, run_after=2025-08-07T09:37:08.090726+00:00
[2025-08-07T16:37:08.156+0700] {processor.py:179} INFO - Processing /home/dwmhr/pln/venv/lib/python3.10/site-packages/airflow/example_dags/example_task_group_decorator.py took 0.221 seconds
[2025-08-07T16:38:04.592+0700] {processor.py:157} INFO - Started process (PID=128397) to work on /home/dwmhr/pln/venv/lib/python3.10/site-packages/airflow/example_dags/example_task_group_decorator.py
[2025-08-07T16:38:04.597+0700] {processor.py:829} INFO - Processing file /home/dwmhr/pln/venv/lib/python3.10/site-packages/airflow/example_dags/example_task_group_decorator.py for tasks to queue
[2025-08-07T16:38:04.599+0700] {logging_mixin.py:154} INFO - [2025-08-07T16:38:04.598+0700] {dagbag.py:536} INFO - Filling up the DagBag from /home/dwmhr/pln/venv/lib/python3.10/site-packages/airflow/example_dags/example_task_group_decorator.py
[2025-08-07T16:38:04.624+0700] {processor.py:839} INFO - DAG(s) dict_keys(['example_task_group_decorator']) retrieved from /home/dwmhr/pln/venv/lib/python3.10/site-packages/airflow/example_dags/example_task_group_decorator.py
[2025-08-07T16:38:04.662+0700] {logging_mixin.py:154} INFO - [2025-08-07T16:38:04.661+0700] {dag.py:2941} INFO - Sync 1 DAGs
[2025-08-07T16:38:04.693+0700] {logging_mixin.py:154} INFO - [2025-08-07T16:38:04.693+0700] {dag.py:3722} INFO - Setting next_dagrun for example_task_group_decorator to 2025-08-06T09:38:04.692503+00:00, run_after=2025-08-07T09:38:04.692503+00:00
[2025-08-07T16:38:04.737+0700] {processor.py:179} INFO - Processing /home/dwmhr/pln/venv/lib/python3.10/site-packages/airflow/example_dags/example_task_group_decorator.py took 0.151 seconds
[2025-08-07T16:39:05.703+0700] {processor.py:157} INFO - Started process (PID=128635) to work on /home/dwmhr/pln/venv/lib/python3.10/site-packages/airflow/example_dags/example_task_group_decorator.py
[2025-08-07T16:39:05.705+0700] {processor.py:829} INFO - Processing file /home/dwmhr/pln/venv/lib/python3.10/site-packages/airflow/example_dags/example_task_group_decorator.py for tasks to queue
[2025-08-07T16:39:05.707+0700] {logging_mixin.py:154} INFO - [2025-08-07T16:39:05.706+0700] {dagbag.py:536} INFO - Filling up the DagBag from /home/dwmhr/pln/venv/lib/python3.10/site-packages/airflow/example_dags/example_task_group_decorator.py
[2025-08-07T16:39:05.739+0700] {processor.py:839} INFO - DAG(s) dict_keys(['example_task_group_decorator']) retrieved from /home/dwmhr/pln/venv/lib/python3.10/site-packages/airflow/example_dags/example_task_group_decorator.py
[2025-08-07T16:39:05.786+0700] {logging_mixin.py:154} INFO - [2025-08-07T16:39:05.785+0700] {dag.py:2941} INFO - Sync 1 DAGs
[2025-08-07T16:39:05.822+0700] {logging_mixin.py:154} INFO - [2025-08-07T16:39:05.822+0700] {dag.py:3722} INFO - Setting next_dagrun for example_task_group_decorator to 2025-08-06T09:39:05.821579+00:00, run_after=2025-08-07T09:39:05.821579+00:00
[2025-08-07T16:39:05.888+0700] {processor.py:179} INFO - Processing /home/dwmhr/pln/venv/lib/python3.10/site-packages/airflow/example_dags/example_task_group_decorator.py took 0.191 seconds
[2025-08-07T16:40:01.266+0700] {processor.py:157} INFO - Started process (PID=128872) to work on /home/dwmhr/pln/venv/lib/python3.10/site-packages/airflow/example_dags/example_task_group_decorator.py
[2025-08-07T16:40:01.284+0700] {processor.py:829} INFO - Processing file /home/dwmhr/pln/venv/lib/python3.10/site-packages/airflow/example_dags/example_task_group_decorator.py for tasks to queue
[2025-08-07T16:40:01.290+0700] {logging_mixin.py:154} INFO - [2025-08-07T16:40:01.288+0700] {dagbag.py:536} INFO - Filling up the DagBag from /home/dwmhr/pln/venv/lib/python3.10/site-packages/airflow/example_dags/example_task_group_decorator.py
[2025-08-07T16:40:01.602+0700] {processor.py:839} INFO - DAG(s) dict_keys(['example_task_group_decorator']) retrieved from /home/dwmhr/pln/venv/lib/python3.10/site-packages/airflow/example_dags/example_task_group_decorator.py
[2025-08-07T16:40:03.337+0700] {logging_mixin.py:154} INFO - [2025-08-07T16:40:03.335+0700] {dag.py:2941} INFO - Sync 1 DAGs
[2025-08-07T16:40:03.629+0700] {logging_mixin.py:154} INFO - [2025-08-07T16:40:03.628+0700] {dag.py:3722} INFO - Setting next_dagrun for example_task_group_decorator to 2025-08-06T09:40:03.628137+00:00, run_after=2025-08-07T09:40:03.628137+00:00
[2025-08-07T16:40:04.149+0700] {processor.py:179} INFO - Processing /home/dwmhr/pln/venv/lib/python3.10/site-packages/airflow/example_dags/example_task_group_decorator.py took 2.927 seconds
[2025-08-07T16:41:14.474+0700] {processor.py:157} INFO - Started process (PID=129161) to work on /home/dwmhr/pln/venv/lib/python3.10/site-packages/airflow/example_dags/example_task_group_decorator.py
[2025-08-07T16:41:14.487+0700] {processor.py:829} INFO - Processing file /home/dwmhr/pln/venv/lib/python3.10/site-packages/airflow/example_dags/example_task_group_decorator.py for tasks to queue
[2025-08-07T16:41:14.492+0700] {logging_mixin.py:154} INFO - [2025-08-07T16:41:14.490+0700] {dagbag.py:536} INFO - Filling up the DagBag from /home/dwmhr/pln/venv/lib/python3.10/site-packages/airflow/example_dags/example_task_group_decorator.py
[2025-08-07T16:41:14.559+0700] {processor.py:839} INFO - DAG(s) dict_keys(['example_task_group_decorator']) retrieved from /home/dwmhr/pln/venv/lib/python3.10/site-packages/airflow/example_dags/example_task_group_decorator.py
[2025-08-07T16:41:14.659+0700] {logging_mixin.py:154} INFO - [2025-08-07T16:41:14.659+0700] {dag.py:2941} INFO - Sync 1 DAGs
[2025-08-07T16:41:14.738+0700] {logging_mixin.py:154} INFO - [2025-08-07T16:41:14.727+0700] {dag.py:3722} INFO - Setting next_dagrun for example_task_group_decorator to 2025-08-06T09:41:14.726039+00:00, run_after=2025-08-07T09:41:14.726039+00:00
[2025-08-07T16:41:14.890+0700] {processor.py:179} INFO - Processing /home/dwmhr/pln/venv/lib/python3.10/site-packages/airflow/example_dags/example_task_group_decorator.py took 0.429 seconds
[2025-08-07T16:42:03.671+0700] {processor.py:157} INFO - Started process (PID=129398) to work on /home/dwmhr/pln/venv/lib/python3.10/site-packages/airflow/example_dags/example_task_group_decorator.py
[2025-08-07T16:42:03.679+0700] {processor.py:829} INFO - Processing file /home/dwmhr/pln/venv/lib/python3.10/site-packages/airflow/example_dags/example_task_group_decorator.py for tasks to queue
[2025-08-07T16:42:03.681+0700] {logging_mixin.py:154} INFO - [2025-08-07T16:42:03.681+0700] {dagbag.py:536} INFO - Filling up the DagBag from /home/dwmhr/pln/venv/lib/python3.10/site-packages/airflow/example_dags/example_task_group_decorator.py
[2025-08-07T16:42:03.712+0700] {processor.py:839} INFO - DAG(s) dict_keys(['example_task_group_decorator']) retrieved from /home/dwmhr/pln/venv/lib/python3.10/site-packages/airflow/example_dags/example_task_group_decorator.py
[2025-08-07T16:42:03.759+0700] {logging_mixin.py:154} INFO - [2025-08-07T16:42:03.758+0700] {dag.py:2941} INFO - Sync 1 DAGs
[2025-08-07T16:42:03.791+0700] {logging_mixin.py:154} INFO - [2025-08-07T16:42:03.790+0700] {dag.py:3722} INFO - Setting next_dagrun for example_task_group_decorator to 2025-08-06T09:42:03.789904+00:00, run_after=2025-08-07T09:42:03.789904+00:00
[2025-08-07T16:42:03.846+0700] {processor.py:179} INFO - Processing /home/dwmhr/pln/venv/lib/python3.10/site-packages/airflow/example_dags/example_task_group_decorator.py took 0.182 seconds
[2025-08-07T16:43:12.686+0700] {processor.py:157} INFO - Started process (PID=129652) to work on /home/dwmhr/pln/venv/lib/python3.10/site-packages/airflow/example_dags/example_task_group_decorator.py
[2025-08-07T16:43:12.690+0700] {processor.py:829} INFO - Processing file /home/dwmhr/pln/venv/lib/python3.10/site-packages/airflow/example_dags/example_task_group_decorator.py for tasks to queue
[2025-08-07T16:43:12.692+0700] {logging_mixin.py:154} INFO - [2025-08-07T16:43:12.691+0700] {dagbag.py:536} INFO - Filling up the DagBag from /home/dwmhr/pln/venv/lib/python3.10/site-packages/airflow/example_dags/example_task_group_decorator.py
[2025-08-07T16:43:12.722+0700] {processor.py:839} INFO - DAG(s) dict_keys(['example_task_group_decorator']) retrieved from /home/dwmhr/pln/venv/lib/python3.10/site-packages/airflow/example_dags/example_task_group_decorator.py
[2025-08-07T16:43:12.773+0700] {logging_mixin.py:154} INFO - [2025-08-07T16:43:12.773+0700] {dag.py:2941} INFO - Sync 1 DAGs
[2025-08-07T16:43:12.810+0700] {logging_mixin.py:154} INFO - [2025-08-07T16:43:12.809+0700] {dag.py:3722} INFO - Setting next_dagrun for example_task_group_decorator to 2025-08-06T09:43:12.809176+00:00, run_after=2025-08-07T09:43:12.809176+00:00
[2025-08-07T16:43:12.861+0700] {processor.py:179} INFO - Processing /home/dwmhr/pln/venv/lib/python3.10/site-packages/airflow/example_dags/example_task_group_decorator.py took 0.183 seconds
[2025-08-07T16:44:05.825+0700] {processor.py:157} INFO - Started process (PID=129897) to work on /home/dwmhr/pln/venv/lib/python3.10/site-packages/airflow/example_dags/example_task_group_decorator.py
[2025-08-07T16:44:05.835+0700] {processor.py:829} INFO - Processing file /home/dwmhr/pln/venv/lib/python3.10/site-packages/airflow/example_dags/example_task_group_decorator.py for tasks to queue
[2025-08-07T16:44:05.837+0700] {logging_mixin.py:154} INFO - [2025-08-07T16:44:05.836+0700] {dagbag.py:536} INFO - Filling up the DagBag from /home/dwmhr/pln/venv/lib/python3.10/site-packages/airflow/example_dags/example_task_group_decorator.py
[2025-08-07T16:44:05.867+0700] {processor.py:839} INFO - DAG(s) dict_keys(['example_task_group_decorator']) retrieved from /home/dwmhr/pln/venv/lib/python3.10/site-packages/airflow/example_dags/example_task_group_decorator.py
[2025-08-07T16:44:05.907+0700] {logging_mixin.py:154} INFO - [2025-08-07T16:44:05.906+0700] {dag.py:2941} INFO - Sync 1 DAGs
[2025-08-07T16:44:05.940+0700] {logging_mixin.py:154} INFO - [2025-08-07T16:44:05.940+0700] {dag.py:3722} INFO - Setting next_dagrun for example_task_group_decorator to 2025-08-06T09:44:05.939509+00:00, run_after=2025-08-07T09:44:05.939509+00:00
[2025-08-07T16:44:05.983+0700] {processor.py:179} INFO - Processing /home/dwmhr/pln/venv/lib/python3.10/site-packages/airflow/example_dags/example_task_group_decorator.py took 0.165 seconds
[2025-08-07T16:44:46.870+0700] {processor.py:157} INFO - Started process (PID=130095) to work on /home/dwmhr/pln/venv/lib/python3.10/site-packages/airflow/example_dags/example_task_group_decorator.py
[2025-08-07T16:44:46.872+0700] {processor.py:829} INFO - Processing file /home/dwmhr/pln/venv/lib/python3.10/site-packages/airflow/example_dags/example_task_group_decorator.py for tasks to queue
[2025-08-07T16:44:46.874+0700] {logging_mixin.py:154} INFO - [2025-08-07T16:44:46.873+0700] {dagbag.py:536} INFO - Filling up the DagBag from /home/dwmhr/pln/venv/lib/python3.10/site-packages/airflow/example_dags/example_task_group_decorator.py
[2025-08-07T16:44:46.891+0700] {processor.py:839} INFO - DAG(s) dict_keys(['example_task_group_decorator']) retrieved from /home/dwmhr/pln/venv/lib/python3.10/site-packages/airflow/example_dags/example_task_group_decorator.py
[2025-08-07T16:44:46.917+0700] {logging_mixin.py:154} INFO - [2025-08-07T16:44:46.917+0700] {dag.py:2941} INFO - Sync 1 DAGs
[2025-08-07T16:44:46.937+0700] {logging_mixin.py:154} INFO - [2025-08-07T16:44:46.937+0700] {dag.py:3722} INFO - Setting next_dagrun for example_task_group_decorator to 2025-08-06T09:44:46.936936+00:00, run_after=2025-08-07T09:44:46.936936+00:00
[2025-08-07T16:44:46.974+0700] {processor.py:179} INFO - Processing /home/dwmhr/pln/venv/lib/python3.10/site-packages/airflow/example_dags/example_task_group_decorator.py took 0.109 seconds
[2025-08-07T16:45:31.813+0700] {processor.py:157} INFO - Started process (PID=130284) to work on /home/dwmhr/pln/venv/lib/python3.10/site-packages/airflow/example_dags/example_task_group_decorator.py
[2025-08-07T16:45:31.827+0700] {processor.py:829} INFO - Processing file /home/dwmhr/pln/venv/lib/python3.10/site-packages/airflow/example_dags/example_task_group_decorator.py for tasks to queue
[2025-08-07T16:45:31.828+0700] {logging_mixin.py:154} INFO - [2025-08-07T16:45:31.828+0700] {dagbag.py:536} INFO - Filling up the DagBag from /home/dwmhr/pln/venv/lib/python3.10/site-packages/airflow/example_dags/example_task_group_decorator.py
[2025-08-07T16:45:31.852+0700] {processor.py:839} INFO - DAG(s) dict_keys(['example_task_group_decorator']) retrieved from /home/dwmhr/pln/venv/lib/python3.10/site-packages/airflow/example_dags/example_task_group_decorator.py
[2025-08-07T16:45:31.883+0700] {logging_mixin.py:154} INFO - [2025-08-07T16:45:31.883+0700] {dag.py:2941} INFO - Sync 1 DAGs
[2025-08-07T16:45:31.909+0700] {logging_mixin.py:154} INFO - [2025-08-07T16:45:31.909+0700] {dag.py:3722} INFO - Setting next_dagrun for example_task_group_decorator to 2025-08-06T09:45:31.908884+00:00, run_after=2025-08-07T09:45:31.908884+00:00
[2025-08-07T16:45:31.954+0700] {processor.py:179} INFO - Processing /home/dwmhr/pln/venv/lib/python3.10/site-packages/airflow/example_dags/example_task_group_decorator.py took 0.147 seconds
[2025-08-07T16:46:18.917+0700] {processor.py:157} INFO - Started process (PID=130498) to work on /home/dwmhr/pln/venv/lib/python3.10/site-packages/airflow/example_dags/example_task_group_decorator.py
[2025-08-07T16:46:18.920+0700] {processor.py:829} INFO - Processing file /home/dwmhr/pln/venv/lib/python3.10/site-packages/airflow/example_dags/example_task_group_decorator.py for tasks to queue
[2025-08-07T16:46:18.922+0700] {logging_mixin.py:154} INFO - [2025-08-07T16:46:18.921+0700] {dagbag.py:536} INFO - Filling up the DagBag from /home/dwmhr/pln/venv/lib/python3.10/site-packages/airflow/example_dags/example_task_group_decorator.py
[2025-08-07T16:46:18.980+0700] {processor.py:839} INFO - DAG(s) dict_keys(['example_task_group_decorator']) retrieved from /home/dwmhr/pln/venv/lib/python3.10/site-packages/airflow/example_dags/example_task_group_decorator.py
[2025-08-07T16:46:19.056+0700] {logging_mixin.py:154} INFO - [2025-08-07T16:46:19.055+0700] {dag.py:2941} INFO - Sync 1 DAGs
[2025-08-07T16:46:19.113+0700] {logging_mixin.py:154} INFO - [2025-08-07T16:46:19.113+0700] {dag.py:3722} INFO - Setting next_dagrun for example_task_group_decorator to 2025-08-06T09:46:19.112504+00:00, run_after=2025-08-07T09:46:19.112504+00:00
[2025-08-07T16:46:19.175+0700] {processor.py:179} INFO - Processing /home/dwmhr/pln/venv/lib/python3.10/site-packages/airflow/example_dags/example_task_group_decorator.py took 0.268 seconds
[2025-08-07T16:47:07.127+0700] {processor.py:157} INFO - Started process (PID=130711) to work on /home/dwmhr/pln/venv/lib/python3.10/site-packages/airflow/example_dags/example_task_group_decorator.py
[2025-08-07T16:47:07.130+0700] {processor.py:829} INFO - Processing file /home/dwmhr/pln/venv/lib/python3.10/site-packages/airflow/example_dags/example_task_group_decorator.py for tasks to queue
[2025-08-07T16:47:07.131+0700] {logging_mixin.py:154} INFO - [2025-08-07T16:47:07.130+0700] {dagbag.py:536} INFO - Filling up the DagBag from /home/dwmhr/pln/venv/lib/python3.10/site-packages/airflow/example_dags/example_task_group_decorator.py
[2025-08-07T16:47:07.142+0700] {processor.py:839} INFO - DAG(s) dict_keys(['example_task_group_decorator']) retrieved from /home/dwmhr/pln/venv/lib/python3.10/site-packages/airflow/example_dags/example_task_group_decorator.py
[2025-08-07T16:47:07.158+0700] {logging_mixin.py:154} INFO - [2025-08-07T16:47:07.157+0700] {dag.py:2941} INFO - Sync 1 DAGs
[2025-08-07T16:47:07.171+0700] {logging_mixin.py:154} INFO - [2025-08-07T16:47:07.171+0700] {dag.py:3722} INFO - Setting next_dagrun for example_task_group_decorator to 2025-08-06T09:47:07.170804+00:00, run_after=2025-08-07T09:47:07.170804+00:00
[2025-08-07T16:47:07.198+0700] {processor.py:179} INFO - Processing /home/dwmhr/pln/venv/lib/python3.10/site-packages/airflow/example_dags/example_task_group_decorator.py took 0.074 seconds
[2025-08-07T16:48:01.042+0700] {processor.py:157} INFO - Started process (PID=130930) to work on /home/dwmhr/pln/venv/lib/python3.10/site-packages/airflow/example_dags/example_task_group_decorator.py
[2025-08-07T16:48:01.043+0700] {processor.py:829} INFO - Processing file /home/dwmhr/pln/venv/lib/python3.10/site-packages/airflow/example_dags/example_task_group_decorator.py for tasks to queue
[2025-08-07T16:48:01.044+0700] {logging_mixin.py:154} INFO - [2025-08-07T16:48:01.044+0700] {dagbag.py:536} INFO - Filling up the DagBag from /home/dwmhr/pln/venv/lib/python3.10/site-packages/airflow/example_dags/example_task_group_decorator.py
[2025-08-07T16:48:01.056+0700] {processor.py:839} INFO - DAG(s) dict_keys(['example_task_group_decorator']) retrieved from /home/dwmhr/pln/venv/lib/python3.10/site-packages/airflow/example_dags/example_task_group_decorator.py
[2025-08-07T16:48:01.072+0700] {logging_mixin.py:154} INFO - [2025-08-07T16:48:01.072+0700] {dag.py:2941} INFO - Sync 1 DAGs
[2025-08-07T16:48:01.086+0700] {logging_mixin.py:154} INFO - [2025-08-07T16:48:01.086+0700] {dag.py:3722} INFO - Setting next_dagrun for example_task_group_decorator to 2025-08-06T09:48:01.086156+00:00, run_after=2025-08-07T09:48:01.086156+00:00
[2025-08-07T16:48:01.107+0700] {processor.py:179} INFO - Processing /home/dwmhr/pln/venv/lib/python3.10/site-packages/airflow/example_dags/example_task_group_decorator.py took 0.068 seconds
[2025-08-07T16:48:55.821+0700] {processor.py:157} INFO - Started process (PID=131167) to work on /home/dwmhr/pln/venv/lib/python3.10/site-packages/airflow/example_dags/example_task_group_decorator.py
[2025-08-07T16:48:55.823+0700] {processor.py:829} INFO - Processing file /home/dwmhr/pln/venv/lib/python3.10/site-packages/airflow/example_dags/example_task_group_decorator.py for tasks to queue
[2025-08-07T16:48:55.823+0700] {logging_mixin.py:154} INFO - [2025-08-07T16:48:55.823+0700] {dagbag.py:536} INFO - Filling up the DagBag from /home/dwmhr/pln/venv/lib/python3.10/site-packages/airflow/example_dags/example_task_group_decorator.py
[2025-08-07T16:48:55.834+0700] {processor.py:839} INFO - DAG(s) dict_keys(['example_task_group_decorator']) retrieved from /home/dwmhr/pln/venv/lib/python3.10/site-packages/airflow/example_dags/example_task_group_decorator.py
[2025-08-07T16:48:55.848+0700] {logging_mixin.py:154} INFO - [2025-08-07T16:48:55.848+0700] {dag.py:2941} INFO - Sync 1 DAGs
[2025-08-07T16:48:55.860+0700] {logging_mixin.py:154} INFO - [2025-08-07T16:48:55.860+0700] {dag.py:3722} INFO - Setting next_dagrun for example_task_group_decorator to 2025-08-06T09:48:55.860472+00:00, run_after=2025-08-07T09:48:55.860472+00:00
[2025-08-07T16:48:55.878+0700] {processor.py:179} INFO - Processing /home/dwmhr/pln/venv/lib/python3.10/site-packages/airflow/example_dags/example_task_group_decorator.py took 0.059 seconds
