[2025-08-07T15:45:21.509+0700] {processor.py:157} INFO - Started process (PID=113284) to work on /home/dwmhr/pln/venv/lib/python3.10/site-packages/airflow/example_dags/example_kubernetes_executor.py
[2025-08-07T15:45:21.513+0700] {processor.py:829} INFO - Processing file /home/dwmhr/pln/venv/lib/python3.10/site-packages/airflow/example_dags/example_kubernetes_executor.py for tasks to queue
[2025-08-07T15:45:21.515+0700] {logging_mixin.py:154} INFO - [2025-08-07T15:45:21.514+0700] {dagbag.py:536} INFO - Filling up the DagBag from /home/dwmhr/pln/venv/lib/python3.10/site-packages/airflow/example_dags/example_kubernetes_executor.py
[2025-08-07T15:45:21.522+0700] {logging_mixin.py:154} INFO - [2025-08-07T15:45:21.522+0700] {example_kubernetes_executor.py:38} WARNING - The example_kubernetes_executor example DAG requires the kubernetes provider. Please install it with: pip install apache-airflow[cncf.kubernetes]
[2025-08-07T15:45:21.522+0700] {processor.py:841} WARNING - No viable dags retrieved from /home/dwmhr/pln/venv/lib/python3.10/site-packages/airflow/example_dags/example_kubernetes_executor.py
[2025-08-07T15:45:21.554+0700] {processor.py:179} INFO - Processing /home/dwmhr/pln/venv/lib/python3.10/site-packages/airflow/example_dags/example_kubernetes_executor.py took 0.054 seconds
[2025-08-07T15:46:31.969+0700] {processor.py:157} INFO - Started process (PID=113657) to work on /home/dwmhr/pln/venv/lib/python3.10/site-packages/airflow/example_dags/example_kubernetes_executor.py
[2025-08-07T15:46:31.973+0700] {processor.py:829} INFO - Processing file /home/dwmhr/pln/venv/lib/python3.10/site-packages/airflow/example_dags/example_kubernetes_executor.py for tasks to queue
[2025-08-07T15:46:31.975+0700] {logging_mixin.py:154} INFO - [2025-08-07T15:46:31.974+0700] {dagbag.py:536} INFO - Filling up the DagBag from /home/dwmhr/pln/venv/lib/python3.10/site-packages/airflow/example_dags/example_kubernetes_executor.py
[2025-08-07T15:46:31.983+0700] {logging_mixin.py:154} INFO - [2025-08-07T15:46:31.983+0700] {example_kubernetes_executor.py:38} WARNING - The example_kubernetes_executor example DAG requires the kubernetes provider. Please install it with: pip install apache-airflow[cncf.kubernetes]
[2025-08-07T15:46:31.984+0700] {processor.py:841} WARNING - No viable dags retrieved from /home/dwmhr/pln/venv/lib/python3.10/site-packages/airflow/example_dags/example_kubernetes_executor.py
[2025-08-07T15:46:32.013+0700] {processor.py:179} INFO - Processing /home/dwmhr/pln/venv/lib/python3.10/site-packages/airflow/example_dags/example_kubernetes_executor.py took 0.052 seconds
[2025-08-07T15:47:26.608+0700] {processor.py:157} INFO - Started process (PID=113948) to work on /home/dwmhr/pln/venv/lib/python3.10/site-packages/airflow/example_dags/example_kubernetes_executor.py
[2025-08-07T15:47:26.611+0700] {processor.py:829} INFO - Processing file /home/dwmhr/pln/venv/lib/python3.10/site-packages/airflow/example_dags/example_kubernetes_executor.py for tasks to queue
[2025-08-07T15:47:26.613+0700] {logging_mixin.py:154} INFO - [2025-08-07T15:47:26.612+0700] {dagbag.py:536} INFO - Filling up the DagBag from /home/dwmhr/pln/venv/lib/python3.10/site-packages/airflow/example_dags/example_kubernetes_executor.py
[2025-08-07T15:47:26.620+0700] {logging_mixin.py:154} INFO - [2025-08-07T15:47:26.619+0700] {example_kubernetes_executor.py:38} WARNING - The example_kubernetes_executor example DAG requires the kubernetes provider. Please install it with: pip install apache-airflow[cncf.kubernetes]
[2025-08-07T15:47:26.620+0700] {processor.py:841} WARNING - No viable dags retrieved from /home/dwmhr/pln/venv/lib/python3.10/site-packages/airflow/example_dags/example_kubernetes_executor.py
[2025-08-07T15:47:26.644+0700] {processor.py:179} INFO - Processing /home/dwmhr/pln/venv/lib/python3.10/site-packages/airflow/example_dags/example_kubernetes_executor.py took 0.043 seconds
[2025-08-07T15:48:17.979+0700] {processor.py:157} INFO - Started process (PID=114190) to work on /home/dwmhr/pln/venv/lib/python3.10/site-packages/airflow/example_dags/example_kubernetes_executor.py
[2025-08-07T15:48:17.987+0700] {processor.py:829} INFO - Processing file /home/dwmhr/pln/venv/lib/python3.10/site-packages/airflow/example_dags/example_kubernetes_executor.py for tasks to queue
[2025-08-07T15:48:17.989+0700] {logging_mixin.py:154} INFO - [2025-08-07T15:48:17.988+0700] {dagbag.py:536} INFO - Filling up the DagBag from /home/dwmhr/pln/venv/lib/python3.10/site-packages/airflow/example_dags/example_kubernetes_executor.py
[2025-08-07T15:48:17.995+0700] {logging_mixin.py:154} INFO - [2025-08-07T15:48:17.994+0700] {example_kubernetes_executor.py:38} WARNING - The example_kubernetes_executor example DAG requires the kubernetes provider. Please install it with: pip install apache-airflow[cncf.kubernetes]
[2025-08-07T15:48:17.995+0700] {processor.py:841} WARNING - No viable dags retrieved from /home/dwmhr/pln/venv/lib/python3.10/site-packages/airflow/example_dags/example_kubernetes_executor.py
[2025-08-07T15:48:18.015+0700] {processor.py:179} INFO - Processing /home/dwmhr/pln/venv/lib/python3.10/site-packages/airflow/example_dags/example_kubernetes_executor.py took 0.042 seconds
[2025-08-07T15:49:10.620+0700] {processor.py:157} INFO - Started process (PID=114477) to work on /home/dwmhr/pln/venv/lib/python3.10/site-packages/airflow/example_dags/example_kubernetes_executor.py
[2025-08-07T15:49:10.625+0700] {processor.py:829} INFO - Processing file /home/dwmhr/pln/venv/lib/python3.10/site-packages/airflow/example_dags/example_kubernetes_executor.py for tasks to queue
[2025-08-07T15:49:10.629+0700] {logging_mixin.py:154} INFO - [2025-08-07T15:49:10.627+0700] {dagbag.py:536} INFO - Filling up the DagBag from /home/dwmhr/pln/venv/lib/python3.10/site-packages/airflow/example_dags/example_kubernetes_executor.py
[2025-08-07T15:49:10.645+0700] {logging_mixin.py:154} INFO - [2025-08-07T15:49:10.645+0700] {example_kubernetes_executor.py:38} WARNING - The example_kubernetes_executor example DAG requires the kubernetes provider. Please install it with: pip install apache-airflow[cncf.kubernetes]
[2025-08-07T15:49:10.646+0700] {processor.py:841} WARNING - No viable dags retrieved from /home/dwmhr/pln/venv/lib/python3.10/site-packages/airflow/example_dags/example_kubernetes_executor.py
[2025-08-07T15:49:10.697+0700] {processor.py:179} INFO - Processing /home/dwmhr/pln/venv/lib/python3.10/site-packages/airflow/example_dags/example_kubernetes_executor.py took 0.093 seconds
[2025-08-07T15:50:29.321+0700] {processor.py:157} INFO - Started process (PID=114912) to work on /home/dwmhr/pln/venv/lib/python3.10/site-packages/airflow/example_dags/example_kubernetes_executor.py
[2025-08-07T15:50:29.326+0700] {processor.py:829} INFO - Processing file /home/dwmhr/pln/venv/lib/python3.10/site-packages/airflow/example_dags/example_kubernetes_executor.py for tasks to queue
[2025-08-07T15:50:29.328+0700] {logging_mixin.py:154} INFO - [2025-08-07T15:50:29.327+0700] {dagbag.py:536} INFO - Filling up the DagBag from /home/dwmhr/pln/venv/lib/python3.10/site-packages/airflow/example_dags/example_kubernetes_executor.py
[2025-08-07T15:50:29.342+0700] {logging_mixin.py:154} INFO - [2025-08-07T15:50:29.342+0700] {example_kubernetes_executor.py:38} WARNING - The example_kubernetes_executor example DAG requires the kubernetes provider. Please install it with: pip install apache-airflow[cncf.kubernetes]
[2025-08-07T15:50:29.344+0700] {processor.py:841} WARNING - No viable dags retrieved from /home/dwmhr/pln/venv/lib/python3.10/site-packages/airflow/example_dags/example_kubernetes_executor.py
[2025-08-07T15:50:29.374+0700] {processor.py:179} INFO - Processing /home/dwmhr/pln/venv/lib/python3.10/site-packages/airflow/example_dags/example_kubernetes_executor.py took 0.062 seconds
[2025-08-07T15:51:39.280+0700] {processor.py:157} INFO - Started process (PID=115268) to work on /home/dwmhr/pln/venv/lib/python3.10/site-packages/airflow/example_dags/example_kubernetes_executor.py
[2025-08-07T15:51:39.283+0700] {processor.py:829} INFO - Processing file /home/dwmhr/pln/venv/lib/python3.10/site-packages/airflow/example_dags/example_kubernetes_executor.py for tasks to queue
[2025-08-07T15:51:39.284+0700] {logging_mixin.py:154} INFO - [2025-08-07T15:51:39.283+0700] {dagbag.py:536} INFO - Filling up the DagBag from /home/dwmhr/pln/venv/lib/python3.10/site-packages/airflow/example_dags/example_kubernetes_executor.py
[2025-08-07T15:51:39.291+0700] {logging_mixin.py:154} INFO - [2025-08-07T15:51:39.290+0700] {example_kubernetes_executor.py:38} WARNING - The example_kubernetes_executor example DAG requires the kubernetes provider. Please install it with: pip install apache-airflow[cncf.kubernetes]
[2025-08-07T15:51:39.291+0700] {processor.py:841} WARNING - No viable dags retrieved from /home/dwmhr/pln/venv/lib/python3.10/site-packages/airflow/example_dags/example_kubernetes_executor.py
[2025-08-07T15:51:39.312+0700] {processor.py:179} INFO - Processing /home/dwmhr/pln/venv/lib/python3.10/site-packages/airflow/example_dags/example_kubernetes_executor.py took 0.038 seconds
[2025-08-07T15:53:21.337+0700] {processor.py:157} INFO - Started process (PID=115727) to work on /home/dwmhr/pln/venv/lib/python3.10/site-packages/airflow/example_dags/example_kubernetes_executor.py
[2025-08-07T15:53:21.339+0700] {processor.py:829} INFO - Processing file /home/dwmhr/pln/venv/lib/python3.10/site-packages/airflow/example_dags/example_kubernetes_executor.py for tasks to queue
[2025-08-07T15:53:21.340+0700] {logging_mixin.py:154} INFO - [2025-08-07T15:53:21.340+0700] {dagbag.py:536} INFO - Filling up the DagBag from /home/dwmhr/pln/venv/lib/python3.10/site-packages/airflow/example_dags/example_kubernetes_executor.py
[2025-08-07T15:53:21.343+0700] {logging_mixin.py:154} INFO - [2025-08-07T15:53:21.343+0700] {example_kubernetes_executor.py:38} WARNING - The example_kubernetes_executor example DAG requires the kubernetes provider. Please install it with: pip install apache-airflow[cncf.kubernetes]
[2025-08-07T15:53:21.344+0700] {processor.py:841} WARNING - No viable dags retrieved from /home/dwmhr/pln/venv/lib/python3.10/site-packages/airflow/example_dags/example_kubernetes_executor.py
[2025-08-07T15:53:21.354+0700] {processor.py:179} INFO - Processing /home/dwmhr/pln/venv/lib/python3.10/site-packages/airflow/example_dags/example_kubernetes_executor.py took 0.021 seconds
[2025-08-07T15:54:58.371+0700] {processor.py:157} INFO - Started process (PID=116206) to work on /home/dwmhr/pln/venv/lib/python3.10/site-packages/airflow/example_dags/example_kubernetes_executor.py
[2025-08-07T15:54:58.373+0700] {processor.py:829} INFO - Processing file /home/dwmhr/pln/venv/lib/python3.10/site-packages/airflow/example_dags/example_kubernetes_executor.py for tasks to queue
[2025-08-07T15:54:58.375+0700] {logging_mixin.py:154} INFO - [2025-08-07T15:54:58.374+0700] {dagbag.py:536} INFO - Filling up the DagBag from /home/dwmhr/pln/venv/lib/python3.10/site-packages/airflow/example_dags/example_kubernetes_executor.py
[2025-08-07T15:54:58.380+0700] {logging_mixin.py:154} INFO - [2025-08-07T15:54:58.379+0700] {example_kubernetes_executor.py:38} WARNING - The example_kubernetes_executor example DAG requires the kubernetes provider. Please install it with: pip install apache-airflow[cncf.kubernetes]
[2025-08-07T15:54:58.380+0700] {processor.py:841} WARNING - No viable dags retrieved from /home/dwmhr/pln/venv/lib/python3.10/site-packages/airflow/example_dags/example_kubernetes_executor.py
[2025-08-07T15:54:58.395+0700] {processor.py:179} INFO - Processing /home/dwmhr/pln/venv/lib/python3.10/site-packages/airflow/example_dags/example_kubernetes_executor.py took 0.027 seconds
[2025-08-07T15:56:09.995+0700] {processor.py:157} INFO - Started process (PID=116560) to work on /home/dwmhr/pln/venv/lib/python3.10/site-packages/airflow/example_dags/example_kubernetes_executor.py
[2025-08-07T15:56:10.001+0700] {processor.py:829} INFO - Processing file /home/dwmhr/pln/venv/lib/python3.10/site-packages/airflow/example_dags/example_kubernetes_executor.py for tasks to queue
[2025-08-07T15:56:10.004+0700] {logging_mixin.py:154} INFO - [2025-08-07T15:56:10.003+0700] {dagbag.py:536} INFO - Filling up the DagBag from /home/dwmhr/pln/venv/lib/python3.10/site-packages/airflow/example_dags/example_kubernetes_executor.py
[2025-08-07T15:56:10.020+0700] {logging_mixin.py:154} INFO - [2025-08-07T15:56:10.019+0700] {example_kubernetes_executor.py:38} WARNING - The example_kubernetes_executor example DAG requires the kubernetes provider. Please install it with: pip install apache-airflow[cncf.kubernetes]
[2025-08-07T15:56:10.021+0700] {processor.py:841} WARNING - No viable dags retrieved from /home/dwmhr/pln/venv/lib/python3.10/site-packages/airflow/example_dags/example_kubernetes_executor.py
[2025-08-07T15:56:10.062+0700] {processor.py:179} INFO - Processing /home/dwmhr/pln/venv/lib/python3.10/site-packages/airflow/example_dags/example_kubernetes_executor.py took 0.076 seconds
[2025-08-07T15:57:20.957+0700] {processor.py:157} INFO - Started process (PID=116955) to work on /home/dwmhr/pln/venv/lib/python3.10/site-packages/airflow/example_dags/example_kubernetes_executor.py
[2025-08-07T15:57:20.960+0700] {processor.py:829} INFO - Processing file /home/dwmhr/pln/venv/lib/python3.10/site-packages/airflow/example_dags/example_kubernetes_executor.py for tasks to queue
[2025-08-07T15:57:20.963+0700] {logging_mixin.py:154} INFO - [2025-08-07T15:57:20.962+0700] {dagbag.py:536} INFO - Filling up the DagBag from /home/dwmhr/pln/venv/lib/python3.10/site-packages/airflow/example_dags/example_kubernetes_executor.py
[2025-08-07T15:57:20.977+0700] {logging_mixin.py:154} INFO - [2025-08-07T15:57:20.976+0700] {example_kubernetes_executor.py:38} WARNING - The example_kubernetes_executor example DAG requires the kubernetes provider. Please install it with: pip install apache-airflow[cncf.kubernetes]
[2025-08-07T15:57:20.978+0700] {processor.py:841} WARNING - No viable dags retrieved from /home/dwmhr/pln/venv/lib/python3.10/site-packages/airflow/example_dags/example_kubernetes_executor.py
[2025-08-07T15:57:21.017+0700] {processor.py:179} INFO - Processing /home/dwmhr/pln/venv/lib/python3.10/site-packages/airflow/example_dags/example_kubernetes_executor.py took 0.071 seconds
[2025-08-07T15:59:35.800+0700] {processor.py:157} INFO - Started process (PID=117641) to work on /home/dwmhr/pln/venv/lib/python3.10/site-packages/airflow/example_dags/example_kubernetes_executor.py
[2025-08-07T15:59:35.806+0700] {processor.py:829} INFO - Processing file /home/dwmhr/pln/venv/lib/python3.10/site-packages/airflow/example_dags/example_kubernetes_executor.py for tasks to queue
[2025-08-07T15:59:35.812+0700] {logging_mixin.py:154} INFO - [2025-08-07T15:59:35.809+0700] {dagbag.py:536} INFO - Filling up the DagBag from /home/dwmhr/pln/venv/lib/python3.10/site-packages/airflow/example_dags/example_kubernetes_executor.py
[2025-08-07T15:59:35.836+0700] {logging_mixin.py:154} INFO - [2025-08-07T15:59:35.835+0700] {example_kubernetes_executor.py:38} WARNING - The example_kubernetes_executor example DAG requires the kubernetes provider. Please install it with: pip install apache-airflow[cncf.kubernetes]
[2025-08-07T15:59:35.838+0700] {processor.py:841} WARNING - No viable dags retrieved from /home/dwmhr/pln/venv/lib/python3.10/site-packages/airflow/example_dags/example_kubernetes_executor.py
[2025-08-07T15:59:35.901+0700] {processor.py:179} INFO - Processing /home/dwmhr/pln/venv/lib/python3.10/site-packages/airflow/example_dags/example_kubernetes_executor.py took 0.114 seconds
[2025-08-07T16:01:18.240+0700] {processor.py:157} INFO - Started process (PID=118149) to work on /home/dwmhr/pln/venv/lib/python3.10/site-packages/airflow/example_dags/example_kubernetes_executor.py
[2025-08-07T16:01:18.252+0700] {processor.py:829} INFO - Processing file /home/dwmhr/pln/venv/lib/python3.10/site-packages/airflow/example_dags/example_kubernetes_executor.py for tasks to queue
[2025-08-07T16:01:18.260+0700] {logging_mixin.py:154} INFO - [2025-08-07T16:01:18.258+0700] {dagbag.py:536} INFO - Filling up the DagBag from /home/dwmhr/pln/venv/lib/python3.10/site-packages/airflow/example_dags/example_kubernetes_executor.py
[2025-08-07T16:01:18.348+0700] {logging_mixin.py:154} INFO - [2025-08-07T16:01:18.347+0700] {example_kubernetes_executor.py:38} WARNING - The example_kubernetes_executor example DAG requires the kubernetes provider. Please install it with: pip install apache-airflow[cncf.kubernetes]
[2025-08-07T16:01:18.350+0700] {processor.py:841} WARNING - No viable dags retrieved from /home/dwmhr/pln/venv/lib/python3.10/site-packages/airflow/example_dags/example_kubernetes_executor.py
[2025-08-07T16:01:18.475+0700] {processor.py:179} INFO - Processing /home/dwmhr/pln/venv/lib/python3.10/site-packages/airflow/example_dags/example_kubernetes_executor.py took 0.272 seconds
[2025-08-07T16:04:02.883+0700] {processor.py:157} INFO - Started process (PID=118874) to work on /home/dwmhr/pln/venv/lib/python3.10/site-packages/airflow/example_dags/example_kubernetes_executor.py
[2025-08-07T16:04:02.888+0700] {processor.py:829} INFO - Processing file /home/dwmhr/pln/venv/lib/python3.10/site-packages/airflow/example_dags/example_kubernetes_executor.py for tasks to queue
[2025-08-07T16:04:02.891+0700] {logging_mixin.py:154} INFO - [2025-08-07T16:04:02.890+0700] {dagbag.py:536} INFO - Filling up the DagBag from /home/dwmhr/pln/venv/lib/python3.10/site-packages/airflow/example_dags/example_kubernetes_executor.py
[2025-08-07T16:04:02.902+0700] {logging_mixin.py:154} INFO - [2025-08-07T16:04:02.902+0700] {example_kubernetes_executor.py:38} WARNING - The example_kubernetes_executor example DAG requires the kubernetes provider. Please install it with: pip install apache-airflow[cncf.kubernetes]
[2025-08-07T16:04:02.903+0700] {processor.py:841} WARNING - No viable dags retrieved from /home/dwmhr/pln/venv/lib/python3.10/site-packages/airflow/example_dags/example_kubernetes_executor.py
[2025-08-07T16:04:02.940+0700] {processor.py:179} INFO - Processing /home/dwmhr/pln/venv/lib/python3.10/site-packages/airflow/example_dags/example_kubernetes_executor.py took 0.067 seconds
[2025-08-07T16:05:09.540+0700] {processor.py:157} INFO - Started process (PID=119212) to work on /home/dwmhr/pln/venv/lib/python3.10/site-packages/airflow/example_dags/example_kubernetes_executor.py
[2025-08-07T16:05:09.541+0700] {processor.py:829} INFO - Processing file /home/dwmhr/pln/venv/lib/python3.10/site-packages/airflow/example_dags/example_kubernetes_executor.py for tasks to queue
[2025-08-07T16:05:09.542+0700] {logging_mixin.py:154} INFO - [2025-08-07T16:05:09.542+0700] {dagbag.py:536} INFO - Filling up the DagBag from /home/dwmhr/pln/venv/lib/python3.10/site-packages/airflow/example_dags/example_kubernetes_executor.py
[2025-08-07T16:05:09.545+0700] {logging_mixin.py:154} INFO - [2025-08-07T16:05:09.545+0700] {example_kubernetes_executor.py:38} WARNING - The example_kubernetes_executor example DAG requires the kubernetes provider. Please install it with: pip install apache-airflow[cncf.kubernetes]
[2025-08-07T16:05:09.545+0700] {processor.py:841} WARNING - No viable dags retrieved from /home/dwmhr/pln/venv/lib/python3.10/site-packages/airflow/example_dags/example_kubernetes_executor.py
[2025-08-07T16:05:09.556+0700] {processor.py:179} INFO - Processing /home/dwmhr/pln/venv/lib/python3.10/site-packages/airflow/example_dags/example_kubernetes_executor.py took 0.019 seconds
[2025-08-07T16:06:26.905+0700] {processor.py:157} INFO - Started process (PID=119605) to work on /home/dwmhr/pln/venv/lib/python3.10/site-packages/airflow/example_dags/example_kubernetes_executor.py
[2025-08-07T16:06:26.914+0700] {processor.py:829} INFO - Processing file /home/dwmhr/pln/venv/lib/python3.10/site-packages/airflow/example_dags/example_kubernetes_executor.py for tasks to queue
[2025-08-07T16:06:26.919+0700] {logging_mixin.py:154} INFO - [2025-08-07T16:06:26.917+0700] {dagbag.py:536} INFO - Filling up the DagBag from /home/dwmhr/pln/venv/lib/python3.10/site-packages/airflow/example_dags/example_kubernetes_executor.py
[2025-08-07T16:06:26.939+0700] {logging_mixin.py:154} INFO - [2025-08-07T16:06:26.938+0700] {example_kubernetes_executor.py:38} WARNING - The example_kubernetes_executor example DAG requires the kubernetes provider. Please install it with: pip install apache-airflow[cncf.kubernetes]
[2025-08-07T16:06:26.940+0700] {processor.py:841} WARNING - No viable dags retrieved from /home/dwmhr/pln/venv/lib/python3.10/site-packages/airflow/example_dags/example_kubernetes_executor.py
[2025-08-07T16:06:27.006+0700] {processor.py:179} INFO - Processing /home/dwmhr/pln/venv/lib/python3.10/site-packages/airflow/example_dags/example_kubernetes_executor.py took 0.124 seconds
[2025-08-07T16:07:31.729+0700] {processor.py:157} INFO - Started process (PID=119936) to work on /home/dwmhr/pln/venv/lib/python3.10/site-packages/airflow/example_dags/example_kubernetes_executor.py
[2025-08-07T16:07:31.736+0700] {processor.py:829} INFO - Processing file /home/dwmhr/pln/venv/lib/python3.10/site-packages/airflow/example_dags/example_kubernetes_executor.py for tasks to queue
[2025-08-07T16:07:31.742+0700] {logging_mixin.py:154} INFO - [2025-08-07T16:07:31.739+0700] {dagbag.py:536} INFO - Filling up the DagBag from /home/dwmhr/pln/venv/lib/python3.10/site-packages/airflow/example_dags/example_kubernetes_executor.py
[2025-08-07T16:07:31.757+0700] {logging_mixin.py:154} INFO - [2025-08-07T16:07:31.757+0700] {example_kubernetes_executor.py:38} WARNING - The example_kubernetes_executor example DAG requires the kubernetes provider. Please install it with: pip install apache-airflow[cncf.kubernetes]
[2025-08-07T16:07:31.758+0700] {processor.py:841} WARNING - No viable dags retrieved from /home/dwmhr/pln/venv/lib/python3.10/site-packages/airflow/example_dags/example_kubernetes_executor.py
[2025-08-07T16:07:31.802+0700] {processor.py:179} INFO - Processing /home/dwmhr/pln/venv/lib/python3.10/site-packages/airflow/example_dags/example_kubernetes_executor.py took 0.095 seconds
[2025-08-07T16:08:53.924+0700] {processor.py:157} INFO - Started process (PID=120285) to work on /home/dwmhr/pln/venv/lib/python3.10/site-packages/airflow/example_dags/example_kubernetes_executor.py
[2025-08-07T16:08:53.928+0700] {processor.py:829} INFO - Processing file /home/dwmhr/pln/venv/lib/python3.10/site-packages/airflow/example_dags/example_kubernetes_executor.py for tasks to queue
[2025-08-07T16:08:53.929+0700] {logging_mixin.py:154} INFO - [2025-08-07T16:08:53.928+0700] {dagbag.py:536} INFO - Filling up the DagBag from /home/dwmhr/pln/venv/lib/python3.10/site-packages/airflow/example_dags/example_kubernetes_executor.py
[2025-08-07T16:08:53.935+0700] {logging_mixin.py:154} INFO - [2025-08-07T16:08:53.935+0700] {example_kubernetes_executor.py:38} WARNING - The example_kubernetes_executor example DAG requires the kubernetes provider. Please install it with: pip install apache-airflow[cncf.kubernetes]
[2025-08-07T16:08:53.936+0700] {processor.py:841} WARNING - No viable dags retrieved from /home/dwmhr/pln/venv/lib/python3.10/site-packages/airflow/example_dags/example_kubernetes_executor.py
[2025-08-07T16:08:53.957+0700] {processor.py:179} INFO - Processing /home/dwmhr/pln/venv/lib/python3.10/site-packages/airflow/example_dags/example_kubernetes_executor.py took 0.038 seconds
[2025-08-07T16:10:07.183+0700] {processor.py:157} INFO - Started process (PID=120682) to work on /home/dwmhr/pln/venv/lib/python3.10/site-packages/airflow/example_dags/example_kubernetes_executor.py
[2025-08-07T16:10:07.187+0700] {processor.py:829} INFO - Processing file /home/dwmhr/pln/venv/lib/python3.10/site-packages/airflow/example_dags/example_kubernetes_executor.py for tasks to queue
[2025-08-07T16:10:07.189+0700] {logging_mixin.py:154} INFO - [2025-08-07T16:10:07.189+0700] {dagbag.py:536} INFO - Filling up the DagBag from /home/dwmhr/pln/venv/lib/python3.10/site-packages/airflow/example_dags/example_kubernetes_executor.py
[2025-08-07T16:10:07.198+0700] {logging_mixin.py:154} INFO - [2025-08-07T16:10:07.198+0700] {example_kubernetes_executor.py:38} WARNING - The example_kubernetes_executor example DAG requires the kubernetes provider. Please install it with: pip install apache-airflow[cncf.kubernetes]
[2025-08-07T16:10:07.199+0700] {processor.py:841} WARNING - No viable dags retrieved from /home/dwmhr/pln/venv/lib/python3.10/site-packages/airflow/example_dags/example_kubernetes_executor.py
[2025-08-07T16:10:07.231+0700] {processor.py:179} INFO - Processing /home/dwmhr/pln/venv/lib/python3.10/site-packages/airflow/example_dags/example_kubernetes_executor.py took 0.057 seconds
[2025-08-07T16:11:03.439+0700] {processor.py:157} INFO - Started process (PID=120979) to work on /home/dwmhr/pln/venv/lib/python3.10/site-packages/airflow/example_dags/example_kubernetes_executor.py
[2025-08-07T16:11:03.442+0700] {processor.py:829} INFO - Processing file /home/dwmhr/pln/venv/lib/python3.10/site-packages/airflow/example_dags/example_kubernetes_executor.py for tasks to queue
[2025-08-07T16:11:03.443+0700] {logging_mixin.py:154} INFO - [2025-08-07T16:11:03.443+0700] {dagbag.py:536} INFO - Filling up the DagBag from /home/dwmhr/pln/venv/lib/python3.10/site-packages/airflow/example_dags/example_kubernetes_executor.py
[2025-08-07T16:11:03.448+0700] {logging_mixin.py:154} INFO - [2025-08-07T16:11:03.448+0700] {example_kubernetes_executor.py:38} WARNING - The example_kubernetes_executor example DAG requires the kubernetes provider. Please install it with: pip install apache-airflow[cncf.kubernetes]
[2025-08-07T16:11:03.449+0700] {processor.py:841} WARNING - No viable dags retrieved from /home/dwmhr/pln/venv/lib/python3.10/site-packages/airflow/example_dags/example_kubernetes_executor.py
[2025-08-07T16:11:03.466+0700] {processor.py:179} INFO - Processing /home/dwmhr/pln/venv/lib/python3.10/site-packages/airflow/example_dags/example_kubernetes_executor.py took 0.032 seconds
[2025-08-07T16:11:52.688+0700] {processor.py:157} INFO - Started process (PID=121260) to work on /home/dwmhr/pln/venv/lib/python3.10/site-packages/airflow/example_dags/example_kubernetes_executor.py
[2025-08-07T16:11:52.695+0700] {processor.py:829} INFO - Processing file /home/dwmhr/pln/venv/lib/python3.10/site-packages/airflow/example_dags/example_kubernetes_executor.py for tasks to queue
[2025-08-07T16:11:52.699+0700] {logging_mixin.py:154} INFO - [2025-08-07T16:11:52.698+0700] {dagbag.py:536} INFO - Filling up the DagBag from /home/dwmhr/pln/venv/lib/python3.10/site-packages/airflow/example_dags/example_kubernetes_executor.py
[2025-08-07T16:11:52.724+0700] {logging_mixin.py:154} INFO - [2025-08-07T16:11:52.723+0700] {example_kubernetes_executor.py:38} WARNING - The example_kubernetes_executor example DAG requires the kubernetes provider. Please install it with: pip install apache-airflow[cncf.kubernetes]
[2025-08-07T16:11:52.726+0700] {processor.py:841} WARNING - No viable dags retrieved from /home/dwmhr/pln/venv/lib/python3.10/site-packages/airflow/example_dags/example_kubernetes_executor.py
[2025-08-07T16:11:52.796+0700] {processor.py:179} INFO - Processing /home/dwmhr/pln/venv/lib/python3.10/site-packages/airflow/example_dags/example_kubernetes_executor.py took 0.126 seconds
[2025-08-07T16:12:40.801+0700] {processor.py:157} INFO - Started process (PID=121478) to work on /home/dwmhr/pln/venv/lib/python3.10/site-packages/airflow/example_dags/example_kubernetes_executor.py
[2025-08-07T16:12:40.805+0700] {processor.py:829} INFO - Processing file /home/dwmhr/pln/venv/lib/python3.10/site-packages/airflow/example_dags/example_kubernetes_executor.py for tasks to queue
[2025-08-07T16:12:40.807+0700] {logging_mixin.py:154} INFO - [2025-08-07T16:12:40.806+0700] {dagbag.py:536} INFO - Filling up the DagBag from /home/dwmhr/pln/venv/lib/python3.10/site-packages/airflow/example_dags/example_kubernetes_executor.py
[2025-08-07T16:12:40.818+0700] {logging_mixin.py:154} INFO - [2025-08-07T16:12:40.818+0700] {example_kubernetes_executor.py:38} WARNING - The example_kubernetes_executor example DAG requires the kubernetes provider. Please install it with: pip install apache-airflow[cncf.kubernetes]
[2025-08-07T16:12:40.819+0700] {processor.py:841} WARNING - No viable dags retrieved from /home/dwmhr/pln/venv/lib/python3.10/site-packages/airflow/example_dags/example_kubernetes_executor.py
[2025-08-07T16:12:40.844+0700] {processor.py:179} INFO - Processing /home/dwmhr/pln/venv/lib/python3.10/site-packages/airflow/example_dags/example_kubernetes_executor.py took 0.048 seconds
[2025-08-07T16:13:28.419+0700] {processor.py:157} INFO - Started process (PID=121751) to work on /home/dwmhr/pln/venv/lib/python3.10/site-packages/airflow/example_dags/example_kubernetes_executor.py
[2025-08-07T16:13:28.421+0700] {processor.py:829} INFO - Processing file /home/dwmhr/pln/venv/lib/python3.10/site-packages/airflow/example_dags/example_kubernetes_executor.py for tasks to queue
[2025-08-07T16:13:28.423+0700] {logging_mixin.py:154} INFO - [2025-08-07T16:13:28.422+0700] {dagbag.py:536} INFO - Filling up the DagBag from /home/dwmhr/pln/venv/lib/python3.10/site-packages/airflow/example_dags/example_kubernetes_executor.py
[2025-08-07T16:13:28.426+0700] {logging_mixin.py:154} INFO - [2025-08-07T16:13:28.426+0700] {example_kubernetes_executor.py:38} WARNING - The example_kubernetes_executor example DAG requires the kubernetes provider. Please install it with: pip install apache-airflow[cncf.kubernetes]
[2025-08-07T16:13:28.427+0700] {processor.py:841} WARNING - No viable dags retrieved from /home/dwmhr/pln/venv/lib/python3.10/site-packages/airflow/example_dags/example_kubernetes_executor.py
[2025-08-07T16:13:28.439+0700] {processor.py:179} INFO - Processing /home/dwmhr/pln/venv/lib/python3.10/site-packages/airflow/example_dags/example_kubernetes_executor.py took 0.025 seconds
[2025-08-07T16:14:33.848+0700] {processor.py:157} INFO - Started process (PID=122071) to work on /home/dwmhr/pln/venv/lib/python3.10/site-packages/airflow/example_dags/example_kubernetes_executor.py
[2025-08-07T16:14:33.852+0700] {processor.py:829} INFO - Processing file /home/dwmhr/pln/venv/lib/python3.10/site-packages/airflow/example_dags/example_kubernetes_executor.py for tasks to queue
[2025-08-07T16:14:33.856+0700] {logging_mixin.py:154} INFO - [2025-08-07T16:14:33.855+0700] {dagbag.py:536} INFO - Filling up the DagBag from /home/dwmhr/pln/venv/lib/python3.10/site-packages/airflow/example_dags/example_kubernetes_executor.py
[2025-08-07T16:14:33.868+0700] {logging_mixin.py:154} INFO - [2025-08-07T16:14:33.868+0700] {example_kubernetes_executor.py:38} WARNING - The example_kubernetes_executor example DAG requires the kubernetes provider. Please install it with: pip install apache-airflow[cncf.kubernetes]
[2025-08-07T16:14:33.869+0700] {processor.py:841} WARNING - No viable dags retrieved from /home/dwmhr/pln/venv/lib/python3.10/site-packages/airflow/example_dags/example_kubernetes_executor.py
[2025-08-07T16:14:33.910+0700] {processor.py:179} INFO - Processing /home/dwmhr/pln/venv/lib/python3.10/site-packages/airflow/example_dags/example_kubernetes_executor.py took 0.075 seconds
[2025-08-07T16:15:44.238+0700] {processor.py:157} INFO - Started process (PID=122422) to work on /home/dwmhr/pln/venv/lib/python3.10/site-packages/airflow/example_dags/example_kubernetes_executor.py
[2025-08-07T16:15:44.246+0700] {processor.py:829} INFO - Processing file /home/dwmhr/pln/venv/lib/python3.10/site-packages/airflow/example_dags/example_kubernetes_executor.py for tasks to queue
[2025-08-07T16:15:44.251+0700] {logging_mixin.py:154} INFO - [2025-08-07T16:15:44.249+0700] {dagbag.py:536} INFO - Filling up the DagBag from /home/dwmhr/pln/venv/lib/python3.10/site-packages/airflow/example_dags/example_kubernetes_executor.py
[2025-08-07T16:15:44.275+0700] {logging_mixin.py:154} INFO - [2025-08-07T16:15:44.274+0700] {example_kubernetes_executor.py:38} WARNING - The example_kubernetes_executor example DAG requires the kubernetes provider. Please install it with: pip install apache-airflow[cncf.kubernetes]
[2025-08-07T16:15:44.277+0700] {processor.py:841} WARNING - No viable dags retrieved from /home/dwmhr/pln/venv/lib/python3.10/site-packages/airflow/example_dags/example_kubernetes_executor.py
[2025-08-07T16:15:44.335+0700] {processor.py:179} INFO - Processing /home/dwmhr/pln/venv/lib/python3.10/site-packages/airflow/example_dags/example_kubernetes_executor.py took 0.120 seconds
[2025-08-07T16:16:49.770+0700] {processor.py:157} INFO - Started process (PID=122784) to work on /home/dwmhr/pln/venv/lib/python3.10/site-packages/airflow/example_dags/example_kubernetes_executor.py
[2025-08-07T16:16:49.773+0700] {processor.py:829} INFO - Processing file /home/dwmhr/pln/venv/lib/python3.10/site-packages/airflow/example_dags/example_kubernetes_executor.py for tasks to queue
[2025-08-07T16:16:49.776+0700] {logging_mixin.py:154} INFO - [2025-08-07T16:16:49.775+0700] {dagbag.py:536} INFO - Filling up the DagBag from /home/dwmhr/pln/venv/lib/python3.10/site-packages/airflow/example_dags/example_kubernetes_executor.py
[2025-08-07T16:16:48.637+0700] {logging_mixin.py:154} INFO - [2025-08-07T16:16:48.636+0700] {example_kubernetes_executor.py:38} WARNING - The example_kubernetes_executor example DAG requires the kubernetes provider. Please install it with: pip install apache-airflow[cncf.kubernetes]
[2025-08-07T16:16:48.638+0700] {processor.py:841} WARNING - No viable dags retrieved from /home/dwmhr/pln/venv/lib/python3.10/site-packages/airflow/example_dags/example_kubernetes_executor.py
[2025-08-07T16:16:48.671+0700] {processor.py:179} INFO - Processing /home/dwmhr/pln/venv/lib/python3.10/site-packages/airflow/example_dags/example_kubernetes_executor.py took 0.067 seconds
[2025-08-07T16:17:50.758+0700] {processor.py:157} INFO - Started process (PID=123081) to work on /home/dwmhr/pln/venv/lib/python3.10/site-packages/airflow/example_dags/example_kubernetes_executor.py
[2025-08-07T16:17:50.768+0700] {processor.py:829} INFO - Processing file /home/dwmhr/pln/venv/lib/python3.10/site-packages/airflow/example_dags/example_kubernetes_executor.py for tasks to queue
[2025-08-07T16:17:50.772+0700] {logging_mixin.py:154} INFO - [2025-08-07T16:17:50.770+0700] {dagbag.py:536} INFO - Filling up the DagBag from /home/dwmhr/pln/venv/lib/python3.10/site-packages/airflow/example_dags/example_kubernetes_executor.py
[2025-08-07T16:17:50.794+0700] {logging_mixin.py:154} INFO - [2025-08-07T16:17:50.793+0700] {example_kubernetes_executor.py:38} WARNING - The example_kubernetes_executor example DAG requires the kubernetes provider. Please install it with: pip install apache-airflow[cncf.kubernetes]
[2025-08-07T16:17:50.796+0700] {processor.py:841} WARNING - No viable dags retrieved from /home/dwmhr/pln/venv/lib/python3.10/site-packages/airflow/example_dags/example_kubernetes_executor.py
[2025-08-07T16:17:50.893+0700] {processor.py:179} INFO - Processing /home/dwmhr/pln/venv/lib/python3.10/site-packages/airflow/example_dags/example_kubernetes_executor.py took 0.151 seconds
[2025-08-07T16:18:45.327+0700] {processor.py:157} INFO - Started process (PID=123364) to work on /home/dwmhr/pln/venv/lib/python3.10/site-packages/airflow/example_dags/example_kubernetes_executor.py
[2025-08-07T16:18:45.329+0700] {processor.py:829} INFO - Processing file /home/dwmhr/pln/venv/lib/python3.10/site-packages/airflow/example_dags/example_kubernetes_executor.py for tasks to queue
[2025-08-07T16:18:45.329+0700] {logging_mixin.py:154} INFO - [2025-08-07T16:18:45.329+0700] {dagbag.py:536} INFO - Filling up the DagBag from /home/dwmhr/pln/venv/lib/python3.10/site-packages/airflow/example_dags/example_kubernetes_executor.py
[2025-08-07T16:18:45.332+0700] {logging_mixin.py:154} INFO - [2025-08-07T16:18:45.332+0700] {example_kubernetes_executor.py:38} WARNING - The example_kubernetes_executor example DAG requires the kubernetes provider. Please install it with: pip install apache-airflow[cncf.kubernetes]
[2025-08-07T16:18:45.333+0700] {processor.py:841} WARNING - No viable dags retrieved from /home/dwmhr/pln/venv/lib/python3.10/site-packages/airflow/example_dags/example_kubernetes_executor.py
[2025-08-07T16:18:45.341+0700] {processor.py:179} INFO - Processing /home/dwmhr/pln/venv/lib/python3.10/site-packages/airflow/example_dags/example_kubernetes_executor.py took 0.017 seconds
[2025-08-07T16:27:07.587+0700] {processor.py:157} INFO - Started process (PID=125487) to work on /home/dwmhr/pln/venv/lib/python3.10/site-packages/airflow/example_dags/example_kubernetes_executor.py
[2025-08-07T16:27:07.591+0700] {processor.py:829} INFO - Processing file /home/dwmhr/pln/venv/lib/python3.10/site-packages/airflow/example_dags/example_kubernetes_executor.py for tasks to queue
[2025-08-07T16:27:07.592+0700] {logging_mixin.py:154} INFO - [2025-08-07T16:27:07.592+0700] {dagbag.py:536} INFO - Filling up the DagBag from /home/dwmhr/pln/venv/lib/python3.10/site-packages/airflow/example_dags/example_kubernetes_executor.py
[2025-08-07T16:27:07.595+0700] {logging_mixin.py:154} INFO - [2025-08-07T16:27:07.595+0700] {example_kubernetes_executor.py:38} WARNING - The example_kubernetes_executor example DAG requires the kubernetes provider. Please install it with: pip install apache-airflow[cncf.kubernetes]
[2025-08-07T16:27:07.595+0700] {processor.py:841} WARNING - No viable dags retrieved from /home/dwmhr/pln/venv/lib/python3.10/site-packages/airflow/example_dags/example_kubernetes_executor.py
[2025-08-07T16:27:07.607+0700] {processor.py:179} INFO - Processing /home/dwmhr/pln/venv/lib/python3.10/site-packages/airflow/example_dags/example_kubernetes_executor.py took 0.023 seconds
[2025-08-07T16:28:29.528+0700] {processor.py:157} INFO - Started process (PID=125863) to work on /home/dwmhr/pln/venv/lib/python3.10/site-packages/airflow/example_dags/example_kubernetes_executor.py
[2025-08-07T16:28:29.537+0700] {processor.py:829} INFO - Processing file /home/dwmhr/pln/venv/lib/python3.10/site-packages/airflow/example_dags/example_kubernetes_executor.py for tasks to queue
[2025-08-07T16:28:29.539+0700] {logging_mixin.py:154} INFO - [2025-08-07T16:28:29.538+0700] {dagbag.py:536} INFO - Filling up the DagBag from /home/dwmhr/pln/venv/lib/python3.10/site-packages/airflow/example_dags/example_kubernetes_executor.py
[2025-08-07T16:28:29.546+0700] {logging_mixin.py:154} INFO - [2025-08-07T16:28:29.545+0700] {example_kubernetes_executor.py:38} WARNING - The example_kubernetes_executor example DAG requires the kubernetes provider. Please install it with: pip install apache-airflow[cncf.kubernetes]
[2025-08-07T16:28:29.546+0700] {processor.py:841} WARNING - No viable dags retrieved from /home/dwmhr/pln/venv/lib/python3.10/site-packages/airflow/example_dags/example_kubernetes_executor.py
[2025-08-07T16:28:29.571+0700] {processor.py:179} INFO - Processing /home/dwmhr/pln/venv/lib/python3.10/site-packages/airflow/example_dags/example_kubernetes_executor.py took 0.051 seconds
[2025-08-07T16:29:25.590+0700] {processor.py:157} INFO - Started process (PID=126152) to work on /home/dwmhr/pln/venv/lib/python3.10/site-packages/airflow/example_dags/example_kubernetes_executor.py
[2025-08-07T16:29:25.591+0700] {processor.py:829} INFO - Processing file /home/dwmhr/pln/venv/lib/python3.10/site-packages/airflow/example_dags/example_kubernetes_executor.py for tasks to queue
[2025-08-07T16:29:25.593+0700] {logging_mixin.py:154} INFO - [2025-08-07T16:29:25.592+0700] {dagbag.py:536} INFO - Filling up the DagBag from /home/dwmhr/pln/venv/lib/python3.10/site-packages/airflow/example_dags/example_kubernetes_executor.py
[2025-08-07T16:29:25.596+0700] {logging_mixin.py:154} INFO - [2025-08-07T16:29:25.596+0700] {example_kubernetes_executor.py:38} WARNING - The example_kubernetes_executor example DAG requires the kubernetes provider. Please install it with: pip install apache-airflow[cncf.kubernetes]
[2025-08-07T16:29:25.597+0700] {processor.py:841} WARNING - No viable dags retrieved from /home/dwmhr/pln/venv/lib/python3.10/site-packages/airflow/example_dags/example_kubernetes_executor.py
[2025-08-07T16:29:25.610+0700] {processor.py:179} INFO - Processing /home/dwmhr/pln/venv/lib/python3.10/site-packages/airflow/example_dags/example_kubernetes_executor.py took 0.024 seconds
[2025-08-07T16:30:25.236+0700] {processor.py:157} INFO - Started process (PID=126434) to work on /home/dwmhr/pln/venv/lib/python3.10/site-packages/airflow/example_dags/example_kubernetes_executor.py
[2025-08-07T16:30:25.240+0700] {processor.py:829} INFO - Processing file /home/dwmhr/pln/venv/lib/python3.10/site-packages/airflow/example_dags/example_kubernetes_executor.py for tasks to queue
[2025-08-07T16:30:25.242+0700] {logging_mixin.py:154} INFO - [2025-08-07T16:30:25.241+0700] {dagbag.py:536} INFO - Filling up the DagBag from /home/dwmhr/pln/venv/lib/python3.10/site-packages/airflow/example_dags/example_kubernetes_executor.py
[2025-08-07T16:30:25.247+0700] {logging_mixin.py:154} INFO - [2025-08-07T16:30:25.247+0700] {example_kubernetes_executor.py:38} WARNING - The example_kubernetes_executor example DAG requires the kubernetes provider. Please install it with: pip install apache-airflow[cncf.kubernetes]
[2025-08-07T16:30:25.247+0700] {processor.py:841} WARNING - No viable dags retrieved from /home/dwmhr/pln/venv/lib/python3.10/site-packages/airflow/example_dags/example_kubernetes_executor.py
[2025-08-07T16:30:25.265+0700] {processor.py:179} INFO - Processing /home/dwmhr/pln/venv/lib/python3.10/site-packages/airflow/example_dags/example_kubernetes_executor.py took 0.035 seconds
[2025-08-07T16:31:25.442+0700] {processor.py:157} INFO - Started process (PID=126736) to work on /home/dwmhr/pln/venv/lib/python3.10/site-packages/airflow/example_dags/example_kubernetes_executor.py
[2025-08-07T16:31:25.444+0700] {processor.py:829} INFO - Processing file /home/dwmhr/pln/venv/lib/python3.10/site-packages/airflow/example_dags/example_kubernetes_executor.py for tasks to queue
[2025-08-07T16:31:25.446+0700] {logging_mixin.py:154} INFO - [2025-08-07T16:31:25.445+0700] {dagbag.py:536} INFO - Filling up the DagBag from /home/dwmhr/pln/venv/lib/python3.10/site-packages/airflow/example_dags/example_kubernetes_executor.py
[2025-08-07T16:31:25.451+0700] {logging_mixin.py:154} INFO - [2025-08-07T16:31:25.451+0700] {example_kubernetes_executor.py:38} WARNING - The example_kubernetes_executor example DAG requires the kubernetes provider. Please install it with: pip install apache-airflow[cncf.kubernetes]
[2025-08-07T16:31:25.452+0700] {processor.py:841} WARNING - No viable dags retrieved from /home/dwmhr/pln/venv/lib/python3.10/site-packages/airflow/example_dags/example_kubernetes_executor.py
[2025-08-07T16:31:25.469+0700] {processor.py:179} INFO - Processing /home/dwmhr/pln/venv/lib/python3.10/site-packages/airflow/example_dags/example_kubernetes_executor.py took 0.032 seconds
[2025-08-07T16:33:07.878+0700] {processor.py:157} INFO - Started process (PID=127170) to work on /home/dwmhr/pln/venv/lib/python3.10/site-packages/airflow/example_dags/example_kubernetes_executor.py
[2025-08-07T16:33:07.889+0700] {processor.py:829} INFO - Processing file /home/dwmhr/pln/venv/lib/python3.10/site-packages/airflow/example_dags/example_kubernetes_executor.py for tasks to queue
[2025-08-07T16:33:07.894+0700] {logging_mixin.py:154} INFO - [2025-08-07T16:33:07.892+0700] {dagbag.py:536} INFO - Filling up the DagBag from /home/dwmhr/pln/venv/lib/python3.10/site-packages/airflow/example_dags/example_kubernetes_executor.py
[2025-08-07T16:33:07.920+0700] {logging_mixin.py:154} INFO - [2025-08-07T16:33:07.919+0700] {example_kubernetes_executor.py:38} WARNING - The example_kubernetes_executor example DAG requires the kubernetes provider. Please install it with: pip install apache-airflow[cncf.kubernetes]
[2025-08-07T16:33:07.921+0700] {processor.py:841} WARNING - No viable dags retrieved from /home/dwmhr/pln/venv/lib/python3.10/site-packages/airflow/example_dags/example_kubernetes_executor.py
[2025-08-07T16:33:07.970+0700] {processor.py:179} INFO - Processing /home/dwmhr/pln/venv/lib/python3.10/site-packages/airflow/example_dags/example_kubernetes_executor.py took 0.105 seconds
[2025-08-07T16:34:40.510+0700] {processor.py:157} INFO - Started process (PID=127537) to work on /home/dwmhr/pln/venv/lib/python3.10/site-packages/airflow/example_dags/example_kubernetes_executor.py
[2025-08-07T16:34:40.516+0700] {processor.py:829} INFO - Processing file /home/dwmhr/pln/venv/lib/python3.10/site-packages/airflow/example_dags/example_kubernetes_executor.py for tasks to queue
[2025-08-07T16:34:40.517+0700] {logging_mixin.py:154} INFO - [2025-08-07T16:34:40.517+0700] {dagbag.py:536} INFO - Filling up the DagBag from /home/dwmhr/pln/venv/lib/python3.10/site-packages/airflow/example_dags/example_kubernetes_executor.py
[2025-08-07T16:34:40.522+0700] {logging_mixin.py:154} INFO - [2025-08-07T16:34:40.522+0700] {example_kubernetes_executor.py:38} WARNING - The example_kubernetes_executor example DAG requires the kubernetes provider. Please install it with: pip install apache-airflow[cncf.kubernetes]
[2025-08-07T16:34:40.522+0700] {processor.py:841} WARNING - No viable dags retrieved from /home/dwmhr/pln/venv/lib/python3.10/site-packages/airflow/example_dags/example_kubernetes_executor.py
[2025-08-07T16:34:40.534+0700] {processor.py:179} INFO - Processing /home/dwmhr/pln/venv/lib/python3.10/site-packages/airflow/example_dags/example_kubernetes_executor.py took 0.028 seconds
[2025-08-07T16:35:34.594+0700] {processor.py:157} INFO - Started process (PID=127776) to work on /home/dwmhr/pln/venv/lib/python3.10/site-packages/airflow/example_dags/example_kubernetes_executor.py
[2025-08-07T16:35:34.598+0700] {processor.py:829} INFO - Processing file /home/dwmhr/pln/venv/lib/python3.10/site-packages/airflow/example_dags/example_kubernetes_executor.py for tasks to queue
[2025-08-07T16:35:34.599+0700] {logging_mixin.py:154} INFO - [2025-08-07T16:35:34.598+0700] {dagbag.py:536} INFO - Filling up the DagBag from /home/dwmhr/pln/venv/lib/python3.10/site-packages/airflow/example_dags/example_kubernetes_executor.py
[2025-08-07T16:35:34.602+0700] {logging_mixin.py:154} INFO - [2025-08-07T16:35:34.602+0700] {example_kubernetes_executor.py:38} WARNING - The example_kubernetes_executor example DAG requires the kubernetes provider. Please install it with: pip install apache-airflow[cncf.kubernetes]
[2025-08-07T16:35:34.602+0700] {processor.py:841} WARNING - No viable dags retrieved from /home/dwmhr/pln/venv/lib/python3.10/site-packages/airflow/example_dags/example_kubernetes_executor.py
[2025-08-07T16:35:34.615+0700] {processor.py:179} INFO - Processing /home/dwmhr/pln/venv/lib/python3.10/site-packages/airflow/example_dags/example_kubernetes_executor.py took 0.025 seconds
[2025-08-07T16:36:27.545+0700] {processor.py:157} INFO - Started process (PID=127981) to work on /home/dwmhr/pln/venv/lib/python3.10/site-packages/airflow/example_dags/example_kubernetes_executor.py
[2025-08-07T16:36:27.547+0700] {processor.py:829} INFO - Processing file /home/dwmhr/pln/venv/lib/python3.10/site-packages/airflow/example_dags/example_kubernetes_executor.py for tasks to queue
[2025-08-07T16:36:27.547+0700] {logging_mixin.py:154} INFO - [2025-08-07T16:36:27.547+0700] {dagbag.py:536} INFO - Filling up the DagBag from /home/dwmhr/pln/venv/lib/python3.10/site-packages/airflow/example_dags/example_kubernetes_executor.py
[2025-08-07T16:36:27.551+0700] {logging_mixin.py:154} INFO - [2025-08-07T16:36:27.551+0700] {example_kubernetes_executor.py:38} WARNING - The example_kubernetes_executor example DAG requires the kubernetes provider. Please install it with: pip install apache-airflow[cncf.kubernetes]
[2025-08-07T16:36:27.551+0700] {processor.py:841} WARNING - No viable dags retrieved from /home/dwmhr/pln/venv/lib/python3.10/site-packages/airflow/example_dags/example_kubernetes_executor.py
[2025-08-07T16:36:27.562+0700] {processor.py:179} INFO - Processing /home/dwmhr/pln/venv/lib/python3.10/site-packages/airflow/example_dags/example_kubernetes_executor.py took 0.021 seconds
[2025-08-07T16:37:30.533+0700] {processor.py:157} INFO - Started process (PID=128276) to work on /home/dwmhr/pln/venv/lib/python3.10/site-packages/airflow/example_dags/example_kubernetes_executor.py
[2025-08-07T16:37:30.537+0700] {processor.py:829} INFO - Processing file /home/dwmhr/pln/venv/lib/python3.10/site-packages/airflow/example_dags/example_kubernetes_executor.py for tasks to queue
[2025-08-07T16:37:30.539+0700] {logging_mixin.py:154} INFO - [2025-08-07T16:37:30.538+0700] {dagbag.py:536} INFO - Filling up the DagBag from /home/dwmhr/pln/venv/lib/python3.10/site-packages/airflow/example_dags/example_kubernetes_executor.py
[2025-08-07T16:37:30.549+0700] {logging_mixin.py:154} INFO - [2025-08-07T16:37:30.548+0700] {example_kubernetes_executor.py:38} WARNING - The example_kubernetes_executor example DAG requires the kubernetes provider. Please install it with: pip install apache-airflow[cncf.kubernetes]
[2025-08-07T16:37:30.550+0700] {processor.py:841} WARNING - No viable dags retrieved from /home/dwmhr/pln/venv/lib/python3.10/site-packages/airflow/example_dags/example_kubernetes_executor.py
[2025-08-07T16:37:30.578+0700] {processor.py:179} INFO - Processing /home/dwmhr/pln/venv/lib/python3.10/site-packages/airflow/example_dags/example_kubernetes_executor.py took 0.054 seconds
[2025-08-07T16:38:34.899+0700] {processor.py:157} INFO - Started process (PID=128520) to work on /home/dwmhr/pln/venv/lib/python3.10/site-packages/airflow/example_dags/example_kubernetes_executor.py
[2025-08-07T16:38:34.911+0700] {processor.py:829} INFO - Processing file /home/dwmhr/pln/venv/lib/python3.10/site-packages/airflow/example_dags/example_kubernetes_executor.py for tasks to queue
[2025-08-07T16:38:34.918+0700] {logging_mixin.py:154} INFO - [2025-08-07T16:38:34.915+0700] {dagbag.py:536} INFO - Filling up the DagBag from /home/dwmhr/pln/venv/lib/python3.10/site-packages/airflow/example_dags/example_kubernetes_executor.py
[2025-08-07T16:38:34.937+0700] {logging_mixin.py:154} INFO - [2025-08-07T16:38:34.937+0700] {example_kubernetes_executor.py:38} WARNING - The example_kubernetes_executor example DAG requires the kubernetes provider. Please install it with: pip install apache-airflow[cncf.kubernetes]
[2025-08-07T16:38:34.939+0700] {processor.py:841} WARNING - No viable dags retrieved from /home/dwmhr/pln/venv/lib/python3.10/site-packages/airflow/example_dags/example_kubernetes_executor.py
[2025-08-07T16:38:35.004+0700] {processor.py:179} INFO - Processing /home/dwmhr/pln/venv/lib/python3.10/site-packages/airflow/example_dags/example_kubernetes_executor.py took 0.135 seconds
[2025-08-07T16:39:29.683+0700] {processor.py:157} INFO - Started process (PID=128758) to work on /home/dwmhr/pln/venv/lib/python3.10/site-packages/airflow/example_dags/example_kubernetes_executor.py
[2025-08-07T16:39:29.690+0700] {processor.py:829} INFO - Processing file /home/dwmhr/pln/venv/lib/python3.10/site-packages/airflow/example_dags/example_kubernetes_executor.py for tasks to queue
[2025-08-07T16:39:29.694+0700] {logging_mixin.py:154} INFO - [2025-08-07T16:39:29.693+0700] {dagbag.py:536} INFO - Filling up the DagBag from /home/dwmhr/pln/venv/lib/python3.10/site-packages/airflow/example_dags/example_kubernetes_executor.py
[2025-08-07T16:39:29.708+0700] {logging_mixin.py:154} INFO - [2025-08-07T16:39:29.707+0700] {example_kubernetes_executor.py:38} WARNING - The example_kubernetes_executor example DAG requires the kubernetes provider. Please install it with: pip install apache-airflow[cncf.kubernetes]
[2025-08-07T16:39:29.709+0700] {processor.py:841} WARNING - No viable dags retrieved from /home/dwmhr/pln/venv/lib/python3.10/site-packages/airflow/example_dags/example_kubernetes_executor.py
[2025-08-07T16:39:29.755+0700] {processor.py:179} INFO - Processing /home/dwmhr/pln/venv/lib/python3.10/site-packages/airflow/example_dags/example_kubernetes_executor.py took 0.084 seconds
[2025-08-07T16:40:43.657+0700] {processor.py:157} INFO - Started process (PID=129033) to work on /home/dwmhr/pln/venv/lib/python3.10/site-packages/airflow/example_dags/example_kubernetes_executor.py
[2025-08-07T16:40:43.662+0700] {processor.py:829} INFO - Processing file /home/dwmhr/pln/venv/lib/python3.10/site-packages/airflow/example_dags/example_kubernetes_executor.py for tasks to queue
[2025-08-07T16:40:43.663+0700] {logging_mixin.py:154} INFO - [2025-08-07T16:40:43.663+0700] {dagbag.py:536} INFO - Filling up the DagBag from /home/dwmhr/pln/venv/lib/python3.10/site-packages/airflow/example_dags/example_kubernetes_executor.py
[2025-08-07T16:40:43.669+0700] {logging_mixin.py:154} INFO - [2025-08-07T16:40:43.669+0700] {example_kubernetes_executor.py:38} WARNING - The example_kubernetes_executor example DAG requires the kubernetes provider. Please install it with: pip install apache-airflow[cncf.kubernetes]
[2025-08-07T16:40:43.670+0700] {processor.py:841} WARNING - No viable dags retrieved from /home/dwmhr/pln/venv/lib/python3.10/site-packages/airflow/example_dags/example_kubernetes_executor.py
[2025-08-07T16:40:43.689+0700] {processor.py:179} INFO - Processing /home/dwmhr/pln/venv/lib/python3.10/site-packages/airflow/example_dags/example_kubernetes_executor.py took 0.038 seconds
[2025-08-07T16:41:37.796+0700] {processor.py:157} INFO - Started process (PID=129282) to work on /home/dwmhr/pln/venv/lib/python3.10/site-packages/airflow/example_dags/example_kubernetes_executor.py
[2025-08-07T16:41:37.798+0700] {processor.py:829} INFO - Processing file /home/dwmhr/pln/venv/lib/python3.10/site-packages/airflow/example_dags/example_kubernetes_executor.py for tasks to queue
[2025-08-07T16:41:37.799+0700] {logging_mixin.py:154} INFO - [2025-08-07T16:41:37.798+0700] {dagbag.py:536} INFO - Filling up the DagBag from /home/dwmhr/pln/venv/lib/python3.10/site-packages/airflow/example_dags/example_kubernetes_executor.py
[2025-08-07T16:41:37.803+0700] {logging_mixin.py:154} INFO - [2025-08-07T16:41:37.802+0700] {example_kubernetes_executor.py:38} WARNING - The example_kubernetes_executor example DAG requires the kubernetes provider. Please install it with: pip install apache-airflow[cncf.kubernetes]
[2025-08-07T16:41:37.803+0700] {processor.py:841} WARNING - No viable dags retrieved from /home/dwmhr/pln/venv/lib/python3.10/site-packages/airflow/example_dags/example_kubernetes_executor.py
[2025-08-07T16:41:37.819+0700] {processor.py:179} INFO - Processing /home/dwmhr/pln/venv/lib/python3.10/site-packages/airflow/example_dags/example_kubernetes_executor.py took 0.027 seconds
[2025-08-07T16:42:23.373+0700] {processor.py:157} INFO - Started process (PID=129477) to work on /home/dwmhr/pln/venv/lib/python3.10/site-packages/airflow/example_dags/example_kubernetes_executor.py
[2025-08-07T16:42:23.375+0700] {processor.py:829} INFO - Processing file /home/dwmhr/pln/venv/lib/python3.10/site-packages/airflow/example_dags/example_kubernetes_executor.py for tasks to queue
[2025-08-07T16:42:23.376+0700] {logging_mixin.py:154} INFO - [2025-08-07T16:42:23.376+0700] {dagbag.py:536} INFO - Filling up the DagBag from /home/dwmhr/pln/venv/lib/python3.10/site-packages/airflow/example_dags/example_kubernetes_executor.py
[2025-08-07T16:42:23.381+0700] {logging_mixin.py:154} INFO - [2025-08-07T16:42:23.380+0700] {example_kubernetes_executor.py:38} WARNING - The example_kubernetes_executor example DAG requires the kubernetes provider. Please install it with: pip install apache-airflow[cncf.kubernetes]
[2025-08-07T16:42:23.381+0700] {processor.py:841} WARNING - No viable dags retrieved from /home/dwmhr/pln/venv/lib/python3.10/site-packages/airflow/example_dags/example_kubernetes_executor.py
[2025-08-07T16:42:23.396+0700] {processor.py:179} INFO - Processing /home/dwmhr/pln/venv/lib/python3.10/site-packages/airflow/example_dags/example_kubernetes_executor.py took 0.030 seconds
[2025-08-07T16:43:16.807+0700] {processor.py:157} INFO - Started process (PID=129681) to work on /home/dwmhr/pln/venv/lib/python3.10/site-packages/airflow/example_dags/example_kubernetes_executor.py
[2025-08-07T16:43:16.811+0700] {processor.py:829} INFO - Processing file /home/dwmhr/pln/venv/lib/python3.10/site-packages/airflow/example_dags/example_kubernetes_executor.py for tasks to queue
[2025-08-07T16:43:16.813+0700] {logging_mixin.py:154} INFO - [2025-08-07T16:43:16.812+0700] {dagbag.py:536} INFO - Filling up the DagBag from /home/dwmhr/pln/venv/lib/python3.10/site-packages/airflow/example_dags/example_kubernetes_executor.py
[2025-08-07T16:43:16.822+0700] {logging_mixin.py:154} INFO - [2025-08-07T16:43:16.822+0700] {example_kubernetes_executor.py:38} WARNING - The example_kubernetes_executor example DAG requires the kubernetes provider. Please install it with: pip install apache-airflow[cncf.kubernetes]
[2025-08-07T16:43:16.823+0700] {processor.py:841} WARNING - No viable dags retrieved from /home/dwmhr/pln/venv/lib/python3.10/site-packages/airflow/example_dags/example_kubernetes_executor.py
[2025-08-07T16:43:16.857+0700] {processor.py:179} INFO - Processing /home/dwmhr/pln/venv/lib/python3.10/site-packages/airflow/example_dags/example_kubernetes_executor.py took 0.063 seconds
[2025-08-07T16:44:09.791+0700] {processor.py:157} INFO - Started process (PID=129907) to work on /home/dwmhr/pln/venv/lib/python3.10/site-packages/airflow/example_dags/example_kubernetes_executor.py
[2025-08-07T16:44:09.793+0700] {processor.py:829} INFO - Processing file /home/dwmhr/pln/venv/lib/python3.10/site-packages/airflow/example_dags/example_kubernetes_executor.py for tasks to queue
[2025-08-07T16:44:09.794+0700] {logging_mixin.py:154} INFO - [2025-08-07T16:44:09.794+0700] {dagbag.py:536} INFO - Filling up the DagBag from /home/dwmhr/pln/venv/lib/python3.10/site-packages/airflow/example_dags/example_kubernetes_executor.py
[2025-08-07T16:44:09.799+0700] {logging_mixin.py:154} INFO - [2025-08-07T16:44:09.799+0700] {example_kubernetes_executor.py:38} WARNING - The example_kubernetes_executor example DAG requires the kubernetes provider. Please install it with: pip install apache-airflow[cncf.kubernetes]
[2025-08-07T16:44:09.799+0700] {processor.py:841} WARNING - No viable dags retrieved from /home/dwmhr/pln/venv/lib/python3.10/site-packages/airflow/example_dags/example_kubernetes_executor.py
[2025-08-07T16:44:09.815+0700] {processor.py:179} INFO - Processing /home/dwmhr/pln/venv/lib/python3.10/site-packages/airflow/example_dags/example_kubernetes_executor.py took 0.028 seconds
[2025-08-07T16:44:50.710+0700] {processor.py:157} INFO - Started process (PID=130106) to work on /home/dwmhr/pln/venv/lib/python3.10/site-packages/airflow/example_dags/example_kubernetes_executor.py
[2025-08-07T16:44:50.722+0700] {processor.py:829} INFO - Processing file /home/dwmhr/pln/venv/lib/python3.10/site-packages/airflow/example_dags/example_kubernetes_executor.py for tasks to queue
[2025-08-07T16:44:50.724+0700] {logging_mixin.py:154} INFO - [2025-08-07T16:44:50.724+0700] {dagbag.py:536} INFO - Filling up the DagBag from /home/dwmhr/pln/venv/lib/python3.10/site-packages/airflow/example_dags/example_kubernetes_executor.py
[2025-08-07T16:44:50.728+0700] {logging_mixin.py:154} INFO - [2025-08-07T16:44:50.727+0700] {example_kubernetes_executor.py:38} WARNING - The example_kubernetes_executor example DAG requires the kubernetes provider. Please install it with: pip install apache-airflow[cncf.kubernetes]
[2025-08-07T16:44:50.728+0700] {processor.py:841} WARNING - No viable dags retrieved from /home/dwmhr/pln/venv/lib/python3.10/site-packages/airflow/example_dags/example_kubernetes_executor.py
[2025-08-07T16:44:50.740+0700] {processor.py:179} INFO - Processing /home/dwmhr/pln/venv/lib/python3.10/site-packages/airflow/example_dags/example_kubernetes_executor.py took 0.034 seconds
[2025-08-07T16:45:34.305+0700] {processor.py:157} INFO - Started process (PID=130292) to work on /home/dwmhr/pln/venv/lib/python3.10/site-packages/airflow/example_dags/example_kubernetes_executor.py
[2025-08-07T16:45:34.306+0700] {processor.py:829} INFO - Processing file /home/dwmhr/pln/venv/lib/python3.10/site-packages/airflow/example_dags/example_kubernetes_executor.py for tasks to queue
[2025-08-07T16:45:34.307+0700] {logging_mixin.py:154} INFO - [2025-08-07T16:45:34.307+0700] {dagbag.py:536} INFO - Filling up the DagBag from /home/dwmhr/pln/venv/lib/python3.10/site-packages/airflow/example_dags/example_kubernetes_executor.py
[2025-08-07T16:45:34.311+0700] {logging_mixin.py:154} INFO - [2025-08-07T16:45:34.310+0700] {example_kubernetes_executor.py:38} WARNING - The example_kubernetes_executor example DAG requires the kubernetes provider. Please install it with: pip install apache-airflow[cncf.kubernetes]
[2025-08-07T16:45:34.311+0700] {processor.py:841} WARNING - No viable dags retrieved from /home/dwmhr/pln/venv/lib/python3.10/site-packages/airflow/example_dags/example_kubernetes_executor.py
[2025-08-07T16:45:34.321+0700] {processor.py:179} INFO - Processing /home/dwmhr/pln/venv/lib/python3.10/site-packages/airflow/example_dags/example_kubernetes_executor.py took 0.020 seconds
[2025-08-07T16:46:24.361+0700] {processor.py:157} INFO - Started process (PID=130502) to work on /home/dwmhr/pln/venv/lib/python3.10/site-packages/airflow/example_dags/example_kubernetes_executor.py
[2025-08-07T16:46:24.366+0700] {processor.py:829} INFO - Processing file /home/dwmhr/pln/venv/lib/python3.10/site-packages/airflow/example_dags/example_kubernetes_executor.py for tasks to queue
[2025-08-07T16:46:24.369+0700] {logging_mixin.py:154} INFO - [2025-08-07T16:46:24.368+0700] {dagbag.py:536} INFO - Filling up the DagBag from /home/dwmhr/pln/venv/lib/python3.10/site-packages/airflow/example_dags/example_kubernetes_executor.py
[2025-08-07T16:46:24.386+0700] {logging_mixin.py:154} INFO - [2025-08-07T16:46:24.385+0700] {example_kubernetes_executor.py:38} WARNING - The example_kubernetes_executor example DAG requires the kubernetes provider. Please install it with: pip install apache-airflow[cncf.kubernetes]
[2025-08-07T16:46:24.387+0700] {processor.py:841} WARNING - No viable dags retrieved from /home/dwmhr/pln/venv/lib/python3.10/site-packages/airflow/example_dags/example_kubernetes_executor.py
[2025-08-07T16:46:24.447+0700] {processor.py:179} INFO - Processing /home/dwmhr/pln/venv/lib/python3.10/site-packages/airflow/example_dags/example_kubernetes_executor.py took 0.095 seconds
[2025-08-07T16:47:26.721+0700] {processor.py:157} INFO - Started process (PID=130795) to work on /home/dwmhr/pln/venv/lib/python3.10/site-packages/airflow/example_dags/example_kubernetes_executor.py
[2025-08-07T16:47:26.724+0700] {processor.py:829} INFO - Processing file /home/dwmhr/pln/venv/lib/python3.10/site-packages/airflow/example_dags/example_kubernetes_executor.py for tasks to queue
[2025-08-07T16:47:26.725+0700] {logging_mixin.py:154} INFO - [2025-08-07T16:47:26.725+0700] {dagbag.py:536} INFO - Filling up the DagBag from /home/dwmhr/pln/venv/lib/python3.10/site-packages/airflow/example_dags/example_kubernetes_executor.py
[2025-08-07T16:47:26.729+0700] {logging_mixin.py:154} INFO - [2025-08-07T16:47:26.729+0700] {example_kubernetes_executor.py:38} WARNING - The example_kubernetes_executor example DAG requires the kubernetes provider. Please install it with: pip install apache-airflow[cncf.kubernetes]
[2025-08-07T16:47:26.729+0700] {processor.py:841} WARNING - No viable dags retrieved from /home/dwmhr/pln/venv/lib/python3.10/site-packages/airflow/example_dags/example_kubernetes_executor.py
[2025-08-07T16:47:26.743+0700] {processor.py:179} INFO - Processing /home/dwmhr/pln/venv/lib/python3.10/site-packages/airflow/example_dags/example_kubernetes_executor.py took 0.026 seconds
[2025-08-07T16:48:09.209+0700] {processor.py:157} INFO - Started process (PID=130981) to work on /home/dwmhr/pln/venv/lib/python3.10/site-packages/airflow/example_dags/example_kubernetes_executor.py
[2025-08-07T16:48:09.221+0700] {processor.py:829} INFO - Processing file /home/dwmhr/pln/venv/lib/python3.10/site-packages/airflow/example_dags/example_kubernetes_executor.py for tasks to queue
[2025-08-07T16:48:09.228+0700] {logging_mixin.py:154} INFO - [2025-08-07T16:48:09.225+0700] {dagbag.py:536} INFO - Filling up the DagBag from /home/dwmhr/pln/venv/lib/python3.10/site-packages/airflow/example_dags/example_kubernetes_executor.py
[2025-08-07T16:48:09.260+0700] {logging_mixin.py:154} INFO - [2025-08-07T16:48:09.258+0700] {example_kubernetes_executor.py:38} WARNING - The example_kubernetes_executor example DAG requires the kubernetes provider. Please install it with: pip install apache-airflow[cncf.kubernetes]
[2025-08-07T16:48:09.263+0700] {processor.py:841} WARNING - No viable dags retrieved from /home/dwmhr/pln/venv/lib/python3.10/site-packages/airflow/example_dags/example_kubernetes_executor.py
[2025-08-07T16:48:08.070+0700] {processor.py:179} INFO - Processing /home/dwmhr/pln/venv/lib/python3.10/site-packages/airflow/example_dags/example_kubernetes_executor.py took 0.197 seconds
[2025-08-07T16:48:57.527+0700] {processor.py:157} INFO - Started process (PID=131176) to work on /home/dwmhr/pln/venv/lib/python3.10/site-packages/airflow/example_dags/example_kubernetes_executor.py
[2025-08-07T16:48:57.529+0700] {processor.py:829} INFO - Processing file /home/dwmhr/pln/venv/lib/python3.10/site-packages/airflow/example_dags/example_kubernetes_executor.py for tasks to queue
[2025-08-07T16:48:57.529+0700] {logging_mixin.py:154} INFO - [2025-08-07T16:48:57.529+0700] {dagbag.py:536} INFO - Filling up the DagBag from /home/dwmhr/pln/venv/lib/python3.10/site-packages/airflow/example_dags/example_kubernetes_executor.py
[2025-08-07T16:48:57.532+0700] {logging_mixin.py:154} INFO - [2025-08-07T16:48:57.532+0700] {example_kubernetes_executor.py:38} WARNING - The example_kubernetes_executor example DAG requires the kubernetes provider. Please install it with: pip install apache-airflow[cncf.kubernetes]
[2025-08-07T16:48:57.532+0700] {processor.py:841} WARNING - No viable dags retrieved from /home/dwmhr/pln/venv/lib/python3.10/site-packages/airflow/example_dags/example_kubernetes_executor.py
[2025-08-07T16:48:57.541+0700] {processor.py:179} INFO - Processing /home/dwmhr/pln/venv/lib/python3.10/site-packages/airflow/example_dags/example_kubernetes_executor.py took 0.017 seconds
