[2025-08-07T15:45:08.967+0700] {processor.py:157} INFO - Started process (PID=113241) to work on /home/dwmhr/pln/venv/lib/python3.10/site-packages/airflow/example_dags/example_skip_dag.py
[2025-08-07T15:45:08.968+0700] {processor.py:829} INFO - Processing file /home/dwmhr/pln/venv/lib/python3.10/site-packages/airflow/example_dags/example_skip_dag.py for tasks to queue
[2025-08-07T15:45:08.969+0700] {logging_mixin.py:154} INFO - [2025-08-07T15:45:08.968+0700] {dagbag.py:536} INFO - Filling up the DagBag from /home/dwmhr/pln/venv/lib/python3.10/site-packages/airflow/example_dags/example_skip_dag.py
[2025-08-07T15:45:08.981+0700] {processor.py:839} INFO - DAG(s) dict_keys(['example_skip_dag']) retrieved from /home/dwmhr/pln/venv/lib/python3.10/site-packages/airflow/example_dags/example_skip_dag.py
[2025-08-07T15:45:09.156+0700] {logging_mixin.py:154} INFO - [2025-08-07T15:45:09.155+0700] {manager.py:499} INFO - Created Permission View: %s
[2025-08-07T15:45:09.172+0700] {logging_mixin.py:154} INFO - [2025-08-07T15:45:09.171+0700] {manager.py:499} INFO - Created Permission View: %s
[2025-08-07T15:45:09.184+0700] {logging_mixin.py:154} INFO - [2025-08-07T15:45:09.184+0700] {manager.py:499} INFO - Created Permission View: %s
[2025-08-07T15:45:09.185+0700] {logging_mixin.py:154} INFO - [2025-08-07T15:45:09.184+0700] {dag.py:2941} INFO - Sync 1 DAGs
[2025-08-07T15:45:09.198+0700] {logging_mixin.py:154} INFO - [2025-08-07T15:45:09.197+0700] {dag.py:2963} INFO - Creating ORM DAG for example_skip_dag
[2025-08-07T15:45:09.208+0700] {logging_mixin.py:154} INFO - [2025-08-07T15:45:09.208+0700] {dag.py:3722} INFO - Setting next_dagrun for example_skip_dag to 2025-08-06T08:45:09.207918+00:00, run_after=2025-08-07T08:45:09.207918+00:00
[2025-08-07T15:45:09.235+0700] {processor.py:179} INFO - Processing /home/dwmhr/pln/venv/lib/python3.10/site-packages/airflow/example_dags/example_skip_dag.py took 0.272 seconds
[2025-08-07T15:46:19.739+0700] {processor.py:157} INFO - Started process (PID=113585) to work on /home/dwmhr/pln/venv/lib/python3.10/site-packages/airflow/example_dags/example_skip_dag.py
[2025-08-07T15:46:19.742+0700] {processor.py:829} INFO - Processing file /home/dwmhr/pln/venv/lib/python3.10/site-packages/airflow/example_dags/example_skip_dag.py for tasks to queue
[2025-08-07T15:46:19.744+0700] {logging_mixin.py:154} INFO - [2025-08-07T15:46:19.743+0700] {dagbag.py:536} INFO - Filling up the DagBag from /home/dwmhr/pln/venv/lib/python3.10/site-packages/airflow/example_dags/example_skip_dag.py
[2025-08-07T15:46:19.763+0700] {processor.py:839} INFO - DAG(s) dict_keys(['example_skip_dag']) retrieved from /home/dwmhr/pln/venv/lib/python3.10/site-packages/airflow/example_dags/example_skip_dag.py
[2025-08-07T15:46:19.808+0700] {logging_mixin.py:154} INFO - [2025-08-07T15:46:19.808+0700] {dag.py:2941} INFO - Sync 1 DAGs
[2025-08-07T15:46:19.849+0700] {logging_mixin.py:154} INFO - [2025-08-07T15:46:19.848+0700] {dag.py:3722} INFO - Setting next_dagrun for example_skip_dag to 2025-08-06T08:46:19.848281+00:00, run_after=2025-08-07T08:46:19.848281+00:00
[2025-08-07T15:46:19.927+0700] {processor.py:179} INFO - Processing /home/dwmhr/pln/venv/lib/python3.10/site-packages/airflow/example_dags/example_skip_dag.py took 0.198 seconds
[2025-08-07T15:47:14.861+0700] {processor.py:157} INFO - Started process (PID=113873) to work on /home/dwmhr/pln/venv/lib/python3.10/site-packages/airflow/example_dags/example_skip_dag.py
[2025-08-07T15:47:14.863+0700] {processor.py:829} INFO - Processing file /home/dwmhr/pln/venv/lib/python3.10/site-packages/airflow/example_dags/example_skip_dag.py for tasks to queue
[2025-08-07T15:47:14.864+0700] {logging_mixin.py:154} INFO - [2025-08-07T15:47:14.864+0700] {dagbag.py:536} INFO - Filling up the DagBag from /home/dwmhr/pln/venv/lib/python3.10/site-packages/airflow/example_dags/example_skip_dag.py
[2025-08-07T15:47:14.877+0700] {processor.py:839} INFO - DAG(s) dict_keys(['example_skip_dag']) retrieved from /home/dwmhr/pln/venv/lib/python3.10/site-packages/airflow/example_dags/example_skip_dag.py
[2025-08-07T15:47:14.902+0700] {logging_mixin.py:154} INFO - [2025-08-07T15:47:14.902+0700] {dag.py:2941} INFO - Sync 1 DAGs
[2025-08-07T15:47:14.930+0700] {logging_mixin.py:154} INFO - [2025-08-07T15:47:14.929+0700] {dag.py:3722} INFO - Setting next_dagrun for example_skip_dag to 2025-08-06T08:47:14.929588+00:00, run_after=2025-08-07T08:47:14.929588+00:00
[2025-08-07T15:47:14.970+0700] {processor.py:179} INFO - Processing /home/dwmhr/pln/venv/lib/python3.10/site-packages/airflow/example_dags/example_skip_dag.py took 0.113 seconds
[2025-08-07T15:47:59.804+0700] {processor.py:157} INFO - Started process (PID=114111) to work on /home/dwmhr/pln/venv/lib/python3.10/site-packages/airflow/example_dags/example_skip_dag.py
[2025-08-07T15:47:59.806+0700] {processor.py:829} INFO - Processing file /home/dwmhr/pln/venv/lib/python3.10/site-packages/airflow/example_dags/example_skip_dag.py for tasks to queue
[2025-08-07T15:47:59.806+0700] {logging_mixin.py:154} INFO - [2025-08-07T15:47:59.806+0700] {dagbag.py:536} INFO - Filling up the DagBag from /home/dwmhr/pln/venv/lib/python3.10/site-packages/airflow/example_dags/example_skip_dag.py
[2025-08-07T15:47:59.812+0700] {processor.py:839} INFO - DAG(s) dict_keys(['example_skip_dag']) retrieved from /home/dwmhr/pln/venv/lib/python3.10/site-packages/airflow/example_dags/example_skip_dag.py
[2025-08-07T15:47:59.826+0700] {logging_mixin.py:154} INFO - [2025-08-07T15:47:59.826+0700] {dag.py:2941} INFO - Sync 1 DAGs
[2025-08-07T15:47:59.839+0700] {logging_mixin.py:154} INFO - [2025-08-07T15:47:59.839+0700] {dag.py:3722} INFO - Setting next_dagrun for example_skip_dag to 2025-08-06T08:47:59.839531+00:00, run_after=2025-08-07T08:47:59.839531+00:00
[2025-08-07T15:47:59.857+0700] {processor.py:179} INFO - Processing /home/dwmhr/pln/venv/lib/python3.10/site-packages/airflow/example_dags/example_skip_dag.py took 0.056 seconds
[2025-08-07T15:48:56.731+0700] {processor.py:157} INFO - Started process (PID=114415) to work on /home/dwmhr/pln/venv/lib/python3.10/site-packages/airflow/example_dags/example_skip_dag.py
[2025-08-07T15:48:56.736+0700] {processor.py:829} INFO - Processing file /home/dwmhr/pln/venv/lib/python3.10/site-packages/airflow/example_dags/example_skip_dag.py for tasks to queue
[2025-08-07T15:48:56.739+0700] {logging_mixin.py:154} INFO - [2025-08-07T15:48:56.738+0700] {dagbag.py:536} INFO - Filling up the DagBag from /home/dwmhr/pln/venv/lib/python3.10/site-packages/airflow/example_dags/example_skip_dag.py
[2025-08-07T15:48:56.771+0700] {processor.py:839} INFO - DAG(s) dict_keys(['example_skip_dag']) retrieved from /home/dwmhr/pln/venv/lib/python3.10/site-packages/airflow/example_dags/example_skip_dag.py
[2025-08-07T15:48:56.852+0700] {logging_mixin.py:154} INFO - [2025-08-07T15:48:56.851+0700] {dag.py:2941} INFO - Sync 1 DAGs
[2025-08-07T15:48:56.933+0700] {logging_mixin.py:154} INFO - [2025-08-07T15:48:56.932+0700] {dag.py:3722} INFO - Setting next_dagrun for example_skip_dag to 2025-08-06T08:48:56.932066+00:00, run_after=2025-08-07T08:48:56.932066+00:00
[2025-08-07T15:48:57.036+0700] {processor.py:179} INFO - Processing /home/dwmhr/pln/venv/lib/python3.10/site-packages/airflow/example_dags/example_skip_dag.py took 0.318 seconds
[2025-08-07T15:50:13.116+0700] {processor.py:157} INFO - Started process (PID=114799) to work on /home/dwmhr/pln/venv/lib/python3.10/site-packages/airflow/example_dags/example_skip_dag.py
[2025-08-07T15:50:13.147+0700] {processor.py:829} INFO - Processing file /home/dwmhr/pln/venv/lib/python3.10/site-packages/airflow/example_dags/example_skip_dag.py for tasks to queue
[2025-08-07T15:50:13.167+0700] {logging_mixin.py:154} INFO - [2025-08-07T15:50:13.152+0700] {dagbag.py:536} INFO - Filling up the DagBag from /home/dwmhr/pln/venv/lib/python3.10/site-packages/airflow/example_dags/example_skip_dag.py
[2025-08-07T15:50:13.366+0700] {processor.py:839} INFO - DAG(s) dict_keys(['example_skip_dag']) retrieved from /home/dwmhr/pln/venv/lib/python3.10/site-packages/airflow/example_dags/example_skip_dag.py
[2025-08-07T15:50:13.719+0700] {logging_mixin.py:154} INFO - [2025-08-07T15:50:13.718+0700] {dag.py:2941} INFO - Sync 1 DAGs
[2025-08-07T15:50:14.054+0700] {logging_mixin.py:154} INFO - [2025-08-07T15:50:14.050+0700] {dag.py:3722} INFO - Setting next_dagrun for example_skip_dag to 2025-08-06T08:50:14.048507+00:00, run_after=2025-08-07T08:50:14.048507+00:00
[2025-08-07T15:50:14.207+0700] {processor.py:179} INFO - Processing /home/dwmhr/pln/venv/lib/python3.10/site-packages/airflow/example_dags/example_skip_dag.py took 1.181 seconds
[2025-08-07T15:50:59.682+0700] {processor.py:157} INFO - Started process (PID=115090) to work on /home/dwmhr/pln/venv/lib/python3.10/site-packages/airflow/example_dags/example_skip_dag.py
[2025-08-07T15:50:59.691+0700] {processor.py:829} INFO - Processing file /home/dwmhr/pln/venv/lib/python3.10/site-packages/airflow/example_dags/example_skip_dag.py for tasks to queue
[2025-08-07T15:50:59.696+0700] {logging_mixin.py:154} INFO - [2025-08-07T15:50:59.694+0700] {dagbag.py:536} INFO - Filling up the DagBag from /home/dwmhr/pln/venv/lib/python3.10/site-packages/airflow/example_dags/example_skip_dag.py
[2025-08-07T15:50:59.764+0700] {processor.py:839} INFO - DAG(s) dict_keys(['example_skip_dag']) retrieved from /home/dwmhr/pln/venv/lib/python3.10/site-packages/airflow/example_dags/example_skip_dag.py
[2025-08-07T15:50:59.893+0700] {logging_mixin.py:154} INFO - [2025-08-07T15:50:59.892+0700] {dag.py:2941} INFO - Sync 1 DAGs
[2025-08-07T15:51:00.097+0700] {logging_mixin.py:154} INFO - [2025-08-07T15:51:00.096+0700] {dag.py:3722} INFO - Setting next_dagrun for example_skip_dag to 2025-08-06T08:51:00.095346+00:00, run_after=2025-08-07T08:51:00.095346+00:00
[2025-08-07T15:51:00.173+0700] {processor.py:179} INFO - Processing /home/dwmhr/pln/venv/lib/python3.10/site-packages/airflow/example_dags/example_skip_dag.py took 0.533 seconds
[2025-08-07T15:52:00.101+0700] {processor.py:157} INFO - Started process (PID=115411) to work on /home/dwmhr/pln/venv/lib/python3.10/site-packages/airflow/example_dags/example_skip_dag.py
[2025-08-07T15:52:00.110+0700] {processor.py:829} INFO - Processing file /home/dwmhr/pln/venv/lib/python3.10/site-packages/airflow/example_dags/example_skip_dag.py for tasks to queue
[2025-08-07T15:52:00.118+0700] {logging_mixin.py:154} INFO - [2025-08-07T15:52:00.115+0700] {dagbag.py:536} INFO - Filling up the DagBag from /home/dwmhr/pln/venv/lib/python3.10/site-packages/airflow/example_dags/example_skip_dag.py
[2025-08-07T15:52:00.196+0700] {processor.py:839} INFO - DAG(s) dict_keys(['example_skip_dag']) retrieved from /home/dwmhr/pln/venv/lib/python3.10/site-packages/airflow/example_dags/example_skip_dag.py
[2025-08-07T15:52:00.419+0700] {logging_mixin.py:154} INFO - [2025-08-07T15:52:00.418+0700] {dag.py:2941} INFO - Sync 1 DAGs
[2025-08-07T15:52:00.696+0700] {logging_mixin.py:154} INFO - [2025-08-07T15:52:00.694+0700] {dag.py:3722} INFO - Setting next_dagrun for example_skip_dag to 2025-08-06T08:52:00.680056+00:00, run_after=2025-08-07T08:52:00.680056+00:00
[2025-08-07T15:52:00.931+0700] {processor.py:179} INFO - Processing /home/dwmhr/pln/venv/lib/python3.10/site-packages/airflow/example_dags/example_skip_dag.py took 0.866 seconds
[2025-08-07T15:52:59.601+0700] {processor.py:157} INFO - Started process (PID=115650) to work on /home/dwmhr/pln/venv/lib/python3.10/site-packages/airflow/example_dags/example_skip_dag.py
[2025-08-07T15:52:59.608+0700] {processor.py:829} INFO - Processing file /home/dwmhr/pln/venv/lib/python3.10/site-packages/airflow/example_dags/example_skip_dag.py for tasks to queue
[2025-08-07T15:52:59.618+0700] {logging_mixin.py:154} INFO - [2025-08-07T15:52:59.611+0700] {dagbag.py:536} INFO - Filling up the DagBag from /home/dwmhr/pln/venv/lib/python3.10/site-packages/airflow/example_dags/example_skip_dag.py
[2025-08-07T15:52:59.720+0700] {processor.py:839} INFO - DAG(s) dict_keys(['example_skip_dag']) retrieved from /home/dwmhr/pln/venv/lib/python3.10/site-packages/airflow/example_dags/example_skip_dag.py
[2025-08-07T15:53:00.031+0700] {logging_mixin.py:154} INFO - [2025-08-07T15:53:00.030+0700] {dag.py:2941} INFO - Sync 1 DAGs
[2025-08-07T15:53:00.243+0700] {logging_mixin.py:154} INFO - [2025-08-07T15:53:00.241+0700] {dag.py:3722} INFO - Setting next_dagrun for example_skip_dag to 2025-08-06T08:53:00.239418+00:00, run_after=2025-08-07T08:53:00.239418+00:00
[2025-08-07T15:53:00.430+0700] {processor.py:179} INFO - Processing /home/dwmhr/pln/venv/lib/python3.10/site-packages/airflow/example_dags/example_skip_dag.py took 0.850 seconds
[2025-08-07T15:54:40.386+0700] {processor.py:157} INFO - Started process (PID=116078) to work on /home/dwmhr/pln/venv/lib/python3.10/site-packages/airflow/example_dags/example_skip_dag.py
[2025-08-07T15:54:40.388+0700] {processor.py:829} INFO - Processing file /home/dwmhr/pln/venv/lib/python3.10/site-packages/airflow/example_dags/example_skip_dag.py for tasks to queue
[2025-08-07T15:54:40.389+0700] {logging_mixin.py:154} INFO - [2025-08-07T15:54:40.388+0700] {dagbag.py:536} INFO - Filling up the DagBag from /home/dwmhr/pln/venv/lib/python3.10/site-packages/airflow/example_dags/example_skip_dag.py
[2025-08-07T15:54:40.398+0700] {processor.py:839} INFO - DAG(s) dict_keys(['example_skip_dag']) retrieved from /home/dwmhr/pln/venv/lib/python3.10/site-packages/airflow/example_dags/example_skip_dag.py
[2025-08-07T15:54:40.415+0700] {logging_mixin.py:154} INFO - [2025-08-07T15:54:40.415+0700] {dag.py:2941} INFO - Sync 1 DAGs
[2025-08-07T15:54:40.433+0700] {logging_mixin.py:154} INFO - [2025-08-07T15:54:40.433+0700] {dag.py:3722} INFO - Setting next_dagrun for example_skip_dag to 2025-08-06T08:54:40.433164+00:00, run_after=2025-08-07T08:54:40.433164+00:00
[2025-08-07T15:54:40.459+0700] {processor.py:179} INFO - Processing /home/dwmhr/pln/venv/lib/python3.10/site-packages/airflow/example_dags/example_skip_dag.py took 0.077 seconds
[2025-08-07T15:55:55.725+0700] {processor.py:157} INFO - Started process (PID=116505) to work on /home/dwmhr/pln/venv/lib/python3.10/site-packages/airflow/example_dags/example_skip_dag.py
[2025-08-07T15:55:55.730+0700] {processor.py:829} INFO - Processing file /home/dwmhr/pln/venv/lib/python3.10/site-packages/airflow/example_dags/example_skip_dag.py for tasks to queue
[2025-08-07T15:55:55.733+0700] {logging_mixin.py:154} INFO - [2025-08-07T15:55:55.732+0700] {dagbag.py:536} INFO - Filling up the DagBag from /home/dwmhr/pln/venv/lib/python3.10/site-packages/airflow/example_dags/example_skip_dag.py
[2025-08-07T15:55:55.782+0700] {processor.py:839} INFO - DAG(s) dict_keys(['example_skip_dag']) retrieved from /home/dwmhr/pln/venv/lib/python3.10/site-packages/airflow/example_dags/example_skip_dag.py
[2025-08-07T15:55:55.846+0700] {logging_mixin.py:154} INFO - [2025-08-07T15:55:55.845+0700] {dag.py:2941} INFO - Sync 1 DAGs
[2025-08-07T15:55:55.889+0700] {logging_mixin.py:154} INFO - [2025-08-07T15:55:55.889+0700] {dag.py:3722} INFO - Setting next_dagrun for example_skip_dag to 2025-08-06T08:55:55.888674+00:00, run_after=2025-08-07T08:55:55.888674+00:00
[2025-08-07T15:55:55.939+0700] {processor.py:179} INFO - Processing /home/dwmhr/pln/venv/lib/python3.10/site-packages/airflow/example_dags/example_skip_dag.py took 0.232 seconds
[2025-08-07T15:57:06.911+0700] {processor.py:157} INFO - Started process (PID=116848) to work on /home/dwmhr/pln/venv/lib/python3.10/site-packages/airflow/example_dags/example_skip_dag.py
[2025-08-07T15:57:06.915+0700] {processor.py:829} INFO - Processing file /home/dwmhr/pln/venv/lib/python3.10/site-packages/airflow/example_dags/example_skip_dag.py for tasks to queue
[2025-08-07T15:57:06.918+0700] {logging_mixin.py:154} INFO - [2025-08-07T15:57:06.917+0700] {dagbag.py:536} INFO - Filling up the DagBag from /home/dwmhr/pln/venv/lib/python3.10/site-packages/airflow/example_dags/example_skip_dag.py
[2025-08-07T15:57:06.946+0700] {processor.py:839} INFO - DAG(s) dict_keys(['example_skip_dag']) retrieved from /home/dwmhr/pln/venv/lib/python3.10/site-packages/airflow/example_dags/example_skip_dag.py
[2025-08-07T15:57:07.005+0700] {logging_mixin.py:154} INFO - [2025-08-07T15:57:07.005+0700] {dag.py:2941} INFO - Sync 1 DAGs
[2025-08-07T15:57:07.059+0700] {logging_mixin.py:154} INFO - [2025-08-07T15:57:07.058+0700] {dag.py:3722} INFO - Setting next_dagrun for example_skip_dag to 2025-08-06T08:57:07.058047+00:00, run_after=2025-08-07T08:57:07.058047+00:00
[2025-08-07T15:57:07.134+0700] {processor.py:179} INFO - Processing /home/dwmhr/pln/venv/lib/python3.10/site-packages/airflow/example_dags/example_skip_dag.py took 0.236 seconds
[2025-08-07T15:59:16.721+0700] {processor.py:157} INFO - Started process (PID=117530) to work on /home/dwmhr/pln/venv/lib/python3.10/site-packages/airflow/example_dags/example_skip_dag.py
[2025-08-07T15:59:16.729+0700] {processor.py:829} INFO - Processing file /home/dwmhr/pln/venv/lib/python3.10/site-packages/airflow/example_dags/example_skip_dag.py for tasks to queue
[2025-08-07T15:59:16.734+0700] {logging_mixin.py:154} INFO - [2025-08-07T15:59:16.732+0700] {dagbag.py:536} INFO - Filling up the DagBag from /home/dwmhr/pln/venv/lib/python3.10/site-packages/airflow/example_dags/example_skip_dag.py
[2025-08-07T15:59:16.787+0700] {processor.py:839} INFO - DAG(s) dict_keys(['example_skip_dag']) retrieved from /home/dwmhr/pln/venv/lib/python3.10/site-packages/airflow/example_dags/example_skip_dag.py
[2025-08-07T15:59:16.882+0700] {logging_mixin.py:154} INFO - [2025-08-07T15:59:16.881+0700] {dag.py:2941} INFO - Sync 1 DAGs
[2025-08-07T15:59:17.000+0700] {logging_mixin.py:154} INFO - [2025-08-07T15:59:16.999+0700] {dag.py:3722} INFO - Setting next_dagrun for example_skip_dag to 2025-08-06T08:59:16.998119+00:00, run_after=2025-08-07T08:59:16.998119+00:00
[2025-08-07T15:59:17.161+0700] {processor.py:179} INFO - Processing /home/dwmhr/pln/venv/lib/python3.10/site-packages/airflow/example_dags/example_skip_dag.py took 0.465 seconds
[2025-08-07T16:00:46.066+0700] {processor.py:157} INFO - Started process (PID=117987) to work on /home/dwmhr/pln/venv/lib/python3.10/site-packages/airflow/example_dags/example_skip_dag.py
[2025-08-07T16:00:46.070+0700] {processor.py:829} INFO - Processing file /home/dwmhr/pln/venv/lib/python3.10/site-packages/airflow/example_dags/example_skip_dag.py for tasks to queue
[2025-08-07T16:00:46.073+0700] {logging_mixin.py:154} INFO - [2025-08-07T16:00:46.072+0700] {dagbag.py:536} INFO - Filling up the DagBag from /home/dwmhr/pln/venv/lib/python3.10/site-packages/airflow/example_dags/example_skip_dag.py
[2025-08-07T16:00:46.106+0700] {processor.py:839} INFO - DAG(s) dict_keys(['example_skip_dag']) retrieved from /home/dwmhr/pln/venv/lib/python3.10/site-packages/airflow/example_dags/example_skip_dag.py
[2025-08-07T16:00:46.186+0700] {logging_mixin.py:154} INFO - [2025-08-07T16:00:46.186+0700] {dag.py:2941} INFO - Sync 1 DAGs
[2025-08-07T16:00:46.562+0700] {logging_mixin.py:154} INFO - [2025-08-07T16:00:46.556+0700] {dag.py:3722} INFO - Setting next_dagrun for example_skip_dag to 2025-08-06T09:00:46.551394+00:00, run_after=2025-08-07T09:00:46.551394+00:00
[2025-08-07T16:00:47.205+0700] {processor.py:179} INFO - Processing /home/dwmhr/pln/venv/lib/python3.10/site-packages/airflow/example_dags/example_skip_dag.py took 1.150 seconds
[2025-08-07T16:03:47.915+0700] {processor.py:157} INFO - Started process (PID=118792) to work on /home/dwmhr/pln/venv/lib/python3.10/site-packages/airflow/example_dags/example_skip_dag.py
[2025-08-07T16:03:47.918+0700] {processor.py:829} INFO - Processing file /home/dwmhr/pln/venv/lib/python3.10/site-packages/airflow/example_dags/example_skip_dag.py for tasks to queue
[2025-08-07T16:03:47.920+0700] {logging_mixin.py:154} INFO - [2025-08-07T16:03:47.919+0700] {dagbag.py:536} INFO - Filling up the DagBag from /home/dwmhr/pln/venv/lib/python3.10/site-packages/airflow/example_dags/example_skip_dag.py
[2025-08-07T16:03:47.933+0700] {processor.py:839} INFO - DAG(s) dict_keys(['example_skip_dag']) retrieved from /home/dwmhr/pln/venv/lib/python3.10/site-packages/airflow/example_dags/example_skip_dag.py
[2025-08-07T16:03:47.984+0700] {logging_mixin.py:154} INFO - [2025-08-07T16:03:47.984+0700] {dag.py:2941} INFO - Sync 1 DAGs
[2025-08-07T16:03:48.022+0700] {logging_mixin.py:154} INFO - [2025-08-07T16:03:48.021+0700] {dag.py:3722} INFO - Setting next_dagrun for example_skip_dag to 2025-08-06T09:03:48.021280+00:00, run_after=2025-08-07T09:03:48.021280+00:00
[2025-08-07T16:03:48.088+0700] {processor.py:179} INFO - Processing /home/dwmhr/pln/venv/lib/python3.10/site-packages/airflow/example_dags/example_skip_dag.py took 0.180 seconds
[2025-08-07T16:04:58.737+0700] {processor.py:157} INFO - Started process (PID=119156) to work on /home/dwmhr/pln/venv/lib/python3.10/site-packages/airflow/example_dags/example_skip_dag.py
[2025-08-07T16:04:58.739+0700] {processor.py:829} INFO - Processing file /home/dwmhr/pln/venv/lib/python3.10/site-packages/airflow/example_dags/example_skip_dag.py for tasks to queue
[2025-08-07T16:04:58.742+0700] {logging_mixin.py:154} INFO - [2025-08-07T16:04:58.741+0700] {dagbag.py:536} INFO - Filling up the DagBag from /home/dwmhr/pln/venv/lib/python3.10/site-packages/airflow/example_dags/example_skip_dag.py
[2025-08-07T16:04:58.752+0700] {processor.py:839} INFO - DAG(s) dict_keys(['example_skip_dag']) retrieved from /home/dwmhr/pln/venv/lib/python3.10/site-packages/airflow/example_dags/example_skip_dag.py
[2025-08-07T16:04:58.780+0700] {logging_mixin.py:154} INFO - [2025-08-07T16:04:58.780+0700] {dag.py:2941} INFO - Sync 1 DAGs
[2025-08-07T16:04:58.805+0700] {logging_mixin.py:154} INFO - [2025-08-07T16:04:58.805+0700] {dag.py:3722} INFO - Setting next_dagrun for example_skip_dag to 2025-08-06T09:04:58.805162+00:00, run_after=2025-08-07T09:04:58.805162+00:00
[2025-08-07T16:04:58.837+0700] {processor.py:179} INFO - Processing /home/dwmhr/pln/venv/lib/python3.10/site-packages/airflow/example_dags/example_skip_dag.py took 0.105 seconds
[2025-08-07T16:05:52.075+0700] {processor.py:157} INFO - Started process (PID=119404) to work on /home/dwmhr/pln/venv/lib/python3.10/site-packages/airflow/example_dags/example_skip_dag.py
[2025-08-07T16:05:52.098+0700] {processor.py:829} INFO - Processing file /home/dwmhr/pln/venv/lib/python3.10/site-packages/airflow/example_dags/example_skip_dag.py for tasks to queue
[2025-08-07T16:05:52.117+0700] {logging_mixin.py:154} INFO - [2025-08-07T16:05:52.103+0700] {dagbag.py:536} INFO - Filling up the DagBag from /home/dwmhr/pln/venv/lib/python3.10/site-packages/airflow/example_dags/example_skip_dag.py
[2025-08-07T16:05:53.066+0700] {processor.py:839} INFO - DAG(s) dict_keys(['example_skip_dag']) retrieved from /home/dwmhr/pln/venv/lib/python3.10/site-packages/airflow/example_dags/example_skip_dag.py
[2025-08-07T16:05:54.101+0700] {logging_mixin.py:154} INFO - [2025-08-07T16:05:54.099+0700] {dag.py:2941} INFO - Sync 1 DAGs
[2025-08-07T16:05:54.591+0700] {logging_mixin.py:154} INFO - [2025-08-07T16:05:54.590+0700] {dag.py:3722} INFO - Setting next_dagrun for example_skip_dag to 2025-08-06T09:05:54.579640+00:00, run_after=2025-08-07T09:05:54.579640+00:00
[2025-08-07T16:05:55.006+0700] {processor.py:179} INFO - Processing /home/dwmhr/pln/venv/lib/python3.10/site-packages/airflow/example_dags/example_skip_dag.py took 3.872 seconds
[2025-08-07T16:07:16.332+0700] {processor.py:157} INFO - Started process (PID=119828) to work on /home/dwmhr/pln/venv/lib/python3.10/site-packages/airflow/example_dags/example_skip_dag.py
[2025-08-07T16:07:16.335+0700] {processor.py:829} INFO - Processing file /home/dwmhr/pln/venv/lib/python3.10/site-packages/airflow/example_dags/example_skip_dag.py for tasks to queue
[2025-08-07T16:07:16.337+0700] {logging_mixin.py:154} INFO - [2025-08-07T16:07:16.336+0700] {dagbag.py:536} INFO - Filling up the DagBag from /home/dwmhr/pln/venv/lib/python3.10/site-packages/airflow/example_dags/example_skip_dag.py
[2025-08-07T16:07:16.350+0700] {processor.py:839} INFO - DAG(s) dict_keys(['example_skip_dag']) retrieved from /home/dwmhr/pln/venv/lib/python3.10/site-packages/airflow/example_dags/example_skip_dag.py
[2025-08-07T16:07:16.394+0700] {logging_mixin.py:154} INFO - [2025-08-07T16:07:16.394+0700] {dag.py:2941} INFO - Sync 1 DAGs
[2025-08-07T16:07:16.434+0700] {logging_mixin.py:154} INFO - [2025-08-07T16:07:16.434+0700] {dag.py:3722} INFO - Setting next_dagrun for example_skip_dag to 2025-08-06T09:07:16.433521+00:00, run_after=2025-08-07T09:07:16.433521+00:00
[2025-08-07T16:07:16.514+0700] {processor.py:179} INFO - Processing /home/dwmhr/pln/venv/lib/python3.10/site-packages/airflow/example_dags/example_skip_dag.py took 0.190 seconds
[2025-08-07T16:08:42.287+0700] {processor.py:157} INFO - Started process (PID=120246) to work on /home/dwmhr/pln/venv/lib/python3.10/site-packages/airflow/example_dags/example_skip_dag.py
[2025-08-07T16:08:42.291+0700] {processor.py:829} INFO - Processing file /home/dwmhr/pln/venv/lib/python3.10/site-packages/airflow/example_dags/example_skip_dag.py for tasks to queue
[2025-08-07T16:08:42.292+0700] {logging_mixin.py:154} INFO - [2025-08-07T16:08:42.292+0700] {dagbag.py:536} INFO - Filling up the DagBag from /home/dwmhr/pln/venv/lib/python3.10/site-packages/airflow/example_dags/example_skip_dag.py
[2025-08-07T16:08:42.304+0700] {processor.py:839} INFO - DAG(s) dict_keys(['example_skip_dag']) retrieved from /home/dwmhr/pln/venv/lib/python3.10/site-packages/airflow/example_dags/example_skip_dag.py
[2025-08-07T16:08:42.338+0700] {logging_mixin.py:154} INFO - [2025-08-07T16:08:42.338+0700] {dag.py:2941} INFO - Sync 1 DAGs
[2025-08-07T16:08:42.367+0700] {logging_mixin.py:154} INFO - [2025-08-07T16:08:42.367+0700] {dag.py:3722} INFO - Setting next_dagrun for example_skip_dag to 2025-08-06T09:08:42.366370+00:00, run_after=2025-08-07T09:08:42.366370+00:00
[2025-08-07T16:08:42.412+0700] {processor.py:179} INFO - Processing /home/dwmhr/pln/venv/lib/python3.10/site-packages/airflow/example_dags/example_skip_dag.py took 0.132 seconds
[2025-08-07T16:09:53.047+0700] {processor.py:157} INFO - Started process (PID=120590) to work on /home/dwmhr/pln/venv/lib/python3.10/site-packages/airflow/example_dags/example_skip_dag.py
[2025-08-07T16:09:53.052+0700] {processor.py:829} INFO - Processing file /home/dwmhr/pln/venv/lib/python3.10/site-packages/airflow/example_dags/example_skip_dag.py for tasks to queue
[2025-08-07T16:09:53.055+0700] {logging_mixin.py:154} INFO - [2025-08-07T16:09:53.053+0700] {dagbag.py:536} INFO - Filling up the DagBag from /home/dwmhr/pln/venv/lib/python3.10/site-packages/airflow/example_dags/example_skip_dag.py
[2025-08-07T16:09:53.077+0700] {processor.py:839} INFO - DAG(s) dict_keys(['example_skip_dag']) retrieved from /home/dwmhr/pln/venv/lib/python3.10/site-packages/airflow/example_dags/example_skip_dag.py
[2025-08-07T16:09:53.143+0700] {logging_mixin.py:154} INFO - [2025-08-07T16:09:53.142+0700] {dag.py:2941} INFO - Sync 1 DAGs
[2025-08-07T16:09:53.205+0700] {logging_mixin.py:154} INFO - [2025-08-07T16:09:53.204+0700] {dag.py:3722} INFO - Setting next_dagrun for example_skip_dag to 2025-08-06T09:09:53.203985+00:00, run_after=2025-08-07T09:09:53.203985+00:00
[2025-08-07T16:09:53.277+0700] {processor.py:179} INFO - Processing /home/dwmhr/pln/venv/lib/python3.10/site-packages/airflow/example_dags/example_skip_dag.py took 0.239 seconds
[2025-08-07T16:10:52.643+0700] {processor.py:157} INFO - Started process (PID=120926) to work on /home/dwmhr/pln/venv/lib/python3.10/site-packages/airflow/example_dags/example_skip_dag.py
[2025-08-07T16:10:52.649+0700] {processor.py:829} INFO - Processing file /home/dwmhr/pln/venv/lib/python3.10/site-packages/airflow/example_dags/example_skip_dag.py for tasks to queue
[2025-08-07T16:10:52.650+0700] {logging_mixin.py:154} INFO - [2025-08-07T16:10:52.650+0700] {dagbag.py:536} INFO - Filling up the DagBag from /home/dwmhr/pln/venv/lib/python3.10/site-packages/airflow/example_dags/example_skip_dag.py
[2025-08-07T16:10:52.660+0700] {processor.py:839} INFO - DAG(s) dict_keys(['example_skip_dag']) retrieved from /home/dwmhr/pln/venv/lib/python3.10/site-packages/airflow/example_dags/example_skip_dag.py
[2025-08-07T16:10:52.692+0700] {logging_mixin.py:154} INFO - [2025-08-07T16:10:52.692+0700] {dag.py:2941} INFO - Sync 1 DAGs
[2025-08-07T16:10:52.722+0700] {logging_mixin.py:154} INFO - [2025-08-07T16:10:52.722+0700] {dag.py:3722} INFO - Setting next_dagrun for example_skip_dag to 2025-08-06T09:10:52.722309+00:00, run_after=2025-08-07T09:10:52.722309+00:00
[2025-08-07T16:10:52.765+0700] {processor.py:179} INFO - Processing /home/dwmhr/pln/venv/lib/python3.10/site-packages/airflow/example_dags/example_skip_dag.py took 0.127 seconds
[2025-08-07T16:11:40.201+0700] {processor.py:157} INFO - Started process (PID=121164) to work on /home/dwmhr/pln/venv/lib/python3.10/site-packages/airflow/example_dags/example_skip_dag.py
[2025-08-07T16:11:40.204+0700] {processor.py:829} INFO - Processing file /home/dwmhr/pln/venv/lib/python3.10/site-packages/airflow/example_dags/example_skip_dag.py for tasks to queue
[2025-08-07T16:11:40.206+0700] {logging_mixin.py:154} INFO - [2025-08-07T16:11:40.205+0700] {dagbag.py:536} INFO - Filling up the DagBag from /home/dwmhr/pln/venv/lib/python3.10/site-packages/airflow/example_dags/example_skip_dag.py
[2025-08-07T16:11:40.216+0700] {processor.py:839} INFO - DAG(s) dict_keys(['example_skip_dag']) retrieved from /home/dwmhr/pln/venv/lib/python3.10/site-packages/airflow/example_dags/example_skip_dag.py
[2025-08-07T16:11:40.247+0700] {logging_mixin.py:154} INFO - [2025-08-07T16:11:40.246+0700] {dag.py:2941} INFO - Sync 1 DAGs
[2025-08-07T16:11:40.276+0700] {logging_mixin.py:154} INFO - [2025-08-07T16:11:40.276+0700] {dag.py:3722} INFO - Setting next_dagrun for example_skip_dag to 2025-08-06T09:11:40.275809+00:00, run_after=2025-08-07T09:11:40.275809+00:00
[2025-08-07T16:11:40.312+0700] {processor.py:179} INFO - Processing /home/dwmhr/pln/venv/lib/python3.10/site-packages/airflow/example_dags/example_skip_dag.py took 0.117 seconds
[2025-08-07T16:12:30.039+0700] {processor.py:157} INFO - Started process (PID=121437) to work on /home/dwmhr/pln/venv/lib/python3.10/site-packages/airflow/example_dags/example_skip_dag.py
[2025-08-07T16:12:30.041+0700] {processor.py:829} INFO - Processing file /home/dwmhr/pln/venv/lib/python3.10/site-packages/airflow/example_dags/example_skip_dag.py for tasks to queue
[2025-08-07T16:12:30.044+0700] {logging_mixin.py:154} INFO - [2025-08-07T16:12:30.043+0700] {dagbag.py:536} INFO - Filling up the DagBag from /home/dwmhr/pln/venv/lib/python3.10/site-packages/airflow/example_dags/example_skip_dag.py
[2025-08-07T16:12:30.058+0700] {processor.py:839} INFO - DAG(s) dict_keys(['example_skip_dag']) retrieved from /home/dwmhr/pln/venv/lib/python3.10/site-packages/airflow/example_dags/example_skip_dag.py
[2025-08-07T16:12:30.167+0700] {logging_mixin.py:154} INFO - [2025-08-07T16:12:30.167+0700] {dag.py:2941} INFO - Sync 1 DAGs
[2025-08-07T16:12:30.212+0700] {logging_mixin.py:154} INFO - [2025-08-07T16:12:30.212+0700] {dag.py:3722} INFO - Setting next_dagrun for example_skip_dag to 2025-08-06T09:12:30.211733+00:00, run_after=2025-08-07T09:12:30.211733+00:00
[2025-08-07T16:12:30.263+0700] {processor.py:179} INFO - Processing /home/dwmhr/pln/venv/lib/python3.10/site-packages/airflow/example_dags/example_skip_dag.py took 0.230 seconds
[2025-08-07T16:13:16.776+0700] {processor.py:157} INFO - Started process (PID=121678) to work on /home/dwmhr/pln/venv/lib/python3.10/site-packages/airflow/example_dags/example_skip_dag.py
[2025-08-07T16:13:16.779+0700] {processor.py:829} INFO - Processing file /home/dwmhr/pln/venv/lib/python3.10/site-packages/airflow/example_dags/example_skip_dag.py for tasks to queue
[2025-08-07T16:13:16.780+0700] {logging_mixin.py:154} INFO - [2025-08-07T16:13:16.780+0700] {dagbag.py:536} INFO - Filling up the DagBag from /home/dwmhr/pln/venv/lib/python3.10/site-packages/airflow/example_dags/example_skip_dag.py
[2025-08-07T16:13:16.790+0700] {processor.py:839} INFO - DAG(s) dict_keys(['example_skip_dag']) retrieved from /home/dwmhr/pln/venv/lib/python3.10/site-packages/airflow/example_dags/example_skip_dag.py
[2025-08-07T16:13:16.817+0700] {logging_mixin.py:154} INFO - [2025-08-07T16:13:16.817+0700] {dag.py:2941} INFO - Sync 1 DAGs
[2025-08-07T16:13:16.843+0700] {logging_mixin.py:154} INFO - [2025-08-07T16:13:16.842+0700] {dag.py:3722} INFO - Setting next_dagrun for example_skip_dag to 2025-08-06T09:13:16.842457+00:00, run_after=2025-08-07T09:13:16.842457+00:00
[2025-08-07T16:13:16.899+0700] {processor.py:179} INFO - Processing /home/dwmhr/pln/venv/lib/python3.10/site-packages/airflow/example_dags/example_skip_dag.py took 0.128 seconds
[2025-08-07T16:14:07.369+0700] {processor.py:157} INFO - Started process (PID=121930) to work on /home/dwmhr/pln/venv/lib/python3.10/site-packages/airflow/example_dags/example_skip_dag.py
[2025-08-07T16:14:07.371+0700] {processor.py:829} INFO - Processing file /home/dwmhr/pln/venv/lib/python3.10/site-packages/airflow/example_dags/example_skip_dag.py for tasks to queue
[2025-08-07T16:14:07.373+0700] {logging_mixin.py:154} INFO - [2025-08-07T16:14:07.372+0700] {dagbag.py:536} INFO - Filling up the DagBag from /home/dwmhr/pln/venv/lib/python3.10/site-packages/airflow/example_dags/example_skip_dag.py
[2025-08-07T16:14:07.383+0700] {processor.py:839} INFO - DAG(s) dict_keys(['example_skip_dag']) retrieved from /home/dwmhr/pln/venv/lib/python3.10/site-packages/airflow/example_dags/example_skip_dag.py
[2025-08-07T16:14:07.426+0700] {logging_mixin.py:154} INFO - [2025-08-07T16:14:07.426+0700] {dag.py:2941} INFO - Sync 1 DAGs
[2025-08-07T16:14:07.461+0700] {logging_mixin.py:154} INFO - [2025-08-07T16:14:07.461+0700] {dag.py:3722} INFO - Setting next_dagrun for example_skip_dag to 2025-08-06T09:14:07.460719+00:00, run_after=2025-08-07T09:14:07.460719+00:00
[2025-08-07T16:14:07.500+0700] {processor.py:179} INFO - Processing /home/dwmhr/pln/venv/lib/python3.10/site-packages/airflow/example_dags/example_skip_dag.py took 0.137 seconds
[2025-08-07T16:15:10.714+0700] {processor.py:157} INFO - Started process (PID=122238) to work on /home/dwmhr/pln/venv/lib/python3.10/site-packages/airflow/example_dags/example_skip_dag.py
[2025-08-07T16:15:10.721+0700] {processor.py:829} INFO - Processing file /home/dwmhr/pln/venv/lib/python3.10/site-packages/airflow/example_dags/example_skip_dag.py for tasks to queue
[2025-08-07T16:15:10.725+0700] {logging_mixin.py:154} INFO - [2025-08-07T16:15:10.723+0700] {dagbag.py:536} INFO - Filling up the DagBag from /home/dwmhr/pln/venv/lib/python3.10/site-packages/airflow/example_dags/example_skip_dag.py
[2025-08-07T16:15:10.753+0700] {processor.py:839} INFO - DAG(s) dict_keys(['example_skip_dag']) retrieved from /home/dwmhr/pln/venv/lib/python3.10/site-packages/airflow/example_dags/example_skip_dag.py
[2025-08-07T16:15:10.847+0700] {logging_mixin.py:154} INFO - [2025-08-07T16:15:10.846+0700] {dag.py:2941} INFO - Sync 1 DAGs
[2025-08-07T16:15:10.946+0700] {logging_mixin.py:154} INFO - [2025-08-07T16:15:10.945+0700] {dag.py:3722} INFO - Setting next_dagrun for example_skip_dag to 2025-08-06T09:15:10.943865+00:00, run_after=2025-08-07T09:15:10.943865+00:00
[2025-08-07T16:15:11.059+0700] {processor.py:179} INFO - Processing /home/dwmhr/pln/venv/lib/python3.10/site-packages/airflow/example_dags/example_skip_dag.py took 0.360 seconds
[2025-08-07T16:16:23.180+0700] {processor.py:157} INFO - Started process (PID=122637) to work on /home/dwmhr/pln/venv/lib/python3.10/site-packages/airflow/example_dags/example_skip_dag.py
[2025-08-07T16:16:23.184+0700] {processor.py:829} INFO - Processing file /home/dwmhr/pln/venv/lib/python3.10/site-packages/airflow/example_dags/example_skip_dag.py for tasks to queue
[2025-08-07T16:16:23.186+0700] {logging_mixin.py:154} INFO - [2025-08-07T16:16:23.185+0700] {dagbag.py:536} INFO - Filling up the DagBag from /home/dwmhr/pln/venv/lib/python3.10/site-packages/airflow/example_dags/example_skip_dag.py
[2025-08-07T16:16:23.207+0700] {processor.py:839} INFO - DAG(s) dict_keys(['example_skip_dag']) retrieved from /home/dwmhr/pln/venv/lib/python3.10/site-packages/airflow/example_dags/example_skip_dag.py
[2025-08-07T16:16:23.263+0700] {logging_mixin.py:154} INFO - [2025-08-07T16:16:23.263+0700] {dag.py:2941} INFO - Sync 1 DAGs
[2025-08-07T16:16:23.304+0700] {logging_mixin.py:154} INFO - [2025-08-07T16:16:23.304+0700] {dag.py:3722} INFO - Setting next_dagrun for example_skip_dag to 2025-08-06T09:16:23.303321+00:00, run_after=2025-08-07T09:16:23.303321+00:00
[2025-08-07T16:16:23.367+0700] {processor.py:179} INFO - Processing /home/dwmhr/pln/venv/lib/python3.10/site-packages/airflow/example_dags/example_skip_dag.py took 0.198 seconds
[2025-08-07T16:17:18.260+0700] {processor.py:157} INFO - Started process (PID=122927) to work on /home/dwmhr/pln/venv/lib/python3.10/site-packages/airflow/example_dags/example_skip_dag.py
[2025-08-07T16:17:18.262+0700] {processor.py:829} INFO - Processing file /home/dwmhr/pln/venv/lib/python3.10/site-packages/airflow/example_dags/example_skip_dag.py for tasks to queue
[2025-08-07T16:17:18.262+0700] {logging_mixin.py:154} INFO - [2025-08-07T16:17:18.262+0700] {dagbag.py:536} INFO - Filling up the DagBag from /home/dwmhr/pln/venv/lib/python3.10/site-packages/airflow/example_dags/example_skip_dag.py
[2025-08-07T16:17:18.268+0700] {processor.py:839} INFO - DAG(s) dict_keys(['example_skip_dag']) retrieved from /home/dwmhr/pln/venv/lib/python3.10/site-packages/airflow/example_dags/example_skip_dag.py
[2025-08-07T16:17:18.283+0700] {logging_mixin.py:154} INFO - [2025-08-07T16:17:18.283+0700] {dag.py:2941} INFO - Sync 1 DAGs
[2025-08-07T16:17:18.296+0700] {logging_mixin.py:154} INFO - [2025-08-07T16:17:18.296+0700] {dag.py:3722} INFO - Setting next_dagrun for example_skip_dag to 2025-08-06T09:17:18.296314+00:00, run_after=2025-08-07T09:17:18.296314+00:00
[2025-08-07T16:17:18.315+0700] {processor.py:179} INFO - Processing /home/dwmhr/pln/venv/lib/python3.10/site-packages/airflow/example_dags/example_skip_dag.py took 0.058 seconds
[2025-08-07T16:18:27.058+0700] {processor.py:157} INFO - Started process (PID=123246) to work on /home/dwmhr/pln/venv/lib/python3.10/site-packages/airflow/example_dags/example_skip_dag.py
[2025-08-07T16:18:27.060+0700] {processor.py:829} INFO - Processing file /home/dwmhr/pln/venv/lib/python3.10/site-packages/airflow/example_dags/example_skip_dag.py for tasks to queue
[2025-08-07T16:18:27.062+0700] {logging_mixin.py:154} INFO - [2025-08-07T16:18:27.061+0700] {dagbag.py:536} INFO - Filling up the DagBag from /home/dwmhr/pln/venv/lib/python3.10/site-packages/airflow/example_dags/example_skip_dag.py
[2025-08-07T16:18:27.074+0700] {processor.py:839} INFO - DAG(s) dict_keys(['example_skip_dag']) retrieved from /home/dwmhr/pln/venv/lib/python3.10/site-packages/airflow/example_dags/example_skip_dag.py
[2025-08-07T16:18:27.106+0700] {logging_mixin.py:154} INFO - [2025-08-07T16:18:27.106+0700] {dag.py:2941} INFO - Sync 1 DAGs
[2025-08-07T16:18:27.127+0700] {logging_mixin.py:154} INFO - [2025-08-07T16:18:27.126+0700] {dag.py:3722} INFO - Setting next_dagrun for example_skip_dag to 2025-08-06T09:18:27.126525+00:00, run_after=2025-08-07T09:18:27.126525+00:00
[2025-08-07T16:18:27.155+0700] {processor.py:179} INFO - Processing /home/dwmhr/pln/venv/lib/python3.10/site-packages/airflow/example_dags/example_skip_dag.py took 0.101 seconds
[2025-08-07T16:19:16.265+0700] {processor.py:157} INFO - Started process (PID=123522) to work on /home/dwmhr/pln/venv/lib/python3.10/site-packages/airflow/example_dags/example_skip_dag.py
[2025-08-07T16:19:16.270+0700] {processor.py:829} INFO - Processing file /home/dwmhr/pln/venv/lib/python3.10/site-packages/airflow/example_dags/example_skip_dag.py for tasks to queue
[2025-08-07T16:19:16.275+0700] {logging_mixin.py:154} INFO - [2025-08-07T16:19:16.273+0700] {dagbag.py:536} INFO - Filling up the DagBag from /home/dwmhr/pln/venv/lib/python3.10/site-packages/airflow/example_dags/example_skip_dag.py
[2025-08-07T16:19:16.299+0700] {processor.py:839} INFO - DAG(s) dict_keys(['example_skip_dag']) retrieved from /home/dwmhr/pln/venv/lib/python3.10/site-packages/airflow/example_dags/example_skip_dag.py
[2025-08-07T16:19:16.367+0700] {logging_mixin.py:154} INFO - [2025-08-07T16:19:16.366+0700] {dag.py:2941} INFO - Sync 1 DAGs
[2025-08-07T16:19:16.426+0700] {logging_mixin.py:154} INFO - [2025-08-07T16:19:16.426+0700] {dag.py:3722} INFO - Setting next_dagrun for example_skip_dag to 2025-08-06T09:19:16.424934+00:00, run_after=2025-08-07T09:19:16.424934+00:00
[2025-08-07T16:19:16.522+0700] {processor.py:179} INFO - Processing /home/dwmhr/pln/venv/lib/python3.10/site-packages/airflow/example_dags/example_skip_dag.py took 0.271 seconds
[2025-08-07T16:26:56.043+0700] {processor.py:157} INFO - Started process (PID=125437) to work on /home/dwmhr/pln/venv/lib/python3.10/site-packages/airflow/example_dags/example_skip_dag.py
[2025-08-07T16:26:56.045+0700] {processor.py:829} INFO - Processing file /home/dwmhr/pln/venv/lib/python3.10/site-packages/airflow/example_dags/example_skip_dag.py for tasks to queue
[2025-08-07T16:26:56.046+0700] {logging_mixin.py:154} INFO - [2025-08-07T16:26:56.046+0700] {dagbag.py:536} INFO - Filling up the DagBag from /home/dwmhr/pln/venv/lib/python3.10/site-packages/airflow/example_dags/example_skip_dag.py
[2025-08-07T16:26:56.054+0700] {processor.py:839} INFO - DAG(s) dict_keys(['example_skip_dag']) retrieved from /home/dwmhr/pln/venv/lib/python3.10/site-packages/airflow/example_dags/example_skip_dag.py
[2025-08-07T16:26:56.086+0700] {logging_mixin.py:154} INFO - [2025-08-07T16:26:56.085+0700] {dag.py:2941} INFO - Sync 1 DAGs
[2025-08-07T16:26:56.104+0700] {logging_mixin.py:154} INFO - [2025-08-07T16:26:56.104+0700] {dag.py:3722} INFO - Setting next_dagrun for example_skip_dag to 2025-08-06T09:26:56.104281+00:00, run_after=2025-08-07T09:26:56.104281+00:00
[2025-08-07T16:26:56.137+0700] {processor.py:179} INFO - Processing /home/dwmhr/pln/venv/lib/python3.10/site-packages/airflow/example_dags/example_skip_dag.py took 0.097 seconds
[2025-08-07T16:27:49.502+0700] {processor.py:157} INFO - Started process (PID=125721) to work on /home/dwmhr/pln/venv/lib/python3.10/site-packages/airflow/example_dags/example_skip_dag.py
[2025-08-07T16:27:49.504+0700] {processor.py:829} INFO - Processing file /home/dwmhr/pln/venv/lib/python3.10/site-packages/airflow/example_dags/example_skip_dag.py for tasks to queue
[2025-08-07T16:27:49.506+0700] {logging_mixin.py:154} INFO - [2025-08-07T16:27:49.506+0700] {dagbag.py:536} INFO - Filling up the DagBag from /home/dwmhr/pln/venv/lib/python3.10/site-packages/airflow/example_dags/example_skip_dag.py
[2025-08-07T16:27:49.517+0700] {processor.py:839} INFO - DAG(s) dict_keys(['example_skip_dag']) retrieved from /home/dwmhr/pln/venv/lib/python3.10/site-packages/airflow/example_dags/example_skip_dag.py
[2025-08-07T16:27:49.545+0700] {logging_mixin.py:154} INFO - [2025-08-07T16:27:49.545+0700] {dag.py:2941} INFO - Sync 1 DAGs
[2025-08-07T16:27:49.570+0700] {logging_mixin.py:154} INFO - [2025-08-07T16:27:49.570+0700] {dag.py:3722} INFO - Setting next_dagrun for example_skip_dag to 2025-08-06T09:27:49.570186+00:00, run_after=2025-08-07T09:27:49.570186+00:00
[2025-08-07T16:27:49.602+0700] {processor.py:179} INFO - Processing /home/dwmhr/pln/venv/lib/python3.10/site-packages/airflow/example_dags/example_skip_dag.py took 0.105 seconds
[2025-08-07T16:29:14.363+0700] {processor.py:157} INFO - Started process (PID=126092) to work on /home/dwmhr/pln/venv/lib/python3.10/site-packages/airflow/example_dags/example_skip_dag.py
[2025-08-07T16:29:14.371+0700] {processor.py:829} INFO - Processing file /home/dwmhr/pln/venv/lib/python3.10/site-packages/airflow/example_dags/example_skip_dag.py for tasks to queue
[2025-08-07T16:29:14.372+0700] {logging_mixin.py:154} INFO - [2025-08-07T16:29:14.371+0700] {dagbag.py:536} INFO - Filling up the DagBag from /home/dwmhr/pln/venv/lib/python3.10/site-packages/airflow/example_dags/example_skip_dag.py
[2025-08-07T16:29:14.380+0700] {processor.py:839} INFO - DAG(s) dict_keys(['example_skip_dag']) retrieved from /home/dwmhr/pln/venv/lib/python3.10/site-packages/airflow/example_dags/example_skip_dag.py
[2025-08-07T16:29:14.405+0700] {logging_mixin.py:154} INFO - [2025-08-07T16:29:14.404+0700] {dag.py:2941} INFO - Sync 1 DAGs
[2025-08-07T16:29:14.428+0700] {logging_mixin.py:154} INFO - [2025-08-07T16:29:14.428+0700] {dag.py:3722} INFO - Setting next_dagrun for example_skip_dag to 2025-08-06T09:29:14.427819+00:00, run_after=2025-08-07T09:29:14.427819+00:00
[2025-08-07T16:29:14.609+0700] {processor.py:179} INFO - Processing /home/dwmhr/pln/venv/lib/python3.10/site-packages/airflow/example_dags/example_skip_dag.py took 0.251 seconds
[2025-08-07T16:30:13.851+0700] {processor.py:157} INFO - Started process (PID=126379) to work on /home/dwmhr/pln/venv/lib/python3.10/site-packages/airflow/example_dags/example_skip_dag.py
[2025-08-07T16:30:13.860+0700] {processor.py:829} INFO - Processing file /home/dwmhr/pln/venv/lib/python3.10/site-packages/airflow/example_dags/example_skip_dag.py for tasks to queue
[2025-08-07T16:30:13.862+0700] {logging_mixin.py:154} INFO - [2025-08-07T16:30:13.861+0700] {dagbag.py:536} INFO - Filling up the DagBag from /home/dwmhr/pln/venv/lib/python3.10/site-packages/airflow/example_dags/example_skip_dag.py
[2025-08-07T16:30:13.875+0700] {processor.py:839} INFO - DAG(s) dict_keys(['example_skip_dag']) retrieved from /home/dwmhr/pln/venv/lib/python3.10/site-packages/airflow/example_dags/example_skip_dag.py
[2025-08-07T16:30:13.912+0700] {logging_mixin.py:154} INFO - [2025-08-07T16:30:13.912+0700] {dag.py:2941} INFO - Sync 1 DAGs
[2025-08-07T16:30:13.946+0700] {logging_mixin.py:154} INFO - [2025-08-07T16:30:13.946+0700] {dag.py:3722} INFO - Setting next_dagrun for example_skip_dag to 2025-08-06T09:30:13.945584+00:00, run_after=2025-08-07T09:30:13.945584+00:00
[2025-08-07T16:30:13.997+0700] {processor.py:179} INFO - Processing /home/dwmhr/pln/venv/lib/python3.10/site-packages/airflow/example_dags/example_skip_dag.py took 0.154 seconds
[2025-08-07T16:31:10.687+0700] {processor.py:157} INFO - Started process (PID=126672) to work on /home/dwmhr/pln/venv/lib/python3.10/site-packages/airflow/example_dags/example_skip_dag.py
[2025-08-07T16:31:10.691+0700] {processor.py:829} INFO - Processing file /home/dwmhr/pln/venv/lib/python3.10/site-packages/airflow/example_dags/example_skip_dag.py for tasks to queue
[2025-08-07T16:31:10.694+0700] {logging_mixin.py:154} INFO - [2025-08-07T16:31:10.693+0700] {dagbag.py:536} INFO - Filling up the DagBag from /home/dwmhr/pln/venv/lib/python3.10/site-packages/airflow/example_dags/example_skip_dag.py
[2025-08-07T16:31:10.712+0700] {processor.py:839} INFO - DAG(s) dict_keys(['example_skip_dag']) retrieved from /home/dwmhr/pln/venv/lib/python3.10/site-packages/airflow/example_dags/example_skip_dag.py
[2025-08-07T16:31:10.794+0700] {logging_mixin.py:154} INFO - [2025-08-07T16:31:10.793+0700] {dag.py:2941} INFO - Sync 1 DAGs
[2025-08-07T16:31:10.856+0700] {logging_mixin.py:154} INFO - [2025-08-07T16:31:10.856+0700] {dag.py:3722} INFO - Setting next_dagrun for example_skip_dag to 2025-08-06T09:31:10.851319+00:00, run_after=2025-08-07T09:31:10.851319+00:00
[2025-08-07T16:31:10.923+0700] {processor.py:179} INFO - Processing /home/dwmhr/pln/venv/lib/python3.10/site-packages/airflow/example_dags/example_skip_dag.py took 0.247 seconds
[2025-08-07T16:32:32.037+0700] {processor.py:157} INFO - Started process (PID=127015) to work on /home/dwmhr/pln/venv/lib/python3.10/site-packages/airflow/example_dags/example_skip_dag.py
[2025-08-07T16:32:32.043+0700] {processor.py:829} INFO - Processing file /home/dwmhr/pln/venv/lib/python3.10/site-packages/airflow/example_dags/example_skip_dag.py for tasks to queue
[2025-08-07T16:32:32.047+0700] {logging_mixin.py:154} INFO - [2025-08-07T16:32:32.046+0700] {dagbag.py:536} INFO - Filling up the DagBag from /home/dwmhr/pln/venv/lib/python3.10/site-packages/airflow/example_dags/example_skip_dag.py
[2025-08-07T16:32:32.097+0700] {processor.py:839} INFO - DAG(s) dict_keys(['example_skip_dag']) retrieved from /home/dwmhr/pln/venv/lib/python3.10/site-packages/airflow/example_dags/example_skip_dag.py
[2025-08-07T16:32:32.256+0700] {logging_mixin.py:154} INFO - [2025-08-07T16:32:32.255+0700] {dag.py:2941} INFO - Sync 1 DAGs
[2025-08-07T16:32:32.413+0700] {logging_mixin.py:154} INFO - [2025-08-07T16:32:32.412+0700] {dag.py:3722} INFO - Setting next_dagrun for example_skip_dag to 2025-08-06T09:32:32.410849+00:00, run_after=2025-08-07T09:32:32.410849+00:00
[2025-08-07T16:32:32.554+0700] {processor.py:179} INFO - Processing /home/dwmhr/pln/venv/lib/python3.10/site-packages/airflow/example_dags/example_skip_dag.py took 0.532 seconds
[2025-08-07T16:33:40.373+0700] {processor.py:157} INFO - Started process (PID=127302) to work on /home/dwmhr/pln/venv/lib/python3.10/site-packages/airflow/example_dags/example_skip_dag.py
[2025-08-07T16:33:40.377+0700] {processor.py:829} INFO - Processing file /home/dwmhr/pln/venv/lib/python3.10/site-packages/airflow/example_dags/example_skip_dag.py for tasks to queue
[2025-08-07T16:33:40.382+0700] {logging_mixin.py:154} INFO - [2025-08-07T16:33:40.380+0700] {dagbag.py:536} INFO - Filling up the DagBag from /home/dwmhr/pln/venv/lib/python3.10/site-packages/airflow/example_dags/example_skip_dag.py
[2025-08-07T16:33:40.404+0700] {processor.py:839} INFO - DAG(s) dict_keys(['example_skip_dag']) retrieved from /home/dwmhr/pln/venv/lib/python3.10/site-packages/airflow/example_dags/example_skip_dag.py
[2025-08-07T16:33:40.470+0700] {logging_mixin.py:154} INFO - [2025-08-07T16:33:40.469+0700] {dag.py:2941} INFO - Sync 1 DAGs
[2025-08-07T16:33:40.527+0700] {logging_mixin.py:154} INFO - [2025-08-07T16:33:40.526+0700] {dag.py:3722} INFO - Setting next_dagrun for example_skip_dag to 2025-08-06T09:33:40.526078+00:00, run_after=2025-08-07T09:33:40.526078+00:00
[2025-08-07T16:33:40.589+0700] {processor.py:179} INFO - Processing /home/dwmhr/pln/venv/lib/python3.10/site-packages/airflow/example_dags/example_skip_dag.py took 0.228 seconds
[2025-08-07T16:34:30.211+0700] {processor.py:157} INFO - Started process (PID=127482) to work on /home/dwmhr/pln/venv/lib/python3.10/site-packages/airflow/example_dags/example_skip_dag.py
[2025-08-07T16:34:30.216+0700] {processor.py:829} INFO - Processing file /home/dwmhr/pln/venv/lib/python3.10/site-packages/airflow/example_dags/example_skip_dag.py for tasks to queue
[2025-08-07T16:34:30.229+0700] {logging_mixin.py:154} INFO - [2025-08-07T16:34:30.227+0700] {dagbag.py:536} INFO - Filling up the DagBag from /home/dwmhr/pln/venv/lib/python3.10/site-packages/airflow/example_dags/example_skip_dag.py
[2025-08-07T16:34:30.271+0700] {processor.py:839} INFO - DAG(s) dict_keys(['example_skip_dag']) retrieved from /home/dwmhr/pln/venv/lib/python3.10/site-packages/airflow/example_dags/example_skip_dag.py
[2025-08-07T16:34:30.346+0700] {logging_mixin.py:154} INFO - [2025-08-07T16:34:30.344+0700] {dag.py:2941} INFO - Sync 1 DAGs
[2025-08-07T16:34:30.442+0700] {logging_mixin.py:154} INFO - [2025-08-07T16:34:30.442+0700] {dag.py:3722} INFO - Setting next_dagrun for example_skip_dag to 2025-08-06T09:34:30.441265+00:00, run_after=2025-08-07T09:34:30.441265+00:00
[2025-08-07T16:34:30.582+0700] {processor.py:179} INFO - Processing /home/dwmhr/pln/venv/lib/python3.10/site-packages/airflow/example_dags/example_skip_dag.py took 0.393 seconds
[2025-08-07T16:35:25.294+0700] {processor.py:157} INFO - Started process (PID=127724) to work on /home/dwmhr/pln/venv/lib/python3.10/site-packages/airflow/example_dags/example_skip_dag.py
[2025-08-07T16:35:25.296+0700] {processor.py:829} INFO - Processing file /home/dwmhr/pln/venv/lib/python3.10/site-packages/airflow/example_dags/example_skip_dag.py for tasks to queue
[2025-08-07T16:35:25.297+0700] {logging_mixin.py:154} INFO - [2025-08-07T16:35:25.297+0700] {dagbag.py:536} INFO - Filling up the DagBag from /home/dwmhr/pln/venv/lib/python3.10/site-packages/airflow/example_dags/example_skip_dag.py
[2025-08-07T16:35:25.305+0700] {processor.py:839} INFO - DAG(s) dict_keys(['example_skip_dag']) retrieved from /home/dwmhr/pln/venv/lib/python3.10/site-packages/airflow/example_dags/example_skip_dag.py
[2025-08-07T16:35:25.330+0700] {logging_mixin.py:154} INFO - [2025-08-07T16:35:25.329+0700] {dag.py:2941} INFO - Sync 1 DAGs
[2025-08-07T16:35:25.350+0700] {logging_mixin.py:154} INFO - [2025-08-07T16:35:25.350+0700] {dag.py:3722} INFO - Setting next_dagrun for example_skip_dag to 2025-08-06T09:35:25.350421+00:00, run_after=2025-08-07T09:35:25.350421+00:00
[2025-08-07T16:35:25.381+0700] {processor.py:179} INFO - Processing /home/dwmhr/pln/venv/lib/python3.10/site-packages/airflow/example_dags/example_skip_dag.py took 0.092 seconds
[2025-08-07T16:36:08.732+0700] {processor.py:157} INFO - Started process (PID=127914) to work on /home/dwmhr/pln/venv/lib/python3.10/site-packages/airflow/example_dags/example_skip_dag.py
[2025-08-07T16:36:08.744+0700] {processor.py:829} INFO - Processing file /home/dwmhr/pln/venv/lib/python3.10/site-packages/airflow/example_dags/example_skip_dag.py for tasks to queue
[2025-08-07T16:36:08.745+0700] {logging_mixin.py:154} INFO - [2025-08-07T16:36:08.744+0700] {dagbag.py:536} INFO - Filling up the DagBag from /home/dwmhr/pln/venv/lib/python3.10/site-packages/airflow/example_dags/example_skip_dag.py
[2025-08-07T16:36:08.751+0700] {processor.py:839} INFO - DAG(s) dict_keys(['example_skip_dag']) retrieved from /home/dwmhr/pln/venv/lib/python3.10/site-packages/airflow/example_dags/example_skip_dag.py
[2025-08-07T16:36:08.769+0700] {logging_mixin.py:154} INFO - [2025-08-07T16:36:08.769+0700] {dag.py:2941} INFO - Sync 1 DAGs
[2025-08-07T16:36:08.785+0700] {logging_mixin.py:154} INFO - [2025-08-07T16:36:08.785+0700] {dag.py:3722} INFO - Setting next_dagrun for example_skip_dag to 2025-08-06T09:36:08.785336+00:00, run_after=2025-08-07T09:36:08.785336+00:00
[2025-08-07T16:36:08.806+0700] {processor.py:179} INFO - Processing /home/dwmhr/pln/venv/lib/python3.10/site-packages/airflow/example_dags/example_skip_dag.py took 0.078 seconds
[2025-08-07T16:37:00.297+0700] {processor.py:157} INFO - Started process (PID=128152) to work on /home/dwmhr/pln/venv/lib/python3.10/site-packages/airflow/example_dags/example_skip_dag.py
[2025-08-07T16:37:00.303+0700] {processor.py:829} INFO - Processing file /home/dwmhr/pln/venv/lib/python3.10/site-packages/airflow/example_dags/example_skip_dag.py for tasks to queue
[2025-08-07T16:37:00.306+0700] {logging_mixin.py:154} INFO - [2025-08-07T16:37:00.305+0700] {dagbag.py:536} INFO - Filling up the DagBag from /home/dwmhr/pln/venv/lib/python3.10/site-packages/airflow/example_dags/example_skip_dag.py
[2025-08-07T16:37:00.320+0700] {processor.py:839} INFO - DAG(s) dict_keys(['example_skip_dag']) retrieved from /home/dwmhr/pln/venv/lib/python3.10/site-packages/airflow/example_dags/example_skip_dag.py
[2025-08-07T16:37:00.364+0700] {logging_mixin.py:154} INFO - [2025-08-07T16:37:00.363+0700] {dag.py:2941} INFO - Sync 1 DAGs
[2025-08-07T16:37:00.407+0700] {logging_mixin.py:154} INFO - [2025-08-07T16:37:00.406+0700] {dag.py:3722} INFO - Setting next_dagrun for example_skip_dag to 2025-08-06T09:37:00.405400+00:00, run_after=2025-08-07T09:37:00.405400+00:00
[2025-08-07T16:37:00.469+0700] {processor.py:179} INFO - Processing /home/dwmhr/pln/venv/lib/python3.10/site-packages/airflow/example_dags/example_skip_dag.py took 0.180 seconds
[2025-08-07T16:37:55.951+0700] {processor.py:157} INFO - Started process (PID=128366) to work on /home/dwmhr/pln/venv/lib/python3.10/site-packages/airflow/example_dags/example_skip_dag.py
[2025-08-07T16:37:55.956+0700] {processor.py:829} INFO - Processing file /home/dwmhr/pln/venv/lib/python3.10/site-packages/airflow/example_dags/example_skip_dag.py for tasks to queue
[2025-08-07T16:37:55.960+0700] {logging_mixin.py:154} INFO - [2025-08-07T16:37:55.959+0700] {dagbag.py:536} INFO - Filling up the DagBag from /home/dwmhr/pln/venv/lib/python3.10/site-packages/airflow/example_dags/example_skip_dag.py
[2025-08-07T16:37:55.982+0700] {processor.py:839} INFO - DAG(s) dict_keys(['example_skip_dag']) retrieved from /home/dwmhr/pln/venv/lib/python3.10/site-packages/airflow/example_dags/example_skip_dag.py
[2025-08-07T16:37:56.035+0700] {logging_mixin.py:154} INFO - [2025-08-07T16:37:56.034+0700] {dag.py:2941} INFO - Sync 1 DAGs
[2025-08-07T16:37:56.082+0700] {logging_mixin.py:154} INFO - [2025-08-07T16:37:56.081+0700] {dag.py:3722} INFO - Setting next_dagrun for example_skip_dag to 2025-08-06T09:37:56.080770+00:00, run_after=2025-08-07T09:37:56.080770+00:00
[2025-08-07T16:37:56.144+0700] {processor.py:179} INFO - Processing /home/dwmhr/pln/venv/lib/python3.10/site-packages/airflow/example_dags/example_skip_dag.py took 0.204 seconds
[2025-08-07T16:38:58.965+0700] {processor.py:157} INFO - Started process (PID=128628) to work on /home/dwmhr/pln/venv/lib/python3.10/site-packages/airflow/example_dags/example_skip_dag.py
[2025-08-07T16:38:58.971+0700] {processor.py:829} INFO - Processing file /home/dwmhr/pln/venv/lib/python3.10/site-packages/airflow/example_dags/example_skip_dag.py for tasks to queue
[2025-08-07T16:38:58.972+0700] {logging_mixin.py:154} INFO - [2025-08-07T16:38:58.971+0700] {dagbag.py:536} INFO - Filling up the DagBag from /home/dwmhr/pln/venv/lib/python3.10/site-packages/airflow/example_dags/example_skip_dag.py
[2025-08-07T16:38:58.984+0700] {processor.py:839} INFO - DAG(s) dict_keys(['example_skip_dag']) retrieved from /home/dwmhr/pln/venv/lib/python3.10/site-packages/airflow/example_dags/example_skip_dag.py
[2025-08-07T16:38:59.012+0700] {logging_mixin.py:154} INFO - [2025-08-07T16:38:59.012+0700] {dag.py:2941} INFO - Sync 1 DAGs
[2025-08-07T16:38:59.038+0700] {logging_mixin.py:154} INFO - [2025-08-07T16:38:59.038+0700] {dag.py:3722} INFO - Setting next_dagrun for example_skip_dag to 2025-08-06T09:38:59.038187+00:00, run_after=2025-08-07T09:38:59.038187+00:00
[2025-08-07T16:38:59.072+0700] {processor.py:179} INFO - Processing /home/dwmhr/pln/venv/lib/python3.10/site-packages/airflow/example_dags/example_skip_dag.py took 0.112 seconds
[2025-08-07T16:39:48.459+0700] {processor.py:157} INFO - Started process (PID=128821) to work on /home/dwmhr/pln/venv/lib/python3.10/site-packages/airflow/example_dags/example_skip_dag.py
[2025-08-07T16:39:48.477+0700] {processor.py:829} INFO - Processing file /home/dwmhr/pln/venv/lib/python3.10/site-packages/airflow/example_dags/example_skip_dag.py for tasks to queue
[2025-08-07T16:39:48.493+0700] {logging_mixin.py:154} INFO - [2025-08-07T16:39:48.491+0700] {dagbag.py:536} INFO - Filling up the DagBag from /home/dwmhr/pln/venv/lib/python3.10/site-packages/airflow/example_dags/example_skip_dag.py
[2025-08-07T16:39:48.587+0700] {processor.py:839} INFO - DAG(s) dict_keys(['example_skip_dag']) retrieved from /home/dwmhr/pln/venv/lib/python3.10/site-packages/airflow/example_dags/example_skip_dag.py
[2025-08-07T16:39:48.759+0700] {logging_mixin.py:154} INFO - [2025-08-07T16:39:48.758+0700] {dag.py:2941} INFO - Sync 1 DAGs
[2025-08-07T16:39:48.917+0700] {logging_mixin.py:154} INFO - [2025-08-07T16:39:48.915+0700] {dag.py:3722} INFO - Setting next_dagrun for example_skip_dag to 2025-08-06T09:39:48.914597+00:00, run_after=2025-08-07T09:39:48.914597+00:00
[2025-08-07T16:39:49.089+0700] {processor.py:179} INFO - Processing /home/dwmhr/pln/venv/lib/python3.10/site-packages/airflow/example_dags/example_skip_dag.py took 0.655 seconds
[2025-08-07T16:40:41.087+0700] {processor.py:157} INFO - Started process (PID=129028) to work on /home/dwmhr/pln/venv/lib/python3.10/site-packages/airflow/example_dags/example_skip_dag.py
[2025-08-07T16:40:41.091+0700] {processor.py:829} INFO - Processing file /home/dwmhr/pln/venv/lib/python3.10/site-packages/airflow/example_dags/example_skip_dag.py for tasks to queue
[2025-08-07T16:40:41.094+0700] {logging_mixin.py:154} INFO - [2025-08-07T16:40:41.093+0700] {dagbag.py:536} INFO - Filling up the DagBag from /home/dwmhr/pln/venv/lib/python3.10/site-packages/airflow/example_dags/example_skip_dag.py
[2025-08-07T16:40:41.113+0700] {processor.py:839} INFO - DAG(s) dict_keys(['example_skip_dag']) retrieved from /home/dwmhr/pln/venv/lib/python3.10/site-packages/airflow/example_dags/example_skip_dag.py
[2025-08-07T16:40:41.164+0700] {logging_mixin.py:154} INFO - [2025-08-07T16:40:41.164+0700] {dag.py:2941} INFO - Sync 1 DAGs
[2025-08-07T16:40:41.212+0700] {logging_mixin.py:154} INFO - [2025-08-07T16:40:41.212+0700] {dag.py:3722} INFO - Setting next_dagrun for example_skip_dag to 2025-08-06T09:40:41.211499+00:00, run_after=2025-08-07T09:40:41.211499+00:00
[2025-08-07T16:40:41.273+0700] {processor.py:179} INFO - Processing /home/dwmhr/pln/venv/lib/python3.10/site-packages/airflow/example_dags/example_skip_dag.py took 0.200 seconds
[2025-08-07T16:41:34.935+0700] {processor.py:157} INFO - Started process (PID=129273) to work on /home/dwmhr/pln/venv/lib/python3.10/site-packages/airflow/example_dags/example_skip_dag.py
[2025-08-07T16:41:34.938+0700] {processor.py:829} INFO - Processing file /home/dwmhr/pln/venv/lib/python3.10/site-packages/airflow/example_dags/example_skip_dag.py for tasks to queue
[2025-08-07T16:41:34.940+0700] {logging_mixin.py:154} INFO - [2025-08-07T16:41:34.939+0700] {dagbag.py:536} INFO - Filling up the DagBag from /home/dwmhr/pln/venv/lib/python3.10/site-packages/airflow/example_dags/example_skip_dag.py
[2025-08-07T16:41:34.948+0700] {processor.py:839} INFO - DAG(s) dict_keys(['example_skip_dag']) retrieved from /home/dwmhr/pln/venv/lib/python3.10/site-packages/airflow/example_dags/example_skip_dag.py
[2025-08-07T16:41:34.971+0700] {logging_mixin.py:154} INFO - [2025-08-07T16:41:34.970+0700] {dag.py:2941} INFO - Sync 1 DAGs
[2025-08-07T16:41:34.995+0700] {logging_mixin.py:154} INFO - [2025-08-07T16:41:34.994+0700] {dag.py:3722} INFO - Setting next_dagrun for example_skip_dag to 2025-08-06T09:41:34.994541+00:00, run_after=2025-08-07T09:41:34.994541+00:00
[2025-08-07T16:41:35.031+0700] {processor.py:179} INFO - Processing /home/dwmhr/pln/venv/lib/python3.10/site-packages/airflow/example_dags/example_skip_dag.py took 0.101 seconds
[2025-08-07T16:42:21.668+0700] {processor.py:157} INFO - Started process (PID=129474) to work on /home/dwmhr/pln/venv/lib/python3.10/site-packages/airflow/example_dags/example_skip_dag.py
[2025-08-07T16:42:21.675+0700] {processor.py:829} INFO - Processing file /home/dwmhr/pln/venv/lib/python3.10/site-packages/airflow/example_dags/example_skip_dag.py for tasks to queue
[2025-08-07T16:42:21.677+0700] {logging_mixin.py:154} INFO - [2025-08-07T16:42:21.676+0700] {dagbag.py:536} INFO - Filling up the DagBag from /home/dwmhr/pln/venv/lib/python3.10/site-packages/airflow/example_dags/example_skip_dag.py
[2025-08-07T16:42:21.686+0700] {processor.py:839} INFO - DAG(s) dict_keys(['example_skip_dag']) retrieved from /home/dwmhr/pln/venv/lib/python3.10/site-packages/airflow/example_dags/example_skip_dag.py
[2025-08-07T16:42:21.713+0700] {logging_mixin.py:154} INFO - [2025-08-07T16:42:21.713+0700] {dag.py:2941} INFO - Sync 1 DAGs
[2025-08-07T16:42:21.739+0700] {logging_mixin.py:154} INFO - [2025-08-07T16:42:21.739+0700] {dag.py:3722} INFO - Setting next_dagrun for example_skip_dag to 2025-08-06T09:42:21.738894+00:00, run_after=2025-08-07T09:42:21.738894+00:00
[2025-08-07T16:42:21.782+0700] {processor.py:179} INFO - Processing /home/dwmhr/pln/venv/lib/python3.10/site-packages/airflow/example_dags/example_skip_dag.py took 0.119 seconds
[2025-08-07T16:43:11.414+0700] {processor.py:157} INFO - Started process (PID=129651) to work on /home/dwmhr/pln/venv/lib/python3.10/site-packages/airflow/example_dags/example_skip_dag.py
[2025-08-07T16:43:11.417+0700] {processor.py:829} INFO - Processing file /home/dwmhr/pln/venv/lib/python3.10/site-packages/airflow/example_dags/example_skip_dag.py for tasks to queue
[2025-08-07T16:43:11.419+0700] {logging_mixin.py:154} INFO - [2025-08-07T16:43:11.418+0700] {dagbag.py:536} INFO - Filling up the DagBag from /home/dwmhr/pln/venv/lib/python3.10/site-packages/airflow/example_dags/example_skip_dag.py
[2025-08-07T16:43:11.432+0700] {processor.py:839} INFO - DAG(s) dict_keys(['example_skip_dag']) retrieved from /home/dwmhr/pln/venv/lib/python3.10/site-packages/airflow/example_dags/example_skip_dag.py
[2025-08-07T16:43:11.467+0700] {logging_mixin.py:154} INFO - [2025-08-07T16:43:11.467+0700] {dag.py:2941} INFO - Sync 1 DAGs
[2025-08-07T16:43:11.500+0700] {logging_mixin.py:154} INFO - [2025-08-07T16:43:11.500+0700] {dag.py:3722} INFO - Setting next_dagrun for example_skip_dag to 2025-08-06T09:43:11.500166+00:00, run_after=2025-08-07T09:43:11.500166+00:00
[2025-08-07T16:43:11.547+0700] {processor.py:179} INFO - Processing /home/dwmhr/pln/venv/lib/python3.10/site-packages/airflow/example_dags/example_skip_dag.py took 0.140 seconds
[2025-08-07T16:44:04.450+0700] {processor.py:157} INFO - Started process (PID=129896) to work on /home/dwmhr/pln/venv/lib/python3.10/site-packages/airflow/example_dags/example_skip_dag.py
[2025-08-07T16:44:04.467+0700] {processor.py:829} INFO - Processing file /home/dwmhr/pln/venv/lib/python3.10/site-packages/airflow/example_dags/example_skip_dag.py for tasks to queue
[2025-08-07T16:44:04.470+0700] {logging_mixin.py:154} INFO - [2025-08-07T16:44:04.469+0700] {dagbag.py:536} INFO - Filling up the DagBag from /home/dwmhr/pln/venv/lib/python3.10/site-packages/airflow/example_dags/example_skip_dag.py
[2025-08-07T16:44:04.491+0700] {processor.py:839} INFO - DAG(s) dict_keys(['example_skip_dag']) retrieved from /home/dwmhr/pln/venv/lib/python3.10/site-packages/airflow/example_dags/example_skip_dag.py
[2025-08-07T16:44:04.549+0700] {logging_mixin.py:154} INFO - [2025-08-07T16:44:04.549+0700] {dag.py:2941} INFO - Sync 1 DAGs
[2025-08-07T16:44:04.600+0700] {logging_mixin.py:154} INFO - [2025-08-07T16:44:04.599+0700] {dag.py:3722} INFO - Setting next_dagrun for example_skip_dag to 2025-08-06T09:44:04.598874+00:00, run_after=2025-08-07T09:44:04.598874+00:00
[2025-08-07T16:44:04.664+0700] {processor.py:179} INFO - Processing /home/dwmhr/pln/venv/lib/python3.10/site-packages/airflow/example_dags/example_skip_dag.py took 0.226 seconds
[2025-08-07T16:44:45.602+0700] {processor.py:157} INFO - Started process (PID=130094) to work on /home/dwmhr/pln/venv/lib/python3.10/site-packages/airflow/example_dags/example_skip_dag.py
[2025-08-07T16:44:45.606+0700] {processor.py:829} INFO - Processing file /home/dwmhr/pln/venv/lib/python3.10/site-packages/airflow/example_dags/example_skip_dag.py for tasks to queue
[2025-08-07T16:44:45.607+0700] {logging_mixin.py:154} INFO - [2025-08-07T16:44:45.606+0700] {dagbag.py:536} INFO - Filling up the DagBag from /home/dwmhr/pln/venv/lib/python3.10/site-packages/airflow/example_dags/example_skip_dag.py
[2025-08-07T16:44:45.615+0700] {processor.py:839} INFO - DAG(s) dict_keys(['example_skip_dag']) retrieved from /home/dwmhr/pln/venv/lib/python3.10/site-packages/airflow/example_dags/example_skip_dag.py
[2025-08-07T16:44:45.637+0700] {logging_mixin.py:154} INFO - [2025-08-07T16:44:45.637+0700] {dag.py:2941} INFO - Sync 1 DAGs
[2025-08-07T16:44:45.659+0700] {logging_mixin.py:154} INFO - [2025-08-07T16:44:45.659+0700] {dag.py:3722} INFO - Setting next_dagrun for example_skip_dag to 2025-08-06T09:44:45.659202+00:00, run_after=2025-08-07T09:44:45.659202+00:00
[2025-08-07T16:44:45.707+0700] {processor.py:179} INFO - Processing /home/dwmhr/pln/venv/lib/python3.10/site-packages/airflow/example_dags/example_skip_dag.py took 0.109 seconds
[2025-08-07T16:45:26.271+0700] {processor.py:157} INFO - Started process (PID=130247) to work on /home/dwmhr/pln/venv/lib/python3.10/site-packages/airflow/example_dags/example_skip_dag.py
[2025-08-07T16:45:26.274+0700] {processor.py:829} INFO - Processing file /home/dwmhr/pln/venv/lib/python3.10/site-packages/airflow/example_dags/example_skip_dag.py for tasks to queue
[2025-08-07T16:45:26.276+0700] {logging_mixin.py:154} INFO - [2025-08-07T16:45:26.275+0700] {dagbag.py:536} INFO - Filling up the DagBag from /home/dwmhr/pln/venv/lib/python3.10/site-packages/airflow/example_dags/example_skip_dag.py
[2025-08-07T16:45:26.289+0700] {processor.py:839} INFO - DAG(s) dict_keys(['example_skip_dag']) retrieved from /home/dwmhr/pln/venv/lib/python3.10/site-packages/airflow/example_dags/example_skip_dag.py
[2025-08-07T16:45:26.321+0700] {logging_mixin.py:154} INFO - [2025-08-07T16:45:26.321+0700] {dag.py:2941} INFO - Sync 1 DAGs
[2025-08-07T16:45:26.350+0700] {logging_mixin.py:154} INFO - [2025-08-07T16:45:26.350+0700] {dag.py:3722} INFO - Setting next_dagrun for example_skip_dag to 2025-08-06T09:45:26.350278+00:00, run_after=2025-08-07T09:45:26.350278+00:00
[2025-08-07T16:45:26.405+0700] {processor.py:179} INFO - Processing /home/dwmhr/pln/venv/lib/python3.10/site-packages/airflow/example_dags/example_skip_dag.py took 0.141 seconds
[2025-08-07T16:46:13.537+0700] {processor.py:157} INFO - Started process (PID=130488) to work on /home/dwmhr/pln/venv/lib/python3.10/site-packages/airflow/example_dags/example_skip_dag.py
[2025-08-07T16:46:13.542+0700] {processor.py:829} INFO - Processing file /home/dwmhr/pln/venv/lib/python3.10/site-packages/airflow/example_dags/example_skip_dag.py for tasks to queue
[2025-08-07T16:46:13.545+0700] {logging_mixin.py:154} INFO - [2025-08-07T16:46:13.544+0700] {dagbag.py:536} INFO - Filling up the DagBag from /home/dwmhr/pln/venv/lib/python3.10/site-packages/airflow/example_dags/example_skip_dag.py
[2025-08-07T16:46:13.563+0700] {processor.py:839} INFO - DAG(s) dict_keys(['example_skip_dag']) retrieved from /home/dwmhr/pln/venv/lib/python3.10/site-packages/airflow/example_dags/example_skip_dag.py
[2025-08-07T16:46:13.640+0700] {logging_mixin.py:154} INFO - [2025-08-07T16:46:13.640+0700] {dag.py:2941} INFO - Sync 1 DAGs
[2025-08-07T16:46:13.703+0700] {logging_mixin.py:154} INFO - [2025-08-07T16:46:13.702+0700] {dag.py:3722} INFO - Setting next_dagrun for example_skip_dag to 2025-08-06T09:46:13.701401+00:00, run_after=2025-08-07T09:46:13.701401+00:00
[2025-08-07T16:46:13.793+0700] {processor.py:179} INFO - Processing /home/dwmhr/pln/venv/lib/python3.10/site-packages/airflow/example_dags/example_skip_dag.py took 0.272 seconds
[2025-08-07T16:47:02.553+0700] {processor.py:157} INFO - Started process (PID=130678) to work on /home/dwmhr/pln/venv/lib/python3.10/site-packages/airflow/example_dags/example_skip_dag.py
[2025-08-07T16:47:02.555+0700] {processor.py:829} INFO - Processing file /home/dwmhr/pln/venv/lib/python3.10/site-packages/airflow/example_dags/example_skip_dag.py for tasks to queue
[2025-08-07T16:47:02.555+0700] {logging_mixin.py:154} INFO - [2025-08-07T16:47:02.555+0700] {dagbag.py:536} INFO - Filling up the DagBag from /home/dwmhr/pln/venv/lib/python3.10/site-packages/airflow/example_dags/example_skip_dag.py
[2025-08-07T16:47:02.560+0700] {processor.py:839} INFO - DAG(s) dict_keys(['example_skip_dag']) retrieved from /home/dwmhr/pln/venv/lib/python3.10/site-packages/airflow/example_dags/example_skip_dag.py
[2025-08-07T16:47:02.573+0700] {logging_mixin.py:154} INFO - [2025-08-07T16:47:02.573+0700] {dag.py:2941} INFO - Sync 1 DAGs
[2025-08-07T16:47:02.586+0700] {logging_mixin.py:154} INFO - [2025-08-07T16:47:02.586+0700] {dag.py:3722} INFO - Setting next_dagrun for example_skip_dag to 2025-08-06T09:47:02.586121+00:00, run_after=2025-08-07T09:47:02.586121+00:00
[2025-08-07T16:47:02.604+0700] {processor.py:179} INFO - Processing /home/dwmhr/pln/venv/lib/python3.10/site-packages/airflow/example_dags/example_skip_dag.py took 0.054 seconds
[2025-08-07T16:47:52.542+0700] {processor.py:157} INFO - Started process (PID=130886) to work on /home/dwmhr/pln/venv/lib/python3.10/site-packages/airflow/example_dags/example_skip_dag.py
[2025-08-07T16:47:52.545+0700] {processor.py:829} INFO - Processing file /home/dwmhr/pln/venv/lib/python3.10/site-packages/airflow/example_dags/example_skip_dag.py for tasks to queue
[2025-08-07T16:47:52.547+0700] {logging_mixin.py:154} INFO - [2025-08-07T16:47:52.546+0700] {dagbag.py:536} INFO - Filling up the DagBag from /home/dwmhr/pln/venv/lib/python3.10/site-packages/airflow/example_dags/example_skip_dag.py
[2025-08-07T16:47:52.560+0700] {processor.py:839} INFO - DAG(s) dict_keys(['example_skip_dag']) retrieved from /home/dwmhr/pln/venv/lib/python3.10/site-packages/airflow/example_dags/example_skip_dag.py
[2025-08-07T16:47:52.599+0700] {logging_mixin.py:154} INFO - [2025-08-07T16:47:52.599+0700] {dag.py:2941} INFO - Sync 1 DAGs
[2025-08-07T16:47:52.635+0700] {logging_mixin.py:154} INFO - [2025-08-07T16:47:52.635+0700] {dag.py:3722} INFO - Setting next_dagrun for example_skip_dag to 2025-08-06T09:47:52.634479+00:00, run_after=2025-08-07T09:47:52.634479+00:00
[2025-08-07T16:47:52.696+0700] {processor.py:179} INFO - Processing /home/dwmhr/pln/venv/lib/python3.10/site-packages/airflow/example_dags/example_skip_dag.py took 0.161 seconds
[2025-08-07T16:48:48.921+0700] {processor.py:157} INFO - Started process (PID=131128) to work on /home/dwmhr/pln/venv/lib/python3.10/site-packages/airflow/example_dags/example_skip_dag.py
[2025-08-07T16:48:48.922+0700] {processor.py:829} INFO - Processing file /home/dwmhr/pln/venv/lib/python3.10/site-packages/airflow/example_dags/example_skip_dag.py for tasks to queue
[2025-08-07T16:48:48.924+0700] {logging_mixin.py:154} INFO - [2025-08-07T16:48:48.923+0700] {dagbag.py:536} INFO - Filling up the DagBag from /home/dwmhr/pln/venv/lib/python3.10/site-packages/airflow/example_dags/example_skip_dag.py
[2025-08-07T16:48:48.930+0700] {processor.py:839} INFO - DAG(s) dict_keys(['example_skip_dag']) retrieved from /home/dwmhr/pln/venv/lib/python3.10/site-packages/airflow/example_dags/example_skip_dag.py
[2025-08-07T16:48:48.948+0700] {logging_mixin.py:154} INFO - [2025-08-07T16:48:48.948+0700] {dag.py:2941} INFO - Sync 1 DAGs
[2025-08-07T16:48:48.964+0700] {logging_mixin.py:154} INFO - [2025-08-07T16:48:48.964+0700] {dag.py:3722} INFO - Setting next_dagrun for example_skip_dag to 2025-08-06T09:48:48.963913+00:00, run_after=2025-08-07T09:48:48.963913+00:00
[2025-08-07T16:48:48.984+0700] {processor.py:179} INFO - Processing /home/dwmhr/pln/venv/lib/python3.10/site-packages/airflow/example_dags/example_skip_dag.py took 0.067 seconds
