[2025-08-07T15:45:20.143+0700] {processor.py:157} INFO - Started process (PID=113283) to work on /home/dwmhr/pln/venv/lib/python3.10/site-packages/airflow/example_dags/example_nested_branch_dag.py
[2025-08-07T15:45:20.145+0700] {processor.py:829} INFO - Processing file /home/dwmhr/pln/venv/lib/python3.10/site-packages/airflow/example_dags/example_nested_branch_dag.py for tasks to queue
[2025-08-07T15:45:20.146+0700] {logging_mixin.py:154} INFO - [2025-08-07T15:45:20.145+0700] {dagbag.py:536} INFO - Filling up the DagBag from /home/dwmhr/pln/venv/lib/python3.10/site-packages/airflow/example_dags/example_nested_branch_dag.py
[2025-08-07T15:45:20.165+0700] {processor.py:839} INFO - DAG(s) dict_keys(['example_nested_branch_dag']) retrieved from /home/dwmhr/pln/venv/lib/python3.10/site-packages/airflow/example_dags/example_nested_branch_dag.py
[2025-08-07T15:45:20.321+0700] {logging_mixin.py:154} INFO - [2025-08-07T15:45:20.321+0700] {manager.py:499} INFO - Created Permission View: %s
[2025-08-07T15:45:20.338+0700] {logging_mixin.py:154} INFO - [2025-08-07T15:45:20.338+0700] {manager.py:499} INFO - Created Permission View: %s
[2025-08-07T15:45:20.350+0700] {logging_mixin.py:154} INFO - [2025-08-07T15:45:20.350+0700] {manager.py:499} INFO - Created Permission View: %s
[2025-08-07T15:45:20.351+0700] {logging_mixin.py:154} INFO - [2025-08-07T15:45:20.351+0700] {dag.py:2941} INFO - Sync 1 DAGs
[2025-08-07T15:45:20.364+0700] {logging_mixin.py:154} INFO - [2025-08-07T15:45:20.364+0700] {dag.py:2963} INFO - Creating ORM DAG for example_nested_branch_dag
[2025-08-07T15:45:20.377+0700] {logging_mixin.py:154} INFO - [2025-08-07T15:45:20.377+0700] {dag.py:3722} INFO - Setting next_dagrun for example_nested_branch_dag to 2025-08-06T00:00:00+00:00, run_after=2025-08-07T00:00:00+00:00
[2025-08-07T15:45:20.405+0700] {processor.py:179} INFO - Processing /home/dwmhr/pln/venv/lib/python3.10/site-packages/airflow/example_dags/example_nested_branch_dag.py took 0.266 seconds
[2025-08-07T15:46:31.240+0700] {processor.py:157} INFO - Started process (PID=113650) to work on /home/dwmhr/pln/venv/lib/python3.10/site-packages/airflow/example_dags/example_nested_branch_dag.py
[2025-08-07T15:46:31.243+0700] {processor.py:829} INFO - Processing file /home/dwmhr/pln/venv/lib/python3.10/site-packages/airflow/example_dags/example_nested_branch_dag.py for tasks to queue
[2025-08-07T15:46:31.246+0700] {logging_mixin.py:154} INFO - [2025-08-07T15:46:31.245+0700] {dagbag.py:536} INFO - Filling up the DagBag from /home/dwmhr/pln/venv/lib/python3.10/site-packages/airflow/example_dags/example_nested_branch_dag.py
[2025-08-07T15:46:31.272+0700] {processor.py:839} INFO - DAG(s) dict_keys(['example_nested_branch_dag']) retrieved from /home/dwmhr/pln/venv/lib/python3.10/site-packages/airflow/example_dags/example_nested_branch_dag.py
[2025-08-07T15:46:31.321+0700] {logging_mixin.py:154} INFO - [2025-08-07T15:46:31.320+0700] {dag.py:2941} INFO - Sync 1 DAGs
[2025-08-07T15:46:31.375+0700] {logging_mixin.py:154} INFO - [2025-08-07T15:46:31.375+0700] {dag.py:3722} INFO - Setting next_dagrun for example_nested_branch_dag to 2025-08-06T00:00:00+00:00, run_after=2025-08-07T00:00:00+00:00
[2025-08-07T15:46:31.428+0700] {processor.py:179} INFO - Processing /home/dwmhr/pln/venv/lib/python3.10/site-packages/airflow/example_dags/example_nested_branch_dag.py took 0.196 seconds
[2025-08-07T15:47:25.330+0700] {processor.py:157} INFO - Started process (PID=113922) to work on /home/dwmhr/pln/venv/lib/python3.10/site-packages/airflow/example_dags/example_nested_branch_dag.py
[2025-08-07T15:47:25.333+0700] {processor.py:829} INFO - Processing file /home/dwmhr/pln/venv/lib/python3.10/site-packages/airflow/example_dags/example_nested_branch_dag.py for tasks to queue
[2025-08-07T15:47:25.335+0700] {logging_mixin.py:154} INFO - [2025-08-07T15:47:25.335+0700] {dagbag.py:536} INFO - Filling up the DagBag from /home/dwmhr/pln/venv/lib/python3.10/site-packages/airflow/example_dags/example_nested_branch_dag.py
[2025-08-07T15:47:25.358+0700] {processor.py:839} INFO - DAG(s) dict_keys(['example_nested_branch_dag']) retrieved from /home/dwmhr/pln/venv/lib/python3.10/site-packages/airflow/example_dags/example_nested_branch_dag.py
[2025-08-07T15:47:25.396+0700] {logging_mixin.py:154} INFO - [2025-08-07T15:47:25.395+0700] {dag.py:2941} INFO - Sync 1 DAGs
[2025-08-07T15:47:25.437+0700] {logging_mixin.py:154} INFO - [2025-08-07T15:47:25.437+0700] {dag.py:3722} INFO - Setting next_dagrun for example_nested_branch_dag to 2025-08-06T00:00:00+00:00, run_after=2025-08-07T00:00:00+00:00
[2025-08-07T15:47:25.492+0700] {processor.py:179} INFO - Processing /home/dwmhr/pln/venv/lib/python3.10/site-packages/airflow/example_dags/example_nested_branch_dag.py took 0.169 seconds
[2025-08-07T15:48:16.731+0700] {processor.py:157} INFO - Started process (PID=114183) to work on /home/dwmhr/pln/venv/lib/python3.10/site-packages/airflow/example_dags/example_nested_branch_dag.py
[2025-08-07T15:48:16.734+0700] {processor.py:829} INFO - Processing file /home/dwmhr/pln/venv/lib/python3.10/site-packages/airflow/example_dags/example_nested_branch_dag.py for tasks to queue
[2025-08-07T15:48:16.736+0700] {logging_mixin.py:154} INFO - [2025-08-07T15:48:16.735+0700] {dagbag.py:536} INFO - Filling up the DagBag from /home/dwmhr/pln/venv/lib/python3.10/site-packages/airflow/example_dags/example_nested_branch_dag.py
[2025-08-07T15:48:16.757+0700] {processor.py:839} INFO - DAG(s) dict_keys(['example_nested_branch_dag']) retrieved from /home/dwmhr/pln/venv/lib/python3.10/site-packages/airflow/example_dags/example_nested_branch_dag.py
[2025-08-07T15:48:16.807+0700] {logging_mixin.py:154} INFO - [2025-08-07T15:48:16.807+0700] {dag.py:2941} INFO - Sync 1 DAGs
[2025-08-07T15:48:16.847+0700] {logging_mixin.py:154} INFO - [2025-08-07T15:48:16.846+0700] {dag.py:3722} INFO - Setting next_dagrun for example_nested_branch_dag to 2025-08-06T00:00:00+00:00, run_after=2025-08-07T00:00:00+00:00
[2025-08-07T15:48:16.890+0700] {processor.py:179} INFO - Processing /home/dwmhr/pln/venv/lib/python3.10/site-packages/airflow/example_dags/example_nested_branch_dag.py took 0.169 seconds
[2025-08-07T15:49:09.212+0700] {processor.py:157} INFO - Started process (PID=114476) to work on /home/dwmhr/pln/venv/lib/python3.10/site-packages/airflow/example_dags/example_nested_branch_dag.py
[2025-08-07T15:49:09.216+0700] {processor.py:829} INFO - Processing file /home/dwmhr/pln/venv/lib/python3.10/site-packages/airflow/example_dags/example_nested_branch_dag.py for tasks to queue
[2025-08-07T15:49:09.219+0700] {logging_mixin.py:154} INFO - [2025-08-07T15:49:09.218+0700] {dagbag.py:536} INFO - Filling up the DagBag from /home/dwmhr/pln/venv/lib/python3.10/site-packages/airflow/example_dags/example_nested_branch_dag.py
[2025-08-07T15:49:09.251+0700] {processor.py:839} INFO - DAG(s) dict_keys(['example_nested_branch_dag']) retrieved from /home/dwmhr/pln/venv/lib/python3.10/site-packages/airflow/example_dags/example_nested_branch_dag.py
[2025-08-07T15:49:09.326+0700] {logging_mixin.py:154} INFO - [2025-08-07T15:49:09.325+0700] {dag.py:2941} INFO - Sync 1 DAGs
[2025-08-07T15:49:09.399+0700] {logging_mixin.py:154} INFO - [2025-08-07T15:49:09.398+0700] {dag.py:3722} INFO - Setting next_dagrun for example_nested_branch_dag to 2025-08-06T00:00:00+00:00, run_after=2025-08-07T00:00:00+00:00
[2025-08-07T15:49:09.492+0700] {processor.py:179} INFO - Processing /home/dwmhr/pln/venv/lib/python3.10/site-packages/airflow/example_dags/example_nested_branch_dag.py took 0.292 seconds
[2025-08-07T15:50:27.815+0700] {processor.py:157} INFO - Started process (PID=114903) to work on /home/dwmhr/pln/venv/lib/python3.10/site-packages/airflow/example_dags/example_nested_branch_dag.py
[2025-08-07T15:50:27.823+0700] {processor.py:829} INFO - Processing file /home/dwmhr/pln/venv/lib/python3.10/site-packages/airflow/example_dags/example_nested_branch_dag.py for tasks to queue
[2025-08-07T15:50:27.827+0700] {logging_mixin.py:154} INFO - [2025-08-07T15:50:27.825+0700] {dagbag.py:536} INFO - Filling up the DagBag from /home/dwmhr/pln/venv/lib/python3.10/site-packages/airflow/example_dags/example_nested_branch_dag.py
[2025-08-07T15:50:27.872+0700] {processor.py:839} INFO - DAG(s) dict_keys(['example_nested_branch_dag']) retrieved from /home/dwmhr/pln/venv/lib/python3.10/site-packages/airflow/example_dags/example_nested_branch_dag.py
[2025-08-07T15:50:27.965+0700] {logging_mixin.py:154} INFO - [2025-08-07T15:50:27.964+0700] {dag.py:2941} INFO - Sync 1 DAGs
[2025-08-07T15:50:28.057+0700] {logging_mixin.py:154} INFO - [2025-08-07T15:50:28.057+0700] {dag.py:3722} INFO - Setting next_dagrun for example_nested_branch_dag to 2025-08-06T00:00:00+00:00, run_after=2025-08-07T00:00:00+00:00
[2025-08-07T15:50:28.128+0700] {processor.py:179} INFO - Processing /home/dwmhr/pln/venv/lib/python3.10/site-packages/airflow/example_dags/example_nested_branch_dag.py took 0.330 seconds
[2025-08-07T15:51:38.023+0700] {processor.py:157} INFO - Started process (PID=115266) to work on /home/dwmhr/pln/venv/lib/python3.10/site-packages/airflow/example_dags/example_nested_branch_dag.py
[2025-08-07T15:51:38.026+0700] {processor.py:829} INFO - Processing file /home/dwmhr/pln/venv/lib/python3.10/site-packages/airflow/example_dags/example_nested_branch_dag.py for tasks to queue
[2025-08-07T15:51:38.027+0700] {logging_mixin.py:154} INFO - [2025-08-07T15:51:38.027+0700] {dagbag.py:536} INFO - Filling up the DagBag from /home/dwmhr/pln/venv/lib/python3.10/site-packages/airflow/example_dags/example_nested_branch_dag.py
[2025-08-07T15:51:38.051+0700] {processor.py:839} INFO - DAG(s) dict_keys(['example_nested_branch_dag']) retrieved from /home/dwmhr/pln/venv/lib/python3.10/site-packages/airflow/example_dags/example_nested_branch_dag.py
[2025-08-07T15:51:38.086+0700] {logging_mixin.py:154} INFO - [2025-08-07T15:51:38.086+0700] {dag.py:2941} INFO - Sync 1 DAGs
[2025-08-07T15:51:38.123+0700] {logging_mixin.py:154} INFO - [2025-08-07T15:51:38.123+0700] {dag.py:3722} INFO - Setting next_dagrun for example_nested_branch_dag to 2025-08-06T00:00:00+00:00, run_after=2025-08-07T00:00:00+00:00
[2025-08-07T15:51:38.164+0700] {processor.py:179} INFO - Processing /home/dwmhr/pln/venv/lib/python3.10/site-packages/airflow/example_dags/example_nested_branch_dag.py took 0.148 seconds
[2025-08-07T15:53:20.088+0700] {processor.py:157} INFO - Started process (PID=115726) to work on /home/dwmhr/pln/venv/lib/python3.10/site-packages/airflow/example_dags/example_nested_branch_dag.py
[2025-08-07T15:53:20.091+0700] {processor.py:829} INFO - Processing file /home/dwmhr/pln/venv/lib/python3.10/site-packages/airflow/example_dags/example_nested_branch_dag.py for tasks to queue
[2025-08-07T15:53:20.092+0700] {logging_mixin.py:154} INFO - [2025-08-07T15:53:20.091+0700] {dagbag.py:536} INFO - Filling up the DagBag from /home/dwmhr/pln/venv/lib/python3.10/site-packages/airflow/example_dags/example_nested_branch_dag.py
[2025-08-07T15:53:20.106+0700] {processor.py:839} INFO - DAG(s) dict_keys(['example_nested_branch_dag']) retrieved from /home/dwmhr/pln/venv/lib/python3.10/site-packages/airflow/example_dags/example_nested_branch_dag.py
[2025-08-07T15:53:20.136+0700] {logging_mixin.py:154} INFO - [2025-08-07T15:53:20.136+0700] {dag.py:2941} INFO - Sync 1 DAGs
[2025-08-07T15:53:20.161+0700] {logging_mixin.py:154} INFO - [2025-08-07T15:53:20.161+0700] {dag.py:3722} INFO - Setting next_dagrun for example_nested_branch_dag to 2025-08-06T00:00:00+00:00, run_after=2025-08-07T00:00:00+00:00
[2025-08-07T15:53:20.191+0700] {processor.py:179} INFO - Processing /home/dwmhr/pln/venv/lib/python3.10/site-packages/airflow/example_dags/example_nested_branch_dag.py took 0.106 seconds
[2025-08-07T15:54:58.030+0700] {processor.py:157} INFO - Started process (PID=116199) to work on /home/dwmhr/pln/venv/lib/python3.10/site-packages/airflow/example_dags/example_nested_branch_dag.py
[2025-08-07T15:54:58.033+0700] {processor.py:829} INFO - Processing file /home/dwmhr/pln/venv/lib/python3.10/site-packages/airflow/example_dags/example_nested_branch_dag.py for tasks to queue
[2025-08-07T15:54:58.034+0700] {logging_mixin.py:154} INFO - [2025-08-07T15:54:58.034+0700] {dagbag.py:536} INFO - Filling up the DagBag from /home/dwmhr/pln/venv/lib/python3.10/site-packages/airflow/example_dags/example_nested_branch_dag.py
[2025-08-07T15:54:58.045+0700] {processor.py:839} INFO - DAG(s) dict_keys(['example_nested_branch_dag']) retrieved from /home/dwmhr/pln/venv/lib/python3.10/site-packages/airflow/example_dags/example_nested_branch_dag.py
[2025-08-07T15:54:58.063+0700] {logging_mixin.py:154} INFO - [2025-08-07T15:54:58.063+0700] {dag.py:2941} INFO - Sync 1 DAGs
[2025-08-07T15:54:58.082+0700] {logging_mixin.py:154} INFO - [2025-08-07T15:54:58.082+0700] {dag.py:3722} INFO - Setting next_dagrun for example_nested_branch_dag to 2025-08-06T00:00:00+00:00, run_after=2025-08-07T00:00:00+00:00
[2025-08-07T15:54:58.111+0700] {processor.py:179} INFO - Processing /home/dwmhr/pln/venv/lib/python3.10/site-packages/airflow/example_dags/example_nested_branch_dag.py took 0.084 seconds
[2025-08-07T15:56:08.587+0700] {processor.py:157} INFO - Started process (PID=116541) to work on /home/dwmhr/pln/venv/lib/python3.10/site-packages/airflow/example_dags/example_nested_branch_dag.py
[2025-08-07T15:56:08.592+0700] {processor.py:829} INFO - Processing file /home/dwmhr/pln/venv/lib/python3.10/site-packages/airflow/example_dags/example_nested_branch_dag.py for tasks to queue
[2025-08-07T15:56:08.596+0700] {logging_mixin.py:154} INFO - [2025-08-07T15:56:08.595+0700] {dagbag.py:536} INFO - Filling up the DagBag from /home/dwmhr/pln/venv/lib/python3.10/site-packages/airflow/example_dags/example_nested_branch_dag.py
[2025-08-07T15:56:08.631+0700] {processor.py:839} INFO - DAG(s) dict_keys(['example_nested_branch_dag']) retrieved from /home/dwmhr/pln/venv/lib/python3.10/site-packages/airflow/example_dags/example_nested_branch_dag.py
[2025-08-07T15:56:08.683+0700] {logging_mixin.py:154} INFO - [2025-08-07T15:56:08.683+0700] {dag.py:2941} INFO - Sync 1 DAGs
[2025-08-07T15:56:08.739+0700] {logging_mixin.py:154} INFO - [2025-08-07T15:56:08.739+0700] {dag.py:3722} INFO - Setting next_dagrun for example_nested_branch_dag to 2025-08-06T00:00:00+00:00, run_after=2025-08-07T00:00:00+00:00
[2025-08-07T15:56:08.795+0700] {processor.py:179} INFO - Processing /home/dwmhr/pln/venv/lib/python3.10/site-packages/airflow/example_dags/example_nested_branch_dag.py took 0.217 seconds
[2025-08-07T15:57:19.550+0700] {processor.py:157} INFO - Started process (PID=116922) to work on /home/dwmhr/pln/venv/lib/python3.10/site-packages/airflow/example_dags/example_nested_branch_dag.py
[2025-08-07T15:57:19.554+0700] {processor.py:829} INFO - Processing file /home/dwmhr/pln/venv/lib/python3.10/site-packages/airflow/example_dags/example_nested_branch_dag.py for tasks to queue
[2025-08-07T15:57:19.557+0700] {logging_mixin.py:154} INFO - [2025-08-07T15:57:19.556+0700] {dagbag.py:536} INFO - Filling up the DagBag from /home/dwmhr/pln/venv/lib/python3.10/site-packages/airflow/example_dags/example_nested_branch_dag.py
[2025-08-07T15:57:19.589+0700] {processor.py:839} INFO - DAG(s) dict_keys(['example_nested_branch_dag']) retrieved from /home/dwmhr/pln/venv/lib/python3.10/site-packages/airflow/example_dags/example_nested_branch_dag.py
[2025-08-07T15:57:19.650+0700] {logging_mixin.py:154} INFO - [2025-08-07T15:57:19.650+0700] {dag.py:2941} INFO - Sync 1 DAGs
[2025-08-07T15:57:19.730+0700] {logging_mixin.py:154} INFO - [2025-08-07T15:57:19.730+0700] {dag.py:3722} INFO - Setting next_dagrun for example_nested_branch_dag to 2025-08-06T00:00:00+00:00, run_after=2025-08-07T00:00:00+00:00
[2025-08-07T15:57:19.815+0700] {processor.py:179} INFO - Processing /home/dwmhr/pln/venv/lib/python3.10/site-packages/airflow/example_dags/example_nested_branch_dag.py took 0.273 seconds
[2025-08-07T15:59:34.936+0700] {processor.py:157} INFO - Started process (PID=117608) to work on /home/dwmhr/pln/venv/lib/python3.10/site-packages/airflow/example_dags/example_nested_branch_dag.py
[2025-08-07T15:59:34.945+0700] {processor.py:829} INFO - Processing file /home/dwmhr/pln/venv/lib/python3.10/site-packages/airflow/example_dags/example_nested_branch_dag.py for tasks to queue
[2025-08-07T15:59:34.953+0700] {logging_mixin.py:154} INFO - [2025-08-07T15:59:34.950+0700] {dagbag.py:536} INFO - Filling up the DagBag from /home/dwmhr/pln/venv/lib/python3.10/site-packages/airflow/example_dags/example_nested_branch_dag.py
[2025-08-07T15:59:35.044+0700] {processor.py:839} INFO - DAG(s) dict_keys(['example_nested_branch_dag']) retrieved from /home/dwmhr/pln/venv/lib/python3.10/site-packages/airflow/example_dags/example_nested_branch_dag.py
[2025-08-07T15:59:35.220+0700] {logging_mixin.py:154} INFO - [2025-08-07T15:59:35.219+0700] {dag.py:2941} INFO - Sync 1 DAGs
[2025-08-07T15:59:35.367+0700] {logging_mixin.py:154} INFO - [2025-08-07T15:59:35.367+0700] {dag.py:3722} INFO - Setting next_dagrun for example_nested_branch_dag to 2025-08-06T00:00:00+00:00, run_after=2025-08-07T00:00:00+00:00
[2025-08-07T15:59:35.671+0700] {processor.py:179} INFO - Processing /home/dwmhr/pln/venv/lib/python3.10/site-packages/airflow/example_dags/example_nested_branch_dag.py took 0.781 seconds
[2025-08-07T16:01:15.082+0700] {processor.py:157} INFO - Started process (PID=118117) to work on /home/dwmhr/pln/venv/lib/python3.10/site-packages/airflow/example_dags/example_nested_branch_dag.py
[2025-08-07T16:01:15.098+0700] {processor.py:829} INFO - Processing file /home/dwmhr/pln/venv/lib/python3.10/site-packages/airflow/example_dags/example_nested_branch_dag.py for tasks to queue
[2025-08-07T16:01:15.126+0700] {logging_mixin.py:154} INFO - [2025-08-07T16:01:15.109+0700] {dagbag.py:536} INFO - Filling up the DagBag from /home/dwmhr/pln/venv/lib/python3.10/site-packages/airflow/example_dags/example_nested_branch_dag.py
[2025-08-07T16:01:15.585+0700] {processor.py:839} INFO - DAG(s) dict_keys(['example_nested_branch_dag']) retrieved from /home/dwmhr/pln/venv/lib/python3.10/site-packages/airflow/example_dags/example_nested_branch_dag.py
[2025-08-07T16:01:15.985+0700] {logging_mixin.py:154} INFO - [2025-08-07T16:01:15.984+0700] {dag.py:2941} INFO - Sync 1 DAGs
[2025-08-07T16:01:16.272+0700] {logging_mixin.py:154} INFO - [2025-08-07T16:01:16.271+0700] {dag.py:3722} INFO - Setting next_dagrun for example_nested_branch_dag to 2025-08-06T00:00:00+00:00, run_after=2025-08-07T00:00:00+00:00
[2025-08-07T16:01:16.805+0700] {processor.py:179} INFO - Processing /home/dwmhr/pln/venv/lib/python3.10/site-packages/airflow/example_dags/example_nested_branch_dag.py took 1.884 seconds
[2025-08-07T16:04:01.433+0700] {processor.py:157} INFO - Started process (PID=118873) to work on /home/dwmhr/pln/venv/lib/python3.10/site-packages/airflow/example_dags/example_nested_branch_dag.py
[2025-08-07T16:04:01.439+0700] {processor.py:829} INFO - Processing file /home/dwmhr/pln/venv/lib/python3.10/site-packages/airflow/example_dags/example_nested_branch_dag.py for tasks to queue
[2025-08-07T16:04:01.442+0700] {logging_mixin.py:154} INFO - [2025-08-07T16:04:01.441+0700] {dagbag.py:536} INFO - Filling up the DagBag from /home/dwmhr/pln/venv/lib/python3.10/site-packages/airflow/example_dags/example_nested_branch_dag.py
[2025-08-07T16:04:01.481+0700] {processor.py:839} INFO - DAG(s) dict_keys(['example_nested_branch_dag']) retrieved from /home/dwmhr/pln/venv/lib/python3.10/site-packages/airflow/example_dags/example_nested_branch_dag.py
[2025-08-07T16:04:01.555+0700] {logging_mixin.py:154} INFO - [2025-08-07T16:04:01.555+0700] {dag.py:2941} INFO - Sync 1 DAGs
[2025-08-07T16:04:01.635+0700] {logging_mixin.py:154} INFO - [2025-08-07T16:04:01.634+0700] {dag.py:3722} INFO - Setting next_dagrun for example_nested_branch_dag to 2025-08-06T00:00:00+00:00, run_after=2025-08-07T00:00:00+00:00
[2025-08-07T16:04:01.711+0700] {processor.py:179} INFO - Processing /home/dwmhr/pln/venv/lib/python3.10/site-packages/airflow/example_dags/example_nested_branch_dag.py took 0.291 seconds
[2025-08-07T16:05:08.397+0700] {processor.py:157} INFO - Started process (PID=119211) to work on /home/dwmhr/pln/venv/lib/python3.10/site-packages/airflow/example_dags/example_nested_branch_dag.py
[2025-08-07T16:05:08.406+0700] {processor.py:829} INFO - Processing file /home/dwmhr/pln/venv/lib/python3.10/site-packages/airflow/example_dags/example_nested_branch_dag.py for tasks to queue
[2025-08-07T16:05:08.407+0700] {logging_mixin.py:154} INFO - [2025-08-07T16:05:08.406+0700] {dagbag.py:536} INFO - Filling up the DagBag from /home/dwmhr/pln/venv/lib/python3.10/site-packages/airflow/example_dags/example_nested_branch_dag.py
[2025-08-07T16:05:08.416+0700] {processor.py:839} INFO - DAG(s) dict_keys(['example_nested_branch_dag']) retrieved from /home/dwmhr/pln/venv/lib/python3.10/site-packages/airflow/example_dags/example_nested_branch_dag.py
[2025-08-07T16:05:08.433+0700] {logging_mixin.py:154} INFO - [2025-08-07T16:05:08.433+0700] {dag.py:2941} INFO - Sync 1 DAGs
[2025-08-07T16:05:08.450+0700] {logging_mixin.py:154} INFO - [2025-08-07T16:05:08.450+0700] {dag.py:3722} INFO - Setting next_dagrun for example_nested_branch_dag to 2025-08-06T00:00:00+00:00, run_after=2025-08-07T00:00:00+00:00
[2025-08-07T16:05:08.472+0700] {processor.py:179} INFO - Processing /home/dwmhr/pln/venv/lib/python3.10/site-packages/airflow/example_dags/example_nested_branch_dag.py took 0.078 seconds
[2025-08-07T16:06:24.580+0700] {processor.py:157} INFO - Started process (PID=119546) to work on /home/dwmhr/pln/venv/lib/python3.10/site-packages/airflow/example_dags/example_nested_branch_dag.py
[2025-08-07T16:06:24.628+0700] {processor.py:829} INFO - Processing file /home/dwmhr/pln/venv/lib/python3.10/site-packages/airflow/example_dags/example_nested_branch_dag.py for tasks to queue
[2025-08-07T16:06:24.634+0700] {logging_mixin.py:154} INFO - [2025-08-07T16:06:24.632+0700] {dagbag.py:536} INFO - Filling up the DagBag from /home/dwmhr/pln/venv/lib/python3.10/site-packages/airflow/example_dags/example_nested_branch_dag.py
[2025-08-07T16:06:24.761+0700] {processor.py:839} INFO - DAG(s) dict_keys(['example_nested_branch_dag']) retrieved from /home/dwmhr/pln/venv/lib/python3.10/site-packages/airflow/example_dags/example_nested_branch_dag.py
[2025-08-07T16:06:24.910+0700] {logging_mixin.py:154} INFO - [2025-08-07T16:06:24.899+0700] {dag.py:2941} INFO - Sync 1 DAGs
[2025-08-07T16:06:25.100+0700] {logging_mixin.py:154} INFO - [2025-08-07T16:06:25.091+0700] {dag.py:3722} INFO - Setting next_dagrun for example_nested_branch_dag to 2025-08-06T00:00:00+00:00, run_after=2025-08-07T00:00:00+00:00
[2025-08-07T16:06:25.362+0700] {processor.py:179} INFO - Processing /home/dwmhr/pln/venv/lib/python3.10/site-packages/airflow/example_dags/example_nested_branch_dag.py took 0.813 seconds
[2025-08-07T16:07:29.559+0700] {processor.py:157} INFO - Started process (PID=119935) to work on /home/dwmhr/pln/venv/lib/python3.10/site-packages/airflow/example_dags/example_nested_branch_dag.py
[2025-08-07T16:07:29.580+0700] {processor.py:829} INFO - Processing file /home/dwmhr/pln/venv/lib/python3.10/site-packages/airflow/example_dags/example_nested_branch_dag.py for tasks to queue
[2025-08-07T16:07:29.595+0700] {logging_mixin.py:154} INFO - [2025-08-07T16:07:29.587+0700] {dagbag.py:536} INFO - Filling up the DagBag from /home/dwmhr/pln/venv/lib/python3.10/site-packages/airflow/example_dags/example_nested_branch_dag.py
[2025-08-07T16:07:29.785+0700] {processor.py:839} INFO - DAG(s) dict_keys(['example_nested_branch_dag']) retrieved from /home/dwmhr/pln/venv/lib/python3.10/site-packages/airflow/example_dags/example_nested_branch_dag.py
[2025-08-07T16:07:30.000+0700] {logging_mixin.py:154} INFO - [2025-08-07T16:07:30.000+0700] {dag.py:2941} INFO - Sync 1 DAGs
[2025-08-07T16:07:30.232+0700] {logging_mixin.py:154} INFO - [2025-08-07T16:07:30.230+0700] {dag.py:3722} INFO - Setting next_dagrun for example_nested_branch_dag to 2025-08-06T00:00:00+00:00, run_after=2025-08-07T00:00:00+00:00
[2025-08-07T16:07:30.427+0700] {processor.py:179} INFO - Processing /home/dwmhr/pln/venv/lib/python3.10/site-packages/airflow/example_dags/example_nested_branch_dag.py took 0.969 seconds
[2025-08-07T16:08:52.664+0700] {processor.py:157} INFO - Started process (PID=120284) to work on /home/dwmhr/pln/venv/lib/python3.10/site-packages/airflow/example_dags/example_nested_branch_dag.py
[2025-08-07T16:08:52.667+0700] {processor.py:829} INFO - Processing file /home/dwmhr/pln/venv/lib/python3.10/site-packages/airflow/example_dags/example_nested_branch_dag.py for tasks to queue
[2025-08-07T16:08:52.670+0700] {logging_mixin.py:154} INFO - [2025-08-07T16:08:52.669+0700] {dagbag.py:536} INFO - Filling up the DagBag from /home/dwmhr/pln/venv/lib/python3.10/site-packages/airflow/example_dags/example_nested_branch_dag.py
[2025-08-07T16:08:52.691+0700] {processor.py:839} INFO - DAG(s) dict_keys(['example_nested_branch_dag']) retrieved from /home/dwmhr/pln/venv/lib/python3.10/site-packages/airflow/example_dags/example_nested_branch_dag.py
[2025-08-07T16:08:52.724+0700] {logging_mixin.py:154} INFO - [2025-08-07T16:08:52.723+0700] {dag.py:2941} INFO - Sync 1 DAGs
[2025-08-07T16:08:52.758+0700] {logging_mixin.py:154} INFO - [2025-08-07T16:08:52.758+0700] {dag.py:3722} INFO - Setting next_dagrun for example_nested_branch_dag to 2025-08-06T00:00:00+00:00, run_after=2025-08-07T00:00:00+00:00
[2025-08-07T16:08:52.808+0700] {processor.py:179} INFO - Processing /home/dwmhr/pln/venv/lib/python3.10/site-packages/airflow/example_dags/example_nested_branch_dag.py took 0.151 seconds
[2025-08-07T16:10:05.716+0700] {processor.py:157} INFO - Started process (PID=120669) to work on /home/dwmhr/pln/venv/lib/python3.10/site-packages/airflow/example_dags/example_nested_branch_dag.py
[2025-08-07T16:10:05.721+0700] {processor.py:829} INFO - Processing file /home/dwmhr/pln/venv/lib/python3.10/site-packages/airflow/example_dags/example_nested_branch_dag.py for tasks to queue
[2025-08-07T16:10:05.727+0700] {logging_mixin.py:154} INFO - [2025-08-07T16:10:05.725+0700] {dagbag.py:536} INFO - Filling up the DagBag from /home/dwmhr/pln/venv/lib/python3.10/site-packages/airflow/example_dags/example_nested_branch_dag.py
[2025-08-07T16:10:05.765+0700] {processor.py:839} INFO - DAG(s) dict_keys(['example_nested_branch_dag']) retrieved from /home/dwmhr/pln/venv/lib/python3.10/site-packages/airflow/example_dags/example_nested_branch_dag.py
[2025-08-07T16:10:05.838+0700] {logging_mixin.py:154} INFO - [2025-08-07T16:10:05.837+0700] {dag.py:2941} INFO - Sync 1 DAGs
[2025-08-07T16:10:05.902+0700] {logging_mixin.py:154} INFO - [2025-08-07T16:10:05.902+0700] {dag.py:3722} INFO - Setting next_dagrun for example_nested_branch_dag to 2025-08-06T00:00:00+00:00, run_after=2025-08-07T00:00:00+00:00
[2025-08-07T16:10:05.998+0700] {processor.py:179} INFO - Processing /home/dwmhr/pln/venv/lib/python3.10/site-packages/airflow/example_dags/example_nested_branch_dag.py took 0.303 seconds
[2025-08-07T16:11:03.085+0700] {processor.py:157} INFO - Started process (PID=120978) to work on /home/dwmhr/pln/venv/lib/python3.10/site-packages/airflow/example_dags/example_nested_branch_dag.py
[2025-08-07T16:11:03.093+0700] {processor.py:829} INFO - Processing file /home/dwmhr/pln/venv/lib/python3.10/site-packages/airflow/example_dags/example_nested_branch_dag.py for tasks to queue
[2025-08-07T16:11:03.095+0700] {logging_mixin.py:154} INFO - [2025-08-07T16:11:03.094+0700] {dagbag.py:536} INFO - Filling up the DagBag from /home/dwmhr/pln/venv/lib/python3.10/site-packages/airflow/example_dags/example_nested_branch_dag.py
[2025-08-07T16:11:03.108+0700] {processor.py:839} INFO - DAG(s) dict_keys(['example_nested_branch_dag']) retrieved from /home/dwmhr/pln/venv/lib/python3.10/site-packages/airflow/example_dags/example_nested_branch_dag.py
[2025-08-07T16:11:03.130+0700] {logging_mixin.py:154} INFO - [2025-08-07T16:11:03.130+0700] {dag.py:2941} INFO - Sync 1 DAGs
[2025-08-07T16:11:03.154+0700] {logging_mixin.py:154} INFO - [2025-08-07T16:11:03.154+0700] {dag.py:3722} INFO - Setting next_dagrun for example_nested_branch_dag to 2025-08-06T00:00:00+00:00, run_after=2025-08-07T00:00:00+00:00
[2025-08-07T16:11:03.184+0700] {processor.py:179} INFO - Processing /home/dwmhr/pln/venv/lib/python3.10/site-packages/airflow/example_dags/example_nested_branch_dag.py took 0.104 seconds
[2025-08-07T16:11:51.813+0700] {processor.py:157} INFO - Started process (PID=121256) to work on /home/dwmhr/pln/venv/lib/python3.10/site-packages/airflow/example_dags/example_nested_branch_dag.py
[2025-08-07T16:11:51.821+0700] {processor.py:829} INFO - Processing file /home/dwmhr/pln/venv/lib/python3.10/site-packages/airflow/example_dags/example_nested_branch_dag.py for tasks to queue
[2025-08-07T16:11:51.827+0700] {logging_mixin.py:154} INFO - [2025-08-07T16:11:51.824+0700] {dagbag.py:536} INFO - Filling up the DagBag from /home/dwmhr/pln/venv/lib/python3.10/site-packages/airflow/example_dags/example_nested_branch_dag.py
[2025-08-07T16:11:51.899+0700] {processor.py:839} INFO - DAG(s) dict_keys(['example_nested_branch_dag']) retrieved from /home/dwmhr/pln/venv/lib/python3.10/site-packages/airflow/example_dags/example_nested_branch_dag.py
[2025-08-07T16:11:52.020+0700] {logging_mixin.py:154} INFO - [2025-08-07T16:11:52.019+0700] {dag.py:2941} INFO - Sync 1 DAGs
[2025-08-07T16:11:52.131+0700] {logging_mixin.py:154} INFO - [2025-08-07T16:11:52.130+0700] {dag.py:3722} INFO - Setting next_dagrun for example_nested_branch_dag to 2025-08-06T00:00:00+00:00, run_after=2025-08-07T00:00:00+00:00
[2025-08-07T16:11:52.251+0700] {processor.py:179} INFO - Processing /home/dwmhr/pln/venv/lib/python3.10/site-packages/airflow/example_dags/example_nested_branch_dag.py took 0.457 seconds
[2025-08-07T16:12:39.543+0700] {processor.py:157} INFO - Started process (PID=121474) to work on /home/dwmhr/pln/venv/lib/python3.10/site-packages/airflow/example_dags/example_nested_branch_dag.py
[2025-08-07T16:12:39.546+0700] {processor.py:829} INFO - Processing file /home/dwmhr/pln/venv/lib/python3.10/site-packages/airflow/example_dags/example_nested_branch_dag.py for tasks to queue
[2025-08-07T16:12:39.548+0700] {logging_mixin.py:154} INFO - [2025-08-07T16:12:39.547+0700] {dagbag.py:536} INFO - Filling up the DagBag from /home/dwmhr/pln/venv/lib/python3.10/site-packages/airflow/example_dags/example_nested_branch_dag.py
[2025-08-07T16:12:39.565+0700] {processor.py:839} INFO - DAG(s) dict_keys(['example_nested_branch_dag']) retrieved from /home/dwmhr/pln/venv/lib/python3.10/site-packages/airflow/example_dags/example_nested_branch_dag.py
[2025-08-07T16:12:39.592+0700] {logging_mixin.py:154} INFO - [2025-08-07T16:12:39.592+0700] {dag.py:2941} INFO - Sync 1 DAGs
[2025-08-07T16:12:39.619+0700] {logging_mixin.py:154} INFO - [2025-08-07T16:12:39.619+0700] {dag.py:3722} INFO - Setting next_dagrun for example_nested_branch_dag to 2025-08-06T00:00:00+00:00, run_after=2025-08-07T00:00:00+00:00
[2025-08-07T16:12:39.655+0700] {processor.py:179} INFO - Processing /home/dwmhr/pln/venv/lib/python3.10/site-packages/airflow/example_dags/example_nested_branch_dag.py took 0.117 seconds
[2025-08-07T16:13:27.174+0700] {processor.py:157} INFO - Started process (PID=121750) to work on /home/dwmhr/pln/venv/lib/python3.10/site-packages/airflow/example_dags/example_nested_branch_dag.py
[2025-08-07T16:13:27.181+0700] {processor.py:829} INFO - Processing file /home/dwmhr/pln/venv/lib/python3.10/site-packages/airflow/example_dags/example_nested_branch_dag.py for tasks to queue
[2025-08-07T16:13:27.182+0700] {logging_mixin.py:154} INFO - [2025-08-07T16:13:27.181+0700] {dagbag.py:536} INFO - Filling up the DagBag from /home/dwmhr/pln/venv/lib/python3.10/site-packages/airflow/example_dags/example_nested_branch_dag.py
[2025-08-07T16:13:27.194+0700] {processor.py:839} INFO - DAG(s) dict_keys(['example_nested_branch_dag']) retrieved from /home/dwmhr/pln/venv/lib/python3.10/site-packages/airflow/example_dags/example_nested_branch_dag.py
[2025-08-07T16:13:27.216+0700] {logging_mixin.py:154} INFO - [2025-08-07T16:13:27.215+0700] {dag.py:2941} INFO - Sync 1 DAGs
[2025-08-07T16:13:27.249+0700] {logging_mixin.py:154} INFO - [2025-08-07T16:13:27.249+0700] {dag.py:3722} INFO - Setting next_dagrun for example_nested_branch_dag to 2025-08-06T00:00:00+00:00, run_after=2025-08-07T00:00:00+00:00
[2025-08-07T16:13:27.281+0700] {processor.py:179} INFO - Processing /home/dwmhr/pln/venv/lib/python3.10/site-packages/airflow/example_dags/example_nested_branch_dag.py took 0.112 seconds
[2025-08-07T16:14:18.993+0700] {processor.py:157} INFO - Started process (PID=122027) to work on /home/dwmhr/pln/venv/lib/python3.10/site-packages/airflow/example_dags/example_nested_branch_dag.py
[2025-08-07T16:14:18.999+0700] {processor.py:829} INFO - Processing file /home/dwmhr/pln/venv/lib/python3.10/site-packages/airflow/example_dags/example_nested_branch_dag.py for tasks to queue
[2025-08-07T16:14:19.002+0700] {logging_mixin.py:154} INFO - [2025-08-07T16:14:19.001+0700] {dagbag.py:536} INFO - Filling up the DagBag from /home/dwmhr/pln/venv/lib/python3.10/site-packages/airflow/example_dags/example_nested_branch_dag.py
[2025-08-07T16:14:19.029+0700] {processor.py:839} INFO - DAG(s) dict_keys(['example_nested_branch_dag']) retrieved from /home/dwmhr/pln/venv/lib/python3.10/site-packages/airflow/example_dags/example_nested_branch_dag.py
[2025-08-07T16:14:19.079+0700] {logging_mixin.py:154} INFO - [2025-08-07T16:14:19.078+0700] {dag.py:2941} INFO - Sync 1 DAGs
[2025-08-07T16:14:19.129+0700] {logging_mixin.py:154} INFO - [2025-08-07T16:14:19.128+0700] {dag.py:3722} INFO - Setting next_dagrun for example_nested_branch_dag to 2025-08-06T00:00:00+00:00, run_after=2025-08-07T00:00:00+00:00
[2025-08-07T16:14:19.193+0700] {processor.py:179} INFO - Processing /home/dwmhr/pln/venv/lib/python3.10/site-packages/airflow/example_dags/example_nested_branch_dag.py took 0.209 seconds
[2025-08-07T16:15:22.554+0700] {processor.py:157} INFO - Started process (PID=122335) to work on /home/dwmhr/pln/venv/lib/python3.10/site-packages/airflow/example_dags/example_nested_branch_dag.py
[2025-08-07T16:15:22.557+0700] {processor.py:829} INFO - Processing file /home/dwmhr/pln/venv/lib/python3.10/site-packages/airflow/example_dags/example_nested_branch_dag.py for tasks to queue
[2025-08-07T16:15:22.559+0700] {logging_mixin.py:154} INFO - [2025-08-07T16:15:22.558+0700] {dagbag.py:536} INFO - Filling up the DagBag from /home/dwmhr/pln/venv/lib/python3.10/site-packages/airflow/example_dags/example_nested_branch_dag.py
[2025-08-07T16:15:22.601+0700] {processor.py:839} INFO - DAG(s) dict_keys(['example_nested_branch_dag']) retrieved from /home/dwmhr/pln/venv/lib/python3.10/site-packages/airflow/example_dags/example_nested_branch_dag.py
[2025-08-07T16:15:22.659+0700] {logging_mixin.py:154} INFO - [2025-08-07T16:15:22.658+0700] {dag.py:2941} INFO - Sync 1 DAGs
[2025-08-07T16:15:22.717+0700] {logging_mixin.py:154} INFO - [2025-08-07T16:15:22.717+0700] {dag.py:3722} INFO - Setting next_dagrun for example_nested_branch_dag to 2025-08-06T00:00:00+00:00, run_after=2025-08-07T00:00:00+00:00
[2025-08-07T16:15:22.788+0700] {processor.py:179} INFO - Processing /home/dwmhr/pln/venv/lib/python3.10/site-packages/airflow/example_dags/example_nested_branch_dag.py took 0.244 seconds
[2025-08-07T16:16:33.929+0700] {processor.py:157} INFO - Started process (PID=122661) to work on /home/dwmhr/pln/venv/lib/python3.10/site-packages/airflow/example_dags/example_nested_branch_dag.py
[2025-08-07T16:16:33.933+0700] {processor.py:829} INFO - Processing file /home/dwmhr/pln/venv/lib/python3.10/site-packages/airflow/example_dags/example_nested_branch_dag.py for tasks to queue
[2025-08-07T16:16:33.935+0700] {logging_mixin.py:154} INFO - [2025-08-07T16:16:33.934+0700] {dagbag.py:536} INFO - Filling up the DagBag from /home/dwmhr/pln/venv/lib/python3.10/site-packages/airflow/example_dags/example_nested_branch_dag.py
[2025-08-07T16:16:33.967+0700] {processor.py:839} INFO - DAG(s) dict_keys(['example_nested_branch_dag']) retrieved from /home/dwmhr/pln/venv/lib/python3.10/site-packages/airflow/example_dags/example_nested_branch_dag.py
[2025-08-07T16:16:34.016+0700] {logging_mixin.py:154} INFO - [2025-08-07T16:16:34.016+0700] {dag.py:2941} INFO - Sync 1 DAGs
[2025-08-07T16:16:34.057+0700] {logging_mixin.py:154} INFO - [2025-08-07T16:16:34.057+0700] {dag.py:3722} INFO - Setting next_dagrun for example_nested_branch_dag to 2025-08-06T00:00:00+00:00, run_after=2025-08-07T00:00:00+00:00
[2025-08-07T16:16:34.118+0700] {processor.py:179} INFO - Processing /home/dwmhr/pln/venv/lib/python3.10/site-packages/airflow/example_dags/example_nested_branch_dag.py took 0.198 seconds
[2025-08-07T16:17:30.717+0700] {processor.py:157} INFO - Started process (PID=122963) to work on /home/dwmhr/pln/venv/lib/python3.10/site-packages/airflow/example_dags/example_nested_branch_dag.py
[2025-08-07T16:17:30.722+0700] {processor.py:829} INFO - Processing file /home/dwmhr/pln/venv/lib/python3.10/site-packages/airflow/example_dags/example_nested_branch_dag.py for tasks to queue
[2025-08-07T16:17:30.725+0700] {logging_mixin.py:154} INFO - [2025-08-07T16:17:30.724+0700] {dagbag.py:536} INFO - Filling up the DagBag from /home/dwmhr/pln/venv/lib/python3.10/site-packages/airflow/example_dags/example_nested_branch_dag.py
[2025-08-07T16:17:30.771+0700] {processor.py:839} INFO - DAG(s) dict_keys(['example_nested_branch_dag']) retrieved from /home/dwmhr/pln/venv/lib/python3.10/site-packages/airflow/example_dags/example_nested_branch_dag.py
[2025-08-07T16:17:30.853+0700] {logging_mixin.py:154} INFO - [2025-08-07T16:17:30.852+0700] {dag.py:2941} INFO - Sync 1 DAGs
[2025-08-07T16:17:30.929+0700] {logging_mixin.py:154} INFO - [2025-08-07T16:17:30.929+0700] {dag.py:3722} INFO - Setting next_dagrun for example_nested_branch_dag to 2025-08-06T00:00:00+00:00, run_after=2025-08-07T00:00:00+00:00
[2025-08-07T16:17:31.012+0700] {processor.py:179} INFO - Processing /home/dwmhr/pln/venv/lib/python3.10/site-packages/airflow/example_dags/example_nested_branch_dag.py took 0.307 seconds
[2025-08-07T16:18:37.348+0700] {processor.py:157} INFO - Started process (PID=123292) to work on /home/dwmhr/pln/venv/lib/python3.10/site-packages/airflow/example_dags/example_nested_branch_dag.py
[2025-08-07T16:18:37.350+0700] {processor.py:829} INFO - Processing file /home/dwmhr/pln/venv/lib/python3.10/site-packages/airflow/example_dags/example_nested_branch_dag.py for tasks to queue
[2025-08-07T16:18:37.351+0700] {logging_mixin.py:154} INFO - [2025-08-07T16:18:37.351+0700] {dagbag.py:536} INFO - Filling up the DagBag from /home/dwmhr/pln/venv/lib/python3.10/site-packages/airflow/example_dags/example_nested_branch_dag.py
[2025-08-07T16:18:37.359+0700] {processor.py:839} INFO - DAG(s) dict_keys(['example_nested_branch_dag']) retrieved from /home/dwmhr/pln/venv/lib/python3.10/site-packages/airflow/example_dags/example_nested_branch_dag.py
[2025-08-07T16:18:37.373+0700] {logging_mixin.py:154} INFO - [2025-08-07T16:18:37.373+0700] {dag.py:2941} INFO - Sync 1 DAGs
[2025-08-07T16:18:37.387+0700] {logging_mixin.py:154} INFO - [2025-08-07T16:18:37.387+0700] {dag.py:3722} INFO - Setting next_dagrun for example_nested_branch_dag to 2025-08-06T00:00:00+00:00, run_after=2025-08-07T00:00:00+00:00
[2025-08-07T16:18:37.403+0700] {processor.py:179} INFO - Processing /home/dwmhr/pln/venv/lib/python3.10/site-packages/airflow/example_dags/example_nested_branch_dag.py took 0.058 seconds
[2025-08-07T16:27:06.445+0700] {processor.py:157} INFO - Started process (PID=125486) to work on /home/dwmhr/pln/venv/lib/python3.10/site-packages/airflow/example_dags/example_nested_branch_dag.py
[2025-08-07T16:27:06.449+0700] {processor.py:829} INFO - Processing file /home/dwmhr/pln/venv/lib/python3.10/site-packages/airflow/example_dags/example_nested_branch_dag.py for tasks to queue
[2025-08-07T16:27:06.450+0700] {logging_mixin.py:154} INFO - [2025-08-07T16:27:06.450+0700] {dagbag.py:536} INFO - Filling up the DagBag from /home/dwmhr/pln/venv/lib/python3.10/site-packages/airflow/example_dags/example_nested_branch_dag.py
[2025-08-07T16:27:06.459+0700] {processor.py:839} INFO - DAG(s) dict_keys(['example_nested_branch_dag']) retrieved from /home/dwmhr/pln/venv/lib/python3.10/site-packages/airflow/example_dags/example_nested_branch_dag.py
[2025-08-07T16:27:06.476+0700] {logging_mixin.py:154} INFO - [2025-08-07T16:27:06.476+0700] {dag.py:2941} INFO - Sync 1 DAGs
[2025-08-07T16:27:06.492+0700] {logging_mixin.py:154} INFO - [2025-08-07T16:27:06.492+0700] {dag.py:3722} INFO - Setting next_dagrun for example_nested_branch_dag to 2025-08-06T00:00:00+00:00, run_after=2025-08-07T00:00:00+00:00
[2025-08-07T16:27:06.510+0700] {processor.py:179} INFO - Processing /home/dwmhr/pln/venv/lib/python3.10/site-packages/airflow/example_dags/example_nested_branch_dag.py took 0.069 seconds
[2025-08-07T16:28:12.013+0700] {processor.py:157} INFO - Started process (PID=125793) to work on /home/dwmhr/pln/venv/lib/python3.10/site-packages/airflow/example_dags/example_nested_branch_dag.py
[2025-08-07T16:28:12.019+0700] {processor.py:829} INFO - Processing file /home/dwmhr/pln/venv/lib/python3.10/site-packages/airflow/example_dags/example_nested_branch_dag.py for tasks to queue
[2025-08-07T16:28:12.035+0700] {logging_mixin.py:154} INFO - [2025-08-07T16:28:12.022+0700] {dagbag.py:536} INFO - Filling up the DagBag from /home/dwmhr/pln/venv/lib/python3.10/site-packages/airflow/example_dags/example_nested_branch_dag.py
[2025-08-07T16:28:12.233+0700] {processor.py:839} INFO - DAG(s) dict_keys(['example_nested_branch_dag']) retrieved from /home/dwmhr/pln/venv/lib/python3.10/site-packages/airflow/example_dags/example_nested_branch_dag.py
[2025-08-07T16:28:12.525+0700] {logging_mixin.py:154} INFO - [2025-08-07T16:28:12.523+0700] {dag.py:2941} INFO - Sync 1 DAGs
[2025-08-07T16:28:12.989+0700] {logging_mixin.py:154} INFO - [2025-08-07T16:28:12.979+0700] {dag.py:3722} INFO - Setting next_dagrun for example_nested_branch_dag to 2025-08-06T00:00:00+00:00, run_after=2025-08-07T00:00:00+00:00
[2025-08-07T16:28:13.509+0700] {processor.py:179} INFO - Processing /home/dwmhr/pln/venv/lib/python3.10/site-packages/airflow/example_dags/example_nested_branch_dag.py took 1.560 seconds
[2025-08-07T16:29:24.680+0700] {processor.py:157} INFO - Started process (PID=126151) to work on /home/dwmhr/pln/venv/lib/python3.10/site-packages/airflow/example_dags/example_nested_branch_dag.py
[2025-08-07T16:29:24.682+0700] {processor.py:829} INFO - Processing file /home/dwmhr/pln/venv/lib/python3.10/site-packages/airflow/example_dags/example_nested_branch_dag.py for tasks to queue
[2025-08-07T16:29:24.683+0700] {logging_mixin.py:154} INFO - [2025-08-07T16:29:24.682+0700] {dagbag.py:536} INFO - Filling up the DagBag from /home/dwmhr/pln/venv/lib/python3.10/site-packages/airflow/example_dags/example_nested_branch_dag.py
[2025-08-07T16:29:24.694+0700] {processor.py:839} INFO - DAG(s) dict_keys(['example_nested_branch_dag']) retrieved from /home/dwmhr/pln/venv/lib/python3.10/site-packages/airflow/example_dags/example_nested_branch_dag.py
[2025-08-07T16:29:24.713+0700] {logging_mixin.py:154} INFO - [2025-08-07T16:29:24.713+0700] {dag.py:2941} INFO - Sync 1 DAGs
[2025-08-07T16:29:24.852+0700] {logging_mixin.py:154} INFO - [2025-08-07T16:29:24.851+0700] {dag.py:3722} INFO - Setting next_dagrun for example_nested_branch_dag to 2025-08-06T00:00:00+00:00, run_after=2025-08-07T00:00:00+00:00
[2025-08-07T16:29:24.878+0700] {processor.py:179} INFO - Processing /home/dwmhr/pln/venv/lib/python3.10/site-packages/airflow/example_dags/example_nested_branch_dag.py took 0.202 seconds
[2025-08-07T16:30:23.978+0700] {processor.py:157} INFO - Started process (PID=126433) to work on /home/dwmhr/pln/venv/lib/python3.10/site-packages/airflow/example_dags/example_nested_branch_dag.py
[2025-08-07T16:30:23.980+0700] {processor.py:829} INFO - Processing file /home/dwmhr/pln/venv/lib/python3.10/site-packages/airflow/example_dags/example_nested_branch_dag.py for tasks to queue
[2025-08-07T16:30:23.981+0700] {logging_mixin.py:154} INFO - [2025-08-07T16:30:23.981+0700] {dagbag.py:536} INFO - Filling up the DagBag from /home/dwmhr/pln/venv/lib/python3.10/site-packages/airflow/example_dags/example_nested_branch_dag.py
[2025-08-07T16:30:23.998+0700] {processor.py:839} INFO - DAG(s) dict_keys(['example_nested_branch_dag']) retrieved from /home/dwmhr/pln/venv/lib/python3.10/site-packages/airflow/example_dags/example_nested_branch_dag.py
[2025-08-07T16:30:24.022+0700] {logging_mixin.py:154} INFO - [2025-08-07T16:30:24.022+0700] {dag.py:2941} INFO - Sync 1 DAGs
[2025-08-07T16:30:24.047+0700] {logging_mixin.py:154} INFO - [2025-08-07T16:30:24.047+0700] {dag.py:3722} INFO - Setting next_dagrun for example_nested_branch_dag to 2025-08-06T00:00:00+00:00, run_after=2025-08-07T00:00:00+00:00
[2025-08-07T16:30:24.080+0700] {processor.py:179} INFO - Processing /home/dwmhr/pln/venv/lib/python3.10/site-packages/airflow/example_dags/example_nested_branch_dag.py took 0.108 seconds
[2025-08-07T16:31:21.775+0700] {processor.py:157} INFO - Started process (PID=126730) to work on /home/dwmhr/pln/venv/lib/python3.10/site-packages/airflow/example_dags/example_nested_branch_dag.py
[2025-08-07T16:31:21.780+0700] {processor.py:829} INFO - Processing file /home/dwmhr/pln/venv/lib/python3.10/site-packages/airflow/example_dags/example_nested_branch_dag.py for tasks to queue
[2025-08-07T16:31:21.785+0700] {logging_mixin.py:154} INFO - [2025-08-07T16:31:21.783+0700] {dagbag.py:536} INFO - Filling up the DagBag from /home/dwmhr/pln/venv/lib/python3.10/site-packages/airflow/example_dags/example_nested_branch_dag.py
[2025-08-07T16:31:21.835+0700] {processor.py:839} INFO - DAG(s) dict_keys(['example_nested_branch_dag']) retrieved from /home/dwmhr/pln/venv/lib/python3.10/site-packages/airflow/example_dags/example_nested_branch_dag.py
[2025-08-07T16:31:21.907+0700] {logging_mixin.py:154} INFO - [2025-08-07T16:31:21.906+0700] {dag.py:2941} INFO - Sync 1 DAGs
[2025-08-07T16:31:21.980+0700] {logging_mixin.py:154} INFO - [2025-08-07T16:31:21.980+0700] {dag.py:3722} INFO - Setting next_dagrun for example_nested_branch_dag to 2025-08-06T00:00:00+00:00, run_after=2025-08-07T00:00:00+00:00
[2025-08-07T16:31:22.078+0700] {processor.py:179} INFO - Processing /home/dwmhr/pln/venv/lib/python3.10/site-packages/airflow/example_dags/example_nested_branch_dag.py took 0.316 seconds
[2025-08-07T16:33:05.603+0700] {processor.py:157} INFO - Started process (PID=127169) to work on /home/dwmhr/pln/venv/lib/python3.10/site-packages/airflow/example_dags/example_nested_branch_dag.py
[2025-08-07T16:33:05.621+0700] {processor.py:829} INFO - Processing file /home/dwmhr/pln/venv/lib/python3.10/site-packages/airflow/example_dags/example_nested_branch_dag.py for tasks to queue
[2025-08-07T16:33:05.627+0700] {logging_mixin.py:154} INFO - [2025-08-07T16:33:05.624+0700] {dagbag.py:536} INFO - Filling up the DagBag from /home/dwmhr/pln/venv/lib/python3.10/site-packages/airflow/example_dags/example_nested_branch_dag.py
[2025-08-07T16:33:05.730+0700] {processor.py:839} INFO - DAG(s) dict_keys(['example_nested_branch_dag']) retrieved from /home/dwmhr/pln/venv/lib/python3.10/site-packages/airflow/example_dags/example_nested_branch_dag.py
[2025-08-07T16:33:05.955+0700] {logging_mixin.py:154} INFO - [2025-08-07T16:33:05.954+0700] {dag.py:2941} INFO - Sync 1 DAGs
[2025-08-07T16:33:06.126+0700] {logging_mixin.py:154} INFO - [2025-08-07T16:33:06.125+0700] {dag.py:3722} INFO - Setting next_dagrun for example_nested_branch_dag to 2025-08-06T00:00:00+00:00, run_after=2025-08-07T00:00:00+00:00
[2025-08-07T16:33:06.596+0700] {processor.py:179} INFO - Processing /home/dwmhr/pln/venv/lib/python3.10/site-packages/airflow/example_dags/example_nested_branch_dag.py took 1.034 seconds
[2025-08-07T16:34:39.252+0700] {processor.py:157} INFO - Started process (PID=127536) to work on /home/dwmhr/pln/venv/lib/python3.10/site-packages/airflow/example_dags/example_nested_branch_dag.py
[2025-08-07T16:34:39.257+0700] {processor.py:829} INFO - Processing file /home/dwmhr/pln/venv/lib/python3.10/site-packages/airflow/example_dags/example_nested_branch_dag.py for tasks to queue
[2025-08-07T16:34:39.258+0700] {logging_mixin.py:154} INFO - [2025-08-07T16:34:39.258+0700] {dagbag.py:536} INFO - Filling up the DagBag from /home/dwmhr/pln/venv/lib/python3.10/site-packages/airflow/example_dags/example_nested_branch_dag.py
[2025-08-07T16:34:39.274+0700] {processor.py:839} INFO - DAG(s) dict_keys(['example_nested_branch_dag']) retrieved from /home/dwmhr/pln/venv/lib/python3.10/site-packages/airflow/example_dags/example_nested_branch_dag.py
[2025-08-07T16:34:39.300+0700] {logging_mixin.py:154} INFO - [2025-08-07T16:34:39.299+0700] {dag.py:2941} INFO - Sync 1 DAGs
[2025-08-07T16:34:39.326+0700] {logging_mixin.py:154} INFO - [2025-08-07T16:34:39.325+0700] {dag.py:3722} INFO - Setting next_dagrun for example_nested_branch_dag to 2025-08-06T00:00:00+00:00, run_after=2025-08-07T00:00:00+00:00
[2025-08-07T16:34:39.360+0700] {processor.py:179} INFO - Processing /home/dwmhr/pln/venv/lib/python3.10/site-packages/airflow/example_dags/example_nested_branch_dag.py took 0.114 seconds
[2025-08-07T16:35:33.868+0700] {processor.py:157} INFO - Started process (PID=127775) to work on /home/dwmhr/pln/venv/lib/python3.10/site-packages/airflow/example_dags/example_nested_branch_dag.py
[2025-08-07T16:35:33.873+0700] {processor.py:829} INFO - Processing file /home/dwmhr/pln/venv/lib/python3.10/site-packages/airflow/example_dags/example_nested_branch_dag.py for tasks to queue
[2025-08-07T16:35:33.874+0700] {logging_mixin.py:154} INFO - [2025-08-07T16:35:33.874+0700] {dagbag.py:536} INFO - Filling up the DagBag from /home/dwmhr/pln/venv/lib/python3.10/site-packages/airflow/example_dags/example_nested_branch_dag.py
[2025-08-07T16:35:33.885+0700] {processor.py:839} INFO - DAG(s) dict_keys(['example_nested_branch_dag']) retrieved from /home/dwmhr/pln/venv/lib/python3.10/site-packages/airflow/example_dags/example_nested_branch_dag.py
[2025-08-07T16:35:33.903+0700] {logging_mixin.py:154} INFO - [2025-08-07T16:35:33.903+0700] {dag.py:2941} INFO - Sync 1 DAGs
[2025-08-07T16:35:33.920+0700] {logging_mixin.py:154} INFO - [2025-08-07T16:35:33.920+0700] {dag.py:3722} INFO - Setting next_dagrun for example_nested_branch_dag to 2025-08-06T00:00:00+00:00, run_after=2025-08-07T00:00:00+00:00
[2025-08-07T16:35:33.948+0700] {processor.py:179} INFO - Processing /home/dwmhr/pln/venv/lib/python3.10/site-packages/airflow/example_dags/example_nested_branch_dag.py took 0.083 seconds
[2025-08-07T16:36:27.012+0700] {processor.py:157} INFO - Started process (PID=127980) to work on /home/dwmhr/pln/venv/lib/python3.10/site-packages/airflow/example_dags/example_nested_branch_dag.py
[2025-08-07T16:36:27.014+0700] {processor.py:829} INFO - Processing file /home/dwmhr/pln/venv/lib/python3.10/site-packages/airflow/example_dags/example_nested_branch_dag.py for tasks to queue
[2025-08-07T16:36:27.015+0700] {logging_mixin.py:154} INFO - [2025-08-07T16:36:27.014+0700] {dagbag.py:536} INFO - Filling up the DagBag from /home/dwmhr/pln/venv/lib/python3.10/site-packages/airflow/example_dags/example_nested_branch_dag.py
[2025-08-07T16:36:27.023+0700] {processor.py:839} INFO - DAG(s) dict_keys(['example_nested_branch_dag']) retrieved from /home/dwmhr/pln/venv/lib/python3.10/site-packages/airflow/example_dags/example_nested_branch_dag.py
[2025-08-07T16:36:27.035+0700] {logging_mixin.py:154} INFO - [2025-08-07T16:36:27.035+0700] {dag.py:2941} INFO - Sync 1 DAGs
[2025-08-07T16:36:27.050+0700] {logging_mixin.py:154} INFO - [2025-08-07T16:36:27.049+0700] {dag.py:3722} INFO - Setting next_dagrun for example_nested_branch_dag to 2025-08-06T00:00:00+00:00, run_after=2025-08-07T00:00:00+00:00
[2025-08-07T16:36:27.071+0700] {processor.py:179} INFO - Processing /home/dwmhr/pln/venv/lib/python3.10/site-packages/airflow/example_dags/example_nested_branch_dag.py took 0.062 seconds
[2025-08-07T16:37:29.221+0700] {processor.py:157} INFO - Started process (PID=128275) to work on /home/dwmhr/pln/venv/lib/python3.10/site-packages/airflow/example_dags/example_nested_branch_dag.py
[2025-08-07T16:37:29.232+0700] {processor.py:829} INFO - Processing file /home/dwmhr/pln/venv/lib/python3.10/site-packages/airflow/example_dags/example_nested_branch_dag.py for tasks to queue
[2025-08-07T16:37:29.234+0700] {logging_mixin.py:154} INFO - [2025-08-07T16:37:29.234+0700] {dagbag.py:536} INFO - Filling up the DagBag from /home/dwmhr/pln/venv/lib/python3.10/site-packages/airflow/example_dags/example_nested_branch_dag.py
[2025-08-07T16:37:29.257+0700] {processor.py:839} INFO - DAG(s) dict_keys(['example_nested_branch_dag']) retrieved from /home/dwmhr/pln/venv/lib/python3.10/site-packages/airflow/example_dags/example_nested_branch_dag.py
[2025-08-07T16:37:29.293+0700] {logging_mixin.py:154} INFO - [2025-08-07T16:37:29.293+0700] {dag.py:2941} INFO - Sync 1 DAGs
[2025-08-07T16:37:29.333+0700] {logging_mixin.py:154} INFO - [2025-08-07T16:37:29.333+0700] {dag.py:3722} INFO - Setting next_dagrun for example_nested_branch_dag to 2025-08-06T00:00:00+00:00, run_after=2025-08-07T00:00:00+00:00
[2025-08-07T16:37:29.386+0700] {processor.py:179} INFO - Processing /home/dwmhr/pln/venv/lib/python3.10/site-packages/airflow/example_dags/example_nested_branch_dag.py took 0.173 seconds
[2025-08-07T16:38:33.455+0700] {processor.py:157} INFO - Started process (PID=128519) to work on /home/dwmhr/pln/venv/lib/python3.10/site-packages/airflow/example_dags/example_nested_branch_dag.py
[2025-08-07T16:38:33.461+0700] {processor.py:829} INFO - Processing file /home/dwmhr/pln/venv/lib/python3.10/site-packages/airflow/example_dags/example_nested_branch_dag.py for tasks to queue
[2025-08-07T16:38:33.466+0700] {logging_mixin.py:154} INFO - [2025-08-07T16:38:33.463+0700] {dagbag.py:536} INFO - Filling up the DagBag from /home/dwmhr/pln/venv/lib/python3.10/site-packages/airflow/example_dags/example_nested_branch_dag.py
[2025-08-07T16:38:33.507+0700] {processor.py:839} INFO - DAG(s) dict_keys(['example_nested_branch_dag']) retrieved from /home/dwmhr/pln/venv/lib/python3.10/site-packages/airflow/example_dags/example_nested_branch_dag.py
[2025-08-07T16:38:33.565+0700] {logging_mixin.py:154} INFO - [2025-08-07T16:38:33.565+0700] {dag.py:2941} INFO - Sync 1 DAGs
[2025-08-07T16:38:33.637+0700] {logging_mixin.py:154} INFO - [2025-08-07T16:38:33.636+0700] {dag.py:3722} INFO - Setting next_dagrun for example_nested_branch_dag to 2025-08-06T00:00:00+00:00, run_after=2025-08-07T00:00:00+00:00
[2025-08-07T16:38:33.718+0700] {processor.py:179} INFO - Processing /home/dwmhr/pln/venv/lib/python3.10/site-packages/airflow/example_dags/example_nested_branch_dag.py took 0.277 seconds
[2025-08-07T16:39:27.859+0700] {processor.py:157} INFO - Started process (PID=128757) to work on /home/dwmhr/pln/venv/lib/python3.10/site-packages/airflow/example_dags/example_nested_branch_dag.py
[2025-08-07T16:39:27.869+0700] {processor.py:829} INFO - Processing file /home/dwmhr/pln/venv/lib/python3.10/site-packages/airflow/example_dags/example_nested_branch_dag.py for tasks to queue
[2025-08-07T16:39:27.877+0700] {logging_mixin.py:154} INFO - [2025-08-07T16:39:27.874+0700] {dagbag.py:536} INFO - Filling up the DagBag from /home/dwmhr/pln/venv/lib/python3.10/site-packages/airflow/example_dags/example_nested_branch_dag.py
[2025-08-07T16:39:28.039+0700] {processor.py:839} INFO - DAG(s) dict_keys(['example_nested_branch_dag']) retrieved from /home/dwmhr/pln/venv/lib/python3.10/site-packages/airflow/example_dags/example_nested_branch_dag.py
[2025-08-07T16:39:28.175+0700] {logging_mixin.py:154} INFO - [2025-08-07T16:39:28.174+0700] {dag.py:2941} INFO - Sync 1 DAGs
[2025-08-07T16:39:28.297+0700] {logging_mixin.py:154} INFO - [2025-08-07T16:39:28.296+0700] {dag.py:3722} INFO - Setting next_dagrun for example_nested_branch_dag to 2025-08-06T00:00:00+00:00, run_after=2025-08-07T00:00:00+00:00
[2025-08-07T16:39:28.420+0700] {processor.py:179} INFO - Processing /home/dwmhr/pln/venv/lib/python3.10/site-packages/airflow/example_dags/example_nested_branch_dag.py took 0.606 seconds
[2025-08-07T16:40:43.364+0700] {processor.py:157} INFO - Started process (PID=129032) to work on /home/dwmhr/pln/venv/lib/python3.10/site-packages/airflow/example_dags/example_nested_branch_dag.py
[2025-08-07T16:40:43.366+0700] {processor.py:829} INFO - Processing file /home/dwmhr/pln/venv/lib/python3.10/site-packages/airflow/example_dags/example_nested_branch_dag.py for tasks to queue
[2025-08-07T16:40:43.367+0700] {logging_mixin.py:154} INFO - [2025-08-07T16:40:43.367+0700] {dagbag.py:536} INFO - Filling up the DagBag from /home/dwmhr/pln/venv/lib/python3.10/site-packages/airflow/example_dags/example_nested_branch_dag.py
[2025-08-07T16:40:43.385+0700] {processor.py:839} INFO - DAG(s) dict_keys(['example_nested_branch_dag']) retrieved from /home/dwmhr/pln/venv/lib/python3.10/site-packages/airflow/example_dags/example_nested_branch_dag.py
[2025-08-07T16:40:43.413+0700] {logging_mixin.py:154} INFO - [2025-08-07T16:40:43.412+0700] {dag.py:2941} INFO - Sync 1 DAGs
[2025-08-07T16:40:43.448+0700] {logging_mixin.py:154} INFO - [2025-08-07T16:40:43.448+0700] {dag.py:3722} INFO - Setting next_dagrun for example_nested_branch_dag to 2025-08-06T00:00:00+00:00, run_after=2025-08-07T00:00:00+00:00
[2025-08-07T16:40:43.489+0700] {processor.py:179} INFO - Processing /home/dwmhr/pln/venv/lib/python3.10/site-packages/airflow/example_dags/example_nested_branch_dag.py took 0.130 seconds
[2025-08-07T16:41:36.544+0700] {processor.py:157} INFO - Started process (PID=129281) to work on /home/dwmhr/pln/venv/lib/python3.10/site-packages/airflow/example_dags/example_nested_branch_dag.py
[2025-08-07T16:41:36.548+0700] {processor.py:829} INFO - Processing file /home/dwmhr/pln/venv/lib/python3.10/site-packages/airflow/example_dags/example_nested_branch_dag.py for tasks to queue
[2025-08-07T16:41:36.549+0700] {logging_mixin.py:154} INFO - [2025-08-07T16:41:36.549+0700] {dagbag.py:536} INFO - Filling up the DagBag from /home/dwmhr/pln/venv/lib/python3.10/site-packages/airflow/example_dags/example_nested_branch_dag.py
[2025-08-07T16:41:36.567+0700] {processor.py:839} INFO - DAG(s) dict_keys(['example_nested_branch_dag']) retrieved from /home/dwmhr/pln/venv/lib/python3.10/site-packages/airflow/example_dags/example_nested_branch_dag.py
[2025-08-07T16:41:36.595+0700] {logging_mixin.py:154} INFO - [2025-08-07T16:41:36.595+0700] {dag.py:2941} INFO - Sync 1 DAGs
[2025-08-07T16:41:36.628+0700] {logging_mixin.py:154} INFO - [2025-08-07T16:41:36.628+0700] {dag.py:3722} INFO - Setting next_dagrun for example_nested_branch_dag to 2025-08-06T00:00:00+00:00, run_after=2025-08-07T00:00:00+00:00
[2025-08-07T16:41:36.668+0700] {processor.py:179} INFO - Processing /home/dwmhr/pln/venv/lib/python3.10/site-packages/airflow/example_dags/example_nested_branch_dag.py took 0.129 seconds
[2025-08-07T16:42:23.099+0700] {processor.py:157} INFO - Started process (PID=129476) to work on /home/dwmhr/pln/venv/lib/python3.10/site-packages/airflow/example_dags/example_nested_branch_dag.py
[2025-08-07T16:42:23.103+0700] {processor.py:829} INFO - Processing file /home/dwmhr/pln/venv/lib/python3.10/site-packages/airflow/example_dags/example_nested_branch_dag.py for tasks to queue
[2025-08-07T16:42:23.104+0700] {logging_mixin.py:154} INFO - [2025-08-07T16:42:23.104+0700] {dagbag.py:536} INFO - Filling up the DagBag from /home/dwmhr/pln/venv/lib/python3.10/site-packages/airflow/example_dags/example_nested_branch_dag.py
[2025-08-07T16:42:23.115+0700] {processor.py:839} INFO - DAG(s) dict_keys(['example_nested_branch_dag']) retrieved from /home/dwmhr/pln/venv/lib/python3.10/site-packages/airflow/example_dags/example_nested_branch_dag.py
[2025-08-07T16:42:23.132+0700] {logging_mixin.py:154} INFO - [2025-08-07T16:42:23.132+0700] {dag.py:2941} INFO - Sync 1 DAGs
[2025-08-07T16:42:23.150+0700] {logging_mixin.py:154} INFO - [2025-08-07T16:42:23.149+0700] {dag.py:3722} INFO - Setting next_dagrun for example_nested_branch_dag to 2025-08-06T00:00:00+00:00, run_after=2025-08-07T00:00:00+00:00
[2025-08-07T16:42:23.170+0700] {processor.py:179} INFO - Processing /home/dwmhr/pln/venv/lib/python3.10/site-packages/airflow/example_dags/example_nested_branch_dag.py took 0.075 seconds
[2025-08-07T16:43:15.423+0700] {processor.py:157} INFO - Started process (PID=129680) to work on /home/dwmhr/pln/venv/lib/python3.10/site-packages/airflow/example_dags/example_nested_branch_dag.py
[2025-08-07T16:43:15.426+0700] {processor.py:829} INFO - Processing file /home/dwmhr/pln/venv/lib/python3.10/site-packages/airflow/example_dags/example_nested_branch_dag.py for tasks to queue
[2025-08-07T16:43:15.429+0700] {logging_mixin.py:154} INFO - [2025-08-07T16:43:15.428+0700] {dagbag.py:536} INFO - Filling up the DagBag from /home/dwmhr/pln/venv/lib/python3.10/site-packages/airflow/example_dags/example_nested_branch_dag.py
[2025-08-07T16:43:15.457+0700] {processor.py:839} INFO - DAG(s) dict_keys(['example_nested_branch_dag']) retrieved from /home/dwmhr/pln/venv/lib/python3.10/site-packages/airflow/example_dags/example_nested_branch_dag.py
[2025-08-07T16:43:15.500+0700] {logging_mixin.py:154} INFO - [2025-08-07T16:43:15.500+0700] {dag.py:2941} INFO - Sync 1 DAGs
[2025-08-07T16:43:15.546+0700] {logging_mixin.py:154} INFO - [2025-08-07T16:43:15.545+0700] {dag.py:3722} INFO - Setting next_dagrun for example_nested_branch_dag to 2025-08-06T00:00:00+00:00, run_after=2025-08-07T00:00:00+00:00
[2025-08-07T16:43:15.608+0700] {processor.py:179} INFO - Processing /home/dwmhr/pln/venv/lib/python3.10/site-packages/airflow/example_dags/example_nested_branch_dag.py took 0.194 seconds
[2025-08-07T16:44:08.543+0700] {processor.py:157} INFO - Started process (PID=129906) to work on /home/dwmhr/pln/venv/lib/python3.10/site-packages/airflow/example_dags/example_nested_branch_dag.py
[2025-08-07T16:44:08.550+0700] {processor.py:829} INFO - Processing file /home/dwmhr/pln/venv/lib/python3.10/site-packages/airflow/example_dags/example_nested_branch_dag.py for tasks to queue
[2025-08-07T16:44:08.551+0700] {logging_mixin.py:154} INFO - [2025-08-07T16:44:08.551+0700] {dagbag.py:536} INFO - Filling up the DagBag from /home/dwmhr/pln/venv/lib/python3.10/site-packages/airflow/example_dags/example_nested_branch_dag.py
[2025-08-07T16:44:08.564+0700] {processor.py:839} INFO - DAG(s) dict_keys(['example_nested_branch_dag']) retrieved from /home/dwmhr/pln/venv/lib/python3.10/site-packages/airflow/example_dags/example_nested_branch_dag.py
[2025-08-07T16:44:08.584+0700] {logging_mixin.py:154} INFO - [2025-08-07T16:44:08.584+0700] {dag.py:2941} INFO - Sync 1 DAGs
[2025-08-07T16:44:08.604+0700] {logging_mixin.py:154} INFO - [2025-08-07T16:44:08.604+0700] {dag.py:3722} INFO - Setting next_dagrun for example_nested_branch_dag to 2025-08-06T00:00:00+00:00, run_after=2025-08-07T00:00:00+00:00
[2025-08-07T16:44:08.639+0700] {processor.py:179} INFO - Processing /home/dwmhr/pln/venv/lib/python3.10/site-packages/airflow/example_dags/example_nested_branch_dag.py took 0.100 seconds
[2025-08-07T16:44:49.556+0700] {processor.py:157} INFO - Started process (PID=130104) to work on /home/dwmhr/pln/venv/lib/python3.10/site-packages/airflow/example_dags/example_nested_branch_dag.py
[2025-08-07T16:44:49.570+0700] {processor.py:829} INFO - Processing file /home/dwmhr/pln/venv/lib/python3.10/site-packages/airflow/example_dags/example_nested_branch_dag.py for tasks to queue
[2025-08-07T16:44:49.571+0700] {logging_mixin.py:154} INFO - [2025-08-07T16:44:49.570+0700] {dagbag.py:536} INFO - Filling up the DagBag from /home/dwmhr/pln/venv/lib/python3.10/site-packages/airflow/example_dags/example_nested_branch_dag.py
[2025-08-07T16:44:49.584+0700] {processor.py:839} INFO - DAG(s) dict_keys(['example_nested_branch_dag']) retrieved from /home/dwmhr/pln/venv/lib/python3.10/site-packages/airflow/example_dags/example_nested_branch_dag.py
[2025-08-07T16:44:49.603+0700] {logging_mixin.py:154} INFO - [2025-08-07T16:44:49.603+0700] {dag.py:2941} INFO - Sync 1 DAGs
[2025-08-07T16:44:49.623+0700] {logging_mixin.py:154} INFO - [2025-08-07T16:44:49.623+0700] {dag.py:3722} INFO - Setting next_dagrun for example_nested_branch_dag to 2025-08-06T00:00:00+00:00, run_after=2025-08-07T00:00:00+00:00
[2025-08-07T16:44:49.649+0700] {processor.py:179} INFO - Processing /home/dwmhr/pln/venv/lib/python3.10/site-packages/airflow/example_dags/example_nested_branch_dag.py took 0.096 seconds
[2025-08-07T16:45:33.790+0700] {processor.py:157} INFO - Started process (PID=130291) to work on /home/dwmhr/pln/venv/lib/python3.10/site-packages/airflow/example_dags/example_nested_branch_dag.py
[2025-08-07T16:45:33.792+0700] {processor.py:829} INFO - Processing file /home/dwmhr/pln/venv/lib/python3.10/site-packages/airflow/example_dags/example_nested_branch_dag.py for tasks to queue
[2025-08-07T16:45:33.793+0700] {logging_mixin.py:154} INFO - [2025-08-07T16:45:33.793+0700] {dagbag.py:536} INFO - Filling up the DagBag from /home/dwmhr/pln/venv/lib/python3.10/site-packages/airflow/example_dags/example_nested_branch_dag.py
[2025-08-07T16:45:33.803+0700] {processor.py:839} INFO - DAG(s) dict_keys(['example_nested_branch_dag']) retrieved from /home/dwmhr/pln/venv/lib/python3.10/site-packages/airflow/example_dags/example_nested_branch_dag.py
[2025-08-07T16:45:33.820+0700] {logging_mixin.py:154} INFO - [2025-08-07T16:45:33.820+0700] {dag.py:2941} INFO - Sync 1 DAGs
[2025-08-07T16:45:33.837+0700] {logging_mixin.py:154} INFO - [2025-08-07T16:45:33.836+0700] {dag.py:3722} INFO - Setting next_dagrun for example_nested_branch_dag to 2025-08-06T00:00:00+00:00, run_after=2025-08-07T00:00:00+00:00
[2025-08-07T16:45:33.856+0700] {processor.py:179} INFO - Processing /home/dwmhr/pln/venv/lib/python3.10/site-packages/airflow/example_dags/example_nested_branch_dag.py took 0.069 seconds
[2025-08-07T16:46:22.845+0700] {processor.py:157} INFO - Started process (PID=130501) to work on /home/dwmhr/pln/venv/lib/python3.10/site-packages/airflow/example_dags/example_nested_branch_dag.py
[2025-08-07T16:46:22.850+0700] {processor.py:829} INFO - Processing file /home/dwmhr/pln/venv/lib/python3.10/site-packages/airflow/example_dags/example_nested_branch_dag.py for tasks to queue
[2025-08-07T16:46:22.854+0700] {logging_mixin.py:154} INFO - [2025-08-07T16:46:22.852+0700] {dagbag.py:536} INFO - Filling up the DagBag from /home/dwmhr/pln/venv/lib/python3.10/site-packages/airflow/example_dags/example_nested_branch_dag.py
[2025-08-07T16:46:22.902+0700] {processor.py:839} INFO - DAG(s) dict_keys(['example_nested_branch_dag']) retrieved from /home/dwmhr/pln/venv/lib/python3.10/site-packages/airflow/example_dags/example_nested_branch_dag.py
[2025-08-07T16:46:22.986+0700] {logging_mixin.py:154} INFO - [2025-08-07T16:46:22.986+0700] {dag.py:2941} INFO - Sync 1 DAGs
[2025-08-07T16:46:23.063+0700] {logging_mixin.py:154} INFO - [2025-08-07T16:46:23.062+0700] {dag.py:3722} INFO - Setting next_dagrun for example_nested_branch_dag to 2025-08-06T00:00:00+00:00, run_after=2025-08-07T00:00:00+00:00
[2025-08-07T16:46:23.149+0700] {processor.py:179} INFO - Processing /home/dwmhr/pln/venv/lib/python3.10/site-packages/airflow/example_dags/example_nested_branch_dag.py took 0.323 seconds
[2025-08-07T16:47:25.571+0700] {processor.py:157} INFO - Started process (PID=130788) to work on /home/dwmhr/pln/venv/lib/python3.10/site-packages/airflow/example_dags/example_nested_branch_dag.py
[2025-08-07T16:47:25.582+0700] {processor.py:829} INFO - Processing file /home/dwmhr/pln/venv/lib/python3.10/site-packages/airflow/example_dags/example_nested_branch_dag.py for tasks to queue
[2025-08-07T16:47:25.583+0700] {logging_mixin.py:154} INFO - [2025-08-07T16:47:25.582+0700] {dagbag.py:536} INFO - Filling up the DagBag from /home/dwmhr/pln/venv/lib/python3.10/site-packages/airflow/example_dags/example_nested_branch_dag.py
[2025-08-07T16:47:25.594+0700] {processor.py:839} INFO - DAG(s) dict_keys(['example_nested_branch_dag']) retrieved from /home/dwmhr/pln/venv/lib/python3.10/site-packages/airflow/example_dags/example_nested_branch_dag.py
[2025-08-07T16:47:25.613+0700] {logging_mixin.py:154} INFO - [2025-08-07T16:47:25.613+0700] {dag.py:2941} INFO - Sync 1 DAGs
[2025-08-07T16:47:25.632+0700] {logging_mixin.py:154} INFO - [2025-08-07T16:47:25.632+0700] {dag.py:3722} INFO - Setting next_dagrun for example_nested_branch_dag to 2025-08-06T00:00:00+00:00, run_after=2025-08-07T00:00:00+00:00
[2025-08-07T16:47:25.655+0700] {processor.py:179} INFO - Processing /home/dwmhr/pln/venv/lib/python3.10/site-packages/airflow/example_dags/example_nested_branch_dag.py took 0.087 seconds
[2025-08-07T16:48:07.818+0700] {processor.py:157} INFO - Started process (PID=130956) to work on /home/dwmhr/pln/venv/lib/python3.10/site-packages/airflow/example_dags/example_nested_branch_dag.py
[2025-08-07T16:48:07.828+0700] {processor.py:829} INFO - Processing file /home/dwmhr/pln/venv/lib/python3.10/site-packages/airflow/example_dags/example_nested_branch_dag.py for tasks to queue
[2025-08-07T16:48:07.841+0700] {logging_mixin.py:154} INFO - [2025-08-07T16:48:07.838+0700] {dagbag.py:536} INFO - Filling up the DagBag from /home/dwmhr/pln/venv/lib/python3.10/site-packages/airflow/example_dags/example_nested_branch_dag.py
[2025-08-07T16:48:07.941+0700] {processor.py:839} INFO - DAG(s) dict_keys(['example_nested_branch_dag']) retrieved from /home/dwmhr/pln/venv/lib/python3.10/site-packages/airflow/example_dags/example_nested_branch_dag.py
[2025-08-07T16:48:08.117+0700] {logging_mixin.py:154} INFO - [2025-08-07T16:48:08.116+0700] {dag.py:2941} INFO - Sync 1 DAGs
[2025-08-07T16:48:08.287+0700] {logging_mixin.py:154} INFO - [2025-08-07T16:48:08.286+0700] {dag.py:3722} INFO - Setting next_dagrun for example_nested_branch_dag to 2025-08-06T00:00:00+00:00, run_after=2025-08-07T00:00:00+00:00
[2025-08-07T16:48:08.499+0700] {processor.py:179} INFO - Processing /home/dwmhr/pln/venv/lib/python3.10/site-packages/airflow/example_dags/example_nested_branch_dag.py took 0.721 seconds
[2025-08-07T16:49:06.675+0700] {processor.py:157} INFO - Started process (PID=131210) to work on /home/dwmhr/pln/venv/lib/python3.10/site-packages/airflow/example_dags/example_nested_branch_dag.py
[2025-08-07T16:49:06.688+0700] {processor.py:829} INFO - Processing file /home/dwmhr/pln/venv/lib/python3.10/site-packages/airflow/example_dags/example_nested_branch_dag.py for tasks to queue
[2025-08-07T16:49:06.689+0700] {logging_mixin.py:154} INFO - [2025-08-07T16:49:06.689+0700] {dagbag.py:536} INFO - Filling up the DagBag from /home/dwmhr/pln/venv/lib/python3.10/site-packages/airflow/example_dags/example_nested_branch_dag.py
[2025-08-07T16:49:06.704+0700] {processor.py:839} INFO - DAG(s) dict_keys(['example_nested_branch_dag']) retrieved from /home/dwmhr/pln/venv/lib/python3.10/site-packages/airflow/example_dags/example_nested_branch_dag.py
[2025-08-07T16:49:06.728+0700] {logging_mixin.py:154} INFO - [2025-08-07T16:49:06.727+0700] {dag.py:2941} INFO - Sync 1 DAGs
[2025-08-07T16:49:06.751+0700] {logging_mixin.py:154} INFO - [2025-08-07T16:49:06.750+0700] {dag.py:3722} INFO - Setting next_dagrun for example_nested_branch_dag to 2025-08-06T00:00:00+00:00, run_after=2025-08-07T00:00:00+00:00
[2025-08-07T16:49:06.792+0700] {processor.py:179} INFO - Processing /home/dwmhr/pln/venv/lib/python3.10/site-packages/airflow/example_dags/example_nested_branch_dag.py took 0.122 seconds
