[2025-08-07T15:45:12.524+0700] {processor.py:157} INFO - Started process (PID=113256) to work on /home/dwmhr/pln/venv/lib/python3.10/site-packages/airflow/example_dags/example_trigger_target_dag.py
[2025-08-07T15:45:12.525+0700] {processor.py:829} INFO - Processing file /home/dwmhr/pln/venv/lib/python3.10/site-packages/airflow/example_dags/example_trigger_target_dag.py for tasks to queue
[2025-08-07T15:45:12.526+0700] {logging_mixin.py:154} INFO - [2025-08-07T15:45:12.525+0700] {dagbag.py:536} INFO - Filling up the DagBag from /home/dwmhr/pln/venv/lib/python3.10/site-packages/airflow/example_dags/example_trigger_target_dag.py
[2025-08-07T15:45:12.535+0700] {processor.py:839} INFO - DAG(s) dict_keys(['example_trigger_target_dag']) retrieved from /home/dwmhr/pln/venv/lib/python3.10/site-packages/airflow/example_dags/example_trigger_target_dag.py
[2025-08-07T15:45:12.637+0700] {logging_mixin.py:154} INFO - [2025-08-07T15:45:12.637+0700] {manager.py:499} INFO - Created Permission View: %s
[2025-08-07T15:45:12.651+0700] {logging_mixin.py:154} INFO - [2025-08-07T15:45:12.651+0700] {manager.py:499} INFO - Created Permission View: %s
[2025-08-07T15:45:12.661+0700] {logging_mixin.py:154} INFO - [2025-08-07T15:45:12.661+0700] {manager.py:499} INFO - Created Permission View: %s
[2025-08-07T15:45:12.662+0700] {logging_mixin.py:154} INFO - [2025-08-07T15:45:12.662+0700] {dag.py:2941} INFO - Sync 1 DAGs
[2025-08-07T15:45:12.672+0700] {logging_mixin.py:154} INFO - [2025-08-07T15:45:12.672+0700] {dag.py:2963} INFO - Creating ORM DAG for example_trigger_target_dag
[2025-08-07T15:45:12.673+0700] {logging_mixin.py:154} INFO - [2025-08-07T15:45:12.673+0700] {dag.py:3722} INFO - Setting next_dagrun for example_trigger_target_dag to None, run_after=None
[2025-08-07T15:45:12.711+0700] {processor.py:179} INFO - Processing /home/dwmhr/pln/venv/lib/python3.10/site-packages/airflow/example_dags/example_trigger_target_dag.py took 0.190 seconds
[2025-08-07T15:46:22.748+0700] {processor.py:157} INFO - Started process (PID=113588) to work on /home/dwmhr/pln/venv/lib/python3.10/site-packages/airflow/example_dags/example_trigger_target_dag.py
[2025-08-07T15:46:22.756+0700] {processor.py:829} INFO - Processing file /home/dwmhr/pln/venv/lib/python3.10/site-packages/airflow/example_dags/example_trigger_target_dag.py for tasks to queue
[2025-08-07T15:46:22.758+0700] {logging_mixin.py:154} INFO - [2025-08-07T15:46:22.757+0700] {dagbag.py:536} INFO - Filling up the DagBag from /home/dwmhr/pln/venv/lib/python3.10/site-packages/airflow/example_dags/example_trigger_target_dag.py
[2025-08-07T15:46:22.769+0700] {processor.py:839} INFO - DAG(s) dict_keys(['example_trigger_target_dag']) retrieved from /home/dwmhr/pln/venv/lib/python3.10/site-packages/airflow/example_dags/example_trigger_target_dag.py
[2025-08-07T15:46:22.800+0700] {logging_mixin.py:154} INFO - [2025-08-07T15:46:22.800+0700] {dag.py:2941} INFO - Sync 1 DAGs
[2025-08-07T15:46:22.820+0700] {logging_mixin.py:154} INFO - [2025-08-07T15:46:22.819+0700] {dag.py:3722} INFO - Setting next_dagrun for example_trigger_target_dag to None, run_after=None
[2025-08-07T15:46:22.858+0700] {processor.py:179} INFO - Processing /home/dwmhr/pln/venv/lib/python3.10/site-packages/airflow/example_dags/example_trigger_target_dag.py took 0.116 seconds
[2025-08-07T15:47:17.432+0700] {processor.py:157} INFO - Started process (PID=113882) to work on /home/dwmhr/pln/venv/lib/python3.10/site-packages/airflow/example_dags/example_trigger_target_dag.py
[2025-08-07T15:47:17.435+0700] {processor.py:829} INFO - Processing file /home/dwmhr/pln/venv/lib/python3.10/site-packages/airflow/example_dags/example_trigger_target_dag.py for tasks to queue
[2025-08-07T15:47:17.436+0700] {logging_mixin.py:154} INFO - [2025-08-07T15:47:17.435+0700] {dagbag.py:536} INFO - Filling up the DagBag from /home/dwmhr/pln/venv/lib/python3.10/site-packages/airflow/example_dags/example_trigger_target_dag.py
[2025-08-07T15:47:17.447+0700] {processor.py:839} INFO - DAG(s) dict_keys(['example_trigger_target_dag']) retrieved from /home/dwmhr/pln/venv/lib/python3.10/site-packages/airflow/example_dags/example_trigger_target_dag.py
[2025-08-07T15:47:17.468+0700] {logging_mixin.py:154} INFO - [2025-08-07T15:47:17.467+0700] {dag.py:2941} INFO - Sync 1 DAGs
[2025-08-07T15:47:17.480+0700] {logging_mixin.py:154} INFO - [2025-08-07T15:47:17.480+0700] {dag.py:3722} INFO - Setting next_dagrun for example_trigger_target_dag to None, run_after=None
[2025-08-07T15:47:17.504+0700] {processor.py:179} INFO - Processing /home/dwmhr/pln/venv/lib/python3.10/site-packages/airflow/example_dags/example_trigger_target_dag.py took 0.079 seconds
[2025-08-07T15:48:02.940+0700] {processor.py:157} INFO - Started process (PID=114140) to work on /home/dwmhr/pln/venv/lib/python3.10/site-packages/airflow/example_dags/example_trigger_target_dag.py
[2025-08-07T15:48:02.947+0700] {processor.py:829} INFO - Processing file /home/dwmhr/pln/venv/lib/python3.10/site-packages/airflow/example_dags/example_trigger_target_dag.py for tasks to queue
[2025-08-07T15:48:02.948+0700] {logging_mixin.py:154} INFO - [2025-08-07T15:48:02.947+0700] {dagbag.py:536} INFO - Filling up the DagBag from /home/dwmhr/pln/venv/lib/python3.10/site-packages/airflow/example_dags/example_trigger_target_dag.py
[2025-08-07T15:48:02.953+0700] {processor.py:839} INFO - DAG(s) dict_keys(['example_trigger_target_dag']) retrieved from /home/dwmhr/pln/venv/lib/python3.10/site-packages/airflow/example_dags/example_trigger_target_dag.py
[2025-08-07T15:48:02.966+0700] {logging_mixin.py:154} INFO - [2025-08-07T15:48:02.966+0700] {dag.py:2941} INFO - Sync 1 DAGs
[2025-08-07T15:48:02.974+0700] {logging_mixin.py:154} INFO - [2025-08-07T15:48:02.974+0700] {dag.py:3722} INFO - Setting next_dagrun for example_trigger_target_dag to None, run_after=None
[2025-08-07T15:48:02.995+0700] {processor.py:179} INFO - Processing /home/dwmhr/pln/venv/lib/python3.10/site-packages/airflow/example_dags/example_trigger_target_dag.py took 0.058 seconds
[2025-08-07T15:49:01.071+0700] {processor.py:157} INFO - Started process (PID=114457) to work on /home/dwmhr/pln/venv/lib/python3.10/site-packages/airflow/example_dags/example_trigger_target_dag.py
[2025-08-07T15:49:01.075+0700] {processor.py:829} INFO - Processing file /home/dwmhr/pln/venv/lib/python3.10/site-packages/airflow/example_dags/example_trigger_target_dag.py for tasks to queue
[2025-08-07T15:49:01.077+0700] {logging_mixin.py:154} INFO - [2025-08-07T15:49:01.076+0700] {dagbag.py:536} INFO - Filling up the DagBag from /home/dwmhr/pln/venv/lib/python3.10/site-packages/airflow/example_dags/example_trigger_target_dag.py
[2025-08-07T15:49:01.094+0700] {processor.py:839} INFO - DAG(s) dict_keys(['example_trigger_target_dag']) retrieved from /home/dwmhr/pln/venv/lib/python3.10/site-packages/airflow/example_dags/example_trigger_target_dag.py
[2025-08-07T15:49:01.143+0700] {logging_mixin.py:154} INFO - [2025-08-07T15:49:01.143+0700] {dag.py:2941} INFO - Sync 1 DAGs
[2025-08-07T15:49:01.178+0700] {logging_mixin.py:154} INFO - [2025-08-07T15:49:01.178+0700] {dag.py:3722} INFO - Setting next_dagrun for example_trigger_target_dag to None, run_after=None
[2025-08-07T15:49:01.239+0700] {processor.py:179} INFO - Processing /home/dwmhr/pln/venv/lib/python3.10/site-packages/airflow/example_dags/example_trigger_target_dag.py took 0.177 seconds
[2025-08-07T15:50:20.729+0700] {processor.py:157} INFO - Started process (PID=114858) to work on /home/dwmhr/pln/venv/lib/python3.10/site-packages/airflow/example_dags/example_trigger_target_dag.py
[2025-08-07T15:50:20.768+0700] {processor.py:829} INFO - Processing file /home/dwmhr/pln/venv/lib/python3.10/site-packages/airflow/example_dags/example_trigger_target_dag.py for tasks to queue
[2025-08-07T15:50:20.785+0700] {logging_mixin.py:154} INFO - [2025-08-07T15:50:20.775+0700] {dagbag.py:536} INFO - Filling up the DagBag from /home/dwmhr/pln/venv/lib/python3.10/site-packages/airflow/example_dags/example_trigger_target_dag.py
[2025-08-07T15:50:20.916+0700] {processor.py:839} INFO - DAG(s) dict_keys(['example_trigger_target_dag']) retrieved from /home/dwmhr/pln/venv/lib/python3.10/site-packages/airflow/example_dags/example_trigger_target_dag.py
[2025-08-07T15:50:21.198+0700] {logging_mixin.py:154} INFO - [2025-08-07T15:50:21.192+0700] {dag.py:2941} INFO - Sync 1 DAGs
[2025-08-07T15:50:21.340+0700] {logging_mixin.py:154} INFO - [2025-08-07T15:50:21.339+0700] {dag.py:3722} INFO - Setting next_dagrun for example_trigger_target_dag to None, run_after=None
[2025-08-07T15:50:21.604+0700] {processor.py:179} INFO - Processing /home/dwmhr/pln/venv/lib/python3.10/site-packages/airflow/example_dags/example_trigger_target_dag.py took 0.925 seconds
[2025-08-07T15:51:29.662+0700] {processor.py:157} INFO - Started process (PID=115241) to work on /home/dwmhr/pln/venv/lib/python3.10/site-packages/airflow/example_dags/example_trigger_target_dag.py
[2025-08-07T15:51:29.666+0700] {processor.py:829} INFO - Processing file /home/dwmhr/pln/venv/lib/python3.10/site-packages/airflow/example_dags/example_trigger_target_dag.py for tasks to queue
[2025-08-07T15:51:29.667+0700] {logging_mixin.py:154} INFO - [2025-08-07T15:51:29.667+0700] {dagbag.py:536} INFO - Filling up the DagBag from /home/dwmhr/pln/venv/lib/python3.10/site-packages/airflow/example_dags/example_trigger_target_dag.py
[2025-08-07T15:51:29.672+0700] {processor.py:839} INFO - DAG(s) dict_keys(['example_trigger_target_dag']) retrieved from /home/dwmhr/pln/venv/lib/python3.10/site-packages/airflow/example_dags/example_trigger_target_dag.py
[2025-08-07T15:51:29.686+0700] {logging_mixin.py:154} INFO - [2025-08-07T15:51:29.686+0700] {dag.py:2941} INFO - Sync 1 DAGs
[2025-08-07T15:51:29.693+0700] {logging_mixin.py:154} INFO - [2025-08-07T15:51:29.693+0700] {dag.py:3722} INFO - Setting next_dagrun for example_trigger_target_dag to None, run_after=None
[2025-08-07T15:51:29.719+0700] {processor.py:179} INFO - Processing /home/dwmhr/pln/venv/lib/python3.10/site-packages/airflow/example_dags/example_trigger_target_dag.py took 0.059 seconds
[2025-08-07T15:53:05.401+0700] {processor.py:157} INFO - Started process (PID=115659) to work on /home/dwmhr/pln/venv/lib/python3.10/site-packages/airflow/example_dags/example_trigger_target_dag.py
[2025-08-07T15:53:05.417+0700] {processor.py:829} INFO - Processing file /home/dwmhr/pln/venv/lib/python3.10/site-packages/airflow/example_dags/example_trigger_target_dag.py for tasks to queue
[2025-08-07T15:53:05.431+0700] {logging_mixin.py:154} INFO - [2025-08-07T15:53:05.422+0700] {dagbag.py:536} INFO - Filling up the DagBag from /home/dwmhr/pln/venv/lib/python3.10/site-packages/airflow/example_dags/example_trigger_target_dag.py
[2025-08-07T15:53:05.592+0700] {processor.py:839} INFO - DAG(s) dict_keys(['example_trigger_target_dag']) retrieved from /home/dwmhr/pln/venv/lib/python3.10/site-packages/airflow/example_dags/example_trigger_target_dag.py
[2025-08-07T15:53:06.122+0700] {logging_mixin.py:154} INFO - [2025-08-07T15:53:06.117+0700] {dag.py:2941} INFO - Sync 1 DAGs
[2025-08-07T15:53:06.301+0700] {logging_mixin.py:154} INFO - [2025-08-07T15:53:06.300+0700] {dag.py:3722} INFO - Setting next_dagrun for example_trigger_target_dag to None, run_after=None
[2025-08-07T15:53:06.986+0700] {processor.py:179} INFO - Processing /home/dwmhr/pln/venv/lib/python3.10/site-packages/airflow/example_dags/example_trigger_target_dag.py took 1.627 seconds
[2025-08-07T15:54:43.124+0700] {processor.py:157} INFO - Started process (PID=116105) to work on /home/dwmhr/pln/venv/lib/python3.10/site-packages/airflow/example_dags/example_trigger_target_dag.py
[2025-08-07T15:54:43.126+0700] {processor.py:829} INFO - Processing file /home/dwmhr/pln/venv/lib/python3.10/site-packages/airflow/example_dags/example_trigger_target_dag.py for tasks to queue
[2025-08-07T15:54:43.127+0700] {logging_mixin.py:154} INFO - [2025-08-07T15:54:43.126+0700] {dagbag.py:536} INFO - Filling up the DagBag from /home/dwmhr/pln/venv/lib/python3.10/site-packages/airflow/example_dags/example_trigger_target_dag.py
[2025-08-07T15:54:43.133+0700] {processor.py:839} INFO - DAG(s) dict_keys(['example_trigger_target_dag']) retrieved from /home/dwmhr/pln/venv/lib/python3.10/site-packages/airflow/example_dags/example_trigger_target_dag.py
[2025-08-07T15:54:43.147+0700] {logging_mixin.py:154} INFO - [2025-08-07T15:54:43.147+0700] {dag.py:2941} INFO - Sync 1 DAGs
[2025-08-07T15:54:43.155+0700] {logging_mixin.py:154} INFO - [2025-08-07T15:54:43.155+0700] {dag.py:3722} INFO - Setting next_dagrun for example_trigger_target_dag to None, run_after=None
[2025-08-07T15:54:43.175+0700] {processor.py:179} INFO - Processing /home/dwmhr/pln/venv/lib/python3.10/site-packages/airflow/example_dags/example_trigger_target_dag.py took 0.054 seconds
[2025-08-07T15:55:59.668+0700] {processor.py:157} INFO - Started process (PID=116510) to work on /home/dwmhr/pln/venv/lib/python3.10/site-packages/airflow/example_dags/example_trigger_target_dag.py
[2025-08-07T15:55:59.676+0700] {processor.py:829} INFO - Processing file /home/dwmhr/pln/venv/lib/python3.10/site-packages/airflow/example_dags/example_trigger_target_dag.py for tasks to queue
[2025-08-07T15:55:59.678+0700] {logging_mixin.py:154} INFO - [2025-08-07T15:55:59.677+0700] {dagbag.py:536} INFO - Filling up the DagBag from /home/dwmhr/pln/venv/lib/python3.10/site-packages/airflow/example_dags/example_trigger_target_dag.py
[2025-08-07T15:55:59.692+0700] {processor.py:839} INFO - DAG(s) dict_keys(['example_trigger_target_dag']) retrieved from /home/dwmhr/pln/venv/lib/python3.10/site-packages/airflow/example_dags/example_trigger_target_dag.py
[2025-08-07T15:55:59.716+0700] {logging_mixin.py:154} INFO - [2025-08-07T15:55:59.716+0700] {dag.py:2941} INFO - Sync 1 DAGs
[2025-08-07T15:55:59.736+0700] {logging_mixin.py:154} INFO - [2025-08-07T15:55:59.736+0700] {dag.py:3722} INFO - Setting next_dagrun for example_trigger_target_dag to None, run_after=None
[2025-08-07T15:55:59.770+0700] {processor.py:179} INFO - Processing /home/dwmhr/pln/venv/lib/python3.10/site-packages/airflow/example_dags/example_trigger_target_dag.py took 0.112 seconds
[2025-08-07T15:57:10.200+0700] {processor.py:157} INFO - Started process (PID=116901) to work on /home/dwmhr/pln/venv/lib/python3.10/site-packages/airflow/example_dags/example_trigger_target_dag.py
[2025-08-07T15:57:10.204+0700] {processor.py:829} INFO - Processing file /home/dwmhr/pln/venv/lib/python3.10/site-packages/airflow/example_dags/example_trigger_target_dag.py for tasks to queue
[2025-08-07T15:57:10.207+0700] {logging_mixin.py:154} INFO - [2025-08-07T15:57:10.206+0700] {dagbag.py:536} INFO - Filling up the DagBag from /home/dwmhr/pln/venv/lib/python3.10/site-packages/airflow/example_dags/example_trigger_target_dag.py
[2025-08-07T15:57:10.235+0700] {processor.py:839} INFO - DAG(s) dict_keys(['example_trigger_target_dag']) retrieved from /home/dwmhr/pln/venv/lib/python3.10/site-packages/airflow/example_dags/example_trigger_target_dag.py
[2025-08-07T15:57:10.314+0700] {logging_mixin.py:154} INFO - [2025-08-07T15:57:10.314+0700] {dag.py:2941} INFO - Sync 1 DAGs
[2025-08-07T15:57:10.362+0700] {logging_mixin.py:154} INFO - [2025-08-07T15:57:10.362+0700] {dag.py:3722} INFO - Setting next_dagrun for example_trigger_target_dag to None, run_after=None
[2025-08-07T15:57:10.607+0700] {processor.py:179} INFO - Processing /home/dwmhr/pln/venv/lib/python3.10/site-packages/airflow/example_dags/example_trigger_target_dag.py took 0.418 seconds
[2025-08-07T15:59:21.847+0700] {processor.py:157} INFO - Started process (PID=117571) to work on /home/dwmhr/pln/venv/lib/python3.10/site-packages/airflow/example_dags/example_trigger_target_dag.py
[2025-08-07T15:59:21.857+0700] {processor.py:829} INFO - Processing file /home/dwmhr/pln/venv/lib/python3.10/site-packages/airflow/example_dags/example_trigger_target_dag.py for tasks to queue
[2025-08-07T15:59:21.861+0700] {logging_mixin.py:154} INFO - [2025-08-07T15:59:21.860+0700] {dagbag.py:536} INFO - Filling up the DagBag from /home/dwmhr/pln/venv/lib/python3.10/site-packages/airflow/example_dags/example_trigger_target_dag.py
[2025-08-07T15:59:21.905+0700] {processor.py:839} INFO - DAG(s) dict_keys(['example_trigger_target_dag']) retrieved from /home/dwmhr/pln/venv/lib/python3.10/site-packages/airflow/example_dags/example_trigger_target_dag.py
[2025-08-07T15:59:21.972+0700] {logging_mixin.py:154} INFO - [2025-08-07T15:59:21.971+0700] {dag.py:2941} INFO - Sync 1 DAGs
[2025-08-07T15:59:22.007+0700] {logging_mixin.py:154} INFO - [2025-08-07T15:59:22.007+0700] {dag.py:3722} INFO - Setting next_dagrun for example_trigger_target_dag to None, run_after=None
[2025-08-07T15:59:22.066+0700] {processor.py:179} INFO - Processing /home/dwmhr/pln/venv/lib/python3.10/site-packages/airflow/example_dags/example_trigger_target_dag.py took 0.230 seconds
[2025-08-07T16:00:56.913+0700] {processor.py:157} INFO - Started process (PID=118039) to work on /home/dwmhr/pln/venv/lib/python3.10/site-packages/airflow/example_dags/example_trigger_target_dag.py
[2025-08-07T16:00:56.955+0700] {processor.py:829} INFO - Processing file /home/dwmhr/pln/venv/lib/python3.10/site-packages/airflow/example_dags/example_trigger_target_dag.py for tasks to queue
[2025-08-07T16:00:56.988+0700] {logging_mixin.py:154} INFO - [2025-08-07T16:00:56.976+0700] {dagbag.py:536} INFO - Filling up the DagBag from /home/dwmhr/pln/venv/lib/python3.10/site-packages/airflow/example_dags/example_trigger_target_dag.py
[2025-08-07T16:00:57.243+0700] {processor.py:839} INFO - DAG(s) dict_keys(['example_trigger_target_dag']) retrieved from /home/dwmhr/pln/venv/lib/python3.10/site-packages/airflow/example_dags/example_trigger_target_dag.py
[2025-08-07T16:00:57.941+0700] {logging_mixin.py:154} INFO - [2025-08-07T16:00:57.939+0700] {dag.py:2941} INFO - Sync 1 DAGs
[2025-08-07T16:00:58.292+0700] {logging_mixin.py:154} INFO - [2025-08-07T16:00:58.290+0700] {dag.py:3722} INFO - Setting next_dagrun for example_trigger_target_dag to None, run_after=None
[2025-08-07T16:00:58.547+0700] {processor.py:179} INFO - Processing /home/dwmhr/pln/venv/lib/python3.10/site-packages/airflow/example_dags/example_trigger_target_dag.py took 1.716 seconds
[2025-08-07T16:03:51.956+0700] {processor.py:157} INFO - Started process (PID=118834) to work on /home/dwmhr/pln/venv/lib/python3.10/site-packages/airflow/example_dags/example_trigger_target_dag.py
[2025-08-07T16:03:51.962+0700] {processor.py:829} INFO - Processing file /home/dwmhr/pln/venv/lib/python3.10/site-packages/airflow/example_dags/example_trigger_target_dag.py for tasks to queue
[2025-08-07T16:03:51.967+0700] {logging_mixin.py:154} INFO - [2025-08-07T16:03:51.965+0700] {dagbag.py:536} INFO - Filling up the DagBag from /home/dwmhr/pln/venv/lib/python3.10/site-packages/airflow/example_dags/example_trigger_target_dag.py
[2025-08-07T16:03:52.001+0700] {processor.py:839} INFO - DAG(s) dict_keys(['example_trigger_target_dag']) retrieved from /home/dwmhr/pln/venv/lib/python3.10/site-packages/airflow/example_dags/example_trigger_target_dag.py
[2025-08-07T16:03:52.125+0700] {logging_mixin.py:154} INFO - [2025-08-07T16:03:52.123+0700] {dag.py:2941} INFO - Sync 1 DAGs
[2025-08-07T16:03:52.198+0700] {logging_mixin.py:154} INFO - [2025-08-07T16:03:52.198+0700] {dag.py:3722} INFO - Setting next_dagrun for example_trigger_target_dag to None, run_after=None
[2025-08-07T16:03:52.287+0700] {processor.py:179} INFO - Processing /home/dwmhr/pln/venv/lib/python3.10/site-packages/airflow/example_dags/example_trigger_target_dag.py took 0.350 seconds
[2025-08-07T16:05:02.099+0700] {processor.py:157} INFO - Started process (PID=119171) to work on /home/dwmhr/pln/venv/lib/python3.10/site-packages/airflow/example_dags/example_trigger_target_dag.py
[2025-08-07T16:05:02.101+0700] {processor.py:829} INFO - Processing file /home/dwmhr/pln/venv/lib/python3.10/site-packages/airflow/example_dags/example_trigger_target_dag.py for tasks to queue
[2025-08-07T16:05:02.102+0700] {logging_mixin.py:154} INFO - [2025-08-07T16:05:02.101+0700] {dagbag.py:536} INFO - Filling up the DagBag from /home/dwmhr/pln/venv/lib/python3.10/site-packages/airflow/example_dags/example_trigger_target_dag.py
[2025-08-07T16:05:02.108+0700] {processor.py:839} INFO - DAG(s) dict_keys(['example_trigger_target_dag']) retrieved from /home/dwmhr/pln/venv/lib/python3.10/site-packages/airflow/example_dags/example_trigger_target_dag.py
[2025-08-07T16:05:02.124+0700] {logging_mixin.py:154} INFO - [2025-08-07T16:05:02.124+0700] {dag.py:2941} INFO - Sync 1 DAGs
[2025-08-07T16:05:02.134+0700] {logging_mixin.py:154} INFO - [2025-08-07T16:05:02.134+0700] {dag.py:3722} INFO - Setting next_dagrun for example_trigger_target_dag to None, run_after=None
[2025-08-07T16:05:02.153+0700] {processor.py:179} INFO - Processing /home/dwmhr/pln/venv/lib/python3.10/site-packages/airflow/example_dags/example_trigger_target_dag.py took 0.057 seconds
[2025-08-07T16:06:00.518+0700] {processor.py:157} INFO - Started process (PID=119477) to work on /home/dwmhr/pln/venv/lib/python3.10/site-packages/airflow/example_dags/example_trigger_target_dag.py
[2025-08-07T16:06:00.537+0700] {processor.py:829} INFO - Processing file /home/dwmhr/pln/venv/lib/python3.10/site-packages/airflow/example_dags/example_trigger_target_dag.py for tasks to queue
[2025-08-07T16:06:00.554+0700] {logging_mixin.py:154} INFO - [2025-08-07T16:06:00.546+0700] {dagbag.py:536} INFO - Filling up the DagBag from /home/dwmhr/pln/venv/lib/python3.10/site-packages/airflow/example_dags/example_trigger_target_dag.py
[2025-08-07T16:06:00.772+0700] {processor.py:839} INFO - DAG(s) dict_keys(['example_trigger_target_dag']) retrieved from /home/dwmhr/pln/venv/lib/python3.10/site-packages/airflow/example_dags/example_trigger_target_dag.py
[2025-08-07T16:06:01.104+0700] {logging_mixin.py:154} INFO - [2025-08-07T16:06:01.103+0700] {dag.py:2941} INFO - Sync 1 DAGs
[2025-08-07T16:06:01.319+0700] {logging_mixin.py:154} INFO - [2025-08-07T16:06:01.318+0700] {dag.py:3722} INFO - Setting next_dagrun for example_trigger_target_dag to None, run_after=None
[2025-08-07T16:06:01.538+0700] {processor.py:179} INFO - Processing /home/dwmhr/pln/venv/lib/python3.10/site-packages/airflow/example_dags/example_trigger_target_dag.py took 1.135 seconds
[2025-08-07T16:07:19.272+0700] {processor.py:157} INFO - Started process (PID=119832) to work on /home/dwmhr/pln/venv/lib/python3.10/site-packages/airflow/example_dags/example_trigger_target_dag.py
[2025-08-07T16:07:19.279+0700] {processor.py:829} INFO - Processing file /home/dwmhr/pln/venv/lib/python3.10/site-packages/airflow/example_dags/example_trigger_target_dag.py for tasks to queue
[2025-08-07T16:07:19.285+0700] {logging_mixin.py:154} INFO - [2025-08-07T16:07:19.283+0700] {dagbag.py:536} INFO - Filling up the DagBag from /home/dwmhr/pln/venv/lib/python3.10/site-packages/airflow/example_dags/example_trigger_target_dag.py
[2025-08-07T16:07:19.318+0700] {processor.py:839} INFO - DAG(s) dict_keys(['example_trigger_target_dag']) retrieved from /home/dwmhr/pln/venv/lib/python3.10/site-packages/airflow/example_dags/example_trigger_target_dag.py
[2025-08-07T16:07:19.397+0700] {logging_mixin.py:154} INFO - [2025-08-07T16:07:19.396+0700] {dag.py:2941} INFO - Sync 1 DAGs
[2025-08-07T16:07:19.449+0700] {logging_mixin.py:154} INFO - [2025-08-07T16:07:19.448+0700] {dag.py:3722} INFO - Setting next_dagrun for example_trigger_target_dag to None, run_after=None
[2025-08-07T16:07:19.566+0700] {processor.py:179} INFO - Processing /home/dwmhr/pln/venv/lib/python3.10/site-packages/airflow/example_dags/example_trigger_target_dag.py took 0.312 seconds
[2025-08-07T16:08:45.023+0700] {processor.py:157} INFO - Started process (PID=120261) to work on /home/dwmhr/pln/venv/lib/python3.10/site-packages/airflow/example_dags/example_trigger_target_dag.py
[2025-08-07T16:08:45.026+0700] {processor.py:829} INFO - Processing file /home/dwmhr/pln/venv/lib/python3.10/site-packages/airflow/example_dags/example_trigger_target_dag.py for tasks to queue
[2025-08-07T16:08:45.027+0700] {logging_mixin.py:154} INFO - [2025-08-07T16:08:45.027+0700] {dagbag.py:536} INFO - Filling up the DagBag from /home/dwmhr/pln/venv/lib/python3.10/site-packages/airflow/example_dags/example_trigger_target_dag.py
[2025-08-07T16:08:45.037+0700] {processor.py:839} INFO - DAG(s) dict_keys(['example_trigger_target_dag']) retrieved from /home/dwmhr/pln/venv/lib/python3.10/site-packages/airflow/example_dags/example_trigger_target_dag.py
[2025-08-07T16:08:45.056+0700] {logging_mixin.py:154} INFO - [2025-08-07T16:08:45.056+0700] {dag.py:2941} INFO - Sync 1 DAGs
[2025-08-07T16:08:45.070+0700] {logging_mixin.py:154} INFO - [2025-08-07T16:08:45.069+0700] {dag.py:3722} INFO - Setting next_dagrun for example_trigger_target_dag to None, run_after=None
[2025-08-07T16:08:45.098+0700] {processor.py:179} INFO - Processing /home/dwmhr/pln/venv/lib/python3.10/site-packages/airflow/example_dags/example_trigger_target_dag.py took 0.079 seconds
[2025-08-07T16:09:56.653+0700] {processor.py:157} INFO - Started process (PID=120648) to work on /home/dwmhr/pln/venv/lib/python3.10/site-packages/airflow/example_dags/example_trigger_target_dag.py
[2025-08-07T16:09:56.660+0700] {processor.py:829} INFO - Processing file /home/dwmhr/pln/venv/lib/python3.10/site-packages/airflow/example_dags/example_trigger_target_dag.py for tasks to queue
[2025-08-07T16:09:56.662+0700] {logging_mixin.py:154} INFO - [2025-08-07T16:09:56.661+0700] {dagbag.py:536} INFO - Filling up the DagBag from /home/dwmhr/pln/venv/lib/python3.10/site-packages/airflow/example_dags/example_trigger_target_dag.py
[2025-08-07T16:09:56.688+0700] {processor.py:839} INFO - DAG(s) dict_keys(['example_trigger_target_dag']) retrieved from /home/dwmhr/pln/venv/lib/python3.10/site-packages/airflow/example_dags/example_trigger_target_dag.py
[2025-08-07T16:09:56.750+0700] {logging_mixin.py:154} INFO - [2025-08-07T16:09:56.750+0700] {dag.py:2941} INFO - Sync 1 DAGs
[2025-08-07T16:09:56.789+0700] {logging_mixin.py:154} INFO - [2025-08-07T16:09:56.788+0700] {dag.py:3722} INFO - Setting next_dagrun for example_trigger_target_dag to None, run_after=None
[2025-08-07T16:09:56.853+0700] {processor.py:179} INFO - Processing /home/dwmhr/pln/venv/lib/python3.10/site-packages/airflow/example_dags/example_trigger_target_dag.py took 0.212 seconds
[2025-08-07T16:10:54.648+0700] {processor.py:157} INFO - Started process (PID=120959) to work on /home/dwmhr/pln/venv/lib/python3.10/site-packages/airflow/example_dags/example_trigger_target_dag.py
[2025-08-07T16:10:54.651+0700] {processor.py:829} INFO - Processing file /home/dwmhr/pln/venv/lib/python3.10/site-packages/airflow/example_dags/example_trigger_target_dag.py for tasks to queue
[2025-08-07T16:10:54.653+0700] {logging_mixin.py:154} INFO - [2025-08-07T16:10:54.652+0700] {dagbag.py:536} INFO - Filling up the DagBag from /home/dwmhr/pln/venv/lib/python3.10/site-packages/airflow/example_dags/example_trigger_target_dag.py
[2025-08-07T16:10:54.666+0700] {processor.py:839} INFO - DAG(s) dict_keys(['example_trigger_target_dag']) retrieved from /home/dwmhr/pln/venv/lib/python3.10/site-packages/airflow/example_dags/example_trigger_target_dag.py
[2025-08-07T16:10:54.695+0700] {logging_mixin.py:154} INFO - [2025-08-07T16:10:54.695+0700] {dag.py:2941} INFO - Sync 1 DAGs
[2025-08-07T16:10:54.715+0700] {logging_mixin.py:154} INFO - [2025-08-07T16:10:54.715+0700] {dag.py:3722} INFO - Setting next_dagrun for example_trigger_target_dag to None, run_after=None
[2025-08-07T16:10:54.782+0700] {processor.py:179} INFO - Processing /home/dwmhr/pln/venv/lib/python3.10/site-packages/airflow/example_dags/example_trigger_target_dag.py took 0.139 seconds
[2025-08-07T16:11:43.980+0700] {processor.py:157} INFO - Started process (PID=121169) to work on /home/dwmhr/pln/venv/lib/python3.10/site-packages/airflow/example_dags/example_trigger_target_dag.py
[2025-08-07T16:11:43.984+0700] {processor.py:829} INFO - Processing file /home/dwmhr/pln/venv/lib/python3.10/site-packages/airflow/example_dags/example_trigger_target_dag.py for tasks to queue
[2025-08-07T16:11:43.985+0700] {logging_mixin.py:154} INFO - [2025-08-07T16:11:43.985+0700] {dagbag.py:536} INFO - Filling up the DagBag from /home/dwmhr/pln/venv/lib/python3.10/site-packages/airflow/example_dags/example_trigger_target_dag.py
[2025-08-07T16:11:43.996+0700] {processor.py:839} INFO - DAG(s) dict_keys(['example_trigger_target_dag']) retrieved from /home/dwmhr/pln/venv/lib/python3.10/site-packages/airflow/example_dags/example_trigger_target_dag.py
[2025-08-07T16:11:44.019+0700] {logging_mixin.py:154} INFO - [2025-08-07T16:11:44.019+0700] {dag.py:2941} INFO - Sync 1 DAGs
[2025-08-07T16:11:44.034+0700] {logging_mixin.py:154} INFO - [2025-08-07T16:11:44.034+0700] {dag.py:3722} INFO - Setting next_dagrun for example_trigger_target_dag to None, run_after=None
[2025-08-07T16:11:44.166+0700] {processor.py:179} INFO - Processing /home/dwmhr/pln/venv/lib/python3.10/site-packages/airflow/example_dags/example_trigger_target_dag.py took 0.191 seconds
[2025-08-07T16:12:33.849+0700] {processor.py:157} INFO - Started process (PID=121450) to work on /home/dwmhr/pln/venv/lib/python3.10/site-packages/airflow/example_dags/example_trigger_target_dag.py
[2025-08-07T16:12:33.852+0700] {processor.py:829} INFO - Processing file /home/dwmhr/pln/venv/lib/python3.10/site-packages/airflow/example_dags/example_trigger_target_dag.py for tasks to queue
[2025-08-07T16:12:33.854+0700] {logging_mixin.py:154} INFO - [2025-08-07T16:12:33.853+0700] {dagbag.py:536} INFO - Filling up the DagBag from /home/dwmhr/pln/venv/lib/python3.10/site-packages/airflow/example_dags/example_trigger_target_dag.py
[2025-08-07T16:12:33.870+0700] {processor.py:839} INFO - DAG(s) dict_keys(['example_trigger_target_dag']) retrieved from /home/dwmhr/pln/venv/lib/python3.10/site-packages/airflow/example_dags/example_trigger_target_dag.py
[2025-08-07T16:12:33.911+0700] {logging_mixin.py:154} INFO - [2025-08-07T16:12:33.911+0700] {dag.py:2941} INFO - Sync 1 DAGs
[2025-08-07T16:12:33.938+0700] {logging_mixin.py:154} INFO - [2025-08-07T16:12:33.937+0700] {dag.py:3722} INFO - Setting next_dagrun for example_trigger_target_dag to None, run_after=None
[2025-08-07T16:12:33.989+0700] {processor.py:179} INFO - Processing /home/dwmhr/pln/venv/lib/python3.10/site-packages/airflow/example_dags/example_trigger_target_dag.py took 0.147 seconds
[2025-08-07T16:13:20.561+0700] {processor.py:157} INFO - Started process (PID=121731) to work on /home/dwmhr/pln/venv/lib/python3.10/site-packages/airflow/example_dags/example_trigger_target_dag.py
[2025-08-07T16:13:20.567+0700] {processor.py:829} INFO - Processing file /home/dwmhr/pln/venv/lib/python3.10/site-packages/airflow/example_dags/example_trigger_target_dag.py for tasks to queue
[2025-08-07T16:13:20.568+0700] {logging_mixin.py:154} INFO - [2025-08-07T16:13:20.567+0700] {dagbag.py:536} INFO - Filling up the DagBag from /home/dwmhr/pln/venv/lib/python3.10/site-packages/airflow/example_dags/example_trigger_target_dag.py
[2025-08-07T16:13:20.576+0700] {processor.py:839} INFO - DAG(s) dict_keys(['example_trigger_target_dag']) retrieved from /home/dwmhr/pln/venv/lib/python3.10/site-packages/airflow/example_dags/example_trigger_target_dag.py
[2025-08-07T16:13:20.596+0700] {logging_mixin.py:154} INFO - [2025-08-07T16:13:20.596+0700] {dag.py:2941} INFO - Sync 1 DAGs
[2025-08-07T16:13:20.610+0700] {logging_mixin.py:154} INFO - [2025-08-07T16:13:20.610+0700] {dag.py:3722} INFO - Setting next_dagrun for example_trigger_target_dag to None, run_after=None
[2025-08-07T16:13:20.641+0700] {processor.py:179} INFO - Processing /home/dwmhr/pln/venv/lib/python3.10/site-packages/airflow/example_dags/example_trigger_target_dag.py took 0.084 seconds
[2025-08-07T16:14:11.173+0700] {processor.py:157} INFO - Started process (PID=121939) to work on /home/dwmhr/pln/venv/lib/python3.10/site-packages/airflow/example_dags/example_trigger_target_dag.py
[2025-08-07T16:14:11.176+0700] {processor.py:829} INFO - Processing file /home/dwmhr/pln/venv/lib/python3.10/site-packages/airflow/example_dags/example_trigger_target_dag.py for tasks to queue
[2025-08-07T16:14:11.177+0700] {logging_mixin.py:154} INFO - [2025-08-07T16:14:11.177+0700] {dagbag.py:536} INFO - Filling up the DagBag from /home/dwmhr/pln/venv/lib/python3.10/site-packages/airflow/example_dags/example_trigger_target_dag.py
[2025-08-07T16:14:11.190+0700] {processor.py:839} INFO - DAG(s) dict_keys(['example_trigger_target_dag']) retrieved from /home/dwmhr/pln/venv/lib/python3.10/site-packages/airflow/example_dags/example_trigger_target_dag.py
[2025-08-07T16:14:11.217+0700] {logging_mixin.py:154} INFO - [2025-08-07T16:14:11.216+0700] {dag.py:2941} INFO - Sync 1 DAGs
[2025-08-07T16:14:11.237+0700] {logging_mixin.py:154} INFO - [2025-08-07T16:14:11.236+0700] {dag.py:3722} INFO - Setting next_dagrun for example_trigger_target_dag to None, run_after=None
[2025-08-07T16:14:11.281+0700] {processor.py:179} INFO - Processing /home/dwmhr/pln/venv/lib/python3.10/site-packages/airflow/example_dags/example_trigger_target_dag.py took 0.114 seconds
[2025-08-07T16:15:14.664+0700] {processor.py:157} INFO - Started process (PID=122265) to work on /home/dwmhr/pln/venv/lib/python3.10/site-packages/airflow/example_dags/example_trigger_target_dag.py
[2025-08-07T16:15:14.667+0700] {processor.py:829} INFO - Processing file /home/dwmhr/pln/venv/lib/python3.10/site-packages/airflow/example_dags/example_trigger_target_dag.py for tasks to queue
[2025-08-07T16:15:14.669+0700] {logging_mixin.py:154} INFO - [2025-08-07T16:15:14.668+0700] {dagbag.py:536} INFO - Filling up the DagBag from /home/dwmhr/pln/venv/lib/python3.10/site-packages/airflow/example_dags/example_trigger_target_dag.py
[2025-08-07T16:15:14.684+0700] {processor.py:839} INFO - DAG(s) dict_keys(['example_trigger_target_dag']) retrieved from /home/dwmhr/pln/venv/lib/python3.10/site-packages/airflow/example_dags/example_trigger_target_dag.py
[2025-08-07T16:15:14.718+0700] {logging_mixin.py:154} INFO - [2025-08-07T16:15:14.717+0700] {dag.py:2941} INFO - Sync 1 DAGs
[2025-08-07T16:15:14.744+0700] {logging_mixin.py:154} INFO - [2025-08-07T16:15:14.743+0700] {dag.py:3722} INFO - Setting next_dagrun for example_trigger_target_dag to None, run_after=None
[2025-08-07T16:15:14.798+0700] {processor.py:179} INFO - Processing /home/dwmhr/pln/venv/lib/python3.10/site-packages/airflow/example_dags/example_trigger_target_dag.py took 0.142 seconds
[2025-08-07T16:16:26.428+0700] {processor.py:157} INFO - Started process (PID=122640) to work on /home/dwmhr/pln/venv/lib/python3.10/site-packages/airflow/example_dags/example_trigger_target_dag.py
[2025-08-07T16:16:26.431+0700] {processor.py:829} INFO - Processing file /home/dwmhr/pln/venv/lib/python3.10/site-packages/airflow/example_dags/example_trigger_target_dag.py for tasks to queue
[2025-08-07T16:16:26.434+0700] {logging_mixin.py:154} INFO - [2025-08-07T16:16:26.433+0700] {dagbag.py:536} INFO - Filling up the DagBag from /home/dwmhr/pln/venv/lib/python3.10/site-packages/airflow/example_dags/example_trigger_target_dag.py
[2025-08-07T16:16:26.455+0700] {processor.py:839} INFO - DAG(s) dict_keys(['example_trigger_target_dag']) retrieved from /home/dwmhr/pln/venv/lib/python3.10/site-packages/airflow/example_dags/example_trigger_target_dag.py
[2025-08-07T16:16:26.502+0700] {logging_mixin.py:154} INFO - [2025-08-07T16:16:26.502+0700] {dag.py:2941} INFO - Sync 1 DAGs
[2025-08-07T16:16:26.532+0700] {logging_mixin.py:154} INFO - [2025-08-07T16:16:26.531+0700] {dag.py:3722} INFO - Setting next_dagrun for example_trigger_target_dag to None, run_after=None
[2025-08-07T16:16:26.599+0700] {processor.py:179} INFO - Processing /home/dwmhr/pln/venv/lib/python3.10/site-packages/airflow/example_dags/example_trigger_target_dag.py took 0.180 seconds
[2025-08-07T16:17:20.529+0700] {processor.py:157} INFO - Started process (PID=122938) to work on /home/dwmhr/pln/venv/lib/python3.10/site-packages/airflow/example_dags/example_trigger_target_dag.py
[2025-08-07T16:17:20.533+0700] {processor.py:829} INFO - Processing file /home/dwmhr/pln/venv/lib/python3.10/site-packages/airflow/example_dags/example_trigger_target_dag.py for tasks to queue
[2025-08-07T16:17:20.534+0700] {logging_mixin.py:154} INFO - [2025-08-07T16:17:20.534+0700] {dagbag.py:536} INFO - Filling up the DagBag from /home/dwmhr/pln/venv/lib/python3.10/site-packages/airflow/example_dags/example_trigger_target_dag.py
[2025-08-07T16:17:20.543+0700] {processor.py:839} INFO - DAG(s) dict_keys(['example_trigger_target_dag']) retrieved from /home/dwmhr/pln/venv/lib/python3.10/site-packages/airflow/example_dags/example_trigger_target_dag.py
[2025-08-07T16:17:20.563+0700] {logging_mixin.py:154} INFO - [2025-08-07T16:17:20.562+0700] {dag.py:2941} INFO - Sync 1 DAGs
[2025-08-07T16:17:20.577+0700] {logging_mixin.py:154} INFO - [2025-08-07T16:17:20.576+0700] {dag.py:3722} INFO - Setting next_dagrun for example_trigger_target_dag to None, run_after=None
[2025-08-07T16:17:20.607+0700] {processor.py:179} INFO - Processing /home/dwmhr/pln/venv/lib/python3.10/site-packages/airflow/example_dags/example_trigger_target_dag.py took 0.083 seconds
[2025-08-07T16:18:29.791+0700] {processor.py:157} INFO - Started process (PID=123255) to work on /home/dwmhr/pln/venv/lib/python3.10/site-packages/airflow/example_dags/example_trigger_target_dag.py
[2025-08-07T16:18:29.796+0700] {processor.py:829} INFO - Processing file /home/dwmhr/pln/venv/lib/python3.10/site-packages/airflow/example_dags/example_trigger_target_dag.py for tasks to queue
[2025-08-07T16:18:29.797+0700] {logging_mixin.py:154} INFO - [2025-08-07T16:18:29.796+0700] {dagbag.py:536} INFO - Filling up the DagBag from /home/dwmhr/pln/venv/lib/python3.10/site-packages/airflow/example_dags/example_trigger_target_dag.py
[2025-08-07T16:18:29.808+0700] {processor.py:839} INFO - DAG(s) dict_keys(['example_trigger_target_dag']) retrieved from /home/dwmhr/pln/venv/lib/python3.10/site-packages/airflow/example_dags/example_trigger_target_dag.py
[2025-08-07T16:18:29.831+0700] {logging_mixin.py:154} INFO - [2025-08-07T16:18:29.831+0700] {dag.py:2941} INFO - Sync 1 DAGs
[2025-08-07T16:18:29.847+0700] {logging_mixin.py:154} INFO - [2025-08-07T16:18:29.846+0700] {dag.py:3722} INFO - Setting next_dagrun for example_trigger_target_dag to None, run_after=None
[2025-08-07T16:18:29.886+0700] {processor.py:179} INFO - Processing /home/dwmhr/pln/venv/lib/python3.10/site-packages/airflow/example_dags/example_trigger_target_dag.py took 0.100 seconds
[2025-08-07T16:26:59.686+0700] {processor.py:157} INFO - Started process (PID=125448) to work on /home/dwmhr/pln/venv/lib/python3.10/site-packages/airflow/example_dags/example_trigger_target_dag.py
[2025-08-07T16:26:59.688+0700] {processor.py:829} INFO - Processing file /home/dwmhr/pln/venv/lib/python3.10/site-packages/airflow/example_dags/example_trigger_target_dag.py for tasks to queue
[2025-08-07T16:26:59.690+0700] {logging_mixin.py:154} INFO - [2025-08-07T16:26:59.689+0700] {dagbag.py:536} INFO - Filling up the DagBag from /home/dwmhr/pln/venv/lib/python3.10/site-packages/airflow/example_dags/example_trigger_target_dag.py
[2025-08-07T16:26:59.699+0700] {processor.py:839} INFO - DAG(s) dict_keys(['example_trigger_target_dag']) retrieved from /home/dwmhr/pln/venv/lib/python3.10/site-packages/airflow/example_dags/example_trigger_target_dag.py
[2025-08-07T16:26:59.729+0700] {logging_mixin.py:154} INFO - [2025-08-07T16:26:59.729+0700] {dag.py:2941} INFO - Sync 1 DAGs
[2025-08-07T16:26:59.743+0700] {logging_mixin.py:154} INFO - [2025-08-07T16:26:59.743+0700] {dag.py:3722} INFO - Setting next_dagrun for example_trigger_target_dag to None, run_after=None
[2025-08-07T16:26:59.772+0700] {processor.py:179} INFO - Processing /home/dwmhr/pln/venv/lib/python3.10/site-packages/airflow/example_dags/example_trigger_target_dag.py took 0.091 seconds
[2025-08-07T16:27:52.478+0700] {processor.py:157} INFO - Started process (PID=125730) to work on /home/dwmhr/pln/venv/lib/python3.10/site-packages/airflow/example_dags/example_trigger_target_dag.py
[2025-08-07T16:27:52.481+0700] {processor.py:829} INFO - Processing file /home/dwmhr/pln/venv/lib/python3.10/site-packages/airflow/example_dags/example_trigger_target_dag.py for tasks to queue
[2025-08-07T16:27:52.482+0700] {logging_mixin.py:154} INFO - [2025-08-07T16:27:52.482+0700] {dagbag.py:536} INFO - Filling up the DagBag from /home/dwmhr/pln/venv/lib/python3.10/site-packages/airflow/example_dags/example_trigger_target_dag.py
[2025-08-07T16:27:52.494+0700] {processor.py:839} INFO - DAG(s) dict_keys(['example_trigger_target_dag']) retrieved from /home/dwmhr/pln/venv/lib/python3.10/site-packages/airflow/example_dags/example_trigger_target_dag.py
[2025-08-07T16:27:52.520+0700] {logging_mixin.py:154} INFO - [2025-08-07T16:27:52.520+0700] {dag.py:2941} INFO - Sync 1 DAGs
[2025-08-07T16:27:52.535+0700] {logging_mixin.py:154} INFO - [2025-08-07T16:27:52.534+0700] {dag.py:3722} INFO - Setting next_dagrun for example_trigger_target_dag to None, run_after=None
[2025-08-07T16:27:52.566+0700] {processor.py:179} INFO - Processing /home/dwmhr/pln/venv/lib/python3.10/site-packages/airflow/example_dags/example_trigger_target_dag.py took 0.093 seconds
[2025-08-07T16:29:17.600+0700] {processor.py:157} INFO - Started process (PID=126126) to work on /home/dwmhr/pln/venv/lib/python3.10/site-packages/airflow/example_dags/example_trigger_target_dag.py
[2025-08-07T16:29:17.602+0700] {processor.py:829} INFO - Processing file /home/dwmhr/pln/venv/lib/python3.10/site-packages/airflow/example_dags/example_trigger_target_dag.py for tasks to queue
[2025-08-07T16:29:17.603+0700] {logging_mixin.py:154} INFO - [2025-08-07T16:29:17.603+0700] {dagbag.py:536} INFO - Filling up the DagBag from /home/dwmhr/pln/venv/lib/python3.10/site-packages/airflow/example_dags/example_trigger_target_dag.py
[2025-08-07T16:29:17.612+0700] {processor.py:839} INFO - DAG(s) dict_keys(['example_trigger_target_dag']) retrieved from /home/dwmhr/pln/venv/lib/python3.10/site-packages/airflow/example_dags/example_trigger_target_dag.py
[2025-08-07T16:29:17.631+0700] {logging_mixin.py:154} INFO - [2025-08-07T16:29:17.631+0700] {dag.py:2941} INFO - Sync 1 DAGs
[2025-08-07T16:29:17.644+0700] {logging_mixin.py:154} INFO - [2025-08-07T16:29:17.644+0700] {dag.py:3722} INFO - Setting next_dagrun for example_trigger_target_dag to None, run_after=None
[2025-08-07T16:29:17.671+0700] {processor.py:179} INFO - Processing /home/dwmhr/pln/venv/lib/python3.10/site-packages/airflow/example_dags/example_trigger_target_dag.py took 0.076 seconds
[2025-08-07T16:30:17.157+0700] {processor.py:157} INFO - Started process (PID=126414) to work on /home/dwmhr/pln/venv/lib/python3.10/site-packages/airflow/example_dags/example_trigger_target_dag.py
[2025-08-07T16:30:17.160+0700] {processor.py:829} INFO - Processing file /home/dwmhr/pln/venv/lib/python3.10/site-packages/airflow/example_dags/example_trigger_target_dag.py for tasks to queue
[2025-08-07T16:30:17.162+0700] {logging_mixin.py:154} INFO - [2025-08-07T16:30:17.161+0700] {dagbag.py:536} INFO - Filling up the DagBag from /home/dwmhr/pln/venv/lib/python3.10/site-packages/airflow/example_dags/example_trigger_target_dag.py
[2025-08-07T16:30:17.179+0700] {processor.py:839} INFO - DAG(s) dict_keys(['example_trigger_target_dag']) retrieved from /home/dwmhr/pln/venv/lib/python3.10/site-packages/airflow/example_dags/example_trigger_target_dag.py
[2025-08-07T16:30:17.223+0700] {logging_mixin.py:154} INFO - [2025-08-07T16:30:17.223+0700] {dag.py:2941} INFO - Sync 1 DAGs
[2025-08-07T16:30:17.256+0700] {logging_mixin.py:154} INFO - [2025-08-07T16:30:17.254+0700] {dag.py:3722} INFO - Setting next_dagrun for example_trigger_target_dag to None, run_after=None
[2025-08-07T16:30:17.334+0700] {processor.py:179} INFO - Processing /home/dwmhr/pln/venv/lib/python3.10/site-packages/airflow/example_dags/example_trigger_target_dag.py took 0.189 seconds
[2025-08-07T16:31:13.913+0700] {processor.py:157} INFO - Started process (PID=126708) to work on /home/dwmhr/pln/venv/lib/python3.10/site-packages/airflow/example_dags/example_trigger_target_dag.py
[2025-08-07T16:31:13.916+0700] {processor.py:829} INFO - Processing file /home/dwmhr/pln/venv/lib/python3.10/site-packages/airflow/example_dags/example_trigger_target_dag.py for tasks to queue
[2025-08-07T16:31:13.918+0700] {logging_mixin.py:154} INFO - [2025-08-07T16:31:13.917+0700] {dagbag.py:536} INFO - Filling up the DagBag from /home/dwmhr/pln/venv/lib/python3.10/site-packages/airflow/example_dags/example_trigger_target_dag.py
[2025-08-07T16:31:13.933+0700] {processor.py:839} INFO - DAG(s) dict_keys(['example_trigger_target_dag']) retrieved from /home/dwmhr/pln/venv/lib/python3.10/site-packages/airflow/example_dags/example_trigger_target_dag.py
[2025-08-07T16:31:13.969+0700] {logging_mixin.py:154} INFO - [2025-08-07T16:31:13.969+0700] {dag.py:2941} INFO - Sync 1 DAGs
[2025-08-07T16:31:13.992+0700] {logging_mixin.py:154} INFO - [2025-08-07T16:31:13.992+0700] {dag.py:3722} INFO - Setting next_dagrun for example_trigger_target_dag to None, run_after=None
[2025-08-07T16:31:14.036+0700] {processor.py:179} INFO - Processing /home/dwmhr/pln/venv/lib/python3.10/site-packages/airflow/example_dags/example_trigger_target_dag.py took 0.130 seconds
[2025-08-07T16:32:42.540+0700] {processor.py:157} INFO - Started process (PID=127064) to work on /home/dwmhr/pln/venv/lib/python3.10/site-packages/airflow/example_dags/example_trigger_target_dag.py
[2025-08-07T16:32:42.588+0700] {processor.py:829} INFO - Processing file /home/dwmhr/pln/venv/lib/python3.10/site-packages/airflow/example_dags/example_trigger_target_dag.py for tasks to queue
[2025-08-07T16:32:42.708+0700] {logging_mixin.py:154} INFO - [2025-08-07T16:32:42.670+0700] {dagbag.py:536} INFO - Filling up the DagBag from /home/dwmhr/pln/venv/lib/python3.10/site-packages/airflow/example_dags/example_trigger_target_dag.py
[2025-08-07T16:32:43.655+0700] {processor.py:839} INFO - DAG(s) dict_keys(['example_trigger_target_dag']) retrieved from /home/dwmhr/pln/venv/lib/python3.10/site-packages/airflow/example_dags/example_trigger_target_dag.py
[2025-08-07T16:32:44.134+0700] {logging_mixin.py:154} INFO - [2025-08-07T16:32:44.133+0700] {dag.py:2941} INFO - Sync 1 DAGs
[2025-08-07T16:32:44.174+0700] {logging_mixin.py:154} INFO - [2025-08-07T16:32:44.172+0700] {dag.py:3722} INFO - Setting next_dagrun for example_trigger_target_dag to None, run_after=None
[2025-08-07T16:32:44.497+0700] {processor.py:179} INFO - Processing /home/dwmhr/pln/venv/lib/python3.10/site-packages/airflow/example_dags/example_trigger_target_dag.py took 2.038 seconds
[2025-08-07T16:33:44.013+0700] {processor.py:157} INFO - Started process (PID=127305) to work on /home/dwmhr/pln/venv/lib/python3.10/site-packages/airflow/example_dags/example_trigger_target_dag.py
[2025-08-07T16:33:44.017+0700] {processor.py:829} INFO - Processing file /home/dwmhr/pln/venv/lib/python3.10/site-packages/airflow/example_dags/example_trigger_target_dag.py for tasks to queue
[2025-08-07T16:33:44.020+0700] {logging_mixin.py:154} INFO - [2025-08-07T16:33:44.018+0700] {dagbag.py:536} INFO - Filling up the DagBag from /home/dwmhr/pln/venv/lib/python3.10/site-packages/airflow/example_dags/example_trigger_target_dag.py
[2025-08-07T16:33:44.037+0700] {processor.py:839} INFO - DAG(s) dict_keys(['example_trigger_target_dag']) retrieved from /home/dwmhr/pln/venv/lib/python3.10/site-packages/airflow/example_dags/example_trigger_target_dag.py
[2025-08-07T16:33:44.077+0700] {logging_mixin.py:154} INFO - [2025-08-07T16:33:44.076+0700] {dag.py:2941} INFO - Sync 1 DAGs
[2025-08-07T16:33:44.104+0700] {logging_mixin.py:154} INFO - [2025-08-07T16:33:44.103+0700] {dag.py:3722} INFO - Setting next_dagrun for example_trigger_target_dag to None, run_after=None
[2025-08-07T16:33:44.158+0700] {processor.py:179} INFO - Processing /home/dwmhr/pln/venv/lib/python3.10/site-packages/airflow/example_dags/example_trigger_target_dag.py took 0.153 seconds
[2025-08-07T16:34:51.573+0700] {processor.py:157} INFO - Started process (PID=127586) to work on /home/dwmhr/pln/venv/lib/python3.10/site-packages/airflow/example_dags/example_trigger_target_dag.py
[2025-08-07T16:34:51.580+0700] {processor.py:829} INFO - Processing file /home/dwmhr/pln/venv/lib/python3.10/site-packages/airflow/example_dags/example_trigger_target_dag.py for tasks to queue
[2025-08-07T16:34:51.584+0700] {logging_mixin.py:154} INFO - [2025-08-07T16:34:51.582+0700] {dagbag.py:536} INFO - Filling up the DagBag from /home/dwmhr/pln/venv/lib/python3.10/site-packages/airflow/example_dags/example_trigger_target_dag.py
[2025-08-07T16:34:51.613+0700] {processor.py:839} INFO - DAG(s) dict_keys(['example_trigger_target_dag']) retrieved from /home/dwmhr/pln/venv/lib/python3.10/site-packages/airflow/example_dags/example_trigger_target_dag.py
[2025-08-07T16:34:51.691+0700] {logging_mixin.py:154} INFO - [2025-08-07T16:34:51.691+0700] {dag.py:2941} INFO - Sync 1 DAGs
[2025-08-07T16:34:51.741+0700] {logging_mixin.py:154} INFO - [2025-08-07T16:34:51.741+0700] {dag.py:3722} INFO - Setting next_dagrun for example_trigger_target_dag to None, run_after=None
[2025-08-07T16:34:51.819+0700] {processor.py:179} INFO - Processing /home/dwmhr/pln/venv/lib/python3.10/site-packages/airflow/example_dags/example_trigger_target_dag.py took 0.261 seconds
[2025-08-07T16:35:43.165+0700] {processor.py:157} INFO - Started process (PID=127818) to work on /home/dwmhr/pln/venv/lib/python3.10/site-packages/airflow/example_dags/example_trigger_target_dag.py
[2025-08-07T16:35:43.168+0700] {processor.py:829} INFO - Processing file /home/dwmhr/pln/venv/lib/python3.10/site-packages/airflow/example_dags/example_trigger_target_dag.py for tasks to queue
[2025-08-07T16:35:43.169+0700] {logging_mixin.py:154} INFO - [2025-08-07T16:35:43.169+0700] {dagbag.py:536} INFO - Filling up the DagBag from /home/dwmhr/pln/venv/lib/python3.10/site-packages/airflow/example_dags/example_trigger_target_dag.py
[2025-08-07T16:35:43.182+0700] {processor.py:839} INFO - DAG(s) dict_keys(['example_trigger_target_dag']) retrieved from /home/dwmhr/pln/venv/lib/python3.10/site-packages/airflow/example_dags/example_trigger_target_dag.py
[2025-08-07T16:35:43.209+0700] {logging_mixin.py:154} INFO - [2025-08-07T16:35:43.209+0700] {dag.py:2941} INFO - Sync 1 DAGs
[2025-08-07T16:35:43.226+0700] {logging_mixin.py:154} INFO - [2025-08-07T16:35:43.226+0700] {dag.py:3722} INFO - Setting next_dagrun for example_trigger_target_dag to None, run_after=None
[2025-08-07T16:35:43.274+0700] {processor.py:179} INFO - Processing /home/dwmhr/pln/venv/lib/python3.10/site-packages/airflow/example_dags/example_trigger_target_dag.py took 0.114 seconds
[2025-08-07T16:36:21.870+0700] {processor.py:157} INFO - Started process (PID=127969) to work on /home/dwmhr/pln/venv/lib/python3.10/site-packages/airflow/example_dags/example_trigger_target_dag.py
[2025-08-07T16:36:21.873+0700] {processor.py:829} INFO - Processing file /home/dwmhr/pln/venv/lib/python3.10/site-packages/airflow/example_dags/example_trigger_target_dag.py for tasks to queue
[2025-08-07T16:36:21.874+0700] {logging_mixin.py:154} INFO - [2025-08-07T16:36:21.874+0700] {dagbag.py:536} INFO - Filling up the DagBag from /home/dwmhr/pln/venv/lib/python3.10/site-packages/airflow/example_dags/example_trigger_target_dag.py
[2025-08-07T16:36:21.879+0700] {processor.py:839} INFO - DAG(s) dict_keys(['example_trigger_target_dag']) retrieved from /home/dwmhr/pln/venv/lib/python3.10/site-packages/airflow/example_dags/example_trigger_target_dag.py
[2025-08-07T16:36:21.892+0700] {logging_mixin.py:154} INFO - [2025-08-07T16:36:21.892+0700] {dag.py:2941} INFO - Sync 1 DAGs
[2025-08-07T16:36:21.900+0700] {logging_mixin.py:154} INFO - [2025-08-07T16:36:21.900+0700] {dag.py:3722} INFO - Setting next_dagrun for example_trigger_target_dag to None, run_after=None
[2025-08-07T16:36:21.925+0700] {processor.py:179} INFO - Processing /home/dwmhr/pln/venv/lib/python3.10/site-packages/airflow/example_dags/example_trigger_target_dag.py took 0.058 seconds
[2025-08-07T16:37:03.207+0700] {processor.py:157} INFO - Started process (PID=128155) to work on /home/dwmhr/pln/venv/lib/python3.10/site-packages/airflow/example_dags/example_trigger_target_dag.py
[2025-08-07T16:37:03.213+0700] {processor.py:829} INFO - Processing file /home/dwmhr/pln/venv/lib/python3.10/site-packages/airflow/example_dags/example_trigger_target_dag.py for tasks to queue
[2025-08-07T16:37:03.216+0700] {logging_mixin.py:154} INFO - [2025-08-07T16:37:03.215+0700] {dagbag.py:536} INFO - Filling up the DagBag from /home/dwmhr/pln/venv/lib/python3.10/site-packages/airflow/example_dags/example_trigger_target_dag.py
[2025-08-07T16:37:03.246+0700] {processor.py:839} INFO - DAG(s) dict_keys(['example_trigger_target_dag']) retrieved from /home/dwmhr/pln/venv/lib/python3.10/site-packages/airflow/example_dags/example_trigger_target_dag.py
[2025-08-07T16:37:03.312+0700] {logging_mixin.py:154} INFO - [2025-08-07T16:37:03.311+0700] {dag.py:2941} INFO - Sync 1 DAGs
[2025-08-07T16:37:03.354+0700] {logging_mixin.py:154} INFO - [2025-08-07T16:37:03.353+0700] {dag.py:3722} INFO - Setting next_dagrun for example_trigger_target_dag to None, run_after=None
[2025-08-07T16:37:03.437+0700] {processor.py:179} INFO - Processing /home/dwmhr/pln/venv/lib/python3.10/site-packages/airflow/example_dags/example_trigger_target_dag.py took 0.255 seconds
[2025-08-07T16:37:59.509+0700] {processor.py:157} INFO - Started process (PID=128387) to work on /home/dwmhr/pln/venv/lib/python3.10/site-packages/airflow/example_dags/example_trigger_target_dag.py
[2025-08-07T16:37:59.512+0700] {processor.py:829} INFO - Processing file /home/dwmhr/pln/venv/lib/python3.10/site-packages/airflow/example_dags/example_trigger_target_dag.py for tasks to queue
[2025-08-07T16:37:59.513+0700] {logging_mixin.py:154} INFO - [2025-08-07T16:37:59.513+0700] {dagbag.py:536} INFO - Filling up the DagBag from /home/dwmhr/pln/venv/lib/python3.10/site-packages/airflow/example_dags/example_trigger_target_dag.py
[2025-08-07T16:37:59.527+0700] {processor.py:839} INFO - DAG(s) dict_keys(['example_trigger_target_dag']) retrieved from /home/dwmhr/pln/venv/lib/python3.10/site-packages/airflow/example_dags/example_trigger_target_dag.py
[2025-08-07T16:37:59.558+0700] {logging_mixin.py:154} INFO - [2025-08-07T16:37:59.558+0700] {dag.py:2941} INFO - Sync 1 DAGs
[2025-08-07T16:37:59.580+0700] {logging_mixin.py:154} INFO - [2025-08-07T16:37:59.580+0700] {dag.py:3722} INFO - Setting next_dagrun for example_trigger_target_dag to None, run_after=None
[2025-08-07T16:37:59.624+0700] {processor.py:179} INFO - Processing /home/dwmhr/pln/venv/lib/python3.10/site-packages/airflow/example_dags/example_trigger_target_dag.py took 0.122 seconds
[2025-08-07T16:39:02.269+0700] {processor.py:157} INFO - Started process (PID=128631) to work on /home/dwmhr/pln/venv/lib/python3.10/site-packages/airflow/example_dags/example_trigger_target_dag.py
[2025-08-07T16:39:02.271+0700] {processor.py:829} INFO - Processing file /home/dwmhr/pln/venv/lib/python3.10/site-packages/airflow/example_dags/example_trigger_target_dag.py for tasks to queue
[2025-08-07T16:39:02.273+0700] {logging_mixin.py:154} INFO - [2025-08-07T16:39:02.272+0700] {dagbag.py:536} INFO - Filling up the DagBag from /home/dwmhr/pln/venv/lib/python3.10/site-packages/airflow/example_dags/example_trigger_target_dag.py
[2025-08-07T16:39:02.281+0700] {processor.py:839} INFO - DAG(s) dict_keys(['example_trigger_target_dag']) retrieved from /home/dwmhr/pln/venv/lib/python3.10/site-packages/airflow/example_dags/example_trigger_target_dag.py
[2025-08-07T16:39:02.302+0700] {logging_mixin.py:154} INFO - [2025-08-07T16:39:02.302+0700] {dag.py:2941} INFO - Sync 1 DAGs
[2025-08-07T16:39:02.316+0700] {logging_mixin.py:154} INFO - [2025-08-07T16:39:02.316+0700] {dag.py:3722} INFO - Setting next_dagrun for example_trigger_target_dag to None, run_after=None
[2025-08-07T16:39:02.346+0700] {processor.py:179} INFO - Processing /home/dwmhr/pln/venv/lib/python3.10/site-packages/airflow/example_dags/example_trigger_target_dag.py took 0.082 seconds
[2025-08-07T16:39:52.665+0700] {processor.py:157} INFO - Started process (PID=128843) to work on /home/dwmhr/pln/venv/lib/python3.10/site-packages/airflow/example_dags/example_trigger_target_dag.py
[2025-08-07T16:39:52.669+0700] {processor.py:829} INFO - Processing file /home/dwmhr/pln/venv/lib/python3.10/site-packages/airflow/example_dags/example_trigger_target_dag.py for tasks to queue
[2025-08-07T16:39:52.671+0700] {logging_mixin.py:154} INFO - [2025-08-07T16:39:52.670+0700] {dagbag.py:536} INFO - Filling up the DagBag from /home/dwmhr/pln/venv/lib/python3.10/site-packages/airflow/example_dags/example_trigger_target_dag.py
[2025-08-07T16:39:52.690+0700] {processor.py:839} INFO - DAG(s) dict_keys(['example_trigger_target_dag']) retrieved from /home/dwmhr/pln/venv/lib/python3.10/site-packages/airflow/example_dags/example_trigger_target_dag.py
[2025-08-07T16:39:52.740+0700] {logging_mixin.py:154} INFO - [2025-08-07T16:39:52.739+0700] {dag.py:2941} INFO - Sync 1 DAGs
[2025-08-07T16:39:52.772+0700] {logging_mixin.py:154} INFO - [2025-08-07T16:39:52.772+0700] {dag.py:3722} INFO - Setting next_dagrun for example_trigger_target_dag to None, run_after=None
[2025-08-07T16:39:52.832+0700] {processor.py:179} INFO - Processing /home/dwmhr/pln/venv/lib/python3.10/site-packages/airflow/example_dags/example_trigger_target_dag.py took 0.180 seconds
[2025-08-07T16:41:10.465+0700] {processor.py:157} INFO - Started process (PID=129152) to work on /home/dwmhr/pln/venv/lib/python3.10/site-packages/airflow/example_dags/example_trigger_target_dag.py
[2025-08-07T16:41:10.469+0700] {processor.py:829} INFO - Processing file /home/dwmhr/pln/venv/lib/python3.10/site-packages/airflow/example_dags/example_trigger_target_dag.py for tasks to queue
[2025-08-07T16:41:10.470+0700] {logging_mixin.py:154} INFO - [2025-08-07T16:41:10.470+0700] {dagbag.py:536} INFO - Filling up the DagBag from /home/dwmhr/pln/venv/lib/python3.10/site-packages/airflow/example_dags/example_trigger_target_dag.py
[2025-08-07T16:41:10.478+0700] {processor.py:839} INFO - DAG(s) dict_keys(['example_trigger_target_dag']) retrieved from /home/dwmhr/pln/venv/lib/python3.10/site-packages/airflow/example_dags/example_trigger_target_dag.py
[2025-08-07T16:41:10.498+0700] {logging_mixin.py:154} INFO - [2025-08-07T16:41:10.497+0700] {dag.py:2941} INFO - Sync 1 DAGs
[2025-08-07T16:41:10.511+0700] {logging_mixin.py:154} INFO - [2025-08-07T16:41:10.510+0700] {dag.py:3722} INFO - Setting next_dagrun for example_trigger_target_dag to None, run_after=None
[2025-08-07T16:41:10.553+0700] {processor.py:179} INFO - Processing /home/dwmhr/pln/venv/lib/python3.10/site-packages/airflow/example_dags/example_trigger_target_dag.py took 0.092 seconds
[2025-08-07T16:42:00.040+0700] {processor.py:157} INFO - Started process (PID=129362) to work on /home/dwmhr/pln/venv/lib/python3.10/site-packages/airflow/example_dags/example_trigger_target_dag.py
[2025-08-07T16:42:00.044+0700] {processor.py:829} INFO - Processing file /home/dwmhr/pln/venv/lib/python3.10/site-packages/airflow/example_dags/example_trigger_target_dag.py for tasks to queue
[2025-08-07T16:42:00.047+0700] {logging_mixin.py:154} INFO - [2025-08-07T16:42:00.046+0700] {dagbag.py:536} INFO - Filling up the DagBag from /home/dwmhr/pln/venv/lib/python3.10/site-packages/airflow/example_dags/example_trigger_target_dag.py
[2025-08-07T16:42:00.063+0700] {processor.py:839} INFO - DAG(s) dict_keys(['example_trigger_target_dag']) retrieved from /home/dwmhr/pln/venv/lib/python3.10/site-packages/airflow/example_dags/example_trigger_target_dag.py
[2025-08-07T16:42:00.103+0700] {logging_mixin.py:154} INFO - [2025-08-07T16:42:00.102+0700] {dag.py:2941} INFO - Sync 1 DAGs
[2025-08-07T16:42:00.131+0700] {logging_mixin.py:154} INFO - [2025-08-07T16:42:00.131+0700] {dag.py:3722} INFO - Setting next_dagrun for example_trigger_target_dag to None, run_after=None
[2025-08-07T16:42:00.185+0700] {processor.py:179} INFO - Processing /home/dwmhr/pln/venv/lib/python3.10/site-packages/airflow/example_dags/example_trigger_target_dag.py took 0.155 seconds
[2025-08-07T16:42:46.395+0700] {processor.py:157} INFO - Started process (PID=129565) to work on /home/dwmhr/pln/venv/lib/python3.10/site-packages/airflow/example_dags/example_trigger_target_dag.py
[2025-08-07T16:42:46.408+0700] {processor.py:829} INFO - Processing file /home/dwmhr/pln/venv/lib/python3.10/site-packages/airflow/example_dags/example_trigger_target_dag.py for tasks to queue
[2025-08-07T16:42:46.412+0700] {logging_mixin.py:154} INFO - [2025-08-07T16:42:46.411+0700] {dagbag.py:536} INFO - Filling up the DagBag from /home/dwmhr/pln/venv/lib/python3.10/site-packages/airflow/example_dags/example_trigger_target_dag.py
[2025-08-07T16:42:46.446+0700] {processor.py:839} INFO - DAG(s) dict_keys(['example_trigger_target_dag']) retrieved from /home/dwmhr/pln/venv/lib/python3.10/site-packages/airflow/example_dags/example_trigger_target_dag.py
[2025-08-07T16:42:46.501+0700] {logging_mixin.py:154} INFO - [2025-08-07T16:42:46.501+0700] {dag.py:2941} INFO - Sync 1 DAGs
[2025-08-07T16:42:46.545+0700] {logging_mixin.py:154} INFO - [2025-08-07T16:42:46.544+0700] {dag.py:3722} INFO - Setting next_dagrun for example_trigger_target_dag to None, run_after=None
[2025-08-07T16:42:46.620+0700] {processor.py:179} INFO - Processing /home/dwmhr/pln/venv/lib/python3.10/site-packages/airflow/example_dags/example_trigger_target_dag.py took 0.255 seconds
[2025-08-07T16:43:47.616+0700] {processor.py:157} INFO - Started process (PID=129835) to work on /home/dwmhr/pln/venv/lib/python3.10/site-packages/airflow/example_dags/example_trigger_target_dag.py
[2025-08-07T16:43:47.624+0700] {processor.py:829} INFO - Processing file /home/dwmhr/pln/venv/lib/python3.10/site-packages/airflow/example_dags/example_trigger_target_dag.py for tasks to queue
[2025-08-07T16:43:47.625+0700] {logging_mixin.py:154} INFO - [2025-08-07T16:43:47.625+0700] {dagbag.py:536} INFO - Filling up the DagBag from /home/dwmhr/pln/venv/lib/python3.10/site-packages/airflow/example_dags/example_trigger_target_dag.py
[2025-08-07T16:43:47.631+0700] {processor.py:839} INFO - DAG(s) dict_keys(['example_trigger_target_dag']) retrieved from /home/dwmhr/pln/venv/lib/python3.10/site-packages/airflow/example_dags/example_trigger_target_dag.py
[2025-08-07T16:43:47.647+0700] {logging_mixin.py:154} INFO - [2025-08-07T16:43:47.647+0700] {dag.py:2941} INFO - Sync 1 DAGs
[2025-08-07T16:43:47.657+0700] {logging_mixin.py:154} INFO - [2025-08-07T16:43:47.657+0700] {dag.py:3722} INFO - Setting next_dagrun for example_trigger_target_dag to None, run_after=None
[2025-08-07T16:43:47.683+0700] {processor.py:179} INFO - Processing /home/dwmhr/pln/venv/lib/python3.10/site-packages/airflow/example_dags/example_trigger_target_dag.py took 0.070 seconds
[2025-08-07T16:44:30.896+0700] {processor.py:157} INFO - Started process (PID=130019) to work on /home/dwmhr/pln/venv/lib/python3.10/site-packages/airflow/example_dags/example_trigger_target_dag.py
[2025-08-07T16:44:30.900+0700] {processor.py:829} INFO - Processing file /home/dwmhr/pln/venv/lib/python3.10/site-packages/airflow/example_dags/example_trigger_target_dag.py for tasks to queue
[2025-08-07T16:44:30.901+0700] {logging_mixin.py:154} INFO - [2025-08-07T16:44:30.901+0700] {dagbag.py:536} INFO - Filling up the DagBag from /home/dwmhr/pln/venv/lib/python3.10/site-packages/airflow/example_dags/example_trigger_target_dag.py
[2025-08-07T16:44:30.906+0700] {processor.py:839} INFO - DAG(s) dict_keys(['example_trigger_target_dag']) retrieved from /home/dwmhr/pln/venv/lib/python3.10/site-packages/airflow/example_dags/example_trigger_target_dag.py
[2025-08-07T16:44:30.918+0700] {logging_mixin.py:154} INFO - [2025-08-07T16:44:30.918+0700] {dag.py:2941} INFO - Sync 1 DAGs
[2025-08-07T16:44:30.926+0700] {logging_mixin.py:154} INFO - [2025-08-07T16:44:30.926+0700] {dag.py:3722} INFO - Setting next_dagrun for example_trigger_target_dag to None, run_after=None
[2025-08-07T16:44:30.946+0700] {processor.py:179} INFO - Processing /home/dwmhr/pln/venv/lib/python3.10/site-packages/airflow/example_dags/example_trigger_target_dag.py took 0.052 seconds
[2025-08-07T16:45:11.242+0700] {processor.py:157} INFO - Started process (PID=130201) to work on /home/dwmhr/pln/venv/lib/python3.10/site-packages/airflow/example_dags/example_trigger_target_dag.py
[2025-08-07T16:45:11.254+0700] {processor.py:829} INFO - Processing file /home/dwmhr/pln/venv/lib/python3.10/site-packages/airflow/example_dags/example_trigger_target_dag.py for tasks to queue
[2025-08-07T16:45:11.256+0700] {logging_mixin.py:154} INFO - [2025-08-07T16:45:11.255+0700] {dagbag.py:536} INFO - Filling up the DagBag from /home/dwmhr/pln/venv/lib/python3.10/site-packages/airflow/example_dags/example_trigger_target_dag.py
[2025-08-07T16:45:11.262+0700] {processor.py:839} INFO - DAG(s) dict_keys(['example_trigger_target_dag']) retrieved from /home/dwmhr/pln/venv/lib/python3.10/site-packages/airflow/example_dags/example_trigger_target_dag.py
[2025-08-07T16:45:11.276+0700] {logging_mixin.py:154} INFO - [2025-08-07T16:45:11.276+0700] {dag.py:2941} INFO - Sync 1 DAGs
[2025-08-07T16:45:11.287+0700] {logging_mixin.py:154} INFO - [2025-08-07T16:45:11.286+0700] {dag.py:3722} INFO - Setting next_dagrun for example_trigger_target_dag to None, run_after=None
[2025-08-07T16:45:11.308+0700] {processor.py:179} INFO - Processing /home/dwmhr/pln/venv/lib/python3.10/site-packages/airflow/example_dags/example_trigger_target_dag.py took 0.069 seconds
[2025-08-07T16:45:54.045+0700] {processor.py:157} INFO - Started process (PID=130383) to work on /home/dwmhr/pln/venv/lib/python3.10/site-packages/airflow/example_dags/example_trigger_target_dag.py
[2025-08-07T16:45:54.047+0700] {processor.py:829} INFO - Processing file /home/dwmhr/pln/venv/lib/python3.10/site-packages/airflow/example_dags/example_trigger_target_dag.py for tasks to queue
[2025-08-07T16:45:54.048+0700] {logging_mixin.py:154} INFO - [2025-08-07T16:45:54.047+0700] {dagbag.py:536} INFO - Filling up the DagBag from /home/dwmhr/pln/venv/lib/python3.10/site-packages/airflow/example_dags/example_trigger_target_dag.py
[2025-08-07T16:45:54.053+0700] {processor.py:839} INFO - DAG(s) dict_keys(['example_trigger_target_dag']) retrieved from /home/dwmhr/pln/venv/lib/python3.10/site-packages/airflow/example_dags/example_trigger_target_dag.py
[2025-08-07T16:45:54.067+0700] {logging_mixin.py:154} INFO - [2025-08-07T16:45:54.067+0700] {dag.py:2941} INFO - Sync 1 DAGs
[2025-08-07T16:45:54.076+0700] {logging_mixin.py:154} INFO - [2025-08-07T16:45:54.076+0700] {dag.py:3722} INFO - Setting next_dagrun for example_trigger_target_dag to None, run_after=None
[2025-08-07T16:45:54.093+0700] {processor.py:179} INFO - Processing /home/dwmhr/pln/venv/lib/python3.10/site-packages/airflow/example_dags/example_trigger_target_dag.py took 0.051 seconds
[2025-08-07T16:47:05.424+0700] {processor.py:157} INFO - Started process (PID=130681) to work on /home/dwmhr/pln/venv/lib/python3.10/site-packages/airflow/example_dags/example_trigger_target_dag.py
[2025-08-07T16:47:05.425+0700] {processor.py:829} INFO - Processing file /home/dwmhr/pln/venv/lib/python3.10/site-packages/airflow/example_dags/example_trigger_target_dag.py for tasks to queue
[2025-08-07T16:47:05.426+0700] {logging_mixin.py:154} INFO - [2025-08-07T16:47:05.426+0700] {dagbag.py:536} INFO - Filling up the DagBag from /home/dwmhr/pln/venv/lib/python3.10/site-packages/airflow/example_dags/example_trigger_target_dag.py
[2025-08-07T16:47:05.432+0700] {processor.py:839} INFO - DAG(s) dict_keys(['example_trigger_target_dag']) retrieved from /home/dwmhr/pln/venv/lib/python3.10/site-packages/airflow/example_dags/example_trigger_target_dag.py
[2025-08-07T16:47:05.445+0700] {logging_mixin.py:154} INFO - [2025-08-07T16:47:05.445+0700] {dag.py:2941} INFO - Sync 1 DAGs
[2025-08-07T16:47:05.453+0700] {logging_mixin.py:154} INFO - [2025-08-07T16:47:05.453+0700] {dag.py:3722} INFO - Setting next_dagrun for example_trigger_target_dag to None, run_after=None
[2025-08-07T16:47:05.470+0700] {processor.py:179} INFO - Processing /home/dwmhr/pln/venv/lib/python3.10/site-packages/airflow/example_dags/example_trigger_target_dag.py took 0.050 seconds
[2025-08-07T16:47:56.363+0700] {processor.py:157} INFO - Started process (PID=130920) to work on /home/dwmhr/pln/venv/lib/python3.10/site-packages/airflow/example_dags/example_trigger_target_dag.py
[2025-08-07T16:47:56.365+0700] {processor.py:829} INFO - Processing file /home/dwmhr/pln/venv/lib/python3.10/site-packages/airflow/example_dags/example_trigger_target_dag.py for tasks to queue
[2025-08-07T16:47:56.367+0700] {logging_mixin.py:154} INFO - [2025-08-07T16:47:56.366+0700] {dagbag.py:536} INFO - Filling up the DagBag from /home/dwmhr/pln/venv/lib/python3.10/site-packages/airflow/example_dags/example_trigger_target_dag.py
[2025-08-07T16:47:56.382+0700] {processor.py:839} INFO - DAG(s) dict_keys(['example_trigger_target_dag']) retrieved from /home/dwmhr/pln/venv/lib/python3.10/site-packages/airflow/example_dags/example_trigger_target_dag.py
[2025-08-07T16:47:56.414+0700] {logging_mixin.py:154} INFO - [2025-08-07T16:47:56.413+0700] {dag.py:2941} INFO - Sync 1 DAGs
[2025-08-07T16:47:56.436+0700] {logging_mixin.py:154} INFO - [2025-08-07T16:47:56.436+0700] {dag.py:3722} INFO - Setting next_dagrun for example_trigger_target_dag to None, run_after=None
[2025-08-07T16:47:56.493+0700] {processor.py:179} INFO - Processing /home/dwmhr/pln/venv/lib/python3.10/site-packages/airflow/example_dags/example_trigger_target_dag.py took 0.137 seconds
[2025-08-07T16:48:51.247+0700] {processor.py:157} INFO - Started process (PID=131162) to work on /home/dwmhr/pln/venv/lib/python3.10/site-packages/airflow/example_dags/example_trigger_target_dag.py
[2025-08-07T16:48:51.248+0700] {processor.py:829} INFO - Processing file /home/dwmhr/pln/venv/lib/python3.10/site-packages/airflow/example_dags/example_trigger_target_dag.py for tasks to queue
[2025-08-07T16:48:51.250+0700] {logging_mixin.py:154} INFO - [2025-08-07T16:48:51.249+0700] {dagbag.py:536} INFO - Filling up the DagBag from /home/dwmhr/pln/venv/lib/python3.10/site-packages/airflow/example_dags/example_trigger_target_dag.py
[2025-08-07T16:48:51.258+0700] {processor.py:839} INFO - DAG(s) dict_keys(['example_trigger_target_dag']) retrieved from /home/dwmhr/pln/venv/lib/python3.10/site-packages/airflow/example_dags/example_trigger_target_dag.py
[2025-08-07T16:48:51.276+0700] {logging_mixin.py:154} INFO - [2025-08-07T16:48:51.275+0700] {dag.py:2941} INFO - Sync 1 DAGs
[2025-08-07T16:48:51.287+0700] {logging_mixin.py:154} INFO - [2025-08-07T16:48:51.287+0700] {dag.py:3722} INFO - Setting next_dagrun for example_trigger_target_dag to None, run_after=None
[2025-08-07T16:48:51.311+0700] {processor.py:179} INFO - Processing /home/dwmhr/pln/venv/lib/python3.10/site-packages/airflow/example_dags/example_trigger_target_dag.py took 0.069 seconds
