[2025-08-07T15:45:04.572+0700] {processor.py:157} INFO - Started process (PID=113206) to work on /home/dwmhr/pln/venv/lib/python3.10/site-packages/airflow/example_dags/example_xcom.py
[2025-08-07T15:45:04.573+0700] {processor.py:829} INFO - Processing file /home/dwmhr/pln/venv/lib/python3.10/site-packages/airflow/example_dags/example_xcom.py for tasks to queue
[2025-08-07T15:45:04.574+0700] {logging_mixin.py:154} INFO - [2025-08-07T15:45:04.573+0700] {dagbag.py:536} INFO - Filling up the DagBag from /home/dwmhr/pln/venv/lib/python3.10/site-packages/airflow/example_dags/example_xcom.py
[2025-08-07T15:45:04.584+0700] {processor.py:839} INFO - DAG(s) dict_keys(['example_xcom']) retrieved from /home/dwmhr/pln/venv/lib/python3.10/site-packages/airflow/example_dags/example_xcom.py
[2025-08-07T15:45:04.665+0700] {logging_mixin.py:154} INFO - [2025-08-07T15:45:04.665+0700] {manager.py:499} INFO - Created Permission View: %s
[2025-08-07T15:45:04.676+0700] {logging_mixin.py:154} INFO - [2025-08-07T15:45:04.675+0700] {manager.py:499} INFO - Created Permission View: %s
[2025-08-07T15:45:04.684+0700] {logging_mixin.py:154} INFO - [2025-08-07T15:45:04.683+0700] {manager.py:499} INFO - Created Permission View: %s
[2025-08-07T15:45:04.684+0700] {logging_mixin.py:154} INFO - [2025-08-07T15:45:04.684+0700] {dag.py:2941} INFO - Sync 1 DAGs
[2025-08-07T15:45:04.692+0700] {logging_mixin.py:154} INFO - [2025-08-07T15:45:04.692+0700] {dag.py:2963} INFO - Creating ORM DAG for example_xcom
[2025-08-07T15:45:04.700+0700] {logging_mixin.py:154} INFO - [2025-08-07T15:45:04.700+0700] {dag.py:3722} INFO - Setting next_dagrun for example_xcom to 2021-01-01T00:00:00+00:00, run_after=2021-01-01T00:00:00+00:00
[2025-08-07T15:45:04.720+0700] {processor.py:179} INFO - Processing /home/dwmhr/pln/venv/lib/python3.10/site-packages/airflow/example_dags/example_xcom.py took 0.152 seconds
[2025-08-07T15:46:15.056+0700] {processor.py:157} INFO - Started process (PID=113568) to work on /home/dwmhr/pln/venv/lib/python3.10/site-packages/airflow/example_dags/example_xcom.py
[2025-08-07T15:46:15.058+0700] {processor.py:829} INFO - Processing file /home/dwmhr/pln/venv/lib/python3.10/site-packages/airflow/example_dags/example_xcom.py for tasks to queue
[2025-08-07T15:46:15.059+0700] {logging_mixin.py:154} INFO - [2025-08-07T15:46:15.059+0700] {dagbag.py:536} INFO - Filling up the DagBag from /home/dwmhr/pln/venv/lib/python3.10/site-packages/airflow/example_dags/example_xcom.py
[2025-08-07T15:46:15.072+0700] {processor.py:839} INFO - DAG(s) dict_keys(['example_xcom']) retrieved from /home/dwmhr/pln/venv/lib/python3.10/site-packages/airflow/example_dags/example_xcom.py
[2025-08-07T15:46:15.100+0700] {logging_mixin.py:154} INFO - [2025-08-07T15:46:15.099+0700] {dag.py:2941} INFO - Sync 1 DAGs
[2025-08-07T15:46:15.127+0700] {logging_mixin.py:154} INFO - [2025-08-07T15:46:15.126+0700] {dag.py:3722} INFO - Setting next_dagrun for example_xcom to 2021-01-01T00:00:00+00:00, run_after=2021-01-01T00:00:00+00:00
[2025-08-07T15:46:15.181+0700] {processor.py:179} INFO - Processing /home/dwmhr/pln/venv/lib/python3.10/site-packages/airflow/example_dags/example_xcom.py took 0.130 seconds
[2025-08-07T15:47:09.637+0700] {processor.py:157} INFO - Started process (PID=113857) to work on /home/dwmhr/pln/venv/lib/python3.10/site-packages/airflow/example_dags/example_xcom.py
[2025-08-07T15:47:09.641+0700] {processor.py:829} INFO - Processing file /home/dwmhr/pln/venv/lib/python3.10/site-packages/airflow/example_dags/example_xcom.py for tasks to queue
[2025-08-07T15:47:09.645+0700] {logging_mixin.py:154} INFO - [2025-08-07T15:47:09.644+0700] {dagbag.py:536} INFO - Filling up the DagBag from /home/dwmhr/pln/venv/lib/python3.10/site-packages/airflow/example_dags/example_xcom.py
[2025-08-07T15:47:09.676+0700] {processor.py:839} INFO - DAG(s) dict_keys(['example_xcom']) retrieved from /home/dwmhr/pln/venv/lib/python3.10/site-packages/airflow/example_dags/example_xcom.py
[2025-08-07T15:47:09.749+0700] {logging_mixin.py:154} INFO - [2025-08-07T15:47:09.748+0700] {dag.py:2941} INFO - Sync 1 DAGs
[2025-08-07T15:47:09.843+0700] {logging_mixin.py:154} INFO - [2025-08-07T15:47:09.842+0700] {dag.py:3722} INFO - Setting next_dagrun for example_xcom to 2021-01-01T00:00:00+00:00, run_after=2021-01-01T00:00:00+00:00
[2025-08-07T15:47:09.937+0700] {processor.py:179} INFO - Processing /home/dwmhr/pln/venv/lib/python3.10/site-packages/airflow/example_dags/example_xcom.py took 0.315 seconds
[2025-08-07T15:47:55.810+0700] {processor.py:157} INFO - Started process (PID=114101) to work on /home/dwmhr/pln/venv/lib/python3.10/site-packages/airflow/example_dags/example_xcom.py
[2025-08-07T15:47:55.812+0700] {processor.py:829} INFO - Processing file /home/dwmhr/pln/venv/lib/python3.10/site-packages/airflow/example_dags/example_xcom.py for tasks to queue
[2025-08-07T15:47:55.813+0700] {logging_mixin.py:154} INFO - [2025-08-07T15:47:55.812+0700] {dagbag.py:536} INFO - Filling up the DagBag from /home/dwmhr/pln/venv/lib/python3.10/site-packages/airflow/example_dags/example_xcom.py
[2025-08-07T15:47:55.818+0700] {processor.py:839} INFO - DAG(s) dict_keys(['example_xcom']) retrieved from /home/dwmhr/pln/venv/lib/python3.10/site-packages/airflow/example_dags/example_xcom.py
[2025-08-07T15:47:55.832+0700] {logging_mixin.py:154} INFO - [2025-08-07T15:47:55.832+0700] {dag.py:2941} INFO - Sync 1 DAGs
[2025-08-07T15:47:55.846+0700] {logging_mixin.py:154} INFO - [2025-08-07T15:47:55.846+0700] {dag.py:3722} INFO - Setting next_dagrun for example_xcom to 2021-01-01T00:00:00+00:00, run_after=2021-01-01T00:00:00+00:00
[2025-08-07T15:47:55.868+0700] {processor.py:179} INFO - Processing /home/dwmhr/pln/venv/lib/python3.10/site-packages/airflow/example_dags/example_xcom.py took 0.060 seconds
[2025-08-07T15:48:32.448+0700] {processor.py:157} INFO - Started process (PID=114300) to work on /home/dwmhr/pln/venv/lib/python3.10/site-packages/airflow/example_dags/example_xcom.py
[2025-08-07T15:48:32.460+0700] {processor.py:829} INFO - Processing file /home/dwmhr/pln/venv/lib/python3.10/site-packages/airflow/example_dags/example_xcom.py for tasks to queue
[2025-08-07T15:48:32.461+0700] {logging_mixin.py:154} INFO - [2025-08-07T15:48:32.461+0700] {dagbag.py:536} INFO - Filling up the DagBag from /home/dwmhr/pln/venv/lib/python3.10/site-packages/airflow/example_dags/example_xcom.py
[2025-08-07T15:48:32.466+0700] {processor.py:839} INFO - DAG(s) dict_keys(['example_xcom']) retrieved from /home/dwmhr/pln/venv/lib/python3.10/site-packages/airflow/example_dags/example_xcom.py
[2025-08-07T15:48:32.480+0700] {logging_mixin.py:154} INFO - [2025-08-07T15:48:32.480+0700] {dag.py:2941} INFO - Sync 1 DAGs
[2025-08-07T15:48:32.493+0700] {logging_mixin.py:154} INFO - [2025-08-07T15:48:32.493+0700] {dag.py:3722} INFO - Setting next_dagrun for example_xcom to 2021-01-01T00:00:00+00:00, run_after=2021-01-01T00:00:00+00:00
[2025-08-07T15:48:32.510+0700] {processor.py:179} INFO - Processing /home/dwmhr/pln/venv/lib/python3.10/site-packages/airflow/example_dags/example_xcom.py took 0.065 seconds
[2025-08-07T15:49:38.652+0700] {processor.py:157} INFO - Started process (PID=114634) to work on /home/dwmhr/pln/venv/lib/python3.10/site-packages/airflow/example_dags/example_xcom.py
[2025-08-07T15:49:38.657+0700] {processor.py:829} INFO - Processing file /home/dwmhr/pln/venv/lib/python3.10/site-packages/airflow/example_dags/example_xcom.py for tasks to queue
[2025-08-07T15:49:38.661+0700] {logging_mixin.py:154} INFO - [2025-08-07T15:49:38.660+0700] {dagbag.py:536} INFO - Filling up the DagBag from /home/dwmhr/pln/venv/lib/python3.10/site-packages/airflow/example_dags/example_xcom.py
[2025-08-07T15:49:38.691+0700] {processor.py:839} INFO - DAG(s) dict_keys(['example_xcom']) retrieved from /home/dwmhr/pln/venv/lib/python3.10/site-packages/airflow/example_dags/example_xcom.py
[2025-08-07T15:49:38.770+0700] {logging_mixin.py:154} INFO - [2025-08-07T15:49:38.770+0700] {dag.py:2941} INFO - Sync 1 DAGs
[2025-08-07T15:49:38.839+0700] {logging_mixin.py:154} INFO - [2025-08-07T15:49:38.838+0700] {dag.py:3722} INFO - Setting next_dagrun for example_xcom to 2021-01-01T00:00:00+00:00, run_after=2021-01-01T00:00:00+00:00
[2025-08-07T15:49:38.920+0700] {processor.py:179} INFO - Processing /home/dwmhr/pln/venv/lib/python3.10/site-packages/airflow/example_dags/example_xcom.py took 0.282 seconds
[2025-08-07T15:50:55.604+0700] {processor.py:157} INFO - Started process (PID=115048) to work on /home/dwmhr/pln/venv/lib/python3.10/site-packages/airflow/example_dags/example_xcom.py
[2025-08-07T15:50:55.610+0700] {processor.py:829} INFO - Processing file /home/dwmhr/pln/venv/lib/python3.10/site-packages/airflow/example_dags/example_xcom.py for tasks to queue
[2025-08-07T15:50:55.615+0700] {logging_mixin.py:154} INFO - [2025-08-07T15:50:55.613+0700] {dagbag.py:536} INFO - Filling up the DagBag from /home/dwmhr/pln/venv/lib/python3.10/site-packages/airflow/example_dags/example_xcom.py
[2025-08-07T15:50:55.656+0700] {processor.py:839} INFO - DAG(s) dict_keys(['example_xcom']) retrieved from /home/dwmhr/pln/venv/lib/python3.10/site-packages/airflow/example_dags/example_xcom.py
[2025-08-07T15:50:55.727+0700] {logging_mixin.py:154} INFO - [2025-08-07T15:50:55.726+0700] {dag.py:2941} INFO - Sync 1 DAGs
[2025-08-07T15:50:55.789+0700] {logging_mixin.py:154} INFO - [2025-08-07T15:50:55.789+0700] {dag.py:3722} INFO - Setting next_dagrun for example_xcom to 2021-01-01T00:00:00+00:00, run_after=2021-01-01T00:00:00+00:00
[2025-08-07T15:50:55.854+0700] {processor.py:179} INFO - Processing /home/dwmhr/pln/venv/lib/python3.10/site-packages/airflow/example_dags/example_xcom.py took 0.264 seconds
[2025-08-07T15:51:53.366+0700] {processor.py:157} INFO - Started process (PID=115367) to work on /home/dwmhr/pln/venv/lib/python3.10/site-packages/airflow/example_dags/example_xcom.py
[2025-08-07T15:51:53.370+0700] {processor.py:829} INFO - Processing file /home/dwmhr/pln/venv/lib/python3.10/site-packages/airflow/example_dags/example_xcom.py for tasks to queue
[2025-08-07T15:51:53.372+0700] {logging_mixin.py:154} INFO - [2025-08-07T15:51:53.371+0700] {dagbag.py:536} INFO - Filling up the DagBag from /home/dwmhr/pln/venv/lib/python3.10/site-packages/airflow/example_dags/example_xcom.py
[2025-08-07T15:51:53.398+0700] {processor.py:839} INFO - DAG(s) dict_keys(['example_xcom']) retrieved from /home/dwmhr/pln/venv/lib/python3.10/site-packages/airflow/example_dags/example_xcom.py
[2025-08-07T15:51:53.460+0700] {logging_mixin.py:154} INFO - [2025-08-07T15:51:53.459+0700] {dag.py:2941} INFO - Sync 1 DAGs
[2025-08-07T15:51:53.531+0700] {logging_mixin.py:154} INFO - [2025-08-07T15:51:53.530+0700] {dag.py:3722} INFO - Setting next_dagrun for example_xcom to 2021-01-01T00:00:00+00:00, run_after=2021-01-01T00:00:00+00:00
[2025-08-07T15:51:53.593+0700] {processor.py:179} INFO - Processing /home/dwmhr/pln/venv/lib/python3.10/site-packages/airflow/example_dags/example_xcom.py took 0.236 seconds
[2025-08-07T15:52:55.656+0700] {processor.py:157} INFO - Started process (PID=115642) to work on /home/dwmhr/pln/venv/lib/python3.10/site-packages/airflow/example_dags/example_xcom.py
[2025-08-07T15:52:55.661+0700] {processor.py:829} INFO - Processing file /home/dwmhr/pln/venv/lib/python3.10/site-packages/airflow/example_dags/example_xcom.py for tasks to queue
[2025-08-07T15:52:55.664+0700] {logging_mixin.py:154} INFO - [2025-08-07T15:52:55.663+0700] {dagbag.py:536} INFO - Filling up the DagBag from /home/dwmhr/pln/venv/lib/python3.10/site-packages/airflow/example_dags/example_xcom.py
[2025-08-07T15:52:55.708+0700] {processor.py:839} INFO - DAG(s) dict_keys(['example_xcom']) retrieved from /home/dwmhr/pln/venv/lib/python3.10/site-packages/airflow/example_dags/example_xcom.py
[2025-08-07T15:52:55.797+0700] {logging_mixin.py:154} INFO - [2025-08-07T15:52:55.797+0700] {dag.py:2941} INFO - Sync 1 DAGs
[2025-08-07T15:52:55.864+0700] {logging_mixin.py:154} INFO - [2025-08-07T15:52:55.864+0700] {dag.py:3722} INFO - Setting next_dagrun for example_xcom to 2021-01-01T00:00:00+00:00, run_after=2021-01-01T00:00:00+00:00
[2025-08-07T15:52:55.929+0700] {processor.py:179} INFO - Processing /home/dwmhr/pln/venv/lib/python3.10/site-packages/airflow/example_dags/example_xcom.py took 0.287 seconds
[2025-08-07T15:54:33.413+0700] {processor.py:157} INFO - Started process (PID=116044) to work on /home/dwmhr/pln/venv/lib/python3.10/site-packages/airflow/example_dags/example_xcom.py
[2025-08-07T15:54:33.419+0700] {processor.py:829} INFO - Processing file /home/dwmhr/pln/venv/lib/python3.10/site-packages/airflow/example_dags/example_xcom.py for tasks to queue
[2025-08-07T15:54:33.422+0700] {logging_mixin.py:154} INFO - [2025-08-07T15:54:33.421+0700] {dagbag.py:536} INFO - Filling up the DagBag from /home/dwmhr/pln/venv/lib/python3.10/site-packages/airflow/example_dags/example_xcom.py
[2025-08-07T15:54:33.456+0700] {processor.py:839} INFO - DAG(s) dict_keys(['example_xcom']) retrieved from /home/dwmhr/pln/venv/lib/python3.10/site-packages/airflow/example_dags/example_xcom.py
[2025-08-07T15:54:33.525+0700] {logging_mixin.py:154} INFO - [2025-08-07T15:54:33.524+0700] {dag.py:2941} INFO - Sync 1 DAGs
[2025-08-07T15:54:33.585+0700] {logging_mixin.py:154} INFO - [2025-08-07T15:54:33.584+0700] {dag.py:3722} INFO - Setting next_dagrun for example_xcom to 2021-01-01T00:00:00+00:00, run_after=2021-01-01T00:00:00+00:00
[2025-08-07T15:54:33.650+0700] {processor.py:179} INFO - Processing /home/dwmhr/pln/venv/lib/python3.10/site-packages/airflow/example_dags/example_xcom.py took 0.249 seconds
[2025-08-07T15:55:48.880+0700] {processor.py:157} INFO - Started process (PID=116457) to work on /home/dwmhr/pln/venv/lib/python3.10/site-packages/airflow/example_dags/example_xcom.py
[2025-08-07T15:55:48.887+0700] {processor.py:829} INFO - Processing file /home/dwmhr/pln/venv/lib/python3.10/site-packages/airflow/example_dags/example_xcom.py for tasks to queue
[2025-08-07T15:55:48.903+0700] {logging_mixin.py:154} INFO - [2025-08-07T15:55:48.891+0700] {dagbag.py:536} INFO - Filling up the DagBag from /home/dwmhr/pln/venv/lib/python3.10/site-packages/airflow/example_dags/example_xcom.py
[2025-08-07T15:55:48.991+0700] {processor.py:839} INFO - DAG(s) dict_keys(['example_xcom']) retrieved from /home/dwmhr/pln/venv/lib/python3.10/site-packages/airflow/example_dags/example_xcom.py
[2025-08-07T15:55:49.179+0700] {logging_mixin.py:154} INFO - [2025-08-07T15:55:49.178+0700] {dag.py:2941} INFO - Sync 1 DAGs
[2025-08-07T15:55:49.416+0700] {logging_mixin.py:154} INFO - [2025-08-07T15:55:49.415+0700] {dag.py:3722} INFO - Setting next_dagrun for example_xcom to 2021-01-01T00:00:00+00:00, run_after=2021-01-01T00:00:00+00:00
[2025-08-07T15:55:49.677+0700] {processor.py:179} INFO - Processing /home/dwmhr/pln/venv/lib/python3.10/site-packages/airflow/example_dags/example_xcom.py took 0.846 seconds
[2025-08-07T15:57:00.846+0700] {processor.py:157} INFO - Started process (PID=116832) to work on /home/dwmhr/pln/venv/lib/python3.10/site-packages/airflow/example_dags/example_xcom.py
[2025-08-07T15:57:00.849+0700] {processor.py:829} INFO - Processing file /home/dwmhr/pln/venv/lib/python3.10/site-packages/airflow/example_dags/example_xcom.py for tasks to queue
[2025-08-07T15:57:00.851+0700] {logging_mixin.py:154} INFO - [2025-08-07T15:57:00.850+0700] {dagbag.py:536} INFO - Filling up the DagBag from /home/dwmhr/pln/venv/lib/python3.10/site-packages/airflow/example_dags/example_xcom.py
[2025-08-07T15:57:00.872+0700] {processor.py:839} INFO - DAG(s) dict_keys(['example_xcom']) retrieved from /home/dwmhr/pln/venv/lib/python3.10/site-packages/airflow/example_dags/example_xcom.py
[2025-08-07T15:57:00.908+0700] {logging_mixin.py:154} INFO - [2025-08-07T15:57:00.908+0700] {dag.py:2941} INFO - Sync 1 DAGs
[2025-08-07T15:57:00.947+0700] {logging_mixin.py:154} INFO - [2025-08-07T15:57:00.947+0700] {dag.py:3722} INFO - Setting next_dagrun for example_xcom to 2021-01-01T00:00:00+00:00, run_after=2021-01-01T00:00:00+00:00
[2025-08-07T15:57:00.992+0700] {processor.py:179} INFO - Processing /home/dwmhr/pln/venv/lib/python3.10/site-packages/airflow/example_dags/example_xcom.py took 0.152 seconds
[2025-08-07T15:58:56.768+0700] {processor.py:157} INFO - Started process (PID=117436) to work on /home/dwmhr/pln/venv/lib/python3.10/site-packages/airflow/example_dags/example_xcom.py
[2025-08-07T15:58:56.773+0700] {processor.py:829} INFO - Processing file /home/dwmhr/pln/venv/lib/python3.10/site-packages/airflow/example_dags/example_xcom.py for tasks to queue
[2025-08-07T15:58:56.778+0700] {logging_mixin.py:154} INFO - [2025-08-07T15:58:56.776+0700] {dagbag.py:536} INFO - Filling up the DagBag from /home/dwmhr/pln/venv/lib/python3.10/site-packages/airflow/example_dags/example_xcom.py
[2025-08-07T15:58:56.813+0700] {processor.py:839} INFO - DAG(s) dict_keys(['example_xcom']) retrieved from /home/dwmhr/pln/venv/lib/python3.10/site-packages/airflow/example_dags/example_xcom.py
[2025-08-07T15:58:56.904+0700] {logging_mixin.py:154} INFO - [2025-08-07T15:58:56.904+0700] {dag.py:2941} INFO - Sync 1 DAGs
[2025-08-07T15:58:57.030+0700] {logging_mixin.py:154} INFO - [2025-08-07T15:58:57.029+0700] {dag.py:3722} INFO - Setting next_dagrun for example_xcom to 2021-01-01T00:00:00+00:00, run_after=2021-01-01T00:00:00+00:00
[2025-08-07T15:58:57.151+0700] {processor.py:179} INFO - Processing /home/dwmhr/pln/venv/lib/python3.10/site-packages/airflow/example_dags/example_xcom.py took 0.409 seconds
[2025-08-07T15:59:52.877+0700] {processor.py:157} INFO - Started process (PID=117723) to work on /home/dwmhr/pln/venv/lib/python3.10/site-packages/airflow/example_dags/example_xcom.py
[2025-08-07T15:59:52.887+0700] {processor.py:829} INFO - Processing file /home/dwmhr/pln/venv/lib/python3.10/site-packages/airflow/example_dags/example_xcom.py for tasks to queue
[2025-08-07T15:59:52.892+0700] {logging_mixin.py:154} INFO - [2025-08-07T15:59:52.890+0700] {dagbag.py:536} INFO - Filling up the DagBag from /home/dwmhr/pln/venv/lib/python3.10/site-packages/airflow/example_dags/example_xcom.py
[2025-08-07T15:59:52.942+0700] {processor.py:839} INFO - DAG(s) dict_keys(['example_xcom']) retrieved from /home/dwmhr/pln/venv/lib/python3.10/site-packages/airflow/example_dags/example_xcom.py
[2025-08-07T15:59:53.057+0700] {logging_mixin.py:154} INFO - [2025-08-07T15:59:53.056+0700] {dag.py:2941} INFO - Sync 1 DAGs
[2025-08-07T15:59:53.304+0700] {logging_mixin.py:154} INFO - [2025-08-07T15:59:53.296+0700] {dag.py:3722} INFO - Setting next_dagrun for example_xcom to 2021-01-01T00:00:00+00:00, run_after=2021-01-01T00:00:00+00:00
[2025-08-07T15:59:53.546+0700] {processor.py:179} INFO - Processing /home/dwmhr/pln/venv/lib/python3.10/site-packages/airflow/example_dags/example_xcom.py took 0.704 seconds
[2025-08-07T16:00:41.734+0700] {processor.py:157} INFO - Started process (PID=117967) to work on /home/dwmhr/pln/venv/lib/python3.10/site-packages/airflow/example_dags/example_xcom.py
[2025-08-07T16:00:41.735+0700] {processor.py:829} INFO - Processing file /home/dwmhr/pln/venv/lib/python3.10/site-packages/airflow/example_dags/example_xcom.py for tasks to queue
[2025-08-07T16:00:41.737+0700] {logging_mixin.py:154} INFO - [2025-08-07T16:00:41.736+0700] {dagbag.py:536} INFO - Filling up the DagBag from /home/dwmhr/pln/venv/lib/python3.10/site-packages/airflow/example_dags/example_xcom.py
[2025-08-07T16:00:41.747+0700] {processor.py:839} INFO - DAG(s) dict_keys(['example_xcom']) retrieved from /home/dwmhr/pln/venv/lib/python3.10/site-packages/airflow/example_dags/example_xcom.py
[2025-08-07T16:00:41.770+0700] {logging_mixin.py:154} INFO - [2025-08-07T16:00:41.770+0700] {dag.py:2941} INFO - Sync 1 DAGs
[2025-08-07T16:00:41.794+0700] {logging_mixin.py:154} INFO - [2025-08-07T16:00:41.794+0700] {dag.py:3722} INFO - Setting next_dagrun for example_xcom to 2021-01-01T00:00:00+00:00, run_after=2021-01-01T00:00:00+00:00
[2025-08-07T16:00:41.824+0700] {processor.py:179} INFO - Processing /home/dwmhr/pln/venv/lib/python3.10/site-packages/airflow/example_dags/example_xcom.py took 0.095 seconds
[2025-08-07T16:03:44.147+0700] {processor.py:157} INFO - Started process (PID=118776) to work on /home/dwmhr/pln/venv/lib/python3.10/site-packages/airflow/example_dags/example_xcom.py
[2025-08-07T16:03:44.151+0700] {processor.py:829} INFO - Processing file /home/dwmhr/pln/venv/lib/python3.10/site-packages/airflow/example_dags/example_xcom.py for tasks to queue
[2025-08-07T16:03:44.154+0700] {logging_mixin.py:154} INFO - [2025-08-07T16:03:44.153+0700] {dagbag.py:536} INFO - Filling up the DagBag from /home/dwmhr/pln/venv/lib/python3.10/site-packages/airflow/example_dags/example_xcom.py
[2025-08-07T16:03:44.172+0700] {processor.py:839} INFO - DAG(s) dict_keys(['example_xcom']) retrieved from /home/dwmhr/pln/venv/lib/python3.10/site-packages/airflow/example_dags/example_xcom.py
[2025-08-07T16:03:44.235+0700] {logging_mixin.py:154} INFO - [2025-08-07T16:03:44.234+0700] {dag.py:2941} INFO - Sync 1 DAGs
[2025-08-07T16:03:44.276+0700] {logging_mixin.py:154} INFO - [2025-08-07T16:03:44.275+0700] {dag.py:3722} INFO - Setting next_dagrun for example_xcom to 2021-01-01T00:00:00+00:00, run_after=2021-01-01T00:00:00+00:00
[2025-08-07T16:03:44.324+0700] {processor.py:179} INFO - Processing /home/dwmhr/pln/venv/lib/python3.10/site-packages/airflow/example_dags/example_xcom.py took 0.185 seconds
[2025-08-07T16:04:53.791+0700] {processor.py:157} INFO - Started process (PID=119130) to work on /home/dwmhr/pln/venv/lib/python3.10/site-packages/airflow/example_dags/example_xcom.py
[2025-08-07T16:04:53.797+0700] {processor.py:829} INFO - Processing file /home/dwmhr/pln/venv/lib/python3.10/site-packages/airflow/example_dags/example_xcom.py for tasks to queue
[2025-08-07T16:04:53.806+0700] {logging_mixin.py:154} INFO - [2025-08-07T16:04:53.805+0700] {dagbag.py:536} INFO - Filling up the DagBag from /home/dwmhr/pln/venv/lib/python3.10/site-packages/airflow/example_dags/example_xcom.py
[2025-08-07T16:04:53.839+0700] {processor.py:839} INFO - DAG(s) dict_keys(['example_xcom']) retrieved from /home/dwmhr/pln/venv/lib/python3.10/site-packages/airflow/example_dags/example_xcom.py
[2025-08-07T16:04:53.925+0700] {logging_mixin.py:154} INFO - [2025-08-07T16:04:53.924+0700] {dag.py:2941} INFO - Sync 1 DAGs
[2025-08-07T16:04:54.013+0700] {logging_mixin.py:154} INFO - [2025-08-07T16:04:54.012+0700] {dag.py:3722} INFO - Setting next_dagrun for example_xcom to 2021-01-01T00:00:00+00:00, run_after=2021-01-01T00:00:00+00:00
[2025-08-07T16:04:54.116+0700] {processor.py:179} INFO - Processing /home/dwmhr/pln/venv/lib/python3.10/site-packages/airflow/example_dags/example_xcom.py took 0.339 seconds
[2025-08-07T16:05:43.083+0700] {processor.py:157} INFO - Started process (PID=119388) to work on /home/dwmhr/pln/venv/lib/python3.10/site-packages/airflow/example_dags/example_xcom.py
[2025-08-07T16:05:43.085+0700] {processor.py:829} INFO - Processing file /home/dwmhr/pln/venv/lib/python3.10/site-packages/airflow/example_dags/example_xcom.py for tasks to queue
[2025-08-07T16:05:43.087+0700] {logging_mixin.py:154} INFO - [2025-08-07T16:05:43.086+0700] {dagbag.py:536} INFO - Filling up the DagBag from /home/dwmhr/pln/venv/lib/python3.10/site-packages/airflow/example_dags/example_xcom.py
[2025-08-07T16:05:43.102+0700] {processor.py:839} INFO - DAG(s) dict_keys(['example_xcom']) retrieved from /home/dwmhr/pln/venv/lib/python3.10/site-packages/airflow/example_dags/example_xcom.py
[2025-08-07T16:05:43.131+0700] {logging_mixin.py:154} INFO - [2025-08-07T16:05:43.131+0700] {dag.py:2941} INFO - Sync 1 DAGs
[2025-08-07T16:05:43.166+0700] {logging_mixin.py:154} INFO - [2025-08-07T16:05:43.165+0700] {dag.py:3722} INFO - Setting next_dagrun for example_xcom to 2021-01-01T00:00:00+00:00, run_after=2021-01-01T00:00:00+00:00
[2025-08-07T16:05:43.209+0700] {processor.py:179} INFO - Processing /home/dwmhr/pln/venv/lib/python3.10/site-packages/airflow/example_dags/example_xcom.py took 0.134 seconds
[2025-08-07T16:07:12.419+0700] {processor.py:157} INFO - Started process (PID=119812) to work on /home/dwmhr/pln/venv/lib/python3.10/site-packages/airflow/example_dags/example_xcom.py
[2025-08-07T16:07:12.421+0700] {processor.py:829} INFO - Processing file /home/dwmhr/pln/venv/lib/python3.10/site-packages/airflow/example_dags/example_xcom.py for tasks to queue
[2025-08-07T16:07:12.422+0700] {logging_mixin.py:154} INFO - [2025-08-07T16:07:12.422+0700] {dagbag.py:536} INFO - Filling up the DagBag from /home/dwmhr/pln/venv/lib/python3.10/site-packages/airflow/example_dags/example_xcom.py
[2025-08-07T16:07:12.430+0700] {processor.py:839} INFO - DAG(s) dict_keys(['example_xcom']) retrieved from /home/dwmhr/pln/venv/lib/python3.10/site-packages/airflow/example_dags/example_xcom.py
[2025-08-07T16:07:12.446+0700] {logging_mixin.py:154} INFO - [2025-08-07T16:07:12.445+0700] {dag.py:2941} INFO - Sync 1 DAGs
[2025-08-07T16:07:12.460+0700] {logging_mixin.py:154} INFO - [2025-08-07T16:07:12.459+0700] {dag.py:3722} INFO - Setting next_dagrun for example_xcom to 2021-01-01T00:00:00+00:00, run_after=2021-01-01T00:00:00+00:00
[2025-08-07T16:07:12.480+0700] {processor.py:179} INFO - Processing /home/dwmhr/pln/venv/lib/python3.10/site-packages/airflow/example_dags/example_xcom.py took 0.064 seconds
[2025-08-07T16:08:37.394+0700] {processor.py:157} INFO - Started process (PID=120232) to work on /home/dwmhr/pln/venv/lib/python3.10/site-packages/airflow/example_dags/example_xcom.py
[2025-08-07T16:08:37.399+0700] {processor.py:829} INFO - Processing file /home/dwmhr/pln/venv/lib/python3.10/site-packages/airflow/example_dags/example_xcom.py for tasks to queue
[2025-08-07T16:08:37.401+0700] {logging_mixin.py:154} INFO - [2025-08-07T16:08:37.401+0700] {dagbag.py:536} INFO - Filling up the DagBag from /home/dwmhr/pln/venv/lib/python3.10/site-packages/airflow/example_dags/example_xcom.py
[2025-08-07T16:08:37.428+0700] {processor.py:839} INFO - DAG(s) dict_keys(['example_xcom']) retrieved from /home/dwmhr/pln/venv/lib/python3.10/site-packages/airflow/example_dags/example_xcom.py
[2025-08-07T16:08:37.477+0700] {logging_mixin.py:154} INFO - [2025-08-07T16:08:37.477+0700] {dag.py:2941} INFO - Sync 1 DAGs
[2025-08-07T16:08:37.530+0700] {logging_mixin.py:154} INFO - [2025-08-07T16:08:37.530+0700] {dag.py:3722} INFO - Setting next_dagrun for example_xcom to 2021-01-01T00:00:00+00:00, run_after=2021-01-01T00:00:00+00:00
[2025-08-07T16:08:37.606+0700] {processor.py:179} INFO - Processing /home/dwmhr/pln/venv/lib/python3.10/site-packages/airflow/example_dags/example_xcom.py took 0.223 seconds
[2025-08-07T16:09:48.226+0700] {processor.py:157} INFO - Started process (PID=120568) to work on /home/dwmhr/pln/venv/lib/python3.10/site-packages/airflow/example_dags/example_xcom.py
[2025-08-07T16:09:48.231+0700] {processor.py:829} INFO - Processing file /home/dwmhr/pln/venv/lib/python3.10/site-packages/airflow/example_dags/example_xcom.py for tasks to queue
[2025-08-07T16:09:48.236+0700] {logging_mixin.py:154} INFO - [2025-08-07T16:09:48.234+0700] {dagbag.py:536} INFO - Filling up the DagBag from /home/dwmhr/pln/venv/lib/python3.10/site-packages/airflow/example_dags/example_xcom.py
[2025-08-07T16:09:48.274+0700] {processor.py:839} INFO - DAG(s) dict_keys(['example_xcom']) retrieved from /home/dwmhr/pln/venv/lib/python3.10/site-packages/airflow/example_dags/example_xcom.py
[2025-08-07T16:09:48.344+0700] {logging_mixin.py:154} INFO - [2025-08-07T16:09:48.344+0700] {dag.py:2941} INFO - Sync 1 DAGs
[2025-08-07T16:09:48.409+0700] {logging_mixin.py:154} INFO - [2025-08-07T16:09:48.408+0700] {dag.py:3722} INFO - Setting next_dagrun for example_xcom to 2021-01-01T00:00:00+00:00, run_after=2021-01-01T00:00:00+00:00
[2025-08-07T16:09:48.494+0700] {processor.py:179} INFO - Processing /home/dwmhr/pln/venv/lib/python3.10/site-packages/airflow/example_dags/example_xcom.py took 0.292 seconds
[2025-08-07T16:10:47.648+0700] {processor.py:157} INFO - Started process (PID=120877) to work on /home/dwmhr/pln/venv/lib/python3.10/site-packages/airflow/example_dags/example_xcom.py
[2025-08-07T16:10:47.652+0700] {processor.py:829} INFO - Processing file /home/dwmhr/pln/venv/lib/python3.10/site-packages/airflow/example_dags/example_xcom.py for tasks to queue
[2025-08-07T16:10:47.655+0700] {logging_mixin.py:154} INFO - [2025-08-07T16:10:47.654+0700] {dagbag.py:536} INFO - Filling up the DagBag from /home/dwmhr/pln/venv/lib/python3.10/site-packages/airflow/example_dags/example_xcom.py
[2025-08-07T16:10:47.674+0700] {processor.py:839} INFO - DAG(s) dict_keys(['example_xcom']) retrieved from /home/dwmhr/pln/venv/lib/python3.10/site-packages/airflow/example_dags/example_xcom.py
[2025-08-07T16:10:47.712+0700] {logging_mixin.py:154} INFO - [2025-08-07T16:10:47.712+0700] {dag.py:2941} INFO - Sync 1 DAGs
[2025-08-07T16:10:47.750+0700] {logging_mixin.py:154} INFO - [2025-08-07T16:10:47.749+0700] {dag.py:3722} INFO - Setting next_dagrun for example_xcom to 2021-01-01T00:00:00+00:00, run_after=2021-01-01T00:00:00+00:00
[2025-08-07T16:10:47.799+0700] {processor.py:179} INFO - Processing /home/dwmhr/pln/venv/lib/python3.10/site-packages/airflow/example_dags/example_xcom.py took 0.159 seconds
[2025-08-07T16:11:35.973+0700] {processor.py:157} INFO - Started process (PID=121146) to work on /home/dwmhr/pln/venv/lib/python3.10/site-packages/airflow/example_dags/example_xcom.py
[2025-08-07T16:11:35.975+0700] {processor.py:829} INFO - Processing file /home/dwmhr/pln/venv/lib/python3.10/site-packages/airflow/example_dags/example_xcom.py for tasks to queue
[2025-08-07T16:11:35.978+0700] {logging_mixin.py:154} INFO - [2025-08-07T16:11:35.977+0700] {dagbag.py:536} INFO - Filling up the DagBag from /home/dwmhr/pln/venv/lib/python3.10/site-packages/airflow/example_dags/example_xcom.py
[2025-08-07T16:11:35.992+0700] {processor.py:839} INFO - DAG(s) dict_keys(['example_xcom']) retrieved from /home/dwmhr/pln/venv/lib/python3.10/site-packages/airflow/example_dags/example_xcom.py
[2025-08-07T16:11:36.021+0700] {logging_mixin.py:154} INFO - [2025-08-07T16:11:36.021+0700] {dag.py:2941} INFO - Sync 1 DAGs
[2025-08-07T16:11:36.049+0700] {logging_mixin.py:154} INFO - [2025-08-07T16:11:36.049+0700] {dag.py:3722} INFO - Setting next_dagrun for example_xcom to 2021-01-01T00:00:00+00:00, run_after=2021-01-01T00:00:00+00:00
[2025-08-07T16:11:36.087+0700] {processor.py:179} INFO - Processing /home/dwmhr/pln/venv/lib/python3.10/site-packages/airflow/example_dags/example_xcom.py took 0.121 seconds
[2025-08-07T16:12:25.877+0700] {processor.py:157} INFO - Started process (PID=121427) to work on /home/dwmhr/pln/venv/lib/python3.10/site-packages/airflow/example_dags/example_xcom.py
[2025-08-07T16:12:25.880+0700] {processor.py:829} INFO - Processing file /home/dwmhr/pln/venv/lib/python3.10/site-packages/airflow/example_dags/example_xcom.py for tasks to queue
[2025-08-07T16:12:25.882+0700] {logging_mixin.py:154} INFO - [2025-08-07T16:12:25.881+0700] {dagbag.py:536} INFO - Filling up the DagBag from /home/dwmhr/pln/venv/lib/python3.10/site-packages/airflow/example_dags/example_xcom.py
[2025-08-07T16:12:25.899+0700] {processor.py:839} INFO - DAG(s) dict_keys(['example_xcom']) retrieved from /home/dwmhr/pln/venv/lib/python3.10/site-packages/airflow/example_dags/example_xcom.py
[2025-08-07T16:12:25.935+0700] {logging_mixin.py:154} INFO - [2025-08-07T16:12:25.934+0700] {dag.py:2941} INFO - Sync 1 DAGs
[2025-08-07T16:12:25.973+0700] {logging_mixin.py:154} INFO - [2025-08-07T16:12:25.972+0700] {dag.py:3722} INFO - Setting next_dagrun for example_xcom to 2021-01-01T00:00:00+00:00, run_after=2021-01-01T00:00:00+00:00
[2025-08-07T16:12:26.064+0700] {processor.py:179} INFO - Processing /home/dwmhr/pln/venv/lib/python3.10/site-packages/airflow/example_dags/example_xcom.py took 0.195 seconds
[2025-08-07T16:13:14.044+0700] {processor.py:157} INFO - Started process (PID=121648) to work on /home/dwmhr/pln/venv/lib/python3.10/site-packages/airflow/example_dags/example_xcom.py
[2025-08-07T16:13:14.045+0700] {processor.py:829} INFO - Processing file /home/dwmhr/pln/venv/lib/python3.10/site-packages/airflow/example_dags/example_xcom.py for tasks to queue
[2025-08-07T16:13:14.047+0700] {logging_mixin.py:154} INFO - [2025-08-07T16:13:14.046+0700] {dagbag.py:536} INFO - Filling up the DagBag from /home/dwmhr/pln/venv/lib/python3.10/site-packages/airflow/example_dags/example_xcom.py
[2025-08-07T16:13:14.056+0700] {processor.py:839} INFO - DAG(s) dict_keys(['example_xcom']) retrieved from /home/dwmhr/pln/venv/lib/python3.10/site-packages/airflow/example_dags/example_xcom.py
[2025-08-07T16:13:14.076+0700] {logging_mixin.py:154} INFO - [2025-08-07T16:13:14.075+0700] {dag.py:2941} INFO - Sync 1 DAGs
[2025-08-07T16:13:14.094+0700] {logging_mixin.py:154} INFO - [2025-08-07T16:13:14.094+0700] {dag.py:3722} INFO - Setting next_dagrun for example_xcom to 2021-01-01T00:00:00+00:00, run_after=2021-01-01T00:00:00+00:00
[2025-08-07T16:13:14.122+0700] {processor.py:179} INFO - Processing /home/dwmhr/pln/venv/lib/python3.10/site-packages/airflow/example_dags/example_xcom.py took 0.083 seconds
[2025-08-07T16:14:02.288+0700] {processor.py:157} INFO - Started process (PID=121914) to work on /home/dwmhr/pln/venv/lib/python3.10/site-packages/airflow/example_dags/example_xcom.py
[2025-08-07T16:14:02.292+0700] {processor.py:829} INFO - Processing file /home/dwmhr/pln/venv/lib/python3.10/site-packages/airflow/example_dags/example_xcom.py for tasks to queue
[2025-08-07T16:14:02.294+0700] {logging_mixin.py:154} INFO - [2025-08-07T16:14:02.293+0700] {dagbag.py:536} INFO - Filling up the DagBag from /home/dwmhr/pln/venv/lib/python3.10/site-packages/airflow/example_dags/example_xcom.py
[2025-08-07T16:14:02.311+0700] {processor.py:839} INFO - DAG(s) dict_keys(['example_xcom']) retrieved from /home/dwmhr/pln/venv/lib/python3.10/site-packages/airflow/example_dags/example_xcom.py
[2025-08-07T16:14:02.358+0700] {logging_mixin.py:154} INFO - [2025-08-07T16:14:02.358+0700] {dag.py:2941} INFO - Sync 1 DAGs
[2025-08-07T16:14:02.399+0700] {logging_mixin.py:154} INFO - [2025-08-07T16:14:02.399+0700] {dag.py:3722} INFO - Setting next_dagrun for example_xcom to 2021-01-01T00:00:00+00:00, run_after=2021-01-01T00:00:00+00:00
[2025-08-07T16:14:02.456+0700] {processor.py:179} INFO - Processing /home/dwmhr/pln/venv/lib/python3.10/site-packages/airflow/example_dags/example_xcom.py took 0.177 seconds
[2025-08-07T16:15:03.609+0700] {processor.py:157} INFO - Started process (PID=122222) to work on /home/dwmhr/pln/venv/lib/python3.10/site-packages/airflow/example_dags/example_xcom.py
[2025-08-07T16:15:03.611+0700] {processor.py:829} INFO - Processing file /home/dwmhr/pln/venv/lib/python3.10/site-packages/airflow/example_dags/example_xcom.py for tasks to queue
[2025-08-07T16:15:03.613+0700] {logging_mixin.py:154} INFO - [2025-08-07T16:15:03.613+0700] {dagbag.py:536} INFO - Filling up the DagBag from /home/dwmhr/pln/venv/lib/python3.10/site-packages/airflow/example_dags/example_xcom.py
[2025-08-07T16:15:03.667+0700] {processor.py:839} INFO - DAG(s) dict_keys(['example_xcom']) retrieved from /home/dwmhr/pln/venv/lib/python3.10/site-packages/airflow/example_dags/example_xcom.py
[2025-08-07T16:15:03.849+0700] {logging_mixin.py:154} INFO - [2025-08-07T16:15:03.848+0700] {dag.py:2941} INFO - Sync 1 DAGs
[2025-08-07T16:15:04.053+0700] {logging_mixin.py:154} INFO - [2025-08-07T16:15:04.049+0700] {dag.py:3722} INFO - Setting next_dagrun for example_xcom to 2021-01-01T00:00:00+00:00, run_after=2021-01-01T00:00:00+00:00
[2025-08-07T16:15:04.192+0700] {processor.py:179} INFO - Processing /home/dwmhr/pln/venv/lib/python3.10/site-packages/airflow/example_dags/example_xcom.py took 0.591 seconds
[2025-08-07T16:16:17.890+0700] {processor.py:157} INFO - Started process (PID=122621) to work on /home/dwmhr/pln/venv/lib/python3.10/site-packages/airflow/example_dags/example_xcom.py
[2025-08-07T16:16:17.893+0700] {processor.py:829} INFO - Processing file /home/dwmhr/pln/venv/lib/python3.10/site-packages/airflow/example_dags/example_xcom.py for tasks to queue
[2025-08-07T16:16:17.895+0700] {logging_mixin.py:154} INFO - [2025-08-07T16:16:17.894+0700] {dagbag.py:536} INFO - Filling up the DagBag from /home/dwmhr/pln/venv/lib/python3.10/site-packages/airflow/example_dags/example_xcom.py
[2025-08-07T16:16:17.913+0700] {processor.py:839} INFO - DAG(s) dict_keys(['example_xcom']) retrieved from /home/dwmhr/pln/venv/lib/python3.10/site-packages/airflow/example_dags/example_xcom.py
[2025-08-07T16:16:17.948+0700] {logging_mixin.py:154} INFO - [2025-08-07T16:16:17.948+0700] {dag.py:2941} INFO - Sync 1 DAGs
[2025-08-07T16:16:17.983+0700] {logging_mixin.py:154} INFO - [2025-08-07T16:16:17.983+0700] {dag.py:3722} INFO - Setting next_dagrun for example_xcom to 2021-01-01T00:00:00+00:00, run_after=2021-01-01T00:00:00+00:00
[2025-08-07T16:16:18.050+0700] {processor.py:179} INFO - Processing /home/dwmhr/pln/venv/lib/python3.10/site-packages/airflow/example_dags/example_xcom.py took 0.170 seconds
[2025-08-07T16:17:15.017+0700] {processor.py:157} INFO - Started process (PID=122917) to work on /home/dwmhr/pln/venv/lib/python3.10/site-packages/airflow/example_dags/example_xcom.py
[2025-08-07T16:17:15.020+0700] {processor.py:829} INFO - Processing file /home/dwmhr/pln/venv/lib/python3.10/site-packages/airflow/example_dags/example_xcom.py for tasks to queue
[2025-08-07T16:17:15.021+0700] {logging_mixin.py:154} INFO - [2025-08-07T16:17:15.021+0700] {dagbag.py:536} INFO - Filling up the DagBag from /home/dwmhr/pln/venv/lib/python3.10/site-packages/airflow/example_dags/example_xcom.py
[2025-08-07T16:17:15.034+0700] {processor.py:839} INFO - DAG(s) dict_keys(['example_xcom']) retrieved from /home/dwmhr/pln/venv/lib/python3.10/site-packages/airflow/example_dags/example_xcom.py
[2025-08-07T16:17:15.061+0700] {logging_mixin.py:154} INFO - [2025-08-07T16:17:15.060+0700] {dag.py:2941} INFO - Sync 1 DAGs
[2025-08-07T16:17:15.088+0700] {logging_mixin.py:154} INFO - [2025-08-07T16:17:15.088+0700] {dag.py:3722} INFO - Setting next_dagrun for example_xcom to 2021-01-01T00:00:00+00:00, run_after=2021-01-01T00:00:00+00:00
[2025-08-07T16:17:15.125+0700] {processor.py:179} INFO - Processing /home/dwmhr/pln/venv/lib/python3.10/site-packages/airflow/example_dags/example_xcom.py took 0.114 seconds
[2025-08-07T16:18:23.621+0700] {processor.py:157} INFO - Started process (PID=123236) to work on /home/dwmhr/pln/venv/lib/python3.10/site-packages/airflow/example_dags/example_xcom.py
[2025-08-07T16:18:23.623+0700] {processor.py:829} INFO - Processing file /home/dwmhr/pln/venv/lib/python3.10/site-packages/airflow/example_dags/example_xcom.py for tasks to queue
[2025-08-07T16:18:23.625+0700] {logging_mixin.py:154} INFO - [2025-08-07T16:18:23.624+0700] {dagbag.py:536} INFO - Filling up the DagBag from /home/dwmhr/pln/venv/lib/python3.10/site-packages/airflow/example_dags/example_xcom.py
[2025-08-07T16:18:23.635+0700] {processor.py:839} INFO - DAG(s) dict_keys(['example_xcom']) retrieved from /home/dwmhr/pln/venv/lib/python3.10/site-packages/airflow/example_dags/example_xcom.py
[2025-08-07T16:18:23.657+0700] {logging_mixin.py:154} INFO - [2025-08-07T16:18:23.657+0700] {dag.py:2941} INFO - Sync 1 DAGs
[2025-08-07T16:18:23.678+0700] {logging_mixin.py:154} INFO - [2025-08-07T16:18:23.678+0700] {dag.py:3722} INFO - Setting next_dagrun for example_xcom to 2021-01-01T00:00:00+00:00, run_after=2021-01-01T00:00:00+00:00
[2025-08-07T16:18:23.709+0700] {processor.py:179} INFO - Processing /home/dwmhr/pln/venv/lib/python3.10/site-packages/airflow/example_dags/example_xcom.py took 0.092 seconds
[2025-08-07T16:19:10.624+0700] {processor.py:157} INFO - Started process (PID=123481) to work on /home/dwmhr/pln/venv/lib/python3.10/site-packages/airflow/example_dags/example_xcom.py
[2025-08-07T16:19:10.630+0700] {processor.py:829} INFO - Processing file /home/dwmhr/pln/venv/lib/python3.10/site-packages/airflow/example_dags/example_xcom.py for tasks to queue
[2025-08-07T16:19:10.634+0700] {logging_mixin.py:154} INFO - [2025-08-07T16:19:10.633+0700] {dagbag.py:536} INFO - Filling up the DagBag from /home/dwmhr/pln/venv/lib/python3.10/site-packages/airflow/example_dags/example_xcom.py
[2025-08-07T16:19:10.687+0700] {processor.py:839} INFO - DAG(s) dict_keys(['example_xcom']) retrieved from /home/dwmhr/pln/venv/lib/python3.10/site-packages/airflow/example_dags/example_xcom.py
[2025-08-07T16:19:10.787+0700] {logging_mixin.py:154} INFO - [2025-08-07T16:19:10.786+0700] {dag.py:2941} INFO - Sync 1 DAGs
[2025-08-07T16:19:10.865+0700] {logging_mixin.py:154} INFO - [2025-08-07T16:19:10.864+0700] {dag.py:3722} INFO - Setting next_dagrun for example_xcom to 2021-01-01T00:00:00+00:00, run_after=2021-01-01T00:00:00+00:00
[2025-08-07T16:19:10.964+0700] {processor.py:179} INFO - Processing /home/dwmhr/pln/venv/lib/python3.10/site-packages/airflow/example_dags/example_xcom.py took 0.359 seconds
[2025-08-07T16:26:52.076+0700] {processor.py:157} INFO - Started process (PID=125424) to work on /home/dwmhr/pln/venv/lib/python3.10/site-packages/airflow/example_dags/example_xcom.py
[2025-08-07T16:26:52.080+0700] {processor.py:829} INFO - Processing file /home/dwmhr/pln/venv/lib/python3.10/site-packages/airflow/example_dags/example_xcom.py for tasks to queue
[2025-08-07T16:26:52.083+0700] {logging_mixin.py:154} INFO - [2025-08-07T16:26:52.082+0700] {dagbag.py:536} INFO - Filling up the DagBag from /home/dwmhr/pln/venv/lib/python3.10/site-packages/airflow/example_dags/example_xcom.py
[2025-08-07T16:26:52.103+0700] {processor.py:839} INFO - DAG(s) dict_keys(['example_xcom']) retrieved from /home/dwmhr/pln/venv/lib/python3.10/site-packages/airflow/example_dags/example_xcom.py
[2025-08-07T16:26:52.166+0700] {logging_mixin.py:154} INFO - [2025-08-07T16:26:52.166+0700] {dag.py:2941} INFO - Sync 1 DAGs
[2025-08-07T16:26:52.206+0700] {logging_mixin.py:154} INFO - [2025-08-07T16:26:52.206+0700] {dag.py:3722} INFO - Setting next_dagrun for example_xcom to 2021-01-01T00:00:00+00:00, run_after=2021-01-01T00:00:00+00:00
[2025-08-07T16:26:52.284+0700] {processor.py:179} INFO - Processing /home/dwmhr/pln/venv/lib/python3.10/site-packages/airflow/example_dags/example_xcom.py took 0.219 seconds
[2025-08-07T16:27:46.093+0700] {processor.py:157} INFO - Started process (PID=125679) to work on /home/dwmhr/pln/venv/lib/python3.10/site-packages/airflow/example_dags/example_xcom.py
[2025-08-07T16:27:46.102+0700] {processor.py:829} INFO - Processing file /home/dwmhr/pln/venv/lib/python3.10/site-packages/airflow/example_dags/example_xcom.py for tasks to queue
[2025-08-07T16:27:46.103+0700] {logging_mixin.py:154} INFO - [2025-08-07T16:27:46.102+0700] {dagbag.py:536} INFO - Filling up the DagBag from /home/dwmhr/pln/venv/lib/python3.10/site-packages/airflow/example_dags/example_xcom.py
[2025-08-07T16:27:46.111+0700] {processor.py:839} INFO - DAG(s) dict_keys(['example_xcom']) retrieved from /home/dwmhr/pln/venv/lib/python3.10/site-packages/airflow/example_dags/example_xcom.py
[2025-08-07T16:27:46.128+0700] {logging_mixin.py:154} INFO - [2025-08-07T16:27:46.128+0700] {dag.py:2941} INFO - Sync 1 DAGs
[2025-08-07T16:27:46.143+0700] {logging_mixin.py:154} INFO - [2025-08-07T16:27:46.143+0700] {dag.py:3722} INFO - Setting next_dagrun for example_xcom to 2021-01-01T00:00:00+00:00, run_after=2021-01-01T00:00:00+00:00
[2025-08-07T16:27:46.164+0700] {processor.py:179} INFO - Processing /home/dwmhr/pln/venv/lib/python3.10/site-packages/airflow/example_dags/example_xcom.py took 0.074 seconds
[2025-08-07T16:29:10.977+0700] {processor.py:157} INFO - Started process (PID=126082) to work on /home/dwmhr/pln/venv/lib/python3.10/site-packages/airflow/example_dags/example_xcom.py
[2025-08-07T16:29:10.980+0700] {processor.py:829} INFO - Processing file /home/dwmhr/pln/venv/lib/python3.10/site-packages/airflow/example_dags/example_xcom.py for tasks to queue
[2025-08-07T16:29:10.982+0700] {logging_mixin.py:154} INFO - [2025-08-07T16:29:10.981+0700] {dagbag.py:536} INFO - Filling up the DagBag from /home/dwmhr/pln/venv/lib/python3.10/site-packages/airflow/example_dags/example_xcom.py
[2025-08-07T16:29:10.999+0700] {processor.py:839} INFO - DAG(s) dict_keys(['example_xcom']) retrieved from /home/dwmhr/pln/venv/lib/python3.10/site-packages/airflow/example_dags/example_xcom.py
[2025-08-07T16:29:11.031+0700] {logging_mixin.py:154} INFO - [2025-08-07T16:29:11.031+0700] {dag.py:2941} INFO - Sync 1 DAGs
[2025-08-07T16:29:11.065+0700] {logging_mixin.py:154} INFO - [2025-08-07T16:29:11.065+0700] {dag.py:3722} INFO - Setting next_dagrun for example_xcom to 2021-01-01T00:00:00+00:00, run_after=2021-01-01T00:00:00+00:00
[2025-08-07T16:29:11.330+0700] {processor.py:179} INFO - Processing /home/dwmhr/pln/venv/lib/python3.10/site-packages/airflow/example_dags/example_xcom.py took 0.363 seconds
[2025-08-07T16:30:09.162+0700] {processor.py:157} INFO - Started process (PID=126369) to work on /home/dwmhr/pln/venv/lib/python3.10/site-packages/airflow/example_dags/example_xcom.py
[2025-08-07T16:30:09.166+0700] {processor.py:829} INFO - Processing file /home/dwmhr/pln/venv/lib/python3.10/site-packages/airflow/example_dags/example_xcom.py for tasks to queue
[2025-08-07T16:30:09.168+0700] {logging_mixin.py:154} INFO - [2025-08-07T16:30:09.167+0700] {dagbag.py:536} INFO - Filling up the DagBag from /home/dwmhr/pln/venv/lib/python3.10/site-packages/airflow/example_dags/example_xcom.py
[2025-08-07T16:30:09.197+0700] {processor.py:839} INFO - DAG(s) dict_keys(['example_xcom']) retrieved from /home/dwmhr/pln/venv/lib/python3.10/site-packages/airflow/example_dags/example_xcom.py
[2025-08-07T16:30:09.250+0700] {logging_mixin.py:154} INFO - [2025-08-07T16:30:09.250+0700] {dag.py:2941} INFO - Sync 1 DAGs
[2025-08-07T16:30:09.302+0700] {logging_mixin.py:154} INFO - [2025-08-07T16:30:09.302+0700] {dag.py:3722} INFO - Setting next_dagrun for example_xcom to 2021-01-01T00:00:00+00:00, run_after=2021-01-01T00:00:00+00:00
[2025-08-07T16:30:09.385+0700] {processor.py:179} INFO - Processing /home/dwmhr/pln/venv/lib/python3.10/site-packages/airflow/example_dags/example_xcom.py took 0.235 seconds
[2025-08-07T16:31:02.576+0700] {processor.py:157} INFO - Started process (PID=126635) to work on /home/dwmhr/pln/venv/lib/python3.10/site-packages/airflow/example_dags/example_xcom.py
[2025-08-07T16:31:02.586+0700] {processor.py:829} INFO - Processing file /home/dwmhr/pln/venv/lib/python3.10/site-packages/airflow/example_dags/example_xcom.py for tasks to queue
[2025-08-07T16:31:02.591+0700] {logging_mixin.py:154} INFO - [2025-08-07T16:31:02.589+0700] {dagbag.py:536} INFO - Filling up the DagBag from /home/dwmhr/pln/venv/lib/python3.10/site-packages/airflow/example_dags/example_xcom.py
[2025-08-07T16:31:02.665+0700] {processor.py:839} INFO - DAG(s) dict_keys(['example_xcom']) retrieved from /home/dwmhr/pln/venv/lib/python3.10/site-packages/airflow/example_dags/example_xcom.py
[2025-08-07T16:31:02.875+0700] {logging_mixin.py:154} INFO - [2025-08-07T16:31:02.871+0700] {dag.py:2941} INFO - Sync 1 DAGs
[2025-08-07T16:31:03.155+0700] {logging_mixin.py:154} INFO - [2025-08-07T16:31:03.143+0700] {dag.py:3722} INFO - Setting next_dagrun for example_xcom to 2021-01-01T00:00:00+00:00, run_after=2021-01-01T00:00:00+00:00
[2025-08-07T16:31:03.461+0700] {processor.py:179} INFO - Processing /home/dwmhr/pln/venv/lib/python3.10/site-packages/airflow/example_dags/example_xcom.py took 0.918 seconds
[2025-08-07T16:32:26.369+0700] {processor.py:157} INFO - Started process (PID=126999) to work on /home/dwmhr/pln/venv/lib/python3.10/site-packages/airflow/example_dags/example_xcom.py
[2025-08-07T16:32:26.386+0700] {processor.py:829} INFO - Processing file /home/dwmhr/pln/venv/lib/python3.10/site-packages/airflow/example_dags/example_xcom.py for tasks to queue
[2025-08-07T16:32:26.403+0700] {logging_mixin.py:154} INFO - [2025-08-07T16:32:26.390+0700] {dagbag.py:536} INFO - Filling up the DagBag from /home/dwmhr/pln/venv/lib/python3.10/site-packages/airflow/example_dags/example_xcom.py
[2025-08-07T16:32:26.574+0700] {processor.py:839} INFO - DAG(s) dict_keys(['example_xcom']) retrieved from /home/dwmhr/pln/venv/lib/python3.10/site-packages/airflow/example_dags/example_xcom.py
[2025-08-07T16:32:26.947+0700] {logging_mixin.py:154} INFO - [2025-08-07T16:32:26.946+0700] {dag.py:2941} INFO - Sync 1 DAGs
[2025-08-07T16:32:27.250+0700] {logging_mixin.py:154} INFO - [2025-08-07T16:32:27.248+0700] {dag.py:3722} INFO - Setting next_dagrun for example_xcom to 2021-01-01T00:00:00+00:00, run_after=2021-01-01T00:00:00+00:00
[2025-08-07T16:32:27.525+0700] {processor.py:179} INFO - Processing /home/dwmhr/pln/venv/lib/python3.10/site-packages/airflow/example_dags/example_xcom.py took 1.223 seconds
[2025-08-07T16:33:33.955+0700] {processor.py:157} INFO - Started process (PID=127282) to work on /home/dwmhr/pln/venv/lib/python3.10/site-packages/airflow/example_dags/example_xcom.py
[2025-08-07T16:33:33.987+0700] {processor.py:829} INFO - Processing file /home/dwmhr/pln/venv/lib/python3.10/site-packages/airflow/example_dags/example_xcom.py for tasks to queue
[2025-08-07T16:33:34.018+0700] {logging_mixin.py:154} INFO - [2025-08-07T16:33:34.002+0700] {dagbag.py:536} INFO - Filling up the DagBag from /home/dwmhr/pln/venv/lib/python3.10/site-packages/airflow/example_dags/example_xcom.py
[2025-08-07T16:33:34.188+0700] {processor.py:839} INFO - DAG(s) dict_keys(['example_xcom']) retrieved from /home/dwmhr/pln/venv/lib/python3.10/site-packages/airflow/example_dags/example_xcom.py
[2025-08-07T16:33:34.577+0700] {logging_mixin.py:154} INFO - [2025-08-07T16:33:34.564+0700] {dag.py:2941} INFO - Sync 1 DAGs
[2025-08-07T16:33:34.937+0700] {logging_mixin.py:154} INFO - [2025-08-07T16:33:34.936+0700] {dag.py:3722} INFO - Setting next_dagrun for example_xcom to 2021-01-01T00:00:00+00:00, run_after=2021-01-01T00:00:00+00:00
[2025-08-07T16:33:35.274+0700] {processor.py:179} INFO - Processing /home/dwmhr/pln/venv/lib/python3.10/site-packages/airflow/example_dags/example_xcom.py took 1.364 seconds
[2025-08-07T16:34:24.963+0700] {processor.py:157} INFO - Started process (PID=127472) to work on /home/dwmhr/pln/venv/lib/python3.10/site-packages/airflow/example_dags/example_xcom.py
[2025-08-07T16:34:24.967+0700] {processor.py:829} INFO - Processing file /home/dwmhr/pln/venv/lib/python3.10/site-packages/airflow/example_dags/example_xcom.py for tasks to queue
[2025-08-07T16:34:24.971+0700] {logging_mixin.py:154} INFO - [2025-08-07T16:34:24.970+0700] {dagbag.py:536} INFO - Filling up the DagBag from /home/dwmhr/pln/venv/lib/python3.10/site-packages/airflow/example_dags/example_xcom.py
[2025-08-07T16:34:24.999+0700] {processor.py:839} INFO - DAG(s) dict_keys(['example_xcom']) retrieved from /home/dwmhr/pln/venv/lib/python3.10/site-packages/airflow/example_dags/example_xcom.py
[2025-08-07T16:34:25.058+0700] {logging_mixin.py:154} INFO - [2025-08-07T16:34:25.058+0700] {dag.py:2941} INFO - Sync 1 DAGs
[2025-08-07T16:34:25.105+0700] {logging_mixin.py:154} INFO - [2025-08-07T16:34:25.104+0700] {dag.py:3722} INFO - Setting next_dagrun for example_xcom to 2021-01-01T00:00:00+00:00, run_after=2021-01-01T00:00:00+00:00
[2025-08-07T16:34:25.168+0700] {processor.py:179} INFO - Processing /home/dwmhr/pln/venv/lib/python3.10/site-packages/airflow/example_dags/example_xcom.py took 0.217 seconds
[2025-08-07T16:35:21.301+0700] {processor.py:157} INFO - Started process (PID=127714) to work on /home/dwmhr/pln/venv/lib/python3.10/site-packages/airflow/example_dags/example_xcom.py
[2025-08-07T16:35:21.303+0700] {processor.py:829} INFO - Processing file /home/dwmhr/pln/venv/lib/python3.10/site-packages/airflow/example_dags/example_xcom.py for tasks to queue
[2025-08-07T16:35:21.305+0700] {logging_mixin.py:154} INFO - [2025-08-07T16:35:21.305+0700] {dagbag.py:536} INFO - Filling up the DagBag from /home/dwmhr/pln/venv/lib/python3.10/site-packages/airflow/example_dags/example_xcom.py
[2025-08-07T16:35:21.323+0700] {processor.py:839} INFO - DAG(s) dict_keys(['example_xcom']) retrieved from /home/dwmhr/pln/venv/lib/python3.10/site-packages/airflow/example_dags/example_xcom.py
[2025-08-07T16:35:21.360+0700] {logging_mixin.py:154} INFO - [2025-08-07T16:35:21.359+0700] {dag.py:2941} INFO - Sync 1 DAGs
[2025-08-07T16:35:21.395+0700] {logging_mixin.py:154} INFO - [2025-08-07T16:35:21.394+0700] {dag.py:3722} INFO - Setting next_dagrun for example_xcom to 2021-01-01T00:00:00+00:00, run_after=2021-01-01T00:00:00+00:00
[2025-08-07T16:35:21.446+0700] {processor.py:179} INFO - Processing /home/dwmhr/pln/venv/lib/python3.10/site-packages/airflow/example_dags/example_xcom.py took 0.153 seconds
[2025-08-07T16:36:06.261+0700] {processor.py:157} INFO - Started process (PID=127908) to work on /home/dwmhr/pln/venv/lib/python3.10/site-packages/airflow/example_dags/example_xcom.py
[2025-08-07T16:36:06.262+0700] {processor.py:829} INFO - Processing file /home/dwmhr/pln/venv/lib/python3.10/site-packages/airflow/example_dags/example_xcom.py for tasks to queue
[2025-08-07T16:36:06.263+0700] {logging_mixin.py:154} INFO - [2025-08-07T16:36:06.263+0700] {dagbag.py:536} INFO - Filling up the DagBag from /home/dwmhr/pln/venv/lib/python3.10/site-packages/airflow/example_dags/example_xcom.py
[2025-08-07T16:36:06.272+0700] {processor.py:839} INFO - DAG(s) dict_keys(['example_xcom']) retrieved from /home/dwmhr/pln/venv/lib/python3.10/site-packages/airflow/example_dags/example_xcom.py
[2025-08-07T16:36:06.291+0700] {logging_mixin.py:154} INFO - [2025-08-07T16:36:06.291+0700] {dag.py:2941} INFO - Sync 1 DAGs
[2025-08-07T16:36:06.317+0700] {logging_mixin.py:154} INFO - [2025-08-07T16:36:06.317+0700] {dag.py:3722} INFO - Setting next_dagrun for example_xcom to 2021-01-01T00:00:00+00:00, run_after=2021-01-01T00:00:00+00:00
[2025-08-07T16:36:06.345+0700] {processor.py:179} INFO - Processing /home/dwmhr/pln/venv/lib/python3.10/site-packages/airflow/example_dags/example_xcom.py took 0.088 seconds
[2025-08-07T16:36:42.647+0700] {processor.py:157} INFO - Started process (PID=128081) to work on /home/dwmhr/pln/venv/lib/python3.10/site-packages/airflow/example_dags/example_xcom.py
[2025-08-07T16:36:42.649+0700] {processor.py:829} INFO - Processing file /home/dwmhr/pln/venv/lib/python3.10/site-packages/airflow/example_dags/example_xcom.py for tasks to queue
[2025-08-07T16:36:42.651+0700] {logging_mixin.py:154} INFO - [2025-08-07T16:36:42.651+0700] {dagbag.py:536} INFO - Filling up the DagBag from /home/dwmhr/pln/venv/lib/python3.10/site-packages/airflow/example_dags/example_xcom.py
[2025-08-07T16:36:42.662+0700] {processor.py:839} INFO - DAG(s) dict_keys(['example_xcom']) retrieved from /home/dwmhr/pln/venv/lib/python3.10/site-packages/airflow/example_dags/example_xcom.py
[2025-08-07T16:36:42.692+0700] {logging_mixin.py:154} INFO - [2025-08-07T16:36:42.692+0700] {dag.py:2941} INFO - Sync 1 DAGs
[2025-08-07T16:36:42.717+0700] {logging_mixin.py:154} INFO - [2025-08-07T16:36:42.716+0700] {dag.py:3722} INFO - Setting next_dagrun for example_xcom to 2021-01-01T00:00:00+00:00, run_after=2021-01-01T00:00:00+00:00
[2025-08-07T16:36:42.752+0700] {processor.py:179} INFO - Processing /home/dwmhr/pln/venv/lib/python3.10/site-packages/airflow/example_dags/example_xcom.py took 0.110 seconds
[2025-08-07T16:37:26.425+0700] {processor.py:157} INFO - Started process (PID=128248) to work on /home/dwmhr/pln/venv/lib/python3.10/site-packages/airflow/example_dags/example_xcom.py
[2025-08-07T16:37:26.431+0700] {processor.py:829} INFO - Processing file /home/dwmhr/pln/venv/lib/python3.10/site-packages/airflow/example_dags/example_xcom.py for tasks to queue
[2025-08-07T16:37:26.434+0700] {logging_mixin.py:154} INFO - [2025-08-07T16:37:26.433+0700] {dagbag.py:536} INFO - Filling up the DagBag from /home/dwmhr/pln/venv/lib/python3.10/site-packages/airflow/example_dags/example_xcom.py
[2025-08-07T16:37:26.457+0700] {processor.py:839} INFO - DAG(s) dict_keys(['example_xcom']) retrieved from /home/dwmhr/pln/venv/lib/python3.10/site-packages/airflow/example_dags/example_xcom.py
[2025-08-07T16:37:26.501+0700] {logging_mixin.py:154} INFO - [2025-08-07T16:37:26.500+0700] {dag.py:2941} INFO - Sync 1 DAGs
[2025-08-07T16:37:26.542+0700] {logging_mixin.py:154} INFO - [2025-08-07T16:37:26.541+0700] {dag.py:3722} INFO - Setting next_dagrun for example_xcom to 2021-01-01T00:00:00+00:00, run_after=2021-01-01T00:00:00+00:00
[2025-08-07T16:37:26.611+0700] {processor.py:179} INFO - Processing /home/dwmhr/pln/venv/lib/python3.10/site-packages/airflow/example_dags/example_xcom.py took 0.194 seconds
[2025-08-07T16:38:29.076+0700] {processor.py:157} INFO - Started process (PID=128510) to work on /home/dwmhr/pln/venv/lib/python3.10/site-packages/airflow/example_dags/example_xcom.py
[2025-08-07T16:38:29.081+0700] {processor.py:829} INFO - Processing file /home/dwmhr/pln/venv/lib/python3.10/site-packages/airflow/example_dags/example_xcom.py for tasks to queue
[2025-08-07T16:38:29.084+0700] {logging_mixin.py:154} INFO - [2025-08-07T16:38:29.083+0700] {dagbag.py:536} INFO - Filling up the DagBag from /home/dwmhr/pln/venv/lib/python3.10/site-packages/airflow/example_dags/example_xcom.py
[2025-08-07T16:38:29.125+0700] {processor.py:839} INFO - DAG(s) dict_keys(['example_xcom']) retrieved from /home/dwmhr/pln/venv/lib/python3.10/site-packages/airflow/example_dags/example_xcom.py
[2025-08-07T16:38:29.208+0700] {logging_mixin.py:154} INFO - [2025-08-07T16:38:29.207+0700] {dag.py:2941} INFO - Sync 1 DAGs
[2025-08-07T16:38:29.291+0700] {logging_mixin.py:154} INFO - [2025-08-07T16:38:29.291+0700] {dag.py:3722} INFO - Setting next_dagrun for example_xcom to 2021-01-01T00:00:00+00:00, run_after=2021-01-01T00:00:00+00:00
[2025-08-07T16:38:29.387+0700] {processor.py:179} INFO - Processing /home/dwmhr/pln/venv/lib/python3.10/site-packages/airflow/example_dags/example_xcom.py took 0.328 seconds
[2025-08-07T16:39:22.485+0700] {processor.py:157} INFO - Started process (PID=128730) to work on /home/dwmhr/pln/venv/lib/python3.10/site-packages/airflow/example_dags/example_xcom.py
[2025-08-07T16:39:22.490+0700] {processor.py:829} INFO - Processing file /home/dwmhr/pln/venv/lib/python3.10/site-packages/airflow/example_dags/example_xcom.py for tasks to queue
[2025-08-07T16:39:22.493+0700] {logging_mixin.py:154} INFO - [2025-08-07T16:39:22.492+0700] {dagbag.py:536} INFO - Filling up the DagBag from /home/dwmhr/pln/venv/lib/python3.10/site-packages/airflow/example_dags/example_xcom.py
[2025-08-07T16:39:22.534+0700] {processor.py:839} INFO - DAG(s) dict_keys(['example_xcom']) retrieved from /home/dwmhr/pln/venv/lib/python3.10/site-packages/airflow/example_dags/example_xcom.py
[2025-08-07T16:39:22.598+0700] {logging_mixin.py:154} INFO - [2025-08-07T16:39:22.597+0700] {dag.py:2941} INFO - Sync 1 DAGs
[2025-08-07T16:39:22.677+0700] {logging_mixin.py:154} INFO - [2025-08-07T16:39:22.674+0700] {dag.py:3722} INFO - Setting next_dagrun for example_xcom to 2021-01-01T00:00:00+00:00, run_after=2021-01-01T00:00:00+00:00
[2025-08-07T16:39:22.791+0700] {processor.py:179} INFO - Processing /home/dwmhr/pln/venv/lib/python3.10/site-packages/airflow/example_dags/example_xcom.py took 0.321 seconds
[2025-08-07T16:40:35.817+0700] {processor.py:157} INFO - Started process (PID=129017) to work on /home/dwmhr/pln/venv/lib/python3.10/site-packages/airflow/example_dags/example_xcom.py
[2025-08-07T16:40:35.821+0700] {processor.py:829} INFO - Processing file /home/dwmhr/pln/venv/lib/python3.10/site-packages/airflow/example_dags/example_xcom.py for tasks to queue
[2025-08-07T16:40:35.824+0700] {logging_mixin.py:154} INFO - [2025-08-07T16:40:35.823+0700] {dagbag.py:536} INFO - Filling up the DagBag from /home/dwmhr/pln/venv/lib/python3.10/site-packages/airflow/example_dags/example_xcom.py
[2025-08-07T16:40:35.847+0700] {processor.py:839} INFO - DAG(s) dict_keys(['example_xcom']) retrieved from /home/dwmhr/pln/venv/lib/python3.10/site-packages/airflow/example_dags/example_xcom.py
[2025-08-07T16:40:35.891+0700] {logging_mixin.py:154} INFO - [2025-08-07T16:40:35.890+0700] {dag.py:2941} INFO - Sync 1 DAGs
[2025-08-07T16:40:35.934+0700] {logging_mixin.py:154} INFO - [2025-08-07T16:40:35.934+0700] {dag.py:3722} INFO - Setting next_dagrun for example_xcom to 2021-01-01T00:00:00+00:00, run_after=2021-01-01T00:00:00+00:00
[2025-08-07T16:40:35.999+0700] {processor.py:179} INFO - Processing /home/dwmhr/pln/venv/lib/python3.10/site-packages/airflow/example_dags/example_xcom.py took 0.194 seconds
[2025-08-07T16:41:30.251+0700] {processor.py:157} INFO - Started process (PID=129242) to work on /home/dwmhr/pln/venv/lib/python3.10/site-packages/airflow/example_dags/example_xcom.py
[2025-08-07T16:41:30.253+0700] {processor.py:829} INFO - Processing file /home/dwmhr/pln/venv/lib/python3.10/site-packages/airflow/example_dags/example_xcom.py for tasks to queue
[2025-08-07T16:41:30.254+0700] {logging_mixin.py:154} INFO - [2025-08-07T16:41:30.254+0700] {dagbag.py:536} INFO - Filling up the DagBag from /home/dwmhr/pln/venv/lib/python3.10/site-packages/airflow/example_dags/example_xcom.py
[2025-08-07T16:41:30.264+0700] {processor.py:839} INFO - DAG(s) dict_keys(['example_xcom']) retrieved from /home/dwmhr/pln/venv/lib/python3.10/site-packages/airflow/example_dags/example_xcom.py
[2025-08-07T16:41:30.282+0700] {logging_mixin.py:154} INFO - [2025-08-07T16:41:30.282+0700] {dag.py:2941} INFO - Sync 1 DAGs
[2025-08-07T16:41:30.299+0700] {logging_mixin.py:154} INFO - [2025-08-07T16:41:30.299+0700] {dag.py:3722} INFO - Setting next_dagrun for example_xcom to 2021-01-01T00:00:00+00:00, run_after=2021-01-01T00:00:00+00:00
[2025-08-07T16:41:30.323+0700] {processor.py:179} INFO - Processing /home/dwmhr/pln/venv/lib/python3.10/site-packages/airflow/example_dags/example_xcom.py took 0.075 seconds
[2025-08-07T16:42:17.277+0700] {processor.py:157} INFO - Started process (PID=129453) to work on /home/dwmhr/pln/venv/lib/python3.10/site-packages/airflow/example_dags/example_xcom.py
[2025-08-07T16:42:17.292+0700] {processor.py:829} INFO - Processing file /home/dwmhr/pln/venv/lib/python3.10/site-packages/airflow/example_dags/example_xcom.py for tasks to queue
[2025-08-07T16:42:17.294+0700] {logging_mixin.py:154} INFO - [2025-08-07T16:42:17.293+0700] {dagbag.py:536} INFO - Filling up the DagBag from /home/dwmhr/pln/venv/lib/python3.10/site-packages/airflow/example_dags/example_xcom.py
[2025-08-07T16:42:17.313+0700] {processor.py:839} INFO - DAG(s) dict_keys(['example_xcom']) retrieved from /home/dwmhr/pln/venv/lib/python3.10/site-packages/airflow/example_dags/example_xcom.py
[2025-08-07T16:42:17.349+0700] {logging_mixin.py:154} INFO - [2025-08-07T16:42:17.349+0700] {dag.py:2941} INFO - Sync 1 DAGs
[2025-08-07T16:42:17.385+0700] {logging_mixin.py:154} INFO - [2025-08-07T16:42:17.384+0700] {dag.py:3722} INFO - Setting next_dagrun for example_xcom to 2021-01-01T00:00:00+00:00, run_after=2021-01-01T00:00:00+00:00
[2025-08-07T16:42:17.437+0700] {processor.py:179} INFO - Processing /home/dwmhr/pln/venv/lib/python3.10/site-packages/airflow/example_dags/example_xcom.py took 0.171 seconds
[2025-08-07T16:43:06.300+0700] {processor.py:157} INFO - Started process (PID=129647) to work on /home/dwmhr/pln/venv/lib/python3.10/site-packages/airflow/example_dags/example_xcom.py
[2025-08-07T16:43:06.305+0700] {processor.py:829} INFO - Processing file /home/dwmhr/pln/venv/lib/python3.10/site-packages/airflow/example_dags/example_xcom.py for tasks to queue
[2025-08-07T16:43:06.307+0700] {logging_mixin.py:154} INFO - [2025-08-07T16:43:06.306+0700] {dagbag.py:536} INFO - Filling up the DagBag from /home/dwmhr/pln/venv/lib/python3.10/site-packages/airflow/example_dags/example_xcom.py
[2025-08-07T16:43:06.328+0700] {processor.py:839} INFO - DAG(s) dict_keys(['example_xcom']) retrieved from /home/dwmhr/pln/venv/lib/python3.10/site-packages/airflow/example_dags/example_xcom.py
[2025-08-07T16:43:06.369+0700] {logging_mixin.py:154} INFO - [2025-08-07T16:43:06.369+0700] {dag.py:2941} INFO - Sync 1 DAGs
[2025-08-07T16:43:06.406+0700] {logging_mixin.py:154} INFO - [2025-08-07T16:43:06.406+0700] {dag.py:3722} INFO - Setting next_dagrun for example_xcom to 2021-01-01T00:00:00+00:00, run_after=2021-01-01T00:00:00+00:00
[2025-08-07T16:43:06.472+0700] {processor.py:179} INFO - Processing /home/dwmhr/pln/venv/lib/python3.10/site-packages/airflow/example_dags/example_xcom.py took 0.180 seconds
[2025-08-07T16:43:59.715+0700] {processor.py:157} INFO - Started process (PID=129880) to work on /home/dwmhr/pln/venv/lib/python3.10/site-packages/airflow/example_dags/example_xcom.py
[2025-08-07T16:43:59.718+0700] {processor.py:829} INFO - Processing file /home/dwmhr/pln/venv/lib/python3.10/site-packages/airflow/example_dags/example_xcom.py for tasks to queue
[2025-08-07T16:43:59.720+0700] {logging_mixin.py:154} INFO - [2025-08-07T16:43:59.720+0700] {dagbag.py:536} INFO - Filling up the DagBag from /home/dwmhr/pln/venv/lib/python3.10/site-packages/airflow/example_dags/example_xcom.py
[2025-08-07T16:43:59.739+0700] {processor.py:839} INFO - DAG(s) dict_keys(['example_xcom']) retrieved from /home/dwmhr/pln/venv/lib/python3.10/site-packages/airflow/example_dags/example_xcom.py
[2025-08-07T16:43:59.781+0700] {logging_mixin.py:154} INFO - [2025-08-07T16:43:59.781+0700] {dag.py:2941} INFO - Sync 1 DAGs
[2025-08-07T16:43:59.820+0700] {logging_mixin.py:154} INFO - [2025-08-07T16:43:59.820+0700] {dag.py:3722} INFO - Setting next_dagrun for example_xcom to 2021-01-01T00:00:00+00:00, run_after=2021-01-01T00:00:00+00:00
[2025-08-07T16:43:59.863+0700] {processor.py:179} INFO - Processing /home/dwmhr/pln/venv/lib/python3.10/site-packages/airflow/example_dags/example_xcom.py took 0.155 seconds
[2025-08-07T16:44:41.109+0700] {processor.py:157} INFO - Started process (PID=130047) to work on /home/dwmhr/pln/venv/lib/python3.10/site-packages/airflow/example_dags/example_xcom.py
[2025-08-07T16:44:41.114+0700] {processor.py:829} INFO - Processing file /home/dwmhr/pln/venv/lib/python3.10/site-packages/airflow/example_dags/example_xcom.py for tasks to queue
[2025-08-07T16:44:41.115+0700] {logging_mixin.py:154} INFO - [2025-08-07T16:44:41.115+0700] {dagbag.py:536} INFO - Filling up the DagBag from /home/dwmhr/pln/venv/lib/python3.10/site-packages/airflow/example_dags/example_xcom.py
[2025-08-07T16:44:41.126+0700] {processor.py:839} INFO - DAG(s) dict_keys(['example_xcom']) retrieved from /home/dwmhr/pln/venv/lib/python3.10/site-packages/airflow/example_dags/example_xcom.py
[2025-08-07T16:44:41.156+0700] {logging_mixin.py:154} INFO - [2025-08-07T16:44:41.156+0700] {dag.py:2941} INFO - Sync 1 DAGs
[2025-08-07T16:44:41.180+0700] {logging_mixin.py:154} INFO - [2025-08-07T16:44:41.179+0700] {dag.py:3722} INFO - Setting next_dagrun for example_xcom to 2021-01-01T00:00:00+00:00, run_after=2021-01-01T00:00:00+00:00
[2025-08-07T16:44:41.232+0700] {processor.py:179} INFO - Processing /home/dwmhr/pln/venv/lib/python3.10/site-packages/airflow/example_dags/example_xcom.py took 0.127 seconds
[2025-08-07T16:45:22.124+0700] {processor.py:157} INFO - Started process (PID=130236) to work on /home/dwmhr/pln/venv/lib/python3.10/site-packages/airflow/example_dags/example_xcom.py
[2025-08-07T16:45:22.126+0700] {processor.py:829} INFO - Processing file /home/dwmhr/pln/venv/lib/python3.10/site-packages/airflow/example_dags/example_xcom.py for tasks to queue
[2025-08-07T16:45:22.126+0700] {logging_mixin.py:154} INFO - [2025-08-07T16:45:22.126+0700] {dagbag.py:536} INFO - Filling up the DagBag from /home/dwmhr/pln/venv/lib/python3.10/site-packages/airflow/example_dags/example_xcom.py
[2025-08-07T16:45:22.133+0700] {processor.py:839} INFO - DAG(s) dict_keys(['example_xcom']) retrieved from /home/dwmhr/pln/venv/lib/python3.10/site-packages/airflow/example_dags/example_xcom.py
[2025-08-07T16:45:22.145+0700] {logging_mixin.py:154} INFO - [2025-08-07T16:45:22.145+0700] {dag.py:2941} INFO - Sync 1 DAGs
[2025-08-07T16:45:22.157+0700] {logging_mixin.py:154} INFO - [2025-08-07T16:45:22.157+0700] {dag.py:3722} INFO - Setting next_dagrun for example_xcom to 2021-01-01T00:00:00+00:00, run_after=2021-01-01T00:00:00+00:00
[2025-08-07T16:45:22.174+0700] {processor.py:179} INFO - Processing /home/dwmhr/pln/venv/lib/python3.10/site-packages/airflow/example_dags/example_xcom.py took 0.055 seconds
[2025-08-07T16:46:08.103+0700] {processor.py:157} INFO - Started process (PID=130446) to work on /home/dwmhr/pln/venv/lib/python3.10/site-packages/airflow/example_dags/example_xcom.py
[2025-08-07T16:46:08.111+0700] {processor.py:829} INFO - Processing file /home/dwmhr/pln/venv/lib/python3.10/site-packages/airflow/example_dags/example_xcom.py for tasks to queue
[2025-08-07T16:46:08.119+0700] {logging_mixin.py:154} INFO - [2025-08-07T16:46:08.116+0700] {dagbag.py:536} INFO - Filling up the DagBag from /home/dwmhr/pln/venv/lib/python3.10/site-packages/airflow/example_dags/example_xcom.py
[2025-08-07T16:46:08.214+0700] {processor.py:839} INFO - DAG(s) dict_keys(['example_xcom']) retrieved from /home/dwmhr/pln/venv/lib/python3.10/site-packages/airflow/example_dags/example_xcom.py
[2025-08-07T16:46:08.360+0700] {logging_mixin.py:154} INFO - [2025-08-07T16:46:08.358+0700] {dag.py:2941} INFO - Sync 1 DAGs
[2025-08-07T16:46:08.489+0700] {logging_mixin.py:154} INFO - [2025-08-07T16:46:08.488+0700] {dag.py:3722} INFO - Setting next_dagrun for example_xcom to 2021-01-01T00:00:00+00:00, run_after=2021-01-01T00:00:00+00:00
[2025-08-07T16:46:08.610+0700] {processor.py:179} INFO - Processing /home/dwmhr/pln/venv/lib/python3.10/site-packages/airflow/example_dags/example_xcom.py took 0.548 seconds
[2025-08-07T16:46:57.975+0700] {processor.py:157} INFO - Started process (PID=130668) to work on /home/dwmhr/pln/venv/lib/python3.10/site-packages/airflow/example_dags/example_xcom.py
[2025-08-07T16:46:57.977+0700] {processor.py:829} INFO - Processing file /home/dwmhr/pln/venv/lib/python3.10/site-packages/airflow/example_dags/example_xcom.py for tasks to queue
[2025-08-07T16:46:57.978+0700] {logging_mixin.py:154} INFO - [2025-08-07T16:46:57.977+0700] {dagbag.py:536} INFO - Filling up the DagBag from /home/dwmhr/pln/venv/lib/python3.10/site-packages/airflow/example_dags/example_xcom.py
[2025-08-07T16:46:57.987+0700] {processor.py:839} INFO - DAG(s) dict_keys(['example_xcom']) retrieved from /home/dwmhr/pln/venv/lib/python3.10/site-packages/airflow/example_dags/example_xcom.py
[2025-08-07T16:46:58.003+0700] {logging_mixin.py:154} INFO - [2025-08-07T16:46:58.003+0700] {dag.py:2941} INFO - Sync 1 DAGs
[2025-08-07T16:46:58.020+0700] {logging_mixin.py:154} INFO - [2025-08-07T16:46:58.020+0700] {dag.py:3722} INFO - Setting next_dagrun for example_xcom to 2021-01-01T00:00:00+00:00, run_after=2021-01-01T00:00:00+00:00
[2025-08-07T16:46:58.056+0700] {processor.py:179} INFO - Processing /home/dwmhr/pln/venv/lib/python3.10/site-packages/airflow/example_dags/example_xcom.py took 0.085 seconds
[2025-08-07T16:47:48.101+0700] {processor.py:157} INFO - Started process (PID=130877) to work on /home/dwmhr/pln/venv/lib/python3.10/site-packages/airflow/example_dags/example_xcom.py
[2025-08-07T16:47:48.103+0700] {processor.py:829} INFO - Processing file /home/dwmhr/pln/venv/lib/python3.10/site-packages/airflow/example_dags/example_xcom.py for tasks to queue
[2025-08-07T16:47:48.104+0700] {logging_mixin.py:154} INFO - [2025-08-07T16:47:48.104+0700] {dagbag.py:536} INFO - Filling up the DagBag from /home/dwmhr/pln/venv/lib/python3.10/site-packages/airflow/example_dags/example_xcom.py
[2025-08-07T16:47:48.113+0700] {processor.py:839} INFO - DAG(s) dict_keys(['example_xcom']) retrieved from /home/dwmhr/pln/venv/lib/python3.10/site-packages/airflow/example_dags/example_xcom.py
[2025-08-07T16:47:48.130+0700] {logging_mixin.py:154} INFO - [2025-08-07T16:47:48.130+0700] {dag.py:2941} INFO - Sync 1 DAGs
[2025-08-07T16:47:48.146+0700] {logging_mixin.py:154} INFO - [2025-08-07T16:47:48.146+0700] {dag.py:3722} INFO - Setting next_dagrun for example_xcom to 2021-01-01T00:00:00+00:00, run_after=2021-01-01T00:00:00+00:00
[2025-08-07T16:47:48.167+0700] {processor.py:179} INFO - Processing /home/dwmhr/pln/venv/lib/python3.10/site-packages/airflow/example_dags/example_xcom.py took 0.069 seconds
[2025-08-07T16:48:45.959+0700] {processor.py:157} INFO - Started process (PID=131124) to work on /home/dwmhr/pln/venv/lib/python3.10/site-packages/airflow/example_dags/example_xcom.py
[2025-08-07T16:48:45.971+0700] {processor.py:829} INFO - Processing file /home/dwmhr/pln/venv/lib/python3.10/site-packages/airflow/example_dags/example_xcom.py for tasks to queue
[2025-08-07T16:48:45.972+0700] {logging_mixin.py:154} INFO - [2025-08-07T16:48:45.972+0700] {dagbag.py:536} INFO - Filling up the DagBag from /home/dwmhr/pln/venv/lib/python3.10/site-packages/airflow/example_dags/example_xcom.py
[2025-08-07T16:48:45.978+0700] {processor.py:839} INFO - DAG(s) dict_keys(['example_xcom']) retrieved from /home/dwmhr/pln/venv/lib/python3.10/site-packages/airflow/example_dags/example_xcom.py
[2025-08-07T16:48:45.992+0700] {logging_mixin.py:154} INFO - [2025-08-07T16:48:45.992+0700] {dag.py:2941} INFO - Sync 1 DAGs
[2025-08-07T16:48:46.004+0700] {logging_mixin.py:154} INFO - [2025-08-07T16:48:46.004+0700] {dag.py:3722} INFO - Setting next_dagrun for example_xcom to 2021-01-01T00:00:00+00:00, run_after=2021-01-01T00:00:00+00:00
[2025-08-07T16:48:46.020+0700] {processor.py:179} INFO - Processing /home/dwmhr/pln/venv/lib/python3.10/site-packages/airflow/example_dags/example_xcom.py took 0.064 seconds
[2025-08-07T16:49:31.565+0700] {processor.py:157} INFO - Started process (PID=131315) to work on /home/dwmhr/pln/venv/lib/python3.10/site-packages/airflow/example_dags/example_xcom.py
[2025-08-07T16:49:31.570+0700] {processor.py:829} INFO - Processing file /home/dwmhr/pln/venv/lib/python3.10/site-packages/airflow/example_dags/example_xcom.py for tasks to queue
[2025-08-07T16:49:31.578+0700] {logging_mixin.py:154} INFO - [2025-08-07T16:49:31.575+0700] {dagbag.py:536} INFO - Filling up the DagBag from /home/dwmhr/pln/venv/lib/python3.10/site-packages/airflow/example_dags/example_xcom.py
[2025-08-07T16:49:31.620+0700] {processor.py:839} INFO - DAG(s) dict_keys(['example_xcom']) retrieved from /home/dwmhr/pln/venv/lib/python3.10/site-packages/airflow/example_dags/example_xcom.py
[2025-08-07T16:49:31.690+0700] {logging_mixin.py:154} INFO - [2025-08-07T16:49:31.690+0700] {dag.py:2941} INFO - Sync 1 DAGs
[2025-08-07T16:49:31.785+0700] {logging_mixin.py:154} INFO - [2025-08-07T16:49:31.784+0700] {dag.py:3722} INFO - Setting next_dagrun for example_xcom to 2021-01-01T00:00:00+00:00, run_after=2021-01-01T00:00:00+00:00
[2025-08-07T16:49:31.890+0700] {processor.py:179} INFO - Processing /home/dwmhr/pln/venv/lib/python3.10/site-packages/airflow/example_dags/example_xcom.py took 0.345 seconds
