[2025-08-07T15:45:00.136+0700] {processor.py:157} INFO - Started process (PID=113171) to work on /home/dwmhr/pln/venv/lib/python3.10/site-packages/airflow/example_dags/tutorial_taskflow_api.py
[2025-08-07T15:45:00.138+0700] {processor.py:829} INFO - Processing file /home/dwmhr/pln/venv/lib/python3.10/site-packages/airflow/example_dags/tutorial_taskflow_api.py for tasks to queue
[2025-08-07T15:45:00.140+0700] {logging_mixin.py:154} INFO - [2025-08-07T15:45:00.139+0700] {dagbag.py:536} INFO - Filling up the DagBag from /home/dwmhr/pln/venv/lib/python3.10/site-packages/airflow/example_dags/tutorial_taskflow_api.py
[2025-08-07T15:45:00.163+0700] {processor.py:839} INFO - DAG(s) dict_keys(['tutorial_taskflow_api']) retrieved from /home/dwmhr/pln/venv/lib/python3.10/site-packages/airflow/example_dags/tutorial_taskflow_api.py
[2025-08-07T15:45:00.438+0700] {logging_mixin.py:154} INFO - [2025-08-07T15:45:00.437+0700] {manager.py:499} INFO - Created Permission View: %s
[2025-08-07T15:45:00.465+0700] {logging_mixin.py:154} INFO - [2025-08-07T15:45:00.465+0700] {manager.py:499} INFO - Created Permission View: %s
[2025-08-07T15:45:00.485+0700] {logging_mixin.py:154} INFO - [2025-08-07T15:45:00.485+0700] {manager.py:499} INFO - Created Permission View: %s
[2025-08-07T15:45:00.486+0700] {logging_mixin.py:154} INFO - [2025-08-07T15:45:00.486+0700] {dag.py:2941} INFO - Sync 1 DAGs
[2025-08-07T15:45:00.510+0700] {logging_mixin.py:154} INFO - [2025-08-07T15:45:00.509+0700] {dag.py:2963} INFO - Creating ORM DAG for tutorial_taskflow_api
[2025-08-07T15:45:00.511+0700] {logging_mixin.py:154} INFO - [2025-08-07T15:45:00.510+0700] {dag.py:3722} INFO - Setting next_dagrun for tutorial_taskflow_api to None, run_after=None
[2025-08-07T15:45:00.565+0700] {processor.py:179} INFO - Processing /home/dwmhr/pln/venv/lib/python3.10/site-packages/airflow/example_dags/tutorial_taskflow_api.py took 0.437 seconds
[2025-08-07T15:46:10.389+0700] {processor.py:157} INFO - Started process (PID=113551) to work on /home/dwmhr/pln/venv/lib/python3.10/site-packages/airflow/example_dags/tutorial_taskflow_api.py
[2025-08-07T15:46:10.393+0700] {processor.py:829} INFO - Processing file /home/dwmhr/pln/venv/lib/python3.10/site-packages/airflow/example_dags/tutorial_taskflow_api.py for tasks to queue
[2025-08-07T15:46:10.396+0700] {logging_mixin.py:154} INFO - [2025-08-07T15:46:10.395+0700] {dagbag.py:536} INFO - Filling up the DagBag from /home/dwmhr/pln/venv/lib/python3.10/site-packages/airflow/example_dags/tutorial_taskflow_api.py
[2025-08-07T15:46:10.423+0700] {processor.py:839} INFO - DAG(s) dict_keys(['tutorial_taskflow_api']) retrieved from /home/dwmhr/pln/venv/lib/python3.10/site-packages/airflow/example_dags/tutorial_taskflow_api.py
[2025-08-07T15:46:10.605+0700] {logging_mixin.py:154} INFO - [2025-08-07T15:46:10.605+0700] {dag.py:2941} INFO - Sync 1 DAGs
[2025-08-07T15:46:10.661+0700] {logging_mixin.py:154} INFO - [2025-08-07T15:46:10.661+0700] {dag.py:3722} INFO - Setting next_dagrun for tutorial_taskflow_api to None, run_after=None
[2025-08-07T15:46:10.723+0700] {processor.py:179} INFO - Processing /home/dwmhr/pln/venv/lib/python3.10/site-packages/airflow/example_dags/tutorial_taskflow_api.py took 0.346 seconds
[2025-08-07T15:47:03.989+0700] {processor.py:157} INFO - Started process (PID=113839) to work on /home/dwmhr/pln/venv/lib/python3.10/site-packages/airflow/example_dags/tutorial_taskflow_api.py
[2025-08-07T15:47:03.994+0700] {processor.py:829} INFO - Processing file /home/dwmhr/pln/venv/lib/python3.10/site-packages/airflow/example_dags/tutorial_taskflow_api.py for tasks to queue
[2025-08-07T15:47:03.999+0700] {logging_mixin.py:154} INFO - [2025-08-07T15:47:03.997+0700] {dagbag.py:536} INFO - Filling up the DagBag from /home/dwmhr/pln/venv/lib/python3.10/site-packages/airflow/example_dags/tutorial_taskflow_api.py
[2025-08-07T15:47:04.033+0700] {processor.py:839} INFO - DAG(s) dict_keys(['tutorial_taskflow_api']) retrieved from /home/dwmhr/pln/venv/lib/python3.10/site-packages/airflow/example_dags/tutorial_taskflow_api.py
[2025-08-07T15:47:04.135+0700] {logging_mixin.py:154} INFO - [2025-08-07T15:47:04.134+0700] {dag.py:2941} INFO - Sync 1 DAGs
[2025-08-07T15:47:04.210+0700] {logging_mixin.py:154} INFO - [2025-08-07T15:47:04.209+0700] {dag.py:3722} INFO - Setting next_dagrun for tutorial_taskflow_api to None, run_after=None
[2025-08-07T15:47:04.298+0700] {processor.py:179} INFO - Processing /home/dwmhr/pln/venv/lib/python3.10/site-packages/airflow/example_dags/tutorial_taskflow_api.py took 0.322 seconds
[2025-08-07T15:47:50.523+0700] {processor.py:157} INFO - Started process (PID=114054) to work on /home/dwmhr/pln/venv/lib/python3.10/site-packages/airflow/example_dags/tutorial_taskflow_api.py
[2025-08-07T15:47:50.532+0700] {processor.py:829} INFO - Processing file /home/dwmhr/pln/venv/lib/python3.10/site-packages/airflow/example_dags/tutorial_taskflow_api.py for tasks to queue
[2025-08-07T15:47:50.533+0700] {logging_mixin.py:154} INFO - [2025-08-07T15:47:50.533+0700] {dagbag.py:536} INFO - Filling up the DagBag from /home/dwmhr/pln/venv/lib/python3.10/site-packages/airflow/example_dags/tutorial_taskflow_api.py
[2025-08-07T15:47:50.539+0700] {processor.py:839} INFO - DAG(s) dict_keys(['tutorial_taskflow_api']) retrieved from /home/dwmhr/pln/venv/lib/python3.10/site-packages/airflow/example_dags/tutorial_taskflow_api.py
[2025-08-07T15:47:50.556+0700] {logging_mixin.py:154} INFO - [2025-08-07T15:47:50.556+0700] {dag.py:2941} INFO - Sync 1 DAGs
[2025-08-07T15:47:50.565+0700] {logging_mixin.py:154} INFO - [2025-08-07T15:47:50.565+0700] {dag.py:3722} INFO - Setting next_dagrun for tutorial_taskflow_api to None, run_after=None
[2025-08-07T15:47:50.597+0700] {processor.py:179} INFO - Processing /home/dwmhr/pln/venv/lib/python3.10/site-packages/airflow/example_dags/tutorial_taskflow_api.py took 0.077 seconds
[2025-08-07T15:48:28.048+0700] {processor.py:157} INFO - Started process (PID=114258) to work on /home/dwmhr/pln/venv/lib/python3.10/site-packages/airflow/example_dags/tutorial_taskflow_api.py
[2025-08-07T15:48:28.060+0700] {processor.py:829} INFO - Processing file /home/dwmhr/pln/venv/lib/python3.10/site-packages/airflow/example_dags/tutorial_taskflow_api.py for tasks to queue
[2025-08-07T15:48:28.060+0700] {logging_mixin.py:154} INFO - [2025-08-07T15:48:28.060+0700] {dagbag.py:536} INFO - Filling up the DagBag from /home/dwmhr/pln/venv/lib/python3.10/site-packages/airflow/example_dags/tutorial_taskflow_api.py
[2025-08-07T15:48:28.066+0700] {processor.py:839} INFO - DAG(s) dict_keys(['tutorial_taskflow_api']) retrieved from /home/dwmhr/pln/venv/lib/python3.10/site-packages/airflow/example_dags/tutorial_taskflow_api.py
[2025-08-07T15:48:28.079+0700] {logging_mixin.py:154} INFO - [2025-08-07T15:48:28.079+0700] {dag.py:2941} INFO - Sync 1 DAGs
[2025-08-07T15:48:28.088+0700] {logging_mixin.py:154} INFO - [2025-08-07T15:48:28.087+0700] {dag.py:3722} INFO - Setting next_dagrun for tutorial_taskflow_api to None, run_after=None
[2025-08-07T15:48:28.107+0700] {processor.py:179} INFO - Processing /home/dwmhr/pln/venv/lib/python3.10/site-packages/airflow/example_dags/tutorial_taskflow_api.py took 0.062 seconds
[2025-08-07T15:49:26.865+0700] {processor.py:157} INFO - Started process (PID=114569) to work on /home/dwmhr/pln/venv/lib/python3.10/site-packages/airflow/example_dags/tutorial_taskflow_api.py
[2025-08-07T15:49:26.868+0700] {processor.py:829} INFO - Processing file /home/dwmhr/pln/venv/lib/python3.10/site-packages/airflow/example_dags/tutorial_taskflow_api.py for tasks to queue
[2025-08-07T15:49:26.870+0700] {logging_mixin.py:154} INFO - [2025-08-07T15:49:26.869+0700] {dagbag.py:536} INFO - Filling up the DagBag from /home/dwmhr/pln/venv/lib/python3.10/site-packages/airflow/example_dags/tutorial_taskflow_api.py
[2025-08-07T15:49:26.886+0700] {processor.py:839} INFO - DAG(s) dict_keys(['tutorial_taskflow_api']) retrieved from /home/dwmhr/pln/venv/lib/python3.10/site-packages/airflow/example_dags/tutorial_taskflow_api.py
[2025-08-07T15:49:26.933+0700] {logging_mixin.py:154} INFO - [2025-08-07T15:49:26.933+0700] {dag.py:2941} INFO - Sync 1 DAGs
[2025-08-07T15:49:27.037+0700] {logging_mixin.py:154} INFO - [2025-08-07T15:49:27.037+0700] {dag.py:3722} INFO - Setting next_dagrun for tutorial_taskflow_api to None, run_after=None
[2025-08-07T15:49:27.198+0700] {processor.py:179} INFO - Processing /home/dwmhr/pln/venv/lib/python3.10/site-packages/airflow/example_dags/tutorial_taskflow_api.py took 0.340 seconds
[2025-08-07T15:50:05.468+0700] {processor.py:157} INFO - Started process (PID=114782) to work on /home/dwmhr/pln/venv/lib/python3.10/site-packages/airflow/example_dags/tutorial_taskflow_api.py
[2025-08-07T15:50:05.482+0700] {processor.py:829} INFO - Processing file /home/dwmhr/pln/venv/lib/python3.10/site-packages/airflow/example_dags/tutorial_taskflow_api.py for tasks to queue
[2025-08-07T15:50:05.489+0700] {logging_mixin.py:154} INFO - [2025-08-07T15:50:05.487+0700] {dagbag.py:536} INFO - Filling up the DagBag from /home/dwmhr/pln/venv/lib/python3.10/site-packages/airflow/example_dags/tutorial_taskflow_api.py
[2025-08-07T15:50:05.579+0700] {processor.py:839} INFO - DAG(s) dict_keys(['tutorial_taskflow_api']) retrieved from /home/dwmhr/pln/venv/lib/python3.10/site-packages/airflow/example_dags/tutorial_taskflow_api.py
[2025-08-07T15:50:05.822+0700] {logging_mixin.py:154} INFO - [2025-08-07T15:50:05.821+0700] {dag.py:2941} INFO - Sync 1 DAGs
[2025-08-07T15:50:05.995+0700] {logging_mixin.py:154} INFO - [2025-08-07T15:50:05.993+0700] {dag.py:3722} INFO - Setting next_dagrun for tutorial_taskflow_api to None, run_after=None
[2025-08-07T15:50:06.551+0700] {processor.py:179} INFO - Processing /home/dwmhr/pln/venv/lib/python3.10/site-packages/airflow/example_dags/tutorial_taskflow_api.py took 1.137 seconds
[2025-08-07T15:50:47.310+0700] {processor.py:157} INFO - Started process (PID=114980) to work on /home/dwmhr/pln/venv/lib/python3.10/site-packages/airflow/example_dags/tutorial_taskflow_api.py
[2025-08-07T15:50:47.313+0700] {processor.py:829} INFO - Processing file /home/dwmhr/pln/venv/lib/python3.10/site-packages/airflow/example_dags/tutorial_taskflow_api.py for tasks to queue
[2025-08-07T15:50:47.314+0700] {logging_mixin.py:154} INFO - [2025-08-07T15:50:47.313+0700] {dagbag.py:536} INFO - Filling up the DagBag from /home/dwmhr/pln/venv/lib/python3.10/site-packages/airflow/example_dags/tutorial_taskflow_api.py
[2025-08-07T15:50:47.320+0700] {processor.py:839} INFO - DAG(s) dict_keys(['tutorial_taskflow_api']) retrieved from /home/dwmhr/pln/venv/lib/python3.10/site-packages/airflow/example_dags/tutorial_taskflow_api.py
[2025-08-07T15:50:47.337+0700] {logging_mixin.py:154} INFO - [2025-08-07T15:50:47.337+0700] {dag.py:2941} INFO - Sync 1 DAGs
[2025-08-07T15:50:47.348+0700] {logging_mixin.py:154} INFO - [2025-08-07T15:50:47.347+0700] {dag.py:3722} INFO - Setting next_dagrun for tutorial_taskflow_api to None, run_after=None
[2025-08-07T15:50:47.374+0700] {processor.py:179} INFO - Processing /home/dwmhr/pln/venv/lib/python3.10/site-packages/airflow/example_dags/tutorial_taskflow_api.py took 0.067 seconds
[2025-08-07T15:51:24.412+0700] {processor.py:157} INFO - Started process (PID=115196) to work on /home/dwmhr/pln/venv/lib/python3.10/site-packages/airflow/example_dags/tutorial_taskflow_api.py
[2025-08-07T15:51:24.420+0700] {processor.py:829} INFO - Processing file /home/dwmhr/pln/venv/lib/python3.10/site-packages/airflow/example_dags/tutorial_taskflow_api.py for tasks to queue
[2025-08-07T15:51:24.421+0700] {logging_mixin.py:154} INFO - [2025-08-07T15:51:24.421+0700] {dagbag.py:536} INFO - Filling up the DagBag from /home/dwmhr/pln/venv/lib/python3.10/site-packages/airflow/example_dags/tutorial_taskflow_api.py
[2025-08-07T15:51:24.434+0700] {processor.py:839} INFO - DAG(s) dict_keys(['tutorial_taskflow_api']) retrieved from /home/dwmhr/pln/venv/lib/python3.10/site-packages/airflow/example_dags/tutorial_taskflow_api.py
[2025-08-07T15:51:24.469+0700] {logging_mixin.py:154} INFO - [2025-08-07T15:51:24.468+0700] {dag.py:2941} INFO - Sync 1 DAGs
[2025-08-07T15:51:24.490+0700] {logging_mixin.py:154} INFO - [2025-08-07T15:51:24.490+0700] {dag.py:3722} INFO - Setting next_dagrun for tutorial_taskflow_api to None, run_after=None
[2025-08-07T15:51:24.552+0700] {processor.py:179} INFO - Processing /home/dwmhr/pln/venv/lib/python3.10/site-packages/airflow/example_dags/tutorial_taskflow_api.py took 0.147 seconds
[2025-08-07T15:52:48.821+0700] {processor.py:157} INFO - Started process (PID=115591) to work on /home/dwmhr/pln/venv/lib/python3.10/site-packages/airflow/example_dags/tutorial_taskflow_api.py
[2025-08-07T15:52:48.832+0700] {processor.py:829} INFO - Processing file /home/dwmhr/pln/venv/lib/python3.10/site-packages/airflow/example_dags/tutorial_taskflow_api.py for tasks to queue
[2025-08-07T15:52:48.838+0700] {logging_mixin.py:154} INFO - [2025-08-07T15:52:48.836+0700] {dagbag.py:536} INFO - Filling up the DagBag from /home/dwmhr/pln/venv/lib/python3.10/site-packages/airflow/example_dags/tutorial_taskflow_api.py
[2025-08-07T15:52:48.946+0700] {processor.py:839} INFO - DAG(s) dict_keys(['tutorial_taskflow_api']) retrieved from /home/dwmhr/pln/venv/lib/python3.10/site-packages/airflow/example_dags/tutorial_taskflow_api.py
[2025-08-07T15:52:49.020+0700] {logging_mixin.py:154} INFO - [2025-08-07T15:52:49.019+0700] {dag.py:2941} INFO - Sync 1 DAGs
[2025-08-07T15:52:49.048+0700] {logging_mixin.py:154} INFO - [2025-08-07T15:52:49.048+0700] {dag.py:3722} INFO - Setting next_dagrun for tutorial_taskflow_api to None, run_after=None
[2025-08-07T15:52:49.114+0700] {processor.py:179} INFO - Processing /home/dwmhr/pln/venv/lib/python3.10/site-packages/airflow/example_dags/tutorial_taskflow_api.py took 0.325 seconds
[2025-08-07T15:53:52.263+0700] {processor.py:157} INFO - Started process (PID=115863) to work on /home/dwmhr/pln/venv/lib/python3.10/site-packages/airflow/example_dags/tutorial_taskflow_api.py
[2025-08-07T15:53:52.267+0700] {processor.py:829} INFO - Processing file /home/dwmhr/pln/venv/lib/python3.10/site-packages/airflow/example_dags/tutorial_taskflow_api.py for tasks to queue
[2025-08-07T15:53:52.269+0700] {logging_mixin.py:154} INFO - [2025-08-07T15:53:52.269+0700] {dagbag.py:536} INFO - Filling up the DagBag from /home/dwmhr/pln/venv/lib/python3.10/site-packages/airflow/example_dags/tutorial_taskflow_api.py
[2025-08-07T15:53:52.291+0700] {processor.py:839} INFO - DAG(s) dict_keys(['tutorial_taskflow_api']) retrieved from /home/dwmhr/pln/venv/lib/python3.10/site-packages/airflow/example_dags/tutorial_taskflow_api.py
[2025-08-07T15:53:52.353+0700] {logging_mixin.py:154} INFO - [2025-08-07T15:53:52.353+0700] {dag.py:2941} INFO - Sync 1 DAGs
[2025-08-07T15:53:52.390+0700] {logging_mixin.py:154} INFO - [2025-08-07T15:53:52.389+0700] {dag.py:3722} INFO - Setting next_dagrun for tutorial_taskflow_api to None, run_after=None
[2025-08-07T15:53:52.449+0700] {processor.py:179} INFO - Processing /home/dwmhr/pln/venv/lib/python3.10/site-packages/airflow/example_dags/tutorial_taskflow_api.py took 0.197 seconds
[2025-08-07T15:54:52.798+0700] {processor.py:157} INFO - Started process (PID=116181) to work on /home/dwmhr/pln/venv/lib/python3.10/site-packages/airflow/example_dags/tutorial_taskflow_api.py
[2025-08-07T15:54:52.799+0700] {processor.py:829} INFO - Processing file /home/dwmhr/pln/venv/lib/python3.10/site-packages/airflow/example_dags/tutorial_taskflow_api.py for tasks to queue
[2025-08-07T15:54:52.800+0700] {logging_mixin.py:154} INFO - [2025-08-07T15:54:52.800+0700] {dagbag.py:536} INFO - Filling up the DagBag from /home/dwmhr/pln/venv/lib/python3.10/site-packages/airflow/example_dags/tutorial_taskflow_api.py
[2025-08-07T15:54:52.805+0700] {processor.py:839} INFO - DAG(s) dict_keys(['tutorial_taskflow_api']) retrieved from /home/dwmhr/pln/venv/lib/python3.10/site-packages/airflow/example_dags/tutorial_taskflow_api.py
[2025-08-07T15:54:52.819+0700] {logging_mixin.py:154} INFO - [2025-08-07T15:54:52.819+0700] {dag.py:2941} INFO - Sync 1 DAGs
[2025-08-07T15:54:52.827+0700] {logging_mixin.py:154} INFO - [2025-08-07T15:54:52.827+0700] {dag.py:3722} INFO - Setting next_dagrun for tutorial_taskflow_api to None, run_after=None
[2025-08-07T15:54:52.846+0700] {processor.py:179} INFO - Processing /home/dwmhr/pln/venv/lib/python3.10/site-packages/airflow/example_dags/tutorial_taskflow_api.py took 0.051 seconds
[2025-08-07T15:55:37.704+0700] {processor.py:157} INFO - Started process (PID=116379) to work on /home/dwmhr/pln/venv/lib/python3.10/site-packages/airflow/example_dags/tutorial_taskflow_api.py
[2025-08-07T15:55:37.709+0700] {processor.py:829} INFO - Processing file /home/dwmhr/pln/venv/lib/python3.10/site-packages/airflow/example_dags/tutorial_taskflow_api.py for tasks to queue
[2025-08-07T15:55:37.712+0700] {logging_mixin.py:154} INFO - [2025-08-07T15:55:37.711+0700] {dagbag.py:536} INFO - Filling up the DagBag from /home/dwmhr/pln/venv/lib/python3.10/site-packages/airflow/example_dags/tutorial_taskflow_api.py
[2025-08-07T15:55:37.738+0700] {processor.py:839} INFO - DAG(s) dict_keys(['tutorial_taskflow_api']) retrieved from /home/dwmhr/pln/venv/lib/python3.10/site-packages/airflow/example_dags/tutorial_taskflow_api.py
[2025-08-07T15:55:37.818+0700] {logging_mixin.py:154} INFO - [2025-08-07T15:55:37.817+0700] {dag.py:2941} INFO - Sync 1 DAGs
[2025-08-07T15:55:37.873+0700] {logging_mixin.py:154} INFO - [2025-08-07T15:55:37.872+0700] {dag.py:3722} INFO - Setting next_dagrun for tutorial_taskflow_api to None, run_after=None
[2025-08-07T15:55:37.979+0700] {processor.py:179} INFO - Processing /home/dwmhr/pln/venv/lib/python3.10/site-packages/airflow/example_dags/tutorial_taskflow_api.py took 0.290 seconds
[2025-08-07T15:56:20.789+0700] {processor.py:157} INFO - Started process (PID=116611) to work on /home/dwmhr/pln/venv/lib/python3.10/site-packages/airflow/example_dags/tutorial_taskflow_api.py
[2025-08-07T15:56:20.794+0700] {processor.py:829} INFO - Processing file /home/dwmhr/pln/venv/lib/python3.10/site-packages/airflow/example_dags/tutorial_taskflow_api.py for tasks to queue
[2025-08-07T15:56:20.798+0700] {logging_mixin.py:154} INFO - [2025-08-07T15:56:20.797+0700] {dagbag.py:536} INFO - Filling up the DagBag from /home/dwmhr/pln/venv/lib/python3.10/site-packages/airflow/example_dags/tutorial_taskflow_api.py
[2025-08-07T15:56:20.827+0700] {processor.py:839} INFO - DAG(s) dict_keys(['tutorial_taskflow_api']) retrieved from /home/dwmhr/pln/venv/lib/python3.10/site-packages/airflow/example_dags/tutorial_taskflow_api.py
[2025-08-07T15:56:20.898+0700] {logging_mixin.py:154} INFO - [2025-08-07T15:56:20.897+0700] {dag.py:2941} INFO - Sync 1 DAGs
[2025-08-07T15:56:20.941+0700] {logging_mixin.py:154} INFO - [2025-08-07T15:56:20.940+0700] {dag.py:3722} INFO - Setting next_dagrun for tutorial_taskflow_api to None, run_after=None
[2025-08-07T15:56:21.024+0700] {processor.py:179} INFO - Processing /home/dwmhr/pln/venv/lib/python3.10/site-packages/airflow/example_dags/tutorial_taskflow_api.py took 0.251 seconds
[2025-08-07T15:56:57.437+0700] {processor.py:157} INFO - Started process (PID=116820) to work on /home/dwmhr/pln/venv/lib/python3.10/site-packages/airflow/example_dags/tutorial_taskflow_api.py
[2025-08-07T15:56:57.441+0700] {processor.py:829} INFO - Processing file /home/dwmhr/pln/venv/lib/python3.10/site-packages/airflow/example_dags/tutorial_taskflow_api.py for tasks to queue
[2025-08-07T15:56:57.443+0700] {logging_mixin.py:154} INFO - [2025-08-07T15:56:57.442+0700] {dagbag.py:536} INFO - Filling up the DagBag from /home/dwmhr/pln/venv/lib/python3.10/site-packages/airflow/example_dags/tutorial_taskflow_api.py
[2025-08-07T15:56:57.463+0700] {processor.py:839} INFO - DAG(s) dict_keys(['tutorial_taskflow_api']) retrieved from /home/dwmhr/pln/venv/lib/python3.10/site-packages/airflow/example_dags/tutorial_taskflow_api.py
[2025-08-07T15:56:57.557+0700] {logging_mixin.py:154} INFO - [2025-08-07T15:56:57.557+0700] {dag.py:2941} INFO - Sync 1 DAGs
[2025-08-07T15:56:57.599+0700] {logging_mixin.py:154} INFO - [2025-08-07T15:56:57.599+0700] {dag.py:3722} INFO - Setting next_dagrun for tutorial_taskflow_api to None, run_after=None
[2025-08-07T15:56:57.662+0700] {processor.py:179} INFO - Processing /home/dwmhr/pln/venv/lib/python3.10/site-packages/airflow/example_dags/tutorial_taskflow_api.py took 0.234 seconds
[2025-08-07T15:57:54.347+0700] {processor.py:157} INFO - Started process (PID=117143) to work on /home/dwmhr/pln/venv/lib/python3.10/site-packages/airflow/example_dags/tutorial_taskflow_api.py
[2025-08-07T15:57:54.350+0700] {processor.py:829} INFO - Processing file /home/dwmhr/pln/venv/lib/python3.10/site-packages/airflow/example_dags/tutorial_taskflow_api.py for tasks to queue
[2025-08-07T15:57:54.351+0700] {logging_mixin.py:154} INFO - [2025-08-07T15:57:54.351+0700] {dagbag.py:536} INFO - Filling up the DagBag from /home/dwmhr/pln/venv/lib/python3.10/site-packages/airflow/example_dags/tutorial_taskflow_api.py
[2025-08-07T15:57:54.366+0700] {processor.py:839} INFO - DAG(s) dict_keys(['tutorial_taskflow_api']) retrieved from /home/dwmhr/pln/venv/lib/python3.10/site-packages/airflow/example_dags/tutorial_taskflow_api.py
[2025-08-07T15:57:54.405+0700] {logging_mixin.py:154} INFO - [2025-08-07T15:57:54.404+0700] {dag.py:2941} INFO - Sync 1 DAGs
[2025-08-07T15:57:54.429+0700] {logging_mixin.py:154} INFO - [2025-08-07T15:57:54.429+0700] {dag.py:3722} INFO - Setting next_dagrun for tutorial_taskflow_api to None, run_after=None
[2025-08-07T15:57:54.510+0700] {processor.py:179} INFO - Processing /home/dwmhr/pln/venv/lib/python3.10/site-packages/airflow/example_dags/tutorial_taskflow_api.py took 0.169 seconds
[2025-08-07T15:59:42.252+0700] {processor.py:157} INFO - Started process (PID=117659) to work on /home/dwmhr/pln/venv/lib/python3.10/site-packages/airflow/example_dags/tutorial_taskflow_api.py
[2025-08-07T15:59:42.257+0700] {processor.py:829} INFO - Processing file /home/dwmhr/pln/venv/lib/python3.10/site-packages/airflow/example_dags/tutorial_taskflow_api.py for tasks to queue
[2025-08-07T15:59:42.264+0700] {logging_mixin.py:154} INFO - [2025-08-07T15:59:42.263+0700] {dagbag.py:536} INFO - Filling up the DagBag from /home/dwmhr/pln/venv/lib/python3.10/site-packages/airflow/example_dags/tutorial_taskflow_api.py
[2025-08-07T15:59:42.291+0700] {processor.py:839} INFO - DAG(s) dict_keys(['tutorial_taskflow_api']) retrieved from /home/dwmhr/pln/venv/lib/python3.10/site-packages/airflow/example_dags/tutorial_taskflow_api.py
[2025-08-07T15:59:42.373+0700] {logging_mixin.py:154} INFO - [2025-08-07T15:59:42.373+0700] {dag.py:2941} INFO - Sync 1 DAGs
[2025-08-07T15:59:42.430+0700] {logging_mixin.py:154} INFO - [2025-08-07T15:59:42.430+0700] {dag.py:3722} INFO - Setting next_dagrun for tutorial_taskflow_api to None, run_after=None
[2025-08-07T15:59:42.559+0700] {processor.py:179} INFO - Processing /home/dwmhr/pln/venv/lib/python3.10/site-packages/airflow/example_dags/tutorial_taskflow_api.py took 0.319 seconds
[2025-08-07T16:00:36.964+0700] {processor.py:157} INFO - Started process (PID=117940) to work on /home/dwmhr/pln/venv/lib/python3.10/site-packages/airflow/example_dags/tutorial_taskflow_api.py
[2025-08-07T16:00:36.967+0700] {processor.py:829} INFO - Processing file /home/dwmhr/pln/venv/lib/python3.10/site-packages/airflow/example_dags/tutorial_taskflow_api.py for tasks to queue
[2025-08-07T16:00:36.969+0700] {logging_mixin.py:154} INFO - [2025-08-07T16:00:36.968+0700] {dagbag.py:536} INFO - Filling up the DagBag from /home/dwmhr/pln/venv/lib/python3.10/site-packages/airflow/example_dags/tutorial_taskflow_api.py
[2025-08-07T16:00:36.985+0700] {processor.py:839} INFO - DAG(s) dict_keys(['tutorial_taskflow_api']) retrieved from /home/dwmhr/pln/venv/lib/python3.10/site-packages/airflow/example_dags/tutorial_taskflow_api.py
[2025-08-07T16:00:37.028+0700] {logging_mixin.py:154} INFO - [2025-08-07T16:00:37.027+0700] {dag.py:2941} INFO - Sync 1 DAGs
[2025-08-07T16:00:37.053+0700] {logging_mixin.py:154} INFO - [2025-08-07T16:00:37.052+0700] {dag.py:3722} INFO - Setting next_dagrun for tutorial_taskflow_api to None, run_after=None
[2025-08-07T16:00:37.100+0700] {processor.py:179} INFO - Processing /home/dwmhr/pln/venv/lib/python3.10/site-packages/airflow/example_dags/tutorial_taskflow_api.py took 0.144 seconds
[2025-08-07T16:01:41.844+0700] {processor.py:157} INFO - Started process (PID=118244) to work on /home/dwmhr/pln/venv/lib/python3.10/site-packages/airflow/example_dags/tutorial_taskflow_api.py
[2025-08-07T16:01:41.864+0700] {processor.py:829} INFO - Processing file /home/dwmhr/pln/venv/lib/python3.10/site-packages/airflow/example_dags/tutorial_taskflow_api.py for tasks to queue
[2025-08-07T16:01:41.906+0700] {logging_mixin.py:154} INFO - [2025-08-07T16:01:41.871+0700] {dagbag.py:536} INFO - Filling up the DagBag from /home/dwmhr/pln/venv/lib/python3.10/site-packages/airflow/example_dags/tutorial_taskflow_api.py
[2025-08-07T16:01:42.575+0700] {processor.py:839} INFO - DAG(s) dict_keys(['tutorial_taskflow_api']) retrieved from /home/dwmhr/pln/venv/lib/python3.10/site-packages/airflow/example_dags/tutorial_taskflow_api.py
[2025-08-07T16:01:50.973+0700] {logging_mixin.py:154} INFO - [2025-08-07T16:01:50.941+0700] {dag.py:2941} INFO - Sync 1 DAGs
[2025-08-07T16:01:51.180+0700] {logging_mixin.py:154} INFO - [2025-08-07T16:01:51.179+0700] {dag.py:3722} INFO - Setting next_dagrun for tutorial_taskflow_api to None, run_after=None
[2025-08-07T16:01:51.486+0700] {processor.py:179} INFO - Processing /home/dwmhr/pln/venv/lib/python3.10/site-packages/airflow/example_dags/tutorial_taskflow_api.py took 9.696 seconds
[2025-08-07T16:03:36.392+0700] {processor.py:157} INFO - Started process (PID=118751) to work on /home/dwmhr/pln/venv/lib/python3.10/site-packages/airflow/example_dags/tutorial_taskflow_api.py
[2025-08-07T16:03:36.395+0700] {processor.py:829} INFO - Processing file /home/dwmhr/pln/venv/lib/python3.10/site-packages/airflow/example_dags/tutorial_taskflow_api.py for tasks to queue
[2025-08-07T16:03:36.397+0700] {logging_mixin.py:154} INFO - [2025-08-07T16:03:36.396+0700] {dagbag.py:536} INFO - Filling up the DagBag from /home/dwmhr/pln/venv/lib/python3.10/site-packages/airflow/example_dags/tutorial_taskflow_api.py
[2025-08-07T16:03:36.419+0700] {processor.py:839} INFO - DAG(s) dict_keys(['tutorial_taskflow_api']) retrieved from /home/dwmhr/pln/venv/lib/python3.10/site-packages/airflow/example_dags/tutorial_taskflow_api.py
[2025-08-07T16:03:36.472+0700] {logging_mixin.py:154} INFO - [2025-08-07T16:03:36.472+0700] {dag.py:2941} INFO - Sync 1 DAGs
[2025-08-07T16:03:36.497+0700] {logging_mixin.py:154} INFO - [2025-08-07T16:03:36.497+0700] {dag.py:3722} INFO - Setting next_dagrun for tutorial_taskflow_api to None, run_after=None
[2025-08-07T16:03:36.542+0700] {processor.py:179} INFO - Processing /home/dwmhr/pln/venv/lib/python3.10/site-packages/airflow/example_dags/tutorial_taskflow_api.py took 0.158 seconds
[2025-08-07T16:04:47.241+0700] {processor.py:157} INFO - Started process (PID=119076) to work on /home/dwmhr/pln/venv/lib/python3.10/site-packages/airflow/example_dags/tutorial_taskflow_api.py
[2025-08-07T16:04:47.246+0700] {processor.py:829} INFO - Processing file /home/dwmhr/pln/venv/lib/python3.10/site-packages/airflow/example_dags/tutorial_taskflow_api.py for tasks to queue
[2025-08-07T16:04:47.249+0700] {logging_mixin.py:154} INFO - [2025-08-07T16:04:47.247+0700] {dagbag.py:536} INFO - Filling up the DagBag from /home/dwmhr/pln/venv/lib/python3.10/site-packages/airflow/example_dags/tutorial_taskflow_api.py
[2025-08-07T16:04:47.271+0700] {processor.py:839} INFO - DAG(s) dict_keys(['tutorial_taskflow_api']) retrieved from /home/dwmhr/pln/venv/lib/python3.10/site-packages/airflow/example_dags/tutorial_taskflow_api.py
[2025-08-07T16:04:47.323+0700] {logging_mixin.py:154} INFO - [2025-08-07T16:04:47.323+0700] {dag.py:2941} INFO - Sync 1 DAGs
[2025-08-07T16:04:47.358+0700] {logging_mixin.py:154} INFO - [2025-08-07T16:04:47.357+0700] {dag.py:3722} INFO - Setting next_dagrun for tutorial_taskflow_api to None, run_after=None
[2025-08-07T16:04:47.427+0700] {processor.py:179} INFO - Processing /home/dwmhr/pln/venv/lib/python3.10/site-packages/airflow/example_dags/tutorial_taskflow_api.py took 0.197 seconds
[2025-08-07T16:05:36.927+0700] {processor.py:157} INFO - Started process (PID=119359) to work on /home/dwmhr/pln/venv/lib/python3.10/site-packages/airflow/example_dags/tutorial_taskflow_api.py
[2025-08-07T16:05:36.930+0700] {processor.py:829} INFO - Processing file /home/dwmhr/pln/venv/lib/python3.10/site-packages/airflow/example_dags/tutorial_taskflow_api.py for tasks to queue
[2025-08-07T16:05:36.932+0700] {logging_mixin.py:154} INFO - [2025-08-07T16:05:36.931+0700] {dagbag.py:536} INFO - Filling up the DagBag from /home/dwmhr/pln/venv/lib/python3.10/site-packages/airflow/example_dags/tutorial_taskflow_api.py
[2025-08-07T16:05:36.941+0700] {processor.py:839} INFO - DAG(s) dict_keys(['tutorial_taskflow_api']) retrieved from /home/dwmhr/pln/venv/lib/python3.10/site-packages/airflow/example_dags/tutorial_taskflow_api.py
[2025-08-07T16:05:36.963+0700] {logging_mixin.py:154} INFO - [2025-08-07T16:05:36.963+0700] {dag.py:2941} INFO - Sync 1 DAGs
[2025-08-07T16:05:36.978+0700] {logging_mixin.py:154} INFO - [2025-08-07T16:05:36.978+0700] {dag.py:3722} INFO - Setting next_dagrun for tutorial_taskflow_api to None, run_after=None
[2025-08-07T16:05:37.008+0700] {processor.py:179} INFO - Processing /home/dwmhr/pln/venv/lib/python3.10/site-packages/airflow/example_dags/tutorial_taskflow_api.py took 0.085 seconds
[2025-08-07T16:06:14.774+0700] {processor.py:157} INFO - Started process (PID=119527) to work on /home/dwmhr/pln/venv/lib/python3.10/site-packages/airflow/example_dags/tutorial_taskflow_api.py
[2025-08-07T16:06:14.779+0700] {processor.py:829} INFO - Processing file /home/dwmhr/pln/venv/lib/python3.10/site-packages/airflow/example_dags/tutorial_taskflow_api.py for tasks to queue
[2025-08-07T16:06:14.784+0700] {logging_mixin.py:154} INFO - [2025-08-07T16:06:14.782+0700] {dagbag.py:536} INFO - Filling up the DagBag from /home/dwmhr/pln/venv/lib/python3.10/site-packages/airflow/example_dags/tutorial_taskflow_api.py
[2025-08-07T16:06:14.916+0700] {processor.py:839} INFO - DAG(s) dict_keys(['tutorial_taskflow_api']) retrieved from /home/dwmhr/pln/venv/lib/python3.10/site-packages/airflow/example_dags/tutorial_taskflow_api.py
[2025-08-07T16:06:15.302+0700] {logging_mixin.py:154} INFO - [2025-08-07T16:06:15.301+0700] {dag.py:2941} INFO - Sync 1 DAGs
[2025-08-07T16:06:15.458+0700] {logging_mixin.py:154} INFO - [2025-08-07T16:06:15.457+0700] {dag.py:3722} INFO - Setting next_dagrun for tutorial_taskflow_api to None, run_after=None
[2025-08-07T16:06:15.661+0700] {processor.py:179} INFO - Processing /home/dwmhr/pln/venv/lib/python3.10/site-packages/airflow/example_dags/tutorial_taskflow_api.py took 0.905 seconds
[2025-08-07T16:07:06.382+0700] {processor.py:157} INFO - Started process (PID=119788) to work on /home/dwmhr/pln/venv/lib/python3.10/site-packages/airflow/example_dags/tutorial_taskflow_api.py
[2025-08-07T16:07:06.394+0700] {processor.py:829} INFO - Processing file /home/dwmhr/pln/venv/lib/python3.10/site-packages/airflow/example_dags/tutorial_taskflow_api.py for tasks to queue
[2025-08-07T16:07:06.398+0700] {logging_mixin.py:154} INFO - [2025-08-07T16:07:06.395+0700] {dagbag.py:536} INFO - Filling up the DagBag from /home/dwmhr/pln/venv/lib/python3.10/site-packages/airflow/example_dags/tutorial_taskflow_api.py
[2025-08-07T16:07:06.412+0700] {processor.py:839} INFO - DAG(s) dict_keys(['tutorial_taskflow_api']) retrieved from /home/dwmhr/pln/venv/lib/python3.10/site-packages/airflow/example_dags/tutorial_taskflow_api.py
[2025-08-07T16:07:06.448+0700] {logging_mixin.py:154} INFO - [2025-08-07T16:07:06.448+0700] {dag.py:2941} INFO - Sync 1 DAGs
[2025-08-07T16:07:06.467+0700] {logging_mixin.py:154} INFO - [2025-08-07T16:07:06.467+0700] {dag.py:3722} INFO - Setting next_dagrun for tutorial_taskflow_api to None, run_after=None
[2025-08-07T16:07:06.507+0700] {processor.py:179} INFO - Processing /home/dwmhr/pln/venv/lib/python3.10/site-packages/airflow/example_dags/tutorial_taskflow_api.py took 0.135 seconds
[2025-08-07T16:07:44.090+0700] {processor.py:157} INFO - Started process (PID=119968) to work on /home/dwmhr/pln/venv/lib/python3.10/site-packages/airflow/example_dags/tutorial_taskflow_api.py
[2025-08-07T16:07:44.101+0700] {processor.py:829} INFO - Processing file /home/dwmhr/pln/venv/lib/python3.10/site-packages/airflow/example_dags/tutorial_taskflow_api.py for tasks to queue
[2025-08-07T16:07:44.110+0700] {logging_mixin.py:154} INFO - [2025-08-07T16:07:44.106+0700] {dagbag.py:536} INFO - Filling up the DagBag from /home/dwmhr/pln/venv/lib/python3.10/site-packages/airflow/example_dags/tutorial_taskflow_api.py
[2025-08-07T16:07:44.184+0700] {processor.py:839} INFO - DAG(s) dict_keys(['tutorial_taskflow_api']) retrieved from /home/dwmhr/pln/venv/lib/python3.10/site-packages/airflow/example_dags/tutorial_taskflow_api.py
[2025-08-07T16:07:44.362+0700] {logging_mixin.py:154} INFO - [2025-08-07T16:07:44.360+0700] {dag.py:2941} INFO - Sync 1 DAGs
[2025-08-07T16:07:44.521+0700] {logging_mixin.py:154} INFO - [2025-08-07T16:07:44.520+0700] {dag.py:3722} INFO - Setting next_dagrun for tutorial_taskflow_api to None, run_after=None
[2025-08-07T16:07:44.709+0700] {processor.py:179} INFO - Processing /home/dwmhr/pln/venv/lib/python3.10/site-packages/airflow/example_dags/tutorial_taskflow_api.py took 0.649 seconds
[2025-08-07T16:08:26.143+0700] {processor.py:157} INFO - Started process (PID=120185) to work on /home/dwmhr/pln/venv/lib/python3.10/site-packages/airflow/example_dags/tutorial_taskflow_api.py
[2025-08-07T16:08:26.151+0700] {processor.py:829} INFO - Processing file /home/dwmhr/pln/venv/lib/python3.10/site-packages/airflow/example_dags/tutorial_taskflow_api.py for tasks to queue
[2025-08-07T16:08:26.157+0700] {logging_mixin.py:154} INFO - [2025-08-07T16:08:26.155+0700] {dagbag.py:536} INFO - Filling up the DagBag from /home/dwmhr/pln/venv/lib/python3.10/site-packages/airflow/example_dags/tutorial_taskflow_api.py
[2025-08-07T16:08:26.198+0700] {processor.py:839} INFO - DAG(s) dict_keys(['tutorial_taskflow_api']) retrieved from /home/dwmhr/pln/venv/lib/python3.10/site-packages/airflow/example_dags/tutorial_taskflow_api.py
[2025-08-07T16:08:26.350+0700] {logging_mixin.py:154} INFO - [2025-08-07T16:08:26.348+0700] {dag.py:2941} INFO - Sync 1 DAGs
[2025-08-07T16:08:26.418+0700] {logging_mixin.py:154} INFO - [2025-08-07T16:08:26.417+0700] {dag.py:3722} INFO - Setting next_dagrun for tutorial_taskflow_api to None, run_after=None
[2025-08-07T16:08:26.527+0700] {processor.py:179} INFO - Processing /home/dwmhr/pln/venv/lib/python3.10/site-packages/airflow/example_dags/tutorial_taskflow_api.py took 0.405 seconds
[2025-08-07T16:08:59.703+0700] {processor.py:157} INFO - Started process (PID=120369) to work on /home/dwmhr/pln/venv/lib/python3.10/site-packages/airflow/example_dags/tutorial_taskflow_api.py
[2025-08-07T16:08:59.705+0700] {processor.py:829} INFO - Processing file /home/dwmhr/pln/venv/lib/python3.10/site-packages/airflow/example_dags/tutorial_taskflow_api.py for tasks to queue
[2025-08-07T16:08:59.706+0700] {logging_mixin.py:154} INFO - [2025-08-07T16:08:59.706+0700] {dagbag.py:536} INFO - Filling up the DagBag from /home/dwmhr/pln/venv/lib/python3.10/site-packages/airflow/example_dags/tutorial_taskflow_api.py
[2025-08-07T16:08:59.715+0700] {processor.py:839} INFO - DAG(s) dict_keys(['tutorial_taskflow_api']) retrieved from /home/dwmhr/pln/venv/lib/python3.10/site-packages/airflow/example_dags/tutorial_taskflow_api.py
[2025-08-07T16:08:59.737+0700] {logging_mixin.py:154} INFO - [2025-08-07T16:08:59.737+0700] {dag.py:2941} INFO - Sync 1 DAGs
[2025-08-07T16:08:59.752+0700] {logging_mixin.py:154} INFO - [2025-08-07T16:08:59.752+0700] {dag.py:3722} INFO - Setting next_dagrun for tutorial_taskflow_api to None, run_after=None
[2025-08-07T16:08:59.782+0700] {processor.py:179} INFO - Processing /home/dwmhr/pln/venv/lib/python3.10/site-packages/airflow/example_dags/tutorial_taskflow_api.py took 0.084 seconds
[2025-08-07T16:09:36.701+0700] {processor.py:157} INFO - Started process (PID=120531) to work on /home/dwmhr/pln/venv/lib/python3.10/site-packages/airflow/example_dags/tutorial_taskflow_api.py
[2025-08-07T16:09:36.707+0700] {processor.py:829} INFO - Processing file /home/dwmhr/pln/venv/lib/python3.10/site-packages/airflow/example_dags/tutorial_taskflow_api.py for tasks to queue
[2025-08-07T16:09:36.720+0700] {logging_mixin.py:154} INFO - [2025-08-07T16:09:36.712+0700] {dagbag.py:536} INFO - Filling up the DagBag from /home/dwmhr/pln/venv/lib/python3.10/site-packages/airflow/example_dags/tutorial_taskflow_api.py
[2025-08-07T16:09:36.770+0700] {processor.py:839} INFO - DAG(s) dict_keys(['tutorial_taskflow_api']) retrieved from /home/dwmhr/pln/venv/lib/python3.10/site-packages/airflow/example_dags/tutorial_taskflow_api.py
[2025-08-07T16:09:36.901+0700] {logging_mixin.py:154} INFO - [2025-08-07T16:09:36.899+0700] {dag.py:2941} INFO - Sync 1 DAGs
[2025-08-07T16:09:37.003+0700] {logging_mixin.py:154} INFO - [2025-08-07T16:09:37.002+0700] {dag.py:3722} INFO - Setting next_dagrun for tutorial_taskflow_api to None, run_after=None
[2025-08-07T16:09:37.180+0700] {processor.py:179} INFO - Processing /home/dwmhr/pln/venv/lib/python3.10/site-packages/airflow/example_dags/tutorial_taskflow_api.py took 0.501 seconds
[2025-08-07T16:10:18.749+0700] {processor.py:157} INFO - Started process (PID=120705) to work on /home/dwmhr/pln/venv/lib/python3.10/site-packages/airflow/example_dags/tutorial_taskflow_api.py
[2025-08-07T16:10:18.753+0700] {processor.py:829} INFO - Processing file /home/dwmhr/pln/venv/lib/python3.10/site-packages/airflow/example_dags/tutorial_taskflow_api.py for tasks to queue
[2025-08-07T16:10:18.755+0700] {logging_mixin.py:154} INFO - [2025-08-07T16:10:18.754+0700] {dagbag.py:536} INFO - Filling up the DagBag from /home/dwmhr/pln/venv/lib/python3.10/site-packages/airflow/example_dags/tutorial_taskflow_api.py
[2025-08-07T16:10:18.775+0700] {processor.py:839} INFO - DAG(s) dict_keys(['tutorial_taskflow_api']) retrieved from /home/dwmhr/pln/venv/lib/python3.10/site-packages/airflow/example_dags/tutorial_taskflow_api.py
[2025-08-07T16:10:18.824+0700] {logging_mixin.py:154} INFO - [2025-08-07T16:10:18.823+0700] {dag.py:2941} INFO - Sync 1 DAGs
[2025-08-07T16:10:18.857+0700] {logging_mixin.py:154} INFO - [2025-08-07T16:10:18.857+0700] {dag.py:3722} INFO - Setting next_dagrun for tutorial_taskflow_api to None, run_after=None
[2025-08-07T16:10:18.921+0700] {processor.py:179} INFO - Processing /home/dwmhr/pln/venv/lib/python3.10/site-packages/airflow/example_dags/tutorial_taskflow_api.py took 0.182 seconds
[2025-08-07T16:11:14.216+0700] {processor.py:157} INFO - Started process (PID=121013) to work on /home/dwmhr/pln/venv/lib/python3.10/site-packages/airflow/example_dags/tutorial_taskflow_api.py
[2025-08-07T16:11:14.224+0700] {processor.py:829} INFO - Processing file /home/dwmhr/pln/venv/lib/python3.10/site-packages/airflow/example_dags/tutorial_taskflow_api.py for tasks to queue
[2025-08-07T16:11:14.227+0700] {logging_mixin.py:154} INFO - [2025-08-07T16:11:14.225+0700] {dagbag.py:536} INFO - Filling up the DagBag from /home/dwmhr/pln/venv/lib/python3.10/site-packages/airflow/example_dags/tutorial_taskflow_api.py
[2025-08-07T16:11:14.248+0700] {processor.py:839} INFO - DAG(s) dict_keys(['tutorial_taskflow_api']) retrieved from /home/dwmhr/pln/venv/lib/python3.10/site-packages/airflow/example_dags/tutorial_taskflow_api.py
[2025-08-07T16:11:14.285+0700] {logging_mixin.py:154} INFO - [2025-08-07T16:11:14.284+0700] {dag.py:2941} INFO - Sync 1 DAGs
[2025-08-07T16:11:14.310+0700] {logging_mixin.py:154} INFO - [2025-08-07T16:11:14.310+0700] {dag.py:3722} INFO - Setting next_dagrun for tutorial_taskflow_api to None, run_after=None
[2025-08-07T16:11:14.387+0700] {processor.py:179} INFO - Processing /home/dwmhr/pln/venv/lib/python3.10/site-packages/airflow/example_dags/tutorial_taskflow_api.py took 0.179 seconds
[2025-08-07T16:12:03.968+0700] {processor.py:157} INFO - Started process (PID=121293) to work on /home/dwmhr/pln/venv/lib/python3.10/site-packages/airflow/example_dags/tutorial_taskflow_api.py
[2025-08-07T16:12:03.970+0700] {processor.py:829} INFO - Processing file /home/dwmhr/pln/venv/lib/python3.10/site-packages/airflow/example_dags/tutorial_taskflow_api.py for tasks to queue
[2025-08-07T16:12:03.972+0700] {logging_mixin.py:154} INFO - [2025-08-07T16:12:03.971+0700] {dagbag.py:536} INFO - Filling up the DagBag from /home/dwmhr/pln/venv/lib/python3.10/site-packages/airflow/example_dags/tutorial_taskflow_api.py
[2025-08-07T16:12:03.980+0700] {processor.py:839} INFO - DAG(s) dict_keys(['tutorial_taskflow_api']) retrieved from /home/dwmhr/pln/venv/lib/python3.10/site-packages/airflow/example_dags/tutorial_taskflow_api.py
[2025-08-07T16:12:04.003+0700] {logging_mixin.py:154} INFO - [2025-08-07T16:12:04.002+0700] {dag.py:2941} INFO - Sync 1 DAGs
[2025-08-07T16:12:04.017+0700] {logging_mixin.py:154} INFO - [2025-08-07T16:12:04.017+0700] {dag.py:3722} INFO - Setting next_dagrun for tutorial_taskflow_api to None, run_after=None
[2025-08-07T16:12:04.051+0700] {processor.py:179} INFO - Processing /home/dwmhr/pln/venv/lib/python3.10/site-packages/airflow/example_dags/tutorial_taskflow_api.py took 0.088 seconds
[2025-08-07T16:12:50.402+0700] {processor.py:157} INFO - Started process (PID=121566) to work on /home/dwmhr/pln/venv/lib/python3.10/site-packages/airflow/example_dags/tutorial_taskflow_api.py
[2025-08-07T16:12:50.413+0700] {processor.py:829} INFO - Processing file /home/dwmhr/pln/venv/lib/python3.10/site-packages/airflow/example_dags/tutorial_taskflow_api.py for tasks to queue
[2025-08-07T16:12:50.426+0700] {logging_mixin.py:154} INFO - [2025-08-07T16:12:50.423+0700] {dagbag.py:536} INFO - Filling up the DagBag from /home/dwmhr/pln/venv/lib/python3.10/site-packages/airflow/example_dags/tutorial_taskflow_api.py
[2025-08-07T16:12:50.486+0700] {processor.py:839} INFO - DAG(s) dict_keys(['tutorial_taskflow_api']) retrieved from /home/dwmhr/pln/venv/lib/python3.10/site-packages/airflow/example_dags/tutorial_taskflow_api.py
[2025-08-07T16:12:50.672+0700] {logging_mixin.py:154} INFO - [2025-08-07T16:12:50.670+0700] {dag.py:2941} INFO - Sync 1 DAGs
[2025-08-07T16:12:50.832+0700] {logging_mixin.py:154} INFO - [2025-08-07T16:12:50.828+0700] {dag.py:3722} INFO - Setting next_dagrun for tutorial_taskflow_api to None, run_after=None
[2025-08-07T16:12:51.060+0700] {processor.py:179} INFO - Processing /home/dwmhr/pln/venv/lib/python3.10/site-packages/airflow/example_dags/tutorial_taskflow_api.py took 0.690 seconds
[2025-08-07T16:13:38.956+0700] {processor.py:157} INFO - Started process (PID=121783) to work on /home/dwmhr/pln/venv/lib/python3.10/site-packages/airflow/example_dags/tutorial_taskflow_api.py
[2025-08-07T16:13:38.959+0700] {processor.py:829} INFO - Processing file /home/dwmhr/pln/venv/lib/python3.10/site-packages/airflow/example_dags/tutorial_taskflow_api.py for tasks to queue
[2025-08-07T16:13:38.960+0700] {logging_mixin.py:154} INFO - [2025-08-07T16:13:38.959+0700] {dagbag.py:536} INFO - Filling up the DagBag from /home/dwmhr/pln/venv/lib/python3.10/site-packages/airflow/example_dags/tutorial_taskflow_api.py
[2025-08-07T16:13:38.972+0700] {processor.py:839} INFO - DAG(s) dict_keys(['tutorial_taskflow_api']) retrieved from /home/dwmhr/pln/venv/lib/python3.10/site-packages/airflow/example_dags/tutorial_taskflow_api.py
[2025-08-07T16:13:38.999+0700] {logging_mixin.py:154} INFO - [2025-08-07T16:13:38.999+0700] {dag.py:2941} INFO - Sync 1 DAGs
[2025-08-07T16:13:39.017+0700] {logging_mixin.py:154} INFO - [2025-08-07T16:13:39.017+0700] {dag.py:3722} INFO - Setting next_dagrun for tutorial_taskflow_api to None, run_after=None
[2025-08-07T16:13:39.061+0700] {processor.py:179} INFO - Processing /home/dwmhr/pln/venv/lib/python3.10/site-packages/airflow/example_dags/tutorial_taskflow_api.py took 0.111 seconds
[2025-08-07T16:14:30.506+0700] {processor.py:157} INFO - Started process (PID=122060) to work on /home/dwmhr/pln/venv/lib/python3.10/site-packages/airflow/example_dags/tutorial_taskflow_api.py
[2025-08-07T16:14:30.509+0700] {processor.py:829} INFO - Processing file /home/dwmhr/pln/venv/lib/python3.10/site-packages/airflow/example_dags/tutorial_taskflow_api.py for tasks to queue
[2025-08-07T16:14:30.512+0700] {logging_mixin.py:154} INFO - [2025-08-07T16:14:30.511+0700] {dagbag.py:536} INFO - Filling up the DagBag from /home/dwmhr/pln/venv/lib/python3.10/site-packages/airflow/example_dags/tutorial_taskflow_api.py
[2025-08-07T16:14:30.530+0700] {processor.py:839} INFO - DAG(s) dict_keys(['tutorial_taskflow_api']) retrieved from /home/dwmhr/pln/venv/lib/python3.10/site-packages/airflow/example_dags/tutorial_taskflow_api.py
[2025-08-07T16:14:30.583+0700] {logging_mixin.py:154} INFO - [2025-08-07T16:14:30.582+0700] {dag.py:2941} INFO - Sync 1 DAGs
[2025-08-07T16:14:30.620+0700] {logging_mixin.py:154} INFO - [2025-08-07T16:14:30.619+0700] {dag.py:3722} INFO - Setting next_dagrun for tutorial_taskflow_api to None, run_after=None
[2025-08-07T16:14:30.699+0700] {processor.py:179} INFO - Processing /home/dwmhr/pln/venv/lib/python3.10/site-packages/airflow/example_dags/tutorial_taskflow_api.py took 0.205 seconds
[2025-08-07T16:15:36.819+0700] {processor.py:157} INFO - Started process (PID=122375) to work on /home/dwmhr/pln/venv/lib/python3.10/site-packages/airflow/example_dags/tutorial_taskflow_api.py
[2025-08-07T16:15:36.824+0700] {processor.py:829} INFO - Processing file /home/dwmhr/pln/venv/lib/python3.10/site-packages/airflow/example_dags/tutorial_taskflow_api.py for tasks to queue
[2025-08-07T16:15:36.828+0700] {logging_mixin.py:154} INFO - [2025-08-07T16:15:36.826+0700] {dagbag.py:536} INFO - Filling up the DagBag from /home/dwmhr/pln/venv/lib/python3.10/site-packages/airflow/example_dags/tutorial_taskflow_api.py
[2025-08-07T16:15:36.847+0700] {processor.py:839} INFO - DAG(s) dict_keys(['tutorial_taskflow_api']) retrieved from /home/dwmhr/pln/venv/lib/python3.10/site-packages/airflow/example_dags/tutorial_taskflow_api.py
[2025-08-07T16:15:36.896+0700] {logging_mixin.py:154} INFO - [2025-08-07T16:15:36.895+0700] {dag.py:2941} INFO - Sync 1 DAGs
[2025-08-07T16:15:36.926+0700] {logging_mixin.py:154} INFO - [2025-08-07T16:15:36.926+0700] {dag.py:3722} INFO - Setting next_dagrun for tutorial_taskflow_api to None, run_after=None
[2025-08-07T16:15:36.988+0700] {processor.py:179} INFO - Processing /home/dwmhr/pln/venv/lib/python3.10/site-packages/airflow/example_dags/tutorial_taskflow_api.py took 0.180 seconds
[2025-08-07T16:16:15.058+0700] {processor.py:157} INFO - Started process (PID=122605) to work on /home/dwmhr/pln/venv/lib/python3.10/site-packages/airflow/example_dags/tutorial_taskflow_api.py
[2025-08-07T16:16:15.061+0700] {processor.py:829} INFO - Processing file /home/dwmhr/pln/venv/lib/python3.10/site-packages/airflow/example_dags/tutorial_taskflow_api.py for tasks to queue
[2025-08-07T16:16:15.063+0700] {logging_mixin.py:154} INFO - [2025-08-07T16:16:15.062+0700] {dagbag.py:536} INFO - Filling up the DagBag from /home/dwmhr/pln/venv/lib/python3.10/site-packages/airflow/example_dags/tutorial_taskflow_api.py
[2025-08-07T16:16:15.078+0700] {processor.py:839} INFO - DAG(s) dict_keys(['tutorial_taskflow_api']) retrieved from /home/dwmhr/pln/venv/lib/python3.10/site-packages/airflow/example_dags/tutorial_taskflow_api.py
[2025-08-07T16:16:15.127+0700] {logging_mixin.py:154} INFO - [2025-08-07T16:16:15.126+0700] {dag.py:2941} INFO - Sync 1 DAGs
[2025-08-07T16:16:15.160+0700] {logging_mixin.py:154} INFO - [2025-08-07T16:16:15.159+0700] {dag.py:3722} INFO - Setting next_dagrun for tutorial_taskflow_api to None, run_after=None
[2025-08-07T16:16:15.354+0700] {processor.py:179} INFO - Processing /home/dwmhr/pln/venv/lib/python3.10/site-packages/airflow/example_dags/tutorial_taskflow_api.py took 0.304 seconds
[2025-08-07T16:17:10.011+0700] {processor.py:157} INFO - Started process (PID=122863) to work on /home/dwmhr/pln/venv/lib/python3.10/site-packages/airflow/example_dags/tutorial_taskflow_api.py
[2025-08-07T16:17:10.017+0700] {processor.py:829} INFO - Processing file /home/dwmhr/pln/venv/lib/python3.10/site-packages/airflow/example_dags/tutorial_taskflow_api.py for tasks to queue
[2025-08-07T16:17:10.020+0700] {logging_mixin.py:154} INFO - [2025-08-07T16:17:10.019+0700] {dagbag.py:536} INFO - Filling up the DagBag from /home/dwmhr/pln/venv/lib/python3.10/site-packages/airflow/example_dags/tutorial_taskflow_api.py
[2025-08-07T16:17:10.047+0700] {processor.py:839} INFO - DAG(s) dict_keys(['tutorial_taskflow_api']) retrieved from /home/dwmhr/pln/venv/lib/python3.10/site-packages/airflow/example_dags/tutorial_taskflow_api.py
[2025-08-07T16:17:10.111+0700] {logging_mixin.py:154} INFO - [2025-08-07T16:17:10.110+0700] {dag.py:2941} INFO - Sync 1 DAGs
[2025-08-07T16:17:10.144+0700] {logging_mixin.py:154} INFO - [2025-08-07T16:17:10.144+0700] {dag.py:3722} INFO - Setting next_dagrun for tutorial_taskflow_api to None, run_after=None
[2025-08-07T16:17:10.222+0700] {processor.py:179} INFO - Processing /home/dwmhr/pln/venv/lib/python3.10/site-packages/airflow/example_dags/tutorial_taskflow_api.py took 0.225 seconds
[2025-08-07T16:18:18.987+0700] {processor.py:157} INFO - Started process (PID=123220) to work on /home/dwmhr/pln/venv/lib/python3.10/site-packages/airflow/example_dags/tutorial_taskflow_api.py
[2025-08-07T16:18:19.002+0700] {processor.py:829} INFO - Processing file /home/dwmhr/pln/venv/lib/python3.10/site-packages/airflow/example_dags/tutorial_taskflow_api.py for tasks to queue
[2025-08-07T16:18:19.012+0700] {logging_mixin.py:154} INFO - [2025-08-07T16:18:19.005+0700] {dagbag.py:536} INFO - Filling up the DagBag from /home/dwmhr/pln/venv/lib/python3.10/site-packages/airflow/example_dags/tutorial_taskflow_api.py
[2025-08-07T16:18:19.043+0700] {processor.py:839} INFO - DAG(s) dict_keys(['tutorial_taskflow_api']) retrieved from /home/dwmhr/pln/venv/lib/python3.10/site-packages/airflow/example_dags/tutorial_taskflow_api.py
[2025-08-07T16:18:19.132+0700] {logging_mixin.py:154} INFO - [2025-08-07T16:18:19.131+0700] {dag.py:2941} INFO - Sync 1 DAGs
[2025-08-07T16:18:19.170+0700] {logging_mixin.py:154} INFO - [2025-08-07T16:18:19.170+0700] {dag.py:3722} INFO - Setting next_dagrun for tutorial_taskflow_api to None, run_after=None
[2025-08-07T16:18:19.235+0700] {processor.py:179} INFO - Processing /home/dwmhr/pln/venv/lib/python3.10/site-packages/airflow/example_dags/tutorial_taskflow_api.py took 0.280 seconds
[2025-08-07T16:19:04.916+0700] {processor.py:157} INFO - Started process (PID=123433) to work on /home/dwmhr/pln/venv/lib/python3.10/site-packages/airflow/example_dags/tutorial_taskflow_api.py
[2025-08-07T16:19:04.922+0700] {processor.py:829} INFO - Processing file /home/dwmhr/pln/venv/lib/python3.10/site-packages/airflow/example_dags/tutorial_taskflow_api.py for tasks to queue
[2025-08-07T16:19:04.929+0700] {logging_mixin.py:154} INFO - [2025-08-07T16:19:04.927+0700] {dagbag.py:536} INFO - Filling up the DagBag from /home/dwmhr/pln/venv/lib/python3.10/site-packages/airflow/example_dags/tutorial_taskflow_api.py
[2025-08-07T16:19:04.967+0700] {processor.py:839} INFO - DAG(s) dict_keys(['tutorial_taskflow_api']) retrieved from /home/dwmhr/pln/venv/lib/python3.10/site-packages/airflow/example_dags/tutorial_taskflow_api.py
[2025-08-07T16:19:05.092+0700] {logging_mixin.py:154} INFO - [2025-08-07T16:19:05.090+0700] {dag.py:2941} INFO - Sync 1 DAGs
[2025-08-07T16:19:05.169+0700] {logging_mixin.py:154} INFO - [2025-08-07T16:19:05.168+0700] {dag.py:3722} INFO - Setting next_dagrun for tutorial_taskflow_api to None, run_after=None
[2025-08-07T16:19:05.320+0700] {processor.py:179} INFO - Processing /home/dwmhr/pln/venv/lib/python3.10/site-packages/airflow/example_dags/tutorial_taskflow_api.py took 0.423 seconds
[2025-08-07T16:26:44.213+0700] {processor.py:157} INFO - Started process (PID=125367) to work on /home/dwmhr/pln/venv/lib/python3.10/site-packages/airflow/example_dags/tutorial_taskflow_api.py
[2025-08-07T16:26:44.217+0700] {processor.py:829} INFO - Processing file /home/dwmhr/pln/venv/lib/python3.10/site-packages/airflow/example_dags/tutorial_taskflow_api.py for tasks to queue
[2025-08-07T16:26:44.219+0700] {logging_mixin.py:154} INFO - [2025-08-07T16:26:44.219+0700] {dagbag.py:536} INFO - Filling up the DagBag from /home/dwmhr/pln/venv/lib/python3.10/site-packages/airflow/example_dags/tutorial_taskflow_api.py
[2025-08-07T16:26:44.239+0700] {processor.py:839} INFO - DAG(s) dict_keys(['tutorial_taskflow_api']) retrieved from /home/dwmhr/pln/venv/lib/python3.10/site-packages/airflow/example_dags/tutorial_taskflow_api.py
[2025-08-07T16:26:44.295+0700] {logging_mixin.py:154} INFO - [2025-08-07T16:26:44.294+0700] {dag.py:2941} INFO - Sync 1 DAGs
[2025-08-07T16:26:44.320+0700] {logging_mixin.py:154} INFO - [2025-08-07T16:26:44.319+0700] {dag.py:3722} INFO - Setting next_dagrun for tutorial_taskflow_api to None, run_after=None
[2025-08-07T16:26:44.367+0700] {processor.py:179} INFO - Processing /home/dwmhr/pln/venv/lib/python3.10/site-packages/airflow/example_dags/tutorial_taskflow_api.py took 0.163 seconds
[2025-08-07T16:27:40.667+0700] {processor.py:157} INFO - Started process (PID=125661) to work on /home/dwmhr/pln/venv/lib/python3.10/site-packages/airflow/example_dags/tutorial_taskflow_api.py
[2025-08-07T16:27:40.669+0700] {processor.py:829} INFO - Processing file /home/dwmhr/pln/venv/lib/python3.10/site-packages/airflow/example_dags/tutorial_taskflow_api.py for tasks to queue
[2025-08-07T16:27:40.669+0700] {logging_mixin.py:154} INFO - [2025-08-07T16:27:40.669+0700] {dagbag.py:536} INFO - Filling up the DagBag from /home/dwmhr/pln/venv/lib/python3.10/site-packages/airflow/example_dags/tutorial_taskflow_api.py
[2025-08-07T16:27:40.676+0700] {processor.py:839} INFO - DAG(s) dict_keys(['tutorial_taskflow_api']) retrieved from /home/dwmhr/pln/venv/lib/python3.10/site-packages/airflow/example_dags/tutorial_taskflow_api.py
[2025-08-07T16:27:40.690+0700] {logging_mixin.py:154} INFO - [2025-08-07T16:27:40.690+0700] {dag.py:2941} INFO - Sync 1 DAGs
[2025-08-07T16:27:40.795+0700] {logging_mixin.py:154} INFO - [2025-08-07T16:27:40.795+0700] {dag.py:3722} INFO - Setting next_dagrun for tutorial_taskflow_api to None, run_after=None
[2025-08-07T16:27:40.812+0700] {processor.py:179} INFO - Processing /home/dwmhr/pln/venv/lib/python3.10/site-packages/airflow/example_dags/tutorial_taskflow_api.py took 0.148 seconds
[2025-08-07T16:28:21.417+0700] {processor.py:157} INFO - Started process (PID=125839) to work on /home/dwmhr/pln/venv/lib/python3.10/site-packages/airflow/example_dags/tutorial_taskflow_api.py
[2025-08-07T16:28:21.423+0700] {processor.py:829} INFO - Processing file /home/dwmhr/pln/venv/lib/python3.10/site-packages/airflow/example_dags/tutorial_taskflow_api.py for tasks to queue
[2025-08-07T16:28:21.427+0700] {logging_mixin.py:154} INFO - [2025-08-07T16:28:21.425+0700] {dagbag.py:536} INFO - Filling up the DagBag from /home/dwmhr/pln/venv/lib/python3.10/site-packages/airflow/example_dags/tutorial_taskflow_api.py
[2025-08-07T16:28:21.467+0700] {processor.py:839} INFO - DAG(s) dict_keys(['tutorial_taskflow_api']) retrieved from /home/dwmhr/pln/venv/lib/python3.10/site-packages/airflow/example_dags/tutorial_taskflow_api.py
[2025-08-07T16:28:21.559+0700] {logging_mixin.py:154} INFO - [2025-08-07T16:28:21.559+0700] {dag.py:2941} INFO - Sync 1 DAGs
[2025-08-07T16:28:21.636+0700] {logging_mixin.py:154} INFO - [2025-08-07T16:28:21.635+0700] {dag.py:3722} INFO - Setting next_dagrun for tutorial_taskflow_api to None, run_after=None
[2025-08-07T16:28:21.729+0700] {processor.py:179} INFO - Processing /home/dwmhr/pln/venv/lib/python3.10/site-packages/airflow/example_dags/tutorial_taskflow_api.py took 0.328 seconds
[2025-08-07T16:29:05.415+0700] {processor.py:157} INFO - Started process (PID=126026) to work on /home/dwmhr/pln/venv/lib/python3.10/site-packages/airflow/example_dags/tutorial_taskflow_api.py
[2025-08-07T16:29:05.418+0700] {processor.py:829} INFO - Processing file /home/dwmhr/pln/venv/lib/python3.10/site-packages/airflow/example_dags/tutorial_taskflow_api.py for tasks to queue
[2025-08-07T16:29:05.420+0700] {logging_mixin.py:154} INFO - [2025-08-07T16:29:05.419+0700] {dagbag.py:536} INFO - Filling up the DagBag from /home/dwmhr/pln/venv/lib/python3.10/site-packages/airflow/example_dags/tutorial_taskflow_api.py
[2025-08-07T16:29:05.435+0700] {processor.py:839} INFO - DAG(s) dict_keys(['tutorial_taskflow_api']) retrieved from /home/dwmhr/pln/venv/lib/python3.10/site-packages/airflow/example_dags/tutorial_taskflow_api.py
[2025-08-07T16:29:05.479+0700] {logging_mixin.py:154} INFO - [2025-08-07T16:29:05.478+0700] {dag.py:2941} INFO - Sync 1 DAGs
[2025-08-07T16:29:05.506+0700] {logging_mixin.py:154} INFO - [2025-08-07T16:29:05.506+0700] {dag.py:3722} INFO - Setting next_dagrun for tutorial_taskflow_api to None, run_after=None
[2025-08-07T16:29:05.558+0700] {processor.py:179} INFO - Processing /home/dwmhr/pln/venv/lib/python3.10/site-packages/airflow/example_dags/tutorial_taskflow_api.py took 0.152 seconds
[2025-08-07T16:30:03.558+0700] {processor.py:157} INFO - Started process (PID=126307) to work on /home/dwmhr/pln/venv/lib/python3.10/site-packages/airflow/example_dags/tutorial_taskflow_api.py
[2025-08-07T16:30:03.563+0700] {processor.py:829} INFO - Processing file /home/dwmhr/pln/venv/lib/python3.10/site-packages/airflow/example_dags/tutorial_taskflow_api.py for tasks to queue
[2025-08-07T16:30:03.566+0700] {logging_mixin.py:154} INFO - [2025-08-07T16:30:03.565+0700] {dagbag.py:536} INFO - Filling up the DagBag from /home/dwmhr/pln/venv/lib/python3.10/site-packages/airflow/example_dags/tutorial_taskflow_api.py
[2025-08-07T16:30:03.585+0700] {processor.py:839} INFO - DAG(s) dict_keys(['tutorial_taskflow_api']) retrieved from /home/dwmhr/pln/venv/lib/python3.10/site-packages/airflow/example_dags/tutorial_taskflow_api.py
[2025-08-07T16:30:03.634+0700] {logging_mixin.py:154} INFO - [2025-08-07T16:30:03.633+0700] {dag.py:2941} INFO - Sync 1 DAGs
[2025-08-07T16:30:03.664+0700] {logging_mixin.py:154} INFO - [2025-08-07T16:30:03.663+0700] {dag.py:3722} INFO - Setting next_dagrun for tutorial_taskflow_api to None, run_after=None
[2025-08-07T16:30:03.732+0700] {processor.py:179} INFO - Processing /home/dwmhr/pln/venv/lib/python3.10/site-packages/airflow/example_dags/tutorial_taskflow_api.py took 0.184 seconds
[2025-08-07T16:30:56.665+0700] {processor.py:157} INFO - Started process (PID=126594) to work on /home/dwmhr/pln/venv/lib/python3.10/site-packages/airflow/example_dags/tutorial_taskflow_api.py
[2025-08-07T16:30:56.671+0700] {processor.py:829} INFO - Processing file /home/dwmhr/pln/venv/lib/python3.10/site-packages/airflow/example_dags/tutorial_taskflow_api.py for tasks to queue
[2025-08-07T16:30:56.679+0700] {logging_mixin.py:154} INFO - [2025-08-07T16:30:56.675+0700] {dagbag.py:536} INFO - Filling up the DagBag from /home/dwmhr/pln/venv/lib/python3.10/site-packages/airflow/example_dags/tutorial_taskflow_api.py
[2025-08-07T16:30:56.695+0700] {processor.py:839} INFO - DAG(s) dict_keys(['tutorial_taskflow_api']) retrieved from /home/dwmhr/pln/venv/lib/python3.10/site-packages/airflow/example_dags/tutorial_taskflow_api.py
[2025-08-07T16:30:56.745+0700] {logging_mixin.py:154} INFO - [2025-08-07T16:30:56.745+0700] {dag.py:2941} INFO - Sync 1 DAGs
[2025-08-07T16:30:56.779+0700] {logging_mixin.py:154} INFO - [2025-08-07T16:30:56.778+0700] {dag.py:3722} INFO - Setting next_dagrun for tutorial_taskflow_api to None, run_after=None
[2025-08-07T16:30:56.839+0700] {processor.py:179} INFO - Processing /home/dwmhr/pln/venv/lib/python3.10/site-packages/airflow/example_dags/tutorial_taskflow_api.py took 0.185 seconds
[2025-08-07T16:32:08.562+0700] {processor.py:157} INFO - Started process (PID=126943) to work on /home/dwmhr/pln/venv/lib/python3.10/site-packages/airflow/example_dags/tutorial_taskflow_api.py
[2025-08-07T16:32:08.568+0700] {processor.py:829} INFO - Processing file /home/dwmhr/pln/venv/lib/python3.10/site-packages/airflow/example_dags/tutorial_taskflow_api.py for tasks to queue
[2025-08-07T16:32:08.575+0700] {logging_mixin.py:154} INFO - [2025-08-07T16:32:08.573+0700] {dagbag.py:536} INFO - Filling up the DagBag from /home/dwmhr/pln/venv/lib/python3.10/site-packages/airflow/example_dags/tutorial_taskflow_api.py
[2025-08-07T16:32:08.611+0700] {processor.py:839} INFO - DAG(s) dict_keys(['tutorial_taskflow_api']) retrieved from /home/dwmhr/pln/venv/lib/python3.10/site-packages/airflow/example_dags/tutorial_taskflow_api.py
[2025-08-07T16:32:08.714+0700] {logging_mixin.py:154} INFO - [2025-08-07T16:32:08.710+0700] {dag.py:2941} INFO - Sync 1 DAGs
[2025-08-07T16:32:08.862+0700] {logging_mixin.py:154} INFO - [2025-08-07T16:32:08.861+0700] {dag.py:3722} INFO - Setting next_dagrun for tutorial_taskflow_api to None, run_after=None
[2025-08-07T16:32:09.120+0700] {processor.py:179} INFO - Processing /home/dwmhr/pln/venv/lib/python3.10/site-packages/airflow/example_dags/tutorial_taskflow_api.py took 0.581 seconds
[2025-08-07T16:33:21.680+0700] {processor.py:157} INFO - Started process (PID=127218) to work on /home/dwmhr/pln/venv/lib/python3.10/site-packages/airflow/example_dags/tutorial_taskflow_api.py
[2025-08-07T16:33:21.686+0700] {processor.py:829} INFO - Processing file /home/dwmhr/pln/venv/lib/python3.10/site-packages/airflow/example_dags/tutorial_taskflow_api.py for tasks to queue
[2025-08-07T16:33:21.688+0700] {logging_mixin.py:154} INFO - [2025-08-07T16:33:21.687+0700] {dagbag.py:536} INFO - Filling up the DagBag from /home/dwmhr/pln/venv/lib/python3.10/site-packages/airflow/example_dags/tutorial_taskflow_api.py
[2025-08-07T16:33:21.703+0700] {processor.py:839} INFO - DAG(s) dict_keys(['tutorial_taskflow_api']) retrieved from /home/dwmhr/pln/venv/lib/python3.10/site-packages/airflow/example_dags/tutorial_taskflow_api.py
[2025-08-07T16:33:21.742+0700] {logging_mixin.py:154} INFO - [2025-08-07T16:33:21.742+0700] {dag.py:2941} INFO - Sync 1 DAGs
[2025-08-07T16:33:21.769+0700] {logging_mixin.py:154} INFO - [2025-08-07T16:33:21.769+0700] {dag.py:3722} INFO - Setting next_dagrun for tutorial_taskflow_api to None, run_after=None
[2025-08-07T16:33:21.826+0700] {processor.py:179} INFO - Processing /home/dwmhr/pln/venv/lib/python3.10/site-packages/airflow/example_dags/tutorial_taskflow_api.py took 0.154 seconds
[2025-08-07T16:34:18.121+0700] {processor.py:157} INFO - Started process (PID=127454) to work on /home/dwmhr/pln/venv/lib/python3.10/site-packages/airflow/example_dags/tutorial_taskflow_api.py
[2025-08-07T16:34:18.127+0700] {processor.py:829} INFO - Processing file /home/dwmhr/pln/venv/lib/python3.10/site-packages/airflow/example_dags/tutorial_taskflow_api.py for tasks to queue
[2025-08-07T16:34:18.128+0700] {logging_mixin.py:154} INFO - [2025-08-07T16:34:18.128+0700] {dagbag.py:536} INFO - Filling up the DagBag from /home/dwmhr/pln/venv/lib/python3.10/site-packages/airflow/example_dags/tutorial_taskflow_api.py
[2025-08-07T16:34:18.139+0700] {processor.py:839} INFO - DAG(s) dict_keys(['tutorial_taskflow_api']) retrieved from /home/dwmhr/pln/venv/lib/python3.10/site-packages/airflow/example_dags/tutorial_taskflow_api.py
[2025-08-07T16:34:18.169+0700] {logging_mixin.py:154} INFO - [2025-08-07T16:34:18.169+0700] {dag.py:2941} INFO - Sync 1 DAGs
[2025-08-07T16:34:18.188+0700] {logging_mixin.py:154} INFO - [2025-08-07T16:34:18.187+0700] {dag.py:3722} INFO - Setting next_dagrun for tutorial_taskflow_api to None, run_after=None
[2025-08-07T16:34:18.226+0700] {processor.py:179} INFO - Processing /home/dwmhr/pln/venv/lib/python3.10/site-packages/airflow/example_dags/tutorial_taskflow_api.py took 0.111 seconds
[2025-08-07T16:35:14.733+0700] {processor.py:157} INFO - Started process (PID=127696) to work on /home/dwmhr/pln/venv/lib/python3.10/site-packages/airflow/example_dags/tutorial_taskflow_api.py
[2025-08-07T16:35:14.738+0700] {processor.py:829} INFO - Processing file /home/dwmhr/pln/venv/lib/python3.10/site-packages/airflow/example_dags/tutorial_taskflow_api.py for tasks to queue
[2025-08-07T16:35:14.741+0700] {logging_mixin.py:154} INFO - [2025-08-07T16:35:14.740+0700] {dagbag.py:536} INFO - Filling up the DagBag from /home/dwmhr/pln/venv/lib/python3.10/site-packages/airflow/example_dags/tutorial_taskflow_api.py
[2025-08-07T16:35:14.757+0700] {processor.py:839} INFO - DAG(s) dict_keys(['tutorial_taskflow_api']) retrieved from /home/dwmhr/pln/venv/lib/python3.10/site-packages/airflow/example_dags/tutorial_taskflow_api.py
[2025-08-07T16:35:14.805+0700] {logging_mixin.py:154} INFO - [2025-08-07T16:35:14.804+0700] {dag.py:2941} INFO - Sync 1 DAGs
[2025-08-07T16:35:14.834+0700] {logging_mixin.py:154} INFO - [2025-08-07T16:35:14.834+0700] {dag.py:3722} INFO - Setting next_dagrun for tutorial_taskflow_api to None, run_after=None
[2025-08-07T16:35:14.896+0700] {processor.py:179} INFO - Processing /home/dwmhr/pln/venv/lib/python3.10/site-packages/airflow/example_dags/tutorial_taskflow_api.py took 0.172 seconds
[2025-08-07T16:35:59.564+0700] {processor.py:157} INFO - Started process (PID=127873) to work on /home/dwmhr/pln/venv/lib/python3.10/site-packages/airflow/example_dags/tutorial_taskflow_api.py
[2025-08-07T16:35:59.569+0700] {processor.py:829} INFO - Processing file /home/dwmhr/pln/venv/lib/python3.10/site-packages/airflow/example_dags/tutorial_taskflow_api.py for tasks to queue
[2025-08-07T16:35:59.570+0700] {logging_mixin.py:154} INFO - [2025-08-07T16:35:59.570+0700] {dagbag.py:536} INFO - Filling up the DagBag from /home/dwmhr/pln/venv/lib/python3.10/site-packages/airflow/example_dags/tutorial_taskflow_api.py
[2025-08-07T16:35:59.576+0700] {processor.py:839} INFO - DAG(s) dict_keys(['tutorial_taskflow_api']) retrieved from /home/dwmhr/pln/venv/lib/python3.10/site-packages/airflow/example_dags/tutorial_taskflow_api.py
[2025-08-07T16:35:59.592+0700] {logging_mixin.py:154} INFO - [2025-08-07T16:35:59.592+0700] {dag.py:2941} INFO - Sync 1 DAGs
[2025-08-07T16:35:59.603+0700] {logging_mixin.py:154} INFO - [2025-08-07T16:35:59.603+0700] {dag.py:3722} INFO - Setting next_dagrun for tutorial_taskflow_api to None, run_after=None
[2025-08-07T16:35:59.632+0700] {processor.py:179} INFO - Processing /home/dwmhr/pln/venv/lib/python3.10/site-packages/airflow/example_dags/tutorial_taskflow_api.py took 0.071 seconds
[2025-08-07T16:36:38.494+0700] {processor.py:157} INFO - Started process (PID=128035) to work on /home/dwmhr/pln/venv/lib/python3.10/site-packages/airflow/example_dags/tutorial_taskflow_api.py
[2025-08-07T16:36:38.496+0700] {processor.py:829} INFO - Processing file /home/dwmhr/pln/venv/lib/python3.10/site-packages/airflow/example_dags/tutorial_taskflow_api.py for tasks to queue
[2025-08-07T16:36:38.497+0700] {logging_mixin.py:154} INFO - [2025-08-07T16:36:38.496+0700] {dagbag.py:536} INFO - Filling up the DagBag from /home/dwmhr/pln/venv/lib/python3.10/site-packages/airflow/example_dags/tutorial_taskflow_api.py
[2025-08-07T16:36:38.510+0700] {processor.py:839} INFO - DAG(s) dict_keys(['tutorial_taskflow_api']) retrieved from /home/dwmhr/pln/venv/lib/python3.10/site-packages/airflow/example_dags/tutorial_taskflow_api.py
[2025-08-07T16:36:38.541+0700] {logging_mixin.py:154} INFO - [2025-08-07T16:36:38.541+0700] {dag.py:2941} INFO - Sync 1 DAGs
[2025-08-07T16:36:38.562+0700] {logging_mixin.py:154} INFO - [2025-08-07T16:36:38.562+0700] {dag.py:3722} INFO - Setting next_dagrun for tutorial_taskflow_api to None, run_after=None
[2025-08-07T16:36:38.607+0700] {processor.py:179} INFO - Processing /home/dwmhr/pln/venv/lib/python3.10/site-packages/airflow/example_dags/tutorial_taskflow_api.py took 0.121 seconds
[2025-08-07T16:37:19.349+0700] {processor.py:157} INFO - Started process (PID=128211) to work on /home/dwmhr/pln/venv/lib/python3.10/site-packages/airflow/example_dags/tutorial_taskflow_api.py
[2025-08-07T16:37:19.355+0700] {processor.py:829} INFO - Processing file /home/dwmhr/pln/venv/lib/python3.10/site-packages/airflow/example_dags/tutorial_taskflow_api.py for tasks to queue
[2025-08-07T16:37:19.358+0700] {logging_mixin.py:154} INFO - [2025-08-07T16:37:19.357+0700] {dagbag.py:536} INFO - Filling up the DagBag from /home/dwmhr/pln/venv/lib/python3.10/site-packages/airflow/example_dags/tutorial_taskflow_api.py
[2025-08-07T16:37:19.383+0700] {processor.py:839} INFO - DAG(s) dict_keys(['tutorial_taskflow_api']) retrieved from /home/dwmhr/pln/venv/lib/python3.10/site-packages/airflow/example_dags/tutorial_taskflow_api.py
[2025-08-07T16:37:19.447+0700] {logging_mixin.py:154} INFO - [2025-08-07T16:37:19.446+0700] {dag.py:2941} INFO - Sync 1 DAGs
[2025-08-07T16:37:19.491+0700] {logging_mixin.py:154} INFO - [2025-08-07T16:37:19.490+0700] {dag.py:3722} INFO - Setting next_dagrun for tutorial_taskflow_api to None, run_after=None
[2025-08-07T16:37:19.568+0700] {processor.py:179} INFO - Processing /home/dwmhr/pln/venv/lib/python3.10/site-packages/airflow/example_dags/tutorial_taskflow_api.py took 0.233 seconds
[2025-08-07T16:38:21.247+0700] {processor.py:157} INFO - Started process (PID=128454) to work on /home/dwmhr/pln/venv/lib/python3.10/site-packages/airflow/example_dags/tutorial_taskflow_api.py
[2025-08-07T16:38:21.255+0700] {processor.py:829} INFO - Processing file /home/dwmhr/pln/venv/lib/python3.10/site-packages/airflow/example_dags/tutorial_taskflow_api.py for tasks to queue
[2025-08-07T16:38:21.261+0700] {logging_mixin.py:154} INFO - [2025-08-07T16:38:21.258+0700] {dagbag.py:536} INFO - Filling up the DagBag from /home/dwmhr/pln/venv/lib/python3.10/site-packages/airflow/example_dags/tutorial_taskflow_api.py
[2025-08-07T16:38:21.303+0700] {processor.py:839} INFO - DAG(s) dict_keys(['tutorial_taskflow_api']) retrieved from /home/dwmhr/pln/venv/lib/python3.10/site-packages/airflow/example_dags/tutorial_taskflow_api.py
[2025-08-07T16:38:21.408+0700] {logging_mixin.py:154} INFO - [2025-08-07T16:38:21.407+0700] {dag.py:2941} INFO - Sync 1 DAGs
[2025-08-07T16:38:21.486+0700] {logging_mixin.py:154} INFO - [2025-08-07T16:38:21.485+0700] {dag.py:3722} INFO - Setting next_dagrun for tutorial_taskflow_api to None, run_after=None
[2025-08-07T16:38:21.637+0700] {processor.py:179} INFO - Processing /home/dwmhr/pln/venv/lib/python3.10/site-packages/airflow/example_dags/tutorial_taskflow_api.py took 0.413 seconds
[2025-08-07T16:38:56.468+0700] {processor.py:157} INFO - Started process (PID=128619) to work on /home/dwmhr/pln/venv/lib/python3.10/site-packages/airflow/example_dags/tutorial_taskflow_api.py
[2025-08-07T16:38:56.471+0700] {processor.py:829} INFO - Processing file /home/dwmhr/pln/venv/lib/python3.10/site-packages/airflow/example_dags/tutorial_taskflow_api.py for tasks to queue
[2025-08-07T16:38:56.472+0700] {logging_mixin.py:154} INFO - [2025-08-07T16:38:56.471+0700] {dagbag.py:536} INFO - Filling up the DagBag from /home/dwmhr/pln/venv/lib/python3.10/site-packages/airflow/example_dags/tutorial_taskflow_api.py
[2025-08-07T16:38:56.484+0700] {processor.py:839} INFO - DAG(s) dict_keys(['tutorial_taskflow_api']) retrieved from /home/dwmhr/pln/venv/lib/python3.10/site-packages/airflow/example_dags/tutorial_taskflow_api.py
[2025-08-07T16:38:56.510+0700] {logging_mixin.py:154} INFO - [2025-08-07T16:38:56.510+0700] {dag.py:2941} INFO - Sync 1 DAGs
[2025-08-07T16:38:56.528+0700] {logging_mixin.py:154} INFO - [2025-08-07T16:38:56.527+0700] {dag.py:3722} INFO - Setting next_dagrun for tutorial_taskflow_api to None, run_after=None
[2025-08-07T16:38:56.575+0700] {processor.py:179} INFO - Processing /home/dwmhr/pln/venv/lib/python3.10/site-packages/airflow/example_dags/tutorial_taskflow_api.py took 0.113 seconds
[2025-08-07T16:39:44.039+0700] {processor.py:157} INFO - Started process (PID=128812) to work on /home/dwmhr/pln/venv/lib/python3.10/site-packages/airflow/example_dags/tutorial_taskflow_api.py
[2025-08-07T16:39:44.041+0700] {processor.py:829} INFO - Processing file /home/dwmhr/pln/venv/lib/python3.10/site-packages/airflow/example_dags/tutorial_taskflow_api.py for tasks to queue
[2025-08-07T16:39:44.044+0700] {logging_mixin.py:154} INFO - [2025-08-07T16:39:44.043+0700] {dagbag.py:536} INFO - Filling up the DagBag from /home/dwmhr/pln/venv/lib/python3.10/site-packages/airflow/example_dags/tutorial_taskflow_api.py
[2025-08-07T16:39:44.056+0700] {processor.py:839} INFO - DAG(s) dict_keys(['tutorial_taskflow_api']) retrieved from /home/dwmhr/pln/venv/lib/python3.10/site-packages/airflow/example_dags/tutorial_taskflow_api.py
[2025-08-07T16:39:44.090+0700] {logging_mixin.py:154} INFO - [2025-08-07T16:39:44.090+0700] {dag.py:2941} INFO - Sync 1 DAGs
[2025-08-07T16:39:44.115+0700] {logging_mixin.py:154} INFO - [2025-08-07T16:39:44.115+0700] {dag.py:3722} INFO - Setting next_dagrun for tutorial_taskflow_api to None, run_after=None
[2025-08-07T16:39:44.157+0700] {processor.py:179} INFO - Processing /home/dwmhr/pln/venv/lib/python3.10/site-packages/airflow/example_dags/tutorial_taskflow_api.py took 0.126 seconds
[2025-08-07T16:40:24.816+0700] {processor.py:157} INFO - Started process (PID=128966) to work on /home/dwmhr/pln/venv/lib/python3.10/site-packages/airflow/example_dags/tutorial_taskflow_api.py
[2025-08-07T16:40:24.828+0700] {processor.py:829} INFO - Processing file /home/dwmhr/pln/venv/lib/python3.10/site-packages/airflow/example_dags/tutorial_taskflow_api.py for tasks to queue
[2025-08-07T16:40:24.837+0700] {logging_mixin.py:154} INFO - [2025-08-07T16:40:24.833+0700] {dagbag.py:536} INFO - Filling up the DagBag from /home/dwmhr/pln/venv/lib/python3.10/site-packages/airflow/example_dags/tutorial_taskflow_api.py
[2025-08-07T16:40:24.889+0700] {processor.py:839} INFO - DAG(s) dict_keys(['tutorial_taskflow_api']) retrieved from /home/dwmhr/pln/venv/lib/python3.10/site-packages/airflow/example_dags/tutorial_taskflow_api.py
[2025-08-07T16:40:25.456+0700] {logging_mixin.py:154} INFO - [2025-08-07T16:40:25.455+0700] {dag.py:2941} INFO - Sync 1 DAGs
[2025-08-07T16:40:25.779+0700] {logging_mixin.py:154} INFO - [2025-08-07T16:40:25.778+0700] {dag.py:3722} INFO - Setting next_dagrun for tutorial_taskflow_api to None, run_after=None
[2025-08-07T16:40:26.077+0700] {processor.py:179} INFO - Processing /home/dwmhr/pln/venv/lib/python3.10/site-packages/airflow/example_dags/tutorial_taskflow_api.py took 1.301 seconds
[2025-08-07T16:41:05.430+0700] {processor.py:157} INFO - Started process (PID=129141) to work on /home/dwmhr/pln/venv/lib/python3.10/site-packages/airflow/example_dags/tutorial_taskflow_api.py
[2025-08-07T16:41:05.435+0700] {processor.py:829} INFO - Processing file /home/dwmhr/pln/venv/lib/python3.10/site-packages/airflow/example_dags/tutorial_taskflow_api.py for tasks to queue
[2025-08-07T16:41:05.436+0700] {logging_mixin.py:154} INFO - [2025-08-07T16:41:05.436+0700] {dagbag.py:536} INFO - Filling up the DagBag from /home/dwmhr/pln/venv/lib/python3.10/site-packages/airflow/example_dags/tutorial_taskflow_api.py
[2025-08-07T16:41:05.446+0700] {processor.py:839} INFO - DAG(s) dict_keys(['tutorial_taskflow_api']) retrieved from /home/dwmhr/pln/venv/lib/python3.10/site-packages/airflow/example_dags/tutorial_taskflow_api.py
[2025-08-07T16:41:05.469+0700] {logging_mixin.py:154} INFO - [2025-08-07T16:41:05.469+0700] {dag.py:2941} INFO - Sync 1 DAGs
[2025-08-07T16:41:05.484+0700] {logging_mixin.py:154} INFO - [2025-08-07T16:41:05.484+0700] {dag.py:3722} INFO - Setting next_dagrun for tutorial_taskflow_api to None, run_after=None
[2025-08-07T16:41:05.513+0700] {processor.py:179} INFO - Processing /home/dwmhr/pln/venv/lib/python3.10/site-packages/airflow/example_dags/tutorial_taskflow_api.py took 0.088 seconds
[2025-08-07T16:41:55.269+0700] {processor.py:157} INFO - Started process (PID=129351) to work on /home/dwmhr/pln/venv/lib/python3.10/site-packages/airflow/example_dags/tutorial_taskflow_api.py
[2025-08-07T16:41:55.271+0700] {processor.py:829} INFO - Processing file /home/dwmhr/pln/venv/lib/python3.10/site-packages/airflow/example_dags/tutorial_taskflow_api.py for tasks to queue
[2025-08-07T16:41:55.273+0700] {logging_mixin.py:154} INFO - [2025-08-07T16:41:55.272+0700] {dagbag.py:536} INFO - Filling up the DagBag from /home/dwmhr/pln/venv/lib/python3.10/site-packages/airflow/example_dags/tutorial_taskflow_api.py
[2025-08-07T16:41:55.284+0700] {processor.py:839} INFO - DAG(s) dict_keys(['tutorial_taskflow_api']) retrieved from /home/dwmhr/pln/venv/lib/python3.10/site-packages/airflow/example_dags/tutorial_taskflow_api.py
[2025-08-07T16:41:55.311+0700] {logging_mixin.py:154} INFO - [2025-08-07T16:41:55.311+0700] {dag.py:2941} INFO - Sync 1 DAGs
[2025-08-07T16:41:55.330+0700] {logging_mixin.py:154} INFO - [2025-08-07T16:41:55.329+0700] {dag.py:3722} INFO - Setting next_dagrun for tutorial_taskflow_api to None, run_after=None
[2025-08-07T16:41:55.376+0700] {processor.py:179} INFO - Processing /home/dwmhr/pln/venv/lib/python3.10/site-packages/airflow/example_dags/tutorial_taskflow_api.py took 0.114 seconds
[2025-08-07T16:42:39.690+0700] {processor.py:157} INFO - Started process (PID=129534) to work on /home/dwmhr/pln/venv/lib/python3.10/site-packages/airflow/example_dags/tutorial_taskflow_api.py
[2025-08-07T16:42:39.697+0700] {processor.py:829} INFO - Processing file /home/dwmhr/pln/venv/lib/python3.10/site-packages/airflow/example_dags/tutorial_taskflow_api.py for tasks to queue
[2025-08-07T16:42:39.701+0700] {logging_mixin.py:154} INFO - [2025-08-07T16:42:39.699+0700] {dagbag.py:536} INFO - Filling up the DagBag from /home/dwmhr/pln/venv/lib/python3.10/site-packages/airflow/example_dags/tutorial_taskflow_api.py
[2025-08-07T16:42:39.731+0700] {processor.py:839} INFO - DAG(s) dict_keys(['tutorial_taskflow_api']) retrieved from /home/dwmhr/pln/venv/lib/python3.10/site-packages/airflow/example_dags/tutorial_taskflow_api.py
[2025-08-07T16:42:39.850+0700] {logging_mixin.py:154} INFO - [2025-08-07T16:42:39.849+0700] {dag.py:2941} INFO - Sync 1 DAGs
[2025-08-07T16:42:39.979+0700] {logging_mixin.py:154} INFO - [2025-08-07T16:42:39.976+0700] {dag.py:3722} INFO - Setting next_dagrun for tutorial_taskflow_api to None, run_after=None
[2025-08-07T16:42:40.311+0700] {processor.py:179} INFO - Processing /home/dwmhr/pln/venv/lib/python3.10/site-packages/airflow/example_dags/tutorial_taskflow_api.py took 0.636 seconds
[2025-08-07T16:43:39.285+0700] {processor.py:157} INFO - Started process (PID=129771) to work on /home/dwmhr/pln/venv/lib/python3.10/site-packages/airflow/example_dags/tutorial_taskflow_api.py
[2025-08-07T16:43:39.291+0700] {processor.py:829} INFO - Processing file /home/dwmhr/pln/venv/lib/python3.10/site-packages/airflow/example_dags/tutorial_taskflow_api.py for tasks to queue
[2025-08-07T16:43:39.292+0700] {logging_mixin.py:154} INFO - [2025-08-07T16:43:39.291+0700] {dagbag.py:536} INFO - Filling up the DagBag from /home/dwmhr/pln/venv/lib/python3.10/site-packages/airflow/example_dags/tutorial_taskflow_api.py
[2025-08-07T16:43:39.298+0700] {processor.py:839} INFO - DAG(s) dict_keys(['tutorial_taskflow_api']) retrieved from /home/dwmhr/pln/venv/lib/python3.10/site-packages/airflow/example_dags/tutorial_taskflow_api.py
[2025-08-07T16:43:39.311+0700] {logging_mixin.py:154} INFO - [2025-08-07T16:43:39.310+0700] {dag.py:2941} INFO - Sync 1 DAGs
[2025-08-07T16:43:39.319+0700] {logging_mixin.py:154} INFO - [2025-08-07T16:43:39.318+0700] {dag.py:3722} INFO - Setting next_dagrun for tutorial_taskflow_api to None, run_after=None
[2025-08-07T16:43:39.339+0700] {processor.py:179} INFO - Processing /home/dwmhr/pln/venv/lib/python3.10/site-packages/airflow/example_dags/tutorial_taskflow_api.py took 0.057 seconds
[2025-08-07T16:44:24.464+0700] {processor.py:157} INFO - Started process (PID=129973) to work on /home/dwmhr/pln/venv/lib/python3.10/site-packages/airflow/example_dags/tutorial_taskflow_api.py
[2025-08-07T16:44:24.466+0700] {processor.py:829} INFO - Processing file /home/dwmhr/pln/venv/lib/python3.10/site-packages/airflow/example_dags/tutorial_taskflow_api.py for tasks to queue
[2025-08-07T16:44:24.467+0700] {logging_mixin.py:154} INFO - [2025-08-07T16:44:24.466+0700] {dagbag.py:536} INFO - Filling up the DagBag from /home/dwmhr/pln/venv/lib/python3.10/site-packages/airflow/example_dags/tutorial_taskflow_api.py
[2025-08-07T16:44:24.472+0700] {processor.py:839} INFO - DAG(s) dict_keys(['tutorial_taskflow_api']) retrieved from /home/dwmhr/pln/venv/lib/python3.10/site-packages/airflow/example_dags/tutorial_taskflow_api.py
[2025-08-07T16:44:24.487+0700] {logging_mixin.py:154} INFO - [2025-08-07T16:44:24.487+0700] {dag.py:2941} INFO - Sync 1 DAGs
[2025-08-07T16:44:24.497+0700] {logging_mixin.py:154} INFO - [2025-08-07T16:44:24.496+0700] {dag.py:3722} INFO - Setting next_dagrun for tutorial_taskflow_api to None, run_after=None
[2025-08-07T16:44:24.517+0700] {processor.py:179} INFO - Processing /home/dwmhr/pln/venv/lib/python3.10/site-packages/airflow/example_dags/tutorial_taskflow_api.py took 0.056 seconds
[2025-08-07T16:45:03.593+0700] {processor.py:157} INFO - Started process (PID=130163) to work on /home/dwmhr/pln/venv/lib/python3.10/site-packages/airflow/example_dags/tutorial_taskflow_api.py
[2025-08-07T16:45:03.596+0700] {processor.py:829} INFO - Processing file /home/dwmhr/pln/venv/lib/python3.10/site-packages/airflow/example_dags/tutorial_taskflow_api.py for tasks to queue
[2025-08-07T16:45:03.599+0700] {logging_mixin.py:154} INFO - [2025-08-07T16:45:03.598+0700] {dagbag.py:536} INFO - Filling up the DagBag from /home/dwmhr/pln/venv/lib/python3.10/site-packages/airflow/example_dags/tutorial_taskflow_api.py
[2025-08-07T16:45:03.614+0700] {processor.py:839} INFO - DAG(s) dict_keys(['tutorial_taskflow_api']) retrieved from /home/dwmhr/pln/venv/lib/python3.10/site-packages/airflow/example_dags/tutorial_taskflow_api.py
[2025-08-07T16:45:03.652+0700] {logging_mixin.py:154} INFO - [2025-08-07T16:45:03.651+0700] {dag.py:2941} INFO - Sync 1 DAGs
[2025-08-07T16:45:03.675+0700] {logging_mixin.py:154} INFO - [2025-08-07T16:45:03.674+0700] {dag.py:3722} INFO - Setting next_dagrun for tutorial_taskflow_api to None, run_after=None
[2025-08-07T16:45:03.733+0700] {processor.py:179} INFO - Processing /home/dwmhr/pln/venv/lib/python3.10/site-packages/airflow/example_dags/tutorial_taskflow_api.py took 0.147 seconds
[2025-08-07T16:45:46.983+0700] {processor.py:157} INFO - Started process (PID=130363) to work on /home/dwmhr/pln/venv/lib/python3.10/site-packages/airflow/example_dags/tutorial_taskflow_api.py
[2025-08-07T16:45:46.998+0700] {processor.py:829} INFO - Processing file /home/dwmhr/pln/venv/lib/python3.10/site-packages/airflow/example_dags/tutorial_taskflow_api.py for tasks to queue
[2025-08-07T16:45:47.000+0700] {logging_mixin.py:154} INFO - [2025-08-07T16:45:47.000+0700] {dagbag.py:536} INFO - Filling up the DagBag from /home/dwmhr/pln/venv/lib/python3.10/site-packages/airflow/example_dags/tutorial_taskflow_api.py
[2025-08-07T16:45:47.015+0700] {processor.py:839} INFO - DAG(s) dict_keys(['tutorial_taskflow_api']) retrieved from /home/dwmhr/pln/venv/lib/python3.10/site-packages/airflow/example_dags/tutorial_taskflow_api.py
[2025-08-07T16:45:47.050+0700] {logging_mixin.py:154} INFO - [2025-08-07T16:45:47.050+0700] {dag.py:2941} INFO - Sync 1 DAGs
[2025-08-07T16:45:47.074+0700] {logging_mixin.py:154} INFO - [2025-08-07T16:45:47.073+0700] {dag.py:3722} INFO - Setting next_dagrun for tutorial_taskflow_api to None, run_after=None
[2025-08-07T16:45:47.129+0700] {processor.py:179} INFO - Processing /home/dwmhr/pln/venv/lib/python3.10/site-packages/airflow/example_dags/tutorial_taskflow_api.py took 0.153 seconds
[2025-08-07T16:46:52.700+0700] {processor.py:157} INFO - Started process (PID=130629) to work on /home/dwmhr/pln/venv/lib/python3.10/site-packages/airflow/example_dags/tutorial_taskflow_api.py
[2025-08-07T16:46:52.706+0700] {processor.py:829} INFO - Processing file /home/dwmhr/pln/venv/lib/python3.10/site-packages/airflow/example_dags/tutorial_taskflow_api.py for tasks to queue
[2025-08-07T16:46:52.708+0700] {logging_mixin.py:154} INFO - [2025-08-07T16:46:52.707+0700] {dagbag.py:536} INFO - Filling up the DagBag from /home/dwmhr/pln/venv/lib/python3.10/site-packages/airflow/example_dags/tutorial_taskflow_api.py
[2025-08-07T16:46:52.725+0700] {processor.py:839} INFO - DAG(s) dict_keys(['tutorial_taskflow_api']) retrieved from /home/dwmhr/pln/venv/lib/python3.10/site-packages/airflow/example_dags/tutorial_taskflow_api.py
[2025-08-07T16:46:52.763+0700] {logging_mixin.py:154} INFO - [2025-08-07T16:46:52.762+0700] {dag.py:2941} INFO - Sync 1 DAGs
[2025-08-07T16:46:52.788+0700] {logging_mixin.py:154} INFO - [2025-08-07T16:46:52.788+0700] {dag.py:3722} INFO - Setting next_dagrun for tutorial_taskflow_api to None, run_after=None
[2025-08-07T16:46:52.835+0700] {processor.py:179} INFO - Processing /home/dwmhr/pln/venv/lib/python3.10/site-packages/airflow/example_dags/tutorial_taskflow_api.py took 0.143 seconds
[2025-08-07T16:47:41.813+0700] {processor.py:157} INFO - Started process (PID=130859) to work on /home/dwmhr/pln/venv/lib/python3.10/site-packages/airflow/example_dags/tutorial_taskflow_api.py
[2025-08-07T16:47:41.822+0700] {processor.py:829} INFO - Processing file /home/dwmhr/pln/venv/lib/python3.10/site-packages/airflow/example_dags/tutorial_taskflow_api.py for tasks to queue
[2025-08-07T16:47:41.829+0700] {logging_mixin.py:154} INFO - [2025-08-07T16:47:41.827+0700] {dagbag.py:536} INFO - Filling up the DagBag from /home/dwmhr/pln/venv/lib/python3.10/site-packages/airflow/example_dags/tutorial_taskflow_api.py
[2025-08-07T16:47:41.944+0700] {processor.py:839} INFO - DAG(s) dict_keys(['tutorial_taskflow_api']) retrieved from /home/dwmhr/pln/venv/lib/python3.10/site-packages/airflow/example_dags/tutorial_taskflow_api.py
[2025-08-07T16:47:42.247+0700] {logging_mixin.py:154} INFO - [2025-08-07T16:47:42.246+0700] {dag.py:2941} INFO - Sync 1 DAGs
[2025-08-07T16:47:42.382+0700] {logging_mixin.py:154} INFO - [2025-08-07T16:47:42.381+0700] {dag.py:3722} INFO - Setting next_dagrun for tutorial_taskflow_api to None, run_after=None
[2025-08-07T16:47:42.628+0700] {processor.py:179} INFO - Processing /home/dwmhr/pln/venv/lib/python3.10/site-packages/airflow/example_dags/tutorial_taskflow_api.py took 0.841 seconds
[2025-08-07T16:48:40.970+0700] {processor.py:157} INFO - Started process (PID=131106) to work on /home/dwmhr/pln/venv/lib/python3.10/site-packages/airflow/example_dags/tutorial_taskflow_api.py
[2025-08-07T16:48:40.972+0700] {processor.py:829} INFO - Processing file /home/dwmhr/pln/venv/lib/python3.10/site-packages/airflow/example_dags/tutorial_taskflow_api.py for tasks to queue
[2025-08-07T16:48:40.973+0700] {logging_mixin.py:154} INFO - [2025-08-07T16:48:40.973+0700] {dagbag.py:536} INFO - Filling up the DagBag from /home/dwmhr/pln/venv/lib/python3.10/site-packages/airflow/example_dags/tutorial_taskflow_api.py
[2025-08-07T16:48:40.981+0700] {processor.py:839} INFO - DAG(s) dict_keys(['tutorial_taskflow_api']) retrieved from /home/dwmhr/pln/venv/lib/python3.10/site-packages/airflow/example_dags/tutorial_taskflow_api.py
[2025-08-07T16:48:41.002+0700] {logging_mixin.py:154} INFO - [2025-08-07T16:48:41.002+0700] {dag.py:2941} INFO - Sync 1 DAGs
[2025-08-07T16:48:41.015+0700] {logging_mixin.py:154} INFO - [2025-08-07T16:48:41.014+0700] {dag.py:3722} INFO - Setting next_dagrun for tutorial_taskflow_api to None, run_after=None
[2025-08-07T16:48:41.041+0700] {processor.py:179} INFO - Processing /home/dwmhr/pln/venv/lib/python3.10/site-packages/airflow/example_dags/tutorial_taskflow_api.py took 0.075 seconds
[2025-08-07T16:49:24.954+0700] {processor.py:157} INFO - Started process (PID=131297) to work on /home/dwmhr/pln/venv/lib/python3.10/site-packages/airflow/example_dags/tutorial_taskflow_api.py
[2025-08-07T16:49:24.957+0700] {processor.py:829} INFO - Processing file /home/dwmhr/pln/venv/lib/python3.10/site-packages/airflow/example_dags/tutorial_taskflow_api.py for tasks to queue
[2025-08-07T16:49:24.959+0700] {logging_mixin.py:154} INFO - [2025-08-07T16:49:24.959+0700] {dagbag.py:536} INFO - Filling up the DagBag from /home/dwmhr/pln/venv/lib/python3.10/site-packages/airflow/example_dags/tutorial_taskflow_api.py
[2025-08-07T16:49:24.975+0700] {processor.py:839} INFO - DAG(s) dict_keys(['tutorial_taskflow_api']) retrieved from /home/dwmhr/pln/venv/lib/python3.10/site-packages/airflow/example_dags/tutorial_taskflow_api.py
[2025-08-07T16:49:25.019+0700] {logging_mixin.py:154} INFO - [2025-08-07T16:49:25.018+0700] {dag.py:2941} INFO - Sync 1 DAGs
[2025-08-07T16:49:25.047+0700] {logging_mixin.py:154} INFO - [2025-08-07T16:49:25.046+0700] {dag.py:3722} INFO - Setting next_dagrun for tutorial_taskflow_api to None, run_after=None
[2025-08-07T16:49:25.100+0700] {processor.py:179} INFO - Processing /home/dwmhr/pln/venv/lib/python3.10/site-packages/airflow/example_dags/tutorial_taskflow_api.py took 0.155 seconds
