[2025-08-07T16:49:50.997+0700] {taskinstance.py:1159} INFO - Dependencies all met for dep_context=non-requeueable deps ti=<TaskInstance: ekstrak_pdf_dag.ekstrak_pdf manual__2025-08-07T09:49:30.214499+00:00 [queued]>
[2025-08-07T16:49:51.031+0700] {taskinstance.py:1159} INFO - Dependencies all met for dep_context=requeueable deps ti=<TaskInstance: ekstrak_pdf_dag.ekstrak_pdf manual__2025-08-07T09:49:30.214499+00:00 [queued]>
[2025-08-07T16:49:51.032+0700] {taskinstance.py:1361} INFO - Starting attempt 1 of 1
[2025-08-07T16:49:51.096+0700] {taskinstance.py:1382} INFO - Executing <Task(PythonOperator): ekstrak_pdf> on 2025-08-07 09:49:30.214499+00:00
[2025-08-07T16:49:51.115+0700] {standard_task_runner.py:57} INFO - Started process 131406 to run task
[2025-08-07T16:49:51.134+0700] {standard_task_runner.py:84} INFO - Running: ['airflow', 'tasks', 'run', 'ekstrak_pdf_dag', 'ekstrak_pdf', 'manual__2025-08-07T09:49:30.214499+00:00', '--job-id', '19', '--raw', '--subdir', 'DAGS_FOLDER/etl.py', '--cfg-path', '/tmp/tmpl4nsk6_b']
[2025-08-07T16:49:51.137+0700] {standard_task_runner.py:85} INFO - Job 19: Subtask ekstrak_pdf
[2025-08-07T16:49:51.347+0700] {task_command.py:416} INFO - Running <TaskInstance: ekstrak_pdf_dag.ekstrak_pdf manual__2025-08-07T09:49:30.214499+00:00 [running]> on host dwmhr.localdomain
[2025-08-07T16:49:51.584+0700] {taskinstance.py:1662} INFO - Exporting env vars: AIRFLOW_CTX_DAG_OWNER='airflow' AIRFLOW_CTX_DAG_ID='ekstrak_pdf_dag' AIRFLOW_CTX_TASK_ID='ekstrak_pdf' AIRFLOW_CTX_EXECUTION_DATE='2025-08-07T09:49:30.214499+00:00' AIRFLOW_CTX_TRY_NUMBER='1' AIRFLOW_CTX_DAG_RUN_ID='manual__2025-08-07T09:49:30.214499+00:00'
[2025-08-07T16:49:51.590+0700] {ekstrak.py:173} INFO - === Mulai ekstraksi PDF ===
[2025-08-07T16:49:51.928+0700] {logging_mixin.py:154} INFO - Processing page 1...
[2025-08-07T16:49:52.230+0700] {logging_mixin.py:154} INFO - Processing page 2...
[2025-08-07T16:49:52.762+0700] {logging_mixin.py:154} INFO - Processing page 3...
[2025-08-07T16:49:54.654+0700] {logging_mixin.py:154} INFO - Processing page 4...
[2025-08-07T16:49:55.156+0700] {logging_mixin.py:154} INFO - Processing page 5...
[2025-08-07T16:49:55.212+0700] {logging_mixin.py:154} INFO - Processing page 6...
[2025-08-07T16:49:55.569+0700] {logging_mixin.py:154} INFO - Processing page 7...
[2025-08-07T16:49:56.035+0700] {logging_mixin.py:154} INFO - Processing page 8...
[2025-08-07T16:49:56.317+0700] {logging_mixin.py:154} INFO - Processing page 9...
[2025-08-07T16:49:56.648+0700] {logging_mixin.py:154} INFO - Processing page 10...
[2025-08-07T16:49:56.964+0700] {logging_mixin.py:154} INFO - Processing page 11...
[2025-08-07T16:49:57.334+0700] {logging_mixin.py:154} INFO - Processing page 12...
[2025-08-07T16:49:57.626+0700] {logging_mixin.py:154} INFO - Processing page 13...
[2025-08-07T16:49:57.953+0700] {logging_mixin.py:154} INFO - Processing page 14...
[2025-08-07T16:49:58.296+0700] {logging_mixin.py:154} INFO - Processing page 15...
[2025-08-07T16:49:58.538+0700] {logging_mixin.py:154} INFO - Processing page 16...
[2025-08-07T16:49:58.754+0700] {logging_mixin.py:154} INFO - Processing page 17...
[2025-08-07T16:49:59.245+0700] {logging_mixin.py:154} INFO - Processing page 18...
[2025-08-07T16:49:59.670+0700] {logging_mixin.py:154} INFO - Processing page 19...
[2025-08-07T16:50:00.110+0700] {logging_mixin.py:154} INFO - Processing page 20...
[2025-08-07T16:50:00.744+0700] {logging_mixin.py:154} INFO - Processing page 21...
[2025-08-07T16:50:01.421+0700] {logging_mixin.py:154} INFO - Processing page 22...
[2025-08-07T16:50:01.802+0700] {logging_mixin.py:154} INFO - Processing page 23...
[2025-08-07T16:50:02.106+0700] {logging_mixin.py:154} INFO - Processing page 24...
[2025-08-07T16:50:02.426+0700] {logging_mixin.py:154} INFO - Processing page 25...
[2025-08-07T16:50:02.731+0700] {logging_mixin.py:154} INFO - Processing page 26...
[2025-08-07T16:50:02.936+0700] {logging_mixin.py:154} INFO - Processing page 27...
[2025-08-07T16:50:03.021+0700] {logging_mixin.py:154} INFO - Extraction completed. 27 pages processed.
[2025-08-07T16:50:03.022+0700] {logging_mixin.py:154} INFO - Output saved to: /home/dwmhr/pln/data/processed/Kepdir 0306 Kepdir 2023/Kepdir 0306 Kepdir 2023_ekstrak.jsonl
[2025-08-07T16:50:03.022+0700] {logging_mixin.py:154} INFO - Found 3 unique bookmarks:
[2025-08-07T16:50:03.022+0700] {logging_mixin.py:154} INFO -   - LAMPIRAN I
[2025-08-07T16:50:03.022+0700] {logging_mixin.py:154} INFO -   - LAMPIRAN I ll
[2025-08-07T16:50:03.022+0700] {logging_mixin.py:154} INFO -   - LAMPIRAN II
[2025-08-07T16:50:03.022+0700] {ekstrak.py:181} INFO - === Ekstraksi selesai untuk Kepdir 0306 Kepdir 2023.pdf ===
[2025-08-07T16:50:03.023+0700] {python.py:194} INFO - Done. Returned value was: None
[2025-08-07T16:50:03.033+0700] {taskinstance.py:1400} INFO - Marking task as SUCCESS. dag_id=ekstrak_pdf_dag, task_id=ekstrak_pdf, execution_date=20250807T094930, start_date=20250807T094950, end_date=20250807T095003
[2025-08-07T16:50:03.093+0700] {local_task_job_runner.py:228} INFO - Task exited with return code 0
[2025-08-07T16:50:03.163+0700] {taskinstance.py:2778} INFO - 1 downstream tasks scheduled from follow-on schedule check
