[2025-08-07T16:51:19.779+0700] {taskinstance.py:1159} INFO - Dependencies all met for dep_context=non-requeueable deps ti=<TaskInstance: ekstrak_pdf_dag.generate_embeddings manual__2025-08-07T09:49:30.214499+00:00 [queued]>
[2025-08-07T16:51:19.795+0700] {taskinstance.py:1159} INFO - Dependencies all met for dep_context=requeueable deps ti=<TaskInstance: ekstrak_pdf_dag.generate_embeddings manual__2025-08-07T09:49:30.214499+00:00 [queued]>
[2025-08-07T16:51:19.796+0700] {taskinstance.py:1361} INFO - Starting attempt 1 of 1
[2025-08-07T16:51:19.834+0700] {taskinstance.py:1382} INFO - Executing <Task(PythonOperator): generate_embeddings> on 2025-08-07 09:49:30.214499+00:00
[2025-08-07T16:51:19.849+0700] {standard_task_runner.py:57} INFO - Started process 131724 to run task
[2025-08-07T16:51:19.862+0700] {standard_task_runner.py:84} INFO - Running: ['airflow', 'tasks', 'run', 'ekstrak_pdf_dag', 'generate_embeddings', 'manual__2025-08-07T09:49:30.214499+00:00', '--job-id', '22', '--raw', '--subdir', 'DAGS_FOLDER/etl.py', '--cfg-path', '/tmp/tmpvfffr726']
[2025-08-07T16:51:19.863+0700] {standard_task_runner.py:85} INFO - Job 22: Subtask generate_embeddings
[2025-08-07T16:51:20.020+0700] {task_command.py:416} INFO - Running <TaskInstance: ekstrak_pdf_dag.generate_embeddings manual__2025-08-07T09:49:30.214499+00:00 [running]> on host dwmhr.localdomain
[2025-08-07T16:51:20.173+0700] {taskinstance.py:1662} INFO - Exporting env vars: AIRFLOW_CTX_DAG_OWNER='airflow' AIRFLOW_CTX_DAG_ID='ekstrak_pdf_dag' AIRFLOW_CTX_TASK_ID='generate_embeddings' AIRFLOW_CTX_EXECUTION_DATE='2025-08-07T09:49:30.214499+00:00' AIRFLOW_CTX_TRY_NUMBER='1' AIRFLOW_CTX_DAG_RUN_ID='manual__2025-08-07T09:49:30.214499+00:00'
[2025-08-07T16:51:32.109+0700] {logging_mixin.py:154} INFO - Generating embeddings...
[2025-08-07T16:51:52.234+0700] {SentenceTransformer.py:219} INFO - Use pytorch device_name: cuda:0
[2025-08-07T16:51:52.235+0700] {SentenceTransformer.py:227} INFO - Load pretrained SentenceTransformer: sentence-transformers/paraphrase-MiniLM-L6-v2
[2025-08-07T16:52:15.870+0700] {logging_mixin.py:154} WARNING - /home/dwmhr/pln/venv/lib/python3.10/site-packages/torch/cuda/__init__.py:283 UserWarning:
    Found GPU0 NVIDIA GeForce MX350 which is of cuda capability 6.1.
    Minimum and Maximum cuda capability supported by this version of PyTorch is
    (7.0) - (12.0)
[2025-08-07T16:52:15.874+0700] {logging_mixin.py:154} WARNING - /home/dwmhr/pln/venv/lib/python3.10/site-packages/torch/cuda/__init__.py:304 UserWarning:
    Please install PyTorch with a following CUDA
    configurations:  12.6 following instructions at
    https://pytorch.org/get-started/locally/
[2025-08-07T16:52:15.883+0700] {logging_mixin.py:154} WARNING - /home/dwmhr/pln/venv/lib/python3.10/site-packages/torch/cuda/__init__.py:326 UserWarning:
NVIDIA GeForce MX350 with CUDA capability sm_61 is not compatible with the current PyTorch installation.
The current PyTorch install supports CUDA capabilities sm_70 sm_75 sm_80 sm_86 sm_90 sm_100 sm_120.
If you want to use the NVIDIA GeForce MX350 GPU with PyTorch, please check the instructions at https://pytorch.org/get-started/locally/
[2025-08-07T16:52:17.372+0700] {logging_mixin.py:154} WARNING - Batches:   0%|          | 0/10 [00:00<?, ?it/s]
[2025-08-07T21:28:44.338+0700] {process_utils.py:131} INFO - Sending Signals.SIGTERM to group 131724. PIDs of all processes in the group: [131724]
[2025-08-07T21:28:44.981+0700] {process_utils.py:86} INFO - Sending the signal Signals.SIGTERM to group 131724
