[2025-08-07T16:02:42.457+0700] {taskinstance.py:1159} INFO - Dependencies all met for dep_context=non-requeueable deps ti=<TaskInstance: ekstrak_pdf_dag.ekstrak_pdf manual__2025-08-07T09:02:05.363110+00:00 [queued]>
[2025-08-07T16:02:42.480+0700] {taskinstance.py:1159} INFO - Dependencies all met for dep_context=requeueable deps ti=<TaskInstance: ekstrak_pdf_dag.ekstrak_pdf manual__2025-08-07T09:02:05.363110+00:00 [queued]>
[2025-08-07T16:02:42.481+0700] {taskinstance.py:1361} INFO - Starting attempt 1 of 1
[2025-08-07T16:02:42.526+0700] {taskinstance.py:1382} INFO - Executing <Task(PythonOperator): ekstrak_pdf> on 2025-08-07 09:02:05.363110+00:00
[2025-08-07T16:02:42.555+0700] {standard_task_runner.py:57} INFO - Started process 118479 to run task
[2025-08-07T16:02:42.576+0700] {standard_task_runner.py:84} INFO - Running: ['airflow', 'tasks', 'run', 'ekstrak_pdf_dag', 'ekstrak_pdf', 'manual__2025-08-07T09:02:05.363110+00:00', '--job-id', '10', '--raw', '--subdir', 'DAGS_FOLDER/etl.py', '--cfg-path', '/tmp/tmppttle9w3']
[2025-08-07T16:02:42.579+0700] {standard_task_runner.py:85} INFO - Job 10: Subtask ekstrak_pdf
[2025-08-07T16:02:43.109+0700] {task_command.py:416} INFO - Running <TaskInstance: ekstrak_pdf_dag.ekstrak_pdf manual__2025-08-07T09:02:05.363110+00:00 [running]> on host dwmhr.localdomain
[2025-08-07T16:02:43.493+0700] {taskinstance.py:1662} INFO - Exporting env vars: AIRFLOW_CTX_DAG_OWNER='airflow' AIRFLOW_CTX_DAG_ID='ekstrak_pdf_dag' AIRFLOW_CTX_TASK_ID='ekstrak_pdf' AIRFLOW_CTX_EXECUTION_DATE='2025-08-07T09:02:05.363110+00:00' AIRFLOW_CTX_TRY_NUMBER='1' AIRFLOW_CTX_DAG_RUN_ID='manual__2025-08-07T09:02:05.363110+00:00'
[2025-08-07T16:02:43.514+0700] {ekstrak.py:173} INFO - === Mulai ekstraksi PDF ===
[2025-08-07T16:02:42.847+0700] {logging_mixin.py:154} INFO - Processing page 1...
[2025-08-07T16:02:43.443+0700] {logging_mixin.py:154} INFO - Processing page 2...
[2025-08-07T16:02:45.094+0700] {logging_mixin.py:154} INFO - Processing page 3...
[2025-08-07T16:02:45.906+0700] {logging_mixin.py:154} INFO - Processing page 4...
[2025-08-07T16:02:47.808+0700] {logging_mixin.py:154} INFO - Processing page 5...
[2025-08-07T16:02:47.902+0700] {logging_mixin.py:154} INFO - Processing page 6...
[2025-08-07T16:02:48.826+0700] {logging_mixin.py:154} INFO - Processing page 7...
[2025-08-07T16:02:49.380+0700] {logging_mixin.py:154} INFO - Processing page 8...
[2025-08-07T16:02:49.700+0700] {logging_mixin.py:154} INFO - Processing page 9...
[2025-08-07T16:02:50.071+0700] {logging_mixin.py:154} INFO - Processing page 10...
[2025-08-07T16:02:50.433+0700] {logging_mixin.py:154} INFO - Processing page 11...
[2025-08-07T16:02:50.778+0700] {logging_mixin.py:154} INFO - Processing page 12...
[2025-08-07T16:02:51.191+0700] {logging_mixin.py:154} INFO - Processing page 13...
[2025-08-07T16:02:51.653+0700] {logging_mixin.py:154} INFO - Processing page 14...
[2025-08-07T16:02:52.127+0700] {logging_mixin.py:154} INFO - Processing page 15...
[2025-08-07T16:02:52.390+0700] {logging_mixin.py:154} INFO - Processing page 16...
[2025-08-07T16:02:52.641+0700] {logging_mixin.py:154} INFO - Processing page 17...
[2025-08-07T16:02:53.150+0700] {logging_mixin.py:154} INFO - Processing page 18...
[2025-08-07T16:02:54.229+0700] {logging_mixin.py:154} INFO - Processing page 19...
[2025-08-07T16:02:54.892+0700] {logging_mixin.py:154} INFO - Processing page 20...
[2025-08-07T16:02:55.550+0700] {logging_mixin.py:154} INFO - Processing page 21...
[2025-08-07T16:02:56.329+0700] {logging_mixin.py:154} INFO - Processing page 22...
[2025-08-07T16:02:56.756+0700] {logging_mixin.py:154} INFO - Processing page 23...
[2025-08-07T16:02:57.967+0700] {logging_mixin.py:154} INFO - Processing page 24...
[2025-08-07T16:02:59.990+0700] {logging_mixin.py:154} INFO - Processing page 25...
[2025-08-07T16:03:01.188+0700] {logging_mixin.py:154} INFO - Processing page 26...
[2025-08-07T16:03:01.860+0700] {logging_mixin.py:154} INFO - Processing page 27...
[2025-08-07T16:03:02.120+0700] {logging_mixin.py:154} INFO - Extraction completed. 27 pages processed.
[2025-08-07T16:03:02.122+0700] {logging_mixin.py:154} INFO - Output saved to: /home/dwmhr/pln/data/processed/Kepdir 0306 Kepdir 2023/Kepdir 0306 Kepdir 2023_ekstrak.jsonl
[2025-08-07T16:03:02.123+0700] {logging_mixin.py:154} INFO - Found 3 unique bookmarks:
[2025-08-07T16:03:02.123+0700] {logging_mixin.py:154} INFO -   - LAMPIRAN I
[2025-08-07T16:03:02.124+0700] {logging_mixin.py:154} INFO -   - LAMPIRAN I ll
[2025-08-07T16:03:02.124+0700] {logging_mixin.py:154} INFO -   - LAMPIRAN II
[2025-08-07T16:03:02.124+0700] {ekstrak.py:181} INFO - === Ekstraksi selesai untuk Kepdir 0306 Kepdir 2023.pdf ===
[2025-08-07T16:03:02.125+0700] {python.py:194} INFO - Done. Returned value was: None
[2025-08-07T16:03:02.158+0700] {taskinstance.py:1400} INFO - Marking task as SUCCESS. dag_id=ekstrak_pdf_dag, task_id=ekstrak_pdf, execution_date=20250807T090205, start_date=20250807T090242, end_date=20250807T090302
[2025-08-07T16:03:02.308+0700] {local_task_job_runner.py:228} INFO - Task exited with return code 0
[2025-08-07T16:03:02.421+0700] {taskinstance.py:2778} INFO - 1 downstream tasks scheduled from follow-on schedule check
