[2025-08-07T15:58:08.223+0700] {taskinstance.py:1159} INFO - Dependencies all met for dep_context=non-requeueable deps ti=<TaskInstance: ekstrak_pdf_dag.ekstrak_pdf manual__2025-08-07T08:57:54.309368+00:00 [queued]>
[2025-08-07T15:58:08.254+0700] {taskinstance.py:1159} INFO - Dependencies all met for dep_context=requeueable deps ti=<TaskInstance: ekstrak_pdf_dag.ekstrak_pdf manual__2025-08-07T08:57:54.309368+00:00 [queued]>
[2025-08-07T15:58:08.256+0700] {taskinstance.py:1361} INFO - Starting attempt 1 of 1
[2025-08-07T15:58:08.313+0700] {taskinstance.py:1382} INFO - Executing <Task(PythonOperator): ekstrak_pdf> on 2025-08-07 08:57:54.309368+00:00
[2025-08-07T15:58:08.333+0700] {standard_task_runner.py:57} INFO - Started process 117215 to run task
[2025-08-07T15:58:08.364+0700] {standard_task_runner.py:84} INFO - Running: ['airflow', 'tasks', 'run', 'ekstrak_pdf_dag', 'ekstrak_pdf', 'manual__2025-08-07T08:57:54.309368+00:00', '--job-id', '6', '--raw', '--subdir', 'DAGS_FOLDER/etl.py', '--cfg-path', '/tmp/tmpdn06nxyp']
[2025-08-07T15:58:08.367+0700] {standard_task_runner.py:85} INFO - Job 6: Subtask ekstrak_pdf
[2025-08-07T15:58:09.262+0700] {task_command.py:416} INFO - Running <TaskInstance: ekstrak_pdf_dag.ekstrak_pdf manual__2025-08-07T08:57:54.309368+00:00 [running]> on host dwmhr.localdomain
[2025-08-07T15:58:09.770+0700] {taskinstance.py:1662} INFO - Exporting env vars: AIRFLOW_CTX_DAG_OWNER='airflow' AIRFLOW_CTX_DAG_ID='ekstrak_pdf_dag' AIRFLOW_CTX_TASK_ID='ekstrak_pdf' AIRFLOW_CTX_EXECUTION_DATE='2025-08-07T08:57:54.309368+00:00' AIRFLOW_CTX_TRY_NUMBER='1' AIRFLOW_CTX_DAG_RUN_ID='manual__2025-08-07T08:57:54.309368+00:00'
[2025-08-07T15:58:09.855+0700] {ekstrak.py:173} INFO - === Mulai ekstraksi PDF ===
[2025-08-07T15:58:10.568+0700] {logging_mixin.py:154} INFO - Processing page 1...
[2025-08-07T15:58:11.218+0700] {logging_mixin.py:154} INFO - Processing page 2...
[2025-08-07T15:58:12.059+0700] {logging_mixin.py:154} INFO - Processing page 3...
[2025-08-07T15:58:12.847+0700] {logging_mixin.py:154} INFO - Processing page 4...
[2025-08-07T15:58:14.935+0700] {logging_mixin.py:154} INFO - Processing page 5...
[2025-08-07T15:58:14.973+0700] {logging_mixin.py:154} INFO - Processing page 6...
[2025-08-07T15:58:15.350+0700] {logging_mixin.py:154} INFO - Processing page 7...
[2025-08-07T15:58:15.737+0700] {logging_mixin.py:154} INFO - Processing page 8...
[2025-08-07T15:58:16.011+0700] {logging_mixin.py:154} INFO - Processing page 9...
[2025-08-07T15:58:16.333+0700] {logging_mixin.py:154} INFO - Processing page 10...
[2025-08-07T15:58:16.617+0700] {logging_mixin.py:154} INFO - Processing page 11...
[2025-08-07T15:58:16.961+0700] {logging_mixin.py:154} INFO - Processing page 12...
[2025-08-07T15:58:17.293+0700] {logging_mixin.py:154} INFO - Processing page 13...
[2025-08-07T15:58:17.602+0700] {logging_mixin.py:154} INFO - Processing page 14...
[2025-08-07T15:58:17.902+0700] {logging_mixin.py:154} INFO - Processing page 15...
[2025-08-07T15:58:18.135+0700] {logging_mixin.py:154} INFO - Processing page 16...
[2025-08-07T15:58:18.398+0700] {logging_mixin.py:154} INFO - Processing page 17...
[2025-08-07T15:58:18.838+0700] {logging_mixin.py:154} INFO - Processing page 18...
[2025-08-07T15:58:19.504+0700] {logging_mixin.py:154} INFO - Processing page 19...
[2025-08-07T15:58:19.985+0700] {logging_mixin.py:154} INFO - Processing page 20...
[2025-08-07T15:58:20.307+0700] {logging_mixin.py:154} INFO - Processing page 21...
[2025-08-07T15:58:20.628+0700] {logging_mixin.py:154} INFO - Processing page 22...
[2025-08-07T15:58:20.919+0700] {logging_mixin.py:154} INFO - Processing page 23...
[2025-08-07T15:58:21.219+0700] {logging_mixin.py:154} INFO - Processing page 24...
[2025-08-07T15:58:21.704+0700] {logging_mixin.py:154} INFO - Processing page 25...
[2025-08-07T15:58:22.102+0700] {logging_mixin.py:154} INFO - Processing page 26...
[2025-08-07T15:58:22.326+0700] {logging_mixin.py:154} INFO - Processing page 27...
[2025-08-07T15:58:22.409+0700] {logging_mixin.py:154} INFO - Extraction completed. 27 pages processed.
[2025-08-07T15:58:22.409+0700] {logging_mixin.py:154} INFO - Output saved to: /home/dwmhr/pln/data/processed/Kepdir 0306 Kepdir 2023/Kepdir 0306 Kepdir 2023_ekstrak.jsonl
[2025-08-07T15:58:22.409+0700] {logging_mixin.py:154} INFO - Found 3 unique bookmarks:
[2025-08-07T15:58:22.410+0700] {logging_mixin.py:154} INFO -   - LAMPIRAN I
[2025-08-07T15:58:22.410+0700] {logging_mixin.py:154} INFO -   - LAMPIRAN I ll
[2025-08-07T15:58:22.410+0700] {logging_mixin.py:154} INFO -   - LAMPIRAN II
[2025-08-07T15:58:22.410+0700] {ekstrak.py:181} INFO - === Ekstraksi selesai untuk Kepdir 0306 Kepdir 2023.pdf ===
[2025-08-07T15:58:22.410+0700] {python.py:194} INFO - Done. Returned value was: None
[2025-08-07T15:58:22.425+0700] {taskinstance.py:1400} INFO - Marking task as SUCCESS. dag_id=ekstrak_pdf_dag, task_id=ekstrak_pdf, execution_date=20250807T085754, start_date=20250807T085808, end_date=20250807T085822
[2025-08-07T15:58:22.519+0700] {local_task_job_runner.py:228} INFO - Task exited with return code 0
[2025-08-07T15:58:22.557+0700] {taskinstance.py:2778} INFO - 1 downstream tasks scheduled from follow-on schedule check
