[2025-08-07T15:45:00.582+0700] {processor.py:157} INFO - Started process (PID=113196) to work on /home/dwmhr/pln/venv/lib/python3.10/site-packages/airflow/example_dags/plugins/listener_plugin.py
[2025-08-07T15:45:00.584+0700] {processor.py:829} INFO - Processing file /home/dwmhr/pln/venv/lib/python3.10/site-packages/airflow/example_dags/plugins/listener_plugin.py for tasks to queue
[2025-08-07T15:45:00.586+0700] {logging_mixin.py:154} INFO - [2025-08-07T15:45:00.585+0700] {dagbag.py:536} INFO - Filling up the DagBag from /home/dwmhr/pln/venv/lib/python3.10/site-packages/airflow/example_dags/plugins/listener_plugin.py
[2025-08-07T15:45:00.592+0700] {processor.py:841} WARNING - No viable dags retrieved from /home/dwmhr/pln/venv/lib/python3.10/site-packages/airflow/example_dags/plugins/listener_plugin.py
[2025-08-07T15:45:00.615+0700] {processor.py:179} INFO - Processing /home/dwmhr/pln/venv/lib/python3.10/site-packages/airflow/example_dags/plugins/listener_plugin.py took 0.039 seconds
[2025-08-07T15:46:11.051+0700] {processor.py:157} INFO - Started process (PID=113552) to work on /home/dwmhr/pln/venv/lib/python3.10/site-packages/airflow/example_dags/plugins/listener_plugin.py
[2025-08-07T15:46:11.054+0700] {processor.py:829} INFO - Processing file /home/dwmhr/pln/venv/lib/python3.10/site-packages/airflow/example_dags/plugins/listener_plugin.py for tasks to queue
[2025-08-07T15:46:11.056+0700] {logging_mixin.py:154} INFO - [2025-08-07T15:46:11.055+0700] {dagbag.py:536} INFO - Filling up the DagBag from /home/dwmhr/pln/venv/lib/python3.10/site-packages/airflow/example_dags/plugins/listener_plugin.py
[2025-08-07T15:46:11.064+0700] {processor.py:841} WARNING - No viable dags retrieved from /home/dwmhr/pln/venv/lib/python3.10/site-packages/airflow/example_dags/plugins/listener_plugin.py
[2025-08-07T15:46:11.100+0700] {processor.py:179} INFO - Processing /home/dwmhr/pln/venv/lib/python3.10/site-packages/airflow/example_dags/plugins/listener_plugin.py took 0.056 seconds
[2025-08-07T15:47:05.502+0700] {processor.py:157} INFO - Started process (PID=113840) to work on /home/dwmhr/pln/venv/lib/python3.10/site-packages/airflow/example_dags/plugins/listener_plugin.py
[2025-08-07T15:47:05.507+0700] {processor.py:829} INFO - Processing file /home/dwmhr/pln/venv/lib/python3.10/site-packages/airflow/example_dags/plugins/listener_plugin.py for tasks to queue
[2025-08-07T15:47:05.511+0700] {logging_mixin.py:154} INFO - [2025-08-07T15:47:05.509+0700] {dagbag.py:536} INFO - Filling up the DagBag from /home/dwmhr/pln/venv/lib/python3.10/site-packages/airflow/example_dags/plugins/listener_plugin.py
[2025-08-07T15:47:05.523+0700] {processor.py:841} WARNING - No viable dags retrieved from /home/dwmhr/pln/venv/lib/python3.10/site-packages/airflow/example_dags/plugins/listener_plugin.py
[2025-08-07T15:47:05.575+0700] {processor.py:179} INFO - Processing /home/dwmhr/pln/venv/lib/python3.10/site-packages/airflow/example_dags/plugins/listener_plugin.py took 0.086 seconds
[2025-08-07T15:47:51.668+0700] {processor.py:157} INFO - Started process (PID=114055) to work on /home/dwmhr/pln/venv/lib/python3.10/site-packages/airflow/example_dags/plugins/listener_plugin.py
[2025-08-07T15:47:51.670+0700] {processor.py:829} INFO - Processing file /home/dwmhr/pln/venv/lib/python3.10/site-packages/airflow/example_dags/plugins/listener_plugin.py for tasks to queue
[2025-08-07T15:47:51.671+0700] {logging_mixin.py:154} INFO - [2025-08-07T15:47:51.671+0700] {dagbag.py:536} INFO - Filling up the DagBag from /home/dwmhr/pln/venv/lib/python3.10/site-packages/airflow/example_dags/plugins/listener_plugin.py
[2025-08-07T15:47:51.674+0700] {processor.py:841} WARNING - No viable dags retrieved from /home/dwmhr/pln/venv/lib/python3.10/site-packages/airflow/example_dags/plugins/listener_plugin.py
[2025-08-07T15:47:51.683+0700] {processor.py:179} INFO - Processing /home/dwmhr/pln/venv/lib/python3.10/site-packages/airflow/example_dags/plugins/listener_plugin.py took 0.020 seconds
[2025-08-07T15:48:28.811+0700] {processor.py:157} INFO - Started process (PID=114259) to work on /home/dwmhr/pln/venv/lib/python3.10/site-packages/airflow/example_dags/plugins/listener_plugin.py
[2025-08-07T15:48:28.823+0700] {processor.py:829} INFO - Processing file /home/dwmhr/pln/venv/lib/python3.10/site-packages/airflow/example_dags/plugins/listener_plugin.py for tasks to queue
[2025-08-07T15:48:28.825+0700] {logging_mixin.py:154} INFO - [2025-08-07T15:48:28.824+0700] {dagbag.py:536} INFO - Filling up the DagBag from /home/dwmhr/pln/venv/lib/python3.10/site-packages/airflow/example_dags/plugins/listener_plugin.py
[2025-08-07T15:48:28.828+0700] {processor.py:841} WARNING - No viable dags retrieved from /home/dwmhr/pln/venv/lib/python3.10/site-packages/airflow/example_dags/plugins/listener_plugin.py
[2025-08-07T15:48:28.877+0700] {processor.py:179} INFO - Processing /home/dwmhr/pln/venv/lib/python3.10/site-packages/airflow/example_dags/plugins/listener_plugin.py took 0.070 seconds
[2025-08-07T15:49:28.520+0700] {processor.py:157} INFO - Started process (PID=114570) to work on /home/dwmhr/pln/venv/lib/python3.10/site-packages/airflow/example_dags/plugins/listener_plugin.py
[2025-08-07T15:49:28.538+0700] {processor.py:829} INFO - Processing file /home/dwmhr/pln/venv/lib/python3.10/site-packages/airflow/example_dags/plugins/listener_plugin.py for tasks to queue
[2025-08-07T15:49:28.550+0700] {logging_mixin.py:154} INFO - [2025-08-07T15:49:28.545+0700] {dagbag.py:536} INFO - Filling up the DagBag from /home/dwmhr/pln/venv/lib/python3.10/site-packages/airflow/example_dags/plugins/listener_plugin.py
[2025-08-07T15:49:28.606+0700] {processor.py:841} WARNING - No viable dags retrieved from /home/dwmhr/pln/venv/lib/python3.10/site-packages/airflow/example_dags/plugins/listener_plugin.py
[2025-08-07T15:49:28.975+0700] {processor.py:179} INFO - Processing /home/dwmhr/pln/venv/lib/python3.10/site-packages/airflow/example_dags/plugins/listener_plugin.py took 0.540 seconds
[2025-08-07T15:50:08.447+0700] {processor.py:157} INFO - Started process (PID=114789) to work on /home/dwmhr/pln/venv/lib/python3.10/site-packages/airflow/example_dags/plugins/listener_plugin.py
[2025-08-07T15:50:08.464+0700] {processor.py:829} INFO - Processing file /home/dwmhr/pln/venv/lib/python3.10/site-packages/airflow/example_dags/plugins/listener_plugin.py for tasks to queue
[2025-08-07T15:50:08.482+0700] {logging_mixin.py:154} INFO - [2025-08-07T15:50:08.469+0700] {dagbag.py:536} INFO - Filling up the DagBag from /home/dwmhr/pln/venv/lib/python3.10/site-packages/airflow/example_dags/plugins/listener_plugin.py
[2025-08-07T15:50:08.522+0700] {processor.py:841} WARNING - No viable dags retrieved from /home/dwmhr/pln/venv/lib/python3.10/site-packages/airflow/example_dags/plugins/listener_plugin.py
[2025-08-07T15:50:08.705+0700] {processor.py:179} INFO - Processing /home/dwmhr/pln/venv/lib/python3.10/site-packages/airflow/example_dags/plugins/listener_plugin.py took 0.326 seconds
[2025-08-07T15:50:48.458+0700] {processor.py:157} INFO - Started process (PID=114987) to work on /home/dwmhr/pln/venv/lib/python3.10/site-packages/airflow/example_dags/plugins/listener_plugin.py
[2025-08-07T15:50:48.461+0700] {processor.py:829} INFO - Processing file /home/dwmhr/pln/venv/lib/python3.10/site-packages/airflow/example_dags/plugins/listener_plugin.py for tasks to queue
[2025-08-07T15:50:48.463+0700] {logging_mixin.py:154} INFO - [2025-08-07T15:50:48.462+0700] {dagbag.py:536} INFO - Filling up the DagBag from /home/dwmhr/pln/venv/lib/python3.10/site-packages/airflow/example_dags/plugins/listener_plugin.py
[2025-08-07T15:50:48.469+0700] {processor.py:841} WARNING - No viable dags retrieved from /home/dwmhr/pln/venv/lib/python3.10/site-packages/airflow/example_dags/plugins/listener_plugin.py
[2025-08-07T15:50:48.494+0700] {processor.py:179} INFO - Processing /home/dwmhr/pln/venv/lib/python3.10/site-packages/airflow/example_dags/plugins/listener_plugin.py took 0.043 seconds
[2025-08-07T15:51:25.668+0700] {processor.py:157} INFO - Started process (PID=115197) to work on /home/dwmhr/pln/venv/lib/python3.10/site-packages/airflow/example_dags/plugins/listener_plugin.py
[2025-08-07T15:51:25.670+0700] {processor.py:829} INFO - Processing file /home/dwmhr/pln/venv/lib/python3.10/site-packages/airflow/example_dags/plugins/listener_plugin.py for tasks to queue
[2025-08-07T15:51:25.671+0700] {logging_mixin.py:154} INFO - [2025-08-07T15:51:25.671+0700] {dagbag.py:536} INFO - Filling up the DagBag from /home/dwmhr/pln/venv/lib/python3.10/site-packages/airflow/example_dags/plugins/listener_plugin.py
[2025-08-07T15:51:25.675+0700] {processor.py:841} WARNING - No viable dags retrieved from /home/dwmhr/pln/venv/lib/python3.10/site-packages/airflow/example_dags/plugins/listener_plugin.py
[2025-08-07T15:51:25.688+0700] {processor.py:179} INFO - Processing /home/dwmhr/pln/venv/lib/python3.10/site-packages/airflow/example_dags/plugins/listener_plugin.py took 0.024 seconds
[2025-08-07T15:52:50.296+0700] {processor.py:157} INFO - Started process (PID=115593) to work on /home/dwmhr/pln/venv/lib/python3.10/site-packages/airflow/example_dags/plugins/listener_plugin.py
[2025-08-07T15:52:50.302+0700] {processor.py:829} INFO - Processing file /home/dwmhr/pln/venv/lib/python3.10/site-packages/airflow/example_dags/plugins/listener_plugin.py for tasks to queue
[2025-08-07T15:52:50.305+0700] {logging_mixin.py:154} INFO - [2025-08-07T15:52:50.303+0700] {dagbag.py:536} INFO - Filling up the DagBag from /home/dwmhr/pln/venv/lib/python3.10/site-packages/airflow/example_dags/plugins/listener_plugin.py
[2025-08-07T15:52:50.318+0700] {processor.py:841} WARNING - No viable dags retrieved from /home/dwmhr/pln/venv/lib/python3.10/site-packages/airflow/example_dags/plugins/listener_plugin.py
[2025-08-07T15:52:50.395+0700] {processor.py:179} INFO - Processing /home/dwmhr/pln/venv/lib/python3.10/site-packages/airflow/example_dags/plugins/listener_plugin.py took 0.112 seconds
[2025-08-07T15:53:52.475+0700] {processor.py:157} INFO - Started process (PID=115866) to work on /home/dwmhr/pln/venv/lib/python3.10/site-packages/airflow/example_dags/plugins/listener_plugin.py
[2025-08-07T15:53:52.479+0700] {processor.py:829} INFO - Processing file /home/dwmhr/pln/venv/lib/python3.10/site-packages/airflow/example_dags/plugins/listener_plugin.py for tasks to queue
[2025-08-07T15:53:52.481+0700] {logging_mixin.py:154} INFO - [2025-08-07T15:53:52.480+0700] {dagbag.py:536} INFO - Filling up the DagBag from /home/dwmhr/pln/venv/lib/python3.10/site-packages/airflow/example_dags/plugins/listener_plugin.py
[2025-08-07T15:53:52.488+0700] {processor.py:841} WARNING - No viable dags retrieved from /home/dwmhr/pln/venv/lib/python3.10/site-packages/airflow/example_dags/plugins/listener_plugin.py
[2025-08-07T15:53:52.528+0700] {processor.py:179} INFO - Processing /home/dwmhr/pln/venv/lib/python3.10/site-packages/airflow/example_dags/plugins/listener_plugin.py took 0.062 seconds
[2025-08-07T15:54:53.366+0700] {processor.py:157} INFO - Started process (PID=116182) to work on /home/dwmhr/pln/venv/lib/python3.10/site-packages/airflow/example_dags/plugins/listener_plugin.py
[2025-08-07T15:54:53.368+0700] {processor.py:829} INFO - Processing file /home/dwmhr/pln/venv/lib/python3.10/site-packages/airflow/example_dags/plugins/listener_plugin.py for tasks to queue
[2025-08-07T15:54:53.369+0700] {logging_mixin.py:154} INFO - [2025-08-07T15:54:53.368+0700] {dagbag.py:536} INFO - Filling up the DagBag from /home/dwmhr/pln/venv/lib/python3.10/site-packages/airflow/example_dags/plugins/listener_plugin.py
[2025-08-07T15:54:53.371+0700] {processor.py:841} WARNING - No viable dags retrieved from /home/dwmhr/pln/venv/lib/python3.10/site-packages/airflow/example_dags/plugins/listener_plugin.py
[2025-08-07T15:54:53.379+0700] {processor.py:179} INFO - Processing /home/dwmhr/pln/venv/lib/python3.10/site-packages/airflow/example_dags/plugins/listener_plugin.py took 0.015 seconds
[2025-08-07T15:55:38.961+0700] {processor.py:157} INFO - Started process (PID=116387) to work on /home/dwmhr/pln/venv/lib/python3.10/site-packages/airflow/example_dags/plugins/listener_plugin.py
[2025-08-07T15:55:38.969+0700] {processor.py:829} INFO - Processing file /home/dwmhr/pln/venv/lib/python3.10/site-packages/airflow/example_dags/plugins/listener_plugin.py for tasks to queue
[2025-08-07T15:55:38.974+0700] {logging_mixin.py:154} INFO - [2025-08-07T15:55:38.972+0700] {dagbag.py:536} INFO - Filling up the DagBag from /home/dwmhr/pln/venv/lib/python3.10/site-packages/airflow/example_dags/plugins/listener_plugin.py
[2025-08-07T15:55:38.994+0700] {processor.py:841} WARNING - No viable dags retrieved from /home/dwmhr/pln/venv/lib/python3.10/site-packages/airflow/example_dags/plugins/listener_plugin.py
[2025-08-07T15:55:39.074+0700] {processor.py:179} INFO - Processing /home/dwmhr/pln/venv/lib/python3.10/site-packages/airflow/example_dags/plugins/listener_plugin.py took 0.139 seconds
[2025-08-07T15:56:22.194+0700] {processor.py:157} INFO - Started process (PID=116638) to work on /home/dwmhr/pln/venv/lib/python3.10/site-packages/airflow/example_dags/plugins/listener_plugin.py
[2025-08-07T15:56:22.200+0700] {processor.py:829} INFO - Processing file /home/dwmhr/pln/venv/lib/python3.10/site-packages/airflow/example_dags/plugins/listener_plugin.py for tasks to queue
[2025-08-07T15:56:22.203+0700] {logging_mixin.py:154} INFO - [2025-08-07T15:56:22.202+0700] {dagbag.py:536} INFO - Filling up the DagBag from /home/dwmhr/pln/venv/lib/python3.10/site-packages/airflow/example_dags/plugins/listener_plugin.py
[2025-08-07T15:56:22.214+0700] {processor.py:841} WARNING - No viable dags retrieved from /home/dwmhr/pln/venv/lib/python3.10/site-packages/airflow/example_dags/plugins/listener_plugin.py
[2025-08-07T15:56:22.253+0700] {processor.py:179} INFO - Processing /home/dwmhr/pln/venv/lib/python3.10/site-packages/airflow/example_dags/plugins/listener_plugin.py took 0.072 seconds
[2025-08-07T15:56:58.267+0700] {processor.py:157} INFO - Started process (PID=116821) to work on /home/dwmhr/pln/venv/lib/python3.10/site-packages/airflow/example_dags/plugins/listener_plugin.py
[2025-08-07T15:56:58.270+0700] {processor.py:829} INFO - Processing file /home/dwmhr/pln/venv/lib/python3.10/site-packages/airflow/example_dags/plugins/listener_plugin.py for tasks to queue
[2025-08-07T15:56:58.273+0700] {logging_mixin.py:154} INFO - [2025-08-07T15:56:58.272+0700] {dagbag.py:536} INFO - Filling up the DagBag from /home/dwmhr/pln/venv/lib/python3.10/site-packages/airflow/example_dags/plugins/listener_plugin.py
[2025-08-07T15:56:58.280+0700] {processor.py:841} WARNING - No viable dags retrieved from /home/dwmhr/pln/venv/lib/python3.10/site-packages/airflow/example_dags/plugins/listener_plugin.py
[2025-08-07T15:56:58.310+0700] {processor.py:179} INFO - Processing /home/dwmhr/pln/venv/lib/python3.10/site-packages/airflow/example_dags/plugins/listener_plugin.py took 0.051 seconds
[2025-08-07T15:57:55.621+0700] {processor.py:157} INFO - Started process (PID=117144) to work on /home/dwmhr/pln/venv/lib/python3.10/site-packages/airflow/example_dags/plugins/listener_plugin.py
[2025-08-07T15:57:55.626+0700] {processor.py:829} INFO - Processing file /home/dwmhr/pln/venv/lib/python3.10/site-packages/airflow/example_dags/plugins/listener_plugin.py for tasks to queue
[2025-08-07T15:57:55.628+0700] {logging_mixin.py:154} INFO - [2025-08-07T15:57:55.627+0700] {dagbag.py:536} INFO - Filling up the DagBag from /home/dwmhr/pln/venv/lib/python3.10/site-packages/airflow/example_dags/plugins/listener_plugin.py
[2025-08-07T15:57:55.635+0700] {processor.py:841} WARNING - No viable dags retrieved from /home/dwmhr/pln/venv/lib/python3.10/site-packages/airflow/example_dags/plugins/listener_plugin.py
[2025-08-07T15:57:55.664+0700] {processor.py:179} INFO - Processing /home/dwmhr/pln/venv/lib/python3.10/site-packages/airflow/example_dags/plugins/listener_plugin.py took 0.050 seconds
[2025-08-07T15:59:43.800+0700] {processor.py:157} INFO - Started process (PID=117666) to work on /home/dwmhr/pln/venv/lib/python3.10/site-packages/airflow/example_dags/plugins/listener_plugin.py
[2025-08-07T15:59:43.809+0700] {processor.py:829} INFO - Processing file /home/dwmhr/pln/venv/lib/python3.10/site-packages/airflow/example_dags/plugins/listener_plugin.py for tasks to queue
[2025-08-07T15:59:43.814+0700] {logging_mixin.py:154} INFO - [2025-08-07T15:59:43.812+0700] {dagbag.py:536} INFO - Filling up the DagBag from /home/dwmhr/pln/venv/lib/python3.10/site-packages/airflow/example_dags/plugins/listener_plugin.py
[2025-08-07T15:59:43.837+0700] {processor.py:841} WARNING - No viable dags retrieved from /home/dwmhr/pln/venv/lib/python3.10/site-packages/airflow/example_dags/plugins/listener_plugin.py
[2025-08-07T15:59:43.911+0700] {processor.py:179} INFO - Processing /home/dwmhr/pln/venv/lib/python3.10/site-packages/airflow/example_dags/plugins/listener_plugin.py took 0.131 seconds
[2025-08-07T16:00:38.239+0700] {processor.py:157} INFO - Started process (PID=117953) to work on /home/dwmhr/pln/venv/lib/python3.10/site-packages/airflow/example_dags/plugins/listener_plugin.py
[2025-08-07T16:00:38.242+0700] {processor.py:829} INFO - Processing file /home/dwmhr/pln/venv/lib/python3.10/site-packages/airflow/example_dags/plugins/listener_plugin.py for tasks to queue
[2025-08-07T16:00:38.243+0700] {logging_mixin.py:154} INFO - [2025-08-07T16:00:38.243+0700] {dagbag.py:536} INFO - Filling up the DagBag from /home/dwmhr/pln/venv/lib/python3.10/site-packages/airflow/example_dags/plugins/listener_plugin.py
[2025-08-07T16:00:38.248+0700] {processor.py:841} WARNING - No viable dags retrieved from /home/dwmhr/pln/venv/lib/python3.10/site-packages/airflow/example_dags/plugins/listener_plugin.py
[2025-08-07T16:00:38.265+0700] {processor.py:179} INFO - Processing /home/dwmhr/pln/venv/lib/python3.10/site-packages/airflow/example_dags/plugins/listener_plugin.py took 0.031 seconds
[2025-08-07T16:01:53.223+0700] {processor.py:157} INFO - Started process (PID=118284) to work on /home/dwmhr/pln/venv/lib/python3.10/site-packages/airflow/example_dags/plugins/listener_plugin.py
[2025-08-07T16:01:53.231+0700] {processor.py:829} INFO - Processing file /home/dwmhr/pln/venv/lib/python3.10/site-packages/airflow/example_dags/plugins/listener_plugin.py for tasks to queue
[2025-08-07T16:01:53.238+0700] {logging_mixin.py:154} INFO - [2025-08-07T16:01:53.235+0700] {dagbag.py:536} INFO - Filling up the DagBag from /home/dwmhr/pln/venv/lib/python3.10/site-packages/airflow/example_dags/plugins/listener_plugin.py
[2025-08-07T16:01:53.291+0700] {processor.py:841} WARNING - No viable dags retrieved from /home/dwmhr/pln/venv/lib/python3.10/site-packages/airflow/example_dags/plugins/listener_plugin.py
[2025-08-07T16:01:53.404+0700] {processor.py:179} INFO - Processing /home/dwmhr/pln/venv/lib/python3.10/site-packages/airflow/example_dags/plugins/listener_plugin.py took 0.246 seconds
[2025-08-07T16:03:37.693+0700] {processor.py:157} INFO - Started process (PID=118752) to work on /home/dwmhr/pln/venv/lib/python3.10/site-packages/airflow/example_dags/plugins/listener_plugin.py
[2025-08-07T16:03:37.702+0700] {processor.py:829} INFO - Processing file /home/dwmhr/pln/venv/lib/python3.10/site-packages/airflow/example_dags/plugins/listener_plugin.py for tasks to queue
[2025-08-07T16:03:37.704+0700] {logging_mixin.py:154} INFO - [2025-08-07T16:03:37.703+0700] {dagbag.py:536} INFO - Filling up the DagBag from /home/dwmhr/pln/venv/lib/python3.10/site-packages/airflow/example_dags/plugins/listener_plugin.py
[2025-08-07T16:03:37.710+0700] {processor.py:841} WARNING - No viable dags retrieved from /home/dwmhr/pln/venv/lib/python3.10/site-packages/airflow/example_dags/plugins/listener_plugin.py
[2025-08-07T16:03:37.735+0700] {processor.py:179} INFO - Processing /home/dwmhr/pln/venv/lib/python3.10/site-packages/airflow/example_dags/plugins/listener_plugin.py took 0.055 seconds
[2025-08-07T16:04:48.688+0700] {processor.py:157} INFO - Started process (PID=119077) to work on /home/dwmhr/pln/venv/lib/python3.10/site-packages/airflow/example_dags/plugins/listener_plugin.py
[2025-08-07T16:04:48.692+0700] {processor.py:829} INFO - Processing file /home/dwmhr/pln/venv/lib/python3.10/site-packages/airflow/example_dags/plugins/listener_plugin.py for tasks to queue
[2025-08-07T16:04:48.695+0700] {logging_mixin.py:154} INFO - [2025-08-07T16:04:48.693+0700] {dagbag.py:536} INFO - Filling up the DagBag from /home/dwmhr/pln/venv/lib/python3.10/site-packages/airflow/example_dags/plugins/listener_plugin.py
[2025-08-07T16:04:48.704+0700] {processor.py:841} WARNING - No viable dags retrieved from /home/dwmhr/pln/venv/lib/python3.10/site-packages/airflow/example_dags/plugins/listener_plugin.py
[2025-08-07T16:04:48.739+0700] {processor.py:179} INFO - Processing /home/dwmhr/pln/venv/lib/python3.10/site-packages/airflow/example_dags/plugins/listener_plugin.py took 0.064 seconds
[2025-08-07T16:05:38.084+0700] {processor.py:157} INFO - Started process (PID=119372) to work on /home/dwmhr/pln/venv/lib/python3.10/site-packages/airflow/example_dags/plugins/listener_plugin.py
[2025-08-07T16:05:38.087+0700] {processor.py:829} INFO - Processing file /home/dwmhr/pln/venv/lib/python3.10/site-packages/airflow/example_dags/plugins/listener_plugin.py for tasks to queue
[2025-08-07T16:05:38.088+0700] {logging_mixin.py:154} INFO - [2025-08-07T16:05:38.088+0700] {dagbag.py:536} INFO - Filling up the DagBag from /home/dwmhr/pln/venv/lib/python3.10/site-packages/airflow/example_dags/plugins/listener_plugin.py
[2025-08-07T16:05:38.092+0700] {processor.py:841} WARNING - No viable dags retrieved from /home/dwmhr/pln/venv/lib/python3.10/site-packages/airflow/example_dags/plugins/listener_plugin.py
[2025-08-07T16:05:38.107+0700] {processor.py:179} INFO - Processing /home/dwmhr/pln/venv/lib/python3.10/site-packages/airflow/example_dags/plugins/listener_plugin.py took 0.027 seconds
[2025-08-07T16:06:17.041+0700] {processor.py:157} INFO - Started process (PID=119528) to work on /home/dwmhr/pln/venv/lib/python3.10/site-packages/airflow/example_dags/plugins/listener_plugin.py
[2025-08-07T16:06:17.074+0700] {processor.py:829} INFO - Processing file /home/dwmhr/pln/venv/lib/python3.10/site-packages/airflow/example_dags/plugins/listener_plugin.py for tasks to queue
[2025-08-07T16:06:17.092+0700] {logging_mixin.py:154} INFO - [2025-08-07T16:06:17.084+0700] {dagbag.py:536} INFO - Filling up the DagBag from /home/dwmhr/pln/venv/lib/python3.10/site-packages/airflow/example_dags/plugins/listener_plugin.py
[2025-08-07T16:06:17.162+0700] {processor.py:841} WARNING - No viable dags retrieved from /home/dwmhr/pln/venv/lib/python3.10/site-packages/airflow/example_dags/plugins/listener_plugin.py
[2025-08-07T16:06:17.399+0700] {processor.py:179} INFO - Processing /home/dwmhr/pln/venv/lib/python3.10/site-packages/airflow/example_dags/plugins/listener_plugin.py took 0.431 seconds
[2025-08-07T16:07:07.604+0700] {processor.py:157} INFO - Started process (PID=119801) to work on /home/dwmhr/pln/venv/lib/python3.10/site-packages/airflow/example_dags/plugins/listener_plugin.py
[2025-08-07T16:07:07.605+0700] {processor.py:829} INFO - Processing file /home/dwmhr/pln/venv/lib/python3.10/site-packages/airflow/example_dags/plugins/listener_plugin.py for tasks to queue
[2025-08-07T16:07:07.607+0700] {logging_mixin.py:154} INFO - [2025-08-07T16:07:07.606+0700] {dagbag.py:536} INFO - Filling up the DagBag from /home/dwmhr/pln/venv/lib/python3.10/site-packages/airflow/example_dags/plugins/listener_plugin.py
[2025-08-07T16:07:07.612+0700] {processor.py:841} WARNING - No viable dags retrieved from /home/dwmhr/pln/venv/lib/python3.10/site-packages/airflow/example_dags/plugins/listener_plugin.py
[2025-08-07T16:07:07.627+0700] {processor.py:179} INFO - Processing /home/dwmhr/pln/venv/lib/python3.10/site-packages/airflow/example_dags/plugins/listener_plugin.py took 0.028 seconds
[2025-08-07T16:07:46.033+0700] {processor.py:157} INFO - Started process (PID=119969) to work on /home/dwmhr/pln/venv/lib/python3.10/site-packages/airflow/example_dags/plugins/listener_plugin.py
[2025-08-07T16:07:46.045+0700] {processor.py:829} INFO - Processing file /home/dwmhr/pln/venv/lib/python3.10/site-packages/airflow/example_dags/plugins/listener_plugin.py for tasks to queue
[2025-08-07T16:07:46.052+0700] {logging_mixin.py:154} INFO - [2025-08-07T16:07:46.049+0700] {dagbag.py:536} INFO - Filling up the DagBag from /home/dwmhr/pln/venv/lib/python3.10/site-packages/airflow/example_dags/plugins/listener_plugin.py
[2025-08-07T16:07:46.079+0700] {processor.py:841} WARNING - No viable dags retrieved from /home/dwmhr/pln/venv/lib/python3.10/site-packages/airflow/example_dags/plugins/listener_plugin.py
[2025-08-07T16:07:46.247+0700] {processor.py:179} INFO - Processing /home/dwmhr/pln/venv/lib/python3.10/site-packages/airflow/example_dags/plugins/listener_plugin.py took 0.241 seconds
[2025-08-07T16:08:27.902+0700] {processor.py:157} INFO - Started process (PID=120186) to work on /home/dwmhr/pln/venv/lib/python3.10/site-packages/airflow/example_dags/plugins/listener_plugin.py
[2025-08-07T16:08:27.914+0700] {processor.py:829} INFO - Processing file /home/dwmhr/pln/venv/lib/python3.10/site-packages/airflow/example_dags/plugins/listener_plugin.py for tasks to queue
[2025-08-07T16:08:27.927+0700] {logging_mixin.py:154} INFO - [2025-08-07T16:08:27.925+0700] {dagbag.py:536} INFO - Filling up the DagBag from /home/dwmhr/pln/venv/lib/python3.10/site-packages/airflow/example_dags/plugins/listener_plugin.py
[2025-08-07T16:08:27.970+0700] {processor.py:841} WARNING - No viable dags retrieved from /home/dwmhr/pln/venv/lib/python3.10/site-packages/airflow/example_dags/plugins/listener_plugin.py
[2025-08-07T16:08:28.136+0700] {processor.py:179} INFO - Processing /home/dwmhr/pln/venv/lib/python3.10/site-packages/airflow/example_dags/plugins/listener_plugin.py took 0.274 seconds
[2025-08-07T16:09:38.722+0700] {processor.py:157} INFO - Started process (PID=120539) to work on /home/dwmhr/pln/venv/lib/python3.10/site-packages/airflow/example_dags/plugins/listener_plugin.py
[2025-08-07T16:09:38.734+0700] {processor.py:829} INFO - Processing file /home/dwmhr/pln/venv/lib/python3.10/site-packages/airflow/example_dags/plugins/listener_plugin.py for tasks to queue
[2025-08-07T16:09:38.747+0700] {logging_mixin.py:154} INFO - [2025-08-07T16:09:38.744+0700] {dagbag.py:536} INFO - Filling up the DagBag from /home/dwmhr/pln/venv/lib/python3.10/site-packages/airflow/example_dags/plugins/listener_plugin.py
[2025-08-07T16:09:38.799+0700] {processor.py:841} WARNING - No viable dags retrieved from /home/dwmhr/pln/venv/lib/python3.10/site-packages/airflow/example_dags/plugins/listener_plugin.py
[2025-08-07T16:09:38.979+0700] {processor.py:179} INFO - Processing /home/dwmhr/pln/venv/lib/python3.10/site-packages/airflow/example_dags/plugins/listener_plugin.py took 0.317 seconds
[2025-08-07T16:10:20.019+0700] {processor.py:157} INFO - Started process (PID=120712) to work on /home/dwmhr/pln/venv/lib/python3.10/site-packages/airflow/example_dags/plugins/listener_plugin.py
[2025-08-07T16:10:20.021+0700] {processor.py:829} INFO - Processing file /home/dwmhr/pln/venv/lib/python3.10/site-packages/airflow/example_dags/plugins/listener_plugin.py for tasks to queue
[2025-08-07T16:10:20.023+0700] {logging_mixin.py:154} INFO - [2025-08-07T16:10:20.022+0700] {dagbag.py:536} INFO - Filling up the DagBag from /home/dwmhr/pln/venv/lib/python3.10/site-packages/airflow/example_dags/plugins/listener_plugin.py
[2025-08-07T16:10:20.028+0700] {processor.py:841} WARNING - No viable dags retrieved from /home/dwmhr/pln/venv/lib/python3.10/site-packages/airflow/example_dags/plugins/listener_plugin.py
[2025-08-07T16:10:20.049+0700] {processor.py:179} INFO - Processing /home/dwmhr/pln/venv/lib/python3.10/site-packages/airflow/example_dags/plugins/listener_plugin.py took 0.036 seconds
[2025-08-07T16:11:15.412+0700] {processor.py:157} INFO - Started process (PID=121016) to work on /home/dwmhr/pln/venv/lib/python3.10/site-packages/airflow/example_dags/plugins/listener_plugin.py
[2025-08-07T16:11:15.420+0700] {processor.py:829} INFO - Processing file /home/dwmhr/pln/venv/lib/python3.10/site-packages/airflow/example_dags/plugins/listener_plugin.py for tasks to queue
[2025-08-07T16:11:15.423+0700] {logging_mixin.py:154} INFO - [2025-08-07T16:11:15.422+0700] {dagbag.py:536} INFO - Filling up the DagBag from /home/dwmhr/pln/venv/lib/python3.10/site-packages/airflow/example_dags/plugins/listener_plugin.py
[2025-08-07T16:11:15.430+0700] {processor.py:841} WARNING - No viable dags retrieved from /home/dwmhr/pln/venv/lib/python3.10/site-packages/airflow/example_dags/plugins/listener_plugin.py
[2025-08-07T16:11:15.460+0700] {processor.py:179} INFO - Processing /home/dwmhr/pln/venv/lib/python3.10/site-packages/airflow/example_dags/plugins/listener_plugin.py took 0.057 seconds
[2025-08-07T16:12:04.410+0700] {processor.py:157} INFO - Started process (PID=121294) to work on /home/dwmhr/pln/venv/lib/python3.10/site-packages/airflow/example_dags/plugins/listener_plugin.py
[2025-08-07T16:12:04.415+0700] {processor.py:829} INFO - Processing file /home/dwmhr/pln/venv/lib/python3.10/site-packages/airflow/example_dags/plugins/listener_plugin.py for tasks to queue
[2025-08-07T16:12:04.417+0700] {logging_mixin.py:154} INFO - [2025-08-07T16:12:04.416+0700] {dagbag.py:536} INFO - Filling up the DagBag from /home/dwmhr/pln/venv/lib/python3.10/site-packages/airflow/example_dags/plugins/listener_plugin.py
[2025-08-07T16:12:04.421+0700] {processor.py:841} WARNING - No viable dags retrieved from /home/dwmhr/pln/venv/lib/python3.10/site-packages/airflow/example_dags/plugins/listener_plugin.py
[2025-08-07T16:12:04.439+0700] {processor.py:179} INFO - Processing /home/dwmhr/pln/venv/lib/python3.10/site-packages/airflow/example_dags/plugins/listener_plugin.py took 0.034 seconds
[2025-08-07T16:12:52.427+0700] {processor.py:157} INFO - Started process (PID=121570) to work on /home/dwmhr/pln/venv/lib/python3.10/site-packages/airflow/example_dags/plugins/listener_plugin.py
[2025-08-07T16:12:52.433+0700] {processor.py:829} INFO - Processing file /home/dwmhr/pln/venv/lib/python3.10/site-packages/airflow/example_dags/plugins/listener_plugin.py for tasks to queue
[2025-08-07T16:12:52.438+0700] {logging_mixin.py:154} INFO - [2025-08-07T16:12:52.436+0700] {dagbag.py:536} INFO - Filling up the DagBag from /home/dwmhr/pln/venv/lib/python3.10/site-packages/airflow/example_dags/plugins/listener_plugin.py
[2025-08-07T16:12:52.452+0700] {processor.py:841} WARNING - No viable dags retrieved from /home/dwmhr/pln/venv/lib/python3.10/site-packages/airflow/example_dags/plugins/listener_plugin.py
[2025-08-07T16:12:52.560+0700] {processor.py:179} INFO - Processing /home/dwmhr/pln/venv/lib/python3.10/site-packages/airflow/example_dags/plugins/listener_plugin.py took 0.150 seconds
[2025-08-07T16:13:40.229+0700] {processor.py:157} INFO - Started process (PID=121790) to work on /home/dwmhr/pln/venv/lib/python3.10/site-packages/airflow/example_dags/plugins/listener_plugin.py
[2025-08-07T16:13:40.233+0700] {processor.py:829} INFO - Processing file /home/dwmhr/pln/venv/lib/python3.10/site-packages/airflow/example_dags/plugins/listener_plugin.py for tasks to queue
[2025-08-07T16:13:40.234+0700] {logging_mixin.py:154} INFO - [2025-08-07T16:13:40.234+0700] {dagbag.py:536} INFO - Filling up the DagBag from /home/dwmhr/pln/venv/lib/python3.10/site-packages/airflow/example_dags/plugins/listener_plugin.py
[2025-08-07T16:13:40.239+0700] {processor.py:841} WARNING - No viable dags retrieved from /home/dwmhr/pln/venv/lib/python3.10/site-packages/airflow/example_dags/plugins/listener_plugin.py
[2025-08-07T16:13:40.257+0700] {processor.py:179} INFO - Processing /home/dwmhr/pln/venv/lib/python3.10/site-packages/airflow/example_dags/plugins/listener_plugin.py took 0.034 seconds
[2025-08-07T16:14:31.456+0700] {processor.py:157} INFO - Started process (PID=122067) to work on /home/dwmhr/pln/venv/lib/python3.10/site-packages/airflow/example_dags/plugins/listener_plugin.py
[2025-08-07T16:14:31.461+0700] {processor.py:829} INFO - Processing file /home/dwmhr/pln/venv/lib/python3.10/site-packages/airflow/example_dags/plugins/listener_plugin.py for tasks to queue
[2025-08-07T16:14:31.464+0700] {logging_mixin.py:154} INFO - [2025-08-07T16:14:31.463+0700] {dagbag.py:536} INFO - Filling up the DagBag from /home/dwmhr/pln/venv/lib/python3.10/site-packages/airflow/example_dags/plugins/listener_plugin.py
[2025-08-07T16:14:31.475+0700] {processor.py:841} WARNING - No viable dags retrieved from /home/dwmhr/pln/venv/lib/python3.10/site-packages/airflow/example_dags/plugins/listener_plugin.py
[2025-08-07T16:14:31.520+0700] {processor.py:179} INFO - Processing /home/dwmhr/pln/venv/lib/python3.10/site-packages/airflow/example_dags/plugins/listener_plugin.py took 0.075 seconds
[2025-08-07T16:15:38.127+0700] {processor.py:157} INFO - Started process (PID=122382) to work on /home/dwmhr/pln/venv/lib/python3.10/site-packages/airflow/example_dags/plugins/listener_plugin.py
[2025-08-07T16:15:38.132+0700] {processor.py:829} INFO - Processing file /home/dwmhr/pln/venv/lib/python3.10/site-packages/airflow/example_dags/plugins/listener_plugin.py for tasks to queue
[2025-08-07T16:15:38.134+0700] {logging_mixin.py:154} INFO - [2025-08-07T16:15:38.133+0700] {dagbag.py:536} INFO - Filling up the DagBag from /home/dwmhr/pln/venv/lib/python3.10/site-packages/airflow/example_dags/plugins/listener_plugin.py
[2025-08-07T16:15:38.144+0700] {processor.py:841} WARNING - No viable dags retrieved from /home/dwmhr/pln/venv/lib/python3.10/site-packages/airflow/example_dags/plugins/listener_plugin.py
[2025-08-07T16:15:38.179+0700] {processor.py:179} INFO - Processing /home/dwmhr/pln/venv/lib/python3.10/site-packages/airflow/example_dags/plugins/listener_plugin.py took 0.061 seconds
[2025-08-07T16:16:16.546+0700] {processor.py:157} INFO - Started process (PID=122612) to work on /home/dwmhr/pln/venv/lib/python3.10/site-packages/airflow/example_dags/plugins/listener_plugin.py
[2025-08-07T16:16:16.550+0700] {processor.py:829} INFO - Processing file /home/dwmhr/pln/venv/lib/python3.10/site-packages/airflow/example_dags/plugins/listener_plugin.py for tasks to queue
[2025-08-07T16:16:16.553+0700] {logging_mixin.py:154} INFO - [2025-08-07T16:16:16.551+0700] {dagbag.py:536} INFO - Filling up the DagBag from /home/dwmhr/pln/venv/lib/python3.10/site-packages/airflow/example_dags/plugins/listener_plugin.py
[2025-08-07T16:16:16.563+0700] {processor.py:841} WARNING - No viable dags retrieved from /home/dwmhr/pln/venv/lib/python3.10/site-packages/airflow/example_dags/plugins/listener_plugin.py
[2025-08-07T16:16:16.596+0700] {processor.py:179} INFO - Processing /home/dwmhr/pln/venv/lib/python3.10/site-packages/airflow/example_dags/plugins/listener_plugin.py took 0.059 seconds
[2025-08-07T16:17:11.378+0700] {processor.py:157} INFO - Started process (PID=122864) to work on /home/dwmhr/pln/venv/lib/python3.10/site-packages/airflow/example_dags/plugins/listener_plugin.py
[2025-08-07T16:17:11.387+0700] {processor.py:829} INFO - Processing file /home/dwmhr/pln/venv/lib/python3.10/site-packages/airflow/example_dags/plugins/listener_plugin.py for tasks to queue
[2025-08-07T16:17:11.389+0700] {logging_mixin.py:154} INFO - [2025-08-07T16:17:11.388+0700] {dagbag.py:536} INFO - Filling up the DagBag from /home/dwmhr/pln/venv/lib/python3.10/site-packages/airflow/example_dags/plugins/listener_plugin.py
[2025-08-07T16:17:11.395+0700] {processor.py:841} WARNING - No viable dags retrieved from /home/dwmhr/pln/venv/lib/python3.10/site-packages/airflow/example_dags/plugins/listener_plugin.py
[2025-08-07T16:17:11.418+0700] {processor.py:179} INFO - Processing /home/dwmhr/pln/venv/lib/python3.10/site-packages/airflow/example_dags/plugins/listener_plugin.py took 0.046 seconds
[2025-08-07T16:18:19.606+0700] {processor.py:157} INFO - Started process (PID=123221) to work on /home/dwmhr/pln/venv/lib/python3.10/site-packages/airflow/example_dags/plugins/listener_plugin.py
[2025-08-07T16:18:19.610+0700] {processor.py:829} INFO - Processing file /home/dwmhr/pln/venv/lib/python3.10/site-packages/airflow/example_dags/plugins/listener_plugin.py for tasks to queue
[2025-08-07T16:18:19.612+0700] {logging_mixin.py:154} INFO - [2025-08-07T16:18:19.611+0700] {dagbag.py:536} INFO - Filling up the DagBag from /home/dwmhr/pln/venv/lib/python3.10/site-packages/airflow/example_dags/plugins/listener_plugin.py
[2025-08-07T16:18:19.623+0700] {processor.py:841} WARNING - No viable dags retrieved from /home/dwmhr/pln/venv/lib/python3.10/site-packages/airflow/example_dags/plugins/listener_plugin.py
[2025-08-07T16:18:19.658+0700] {processor.py:179} INFO - Processing /home/dwmhr/pln/venv/lib/python3.10/site-packages/airflow/example_dags/plugins/listener_plugin.py took 0.063 seconds
[2025-08-07T16:19:06.678+0700] {processor.py:157} INFO - Started process (PID=123459) to work on /home/dwmhr/pln/venv/lib/python3.10/site-packages/airflow/example_dags/plugins/listener_plugin.py
[2025-08-07T16:19:06.687+0700] {processor.py:829} INFO - Processing file /home/dwmhr/pln/venv/lib/python3.10/site-packages/airflow/example_dags/plugins/listener_plugin.py for tasks to queue
[2025-08-07T16:19:06.693+0700] {logging_mixin.py:154} INFO - [2025-08-07T16:19:06.690+0700] {dagbag.py:536} INFO - Filling up the DagBag from /home/dwmhr/pln/venv/lib/python3.10/site-packages/airflow/example_dags/plugins/listener_plugin.py
[2025-08-07T16:19:06.717+0700] {processor.py:841} WARNING - No viable dags retrieved from /home/dwmhr/pln/venv/lib/python3.10/site-packages/airflow/example_dags/plugins/listener_plugin.py
[2025-08-07T16:19:06.813+0700] {processor.py:179} INFO - Processing /home/dwmhr/pln/venv/lib/python3.10/site-packages/airflow/example_dags/plugins/listener_plugin.py took 0.161 seconds
[2025-08-07T16:26:45.484+0700] {processor.py:157} INFO - Started process (PID=125374) to work on /home/dwmhr/pln/venv/lib/python3.10/site-packages/airflow/example_dags/plugins/listener_plugin.py
[2025-08-07T16:26:45.487+0700] {processor.py:829} INFO - Processing file /home/dwmhr/pln/venv/lib/python3.10/site-packages/airflow/example_dags/plugins/listener_plugin.py for tasks to queue
[2025-08-07T16:26:45.489+0700] {logging_mixin.py:154} INFO - [2025-08-07T16:26:45.489+0700] {dagbag.py:536} INFO - Filling up the DagBag from /home/dwmhr/pln/venv/lib/python3.10/site-packages/airflow/example_dags/plugins/listener_plugin.py
[2025-08-07T16:26:45.497+0700] {processor.py:841} WARNING - No viable dags retrieved from /home/dwmhr/pln/venv/lib/python3.10/site-packages/airflow/example_dags/plugins/listener_plugin.py
[2025-08-07T16:26:45.521+0700] {processor.py:179} INFO - Processing /home/dwmhr/pln/venv/lib/python3.10/site-packages/airflow/example_dags/plugins/listener_plugin.py took 0.045 seconds
[2025-08-07T16:27:41.014+0700] {processor.py:157} INFO - Started process (PID=125662) to work on /home/dwmhr/pln/venv/lib/python3.10/site-packages/airflow/example_dags/plugins/listener_plugin.py
[2025-08-07T16:27:41.022+0700] {processor.py:829} INFO - Processing file /home/dwmhr/pln/venv/lib/python3.10/site-packages/airflow/example_dags/plugins/listener_plugin.py for tasks to queue
[2025-08-07T16:27:41.023+0700] {logging_mixin.py:154} INFO - [2025-08-07T16:27:41.023+0700] {dagbag.py:536} INFO - Filling up the DagBag from /home/dwmhr/pln/venv/lib/python3.10/site-packages/airflow/example_dags/plugins/listener_plugin.py
[2025-08-07T16:27:41.026+0700] {processor.py:841} WARNING - No viable dags retrieved from /home/dwmhr/pln/venv/lib/python3.10/site-packages/airflow/example_dags/plugins/listener_plugin.py
[2025-08-07T16:27:41.039+0700] {processor.py:179} INFO - Processing /home/dwmhr/pln/venv/lib/python3.10/site-packages/airflow/example_dags/plugins/listener_plugin.py took 0.028 seconds
[2025-08-07T16:28:22.903+0700] {processor.py:157} INFO - Started process (PID=125846) to work on /home/dwmhr/pln/venv/lib/python3.10/site-packages/airflow/example_dags/plugins/listener_plugin.py
[2025-08-07T16:28:22.907+0700] {processor.py:829} INFO - Processing file /home/dwmhr/pln/venv/lib/python3.10/site-packages/airflow/example_dags/plugins/listener_plugin.py for tasks to queue
[2025-08-07T16:28:22.910+0700] {logging_mixin.py:154} INFO - [2025-08-07T16:28:22.909+0700] {dagbag.py:536} INFO - Filling up the DagBag from /home/dwmhr/pln/venv/lib/python3.10/site-packages/airflow/example_dags/plugins/listener_plugin.py
[2025-08-07T16:28:22.926+0700] {processor.py:841} WARNING - No viable dags retrieved from /home/dwmhr/pln/venv/lib/python3.10/site-packages/airflow/example_dags/plugins/listener_plugin.py
[2025-08-07T16:28:22.971+0700] {processor.py:179} INFO - Processing /home/dwmhr/pln/venv/lib/python3.10/site-packages/airflow/example_dags/plugins/listener_plugin.py took 0.080 seconds
[2025-08-07T16:29:05.780+0700] {processor.py:157} INFO - Started process (PID=126027) to work on /home/dwmhr/pln/venv/lib/python3.10/site-packages/airflow/example_dags/plugins/listener_plugin.py
[2025-08-07T16:29:05.787+0700] {processor.py:829} INFO - Processing file /home/dwmhr/pln/venv/lib/python3.10/site-packages/airflow/example_dags/plugins/listener_plugin.py for tasks to queue
[2025-08-07T16:29:05.790+0700] {logging_mixin.py:154} INFO - [2025-08-07T16:29:05.789+0700] {dagbag.py:536} INFO - Filling up the DagBag from /home/dwmhr/pln/venv/lib/python3.10/site-packages/airflow/example_dags/plugins/listener_plugin.py
[2025-08-07T16:29:05.797+0700] {processor.py:841} WARNING - No viable dags retrieved from /home/dwmhr/pln/venv/lib/python3.10/site-packages/airflow/example_dags/plugins/listener_plugin.py
[2025-08-07T16:29:05.826+0700] {processor.py:179} INFO - Processing /home/dwmhr/pln/venv/lib/python3.10/site-packages/airflow/example_dags/plugins/listener_plugin.py took 0.054 seconds
[2025-08-07T16:30:03.993+0700] {processor.py:157} INFO - Started process (PID=126308) to work on /home/dwmhr/pln/venv/lib/python3.10/site-packages/airflow/example_dags/plugins/listener_plugin.py
[2025-08-07T16:30:03.996+0700] {processor.py:829} INFO - Processing file /home/dwmhr/pln/venv/lib/python3.10/site-packages/airflow/example_dags/plugins/listener_plugin.py for tasks to queue
[2025-08-07T16:30:03.998+0700] {logging_mixin.py:154} INFO - [2025-08-07T16:30:03.997+0700] {dagbag.py:536} INFO - Filling up the DagBag from /home/dwmhr/pln/venv/lib/python3.10/site-packages/airflow/example_dags/plugins/listener_plugin.py
[2025-08-07T16:30:04.005+0700] {processor.py:841} WARNING - No viable dags retrieved from /home/dwmhr/pln/venv/lib/python3.10/site-packages/airflow/example_dags/plugins/listener_plugin.py
[2025-08-07T16:30:04.033+0700] {processor.py:179} INFO - Processing /home/dwmhr/pln/venv/lib/python3.10/site-packages/airflow/example_dags/plugins/listener_plugin.py took 0.049 seconds
[2025-08-07T16:30:57.940+0700] {processor.py:157} INFO - Started process (PID=126595) to work on /home/dwmhr/pln/venv/lib/python3.10/site-packages/airflow/example_dags/plugins/listener_plugin.py
[2025-08-07T16:30:57.944+0700] {processor.py:829} INFO - Processing file /home/dwmhr/pln/venv/lib/python3.10/site-packages/airflow/example_dags/plugins/listener_plugin.py for tasks to queue
[2025-08-07T16:30:57.946+0700] {logging_mixin.py:154} INFO - [2025-08-07T16:30:57.945+0700] {dagbag.py:536} INFO - Filling up the DagBag from /home/dwmhr/pln/venv/lib/python3.10/site-packages/airflow/example_dags/plugins/listener_plugin.py
[2025-08-07T16:30:57.952+0700] {processor.py:841} WARNING - No viable dags retrieved from /home/dwmhr/pln/venv/lib/python3.10/site-packages/airflow/example_dags/plugins/listener_plugin.py
[2025-08-07T16:30:57.973+0700] {processor.py:179} INFO - Processing /home/dwmhr/pln/venv/lib/python3.10/site-packages/airflow/example_dags/plugins/listener_plugin.py took 0.040 seconds
[2025-08-07T16:32:10.481+0700] {processor.py:157} INFO - Started process (PID=126944) to work on /home/dwmhr/pln/venv/lib/python3.10/site-packages/airflow/example_dags/plugins/listener_plugin.py
[2025-08-07T16:32:10.500+0700] {processor.py:829} INFO - Processing file /home/dwmhr/pln/venv/lib/python3.10/site-packages/airflow/example_dags/plugins/listener_plugin.py for tasks to queue
[2025-08-07T16:32:10.509+0700] {logging_mixin.py:154} INFO - [2025-08-07T16:32:10.504+0700] {dagbag.py:536} INFO - Filling up the DagBag from /home/dwmhr/pln/venv/lib/python3.10/site-packages/airflow/example_dags/plugins/listener_plugin.py
[2025-08-07T16:32:10.530+0700] {processor.py:841} WARNING - No viable dags retrieved from /home/dwmhr/pln/venv/lib/python3.10/site-packages/airflow/example_dags/plugins/listener_plugin.py
[2025-08-07T16:32:10.636+0700] {processor.py:179} INFO - Processing /home/dwmhr/pln/venv/lib/python3.10/site-packages/airflow/example_dags/plugins/listener_plugin.py took 0.178 seconds
[2025-08-07T16:33:22.978+0700] {processor.py:157} INFO - Started process (PID=127219) to work on /home/dwmhr/pln/venv/lib/python3.10/site-packages/airflow/example_dags/plugins/listener_plugin.py
[2025-08-07T16:33:22.982+0700] {processor.py:829} INFO - Processing file /home/dwmhr/pln/venv/lib/python3.10/site-packages/airflow/example_dags/plugins/listener_plugin.py for tasks to queue
[2025-08-07T16:33:22.985+0700] {logging_mixin.py:154} INFO - [2025-08-07T16:33:22.984+0700] {dagbag.py:536} INFO - Filling up the DagBag from /home/dwmhr/pln/venv/lib/python3.10/site-packages/airflow/example_dags/plugins/listener_plugin.py
[2025-08-07T16:33:22.996+0700] {processor.py:841} WARNING - No viable dags retrieved from /home/dwmhr/pln/venv/lib/python3.10/site-packages/airflow/example_dags/plugins/listener_plugin.py
[2025-08-07T16:33:23.039+0700] {processor.py:179} INFO - Processing /home/dwmhr/pln/venv/lib/python3.10/site-packages/airflow/example_dags/plugins/listener_plugin.py took 0.073 seconds
[2025-08-07T16:34:18.452+0700] {processor.py:157} INFO - Started process (PID=127455) to work on /home/dwmhr/pln/venv/lib/python3.10/site-packages/airflow/example_dags/plugins/listener_plugin.py
[2025-08-07T16:34:18.455+0700] {processor.py:829} INFO - Processing file /home/dwmhr/pln/venv/lib/python3.10/site-packages/airflow/example_dags/plugins/listener_plugin.py for tasks to queue
[2025-08-07T16:34:18.457+0700] {logging_mixin.py:154} INFO - [2025-08-07T16:34:18.456+0700] {dagbag.py:536} INFO - Filling up the DagBag from /home/dwmhr/pln/venv/lib/python3.10/site-packages/airflow/example_dags/plugins/listener_plugin.py
[2025-08-07T16:34:18.463+0700] {processor.py:841} WARNING - No viable dags retrieved from /home/dwmhr/pln/venv/lib/python3.10/site-packages/airflow/example_dags/plugins/listener_plugin.py
[2025-08-07T16:34:18.488+0700] {processor.py:179} INFO - Processing /home/dwmhr/pln/venv/lib/python3.10/site-packages/airflow/example_dags/plugins/listener_plugin.py took 0.043 seconds
[2025-08-07T16:35:16.011+0700] {processor.py:157} INFO - Started process (PID=127697) to work on /home/dwmhr/pln/venv/lib/python3.10/site-packages/airflow/example_dags/plugins/listener_plugin.py
[2025-08-07T16:35:16.015+0700] {processor.py:829} INFO - Processing file /home/dwmhr/pln/venv/lib/python3.10/site-packages/airflow/example_dags/plugins/listener_plugin.py for tasks to queue
[2025-08-07T16:35:16.017+0700] {logging_mixin.py:154} INFO - [2025-08-07T16:35:16.016+0700] {dagbag.py:536} INFO - Filling up the DagBag from /home/dwmhr/pln/venv/lib/python3.10/site-packages/airflow/example_dags/plugins/listener_plugin.py
[2025-08-07T16:35:16.024+0700] {processor.py:841} WARNING - No viable dags retrieved from /home/dwmhr/pln/venv/lib/python3.10/site-packages/airflow/example_dags/plugins/listener_plugin.py
[2025-08-07T16:35:16.050+0700] {processor.py:179} INFO - Processing /home/dwmhr/pln/venv/lib/python3.10/site-packages/airflow/example_dags/plugins/listener_plugin.py took 0.048 seconds
[2025-08-07T16:36:02.271+0700] {processor.py:157} INFO - Started process (PID=127891) to work on /home/dwmhr/pln/venv/lib/python3.10/site-packages/airflow/example_dags/plugins/listener_plugin.py
[2025-08-07T16:36:02.273+0700] {processor.py:829} INFO - Processing file /home/dwmhr/pln/venv/lib/python3.10/site-packages/airflow/example_dags/plugins/listener_plugin.py for tasks to queue
[2025-08-07T16:36:02.274+0700] {logging_mixin.py:154} INFO - [2025-08-07T16:36:02.273+0700] {dagbag.py:536} INFO - Filling up the DagBag from /home/dwmhr/pln/venv/lib/python3.10/site-packages/airflow/example_dags/plugins/listener_plugin.py
[2025-08-07T16:36:02.278+0700] {processor.py:841} WARNING - No viable dags retrieved from /home/dwmhr/pln/venv/lib/python3.10/site-packages/airflow/example_dags/plugins/listener_plugin.py
[2025-08-07T16:36:02.296+0700] {processor.py:179} INFO - Processing /home/dwmhr/pln/venv/lib/python3.10/site-packages/airflow/example_dags/plugins/listener_plugin.py took 0.030 seconds
[2025-08-07T16:36:39.739+0700] {processor.py:157} INFO - Started process (PID=128037) to work on /home/dwmhr/pln/venv/lib/python3.10/site-packages/airflow/example_dags/plugins/listener_plugin.py
[2025-08-07T16:36:39.741+0700] {processor.py:829} INFO - Processing file /home/dwmhr/pln/venv/lib/python3.10/site-packages/airflow/example_dags/plugins/listener_plugin.py for tasks to queue
[2025-08-07T16:36:39.743+0700] {logging_mixin.py:154} INFO - [2025-08-07T16:36:39.742+0700] {dagbag.py:536} INFO - Filling up the DagBag from /home/dwmhr/pln/venv/lib/python3.10/site-packages/airflow/example_dags/plugins/listener_plugin.py
[2025-08-07T16:36:39.747+0700] {processor.py:841} WARNING - No viable dags retrieved from /home/dwmhr/pln/venv/lib/python3.10/site-packages/airflow/example_dags/plugins/listener_plugin.py
[2025-08-07T16:36:39.761+0700] {processor.py:179} INFO - Processing /home/dwmhr/pln/venv/lib/python3.10/site-packages/airflow/example_dags/plugins/listener_plugin.py took 0.026 seconds
[2025-08-07T16:37:20.781+0700] {processor.py:157} INFO - Started process (PID=128218) to work on /home/dwmhr/pln/venv/lib/python3.10/site-packages/airflow/example_dags/plugins/listener_plugin.py
[2025-08-07T16:37:20.786+0700] {processor.py:829} INFO - Processing file /home/dwmhr/pln/venv/lib/python3.10/site-packages/airflow/example_dags/plugins/listener_plugin.py for tasks to queue
[2025-08-07T16:37:20.790+0700] {logging_mixin.py:154} INFO - [2025-08-07T16:37:20.788+0700] {dagbag.py:536} INFO - Filling up the DagBag from /home/dwmhr/pln/venv/lib/python3.10/site-packages/airflow/example_dags/plugins/listener_plugin.py
[2025-08-07T16:37:20.799+0700] {processor.py:841} WARNING - No viable dags retrieved from /home/dwmhr/pln/venv/lib/python3.10/site-packages/airflow/example_dags/plugins/listener_plugin.py
[2025-08-07T16:37:20.834+0700] {processor.py:179} INFO - Processing /home/dwmhr/pln/venv/lib/python3.10/site-packages/airflow/example_dags/plugins/listener_plugin.py took 0.065 seconds
[2025-08-07T16:38:22.920+0700] {processor.py:157} INFO - Started process (PID=128455) to work on /home/dwmhr/pln/venv/lib/python3.10/site-packages/airflow/example_dags/plugins/listener_plugin.py
[2025-08-07T16:38:22.933+0700] {processor.py:829} INFO - Processing file /home/dwmhr/pln/venv/lib/python3.10/site-packages/airflow/example_dags/plugins/listener_plugin.py for tasks to queue
[2025-08-07T16:38:22.938+0700] {logging_mixin.py:154} INFO - [2025-08-07T16:38:22.936+0700] {dagbag.py:536} INFO - Filling up the DagBag from /home/dwmhr/pln/venv/lib/python3.10/site-packages/airflow/example_dags/plugins/listener_plugin.py
[2025-08-07T16:38:22.969+0700] {processor.py:841} WARNING - No viable dags retrieved from /home/dwmhr/pln/venv/lib/python3.10/site-packages/airflow/example_dags/plugins/listener_plugin.py
[2025-08-07T16:38:23.075+0700] {processor.py:179} INFO - Processing /home/dwmhr/pln/venv/lib/python3.10/site-packages/airflow/example_dags/plugins/listener_plugin.py took 0.184 seconds
[2025-08-07T16:39:18.276+0700] {processor.py:157} INFO - Started process (PID=128694) to work on /home/dwmhr/pln/venv/lib/python3.10/site-packages/airflow/example_dags/plugins/listener_plugin.py
[2025-08-07T16:39:18.279+0700] {processor.py:829} INFO - Processing file /home/dwmhr/pln/venv/lib/python3.10/site-packages/airflow/example_dags/plugins/listener_plugin.py for tasks to queue
[2025-08-07T16:39:18.280+0700] {logging_mixin.py:154} INFO - [2025-08-07T16:39:18.280+0700] {dagbag.py:536} INFO - Filling up the DagBag from /home/dwmhr/pln/venv/lib/python3.10/site-packages/airflow/example_dags/plugins/listener_plugin.py
[2025-08-07T16:39:18.285+0700] {processor.py:841} WARNING - No viable dags retrieved from /home/dwmhr/pln/venv/lib/python3.10/site-packages/airflow/example_dags/plugins/listener_plugin.py
[2025-08-07T16:39:18.305+0700] {processor.py:179} INFO - Processing /home/dwmhr/pln/venv/lib/python3.10/site-packages/airflow/example_dags/plugins/listener_plugin.py took 0.035 seconds
[2025-08-07T16:40:27.346+0700] {processor.py:157} INFO - Started process (PID=128973) to work on /home/dwmhr/pln/venv/lib/python3.10/site-packages/airflow/example_dags/plugins/listener_plugin.py
[2025-08-07T16:40:27.350+0700] {processor.py:829} INFO - Processing file /home/dwmhr/pln/venv/lib/python3.10/site-packages/airflow/example_dags/plugins/listener_plugin.py for tasks to queue
[2025-08-07T16:40:27.352+0700] {logging_mixin.py:154} INFO - [2025-08-07T16:40:27.351+0700] {dagbag.py:536} INFO - Filling up the DagBag from /home/dwmhr/pln/venv/lib/python3.10/site-packages/airflow/example_dags/plugins/listener_plugin.py
[2025-08-07T16:40:27.361+0700] {processor.py:841} WARNING - No viable dags retrieved from /home/dwmhr/pln/venv/lib/python3.10/site-packages/airflow/example_dags/plugins/listener_plugin.py
[2025-08-07T16:40:27.400+0700] {processor.py:179} INFO - Processing /home/dwmhr/pln/venv/lib/python3.10/site-packages/airflow/example_dags/plugins/listener_plugin.py took 0.065 seconds
[2025-08-07T16:41:06.195+0700] {processor.py:157} INFO - Started process (PID=129142) to work on /home/dwmhr/pln/venv/lib/python3.10/site-packages/airflow/example_dags/plugins/listener_plugin.py
[2025-08-07T16:41:06.201+0700] {processor.py:829} INFO - Processing file /home/dwmhr/pln/venv/lib/python3.10/site-packages/airflow/example_dags/plugins/listener_plugin.py for tasks to queue
[2025-08-07T16:41:06.202+0700] {logging_mixin.py:154} INFO - [2025-08-07T16:41:06.201+0700] {dagbag.py:536} INFO - Filling up the DagBag from /home/dwmhr/pln/venv/lib/python3.10/site-packages/airflow/example_dags/plugins/listener_plugin.py
[2025-08-07T16:41:06.205+0700] {processor.py:841} WARNING - No viable dags retrieved from /home/dwmhr/pln/venv/lib/python3.10/site-packages/airflow/example_dags/plugins/listener_plugin.py
[2025-08-07T16:41:06.219+0700] {processor.py:179} INFO - Processing /home/dwmhr/pln/venv/lib/python3.10/site-packages/airflow/example_dags/plugins/listener_plugin.py took 0.028 seconds
[2025-08-07T16:41:56.062+0700] {processor.py:157} INFO - Started process (PID=129358) to work on /home/dwmhr/pln/venv/lib/python3.10/site-packages/airflow/example_dags/plugins/listener_plugin.py
[2025-08-07T16:41:56.066+0700] {processor.py:829} INFO - Processing file /home/dwmhr/pln/venv/lib/python3.10/site-packages/airflow/example_dags/plugins/listener_plugin.py for tasks to queue
[2025-08-07T16:41:56.068+0700] {logging_mixin.py:154} INFO - [2025-08-07T16:41:56.067+0700] {dagbag.py:536} INFO - Filling up the DagBag from /home/dwmhr/pln/venv/lib/python3.10/site-packages/airflow/example_dags/plugins/listener_plugin.py
[2025-08-07T16:41:56.072+0700] {processor.py:841} WARNING - No viable dags retrieved from /home/dwmhr/pln/venv/lib/python3.10/site-packages/airflow/example_dags/plugins/listener_plugin.py
[2025-08-07T16:41:56.091+0700] {processor.py:179} INFO - Processing /home/dwmhr/pln/venv/lib/python3.10/site-packages/airflow/example_dags/plugins/listener_plugin.py took 0.034 seconds
[2025-08-07T16:42:41.597+0700] {processor.py:157} INFO - Started process (PID=129535) to work on /home/dwmhr/pln/venv/lib/python3.10/site-packages/airflow/example_dags/plugins/listener_plugin.py
[2025-08-07T16:42:41.602+0700] {processor.py:829} INFO - Processing file /home/dwmhr/pln/venv/lib/python3.10/site-packages/airflow/example_dags/plugins/listener_plugin.py for tasks to queue
[2025-08-07T16:42:41.605+0700] {logging_mixin.py:154} INFO - [2025-08-07T16:42:41.604+0700] {dagbag.py:536} INFO - Filling up the DagBag from /home/dwmhr/pln/venv/lib/python3.10/site-packages/airflow/example_dags/plugins/listener_plugin.py
[2025-08-07T16:42:41.620+0700] {processor.py:841} WARNING - No viable dags retrieved from /home/dwmhr/pln/venv/lib/python3.10/site-packages/airflow/example_dags/plugins/listener_plugin.py
[2025-08-07T16:42:41.669+0700] {processor.py:179} INFO - Processing /home/dwmhr/pln/venv/lib/python3.10/site-packages/airflow/example_dags/plugins/listener_plugin.py took 0.088 seconds
[2025-08-07T16:43:40.418+0700] {processor.py:157} INFO - Started process (PID=129778) to work on /home/dwmhr/pln/venv/lib/python3.10/site-packages/airflow/example_dags/plugins/listener_plugin.py
[2025-08-07T16:43:40.419+0700] {processor.py:829} INFO - Processing file /home/dwmhr/pln/venv/lib/python3.10/site-packages/airflow/example_dags/plugins/listener_plugin.py for tasks to queue
[2025-08-07T16:43:40.420+0700] {logging_mixin.py:154} INFO - [2025-08-07T16:43:40.420+0700] {dagbag.py:536} INFO - Filling up the DagBag from /home/dwmhr/pln/venv/lib/python3.10/site-packages/airflow/example_dags/plugins/listener_plugin.py
[2025-08-07T16:43:40.423+0700] {processor.py:841} WARNING - No viable dags retrieved from /home/dwmhr/pln/venv/lib/python3.10/site-packages/airflow/example_dags/plugins/listener_plugin.py
[2025-08-07T16:43:40.433+0700] {processor.py:179} INFO - Processing /home/dwmhr/pln/venv/lib/python3.10/site-packages/airflow/example_dags/plugins/listener_plugin.py took 0.018 seconds
[2025-08-07T16:44:25.056+0700] {processor.py:157} INFO - Started process (PID=129974) to work on /home/dwmhr/pln/venv/lib/python3.10/site-packages/airflow/example_dags/plugins/listener_plugin.py
[2025-08-07T16:44:25.058+0700] {processor.py:829} INFO - Processing file /home/dwmhr/pln/venv/lib/python3.10/site-packages/airflow/example_dags/plugins/listener_plugin.py for tasks to queue
[2025-08-07T16:44:25.059+0700] {logging_mixin.py:154} INFO - [2025-08-07T16:44:25.059+0700] {dagbag.py:536} INFO - Filling up the DagBag from /home/dwmhr/pln/venv/lib/python3.10/site-packages/airflow/example_dags/plugins/listener_plugin.py
[2025-08-07T16:44:25.062+0700] {processor.py:841} WARNING - No viable dags retrieved from /home/dwmhr/pln/venv/lib/python3.10/site-packages/airflow/example_dags/plugins/listener_plugin.py
[2025-08-07T16:44:25.073+0700] {processor.py:179} INFO - Processing /home/dwmhr/pln/venv/lib/python3.10/site-packages/airflow/example_dags/plugins/listener_plugin.py took 0.020 seconds
[2025-08-07T16:45:04.702+0700] {processor.py:157} INFO - Started process (PID=130164) to work on /home/dwmhr/pln/venv/lib/python3.10/site-packages/airflow/example_dags/plugins/listener_plugin.py
[2025-08-07T16:45:04.705+0700] {processor.py:829} INFO - Processing file /home/dwmhr/pln/venv/lib/python3.10/site-packages/airflow/example_dags/plugins/listener_plugin.py for tasks to queue
[2025-08-07T16:45:04.707+0700] {logging_mixin.py:154} INFO - [2025-08-07T16:45:04.706+0700] {dagbag.py:536} INFO - Filling up the DagBag from /home/dwmhr/pln/venv/lib/python3.10/site-packages/airflow/example_dags/plugins/listener_plugin.py
[2025-08-07T16:45:04.711+0700] {processor.py:841} WARNING - No viable dags retrieved from /home/dwmhr/pln/venv/lib/python3.10/site-packages/airflow/example_dags/plugins/listener_plugin.py
[2025-08-07T16:45:04.728+0700] {processor.py:179} INFO - Processing /home/dwmhr/pln/venv/lib/python3.10/site-packages/airflow/example_dags/plugins/listener_plugin.py took 0.031 seconds
[2025-08-07T16:45:48.237+0700] {processor.py:157} INFO - Started process (PID=130364) to work on /home/dwmhr/pln/venv/lib/python3.10/site-packages/airflow/example_dags/plugins/listener_plugin.py
[2025-08-07T16:45:48.239+0700] {processor.py:829} INFO - Processing file /home/dwmhr/pln/venv/lib/python3.10/site-packages/airflow/example_dags/plugins/listener_plugin.py for tasks to queue
[2025-08-07T16:45:48.240+0700] {logging_mixin.py:154} INFO - [2025-08-07T16:45:48.239+0700] {dagbag.py:536} INFO - Filling up the DagBag from /home/dwmhr/pln/venv/lib/python3.10/site-packages/airflow/example_dags/plugins/listener_plugin.py
[2025-08-07T16:45:48.243+0700] {processor.py:841} WARNING - No viable dags retrieved from /home/dwmhr/pln/venv/lib/python3.10/site-packages/airflow/example_dags/plugins/listener_plugin.py
[2025-08-07T16:45:48.258+0700] {processor.py:179} INFO - Processing /home/dwmhr/pln/venv/lib/python3.10/site-packages/airflow/example_dags/plugins/listener_plugin.py took 0.025 seconds
[2025-08-07T16:46:53.984+0700] {processor.py:157} INFO - Started process (PID=130630) to work on /home/dwmhr/pln/venv/lib/python3.10/site-packages/airflow/example_dags/plugins/listener_plugin.py
[2025-08-07T16:46:53.986+0700] {processor.py:829} INFO - Processing file /home/dwmhr/pln/venv/lib/python3.10/site-packages/airflow/example_dags/plugins/listener_plugin.py for tasks to queue
[2025-08-07T16:46:53.988+0700] {logging_mixin.py:154} INFO - [2025-08-07T16:46:53.987+0700] {dagbag.py:536} INFO - Filling up the DagBag from /home/dwmhr/pln/venv/lib/python3.10/site-packages/airflow/example_dags/plugins/listener_plugin.py
[2025-08-07T16:46:53.994+0700] {processor.py:841} WARNING - No viable dags retrieved from /home/dwmhr/pln/venv/lib/python3.10/site-packages/airflow/example_dags/plugins/listener_plugin.py
[2025-08-07T16:46:54.016+0700] {processor.py:179} INFO - Processing /home/dwmhr/pln/venv/lib/python3.10/site-packages/airflow/example_dags/plugins/listener_plugin.py took 0.039 seconds
[2025-08-07T16:47:44.177+0700] {processor.py:157} INFO - Started process (PID=130860) to work on /home/dwmhr/pln/venv/lib/python3.10/site-packages/airflow/example_dags/plugins/listener_plugin.py
[2025-08-07T16:47:44.184+0700] {processor.py:829} INFO - Processing file /home/dwmhr/pln/venv/lib/python3.10/site-packages/airflow/example_dags/plugins/listener_plugin.py for tasks to queue
[2025-08-07T16:47:44.189+0700] {logging_mixin.py:154} INFO - [2025-08-07T16:47:44.187+0700] {dagbag.py:536} INFO - Filling up the DagBag from /home/dwmhr/pln/venv/lib/python3.10/site-packages/airflow/example_dags/plugins/listener_plugin.py
[2025-08-07T16:47:44.204+0700] {processor.py:841} WARNING - No viable dags retrieved from /home/dwmhr/pln/venv/lib/python3.10/site-packages/airflow/example_dags/plugins/listener_plugin.py
[2025-08-07T16:47:44.268+0700] {processor.py:179} INFO - Processing /home/dwmhr/pln/venv/lib/python3.10/site-packages/airflow/example_dags/plugins/listener_plugin.py took 0.119 seconds
[2025-08-07T16:48:42.115+0700] {processor.py:157} INFO - Started process (PID=131107) to work on /home/dwmhr/pln/venv/lib/python3.10/site-packages/airflow/example_dags/plugins/listener_plugin.py
[2025-08-07T16:48:42.128+0700] {processor.py:829} INFO - Processing file /home/dwmhr/pln/venv/lib/python3.10/site-packages/airflow/example_dags/plugins/listener_plugin.py for tasks to queue
[2025-08-07T16:48:42.128+0700] {logging_mixin.py:154} INFO - [2025-08-07T16:48:42.128+0700] {dagbag.py:536} INFO - Filling up the DagBag from /home/dwmhr/pln/venv/lib/python3.10/site-packages/airflow/example_dags/plugins/listener_plugin.py
[2025-08-07T16:48:42.131+0700] {processor.py:841} WARNING - No viable dags retrieved from /home/dwmhr/pln/venv/lib/python3.10/site-packages/airflow/example_dags/plugins/listener_plugin.py
[2025-08-07T16:48:42.141+0700] {processor.py:179} INFO - Processing /home/dwmhr/pln/venv/lib/python3.10/site-packages/airflow/example_dags/plugins/listener_plugin.py took 0.029 seconds
[2025-08-07T16:49:25.461+0700] {processor.py:157} INFO - Started process (PID=131298) to work on /home/dwmhr/pln/venv/lib/python3.10/site-packages/airflow/example_dags/plugins/listener_plugin.py
[2025-08-07T16:49:25.464+0700] {processor.py:829} INFO - Processing file /home/dwmhr/pln/venv/lib/python3.10/site-packages/airflow/example_dags/plugins/listener_plugin.py for tasks to queue
[2025-08-07T16:49:25.467+0700] {logging_mixin.py:154} INFO - [2025-08-07T16:49:25.466+0700] {dagbag.py:536} INFO - Filling up the DagBag from /home/dwmhr/pln/venv/lib/python3.10/site-packages/airflow/example_dags/plugins/listener_plugin.py
[2025-08-07T16:49:25.477+0700] {processor.py:841} WARNING - No viable dags retrieved from /home/dwmhr/pln/venv/lib/python3.10/site-packages/airflow/example_dags/plugins/listener_plugin.py
[2025-08-07T16:49:25.521+0700] {processor.py:179} INFO - Processing /home/dwmhr/pln/venv/lib/python3.10/site-packages/airflow/example_dags/plugins/listener_plugin.py took 0.075 seconds
