[2025-08-08T15:05:41.267+0700] {processor.py:157} INFO - Started process (PID=88950) to work on /home/dwmhr/pln/venv/lib/python3.10/site-packages/airflow/example_dags/example_bash_operator.py
[2025-08-08T15:05:41.268+0700] {processor.py:829} INFO - Processing file /home/dwmhr/pln/venv/lib/python3.10/site-packages/airflow/example_dags/example_bash_operator.py for tasks to queue
[2025-08-08T15:05:41.270+0700] {logging_mixin.py:154} INFO - [2025-08-08T15:05:41.269+0700] {dagbag.py:536} INFO - Filling up the DagBag from /home/dwmhr/pln/venv/lib/python3.10/site-packages/airflow/example_dags/example_bash_operator.py
[2025-08-08T15:05:41.291+0700] {processor.py:839} INFO - DAG(s) dict_keys(['example_bash_operator']) retrieved from /home/dwmhr/pln/venv/lib/python3.10/site-packages/airflow/example_dags/example_bash_operator.py
[2025-08-08T15:05:41.328+0700] {logging_mixin.py:154} INFO - [2025-08-08T15:05:41.328+0700] {dag.py:2941} INFO - Sync 1 DAGs
[2025-08-08T15:05:41.363+0700] {logging_mixin.py:154} INFO - [2025-08-08T15:05:41.362+0700] {dag.py:3722} INFO - Setting next_dagrun for example_bash_operator to 2025-08-07T00:00:00+00:00, run_after=2025-08-08T00:00:00+00:00
[2025-08-08T15:05:41.400+0700] {processor.py:179} INFO - Processing /home/dwmhr/pln/venv/lib/python3.10/site-packages/airflow/example_dags/example_bash_operator.py took 0.139 seconds
[2025-08-08T15:06:35.516+0700] {processor.py:157} INFO - Started process (PID=89121) to work on /home/dwmhr/pln/venv/lib/python3.10/site-packages/airflow/example_dags/example_bash_operator.py
[2025-08-08T15:06:35.518+0700] {processor.py:829} INFO - Processing file /home/dwmhr/pln/venv/lib/python3.10/site-packages/airflow/example_dags/example_bash_operator.py for tasks to queue
[2025-08-08T15:06:35.519+0700] {logging_mixin.py:154} INFO - [2025-08-08T15:06:35.519+0700] {dagbag.py:536} INFO - Filling up the DagBag from /home/dwmhr/pln/venv/lib/python3.10/site-packages/airflow/example_dags/example_bash_operator.py
[2025-08-08T15:06:35.538+0700] {processor.py:839} INFO - DAG(s) dict_keys(['example_bash_operator']) retrieved from /home/dwmhr/pln/venv/lib/python3.10/site-packages/airflow/example_dags/example_bash_operator.py
[2025-08-08T15:06:35.572+0700] {logging_mixin.py:154} INFO - [2025-08-08T15:06:35.572+0700] {dag.py:2941} INFO - Sync 1 DAGs
[2025-08-08T15:06:35.599+0700] {logging_mixin.py:154} INFO - [2025-08-08T15:06:35.599+0700] {dag.py:3722} INFO - Setting next_dagrun for example_bash_operator to 2025-08-07T00:00:00+00:00, run_after=2025-08-08T00:00:00+00:00
[2025-08-08T15:06:35.628+0700] {processor.py:179} INFO - Processing /home/dwmhr/pln/venv/lib/python3.10/site-packages/airflow/example_dags/example_bash_operator.py took 0.118 seconds
[2025-08-08T15:07:36.179+0700] {processor.py:157} INFO - Started process (PID=89310) to work on /home/dwmhr/pln/venv/lib/python3.10/site-packages/airflow/example_dags/example_bash_operator.py
[2025-08-08T15:07:36.185+0700] {processor.py:829} INFO - Processing file /home/dwmhr/pln/venv/lib/python3.10/site-packages/airflow/example_dags/example_bash_operator.py for tasks to queue
[2025-08-08T15:07:36.186+0700] {logging_mixin.py:154} INFO - [2025-08-08T15:07:36.186+0700] {dagbag.py:536} INFO - Filling up the DagBag from /home/dwmhr/pln/venv/lib/python3.10/site-packages/airflow/example_dags/example_bash_operator.py
[2025-08-08T15:07:36.196+0700] {processor.py:839} INFO - DAG(s) dict_keys(['example_bash_operator']) retrieved from /home/dwmhr/pln/venv/lib/python3.10/site-packages/airflow/example_dags/example_bash_operator.py
[2025-08-08T15:07:36.213+0700] {logging_mixin.py:154} INFO - [2025-08-08T15:07:36.212+0700] {dag.py:2941} INFO - Sync 1 DAGs
[2025-08-08T15:07:36.226+0700] {logging_mixin.py:154} INFO - [2025-08-08T15:07:36.226+0700] {dag.py:3722} INFO - Setting next_dagrun for example_bash_operator to 2025-08-07T00:00:00+00:00, run_after=2025-08-08T00:00:00+00:00
[2025-08-08T15:07:36.247+0700] {processor.py:179} INFO - Processing /home/dwmhr/pln/venv/lib/python3.10/site-packages/airflow/example_dags/example_bash_operator.py took 0.072 seconds
[2025-08-08T15:11:24.946+0700] {processor.py:157} INFO - Started process (PID=89804) to work on /home/dwmhr/pln/venv/lib/python3.10/site-packages/airflow/example_dags/example_bash_operator.py
[2025-08-08T15:11:24.949+0700] {processor.py:829} INFO - Processing file /home/dwmhr/pln/venv/lib/python3.10/site-packages/airflow/example_dags/example_bash_operator.py for tasks to queue
[2025-08-08T15:11:24.952+0700] {logging_mixin.py:154} INFO - [2025-08-08T15:11:24.951+0700] {dagbag.py:536} INFO - Filling up the DagBag from /home/dwmhr/pln/venv/lib/python3.10/site-packages/airflow/example_dags/example_bash_operator.py
[2025-08-08T15:11:25.282+0700] {processor.py:839} INFO - DAG(s) dict_keys(['example_bash_operator']) retrieved from /home/dwmhr/pln/venv/lib/python3.10/site-packages/airflow/example_dags/example_bash_operator.py
[2025-08-08T15:11:25.893+0700] {logging_mixin.py:154} INFO - [2025-08-08T15:11:25.891+0700] {dag.py:2941} INFO - Sync 1 DAGs
[2025-08-08T15:11:26.346+0700] {logging_mixin.py:154} INFO - [2025-08-08T15:11:26.345+0700] {dag.py:3722} INFO - Setting next_dagrun for example_bash_operator to 2025-08-07T00:00:00+00:00, run_after=2025-08-08T00:00:00+00:00
[2025-08-08T15:11:26.654+0700] {processor.py:179} INFO - Processing /home/dwmhr/pln/venv/lib/python3.10/site-packages/airflow/example_dags/example_bash_operator.py took 1.734 seconds
[2025-08-08T15:13:30.546+0700] {processor.py:157} INFO - Started process (PID=90121) to work on /home/dwmhr/pln/venv/lib/python3.10/site-packages/airflow/example_dags/example_bash_operator.py
[2025-08-08T15:13:30.553+0700] {processor.py:829} INFO - Processing file /home/dwmhr/pln/venv/lib/python3.10/site-packages/airflow/example_dags/example_bash_operator.py for tasks to queue
[2025-08-08T15:13:30.555+0700] {logging_mixin.py:154} INFO - [2025-08-08T15:13:30.555+0700] {dagbag.py:536} INFO - Filling up the DagBag from /home/dwmhr/pln/venv/lib/python3.10/site-packages/airflow/example_dags/example_bash_operator.py
[2025-08-08T15:13:30.570+0700] {processor.py:839} INFO - DAG(s) dict_keys(['example_bash_operator']) retrieved from /home/dwmhr/pln/venv/lib/python3.10/site-packages/airflow/example_dags/example_bash_operator.py
[2025-08-08T15:13:30.599+0700] {logging_mixin.py:154} INFO - [2025-08-08T15:13:30.599+0700] {dag.py:2941} INFO - Sync 1 DAGs
[2025-08-08T15:13:30.623+0700] {logging_mixin.py:154} INFO - [2025-08-08T15:13:30.623+0700] {dag.py:3722} INFO - Setting next_dagrun for example_bash_operator to 2025-08-07T00:00:00+00:00, run_after=2025-08-08T00:00:00+00:00
[2025-08-08T15:13:30.650+0700] {processor.py:179} INFO - Processing /home/dwmhr/pln/venv/lib/python3.10/site-packages/airflow/example_dags/example_bash_operator.py took 0.108 seconds
[2025-08-08T15:14:47.866+0700] {processor.py:157} INFO - Started process (PID=90335) to work on /home/dwmhr/pln/venv/lib/python3.10/site-packages/airflow/example_dags/example_bash_operator.py
[2025-08-08T15:14:47.875+0700] {processor.py:829} INFO - Processing file /home/dwmhr/pln/venv/lib/python3.10/site-packages/airflow/example_dags/example_bash_operator.py for tasks to queue
[2025-08-08T15:14:47.876+0700] {logging_mixin.py:154} INFO - [2025-08-08T15:14:47.876+0700] {dagbag.py:536} INFO - Filling up the DagBag from /home/dwmhr/pln/venv/lib/python3.10/site-packages/airflow/example_dags/example_bash_operator.py
[2025-08-08T15:14:47.886+0700] {processor.py:839} INFO - DAG(s) dict_keys(['example_bash_operator']) retrieved from /home/dwmhr/pln/venv/lib/python3.10/site-packages/airflow/example_dags/example_bash_operator.py
[2025-08-08T15:14:47.903+0700] {logging_mixin.py:154} INFO - [2025-08-08T15:14:47.902+0700] {dag.py:2941} INFO - Sync 1 DAGs
[2025-08-08T15:14:47.915+0700] {logging_mixin.py:154} INFO - [2025-08-08T15:14:47.915+0700] {dag.py:3722} INFO - Setting next_dagrun for example_bash_operator to 2025-08-07T00:00:00+00:00, run_after=2025-08-08T00:00:00+00:00
[2025-08-08T15:14:47.932+0700] {processor.py:179} INFO - Processing /home/dwmhr/pln/venv/lib/python3.10/site-packages/airflow/example_dags/example_bash_operator.py took 0.069 seconds
[2025-08-08T15:15:45.414+0700] {processor.py:157} INFO - Started process (PID=90531) to work on /home/dwmhr/pln/venv/lib/python3.10/site-packages/airflow/example_dags/example_bash_operator.py
[2025-08-08T15:15:45.415+0700] {processor.py:829} INFO - Processing file /home/dwmhr/pln/venv/lib/python3.10/site-packages/airflow/example_dags/example_bash_operator.py for tasks to queue
[2025-08-08T15:15:45.416+0700] {logging_mixin.py:154} INFO - [2025-08-08T15:15:45.416+0700] {dagbag.py:536} INFO - Filling up the DagBag from /home/dwmhr/pln/venv/lib/python3.10/site-packages/airflow/example_dags/example_bash_operator.py
[2025-08-08T15:15:45.428+0700] {processor.py:839} INFO - DAG(s) dict_keys(['example_bash_operator']) retrieved from /home/dwmhr/pln/venv/lib/python3.10/site-packages/airflow/example_dags/example_bash_operator.py
[2025-08-08T15:15:45.448+0700] {logging_mixin.py:154} INFO - [2025-08-08T15:15:45.448+0700] {dag.py:2941} INFO - Sync 1 DAGs
[2025-08-08T15:15:45.464+0700] {logging_mixin.py:154} INFO - [2025-08-08T15:15:45.464+0700] {dag.py:3722} INFO - Setting next_dagrun for example_bash_operator to 2025-08-07T00:00:00+00:00, run_after=2025-08-08T00:00:00+00:00
[2025-08-08T15:15:45.489+0700] {processor.py:179} INFO - Processing /home/dwmhr/pln/venv/lib/python3.10/site-packages/airflow/example_dags/example_bash_operator.py took 0.079 seconds
[2025-08-08T15:16:47.862+0700] {processor.py:157} INFO - Started process (PID=90736) to work on /home/dwmhr/pln/venv/lib/python3.10/site-packages/airflow/example_dags/example_bash_operator.py
[2025-08-08T15:16:47.864+0700] {processor.py:829} INFO - Processing file /home/dwmhr/pln/venv/lib/python3.10/site-packages/airflow/example_dags/example_bash_operator.py for tasks to queue
[2025-08-08T15:16:47.865+0700] {logging_mixin.py:154} INFO - [2025-08-08T15:16:47.864+0700] {dagbag.py:536} INFO - Filling up the DagBag from /home/dwmhr/pln/venv/lib/python3.10/site-packages/airflow/example_dags/example_bash_operator.py
[2025-08-08T15:16:47.877+0700] {processor.py:839} INFO - DAG(s) dict_keys(['example_bash_operator']) retrieved from /home/dwmhr/pln/venv/lib/python3.10/site-packages/airflow/example_dags/example_bash_operator.py
[2025-08-08T15:16:47.898+0700] {logging_mixin.py:154} INFO - [2025-08-08T15:16:47.898+0700] {dag.py:2941} INFO - Sync 1 DAGs
[2025-08-08T15:16:47.919+0700] {logging_mixin.py:154} INFO - [2025-08-08T15:16:47.918+0700] {dag.py:3722} INFO - Setting next_dagrun for example_bash_operator to 2025-08-07T00:00:00+00:00, run_after=2025-08-08T00:00:00+00:00
[2025-08-08T15:16:47.940+0700] {processor.py:179} INFO - Processing /home/dwmhr/pln/venv/lib/python3.10/site-packages/airflow/example_dags/example_bash_operator.py took 0.081 seconds
[2025-08-08T15:17:36.632+0700] {processor.py:157} INFO - Started process (PID=90868) to work on /home/dwmhr/pln/venv/lib/python3.10/site-packages/airflow/example_dags/example_bash_operator.py
[2025-08-08T15:17:36.644+0700] {processor.py:829} INFO - Processing file /home/dwmhr/pln/venv/lib/python3.10/site-packages/airflow/example_dags/example_bash_operator.py for tasks to queue
[2025-08-08T15:17:36.644+0700] {logging_mixin.py:154} INFO - [2025-08-08T15:17:36.644+0700] {dagbag.py:536} INFO - Filling up the DagBag from /home/dwmhr/pln/venv/lib/python3.10/site-packages/airflow/example_dags/example_bash_operator.py
[2025-08-08T15:17:36.653+0700] {processor.py:839} INFO - DAG(s) dict_keys(['example_bash_operator']) retrieved from /home/dwmhr/pln/venv/lib/python3.10/site-packages/airflow/example_dags/example_bash_operator.py
[2025-08-08T15:17:36.669+0700] {logging_mixin.py:154} INFO - [2025-08-08T15:17:36.669+0700] {dag.py:2941} INFO - Sync 1 DAGs
[2025-08-08T15:17:36.682+0700] {logging_mixin.py:154} INFO - [2025-08-08T15:17:36.681+0700] {dag.py:3722} INFO - Setting next_dagrun for example_bash_operator to 2025-08-07T00:00:00+00:00, run_after=2025-08-08T00:00:00+00:00
[2025-08-08T15:17:36.698+0700] {processor.py:179} INFO - Processing /home/dwmhr/pln/venv/lib/python3.10/site-packages/airflow/example_dags/example_bash_operator.py took 0.068 seconds
[2025-08-08T15:18:22.083+0700] {processor.py:157} INFO - Started process (PID=91034) to work on /home/dwmhr/pln/venv/lib/python3.10/site-packages/airflow/example_dags/example_bash_operator.py
[2025-08-08T15:18:22.096+0700] {processor.py:829} INFO - Processing file /home/dwmhr/pln/venv/lib/python3.10/site-packages/airflow/example_dags/example_bash_operator.py for tasks to queue
[2025-08-08T15:18:22.096+0700] {logging_mixin.py:154} INFO - [2025-08-08T15:18:22.096+0700] {dagbag.py:536} INFO - Filling up the DagBag from /home/dwmhr/pln/venv/lib/python3.10/site-packages/airflow/example_dags/example_bash_operator.py
[2025-08-08T15:18:22.106+0700] {processor.py:839} INFO - DAG(s) dict_keys(['example_bash_operator']) retrieved from /home/dwmhr/pln/venv/lib/python3.10/site-packages/airflow/example_dags/example_bash_operator.py
[2025-08-08T15:18:22.126+0700] {logging_mixin.py:154} INFO - [2025-08-08T15:18:22.126+0700] {dag.py:2941} INFO - Sync 1 DAGs
[2025-08-08T15:18:22.144+0700] {logging_mixin.py:154} INFO - [2025-08-08T15:18:22.143+0700] {dag.py:3722} INFO - Setting next_dagrun for example_bash_operator to 2025-08-07T00:00:00+00:00, run_after=2025-08-08T00:00:00+00:00
[2025-08-08T15:18:22.182+0700] {processor.py:179} INFO - Processing /home/dwmhr/pln/venv/lib/python3.10/site-packages/airflow/example_dags/example_bash_operator.py took 0.102 seconds
[2025-08-08T15:19:27.212+0700] {processor.py:157} INFO - Started process (PID=91223) to work on /home/dwmhr/pln/venv/lib/python3.10/site-packages/airflow/example_dags/example_bash_operator.py
[2025-08-08T15:19:27.213+0700] {processor.py:829} INFO - Processing file /home/dwmhr/pln/venv/lib/python3.10/site-packages/airflow/example_dags/example_bash_operator.py for tasks to queue
[2025-08-08T15:19:27.214+0700] {logging_mixin.py:154} INFO - [2025-08-08T15:19:27.214+0700] {dagbag.py:536} INFO - Filling up the DagBag from /home/dwmhr/pln/venv/lib/python3.10/site-packages/airflow/example_dags/example_bash_operator.py
[2025-08-08T15:19:27.228+0700] {processor.py:839} INFO - DAG(s) dict_keys(['example_bash_operator']) retrieved from /home/dwmhr/pln/venv/lib/python3.10/site-packages/airflow/example_dags/example_bash_operator.py
[2025-08-08T15:19:27.251+0700] {logging_mixin.py:154} INFO - [2025-08-08T15:19:27.250+0700] {dag.py:2941} INFO - Sync 1 DAGs
[2025-08-08T15:19:27.273+0700] {logging_mixin.py:154} INFO - [2025-08-08T15:19:27.273+0700] {dag.py:3722} INFO - Setting next_dagrun for example_bash_operator to 2025-08-07T00:00:00+00:00, run_after=2025-08-08T00:00:00+00:00
[2025-08-08T15:19:27.299+0700] {processor.py:179} INFO - Processing /home/dwmhr/pln/venv/lib/python3.10/site-packages/airflow/example_dags/example_bash_operator.py took 0.091 seconds
[2025-08-08T15:20:26.863+0700] {processor.py:157} INFO - Started process (PID=91394) to work on /home/dwmhr/pln/venv/lib/python3.10/site-packages/airflow/example_dags/example_bash_operator.py
[2025-08-08T15:20:26.866+0700] {processor.py:829} INFO - Processing file /home/dwmhr/pln/venv/lib/python3.10/site-packages/airflow/example_dags/example_bash_operator.py for tasks to queue
[2025-08-08T15:20:26.868+0700] {logging_mixin.py:154} INFO - [2025-08-08T15:20:26.867+0700] {dagbag.py:536} INFO - Filling up the DagBag from /home/dwmhr/pln/venv/lib/python3.10/site-packages/airflow/example_dags/example_bash_operator.py
[2025-08-08T15:20:26.894+0700] {processor.py:839} INFO - DAG(s) dict_keys(['example_bash_operator']) retrieved from /home/dwmhr/pln/venv/lib/python3.10/site-packages/airflow/example_dags/example_bash_operator.py
[2025-08-08T15:20:26.936+0700] {logging_mixin.py:154} INFO - [2025-08-08T15:20:26.936+0700] {dag.py:2941} INFO - Sync 1 DAGs
[2025-08-08T15:20:26.971+0700] {logging_mixin.py:154} INFO - [2025-08-08T15:20:26.971+0700] {dag.py:3722} INFO - Setting next_dagrun for example_bash_operator to 2025-08-07T00:00:00+00:00, run_after=2025-08-08T00:00:00+00:00
[2025-08-08T15:20:27.024+0700] {processor.py:179} INFO - Processing /home/dwmhr/pln/venv/lib/python3.10/site-packages/airflow/example_dags/example_bash_operator.py took 0.169 seconds
[2025-08-08T15:22:11.794+0700] {processor.py:157} INFO - Started process (PID=91706) to work on /home/dwmhr/pln/venv/lib/python3.10/site-packages/airflow/example_dags/example_bash_operator.py
[2025-08-08T15:22:11.799+0700] {processor.py:829} INFO - Processing file /home/dwmhr/pln/venv/lib/python3.10/site-packages/airflow/example_dags/example_bash_operator.py for tasks to queue
[2025-08-08T15:22:11.805+0700] {logging_mixin.py:154} INFO - [2025-08-08T15:22:11.802+0700] {dagbag.py:536} INFO - Filling up the DagBag from /home/dwmhr/pln/venv/lib/python3.10/site-packages/airflow/example_dags/example_bash_operator.py
[2025-08-08T15:22:11.871+0700] {processor.py:839} INFO - DAG(s) dict_keys(['example_bash_operator']) retrieved from /home/dwmhr/pln/venv/lib/python3.10/site-packages/airflow/example_dags/example_bash_operator.py
[2025-08-08T15:22:11.988+0700] {logging_mixin.py:154} INFO - [2025-08-08T15:22:11.988+0700] {dag.py:2941} INFO - Sync 1 DAGs
[2025-08-08T15:22:12.067+0700] {logging_mixin.py:154} INFO - [2025-08-08T15:22:12.067+0700] {dag.py:3722} INFO - Setting next_dagrun for example_bash_operator to 2025-08-07T00:00:00+00:00, run_after=2025-08-08T00:00:00+00:00
[2025-08-08T15:22:12.140+0700] {processor.py:179} INFO - Processing /home/dwmhr/pln/venv/lib/python3.10/site-packages/airflow/example_dags/example_bash_operator.py took 0.358 seconds
[2025-08-08T15:23:07.207+0700] {processor.py:157} INFO - Started process (PID=91847) to work on /home/dwmhr/pln/venv/lib/python3.10/site-packages/airflow/example_dags/example_bash_operator.py
[2025-08-08T15:23:07.221+0700] {processor.py:829} INFO - Processing file /home/dwmhr/pln/venv/lib/python3.10/site-packages/airflow/example_dags/example_bash_operator.py for tasks to queue
[2025-08-08T15:23:07.227+0700] {logging_mixin.py:154} INFO - [2025-08-08T15:23:07.225+0700] {dagbag.py:536} INFO - Filling up the DagBag from /home/dwmhr/pln/venv/lib/python3.10/site-packages/airflow/example_dags/example_bash_operator.py
[2025-08-08T15:23:07.388+0700] {processor.py:839} INFO - DAG(s) dict_keys(['example_bash_operator']) retrieved from /home/dwmhr/pln/venv/lib/python3.10/site-packages/airflow/example_dags/example_bash_operator.py
[2025-08-08T15:23:07.631+0700] {logging_mixin.py:154} INFO - [2025-08-08T15:23:07.628+0700] {dag.py:2941} INFO - Sync 1 DAGs
[2025-08-08T15:23:07.848+0700] {logging_mixin.py:154} INFO - [2025-08-08T15:23:07.846+0700] {dag.py:3722} INFO - Setting next_dagrun for example_bash_operator to 2025-08-07T00:00:00+00:00, run_after=2025-08-08T00:00:00+00:00
[2025-08-08T15:23:08.100+0700] {processor.py:179} INFO - Processing /home/dwmhr/pln/venv/lib/python3.10/site-packages/airflow/example_dags/example_bash_operator.py took 0.923 seconds
[2025-08-08T15:24:54.209+0700] {processor.py:157} INFO - Started process (PID=92123) to work on /home/dwmhr/pln/venv/lib/python3.10/site-packages/airflow/example_dags/example_bash_operator.py
[2025-08-08T15:24:54.223+0700] {processor.py:829} INFO - Processing file /home/dwmhr/pln/venv/lib/python3.10/site-packages/airflow/example_dags/example_bash_operator.py for tasks to queue
[2025-08-08T15:24:54.240+0700] {logging_mixin.py:154} INFO - [2025-08-08T15:24:54.236+0700] {dagbag.py:536} INFO - Filling up the DagBag from /home/dwmhr/pln/venv/lib/python3.10/site-packages/airflow/example_dags/example_bash_operator.py
[2025-08-08T15:24:54.362+0700] {processor.py:839} INFO - DAG(s) dict_keys(['example_bash_operator']) retrieved from /home/dwmhr/pln/venv/lib/python3.10/site-packages/airflow/example_dags/example_bash_operator.py
[2025-08-08T15:24:54.576+0700] {logging_mixin.py:154} INFO - [2025-08-08T15:24:54.575+0700] {dag.py:2941} INFO - Sync 1 DAGs
[2025-08-08T15:24:54.752+0700] {logging_mixin.py:154} INFO - [2025-08-08T15:24:54.751+0700] {dag.py:3722} INFO - Setting next_dagrun for example_bash_operator to 2025-08-07T00:00:00+00:00, run_after=2025-08-08T00:00:00+00:00
[2025-08-08T15:24:54.978+0700] {processor.py:179} INFO - Processing /home/dwmhr/pln/venv/lib/python3.10/site-packages/airflow/example_dags/example_bash_operator.py took 0.808 seconds
[2025-08-08T15:26:05.786+0700] {processor.py:157} INFO - Started process (PID=92331) to work on /home/dwmhr/pln/venv/lib/python3.10/site-packages/airflow/example_dags/example_bash_operator.py
[2025-08-08T15:26:05.789+0700] {processor.py:829} INFO - Processing file /home/dwmhr/pln/venv/lib/python3.10/site-packages/airflow/example_dags/example_bash_operator.py for tasks to queue
[2025-08-08T15:26:05.791+0700] {logging_mixin.py:154} INFO - [2025-08-08T15:26:05.790+0700] {dagbag.py:536} INFO - Filling up the DagBag from /home/dwmhr/pln/venv/lib/python3.10/site-packages/airflow/example_dags/example_bash_operator.py
[2025-08-08T15:26:05.810+0700] {processor.py:839} INFO - DAG(s) dict_keys(['example_bash_operator']) retrieved from /home/dwmhr/pln/venv/lib/python3.10/site-packages/airflow/example_dags/example_bash_operator.py
[2025-08-08T15:26:05.844+0700] {logging_mixin.py:154} INFO - [2025-08-08T15:26:05.844+0700] {dag.py:2941} INFO - Sync 1 DAGs
[2025-08-08T15:26:05.877+0700] {logging_mixin.py:154} INFO - [2025-08-08T15:26:05.877+0700] {dag.py:3722} INFO - Setting next_dagrun for example_bash_operator to 2025-08-07T00:00:00+00:00, run_after=2025-08-08T00:00:00+00:00
[2025-08-08T15:26:05.916+0700] {processor.py:179} INFO - Processing /home/dwmhr/pln/venv/lib/python3.10/site-packages/airflow/example_dags/example_bash_operator.py took 0.135 seconds
[2025-08-08T15:27:13.994+0700] {processor.py:157} INFO - Started process (PID=92546) to work on /home/dwmhr/pln/venv/lib/python3.10/site-packages/airflow/example_dags/example_bash_operator.py
[2025-08-08T15:27:13.996+0700] {processor.py:829} INFO - Processing file /home/dwmhr/pln/venv/lib/python3.10/site-packages/airflow/example_dags/example_bash_operator.py for tasks to queue
[2025-08-08T15:27:13.997+0700] {logging_mixin.py:154} INFO - [2025-08-08T15:27:13.997+0700] {dagbag.py:536} INFO - Filling up the DagBag from /home/dwmhr/pln/venv/lib/python3.10/site-packages/airflow/example_dags/example_bash_operator.py
[2025-08-08T15:27:14.006+0700] {processor.py:839} INFO - DAG(s) dict_keys(['example_bash_operator']) retrieved from /home/dwmhr/pln/venv/lib/python3.10/site-packages/airflow/example_dags/example_bash_operator.py
[2025-08-08T15:27:14.023+0700] {logging_mixin.py:154} INFO - [2025-08-08T15:27:14.023+0700] {dag.py:2941} INFO - Sync 1 DAGs
[2025-08-08T15:27:14.036+0700] {logging_mixin.py:154} INFO - [2025-08-08T15:27:14.036+0700] {dag.py:3722} INFO - Setting next_dagrun for example_bash_operator to 2025-08-07T00:00:00+00:00, run_after=2025-08-08T00:00:00+00:00
[2025-08-08T15:27:14.063+0700] {processor.py:179} INFO - Processing /home/dwmhr/pln/venv/lib/python3.10/site-packages/airflow/example_dags/example_bash_operator.py took 0.072 seconds
[2025-08-08T15:28:02.702+0700] {processor.py:157} INFO - Started process (PID=92691) to work on /home/dwmhr/pln/venv/lib/python3.10/site-packages/airflow/example_dags/example_bash_operator.py
[2025-08-08T15:28:02.704+0700] {processor.py:829} INFO - Processing file /home/dwmhr/pln/venv/lib/python3.10/site-packages/airflow/example_dags/example_bash_operator.py for tasks to queue
[2025-08-08T15:28:02.705+0700] {logging_mixin.py:154} INFO - [2025-08-08T15:28:02.705+0700] {dagbag.py:536} INFO - Filling up the DagBag from /home/dwmhr/pln/venv/lib/python3.10/site-packages/airflow/example_dags/example_bash_operator.py
[2025-08-08T15:28:02.723+0700] {processor.py:839} INFO - DAG(s) dict_keys(['example_bash_operator']) retrieved from /home/dwmhr/pln/venv/lib/python3.10/site-packages/airflow/example_dags/example_bash_operator.py
[2025-08-08T15:28:02.752+0700] {logging_mixin.py:154} INFO - [2025-08-08T15:28:02.752+0700] {dag.py:2941} INFO - Sync 1 DAGs
[2025-08-08T15:28:02.776+0700] {logging_mixin.py:154} INFO - [2025-08-08T15:28:02.776+0700] {dag.py:3722} INFO - Setting next_dagrun for example_bash_operator to 2025-08-07T00:00:00+00:00, run_after=2025-08-08T00:00:00+00:00
[2025-08-08T15:28:02.805+0700] {processor.py:179} INFO - Processing /home/dwmhr/pln/venv/lib/python3.10/site-packages/airflow/example_dags/example_bash_operator.py took 0.107 seconds
[2025-08-08T15:29:31.739+0700] {processor.py:157} INFO - Started process (PID=92966) to work on /home/dwmhr/pln/venv/lib/python3.10/site-packages/airflow/example_dags/example_bash_operator.py
[2025-08-08T15:29:31.752+0700] {processor.py:829} INFO - Processing file /home/dwmhr/pln/venv/lib/python3.10/site-packages/airflow/example_dags/example_bash_operator.py for tasks to queue
[2025-08-08T15:29:31.753+0700] {logging_mixin.py:154} INFO - [2025-08-08T15:29:31.752+0700] {dagbag.py:536} INFO - Filling up the DagBag from /home/dwmhr/pln/venv/lib/python3.10/site-packages/airflow/example_dags/example_bash_operator.py
[2025-08-08T15:29:31.764+0700] {processor.py:839} INFO - DAG(s) dict_keys(['example_bash_operator']) retrieved from /home/dwmhr/pln/venv/lib/python3.10/site-packages/airflow/example_dags/example_bash_operator.py
[2025-08-08T15:29:31.785+0700] {logging_mixin.py:154} INFO - [2025-08-08T15:29:31.785+0700] {dag.py:2941} INFO - Sync 1 DAGs
[2025-08-08T15:29:31.801+0700] {logging_mixin.py:154} INFO - [2025-08-08T15:29:31.800+0700] {dag.py:3722} INFO - Setting next_dagrun for example_bash_operator to 2025-08-07T00:00:00+00:00, run_after=2025-08-08T00:00:00+00:00
[2025-08-08T15:29:31.822+0700] {processor.py:179} INFO - Processing /home/dwmhr/pln/venv/lib/python3.10/site-packages/airflow/example_dags/example_bash_operator.py took 0.087 seconds
[2025-08-08T15:30:33.195+0700] {processor.py:157} INFO - Started process (PID=93152) to work on /home/dwmhr/pln/venv/lib/python3.10/site-packages/airflow/example_dags/example_bash_operator.py
[2025-08-08T15:30:33.197+0700] {processor.py:829} INFO - Processing file /home/dwmhr/pln/venv/lib/python3.10/site-packages/airflow/example_dags/example_bash_operator.py for tasks to queue
[2025-08-08T15:30:33.198+0700] {logging_mixin.py:154} INFO - [2025-08-08T15:30:33.198+0700] {dagbag.py:536} INFO - Filling up the DagBag from /home/dwmhr/pln/venv/lib/python3.10/site-packages/airflow/example_dags/example_bash_operator.py
[2025-08-08T15:30:33.211+0700] {processor.py:839} INFO - DAG(s) dict_keys(['example_bash_operator']) retrieved from /home/dwmhr/pln/venv/lib/python3.10/site-packages/airflow/example_dags/example_bash_operator.py
[2025-08-08T15:30:33.236+0700] {logging_mixin.py:154} INFO - [2025-08-08T15:30:33.236+0700] {dag.py:2941} INFO - Sync 1 DAGs
[2025-08-08T15:30:33.256+0700] {logging_mixin.py:154} INFO - [2025-08-08T15:30:33.255+0700] {dag.py:3722} INFO - Setting next_dagrun for example_bash_operator to 2025-08-07T00:00:00+00:00, run_after=2025-08-08T00:00:00+00:00
[2025-08-08T15:30:33.281+0700] {processor.py:179} INFO - Processing /home/dwmhr/pln/venv/lib/python3.10/site-packages/airflow/example_dags/example_bash_operator.py took 0.089 seconds
[2025-08-08T15:31:31.050+0700] {processor.py:157} INFO - Started process (PID=93330) to work on /home/dwmhr/pln/venv/lib/python3.10/site-packages/airflow/example_dags/example_bash_operator.py
[2025-08-08T15:31:31.053+0700] {processor.py:829} INFO - Processing file /home/dwmhr/pln/venv/lib/python3.10/site-packages/airflow/example_dags/example_bash_operator.py for tasks to queue
[2025-08-08T15:31:31.054+0700] {logging_mixin.py:154} INFO - [2025-08-08T15:31:31.054+0700] {dagbag.py:536} INFO - Filling up the DagBag from /home/dwmhr/pln/venv/lib/python3.10/site-packages/airflow/example_dags/example_bash_operator.py
[2025-08-08T15:31:31.067+0700] {processor.py:839} INFO - DAG(s) dict_keys(['example_bash_operator']) retrieved from /home/dwmhr/pln/venv/lib/python3.10/site-packages/airflow/example_dags/example_bash_operator.py
[2025-08-08T15:31:31.089+0700] {logging_mixin.py:154} INFO - [2025-08-08T15:31:31.089+0700] {dag.py:2941} INFO - Sync 1 DAGs
[2025-08-08T15:31:31.105+0700] {logging_mixin.py:154} INFO - [2025-08-08T15:31:31.105+0700] {dag.py:3722} INFO - Setting next_dagrun for example_bash_operator to 2025-08-07T00:00:00+00:00, run_after=2025-08-08T00:00:00+00:00
[2025-08-08T15:31:31.127+0700] {processor.py:179} INFO - Processing /home/dwmhr/pln/venv/lib/python3.10/site-packages/airflow/example_dags/example_bash_operator.py took 0.080 seconds
[2025-08-08T15:32:48.886+0700] {processor.py:157} INFO - Started process (PID=93544) to work on /home/dwmhr/pln/venv/lib/python3.10/site-packages/airflow/example_dags/example_bash_operator.py
[2025-08-08T15:32:48.888+0700] {processor.py:829} INFO - Processing file /home/dwmhr/pln/venv/lib/python3.10/site-packages/airflow/example_dags/example_bash_operator.py for tasks to queue
[2025-08-08T15:32:48.889+0700] {logging_mixin.py:154} INFO - [2025-08-08T15:32:48.888+0700] {dagbag.py:536} INFO - Filling up the DagBag from /home/dwmhr/pln/venv/lib/python3.10/site-packages/airflow/example_dags/example_bash_operator.py
[2025-08-08T15:32:48.898+0700] {processor.py:839} INFO - DAG(s) dict_keys(['example_bash_operator']) retrieved from /home/dwmhr/pln/venv/lib/python3.10/site-packages/airflow/example_dags/example_bash_operator.py
[2025-08-08T15:32:48.914+0700] {logging_mixin.py:154} INFO - [2025-08-08T15:32:48.914+0700] {dag.py:2941} INFO - Sync 1 DAGs
[2025-08-08T15:32:48.926+0700] {logging_mixin.py:154} INFO - [2025-08-08T15:32:48.925+0700] {dag.py:3722} INFO - Setting next_dagrun for example_bash_operator to 2025-08-07T00:00:00+00:00, run_after=2025-08-08T00:00:00+00:00
[2025-08-08T15:32:48.942+0700] {processor.py:179} INFO - Processing /home/dwmhr/pln/venv/lib/python3.10/site-packages/airflow/example_dags/example_bash_operator.py took 0.058 seconds
[2025-08-08T15:33:50.337+0700] {processor.py:157} INFO - Started process (PID=93728) to work on /home/dwmhr/pln/venv/lib/python3.10/site-packages/airflow/example_dags/example_bash_operator.py
[2025-08-08T15:33:50.339+0700] {processor.py:829} INFO - Processing file /home/dwmhr/pln/venv/lib/python3.10/site-packages/airflow/example_dags/example_bash_operator.py for tasks to queue
[2025-08-08T15:33:50.343+0700] {logging_mixin.py:154} INFO - [2025-08-08T15:33:50.342+0700] {dagbag.py:536} INFO - Filling up the DagBag from /home/dwmhr/pln/venv/lib/python3.10/site-packages/airflow/example_dags/example_bash_operator.py
[2025-08-08T15:33:50.354+0700] {processor.py:839} INFO - DAG(s) dict_keys(['example_bash_operator']) retrieved from /home/dwmhr/pln/venv/lib/python3.10/site-packages/airflow/example_dags/example_bash_operator.py
[2025-08-08T15:33:50.377+0700] {logging_mixin.py:154} INFO - [2025-08-08T15:33:50.377+0700] {dag.py:2941} INFO - Sync 1 DAGs
[2025-08-08T15:33:50.394+0700] {logging_mixin.py:154} INFO - [2025-08-08T15:33:50.394+0700] {dag.py:3722} INFO - Setting next_dagrun for example_bash_operator to 2025-08-07T00:00:00+00:00, run_after=2025-08-08T00:00:00+00:00
[2025-08-08T15:33:50.419+0700] {processor.py:179} INFO - Processing /home/dwmhr/pln/venv/lib/python3.10/site-packages/airflow/example_dags/example_bash_operator.py took 0.085 seconds
[2025-08-08T15:34:36.194+0700] {processor.py:157} INFO - Started process (PID=93884) to work on /home/dwmhr/pln/venv/lib/python3.10/site-packages/airflow/example_dags/example_bash_operator.py
[2025-08-08T15:34:36.195+0700] {processor.py:829} INFO - Processing file /home/dwmhr/pln/venv/lib/python3.10/site-packages/airflow/example_dags/example_bash_operator.py for tasks to queue
[2025-08-08T15:34:36.196+0700] {logging_mixin.py:154} INFO - [2025-08-08T15:34:36.196+0700] {dagbag.py:536} INFO - Filling up the DagBag from /home/dwmhr/pln/venv/lib/python3.10/site-packages/airflow/example_dags/example_bash_operator.py
[2025-08-08T15:34:36.206+0700] {processor.py:839} INFO - DAG(s) dict_keys(['example_bash_operator']) retrieved from /home/dwmhr/pln/venv/lib/python3.10/site-packages/airflow/example_dags/example_bash_operator.py
[2025-08-08T15:34:36.224+0700] {logging_mixin.py:154} INFO - [2025-08-08T15:34:36.224+0700] {dag.py:2941} INFO - Sync 1 DAGs
[2025-08-08T15:34:36.239+0700] {logging_mixin.py:154} INFO - [2025-08-08T15:34:36.239+0700] {dag.py:3722} INFO - Setting next_dagrun for example_bash_operator to 2025-08-07T00:00:00+00:00, run_after=2025-08-08T00:00:00+00:00
[2025-08-08T15:34:36.263+0700] {processor.py:179} INFO - Processing /home/dwmhr/pln/venv/lib/python3.10/site-packages/airflow/example_dags/example_bash_operator.py took 0.076 seconds
[2025-08-08T15:35:37.853+0700] {processor.py:157} INFO - Started process (PID=94091) to work on /home/dwmhr/pln/venv/lib/python3.10/site-packages/airflow/example_dags/example_bash_operator.py
[2025-08-08T15:35:37.855+0700] {processor.py:829} INFO - Processing file /home/dwmhr/pln/venv/lib/python3.10/site-packages/airflow/example_dags/example_bash_operator.py for tasks to queue
[2025-08-08T15:35:37.857+0700] {logging_mixin.py:154} INFO - [2025-08-08T15:35:37.857+0700] {dagbag.py:536} INFO - Filling up the DagBag from /home/dwmhr/pln/venv/lib/python3.10/site-packages/airflow/example_dags/example_bash_operator.py
[2025-08-08T15:35:37.884+0700] {processor.py:839} INFO - DAG(s) dict_keys(['example_bash_operator']) retrieved from /home/dwmhr/pln/venv/lib/python3.10/site-packages/airflow/example_dags/example_bash_operator.py
[2025-08-08T15:35:37.927+0700] {logging_mixin.py:154} INFO - [2025-08-08T15:35:37.926+0700] {dag.py:2941} INFO - Sync 1 DAGs
[2025-08-08T15:35:37.967+0700] {logging_mixin.py:154} INFO - [2025-08-08T15:35:37.967+0700] {dag.py:3722} INFO - Setting next_dagrun for example_bash_operator to 2025-08-07T00:00:00+00:00, run_after=2025-08-08T00:00:00+00:00
[2025-08-08T15:35:38.017+0700] {processor.py:179} INFO - Processing /home/dwmhr/pln/venv/lib/python3.10/site-packages/airflow/example_dags/example_bash_operator.py took 0.171 seconds
[2025-08-08T15:36:48.624+0700] {processor.py:157} INFO - Started process (PID=94348) to work on /home/dwmhr/pln/venv/lib/python3.10/site-packages/airflow/example_dags/example_bash_operator.py
[2025-08-08T15:36:48.626+0700] {processor.py:829} INFO - Processing file /home/dwmhr/pln/venv/lib/python3.10/site-packages/airflow/example_dags/example_bash_operator.py for tasks to queue
[2025-08-08T15:36:48.630+0700] {logging_mixin.py:154} INFO - [2025-08-08T15:36:48.628+0700] {dagbag.py:536} INFO - Filling up the DagBag from /home/dwmhr/pln/venv/lib/python3.10/site-packages/airflow/example_dags/example_bash_operator.py
[2025-08-08T15:36:48.647+0700] {processor.py:839} INFO - DAG(s) dict_keys(['example_bash_operator']) retrieved from /home/dwmhr/pln/venv/lib/python3.10/site-packages/airflow/example_dags/example_bash_operator.py
[2025-08-08T15:36:48.678+0700] {logging_mixin.py:154} INFO - [2025-08-08T15:36:48.677+0700] {dag.py:2941} INFO - Sync 1 DAGs
[2025-08-08T15:36:48.702+0700] {logging_mixin.py:154} INFO - [2025-08-08T15:36:48.702+0700] {dag.py:3722} INFO - Setting next_dagrun for example_bash_operator to 2025-08-07T00:00:00+00:00, run_after=2025-08-08T00:00:00+00:00
[2025-08-08T15:36:48.734+0700] {processor.py:179} INFO - Processing /home/dwmhr/pln/venv/lib/python3.10/site-packages/airflow/example_dags/example_bash_operator.py took 0.115 seconds
[2025-08-08T15:37:50.076+0700] {processor.py:157} INFO - Started process (PID=94522) to work on /home/dwmhr/pln/venv/lib/python3.10/site-packages/airflow/example_dags/example_bash_operator.py
[2025-08-08T15:37:50.089+0700] {processor.py:829} INFO - Processing file /home/dwmhr/pln/venv/lib/python3.10/site-packages/airflow/example_dags/example_bash_operator.py for tasks to queue
[2025-08-08T15:37:50.090+0700] {logging_mixin.py:154} INFO - [2025-08-08T15:37:50.089+0700] {dagbag.py:536} INFO - Filling up the DagBag from /home/dwmhr/pln/venv/lib/python3.10/site-packages/airflow/example_dags/example_bash_operator.py
[2025-08-08T15:37:50.099+0700] {processor.py:839} INFO - DAG(s) dict_keys(['example_bash_operator']) retrieved from /home/dwmhr/pln/venv/lib/python3.10/site-packages/airflow/example_dags/example_bash_operator.py
[2025-08-08T15:37:50.116+0700] {logging_mixin.py:154} INFO - [2025-08-08T15:37:50.115+0700] {dag.py:2941} INFO - Sync 1 DAGs
[2025-08-08T15:37:50.128+0700] {logging_mixin.py:154} INFO - [2025-08-08T15:37:50.127+0700] {dag.py:3722} INFO - Setting next_dagrun for example_bash_operator to 2025-08-07T00:00:00+00:00, run_after=2025-08-08T00:00:00+00:00
[2025-08-08T15:37:50.145+0700] {processor.py:179} INFO - Processing /home/dwmhr/pln/venv/lib/python3.10/site-packages/airflow/example_dags/example_bash_operator.py took 0.071 seconds
[2025-08-08T15:38:38.118+0700] {processor.py:157} INFO - Started process (PID=94659) to work on /home/dwmhr/pln/venv/lib/python3.10/site-packages/airflow/example_dags/example_bash_operator.py
[2025-08-08T15:38:38.131+0700] {processor.py:829} INFO - Processing file /home/dwmhr/pln/venv/lib/python3.10/site-packages/airflow/example_dags/example_bash_operator.py for tasks to queue
[2025-08-08T15:38:38.132+0700] {logging_mixin.py:154} INFO - [2025-08-08T15:38:38.131+0700] {dagbag.py:536} INFO - Filling up the DagBag from /home/dwmhr/pln/venv/lib/python3.10/site-packages/airflow/example_dags/example_bash_operator.py
[2025-08-08T15:38:38.141+0700] {processor.py:839} INFO - DAG(s) dict_keys(['example_bash_operator']) retrieved from /home/dwmhr/pln/venv/lib/python3.10/site-packages/airflow/example_dags/example_bash_operator.py
[2025-08-08T15:38:38.157+0700] {logging_mixin.py:154} INFO - [2025-08-08T15:38:38.157+0700] {dag.py:2941} INFO - Sync 1 DAGs
[2025-08-08T15:38:38.169+0700] {logging_mixin.py:154} INFO - [2025-08-08T15:38:38.169+0700] {dag.py:3722} INFO - Setting next_dagrun for example_bash_operator to 2025-08-07T00:00:00+00:00, run_after=2025-08-08T00:00:00+00:00
[2025-08-08T15:38:38.186+0700] {processor.py:179} INFO - Processing /home/dwmhr/pln/venv/lib/python3.10/site-packages/airflow/example_dags/example_bash_operator.py took 0.070 seconds
[2025-08-08T15:39:40.621+0700] {processor.py:157} INFO - Started process (PID=94869) to work on /home/dwmhr/pln/venv/lib/python3.10/site-packages/airflow/example_dags/example_bash_operator.py
[2025-08-08T15:39:40.623+0700] {processor.py:829} INFO - Processing file /home/dwmhr/pln/venv/lib/python3.10/site-packages/airflow/example_dags/example_bash_operator.py for tasks to queue
[2025-08-08T15:39:40.624+0700] {logging_mixin.py:154} INFO - [2025-08-08T15:39:40.624+0700] {dagbag.py:536} INFO - Filling up the DagBag from /home/dwmhr/pln/venv/lib/python3.10/site-packages/airflow/example_dags/example_bash_operator.py
[2025-08-08T15:39:40.634+0700] {processor.py:839} INFO - DAG(s) dict_keys(['example_bash_operator']) retrieved from /home/dwmhr/pln/venv/lib/python3.10/site-packages/airflow/example_dags/example_bash_operator.py
[2025-08-08T15:39:40.652+0700] {logging_mixin.py:154} INFO - [2025-08-08T15:39:40.651+0700] {dag.py:2941} INFO - Sync 1 DAGs
[2025-08-08T15:39:40.665+0700] {logging_mixin.py:154} INFO - [2025-08-08T15:39:40.665+0700] {dag.py:3722} INFO - Setting next_dagrun for example_bash_operator to 2025-08-07T00:00:00+00:00, run_after=2025-08-08T00:00:00+00:00
[2025-08-08T15:39:40.687+0700] {processor.py:179} INFO - Processing /home/dwmhr/pln/venv/lib/python3.10/site-packages/airflow/example_dags/example_bash_operator.py took 0.069 seconds
[2025-08-08T15:40:33.240+0700] {processor.py:157} INFO - Started process (PID=95023) to work on /home/dwmhr/pln/venv/lib/python3.10/site-packages/airflow/example_dags/example_bash_operator.py
[2025-08-08T15:40:33.249+0700] {processor.py:829} INFO - Processing file /home/dwmhr/pln/venv/lib/python3.10/site-packages/airflow/example_dags/example_bash_operator.py for tasks to queue
[2025-08-08T15:40:33.251+0700] {logging_mixin.py:154} INFO - [2025-08-08T15:40:33.250+0700] {dagbag.py:536} INFO - Filling up the DagBag from /home/dwmhr/pln/venv/lib/python3.10/site-packages/airflow/example_dags/example_bash_operator.py
[2025-08-08T15:40:33.262+0700] {processor.py:839} INFO - DAG(s) dict_keys(['example_bash_operator']) retrieved from /home/dwmhr/pln/venv/lib/python3.10/site-packages/airflow/example_dags/example_bash_operator.py
[2025-08-08T15:40:33.281+0700] {logging_mixin.py:154} INFO - [2025-08-08T15:40:33.281+0700] {dag.py:2941} INFO - Sync 1 DAGs
[2025-08-08T15:40:33.297+0700] {logging_mixin.py:154} INFO - [2025-08-08T15:40:33.297+0700] {dag.py:3722} INFO - Setting next_dagrun for example_bash_operator to 2025-08-07T00:00:00+00:00, run_after=2025-08-08T00:00:00+00:00
[2025-08-08T15:40:33.313+0700] {processor.py:179} INFO - Processing /home/dwmhr/pln/venv/lib/python3.10/site-packages/airflow/example_dags/example_bash_operator.py took 0.075 seconds
[2025-08-08T15:41:37.940+0700] {processor.py:157} INFO - Started process (PID=95231) to work on /home/dwmhr/pln/venv/lib/python3.10/site-packages/airflow/example_dags/example_bash_operator.py
[2025-08-08T15:41:37.942+0700] {processor.py:829} INFO - Processing file /home/dwmhr/pln/venv/lib/python3.10/site-packages/airflow/example_dags/example_bash_operator.py for tasks to queue
[2025-08-08T15:41:37.943+0700] {logging_mixin.py:154} INFO - [2025-08-08T15:41:37.943+0700] {dagbag.py:536} INFO - Filling up the DagBag from /home/dwmhr/pln/venv/lib/python3.10/site-packages/airflow/example_dags/example_bash_operator.py
[2025-08-08T15:41:37.958+0700] {processor.py:839} INFO - DAG(s) dict_keys(['example_bash_operator']) retrieved from /home/dwmhr/pln/venv/lib/python3.10/site-packages/airflow/example_dags/example_bash_operator.py
[2025-08-08T15:41:37.986+0700] {logging_mixin.py:154} INFO - [2025-08-08T15:41:37.986+0700] {dag.py:2941} INFO - Sync 1 DAGs
[2025-08-08T15:41:38.008+0700] {logging_mixin.py:154} INFO - [2025-08-08T15:41:38.008+0700] {dag.py:3722} INFO - Setting next_dagrun for example_bash_operator to 2025-08-07T00:00:00+00:00, run_after=2025-08-08T00:00:00+00:00
[2025-08-08T15:41:38.044+0700] {processor.py:179} INFO - Processing /home/dwmhr/pln/venv/lib/python3.10/site-packages/airflow/example_dags/example_bash_operator.py took 0.108 seconds
[2025-08-08T15:42:38.359+0700] {processor.py:157} INFO - Started process (PID=95408) to work on /home/dwmhr/pln/venv/lib/python3.10/site-packages/airflow/example_dags/example_bash_operator.py
[2025-08-08T15:42:38.372+0700] {processor.py:829} INFO - Processing file /home/dwmhr/pln/venv/lib/python3.10/site-packages/airflow/example_dags/example_bash_operator.py for tasks to queue
[2025-08-08T15:42:38.373+0700] {logging_mixin.py:154} INFO - [2025-08-08T15:42:38.373+0700] {dagbag.py:536} INFO - Filling up the DagBag from /home/dwmhr/pln/venv/lib/python3.10/site-packages/airflow/example_dags/example_bash_operator.py
[2025-08-08T15:42:38.386+0700] {processor.py:839} INFO - DAG(s) dict_keys(['example_bash_operator']) retrieved from /home/dwmhr/pln/venv/lib/python3.10/site-packages/airflow/example_dags/example_bash_operator.py
[2025-08-08T15:42:38.410+0700] {logging_mixin.py:154} INFO - [2025-08-08T15:42:38.409+0700] {dag.py:2941} INFO - Sync 1 DAGs
[2025-08-08T15:42:38.428+0700] {logging_mixin.py:154} INFO - [2025-08-08T15:42:38.428+0700] {dag.py:3722} INFO - Setting next_dagrun for example_bash_operator to 2025-08-07T00:00:00+00:00, run_after=2025-08-08T00:00:00+00:00
[2025-08-08T15:42:38.451+0700] {processor.py:179} INFO - Processing /home/dwmhr/pln/venv/lib/python3.10/site-packages/airflow/example_dags/example_bash_operator.py took 0.096 seconds
[2025-08-08T15:43:30.206+0700] {processor.py:157} INFO - Started process (PID=95565) to work on /home/dwmhr/pln/venv/lib/python3.10/site-packages/airflow/example_dags/example_bash_operator.py
[2025-08-08T15:43:30.208+0700] {processor.py:829} INFO - Processing file /home/dwmhr/pln/venv/lib/python3.10/site-packages/airflow/example_dags/example_bash_operator.py for tasks to queue
[2025-08-08T15:43:30.209+0700] {logging_mixin.py:154} INFO - [2025-08-08T15:43:30.209+0700] {dagbag.py:536} INFO - Filling up the DagBag from /home/dwmhr/pln/venv/lib/python3.10/site-packages/airflow/example_dags/example_bash_operator.py
[2025-08-08T15:43:30.226+0700] {processor.py:839} INFO - DAG(s) dict_keys(['example_bash_operator']) retrieved from /home/dwmhr/pln/venv/lib/python3.10/site-packages/airflow/example_dags/example_bash_operator.py
[2025-08-08T15:43:30.250+0700] {logging_mixin.py:154} INFO - [2025-08-08T15:43:30.250+0700] {dag.py:2941} INFO - Sync 1 DAGs
[2025-08-08T15:43:30.266+0700] {logging_mixin.py:154} INFO - [2025-08-08T15:43:30.266+0700] {dag.py:3722} INFO - Setting next_dagrun for example_bash_operator to 2025-08-07T00:00:00+00:00, run_after=2025-08-08T00:00:00+00:00
[2025-08-08T15:43:30.284+0700] {processor.py:179} INFO - Processing /home/dwmhr/pln/venv/lib/python3.10/site-packages/airflow/example_dags/example_bash_operator.py took 0.082 seconds
[2025-08-08T15:44:15.130+0700] {processor.py:157} INFO - Started process (PID=95711) to work on /home/dwmhr/pln/venv/lib/python3.10/site-packages/airflow/example_dags/example_bash_operator.py
[2025-08-08T15:44:15.132+0700] {processor.py:829} INFO - Processing file /home/dwmhr/pln/venv/lib/python3.10/site-packages/airflow/example_dags/example_bash_operator.py for tasks to queue
[2025-08-08T15:44:15.133+0700] {logging_mixin.py:154} INFO - [2025-08-08T15:44:15.132+0700] {dagbag.py:536} INFO - Filling up the DagBag from /home/dwmhr/pln/venv/lib/python3.10/site-packages/airflow/example_dags/example_bash_operator.py
[2025-08-08T15:44:15.142+0700] {processor.py:839} INFO - DAG(s) dict_keys(['example_bash_operator']) retrieved from /home/dwmhr/pln/venv/lib/python3.10/site-packages/airflow/example_dags/example_bash_operator.py
[2025-08-08T15:44:15.160+0700] {logging_mixin.py:154} INFO - [2025-08-08T15:44:15.159+0700] {dag.py:2941} INFO - Sync 1 DAGs
[2025-08-08T15:44:15.172+0700] {logging_mixin.py:154} INFO - [2025-08-08T15:44:15.172+0700] {dag.py:3722} INFO - Setting next_dagrun for example_bash_operator to 2025-08-07T00:00:00+00:00, run_after=2025-08-08T00:00:00+00:00
[2025-08-08T15:44:15.190+0700] {processor.py:179} INFO - Processing /home/dwmhr/pln/venv/lib/python3.10/site-packages/airflow/example_dags/example_bash_operator.py took 0.062 seconds
[2025-08-08T15:45:08.488+0700] {processor.py:157} INFO - Started process (PID=95888) to work on /home/dwmhr/pln/venv/lib/python3.10/site-packages/airflow/example_dags/example_bash_operator.py
[2025-08-08T15:45:08.490+0700] {processor.py:829} INFO - Processing file /home/dwmhr/pln/venv/lib/python3.10/site-packages/airflow/example_dags/example_bash_operator.py for tasks to queue
[2025-08-08T15:45:08.491+0700] {logging_mixin.py:154} INFO - [2025-08-08T15:45:08.490+0700] {dagbag.py:536} INFO - Filling up the DagBag from /home/dwmhr/pln/venv/lib/python3.10/site-packages/airflow/example_dags/example_bash_operator.py
[2025-08-08T15:45:08.507+0700] {processor.py:839} INFO - DAG(s) dict_keys(['example_bash_operator']) retrieved from /home/dwmhr/pln/venv/lib/python3.10/site-packages/airflow/example_dags/example_bash_operator.py
[2025-08-08T15:45:08.530+0700] {logging_mixin.py:154} INFO - [2025-08-08T15:45:08.530+0700] {dag.py:2941} INFO - Sync 1 DAGs
[2025-08-08T15:45:08.550+0700] {logging_mixin.py:154} INFO - [2025-08-08T15:45:08.550+0700] {dag.py:3722} INFO - Setting next_dagrun for example_bash_operator to 2025-08-07T00:00:00+00:00, run_after=2025-08-08T00:00:00+00:00
[2025-08-08T15:45:08.614+0700] {processor.py:179} INFO - Processing /home/dwmhr/pln/venv/lib/python3.10/site-packages/airflow/example_dags/example_bash_operator.py took 0.130 seconds
[2025-08-08T15:46:00.383+0700] {processor.py:157} INFO - Started process (PID=96059) to work on /home/dwmhr/pln/venv/lib/python3.10/site-packages/airflow/example_dags/example_bash_operator.py
[2025-08-08T15:46:00.396+0700] {processor.py:829} INFO - Processing file /home/dwmhr/pln/venv/lib/python3.10/site-packages/airflow/example_dags/example_bash_operator.py for tasks to queue
[2025-08-08T15:46:00.396+0700] {logging_mixin.py:154} INFO - [2025-08-08T15:46:00.396+0700] {dagbag.py:536} INFO - Filling up the DagBag from /home/dwmhr/pln/venv/lib/python3.10/site-packages/airflow/example_dags/example_bash_operator.py
[2025-08-08T15:46:00.406+0700] {processor.py:839} INFO - DAG(s) dict_keys(['example_bash_operator']) retrieved from /home/dwmhr/pln/venv/lib/python3.10/site-packages/airflow/example_dags/example_bash_operator.py
[2025-08-08T15:46:00.422+0700] {logging_mixin.py:154} INFO - [2025-08-08T15:46:00.422+0700] {dag.py:2941} INFO - Sync 1 DAGs
[2025-08-08T15:46:00.435+0700] {logging_mixin.py:154} INFO - [2025-08-08T15:46:00.435+0700] {dag.py:3722} INFO - Setting next_dagrun for example_bash_operator to 2025-08-07T00:00:00+00:00, run_after=2025-08-08T00:00:00+00:00
[2025-08-08T15:46:00.453+0700] {processor.py:179} INFO - Processing /home/dwmhr/pln/venv/lib/python3.10/site-packages/airflow/example_dags/example_bash_operator.py took 0.072 seconds
[2025-08-08T15:46:48.216+0700] {processor.py:157} INFO - Started process (PID=96203) to work on /home/dwmhr/pln/venv/lib/python3.10/site-packages/airflow/example_dags/example_bash_operator.py
[2025-08-08T15:46:48.219+0700] {processor.py:829} INFO - Processing file /home/dwmhr/pln/venv/lib/python3.10/site-packages/airflow/example_dags/example_bash_operator.py for tasks to queue
[2025-08-08T15:46:48.221+0700] {logging_mixin.py:154} INFO - [2025-08-08T15:46:48.220+0700] {dagbag.py:536} INFO - Filling up the DagBag from /home/dwmhr/pln/venv/lib/python3.10/site-packages/airflow/example_dags/example_bash_operator.py
[2025-08-08T15:46:48.241+0700] {processor.py:839} INFO - DAG(s) dict_keys(['example_bash_operator']) retrieved from /home/dwmhr/pln/venv/lib/python3.10/site-packages/airflow/example_dags/example_bash_operator.py
[2025-08-08T15:46:48.280+0700] {logging_mixin.py:154} INFO - [2025-08-08T15:46:48.280+0700] {dag.py:2941} INFO - Sync 1 DAGs
[2025-08-08T15:46:48.306+0700] {logging_mixin.py:154} INFO - [2025-08-08T15:46:48.306+0700] {dag.py:3722} INFO - Setting next_dagrun for example_bash_operator to 2025-08-07T00:00:00+00:00, run_after=2025-08-08T00:00:00+00:00
[2025-08-08T15:46:48.338+0700] {processor.py:179} INFO - Processing /home/dwmhr/pln/venv/lib/python3.10/site-packages/airflow/example_dags/example_bash_operator.py took 0.127 seconds
[2025-08-08T15:47:39.504+0700] {processor.py:157} INFO - Started process (PID=96370) to work on /home/dwmhr/pln/venv/lib/python3.10/site-packages/airflow/example_dags/example_bash_operator.py
[2025-08-08T15:47:39.505+0700] {processor.py:829} INFO - Processing file /home/dwmhr/pln/venv/lib/python3.10/site-packages/airflow/example_dags/example_bash_operator.py for tasks to queue
[2025-08-08T15:47:39.506+0700] {logging_mixin.py:154} INFO - [2025-08-08T15:47:39.506+0700] {dagbag.py:536} INFO - Filling up the DagBag from /home/dwmhr/pln/venv/lib/python3.10/site-packages/airflow/example_dags/example_bash_operator.py
[2025-08-08T15:47:39.515+0700] {processor.py:839} INFO - DAG(s) dict_keys(['example_bash_operator']) retrieved from /home/dwmhr/pln/venv/lib/python3.10/site-packages/airflow/example_dags/example_bash_operator.py
[2025-08-08T15:47:39.532+0700] {logging_mixin.py:154} INFO - [2025-08-08T15:47:39.532+0700] {dag.py:2941} INFO - Sync 1 DAGs
[2025-08-08T15:47:39.544+0700] {logging_mixin.py:154} INFO - [2025-08-08T15:47:39.544+0700] {dag.py:3722} INFO - Setting next_dagrun for example_bash_operator to 2025-08-07T00:00:00+00:00, run_after=2025-08-08T00:00:00+00:00
[2025-08-08T15:47:39.561+0700] {processor.py:179} INFO - Processing /home/dwmhr/pln/venv/lib/python3.10/site-packages/airflow/example_dags/example_bash_operator.py took 0.060 seconds
[2025-08-08T15:48:24.242+0700] {processor.py:157} INFO - Started process (PID=96516) to work on /home/dwmhr/pln/venv/lib/python3.10/site-packages/airflow/example_dags/example_bash_operator.py
[2025-08-08T15:48:24.243+0700] {processor.py:829} INFO - Processing file /home/dwmhr/pln/venv/lib/python3.10/site-packages/airflow/example_dags/example_bash_operator.py for tasks to queue
[2025-08-08T15:48:24.244+0700] {logging_mixin.py:154} INFO - [2025-08-08T15:48:24.244+0700] {dagbag.py:536} INFO - Filling up the DagBag from /home/dwmhr/pln/venv/lib/python3.10/site-packages/airflow/example_dags/example_bash_operator.py
[2025-08-08T15:48:24.254+0700] {processor.py:839} INFO - DAG(s) dict_keys(['example_bash_operator']) retrieved from /home/dwmhr/pln/venv/lib/python3.10/site-packages/airflow/example_dags/example_bash_operator.py
[2025-08-08T15:48:24.270+0700] {logging_mixin.py:154} INFO - [2025-08-08T15:48:24.270+0700] {dag.py:2941} INFO - Sync 1 DAGs
[2025-08-08T15:48:24.283+0700] {logging_mixin.py:154} INFO - [2025-08-08T15:48:24.283+0700] {dag.py:3722} INFO - Setting next_dagrun for example_bash_operator to 2025-08-07T00:00:00+00:00, run_after=2025-08-08T00:00:00+00:00
[2025-08-08T15:48:24.300+0700] {processor.py:179} INFO - Processing /home/dwmhr/pln/venv/lib/python3.10/site-packages/airflow/example_dags/example_bash_operator.py took 0.061 seconds
[2025-08-08T15:49:15.606+0700] {processor.py:157} INFO - Started process (PID=96669) to work on /home/dwmhr/pln/venv/lib/python3.10/site-packages/airflow/example_dags/example_bash_operator.py
[2025-08-08T15:49:15.608+0700] {processor.py:829} INFO - Processing file /home/dwmhr/pln/venv/lib/python3.10/site-packages/airflow/example_dags/example_bash_operator.py for tasks to queue
[2025-08-08T15:49:15.608+0700] {logging_mixin.py:154} INFO - [2025-08-08T15:49:15.608+0700] {dagbag.py:536} INFO - Filling up the DagBag from /home/dwmhr/pln/venv/lib/python3.10/site-packages/airflow/example_dags/example_bash_operator.py
[2025-08-08T15:49:15.617+0700] {processor.py:839} INFO - DAG(s) dict_keys(['example_bash_operator']) retrieved from /home/dwmhr/pln/venv/lib/python3.10/site-packages/airflow/example_dags/example_bash_operator.py
[2025-08-08T15:49:15.633+0700] {logging_mixin.py:154} INFO - [2025-08-08T15:49:15.632+0700] {dag.py:2941} INFO - Sync 1 DAGs
[2025-08-08T15:49:15.645+0700] {logging_mixin.py:154} INFO - [2025-08-08T15:49:15.645+0700] {dag.py:3722} INFO - Setting next_dagrun for example_bash_operator to 2025-08-07T00:00:00+00:00, run_after=2025-08-08T00:00:00+00:00
[2025-08-08T15:49:15.663+0700] {processor.py:179} INFO - Processing /home/dwmhr/pln/venv/lib/python3.10/site-packages/airflow/example_dags/example_bash_operator.py took 0.060 seconds
[2025-08-08T15:50:21.638+0700] {processor.py:157} INFO - Started process (PID=96890) to work on /home/dwmhr/pln/venv/lib/python3.10/site-packages/airflow/example_dags/example_bash_operator.py
[2025-08-08T15:50:21.653+0700] {processor.py:829} INFO - Processing file /home/dwmhr/pln/venv/lib/python3.10/site-packages/airflow/example_dags/example_bash_operator.py for tasks to queue
[2025-08-08T15:50:21.656+0700] {logging_mixin.py:154} INFO - [2025-08-08T15:50:21.655+0700] {dagbag.py:536} INFO - Filling up the DagBag from /home/dwmhr/pln/venv/lib/python3.10/site-packages/airflow/example_dags/example_bash_operator.py
[2025-08-08T15:50:21.688+0700] {processor.py:839} INFO - DAG(s) dict_keys(['example_bash_operator']) retrieved from /home/dwmhr/pln/venv/lib/python3.10/site-packages/airflow/example_dags/example_bash_operator.py
[2025-08-08T15:50:21.743+0700] {logging_mixin.py:154} INFO - [2025-08-08T15:50:21.742+0700] {dag.py:2941} INFO - Sync 1 DAGs
[2025-08-08T15:50:21.769+0700] {logging_mixin.py:154} INFO - [2025-08-08T15:50:21.768+0700] {dag.py:3722} INFO - Setting next_dagrun for example_bash_operator to 2025-08-07T00:00:00+00:00, run_after=2025-08-08T00:00:00+00:00
[2025-08-08T15:50:21.819+0700] {processor.py:179} INFO - Processing /home/dwmhr/pln/venv/lib/python3.10/site-packages/airflow/example_dags/example_bash_operator.py took 0.189 seconds
[2025-08-08T15:51:22.692+0700] {processor.py:157} INFO - Started process (PID=97077) to work on /home/dwmhr/pln/venv/lib/python3.10/site-packages/airflow/example_dags/example_bash_operator.py
[2025-08-08T15:51:22.707+0700] {processor.py:829} INFO - Processing file /home/dwmhr/pln/venv/lib/python3.10/site-packages/airflow/example_dags/example_bash_operator.py for tasks to queue
[2025-08-08T15:51:22.710+0700] {logging_mixin.py:154} INFO - [2025-08-08T15:51:22.709+0700] {dagbag.py:536} INFO - Filling up the DagBag from /home/dwmhr/pln/venv/lib/python3.10/site-packages/airflow/example_dags/example_bash_operator.py
[2025-08-08T15:51:22.734+0700] {processor.py:839} INFO - DAG(s) dict_keys(['example_bash_operator']) retrieved from /home/dwmhr/pln/venv/lib/python3.10/site-packages/airflow/example_dags/example_bash_operator.py
[2025-08-08T15:51:22.774+0700] {logging_mixin.py:154} INFO - [2025-08-08T15:51:22.774+0700] {dag.py:2941} INFO - Sync 1 DAGs
[2025-08-08T15:51:22.804+0700] {logging_mixin.py:154} INFO - [2025-08-08T15:51:22.803+0700] {dag.py:3722} INFO - Setting next_dagrun for example_bash_operator to 2025-08-07T00:00:00+00:00, run_after=2025-08-08T00:00:00+00:00
[2025-08-08T15:51:22.864+0700] {processor.py:179} INFO - Processing /home/dwmhr/pln/venv/lib/python3.10/site-packages/airflow/example_dags/example_bash_operator.py took 0.182 seconds
[2025-08-08T15:52:30.439+0700] {processor.py:157} INFO - Started process (PID=97287) to work on /home/dwmhr/pln/venv/lib/python3.10/site-packages/airflow/example_dags/example_bash_operator.py
[2025-08-08T15:52:30.441+0700] {processor.py:829} INFO - Processing file /home/dwmhr/pln/venv/lib/python3.10/site-packages/airflow/example_dags/example_bash_operator.py for tasks to queue
[2025-08-08T15:52:30.442+0700] {logging_mixin.py:154} INFO - [2025-08-08T15:52:30.442+0700] {dagbag.py:536} INFO - Filling up the DagBag from /home/dwmhr/pln/venv/lib/python3.10/site-packages/airflow/example_dags/example_bash_operator.py
[2025-08-08T15:52:30.456+0700] {processor.py:839} INFO - DAG(s) dict_keys(['example_bash_operator']) retrieved from /home/dwmhr/pln/venv/lib/python3.10/site-packages/airflow/example_dags/example_bash_operator.py
[2025-08-08T15:52:30.492+0700] {logging_mixin.py:154} INFO - [2025-08-08T15:52:30.492+0700] {dag.py:2941} INFO - Sync 1 DAGs
[2025-08-08T15:52:30.520+0700] {logging_mixin.py:154} INFO - [2025-08-08T15:52:30.520+0700] {dag.py:3722} INFO - Setting next_dagrun for example_bash_operator to 2025-08-07T00:00:00+00:00, run_after=2025-08-08T00:00:00+00:00
[2025-08-08T15:52:30.571+0700] {processor.py:179} INFO - Processing /home/dwmhr/pln/venv/lib/python3.10/site-packages/airflow/example_dags/example_bash_operator.py took 0.136 seconds
[2025-08-08T15:53:30.742+0700] {processor.py:157} INFO - Started process (PID=97473) to work on /home/dwmhr/pln/venv/lib/python3.10/site-packages/airflow/example_dags/example_bash_operator.py
[2025-08-08T15:53:30.744+0700] {processor.py:829} INFO - Processing file /home/dwmhr/pln/venv/lib/python3.10/site-packages/airflow/example_dags/example_bash_operator.py for tasks to queue
[2025-08-08T15:53:30.745+0700] {logging_mixin.py:154} INFO - [2025-08-08T15:53:30.745+0700] {dagbag.py:536} INFO - Filling up the DagBag from /home/dwmhr/pln/venv/lib/python3.10/site-packages/airflow/example_dags/example_bash_operator.py
[2025-08-08T15:53:30.762+0700] {processor.py:839} INFO - DAG(s) dict_keys(['example_bash_operator']) retrieved from /home/dwmhr/pln/venv/lib/python3.10/site-packages/airflow/example_dags/example_bash_operator.py
[2025-08-08T15:53:30.794+0700] {logging_mixin.py:154} INFO - [2025-08-08T15:53:30.793+0700] {dag.py:2941} INFO - Sync 1 DAGs
[2025-08-08T15:53:30.825+0700] {logging_mixin.py:154} INFO - [2025-08-08T15:53:30.825+0700] {dag.py:3722} INFO - Setting next_dagrun for example_bash_operator to 2025-08-07T00:00:00+00:00, run_after=2025-08-08T00:00:00+00:00
[2025-08-08T15:53:30.853+0700] {processor.py:179} INFO - Processing /home/dwmhr/pln/venv/lib/python3.10/site-packages/airflow/example_dags/example_bash_operator.py took 0.115 seconds
[2025-08-08T15:54:29.248+0700] {processor.py:157} INFO - Started process (PID=97651) to work on /home/dwmhr/pln/venv/lib/python3.10/site-packages/airflow/example_dags/example_bash_operator.py
[2025-08-08T15:54:29.261+0700] {processor.py:829} INFO - Processing file /home/dwmhr/pln/venv/lib/python3.10/site-packages/airflow/example_dags/example_bash_operator.py for tasks to queue
[2025-08-08T15:54:29.262+0700] {logging_mixin.py:154} INFO - [2025-08-08T15:54:29.262+0700] {dagbag.py:536} INFO - Filling up the DagBag from /home/dwmhr/pln/venv/lib/python3.10/site-packages/airflow/example_dags/example_bash_operator.py
[2025-08-08T15:54:29.277+0700] {processor.py:839} INFO - DAG(s) dict_keys(['example_bash_operator']) retrieved from /home/dwmhr/pln/venv/lib/python3.10/site-packages/airflow/example_dags/example_bash_operator.py
[2025-08-08T15:54:29.300+0700] {logging_mixin.py:154} INFO - [2025-08-08T15:54:29.300+0700] {dag.py:2941} INFO - Sync 1 DAGs
[2025-08-08T15:54:29.317+0700] {logging_mixin.py:154} INFO - [2025-08-08T15:54:29.317+0700] {dag.py:3722} INFO - Setting next_dagrun for example_bash_operator to 2025-08-07T00:00:00+00:00, run_after=2025-08-08T00:00:00+00:00
[2025-08-08T15:54:29.342+0700] {processor.py:179} INFO - Processing /home/dwmhr/pln/venv/lib/python3.10/site-packages/airflow/example_dags/example_bash_operator.py took 0.098 seconds
[2025-08-08T15:55:29.581+0700] {processor.py:157} INFO - Started process (PID=97842) to work on /home/dwmhr/pln/venv/lib/python3.10/site-packages/airflow/example_dags/example_bash_operator.py
[2025-08-08T15:55:29.594+0700] {processor.py:829} INFO - Processing file /home/dwmhr/pln/venv/lib/python3.10/site-packages/airflow/example_dags/example_bash_operator.py for tasks to queue
[2025-08-08T15:55:29.596+0700] {logging_mixin.py:154} INFO - [2025-08-08T15:55:29.595+0700] {dagbag.py:536} INFO - Filling up the DagBag from /home/dwmhr/pln/venv/lib/python3.10/site-packages/airflow/example_dags/example_bash_operator.py
[2025-08-08T15:55:29.616+0700] {processor.py:839} INFO - DAG(s) dict_keys(['example_bash_operator']) retrieved from /home/dwmhr/pln/venv/lib/python3.10/site-packages/airflow/example_dags/example_bash_operator.py
[2025-08-08T15:55:29.639+0700] {logging_mixin.py:154} INFO - [2025-08-08T15:55:29.639+0700] {dag.py:2941} INFO - Sync 1 DAGs
[2025-08-08T15:55:29.656+0700] {logging_mixin.py:154} INFO - [2025-08-08T15:55:29.656+0700] {dag.py:3722} INFO - Setting next_dagrun for example_bash_operator to 2025-08-07T00:00:00+00:00, run_after=2025-08-08T00:00:00+00:00
[2025-08-08T15:55:29.680+0700] {processor.py:179} INFO - Processing /home/dwmhr/pln/venv/lib/python3.10/site-packages/airflow/example_dags/example_bash_operator.py took 0.102 seconds
[2025-08-08T15:56:30.223+0700] {processor.py:157} INFO - Started process (PID=98026) to work on /home/dwmhr/pln/venv/lib/python3.10/site-packages/airflow/example_dags/example_bash_operator.py
[2025-08-08T15:56:30.225+0700] {processor.py:829} INFO - Processing file /home/dwmhr/pln/venv/lib/python3.10/site-packages/airflow/example_dags/example_bash_operator.py for tasks to queue
[2025-08-08T15:56:30.226+0700] {logging_mixin.py:154} INFO - [2025-08-08T15:56:30.225+0700] {dagbag.py:536} INFO - Filling up the DagBag from /home/dwmhr/pln/venv/lib/python3.10/site-packages/airflow/example_dags/example_bash_operator.py
[2025-08-08T15:56:30.235+0700] {processor.py:839} INFO - DAG(s) dict_keys(['example_bash_operator']) retrieved from /home/dwmhr/pln/venv/lib/python3.10/site-packages/airflow/example_dags/example_bash_operator.py
[2025-08-08T15:56:30.250+0700] {logging_mixin.py:154} INFO - [2025-08-08T15:56:30.250+0700] {dag.py:2941} INFO - Sync 1 DAGs
[2025-08-08T15:56:30.262+0700] {logging_mixin.py:154} INFO - [2025-08-08T15:56:30.262+0700] {dag.py:3722} INFO - Setting next_dagrun for example_bash_operator to 2025-08-07T00:00:00+00:00, run_after=2025-08-08T00:00:00+00:00
[2025-08-08T15:56:30.279+0700] {processor.py:179} INFO - Processing /home/dwmhr/pln/venv/lib/python3.10/site-packages/airflow/example_dags/example_bash_operator.py took 0.059 seconds
[2025-08-08T15:57:13.941+0700] {processor.py:157} INFO - Started process (PID=98174) to work on /home/dwmhr/pln/venv/lib/python3.10/site-packages/airflow/example_dags/example_bash_operator.py
[2025-08-08T15:57:13.942+0700] {processor.py:829} INFO - Processing file /home/dwmhr/pln/venv/lib/python3.10/site-packages/airflow/example_dags/example_bash_operator.py for tasks to queue
[2025-08-08T15:57:13.943+0700] {logging_mixin.py:154} INFO - [2025-08-08T15:57:13.943+0700] {dagbag.py:536} INFO - Filling up the DagBag from /home/dwmhr/pln/venv/lib/python3.10/site-packages/airflow/example_dags/example_bash_operator.py
[2025-08-08T15:57:13.952+0700] {processor.py:839} INFO - DAG(s) dict_keys(['example_bash_operator']) retrieved from /home/dwmhr/pln/venv/lib/python3.10/site-packages/airflow/example_dags/example_bash_operator.py
[2025-08-08T15:57:13.969+0700] {logging_mixin.py:154} INFO - [2025-08-08T15:57:13.969+0700] {dag.py:2941} INFO - Sync 1 DAGs
[2025-08-08T15:57:13.984+0700] {logging_mixin.py:154} INFO - [2025-08-08T15:57:13.984+0700] {dag.py:3722} INFO - Setting next_dagrun for example_bash_operator to 2025-08-07T00:00:00+00:00, run_after=2025-08-08T00:00:00+00:00
[2025-08-08T15:57:14.005+0700] {processor.py:179} INFO - Processing /home/dwmhr/pln/venv/lib/python3.10/site-packages/airflow/example_dags/example_bash_operator.py took 0.067 seconds
[2025-08-08T15:58:11.208+0700] {processor.py:157} INFO - Started process (PID=98364) to work on /home/dwmhr/pln/venv/lib/python3.10/site-packages/airflow/example_dags/example_bash_operator.py
[2025-08-08T15:58:11.209+0700] {processor.py:829} INFO - Processing file /home/dwmhr/pln/venv/lib/python3.10/site-packages/airflow/example_dags/example_bash_operator.py for tasks to queue
[2025-08-08T15:58:11.210+0700] {logging_mixin.py:154} INFO - [2025-08-08T15:58:11.210+0700] {dagbag.py:536} INFO - Filling up the DagBag from /home/dwmhr/pln/venv/lib/python3.10/site-packages/airflow/example_dags/example_bash_operator.py
[2025-08-08T15:58:11.220+0700] {processor.py:839} INFO - DAG(s) dict_keys(['example_bash_operator']) retrieved from /home/dwmhr/pln/venv/lib/python3.10/site-packages/airflow/example_dags/example_bash_operator.py
[2025-08-08T15:58:11.235+0700] {logging_mixin.py:154} INFO - [2025-08-08T15:58:11.235+0700] {dag.py:2941} INFO - Sync 1 DAGs
[2025-08-08T15:58:11.247+0700] {logging_mixin.py:154} INFO - [2025-08-08T15:58:11.247+0700] {dag.py:3722} INFO - Setting next_dagrun for example_bash_operator to 2025-08-07T00:00:00+00:00, run_after=2025-08-08T00:00:00+00:00
[2025-08-08T15:58:11.265+0700] {processor.py:179} INFO - Processing /home/dwmhr/pln/venv/lib/python3.10/site-packages/airflow/example_dags/example_bash_operator.py took 0.060 seconds
[2025-08-08T15:58:54.880+0700] {processor.py:157} INFO - Started process (PID=98497) to work on /home/dwmhr/pln/venv/lib/python3.10/site-packages/airflow/example_dags/example_bash_operator.py
[2025-08-08T15:58:54.882+0700] {processor.py:829} INFO - Processing file /home/dwmhr/pln/venv/lib/python3.10/site-packages/airflow/example_dags/example_bash_operator.py for tasks to queue
[2025-08-08T15:58:54.882+0700] {logging_mixin.py:154} INFO - [2025-08-08T15:58:54.882+0700] {dagbag.py:536} INFO - Filling up the DagBag from /home/dwmhr/pln/venv/lib/python3.10/site-packages/airflow/example_dags/example_bash_operator.py
[2025-08-08T15:58:54.893+0700] {processor.py:839} INFO - DAG(s) dict_keys(['example_bash_operator']) retrieved from /home/dwmhr/pln/venv/lib/python3.10/site-packages/airflow/example_dags/example_bash_operator.py
[2025-08-08T15:58:54.910+0700] {logging_mixin.py:154} INFO - [2025-08-08T15:58:54.909+0700] {dag.py:2941} INFO - Sync 1 DAGs
[2025-08-08T15:58:54.922+0700] {logging_mixin.py:154} INFO - [2025-08-08T15:58:54.922+0700] {dag.py:3722} INFO - Setting next_dagrun for example_bash_operator to 2025-08-07T00:00:00+00:00, run_after=2025-08-08T00:00:00+00:00
[2025-08-08T15:58:54.941+0700] {processor.py:179} INFO - Processing /home/dwmhr/pln/venv/lib/python3.10/site-packages/airflow/example_dags/example_bash_operator.py took 0.064 seconds
[2025-08-08T15:59:44.825+0700] {processor.py:157} INFO - Started process (PID=98661) to work on /home/dwmhr/pln/venv/lib/python3.10/site-packages/airflow/example_dags/example_bash_operator.py
[2025-08-08T15:59:44.838+0700] {processor.py:829} INFO - Processing file /home/dwmhr/pln/venv/lib/python3.10/site-packages/airflow/example_dags/example_bash_operator.py for tasks to queue
[2025-08-08T15:59:44.839+0700] {logging_mixin.py:154} INFO - [2025-08-08T15:59:44.839+0700] {dagbag.py:536} INFO - Filling up the DagBag from /home/dwmhr/pln/venv/lib/python3.10/site-packages/airflow/example_dags/example_bash_operator.py
[2025-08-08T15:59:44.849+0700] {processor.py:839} INFO - DAG(s) dict_keys(['example_bash_operator']) retrieved from /home/dwmhr/pln/venv/lib/python3.10/site-packages/airflow/example_dags/example_bash_operator.py
[2025-08-08T15:59:44.864+0700] {logging_mixin.py:154} INFO - [2025-08-08T15:59:44.864+0700] {dag.py:2941} INFO - Sync 1 DAGs
[2025-08-08T15:59:44.876+0700] {logging_mixin.py:154} INFO - [2025-08-08T15:59:44.876+0700] {dag.py:3722} INFO - Setting next_dagrun for example_bash_operator to 2025-08-07T00:00:00+00:00, run_after=2025-08-08T00:00:00+00:00
[2025-08-08T15:59:44.894+0700] {processor.py:179} INFO - Processing /home/dwmhr/pln/venv/lib/python3.10/site-packages/airflow/example_dags/example_bash_operator.py took 0.071 seconds
[2025-08-08T16:01:21.898+0700] {processor.py:157} INFO - Started process (PID=98932) to work on /home/dwmhr/pln/venv/lib/python3.10/site-packages/airflow/example_dags/example_bash_operator.py
[2025-08-08T16:01:21.904+0700] {processor.py:829} INFO - Processing file /home/dwmhr/pln/venv/lib/python3.10/site-packages/airflow/example_dags/example_bash_operator.py for tasks to queue
[2025-08-08T16:01:21.905+0700] {logging_mixin.py:154} INFO - [2025-08-08T16:01:21.904+0700] {dagbag.py:536} INFO - Filling up the DagBag from /home/dwmhr/pln/venv/lib/python3.10/site-packages/airflow/example_dags/example_bash_operator.py
[2025-08-08T16:01:21.914+0700] {processor.py:839} INFO - DAG(s) dict_keys(['example_bash_operator']) retrieved from /home/dwmhr/pln/venv/lib/python3.10/site-packages/airflow/example_dags/example_bash_operator.py
[2025-08-08T16:01:21.930+0700] {logging_mixin.py:154} INFO - [2025-08-08T16:01:21.930+0700] {dag.py:2941} INFO - Sync 1 DAGs
[2025-08-08T16:01:21.943+0700] {logging_mixin.py:154} INFO - [2025-08-08T16:01:21.943+0700] {dag.py:3722} INFO - Setting next_dagrun for example_bash_operator to 2025-08-07T00:00:00+00:00, run_after=2025-08-08T00:00:00+00:00
[2025-08-08T16:01:21.963+0700] {processor.py:179} INFO - Processing /home/dwmhr/pln/venv/lib/python3.10/site-packages/airflow/example_dags/example_bash_operator.py took 0.069 seconds
[2025-08-08T16:02:10.058+0700] {processor.py:157} INFO - Started process (PID=99101) to work on /home/dwmhr/pln/venv/lib/python3.10/site-packages/airflow/example_dags/example_bash_operator.py
[2025-08-08T16:02:10.062+0700] {processor.py:829} INFO - Processing file /home/dwmhr/pln/venv/lib/python3.10/site-packages/airflow/example_dags/example_bash_operator.py for tasks to queue
[2025-08-08T16:02:10.064+0700] {logging_mixin.py:154} INFO - [2025-08-08T16:02:10.063+0700] {dagbag.py:536} INFO - Filling up the DagBag from /home/dwmhr/pln/venv/lib/python3.10/site-packages/airflow/example_dags/example_bash_operator.py
[2025-08-08T16:02:10.082+0700] {processor.py:839} INFO - DAG(s) dict_keys(['example_bash_operator']) retrieved from /home/dwmhr/pln/venv/lib/python3.10/site-packages/airflow/example_dags/example_bash_operator.py
[2025-08-08T16:02:10.118+0700] {logging_mixin.py:154} INFO - [2025-08-08T16:02:10.117+0700] {dag.py:2941} INFO - Sync 1 DAGs
[2025-08-08T16:02:10.146+0700] {logging_mixin.py:154} INFO - [2025-08-08T16:02:10.146+0700] {dag.py:3722} INFO - Setting next_dagrun for example_bash_operator to 2025-08-07T00:00:00+00:00, run_after=2025-08-08T00:00:00+00:00
[2025-08-08T16:02:10.176+0700] {processor.py:179} INFO - Processing /home/dwmhr/pln/venv/lib/python3.10/site-packages/airflow/example_dags/example_bash_operator.py took 0.122 seconds
[2025-08-08T16:02:54.819+0700] {processor.py:157} INFO - Started process (PID=99241) to work on /home/dwmhr/pln/venv/lib/python3.10/site-packages/airflow/example_dags/example_bash_operator.py
[2025-08-08T16:02:54.821+0700] {processor.py:829} INFO - Processing file /home/dwmhr/pln/venv/lib/python3.10/site-packages/airflow/example_dags/example_bash_operator.py for tasks to queue
[2025-08-08T16:02:54.825+0700] {logging_mixin.py:154} INFO - [2025-08-08T16:02:54.823+0700] {dagbag.py:536} INFO - Filling up the DagBag from /home/dwmhr/pln/venv/lib/python3.10/site-packages/airflow/example_dags/example_bash_operator.py
[2025-08-08T16:02:54.842+0700] {processor.py:839} INFO - DAG(s) dict_keys(['example_bash_operator']) retrieved from /home/dwmhr/pln/venv/lib/python3.10/site-packages/airflow/example_dags/example_bash_operator.py
[2025-08-08T16:02:54.868+0700] {logging_mixin.py:154} INFO - [2025-08-08T16:02:54.868+0700] {dag.py:2941} INFO - Sync 1 DAGs
[2025-08-08T16:02:54.890+0700] {logging_mixin.py:154} INFO - [2025-08-08T16:02:54.889+0700] {dag.py:3722} INFO - Setting next_dagrun for example_bash_operator to 2025-08-07T00:00:00+00:00, run_after=2025-08-08T00:00:00+00:00
[2025-08-08T16:02:54.921+0700] {processor.py:179} INFO - Processing /home/dwmhr/pln/venv/lib/python3.10/site-packages/airflow/example_dags/example_bash_operator.py took 0.118 seconds
[2025-08-08T16:03:48.358+0700] {processor.py:157} INFO - Started process (PID=99414) to work on /home/dwmhr/pln/venv/lib/python3.10/site-packages/airflow/example_dags/example_bash_operator.py
[2025-08-08T16:03:48.371+0700] {processor.py:829} INFO - Processing file /home/dwmhr/pln/venv/lib/python3.10/site-packages/airflow/example_dags/example_bash_operator.py for tasks to queue
[2025-08-08T16:03:48.372+0700] {logging_mixin.py:154} INFO - [2025-08-08T16:03:48.372+0700] {dagbag.py:536} INFO - Filling up the DagBag from /home/dwmhr/pln/venv/lib/python3.10/site-packages/airflow/example_dags/example_bash_operator.py
[2025-08-08T16:03:48.382+0700] {processor.py:839} INFO - DAG(s) dict_keys(['example_bash_operator']) retrieved from /home/dwmhr/pln/venv/lib/python3.10/site-packages/airflow/example_dags/example_bash_operator.py
[2025-08-08T16:03:48.398+0700] {logging_mixin.py:154} INFO - [2025-08-08T16:03:48.398+0700] {dag.py:2941} INFO - Sync 1 DAGs
[2025-08-08T16:03:48.411+0700] {logging_mixin.py:154} INFO - [2025-08-08T16:03:48.411+0700] {dag.py:3722} INFO - Setting next_dagrun for example_bash_operator to 2025-08-07T00:00:00+00:00, run_after=2025-08-08T00:00:00+00:00
[2025-08-08T16:03:48.428+0700] {processor.py:179} INFO - Processing /home/dwmhr/pln/venv/lib/python3.10/site-packages/airflow/example_dags/example_bash_operator.py took 0.072 seconds
[2025-08-08T16:04:38.460+0700] {processor.py:157} INFO - Started process (PID=99565) to work on /home/dwmhr/pln/venv/lib/python3.10/site-packages/airflow/example_dags/example_bash_operator.py
[2025-08-08T16:04:38.472+0700] {processor.py:829} INFO - Processing file /home/dwmhr/pln/venv/lib/python3.10/site-packages/airflow/example_dags/example_bash_operator.py for tasks to queue
[2025-08-08T16:04:38.473+0700] {logging_mixin.py:154} INFO - [2025-08-08T16:04:38.473+0700] {dagbag.py:536} INFO - Filling up the DagBag from /home/dwmhr/pln/venv/lib/python3.10/site-packages/airflow/example_dags/example_bash_operator.py
[2025-08-08T16:04:38.484+0700] {processor.py:839} INFO - DAG(s) dict_keys(['example_bash_operator']) retrieved from /home/dwmhr/pln/venv/lib/python3.10/site-packages/airflow/example_dags/example_bash_operator.py
[2025-08-08T16:04:38.499+0700] {logging_mixin.py:154} INFO - [2025-08-08T16:04:38.499+0700] {dag.py:2941} INFO - Sync 1 DAGs
[2025-08-08T16:04:38.512+0700] {logging_mixin.py:154} INFO - [2025-08-08T16:04:38.512+0700] {dag.py:3722} INFO - Setting next_dagrun for example_bash_operator to 2025-08-07T00:00:00+00:00, run_after=2025-08-08T00:00:00+00:00
[2025-08-08T16:04:38.529+0700] {processor.py:179} INFO - Processing /home/dwmhr/pln/venv/lib/python3.10/site-packages/airflow/example_dags/example_bash_operator.py took 0.073 seconds
[2025-08-08T16:05:32.690+0700] {processor.py:157} INFO - Started process (PID=99750) to work on /home/dwmhr/pln/venv/lib/python3.10/site-packages/airflow/example_dags/example_bash_operator.py
[2025-08-08T16:05:32.703+0700] {processor.py:829} INFO - Processing file /home/dwmhr/pln/venv/lib/python3.10/site-packages/airflow/example_dags/example_bash_operator.py for tasks to queue
[2025-08-08T16:05:32.704+0700] {logging_mixin.py:154} INFO - [2025-08-08T16:05:32.704+0700] {dagbag.py:536} INFO - Filling up the DagBag from /home/dwmhr/pln/venv/lib/python3.10/site-packages/airflow/example_dags/example_bash_operator.py
[2025-08-08T16:05:32.714+0700] {processor.py:839} INFO - DAG(s) dict_keys(['example_bash_operator']) retrieved from /home/dwmhr/pln/venv/lib/python3.10/site-packages/airflow/example_dags/example_bash_operator.py
[2025-08-08T16:05:32.729+0700] {logging_mixin.py:154} INFO - [2025-08-08T16:05:32.729+0700] {dag.py:2941} INFO - Sync 1 DAGs
[2025-08-08T16:05:32.741+0700] {logging_mixin.py:154} INFO - [2025-08-08T16:05:32.741+0700] {dag.py:3722} INFO - Setting next_dagrun for example_bash_operator to 2025-08-07T00:00:00+00:00, run_after=2025-08-08T00:00:00+00:00
[2025-08-08T16:05:32.759+0700] {processor.py:179} INFO - Processing /home/dwmhr/pln/venv/lib/python3.10/site-packages/airflow/example_dags/example_bash_operator.py took 0.071 seconds
[2025-08-08T16:06:17.327+0700] {processor.py:157} INFO - Started process (PID=99895) to work on /home/dwmhr/pln/venv/lib/python3.10/site-packages/airflow/example_dags/example_bash_operator.py
[2025-08-08T16:06:17.339+0700] {processor.py:829} INFO - Processing file /home/dwmhr/pln/venv/lib/python3.10/site-packages/airflow/example_dags/example_bash_operator.py for tasks to queue
[2025-08-08T16:06:17.340+0700] {logging_mixin.py:154} INFO - [2025-08-08T16:06:17.340+0700] {dagbag.py:536} INFO - Filling up the DagBag from /home/dwmhr/pln/venv/lib/python3.10/site-packages/airflow/example_dags/example_bash_operator.py
[2025-08-08T16:06:17.350+0700] {processor.py:839} INFO - DAG(s) dict_keys(['example_bash_operator']) retrieved from /home/dwmhr/pln/venv/lib/python3.10/site-packages/airflow/example_dags/example_bash_operator.py
[2025-08-08T16:06:17.366+0700] {logging_mixin.py:154} INFO - [2025-08-08T16:06:17.366+0700] {dag.py:2941} INFO - Sync 1 DAGs
[2025-08-08T16:06:17.379+0700] {logging_mixin.py:154} INFO - [2025-08-08T16:06:17.379+0700] {dag.py:3722} INFO - Setting next_dagrun for example_bash_operator to 2025-08-07T00:00:00+00:00, run_after=2025-08-08T00:00:00+00:00
[2025-08-08T16:06:17.495+0700] {processor.py:179} INFO - Processing /home/dwmhr/pln/venv/lib/python3.10/site-packages/airflow/example_dags/example_bash_operator.py took 0.171 seconds
[2025-08-08T16:07:04.023+0700] {processor.py:157} INFO - Started process (PID=100030) to work on /home/dwmhr/pln/venv/lib/python3.10/site-packages/airflow/example_dags/example_bash_operator.py
[2025-08-08T16:07:04.025+0700] {processor.py:829} INFO - Processing file /home/dwmhr/pln/venv/lib/python3.10/site-packages/airflow/example_dags/example_bash_operator.py for tasks to queue
[2025-08-08T16:07:04.025+0700] {logging_mixin.py:154} INFO - [2025-08-08T16:07:04.025+0700] {dagbag.py:536} INFO - Filling up the DagBag from /home/dwmhr/pln/venv/lib/python3.10/site-packages/airflow/example_dags/example_bash_operator.py
[2025-08-08T16:07:04.035+0700] {processor.py:839} INFO - DAG(s) dict_keys(['example_bash_operator']) retrieved from /home/dwmhr/pln/venv/lib/python3.10/site-packages/airflow/example_dags/example_bash_operator.py
[2025-08-08T16:07:04.050+0700] {logging_mixin.py:154} INFO - [2025-08-08T16:07:04.050+0700] {dag.py:2941} INFO - Sync 1 DAGs
[2025-08-08T16:07:04.063+0700] {logging_mixin.py:154} INFO - [2025-08-08T16:07:04.063+0700] {dag.py:3722} INFO - Setting next_dagrun for example_bash_operator to 2025-08-07T00:00:00+00:00, run_after=2025-08-08T00:00:00+00:00
[2025-08-08T16:07:04.080+0700] {processor.py:179} INFO - Processing /home/dwmhr/pln/venv/lib/python3.10/site-packages/airflow/example_dags/example_bash_operator.py took 0.060 seconds
[2025-08-08T16:07:51.118+0700] {processor.py:157} INFO - Started process (PID=100208) to work on /home/dwmhr/pln/venv/lib/python3.10/site-packages/airflow/example_dags/example_bash_operator.py
[2025-08-08T16:07:51.120+0700] {processor.py:829} INFO - Processing file /home/dwmhr/pln/venv/lib/python3.10/site-packages/airflow/example_dags/example_bash_operator.py for tasks to queue
[2025-08-08T16:07:51.121+0700] {logging_mixin.py:154} INFO - [2025-08-08T16:07:51.120+0700] {dagbag.py:536} INFO - Filling up the DagBag from /home/dwmhr/pln/venv/lib/python3.10/site-packages/airflow/example_dags/example_bash_operator.py
[2025-08-08T16:07:51.130+0700] {processor.py:839} INFO - DAG(s) dict_keys(['example_bash_operator']) retrieved from /home/dwmhr/pln/venv/lib/python3.10/site-packages/airflow/example_dags/example_bash_operator.py
[2025-08-08T16:07:51.146+0700] {logging_mixin.py:154} INFO - [2025-08-08T16:07:51.145+0700] {dag.py:2941} INFO - Sync 1 DAGs
[2025-08-08T16:07:51.158+0700] {logging_mixin.py:154} INFO - [2025-08-08T16:07:51.158+0700] {dag.py:3722} INFO - Setting next_dagrun for example_bash_operator to 2025-08-07T00:00:00+00:00, run_after=2025-08-08T00:00:00+00:00
[2025-08-08T16:07:51.175+0700] {processor.py:179} INFO - Processing /home/dwmhr/pln/venv/lib/python3.10/site-packages/airflow/example_dags/example_bash_operator.py took 0.059 seconds
[2025-08-08T16:08:34.743+0700] {processor.py:157} INFO - Started process (PID=100325) to work on /home/dwmhr/pln/venv/lib/python3.10/site-packages/airflow/example_dags/example_bash_operator.py
[2025-08-08T16:08:34.746+0700] {processor.py:829} INFO - Processing file /home/dwmhr/pln/venv/lib/python3.10/site-packages/airflow/example_dags/example_bash_operator.py for tasks to queue
[2025-08-08T16:08:34.747+0700] {logging_mixin.py:154} INFO - [2025-08-08T16:08:34.746+0700] {dagbag.py:536} INFO - Filling up the DagBag from /home/dwmhr/pln/venv/lib/python3.10/site-packages/airflow/example_dags/example_bash_operator.py
[2025-08-08T16:08:34.756+0700] {processor.py:839} INFO - DAG(s) dict_keys(['example_bash_operator']) retrieved from /home/dwmhr/pln/venv/lib/python3.10/site-packages/airflow/example_dags/example_bash_operator.py
[2025-08-08T16:08:34.772+0700] {logging_mixin.py:154} INFO - [2025-08-08T16:08:34.772+0700] {dag.py:2941} INFO - Sync 1 DAGs
[2025-08-08T16:08:34.785+0700] {logging_mixin.py:154} INFO - [2025-08-08T16:08:34.784+0700] {dag.py:3722} INFO - Setting next_dagrun for example_bash_operator to 2025-08-07T00:00:00+00:00, run_after=2025-08-08T00:00:00+00:00
[2025-08-08T16:08:34.801+0700] {processor.py:179} INFO - Processing /home/dwmhr/pln/venv/lib/python3.10/site-packages/airflow/example_dags/example_bash_operator.py took 0.061 seconds
[2025-08-08T16:09:35.722+0700] {processor.py:157} INFO - Started process (PID=100540) to work on /home/dwmhr/pln/venv/lib/python3.10/site-packages/airflow/example_dags/example_bash_operator.py
[2025-08-08T16:09:35.734+0700] {processor.py:829} INFO - Processing file /home/dwmhr/pln/venv/lib/python3.10/site-packages/airflow/example_dags/example_bash_operator.py for tasks to queue
[2025-08-08T16:09:35.735+0700] {logging_mixin.py:154} INFO - [2025-08-08T16:09:35.735+0700] {dagbag.py:536} INFO - Filling up the DagBag from /home/dwmhr/pln/venv/lib/python3.10/site-packages/airflow/example_dags/example_bash_operator.py
[2025-08-08T16:09:35.745+0700] {processor.py:839} INFO - DAG(s) dict_keys(['example_bash_operator']) retrieved from /home/dwmhr/pln/venv/lib/python3.10/site-packages/airflow/example_dags/example_bash_operator.py
[2025-08-08T16:09:35.761+0700] {logging_mixin.py:154} INFO - [2025-08-08T16:09:35.761+0700] {dag.py:2941} INFO - Sync 1 DAGs
[2025-08-08T16:09:35.774+0700] {logging_mixin.py:154} INFO - [2025-08-08T16:09:35.774+0700] {dag.py:3722} INFO - Setting next_dagrun for example_bash_operator to 2025-08-07T00:00:00+00:00, run_after=2025-08-08T00:00:00+00:00
[2025-08-08T16:09:35.790+0700] {processor.py:179} INFO - Processing /home/dwmhr/pln/venv/lib/python3.10/site-packages/airflow/example_dags/example_bash_operator.py took 0.071 seconds
[2025-08-08T16:10:22.501+0700] {processor.py:157} INFO - Started process (PID=100679) to work on /home/dwmhr/pln/venv/lib/python3.10/site-packages/airflow/example_dags/example_bash_operator.py
[2025-08-08T16:10:22.513+0700] {processor.py:829} INFO - Processing file /home/dwmhr/pln/venv/lib/python3.10/site-packages/airflow/example_dags/example_bash_operator.py for tasks to queue
[2025-08-08T16:10:22.514+0700] {logging_mixin.py:154} INFO - [2025-08-08T16:10:22.514+0700] {dagbag.py:536} INFO - Filling up the DagBag from /home/dwmhr/pln/venv/lib/python3.10/site-packages/airflow/example_dags/example_bash_operator.py
[2025-08-08T16:10:22.523+0700] {processor.py:839} INFO - DAG(s) dict_keys(['example_bash_operator']) retrieved from /home/dwmhr/pln/venv/lib/python3.10/site-packages/airflow/example_dags/example_bash_operator.py
[2025-08-08T16:10:22.539+0700] {logging_mixin.py:154} INFO - [2025-08-08T16:10:22.539+0700] {dag.py:2941} INFO - Sync 1 DAGs
[2025-08-08T16:10:22.645+0700] {logging_mixin.py:154} INFO - [2025-08-08T16:10:22.645+0700] {dag.py:3722} INFO - Setting next_dagrun for example_bash_operator to 2025-08-07T00:00:00+00:00, run_after=2025-08-08T00:00:00+00:00
[2025-08-08T16:10:22.670+0700] {processor.py:179} INFO - Processing /home/dwmhr/pln/venv/lib/python3.10/site-packages/airflow/example_dags/example_bash_operator.py took 0.172 seconds
[2025-08-08T16:11:12.370+0700] {processor.py:157} INFO - Started process (PID=100842) to work on /home/dwmhr/pln/venv/lib/python3.10/site-packages/airflow/example_dags/example_bash_operator.py
[2025-08-08T16:11:12.383+0700] {processor.py:829} INFO - Processing file /home/dwmhr/pln/venv/lib/python3.10/site-packages/airflow/example_dags/example_bash_operator.py for tasks to queue
[2025-08-08T16:11:12.384+0700] {logging_mixin.py:154} INFO - [2025-08-08T16:11:12.384+0700] {dagbag.py:536} INFO - Filling up the DagBag from /home/dwmhr/pln/venv/lib/python3.10/site-packages/airflow/example_dags/example_bash_operator.py
[2025-08-08T16:11:12.393+0700] {processor.py:839} INFO - DAG(s) dict_keys(['example_bash_operator']) retrieved from /home/dwmhr/pln/venv/lib/python3.10/site-packages/airflow/example_dags/example_bash_operator.py
[2025-08-08T16:11:12.410+0700] {logging_mixin.py:154} INFO - [2025-08-08T16:11:12.409+0700] {dag.py:2941} INFO - Sync 1 DAGs
[2025-08-08T16:11:12.422+0700] {logging_mixin.py:154} INFO - [2025-08-08T16:11:12.422+0700] {dag.py:3722} INFO - Setting next_dagrun for example_bash_operator to 2025-08-07T00:00:00+00:00, run_after=2025-08-08T00:00:00+00:00
[2025-08-08T16:11:12.439+0700] {processor.py:179} INFO - Processing /home/dwmhr/pln/venv/lib/python3.10/site-packages/airflow/example_dags/example_bash_operator.py took 0.071 seconds
[2025-08-08T16:12:05.682+0700] {processor.py:157} INFO - Started process (PID=101011) to work on /home/dwmhr/pln/venv/lib/python3.10/site-packages/airflow/example_dags/example_bash_operator.py
[2025-08-08T16:12:05.695+0700] {processor.py:829} INFO - Processing file /home/dwmhr/pln/venv/lib/python3.10/site-packages/airflow/example_dags/example_bash_operator.py for tasks to queue
[2025-08-08T16:12:05.696+0700] {logging_mixin.py:154} INFO - [2025-08-08T16:12:05.696+0700] {dagbag.py:536} INFO - Filling up the DagBag from /home/dwmhr/pln/venv/lib/python3.10/site-packages/airflow/example_dags/example_bash_operator.py
[2025-08-08T16:12:05.707+0700] {processor.py:839} INFO - DAG(s) dict_keys(['example_bash_operator']) retrieved from /home/dwmhr/pln/venv/lib/python3.10/site-packages/airflow/example_dags/example_bash_operator.py
[2025-08-08T16:12:05.820+0700] {logging_mixin.py:154} INFO - [2025-08-08T16:12:05.820+0700] {dag.py:2941} INFO - Sync 1 DAGs
[2025-08-08T16:12:05.831+0700] {logging_mixin.py:154} INFO - [2025-08-08T16:12:05.831+0700] {dag.py:3722} INFO - Setting next_dagrun for example_bash_operator to 2025-08-07T00:00:00+00:00, run_after=2025-08-08T00:00:00+00:00
[2025-08-08T16:12:05.858+0700] {processor.py:179} INFO - Processing /home/dwmhr/pln/venv/lib/python3.10/site-packages/airflow/example_dags/example_bash_operator.py took 0.178 seconds
[2025-08-08T16:12:49.856+0700] {processor.py:157} INFO - Started process (PID=101145) to work on /home/dwmhr/pln/venv/lib/python3.10/site-packages/airflow/example_dags/example_bash_operator.py
[2025-08-08T16:12:49.857+0700] {processor.py:829} INFO - Processing file /home/dwmhr/pln/venv/lib/python3.10/site-packages/airflow/example_dags/example_bash_operator.py for tasks to queue
[2025-08-08T16:12:49.858+0700] {logging_mixin.py:154} INFO - [2025-08-08T16:12:49.858+0700] {dagbag.py:536} INFO - Filling up the DagBag from /home/dwmhr/pln/venv/lib/python3.10/site-packages/airflow/example_dags/example_bash_operator.py
[2025-08-08T16:12:49.868+0700] {processor.py:839} INFO - DAG(s) dict_keys(['example_bash_operator']) retrieved from /home/dwmhr/pln/venv/lib/python3.10/site-packages/airflow/example_dags/example_bash_operator.py
[2025-08-08T16:12:49.885+0700] {logging_mixin.py:154} INFO - [2025-08-08T16:12:49.885+0700] {dag.py:2941} INFO - Sync 1 DAGs
[2025-08-08T16:12:49.898+0700] {logging_mixin.py:154} INFO - [2025-08-08T16:12:49.898+0700] {dag.py:3722} INFO - Setting next_dagrun for example_bash_operator to 2025-08-07T00:00:00+00:00, run_after=2025-08-08T00:00:00+00:00
[2025-08-08T16:12:49.915+0700] {processor.py:179} INFO - Processing /home/dwmhr/pln/venv/lib/python3.10/site-packages/airflow/example_dags/example_bash_operator.py took 0.063 seconds
[2025-08-08T16:13:36.533+0700] {processor.py:157} INFO - Started process (PID=101296) to work on /home/dwmhr/pln/venv/lib/python3.10/site-packages/airflow/example_dags/example_bash_operator.py
[2025-08-08T16:13:36.546+0700] {processor.py:829} INFO - Processing file /home/dwmhr/pln/venv/lib/python3.10/site-packages/airflow/example_dags/example_bash_operator.py for tasks to queue
[2025-08-08T16:13:36.547+0700] {logging_mixin.py:154} INFO - [2025-08-08T16:13:36.546+0700] {dagbag.py:536} INFO - Filling up the DagBag from /home/dwmhr/pln/venv/lib/python3.10/site-packages/airflow/example_dags/example_bash_operator.py
[2025-08-08T16:13:36.558+0700] {processor.py:839} INFO - DAG(s) dict_keys(['example_bash_operator']) retrieved from /home/dwmhr/pln/venv/lib/python3.10/site-packages/airflow/example_dags/example_bash_operator.py
[2025-08-08T16:13:36.671+0700] {logging_mixin.py:154} INFO - [2025-08-08T16:13:36.671+0700] {dag.py:2941} INFO - Sync 1 DAGs
[2025-08-08T16:13:36.682+0700] {logging_mixin.py:154} INFO - [2025-08-08T16:13:36.682+0700] {dag.py:3722} INFO - Setting next_dagrun for example_bash_operator to 2025-08-07T00:00:00+00:00, run_after=2025-08-08T00:00:00+00:00
[2025-08-08T16:13:36.710+0700] {processor.py:179} INFO - Processing /home/dwmhr/pln/venv/lib/python3.10/site-packages/airflow/example_dags/example_bash_operator.py took 0.180 seconds
[2025-08-08T16:14:29.474+0700] {processor.py:157} INFO - Started process (PID=101474) to work on /home/dwmhr/pln/venv/lib/python3.10/site-packages/airflow/example_dags/example_bash_operator.py
[2025-08-08T16:14:29.487+0700] {processor.py:829} INFO - Processing file /home/dwmhr/pln/venv/lib/python3.10/site-packages/airflow/example_dags/example_bash_operator.py for tasks to queue
[2025-08-08T16:14:29.488+0700] {logging_mixin.py:154} INFO - [2025-08-08T16:14:29.487+0700] {dagbag.py:536} INFO - Filling up the DagBag from /home/dwmhr/pln/venv/lib/python3.10/site-packages/airflow/example_dags/example_bash_operator.py
[2025-08-08T16:14:29.497+0700] {processor.py:839} INFO - DAG(s) dict_keys(['example_bash_operator']) retrieved from /home/dwmhr/pln/venv/lib/python3.10/site-packages/airflow/example_dags/example_bash_operator.py
[2025-08-08T16:14:29.513+0700] {logging_mixin.py:154} INFO - [2025-08-08T16:14:29.513+0700] {dag.py:2941} INFO - Sync 1 DAGs
[2025-08-08T16:14:29.525+0700] {logging_mixin.py:154} INFO - [2025-08-08T16:14:29.525+0700] {dag.py:3722} INFO - Setting next_dagrun for example_bash_operator to 2025-08-07T00:00:00+00:00, run_after=2025-08-08T00:00:00+00:00
[2025-08-08T16:14:29.543+0700] {processor.py:179} INFO - Processing /home/dwmhr/pln/venv/lib/python3.10/site-packages/airflow/example_dags/example_bash_operator.py took 0.072 seconds
[2025-08-08T16:15:19.851+0700] {processor.py:157} INFO - Started process (PID=101649) to work on /home/dwmhr/pln/venv/lib/python3.10/site-packages/airflow/example_dags/example_bash_operator.py
[2025-08-08T16:15:19.864+0700] {processor.py:829} INFO - Processing file /home/dwmhr/pln/venv/lib/python3.10/site-packages/airflow/example_dags/example_bash_operator.py for tasks to queue
[2025-08-08T16:15:19.864+0700] {logging_mixin.py:154} INFO - [2025-08-08T16:15:19.864+0700] {dagbag.py:536} INFO - Filling up the DagBag from /home/dwmhr/pln/venv/lib/python3.10/site-packages/airflow/example_dags/example_bash_operator.py
[2025-08-08T16:15:19.873+0700] {processor.py:839} INFO - DAG(s) dict_keys(['example_bash_operator']) retrieved from /home/dwmhr/pln/venv/lib/python3.10/site-packages/airflow/example_dags/example_bash_operator.py
[2025-08-08T16:15:19.892+0700] {logging_mixin.py:154} INFO - [2025-08-08T16:15:19.892+0700] {dag.py:2941} INFO - Sync 1 DAGs
[2025-08-08T16:15:19.908+0700] {logging_mixin.py:154} INFO - [2025-08-08T16:15:19.908+0700] {dag.py:3722} INFO - Setting next_dagrun for example_bash_operator to 2025-08-07T00:00:00+00:00, run_after=2025-08-08T00:00:00+00:00
[2025-08-08T16:15:19.927+0700] {processor.py:179} INFO - Processing /home/dwmhr/pln/venv/lib/python3.10/site-packages/airflow/example_dags/example_bash_operator.py took 0.079 seconds
[2025-08-08T16:16:05.692+0700] {processor.py:157} INFO - Started process (PID=101783) to work on /home/dwmhr/pln/venv/lib/python3.10/site-packages/airflow/example_dags/example_bash_operator.py
[2025-08-08T16:16:05.699+0700] {processor.py:829} INFO - Processing file /home/dwmhr/pln/venv/lib/python3.10/site-packages/airflow/example_dags/example_bash_operator.py for tasks to queue
[2025-08-08T16:16:05.704+0700] {logging_mixin.py:154} INFO - [2025-08-08T16:16:05.702+0700] {dagbag.py:536} INFO - Filling up the DagBag from /home/dwmhr/pln/venv/lib/python3.10/site-packages/airflow/example_dags/example_bash_operator.py
[2025-08-08T16:16:05.770+0700] {processor.py:839} INFO - DAG(s) dict_keys(['example_bash_operator']) retrieved from /home/dwmhr/pln/venv/lib/python3.10/site-packages/airflow/example_dags/example_bash_operator.py
[2025-08-08T16:16:05.928+0700] {logging_mixin.py:154} INFO - [2025-08-08T16:16:05.927+0700] {dag.py:2941} INFO - Sync 1 DAGs
[2025-08-08T16:16:06.038+0700] {logging_mixin.py:154} INFO - [2025-08-08T16:16:06.037+0700] {dag.py:3722} INFO - Setting next_dagrun for example_bash_operator to 2025-08-07T00:00:00+00:00, run_after=2025-08-08T00:00:00+00:00
[2025-08-08T16:16:06.209+0700] {processor.py:179} INFO - Processing /home/dwmhr/pln/venv/lib/python3.10/site-packages/airflow/example_dags/example_bash_operator.py took 0.535 seconds
[2025-08-08T16:17:08.955+0700] {processor.py:157} INFO - Started process (PID=101970) to work on /home/dwmhr/pln/venv/lib/python3.10/site-packages/airflow/example_dags/example_bash_operator.py
[2025-08-08T16:17:08.958+0700] {processor.py:829} INFO - Processing file /home/dwmhr/pln/venv/lib/python3.10/site-packages/airflow/example_dags/example_bash_operator.py for tasks to queue
[2025-08-08T16:17:08.959+0700] {logging_mixin.py:154} INFO - [2025-08-08T16:17:08.959+0700] {dagbag.py:536} INFO - Filling up the DagBag from /home/dwmhr/pln/venv/lib/python3.10/site-packages/airflow/example_dags/example_bash_operator.py
[2025-08-08T16:17:08.976+0700] {processor.py:839} INFO - DAG(s) dict_keys(['example_bash_operator']) retrieved from /home/dwmhr/pln/venv/lib/python3.10/site-packages/airflow/example_dags/example_bash_operator.py
[2025-08-08T16:17:09.003+0700] {logging_mixin.py:154} INFO - [2025-08-08T16:17:09.003+0700] {dag.py:2941} INFO - Sync 1 DAGs
[2025-08-08T16:17:09.021+0700] {logging_mixin.py:154} INFO - [2025-08-08T16:17:09.021+0700] {dag.py:3722} INFO - Setting next_dagrun for example_bash_operator to 2025-08-07T00:00:00+00:00, run_after=2025-08-08T00:00:00+00:00
[2025-08-08T16:17:09.049+0700] {processor.py:179} INFO - Processing /home/dwmhr/pln/venv/lib/python3.10/site-packages/airflow/example_dags/example_bash_operator.py took 0.098 seconds
