[2025-08-08T15:05:37.507+0700] {processor.py:157} INFO - Started process (PID=88947) to work on /home/dwmhr/pln/venv/lib/python3.10/site-packages/airflow/example_dags/example_branch_labels.py
[2025-08-08T15:05:37.508+0700] {processor.py:829} INFO - Processing file /home/dwmhr/pln/venv/lib/python3.10/site-packages/airflow/example_dags/example_branch_labels.py for tasks to queue
[2025-08-08T15:05:37.509+0700] {logging_mixin.py:154} INFO - [2025-08-08T15:05:37.508+0700] {dagbag.py:536} INFO - Filling up the DagBag from /home/dwmhr/pln/venv/lib/python3.10/site-packages/airflow/example_dags/example_branch_labels.py
[2025-08-08T15:05:37.518+0700] {processor.py:839} INFO - DAG(s) dict_keys(['example_branch_labels']) retrieved from /home/dwmhr/pln/venv/lib/python3.10/site-packages/airflow/example_dags/example_branch_labels.py
[2025-08-08T15:05:37.536+0700] {logging_mixin.py:154} INFO - [2025-08-08T15:05:37.535+0700] {dag.py:2941} INFO - Sync 1 DAGs
[2025-08-08T15:05:37.553+0700] {logging_mixin.py:154} INFO - [2025-08-08T15:05:37.553+0700] {dag.py:3722} INFO - Setting next_dagrun for example_branch_labels to 2025-08-07T00:00:00+00:00, run_after=2025-08-08T00:00:00+00:00
[2025-08-08T15:05:37.579+0700] {processor.py:179} INFO - Processing /home/dwmhr/pln/venv/lib/python3.10/site-packages/airflow/example_dags/example_branch_labels.py took 0.076 seconds
[2025-08-08T15:06:33.713+0700] {processor.py:157} INFO - Started process (PID=89118) to work on /home/dwmhr/pln/venv/lib/python3.10/site-packages/airflow/example_dags/example_branch_labels.py
[2025-08-08T15:06:33.715+0700] {processor.py:829} INFO - Processing file /home/dwmhr/pln/venv/lib/python3.10/site-packages/airflow/example_dags/example_branch_labels.py for tasks to queue
[2025-08-08T15:06:33.717+0700] {logging_mixin.py:154} INFO - [2025-08-08T15:06:33.716+0700] {dagbag.py:536} INFO - Filling up the DagBag from /home/dwmhr/pln/venv/lib/python3.10/site-packages/airflow/example_dags/example_branch_labels.py
[2025-08-08T15:06:33.727+0700] {processor.py:839} INFO - DAG(s) dict_keys(['example_branch_labels']) retrieved from /home/dwmhr/pln/venv/lib/python3.10/site-packages/airflow/example_dags/example_branch_labels.py
[2025-08-08T15:06:33.750+0700] {logging_mixin.py:154} INFO - [2025-08-08T15:06:33.750+0700] {dag.py:2941} INFO - Sync 1 DAGs
[2025-08-08T15:06:33.771+0700] {logging_mixin.py:154} INFO - [2025-08-08T15:06:33.770+0700] {dag.py:3722} INFO - Setting next_dagrun for example_branch_labels to 2025-08-07T00:00:00+00:00, run_after=2025-08-08T00:00:00+00:00
[2025-08-08T15:06:33.796+0700] {processor.py:179} INFO - Processing /home/dwmhr/pln/venv/lib/python3.10/site-packages/airflow/example_dags/example_branch_labels.py took 0.087 seconds
[2025-08-08T15:07:33.312+0700] {processor.py:157} INFO - Started process (PID=89307) to work on /home/dwmhr/pln/venv/lib/python3.10/site-packages/airflow/example_dags/example_branch_labels.py
[2025-08-08T15:07:33.314+0700] {processor.py:829} INFO - Processing file /home/dwmhr/pln/venv/lib/python3.10/site-packages/airflow/example_dags/example_branch_labels.py for tasks to queue
[2025-08-08T15:07:33.315+0700] {logging_mixin.py:154} INFO - [2025-08-08T15:07:33.315+0700] {dagbag.py:536} INFO - Filling up the DagBag from /home/dwmhr/pln/venv/lib/python3.10/site-packages/airflow/example_dags/example_branch_labels.py
[2025-08-08T15:07:33.321+0700] {processor.py:839} INFO - DAG(s) dict_keys(['example_branch_labels']) retrieved from /home/dwmhr/pln/venv/lib/python3.10/site-packages/airflow/example_dags/example_branch_labels.py
[2025-08-08T15:07:33.334+0700] {logging_mixin.py:154} INFO - [2025-08-08T15:07:33.334+0700] {dag.py:2941} INFO - Sync 1 DAGs
[2025-08-08T15:07:33.347+0700] {logging_mixin.py:154} INFO - [2025-08-08T15:07:33.347+0700] {dag.py:3722} INFO - Setting next_dagrun for example_branch_labels to 2025-08-07T00:00:00+00:00, run_after=2025-08-08T00:00:00+00:00
[2025-08-08T15:07:33.364+0700] {processor.py:179} INFO - Processing /home/dwmhr/pln/venv/lib/python3.10/site-packages/airflow/example_dags/example_branch_labels.py took 0.054 seconds
[2025-08-08T15:11:07.823+0700] {processor.py:157} INFO - Started process (PID=89748) to work on /home/dwmhr/pln/venv/lib/python3.10/site-packages/airflow/example_dags/example_branch_labels.py
[2025-08-08T15:11:07.827+0700] {processor.py:829} INFO - Processing file /home/dwmhr/pln/venv/lib/python3.10/site-packages/airflow/example_dags/example_branch_labels.py for tasks to queue
[2025-08-08T15:11:07.838+0700] {logging_mixin.py:154} INFO - [2025-08-08T15:11:07.837+0700] {dagbag.py:536} INFO - Filling up the DagBag from /home/dwmhr/pln/venv/lib/python3.10/site-packages/airflow/example_dags/example_branch_labels.py
[2025-08-08T15:11:08.607+0700] {processor.py:839} INFO - DAG(s) dict_keys(['example_branch_labels']) retrieved from /home/dwmhr/pln/venv/lib/python3.10/site-packages/airflow/example_dags/example_branch_labels.py
[2025-08-08T15:11:09.574+0700] {logging_mixin.py:154} INFO - [2025-08-08T15:11:09.572+0700] {dag.py:2941} INFO - Sync 1 DAGs
[2025-08-08T15:11:10.135+0700] {logging_mixin.py:154} INFO - [2025-08-08T15:11:10.134+0700] {dag.py:3722} INFO - Setting next_dagrun for example_branch_labels to 2025-08-07T00:00:00+00:00, run_after=2025-08-08T00:00:00+00:00
[2025-08-08T15:11:11.349+0700] {processor.py:179} INFO - Processing /home/dwmhr/pln/venv/lib/python3.10/site-packages/airflow/example_dags/example_branch_labels.py took 3.534 seconds
[2025-08-08T15:13:27.636+0700] {processor.py:157} INFO - Started process (PID=90118) to work on /home/dwmhr/pln/venv/lib/python3.10/site-packages/airflow/example_dags/example_branch_labels.py
[2025-08-08T15:13:27.640+0700] {processor.py:829} INFO - Processing file /home/dwmhr/pln/venv/lib/python3.10/site-packages/airflow/example_dags/example_branch_labels.py for tasks to queue
[2025-08-08T15:13:27.642+0700] {logging_mixin.py:154} INFO - [2025-08-08T15:13:27.641+0700] {dagbag.py:536} INFO - Filling up the DagBag from /home/dwmhr/pln/venv/lib/python3.10/site-packages/airflow/example_dags/example_branch_labels.py
[2025-08-08T15:13:27.652+0700] {processor.py:839} INFO - DAG(s) dict_keys(['example_branch_labels']) retrieved from /home/dwmhr/pln/venv/lib/python3.10/site-packages/airflow/example_dags/example_branch_labels.py
[2025-08-08T15:13:27.678+0700] {logging_mixin.py:154} INFO - [2025-08-08T15:13:27.678+0700] {dag.py:2941} INFO - Sync 1 DAGs
[2025-08-08T15:13:27.703+0700] {logging_mixin.py:154} INFO - [2025-08-08T15:13:27.702+0700] {dag.py:3722} INFO - Setting next_dagrun for example_branch_labels to 2025-08-07T00:00:00+00:00, run_after=2025-08-08T00:00:00+00:00
[2025-08-08T15:13:27.741+0700] {processor.py:179} INFO - Processing /home/dwmhr/pln/venv/lib/python3.10/site-packages/airflow/example_dags/example_branch_labels.py took 0.109 seconds
[2025-08-08T15:14:45.013+0700] {processor.py:157} INFO - Started process (PID=90332) to work on /home/dwmhr/pln/venv/lib/python3.10/site-packages/airflow/example_dags/example_branch_labels.py
[2025-08-08T15:14:45.014+0700] {processor.py:829} INFO - Processing file /home/dwmhr/pln/venv/lib/python3.10/site-packages/airflow/example_dags/example_branch_labels.py for tasks to queue
[2025-08-08T15:14:45.015+0700] {logging_mixin.py:154} INFO - [2025-08-08T15:14:45.015+0700] {dagbag.py:536} INFO - Filling up the DagBag from /home/dwmhr/pln/venv/lib/python3.10/site-packages/airflow/example_dags/example_branch_labels.py
[2025-08-08T15:14:45.021+0700] {processor.py:839} INFO - DAG(s) dict_keys(['example_branch_labels']) retrieved from /home/dwmhr/pln/venv/lib/python3.10/site-packages/airflow/example_dags/example_branch_labels.py
[2025-08-08T15:14:45.033+0700] {logging_mixin.py:154} INFO - [2025-08-08T15:14:45.033+0700] {dag.py:2941} INFO - Sync 1 DAGs
[2025-08-08T15:14:45.045+0700] {logging_mixin.py:154} INFO - [2025-08-08T15:14:45.045+0700] {dag.py:3722} INFO - Setting next_dagrun for example_branch_labels to 2025-08-07T00:00:00+00:00, run_after=2025-08-08T00:00:00+00:00
[2025-08-08T15:14:45.061+0700] {processor.py:179} INFO - Processing /home/dwmhr/pln/venv/lib/python3.10/site-packages/airflow/example_dags/example_branch_labels.py took 0.051 seconds
[2025-08-08T15:15:43.266+0700] {processor.py:157} INFO - Started process (PID=90528) to work on /home/dwmhr/pln/venv/lib/python3.10/site-packages/airflow/example_dags/example_branch_labels.py
[2025-08-08T15:15:43.268+0700] {processor.py:829} INFO - Processing file /home/dwmhr/pln/venv/lib/python3.10/site-packages/airflow/example_dags/example_branch_labels.py for tasks to queue
[2025-08-08T15:15:43.269+0700] {logging_mixin.py:154} INFO - [2025-08-08T15:15:43.269+0700] {dagbag.py:536} INFO - Filling up the DagBag from /home/dwmhr/pln/venv/lib/python3.10/site-packages/airflow/example_dags/example_branch_labels.py
[2025-08-08T15:15:43.277+0700] {processor.py:839} INFO - DAG(s) dict_keys(['example_branch_labels']) retrieved from /home/dwmhr/pln/venv/lib/python3.10/site-packages/airflow/example_dags/example_branch_labels.py
[2025-08-08T15:15:43.293+0700] {logging_mixin.py:154} INFO - [2025-08-08T15:15:43.293+0700] {dag.py:2941} INFO - Sync 1 DAGs
[2025-08-08T15:15:43.309+0700] {logging_mixin.py:154} INFO - [2025-08-08T15:15:43.309+0700] {dag.py:3722} INFO - Setting next_dagrun for example_branch_labels to 2025-08-07T00:00:00+00:00, run_after=2025-08-08T00:00:00+00:00
[2025-08-08T15:15:43.333+0700] {processor.py:179} INFO - Processing /home/dwmhr/pln/venv/lib/python3.10/site-packages/airflow/example_dags/example_branch_labels.py took 0.069 seconds
[2025-08-08T15:16:44.687+0700] {processor.py:157} INFO - Started process (PID=90708) to work on /home/dwmhr/pln/venv/lib/python3.10/site-packages/airflow/example_dags/example_branch_labels.py
[2025-08-08T15:16:44.688+0700] {processor.py:829} INFO - Processing file /home/dwmhr/pln/venv/lib/python3.10/site-packages/airflow/example_dags/example_branch_labels.py for tasks to queue
[2025-08-08T15:16:44.689+0700] {logging_mixin.py:154} INFO - [2025-08-08T15:16:44.689+0700] {dagbag.py:536} INFO - Filling up the DagBag from /home/dwmhr/pln/venv/lib/python3.10/site-packages/airflow/example_dags/example_branch_labels.py
[2025-08-08T15:16:44.697+0700] {processor.py:839} INFO - DAG(s) dict_keys(['example_branch_labels']) retrieved from /home/dwmhr/pln/venv/lib/python3.10/site-packages/airflow/example_dags/example_branch_labels.py
[2025-08-08T15:16:44.713+0700] {logging_mixin.py:154} INFO - [2025-08-08T15:16:44.713+0700] {dag.py:2941} INFO - Sync 1 DAGs
[2025-08-08T15:16:44.730+0700] {logging_mixin.py:154} INFO - [2025-08-08T15:16:44.730+0700] {dag.py:3722} INFO - Setting next_dagrun for example_branch_labels to 2025-08-07T00:00:00+00:00, run_after=2025-08-08T00:00:00+00:00
[2025-08-08T15:16:44.751+0700] {processor.py:179} INFO - Processing /home/dwmhr/pln/venv/lib/python3.10/site-packages/airflow/example_dags/example_branch_labels.py took 0.067 seconds
[2025-08-08T15:17:33.922+0700] {processor.py:157} INFO - Started process (PID=90865) to work on /home/dwmhr/pln/venv/lib/python3.10/site-packages/airflow/example_dags/example_branch_labels.py
[2025-08-08T15:17:33.928+0700] {processor.py:829} INFO - Processing file /home/dwmhr/pln/venv/lib/python3.10/site-packages/airflow/example_dags/example_branch_labels.py for tasks to queue
[2025-08-08T15:17:33.929+0700] {logging_mixin.py:154} INFO - [2025-08-08T15:17:33.929+0700] {dagbag.py:536} INFO - Filling up the DagBag from /home/dwmhr/pln/venv/lib/python3.10/site-packages/airflow/example_dags/example_branch_labels.py
[2025-08-08T15:17:33.936+0700] {processor.py:839} INFO - DAG(s) dict_keys(['example_branch_labels']) retrieved from /home/dwmhr/pln/venv/lib/python3.10/site-packages/airflow/example_dags/example_branch_labels.py
[2025-08-08T15:17:33.948+0700] {logging_mixin.py:154} INFO - [2025-08-08T15:17:33.948+0700] {dag.py:2941} INFO - Sync 1 DAGs
[2025-08-08T15:17:33.959+0700] {logging_mixin.py:154} INFO - [2025-08-08T15:17:33.959+0700] {dag.py:3722} INFO - Setting next_dagrun for example_branch_labels to 2025-08-07T00:00:00+00:00, run_after=2025-08-08T00:00:00+00:00
[2025-08-08T15:17:33.976+0700] {processor.py:179} INFO - Processing /home/dwmhr/pln/venv/lib/python3.10/site-packages/airflow/example_dags/example_branch_labels.py took 0.057 seconds
[2025-08-08T15:18:19.129+0700] {processor.py:157} INFO - Started process (PID=91031) to work on /home/dwmhr/pln/venv/lib/python3.10/site-packages/airflow/example_dags/example_branch_labels.py
[2025-08-08T15:18:19.141+0700] {processor.py:829} INFO - Processing file /home/dwmhr/pln/venv/lib/python3.10/site-packages/airflow/example_dags/example_branch_labels.py for tasks to queue
[2025-08-08T15:18:19.142+0700] {logging_mixin.py:154} INFO - [2025-08-08T15:18:19.142+0700] {dagbag.py:536} INFO - Filling up the DagBag from /home/dwmhr/pln/venv/lib/python3.10/site-packages/airflow/example_dags/example_branch_labels.py
[2025-08-08T15:18:19.148+0700] {processor.py:839} INFO - DAG(s) dict_keys(['example_branch_labels']) retrieved from /home/dwmhr/pln/venv/lib/python3.10/site-packages/airflow/example_dags/example_branch_labels.py
[2025-08-08T15:18:19.161+0700] {logging_mixin.py:154} INFO - [2025-08-08T15:18:19.161+0700] {dag.py:2941} INFO - Sync 1 DAGs
[2025-08-08T15:18:19.174+0700] {logging_mixin.py:154} INFO - [2025-08-08T15:18:19.174+0700] {dag.py:3722} INFO - Setting next_dagrun for example_branch_labels to 2025-08-07T00:00:00+00:00, run_after=2025-08-08T00:00:00+00:00
[2025-08-08T15:18:19.190+0700] {processor.py:179} INFO - Processing /home/dwmhr/pln/venv/lib/python3.10/site-packages/airflow/example_dags/example_branch_labels.py took 0.064 seconds
[2025-08-08T15:19:23.764+0700] {processor.py:157} INFO - Started process (PID=91220) to work on /home/dwmhr/pln/venv/lib/python3.10/site-packages/airflow/example_dags/example_branch_labels.py
[2025-08-08T15:19:23.769+0700] {processor.py:829} INFO - Processing file /home/dwmhr/pln/venv/lib/python3.10/site-packages/airflow/example_dags/example_branch_labels.py for tasks to queue
[2025-08-08T15:19:23.770+0700] {logging_mixin.py:154} INFO - [2025-08-08T15:19:23.770+0700] {dagbag.py:536} INFO - Filling up the DagBag from /home/dwmhr/pln/venv/lib/python3.10/site-packages/airflow/example_dags/example_branch_labels.py
[2025-08-08T15:19:23.777+0700] {processor.py:839} INFO - DAG(s) dict_keys(['example_branch_labels']) retrieved from /home/dwmhr/pln/venv/lib/python3.10/site-packages/airflow/example_dags/example_branch_labels.py
[2025-08-08T15:19:23.790+0700] {logging_mixin.py:154} INFO - [2025-08-08T15:19:23.789+0700] {dag.py:2941} INFO - Sync 1 DAGs
[2025-08-08T15:19:23.801+0700] {logging_mixin.py:154} INFO - [2025-08-08T15:19:23.801+0700] {dag.py:3722} INFO - Setting next_dagrun for example_branch_labels to 2025-08-07T00:00:00+00:00, run_after=2025-08-08T00:00:00+00:00
[2025-08-08T15:19:23.817+0700] {processor.py:179} INFO - Processing /home/dwmhr/pln/venv/lib/python3.10/site-packages/airflow/example_dags/example_branch_labels.py took 0.056 seconds
[2025-08-08T15:20:22.827+0700] {processor.py:157} INFO - Started process (PID=91391) to work on /home/dwmhr/pln/venv/lib/python3.10/site-packages/airflow/example_dags/example_branch_labels.py
[2025-08-08T15:20:22.829+0700] {processor.py:829} INFO - Processing file /home/dwmhr/pln/venv/lib/python3.10/site-packages/airflow/example_dags/example_branch_labels.py for tasks to queue
[2025-08-08T15:20:22.831+0700] {logging_mixin.py:154} INFO - [2025-08-08T15:20:22.830+0700] {dagbag.py:536} INFO - Filling up the DagBag from /home/dwmhr/pln/venv/lib/python3.10/site-packages/airflow/example_dags/example_branch_labels.py
[2025-08-08T15:20:22.852+0700] {processor.py:839} INFO - DAG(s) dict_keys(['example_branch_labels']) retrieved from /home/dwmhr/pln/venv/lib/python3.10/site-packages/airflow/example_dags/example_branch_labels.py
[2025-08-08T15:20:22.884+0700] {logging_mixin.py:154} INFO - [2025-08-08T15:20:22.883+0700] {dag.py:2941} INFO - Sync 1 DAGs
[2025-08-08T15:20:22.914+0700] {logging_mixin.py:154} INFO - [2025-08-08T15:20:22.914+0700] {dag.py:3722} INFO - Setting next_dagrun for example_branch_labels to 2025-08-07T00:00:00+00:00, run_after=2025-08-08T00:00:00+00:00
[2025-08-08T15:20:22.961+0700] {processor.py:179} INFO - Processing /home/dwmhr/pln/venv/lib/python3.10/site-packages/airflow/example_dags/example_branch_labels.py took 0.140 seconds
[2025-08-08T15:21:31.555+0700] {processor.py:157} INFO - Started process (PID=91566) to work on /home/dwmhr/pln/venv/lib/python3.10/site-packages/airflow/example_dags/example_branch_labels.py
[2025-08-08T15:21:31.560+0700] {processor.py:829} INFO - Processing file /home/dwmhr/pln/venv/lib/python3.10/site-packages/airflow/example_dags/example_branch_labels.py for tasks to queue
[2025-08-08T15:21:31.564+0700] {logging_mixin.py:154} INFO - [2025-08-08T15:21:31.562+0700] {dagbag.py:536} INFO - Filling up the DagBag from /home/dwmhr/pln/venv/lib/python3.10/site-packages/airflow/example_dags/example_branch_labels.py
[2025-08-08T15:21:31.606+0700] {processor.py:839} INFO - DAG(s) dict_keys(['example_branch_labels']) retrieved from /home/dwmhr/pln/venv/lib/python3.10/site-packages/airflow/example_dags/example_branch_labels.py
[2025-08-08T15:21:31.684+0700] {logging_mixin.py:154} INFO - [2025-08-08T15:21:31.683+0700] {dag.py:2941} INFO - Sync 1 DAGs
[2025-08-08T15:21:31.791+0700] {logging_mixin.py:154} INFO - [2025-08-08T15:21:31.790+0700] {dag.py:3722} INFO - Setting next_dagrun for example_branch_labels to 2025-08-07T00:00:00+00:00, run_after=2025-08-08T00:00:00+00:00
[2025-08-08T15:21:31.869+0700] {processor.py:179} INFO - Processing /home/dwmhr/pln/venv/lib/python3.10/site-packages/airflow/example_dags/example_branch_labels.py took 0.334 seconds
[2025-08-08T15:22:46.131+0700] {processor.py:157} INFO - Started process (PID=91803) to work on /home/dwmhr/pln/venv/lib/python3.10/site-packages/airflow/example_dags/example_branch_labels.py
[2025-08-08T15:22:46.132+0700] {processor.py:829} INFO - Processing file /home/dwmhr/pln/venv/lib/python3.10/site-packages/airflow/example_dags/example_branch_labels.py for tasks to queue
[2025-08-08T15:22:46.133+0700] {logging_mixin.py:154} INFO - [2025-08-08T15:22:46.133+0700] {dagbag.py:536} INFO - Filling up the DagBag from /home/dwmhr/pln/venv/lib/python3.10/site-packages/airflow/example_dags/example_branch_labels.py
[2025-08-08T15:22:46.142+0700] {processor.py:839} INFO - DAG(s) dict_keys(['example_branch_labels']) retrieved from /home/dwmhr/pln/venv/lib/python3.10/site-packages/airflow/example_dags/example_branch_labels.py
[2025-08-08T15:22:46.159+0700] {logging_mixin.py:154} INFO - [2025-08-08T15:22:46.158+0700] {dag.py:2941} INFO - Sync 1 DAGs
[2025-08-08T15:22:46.176+0700] {logging_mixin.py:154} INFO - [2025-08-08T15:22:46.176+0700] {dag.py:3722} INFO - Setting next_dagrun for example_branch_labels to 2025-08-07T00:00:00+00:00, run_after=2025-08-08T00:00:00+00:00
[2025-08-08T15:22:46.201+0700] {processor.py:179} INFO - Processing /home/dwmhr/pln/venv/lib/python3.10/site-packages/airflow/example_dags/example_branch_labels.py took 0.074 seconds
[2025-08-08T15:24:47.980+0700] {processor.py:157} INFO - Started process (PID=92114) to work on /home/dwmhr/pln/venv/lib/python3.10/site-packages/airflow/example_dags/example_branch_labels.py
[2025-08-08T15:24:47.985+0700] {processor.py:829} INFO - Processing file /home/dwmhr/pln/venv/lib/python3.10/site-packages/airflow/example_dags/example_branch_labels.py for tasks to queue
[2025-08-08T15:24:47.989+0700] {logging_mixin.py:154} INFO - [2025-08-08T15:24:47.987+0700] {dagbag.py:536} INFO - Filling up the DagBag from /home/dwmhr/pln/venv/lib/python3.10/site-packages/airflow/example_dags/example_branch_labels.py
[2025-08-08T15:24:48.024+0700] {processor.py:839} INFO - DAG(s) dict_keys(['example_branch_labels']) retrieved from /home/dwmhr/pln/venv/lib/python3.10/site-packages/airflow/example_dags/example_branch_labels.py
[2025-08-08T15:24:48.087+0700] {logging_mixin.py:154} INFO - [2025-08-08T15:24:48.086+0700] {dag.py:2941} INFO - Sync 1 DAGs
[2025-08-08T15:24:48.158+0700] {logging_mixin.py:154} INFO - [2025-08-08T15:24:48.157+0700] {dag.py:3722} INFO - Setting next_dagrun for example_branch_labels to 2025-08-07T00:00:00+00:00, run_after=2025-08-08T00:00:00+00:00
[2025-08-08T15:24:48.271+0700] {processor.py:179} INFO - Processing /home/dwmhr/pln/venv/lib/python3.10/site-packages/airflow/example_dags/example_branch_labels.py took 0.301 seconds
[2025-08-08T15:25:58.788+0700] {processor.py:157} INFO - Started process (PID=92325) to work on /home/dwmhr/pln/venv/lib/python3.10/site-packages/airflow/example_dags/example_branch_labels.py
[2025-08-08T15:25:58.793+0700] {processor.py:829} INFO - Processing file /home/dwmhr/pln/venv/lib/python3.10/site-packages/airflow/example_dags/example_branch_labels.py for tasks to queue
[2025-08-08T15:25:58.795+0700] {logging_mixin.py:154} INFO - [2025-08-08T15:25:58.794+0700] {dagbag.py:536} INFO - Filling up the DagBag from /home/dwmhr/pln/venv/lib/python3.10/site-packages/airflow/example_dags/example_branch_labels.py
[2025-08-08T15:25:58.821+0700] {processor.py:839} INFO - DAG(s) dict_keys(['example_branch_labels']) retrieved from /home/dwmhr/pln/venv/lib/python3.10/site-packages/airflow/example_dags/example_branch_labels.py
[2025-08-08T15:25:58.905+0700] {logging_mixin.py:154} INFO - [2025-08-08T15:25:58.904+0700] {dag.py:2941} INFO - Sync 1 DAGs
[2025-08-08T15:25:59.011+0700] {logging_mixin.py:154} INFO - [2025-08-08T15:25:59.010+0700] {dag.py:3722} INFO - Setting next_dagrun for example_branch_labels to 2025-08-07T00:00:00+00:00, run_after=2025-08-08T00:00:00+00:00
[2025-08-08T15:25:59.115+0700] {processor.py:179} INFO - Processing /home/dwmhr/pln/venv/lib/python3.10/site-packages/airflow/example_dags/example_branch_labels.py took 0.343 seconds
[2025-08-08T15:26:54.069+0700] {processor.py:157} INFO - Started process (PID=92483) to work on /home/dwmhr/pln/venv/lib/python3.10/site-packages/airflow/example_dags/example_branch_labels.py
[2025-08-08T15:26:54.082+0700] {processor.py:829} INFO - Processing file /home/dwmhr/pln/venv/lib/python3.10/site-packages/airflow/example_dags/example_branch_labels.py for tasks to queue
[2025-08-08T15:26:54.083+0700] {logging_mixin.py:154} INFO - [2025-08-08T15:26:54.083+0700] {dagbag.py:536} INFO - Filling up the DagBag from /home/dwmhr/pln/venv/lib/python3.10/site-packages/airflow/example_dags/example_branch_labels.py
[2025-08-08T15:26:54.089+0700] {processor.py:839} INFO - DAG(s) dict_keys(['example_branch_labels']) retrieved from /home/dwmhr/pln/venv/lib/python3.10/site-packages/airflow/example_dags/example_branch_labels.py
[2025-08-08T15:26:54.105+0700] {logging_mixin.py:154} INFO - [2025-08-08T15:26:54.105+0700] {dag.py:2941} INFO - Sync 1 DAGs
[2025-08-08T15:26:54.118+0700] {logging_mixin.py:154} INFO - [2025-08-08T15:26:54.118+0700] {dag.py:3722} INFO - Setting next_dagrun for example_branch_labels to 2025-08-07T00:00:00+00:00, run_after=2025-08-08T00:00:00+00:00
[2025-08-08T15:26:54.134+0700] {processor.py:179} INFO - Processing /home/dwmhr/pln/venv/lib/python3.10/site-packages/airflow/example_dags/example_branch_labels.py took 0.067 seconds
[2025-08-08T15:27:43.094+0700] {processor.py:157} INFO - Started process (PID=92640) to work on /home/dwmhr/pln/venv/lib/python3.10/site-packages/airflow/example_dags/example_branch_labels.py
[2025-08-08T15:27:43.106+0700] {processor.py:829} INFO - Processing file /home/dwmhr/pln/venv/lib/python3.10/site-packages/airflow/example_dags/example_branch_labels.py for tasks to queue
[2025-08-08T15:27:43.107+0700] {logging_mixin.py:154} INFO - [2025-08-08T15:27:43.107+0700] {dagbag.py:536} INFO - Filling up the DagBag from /home/dwmhr/pln/venv/lib/python3.10/site-packages/airflow/example_dags/example_branch_labels.py
[2025-08-08T15:27:43.113+0700] {processor.py:839} INFO - DAG(s) dict_keys(['example_branch_labels']) retrieved from /home/dwmhr/pln/venv/lib/python3.10/site-packages/airflow/example_dags/example_branch_labels.py
[2025-08-08T15:27:43.126+0700] {logging_mixin.py:154} INFO - [2025-08-08T15:27:43.125+0700] {dag.py:2941} INFO - Sync 1 DAGs
[2025-08-08T15:27:43.138+0700] {logging_mixin.py:154} INFO - [2025-08-08T15:27:43.138+0700] {dag.py:3722} INFO - Setting next_dagrun for example_branch_labels to 2025-08-07T00:00:00+00:00, run_after=2025-08-08T00:00:00+00:00
[2025-08-08T15:27:43.154+0700] {processor.py:179} INFO - Processing /home/dwmhr/pln/venv/lib/python3.10/site-packages/airflow/example_dags/example_branch_labels.py took 0.063 seconds
[2025-08-08T15:29:03.085+0700] {processor.py:157} INFO - Started process (PID=92875) to work on /home/dwmhr/pln/venv/lib/python3.10/site-packages/airflow/example_dags/example_branch_labels.py
[2025-08-08T15:29:03.099+0700] {processor.py:829} INFO - Processing file /home/dwmhr/pln/venv/lib/python3.10/site-packages/airflow/example_dags/example_branch_labels.py for tasks to queue
[2025-08-08T15:29:03.101+0700] {logging_mixin.py:154} INFO - [2025-08-08T15:29:03.101+0700] {dagbag.py:536} INFO - Filling up the DagBag from /home/dwmhr/pln/venv/lib/python3.10/site-packages/airflow/example_dags/example_branch_labels.py
[2025-08-08T15:29:03.121+0700] {processor.py:839} INFO - DAG(s) dict_keys(['example_branch_labels']) retrieved from /home/dwmhr/pln/venv/lib/python3.10/site-packages/airflow/example_dags/example_branch_labels.py
[2025-08-08T15:29:03.162+0700] {logging_mixin.py:154} INFO - [2025-08-08T15:29:03.161+0700] {dag.py:2941} INFO - Sync 1 DAGs
[2025-08-08T15:29:03.203+0700] {logging_mixin.py:154} INFO - [2025-08-08T15:29:03.202+0700] {dag.py:3722} INFO - Setting next_dagrun for example_branch_labels to 2025-08-07T00:00:00+00:00, run_after=2025-08-08T00:00:00+00:00
[2025-08-08T15:29:03.259+0700] {processor.py:179} INFO - Processing /home/dwmhr/pln/venv/lib/python3.10/site-packages/airflow/example_dags/example_branch_labels.py took 0.182 seconds
[2025-08-08T15:30:12.154+0700] {processor.py:157} INFO - Started process (PID=93072) to work on /home/dwmhr/pln/venv/lib/python3.10/site-packages/airflow/example_dags/example_branch_labels.py
[2025-08-08T15:30:12.156+0700] {processor.py:829} INFO - Processing file /home/dwmhr/pln/venv/lib/python3.10/site-packages/airflow/example_dags/example_branch_labels.py for tasks to queue
[2025-08-08T15:30:12.156+0700] {logging_mixin.py:154} INFO - [2025-08-08T15:30:12.156+0700] {dagbag.py:536} INFO - Filling up the DagBag from /home/dwmhr/pln/venv/lib/python3.10/site-packages/airflow/example_dags/example_branch_labels.py
[2025-08-08T15:30:12.164+0700] {processor.py:839} INFO - DAG(s) dict_keys(['example_branch_labels']) retrieved from /home/dwmhr/pln/venv/lib/python3.10/site-packages/airflow/example_dags/example_branch_labels.py
[2025-08-08T15:30:12.177+0700] {logging_mixin.py:154} INFO - [2025-08-08T15:30:12.177+0700] {dag.py:2941} INFO - Sync 1 DAGs
[2025-08-08T15:30:12.189+0700] {logging_mixin.py:154} INFO - [2025-08-08T15:30:12.189+0700] {dag.py:3722} INFO - Setting next_dagrun for example_branch_labels to 2025-08-07T00:00:00+00:00, run_after=2025-08-08T00:00:00+00:00
[2025-08-08T15:30:12.207+0700] {processor.py:179} INFO - Processing /home/dwmhr/pln/venv/lib/python3.10/site-packages/airflow/example_dags/example_branch_labels.py took 0.056 seconds
[2025-08-08T15:31:05.596+0700] {processor.py:157} INFO - Started process (PID=93242) to work on /home/dwmhr/pln/venv/lib/python3.10/site-packages/airflow/example_dags/example_branch_labels.py
[2025-08-08T15:31:05.597+0700] {processor.py:829} INFO - Processing file /home/dwmhr/pln/venv/lib/python3.10/site-packages/airflow/example_dags/example_branch_labels.py for tasks to queue
[2025-08-08T15:31:05.598+0700] {logging_mixin.py:154} INFO - [2025-08-08T15:31:05.598+0700] {dagbag.py:536} INFO - Filling up the DagBag from /home/dwmhr/pln/venv/lib/python3.10/site-packages/airflow/example_dags/example_branch_labels.py
[2025-08-08T15:31:05.604+0700] {processor.py:839} INFO - DAG(s) dict_keys(['example_branch_labels']) retrieved from /home/dwmhr/pln/venv/lib/python3.10/site-packages/airflow/example_dags/example_branch_labels.py
[2025-08-08T15:31:05.617+0700] {logging_mixin.py:154} INFO - [2025-08-08T15:31:05.617+0700] {dag.py:2941} INFO - Sync 1 DAGs
[2025-08-08T15:31:05.629+0700] {logging_mixin.py:154} INFO - [2025-08-08T15:31:05.629+0700] {dag.py:3722} INFO - Setting next_dagrun for example_branch_labels to 2025-08-07T00:00:00+00:00, run_after=2025-08-08T00:00:00+00:00
[2025-08-08T15:31:05.646+0700] {processor.py:179} INFO - Processing /home/dwmhr/pln/venv/lib/python3.10/site-packages/airflow/example_dags/example_branch_labels.py took 0.053 seconds
[2025-08-08T15:32:05.655+0700] {processor.py:157} INFO - Started process (PID=93424) to work on /home/dwmhr/pln/venv/lib/python3.10/site-packages/airflow/example_dags/example_branch_labels.py
[2025-08-08T15:32:05.669+0700] {processor.py:829} INFO - Processing file /home/dwmhr/pln/venv/lib/python3.10/site-packages/airflow/example_dags/example_branch_labels.py for tasks to queue
[2025-08-08T15:32:05.685+0700] {logging_mixin.py:154} INFO - [2025-08-08T15:32:05.676+0700] {dagbag.py:536} INFO - Filling up the DagBag from /home/dwmhr/pln/venv/lib/python3.10/site-packages/airflow/example_dags/example_branch_labels.py
[2025-08-08T15:32:05.855+0700] {processor.py:839} INFO - DAG(s) dict_keys(['example_branch_labels']) retrieved from /home/dwmhr/pln/venv/lib/python3.10/site-packages/airflow/example_dags/example_branch_labels.py
[2025-08-08T15:32:06.123+0700] {logging_mixin.py:154} INFO - [2025-08-08T15:32:06.121+0700] {dag.py:2941} INFO - Sync 1 DAGs
[2025-08-08T15:32:06.334+0700] {logging_mixin.py:154} INFO - [2025-08-08T15:32:06.332+0700] {dag.py:3722} INFO - Setting next_dagrun for example_branch_labels to 2025-08-07T00:00:00+00:00, run_after=2025-08-08T00:00:00+00:00
[2025-08-08T15:32:06.532+0700] {processor.py:179} INFO - Processing /home/dwmhr/pln/venv/lib/python3.10/site-packages/airflow/example_dags/example_branch_labels.py took 0.930 seconds
[2025-08-08T15:33:11.266+0700] {processor.py:157} INFO - Started process (PID=93616) to work on /home/dwmhr/pln/venv/lib/python3.10/site-packages/airflow/example_dags/example_branch_labels.py
[2025-08-08T15:33:11.278+0700] {processor.py:829} INFO - Processing file /home/dwmhr/pln/venv/lib/python3.10/site-packages/airflow/example_dags/example_branch_labels.py for tasks to queue
[2025-08-08T15:33:11.279+0700] {logging_mixin.py:154} INFO - [2025-08-08T15:33:11.279+0700] {dagbag.py:536} INFO - Filling up the DagBag from /home/dwmhr/pln/venv/lib/python3.10/site-packages/airflow/example_dags/example_branch_labels.py
[2025-08-08T15:33:11.286+0700] {processor.py:839} INFO - DAG(s) dict_keys(['example_branch_labels']) retrieved from /home/dwmhr/pln/venv/lib/python3.10/site-packages/airflow/example_dags/example_branch_labels.py
[2025-08-08T15:33:11.299+0700] {logging_mixin.py:154} INFO - [2025-08-08T15:33:11.299+0700] {dag.py:2941} INFO - Sync 1 DAGs
[2025-08-08T15:33:11.312+0700] {logging_mixin.py:154} INFO - [2025-08-08T15:33:11.312+0700] {dag.py:3722} INFO - Setting next_dagrun for example_branch_labels to 2025-08-07T00:00:00+00:00, run_after=2025-08-08T00:00:00+00:00
[2025-08-08T15:33:11.328+0700] {processor.py:179} INFO - Processing /home/dwmhr/pln/venv/lib/python3.10/site-packages/airflow/example_dags/example_branch_labels.py took 0.064 seconds
[2025-08-08T15:34:04.898+0700] {processor.py:157} INFO - Started process (PID=93785) to work on /home/dwmhr/pln/venv/lib/python3.10/site-packages/airflow/example_dags/example_branch_labels.py
[2025-08-08T15:34:04.911+0700] {processor.py:829} INFO - Processing file /home/dwmhr/pln/venv/lib/python3.10/site-packages/airflow/example_dags/example_branch_labels.py for tasks to queue
[2025-08-08T15:34:04.912+0700] {logging_mixin.py:154} INFO - [2025-08-08T15:34:04.911+0700] {dagbag.py:536} INFO - Filling up the DagBag from /home/dwmhr/pln/venv/lib/python3.10/site-packages/airflow/example_dags/example_branch_labels.py
[2025-08-08T15:34:04.919+0700] {processor.py:839} INFO - DAG(s) dict_keys(['example_branch_labels']) retrieved from /home/dwmhr/pln/venv/lib/python3.10/site-packages/airflow/example_dags/example_branch_labels.py
[2025-08-08T15:34:04.932+0700] {logging_mixin.py:154} INFO - [2025-08-08T15:34:04.931+0700] {dag.py:2941} INFO - Sync 1 DAGs
[2025-08-08T15:34:04.943+0700] {logging_mixin.py:154} INFO - [2025-08-08T15:34:04.943+0700] {dag.py:3722} INFO - Setting next_dagrun for example_branch_labels to 2025-08-07T00:00:00+00:00, run_after=2025-08-08T00:00:00+00:00
[2025-08-08T15:34:04.960+0700] {processor.py:179} INFO - Processing /home/dwmhr/pln/venv/lib/python3.10/site-packages/airflow/example_dags/example_branch_labels.py took 0.065 seconds
[2025-08-08T15:34:49.398+0700] {processor.py:157} INFO - Started process (PID=93925) to work on /home/dwmhr/pln/venv/lib/python3.10/site-packages/airflow/example_dags/example_branch_labels.py
[2025-08-08T15:34:49.400+0700] {processor.py:829} INFO - Processing file /home/dwmhr/pln/venv/lib/python3.10/site-packages/airflow/example_dags/example_branch_labels.py for tasks to queue
[2025-08-08T15:34:49.401+0700] {logging_mixin.py:154} INFO - [2025-08-08T15:34:49.400+0700] {dagbag.py:536} INFO - Filling up the DagBag from /home/dwmhr/pln/venv/lib/python3.10/site-packages/airflow/example_dags/example_branch_labels.py
[2025-08-08T15:34:49.407+0700] {processor.py:839} INFO - DAG(s) dict_keys(['example_branch_labels']) retrieved from /home/dwmhr/pln/venv/lib/python3.10/site-packages/airflow/example_dags/example_branch_labels.py
[2025-08-08T15:34:49.420+0700] {logging_mixin.py:154} INFO - [2025-08-08T15:34:49.420+0700] {dag.py:2941} INFO - Sync 1 DAGs
[2025-08-08T15:34:49.432+0700] {logging_mixin.py:154} INFO - [2025-08-08T15:34:49.432+0700] {dag.py:3722} INFO - Setting next_dagrun for example_branch_labels to 2025-08-07T00:00:00+00:00, run_after=2025-08-08T00:00:00+00:00
[2025-08-08T15:34:49.449+0700] {processor.py:179} INFO - Processing /home/dwmhr/pln/venv/lib/python3.10/site-packages/airflow/example_dags/example_branch_labels.py took 0.054 seconds
[2025-08-08T15:35:35.373+0700] {processor.py:157} INFO - Started process (PID=94089) to work on /home/dwmhr/pln/venv/lib/python3.10/site-packages/airflow/example_dags/example_branch_labels.py
[2025-08-08T15:35:35.376+0700] {processor.py:829} INFO - Processing file /home/dwmhr/pln/venv/lib/python3.10/site-packages/airflow/example_dags/example_branch_labels.py for tasks to queue
[2025-08-08T15:35:35.387+0700] {logging_mixin.py:154} INFO - [2025-08-08T15:35:35.386+0700] {dagbag.py:536} INFO - Filling up the DagBag from /home/dwmhr/pln/venv/lib/python3.10/site-packages/airflow/example_dags/example_branch_labels.py
[2025-08-08T15:35:35.411+0700] {processor.py:839} INFO - DAG(s) dict_keys(['example_branch_labels']) retrieved from /home/dwmhr/pln/venv/lib/python3.10/site-packages/airflow/example_dags/example_branch_labels.py
[2025-08-08T15:35:35.457+0700] {logging_mixin.py:154} INFO - [2025-08-08T15:35:35.457+0700] {dag.py:2941} INFO - Sync 1 DAGs
[2025-08-08T15:35:35.509+0700] {logging_mixin.py:154} INFO - [2025-08-08T15:35:35.509+0700] {dag.py:3722} INFO - Setting next_dagrun for example_branch_labels to 2025-08-07T00:00:00+00:00, run_after=2025-08-08T00:00:00+00:00
[2025-08-08T15:35:35.566+0700] {processor.py:179} INFO - Processing /home/dwmhr/pln/venv/lib/python3.10/site-packages/airflow/example_dags/example_branch_labels.py took 0.206 seconds
[2025-08-08T15:36:46.498+0700] {processor.py:157} INFO - Started process (PID=94346) to work on /home/dwmhr/pln/venv/lib/python3.10/site-packages/airflow/example_dags/example_branch_labels.py
[2025-08-08T15:36:46.501+0700] {processor.py:829} INFO - Processing file /home/dwmhr/pln/venv/lib/python3.10/site-packages/airflow/example_dags/example_branch_labels.py for tasks to queue
[2025-08-08T15:36:46.503+0700] {logging_mixin.py:154} INFO - [2025-08-08T15:36:46.502+0700] {dagbag.py:536} INFO - Filling up the DagBag from /home/dwmhr/pln/venv/lib/python3.10/site-packages/airflow/example_dags/example_branch_labels.py
[2025-08-08T15:36:46.523+0700] {processor.py:839} INFO - DAG(s) dict_keys(['example_branch_labels']) retrieved from /home/dwmhr/pln/venv/lib/python3.10/site-packages/airflow/example_dags/example_branch_labels.py
[2025-08-08T15:36:46.564+0700] {logging_mixin.py:154} INFO - [2025-08-08T15:36:46.564+0700] {dag.py:2941} INFO - Sync 1 DAGs
[2025-08-08T15:36:46.606+0700] {logging_mixin.py:154} INFO - [2025-08-08T15:36:46.606+0700] {dag.py:3722} INFO - Setting next_dagrun for example_branch_labels to 2025-08-07T00:00:00+00:00, run_after=2025-08-08T00:00:00+00:00
[2025-08-08T15:36:46.662+0700] {processor.py:179} INFO - Processing /home/dwmhr/pln/venv/lib/python3.10/site-packages/airflow/example_dags/example_branch_labels.py took 0.174 seconds
[2025-08-08T15:37:47.287+0700] {processor.py:157} INFO - Started process (PID=94519) to work on /home/dwmhr/pln/venv/lib/python3.10/site-packages/airflow/example_dags/example_branch_labels.py
[2025-08-08T15:37:47.300+0700] {processor.py:829} INFO - Processing file /home/dwmhr/pln/venv/lib/python3.10/site-packages/airflow/example_dags/example_branch_labels.py for tasks to queue
[2025-08-08T15:37:47.301+0700] {logging_mixin.py:154} INFO - [2025-08-08T15:37:47.300+0700] {dagbag.py:536} INFO - Filling up the DagBag from /home/dwmhr/pln/venv/lib/python3.10/site-packages/airflow/example_dags/example_branch_labels.py
[2025-08-08T15:37:47.309+0700] {processor.py:839} INFO - DAG(s) dict_keys(['example_branch_labels']) retrieved from /home/dwmhr/pln/venv/lib/python3.10/site-packages/airflow/example_dags/example_branch_labels.py
[2025-08-08T15:37:47.322+0700] {logging_mixin.py:154} INFO - [2025-08-08T15:37:47.322+0700] {dag.py:2941} INFO - Sync 1 DAGs
[2025-08-08T15:37:47.335+0700] {logging_mixin.py:154} INFO - [2025-08-08T15:37:47.335+0700] {dag.py:3722} INFO - Setting next_dagrun for example_branch_labels to 2025-08-07T00:00:00+00:00, run_after=2025-08-08T00:00:00+00:00
[2025-08-08T15:37:47.353+0700] {processor.py:179} INFO - Processing /home/dwmhr/pln/venv/lib/python3.10/site-packages/airflow/example_dags/example_branch_labels.py took 0.068 seconds
[2025-08-08T15:38:35.305+0700] {processor.py:157} INFO - Started process (PID=94656) to work on /home/dwmhr/pln/venv/lib/python3.10/site-packages/airflow/example_dags/example_branch_labels.py
[2025-08-08T15:38:35.318+0700] {processor.py:829} INFO - Processing file /home/dwmhr/pln/venv/lib/python3.10/site-packages/airflow/example_dags/example_branch_labels.py for tasks to queue
[2025-08-08T15:38:35.319+0700] {logging_mixin.py:154} INFO - [2025-08-08T15:38:35.319+0700] {dagbag.py:536} INFO - Filling up the DagBag from /home/dwmhr/pln/venv/lib/python3.10/site-packages/airflow/example_dags/example_branch_labels.py
[2025-08-08T15:38:35.325+0700] {processor.py:839} INFO - DAG(s) dict_keys(['example_branch_labels']) retrieved from /home/dwmhr/pln/venv/lib/python3.10/site-packages/airflow/example_dags/example_branch_labels.py
[2025-08-08T15:38:35.338+0700] {logging_mixin.py:154} INFO - [2025-08-08T15:38:35.338+0700] {dag.py:2941} INFO - Sync 1 DAGs
[2025-08-08T15:38:35.350+0700] {logging_mixin.py:154} INFO - [2025-08-08T15:38:35.350+0700] {dag.py:3722} INFO - Setting next_dagrun for example_branch_labels to 2025-08-07T00:00:00+00:00, run_after=2025-08-08T00:00:00+00:00
[2025-08-08T15:38:35.368+0700] {processor.py:179} INFO - Processing /home/dwmhr/pln/venv/lib/python3.10/site-packages/airflow/example_dags/example_branch_labels.py took 0.065 seconds
[2025-08-08T15:39:38.922+0700] {processor.py:157} INFO - Started process (PID=94840) to work on /home/dwmhr/pln/venv/lib/python3.10/site-packages/airflow/example_dags/example_branch_labels.py
[2025-08-08T15:39:38.925+0700] {processor.py:829} INFO - Processing file /home/dwmhr/pln/venv/lib/python3.10/site-packages/airflow/example_dags/example_branch_labels.py for tasks to queue
[2025-08-08T15:39:38.926+0700] {logging_mixin.py:154} INFO - [2025-08-08T15:39:38.926+0700] {dagbag.py:536} INFO - Filling up the DagBag from /home/dwmhr/pln/venv/lib/python3.10/site-packages/airflow/example_dags/example_branch_labels.py
[2025-08-08T15:39:38.932+0700] {processor.py:839} INFO - DAG(s) dict_keys(['example_branch_labels']) retrieved from /home/dwmhr/pln/venv/lib/python3.10/site-packages/airflow/example_dags/example_branch_labels.py
[2025-08-08T15:39:38.945+0700] {logging_mixin.py:154} INFO - [2025-08-08T15:39:38.945+0700] {dag.py:2941} INFO - Sync 1 DAGs
[2025-08-08T15:39:38.959+0700] {logging_mixin.py:154} INFO - [2025-08-08T15:39:38.958+0700] {dag.py:3722} INFO - Setting next_dagrun for example_branch_labels to 2025-08-07T00:00:00+00:00, run_after=2025-08-08T00:00:00+00:00
[2025-08-08T15:39:38.982+0700] {processor.py:179} INFO - Processing /home/dwmhr/pln/venv/lib/python3.10/site-packages/airflow/example_dags/example_branch_labels.py took 0.062 seconds
[2025-08-08T15:40:30.714+0700] {processor.py:157} INFO - Started process (PID=95019) to work on /home/dwmhr/pln/venv/lib/python3.10/site-packages/airflow/example_dags/example_branch_labels.py
[2025-08-08T15:40:30.727+0700] {processor.py:829} INFO - Processing file /home/dwmhr/pln/venv/lib/python3.10/site-packages/airflow/example_dags/example_branch_labels.py for tasks to queue
[2025-08-08T15:40:30.728+0700] {logging_mixin.py:154} INFO - [2025-08-08T15:40:30.728+0700] {dagbag.py:536} INFO - Filling up the DagBag from /home/dwmhr/pln/venv/lib/python3.10/site-packages/airflow/example_dags/example_branch_labels.py
[2025-08-08T15:40:30.736+0700] {processor.py:839} INFO - DAG(s) dict_keys(['example_branch_labels']) retrieved from /home/dwmhr/pln/venv/lib/python3.10/site-packages/airflow/example_dags/example_branch_labels.py
[2025-08-08T15:40:30.749+0700] {logging_mixin.py:154} INFO - [2025-08-08T15:40:30.748+0700] {dag.py:2941} INFO - Sync 1 DAGs
[2025-08-08T15:40:30.761+0700] {logging_mixin.py:154} INFO - [2025-08-08T15:40:30.760+0700] {dag.py:3722} INFO - Setting next_dagrun for example_branch_labels to 2025-08-07T00:00:00+00:00, run_after=2025-08-08T00:00:00+00:00
[2025-08-08T15:40:30.778+0700] {processor.py:179} INFO - Processing /home/dwmhr/pln/venv/lib/python3.10/site-packages/airflow/example_dags/example_branch_labels.py took 0.067 seconds
[2025-08-08T15:41:33.890+0700] {processor.py:157} INFO - Started process (PID=95198) to work on /home/dwmhr/pln/venv/lib/python3.10/site-packages/airflow/example_dags/example_branch_labels.py
[2025-08-08T15:41:33.898+0700] {processor.py:829} INFO - Processing file /home/dwmhr/pln/venv/lib/python3.10/site-packages/airflow/example_dags/example_branch_labels.py for tasks to queue
[2025-08-08T15:41:33.899+0700] {logging_mixin.py:154} INFO - [2025-08-08T15:41:33.899+0700] {dagbag.py:536} INFO - Filling up the DagBag from /home/dwmhr/pln/venv/lib/python3.10/site-packages/airflow/example_dags/example_branch_labels.py
[2025-08-08T15:41:33.913+0700] {processor.py:839} INFO - DAG(s) dict_keys(['example_branch_labels']) retrieved from /home/dwmhr/pln/venv/lib/python3.10/site-packages/airflow/example_dags/example_branch_labels.py
[2025-08-08T15:41:33.959+0700] {logging_mixin.py:154} INFO - [2025-08-08T15:41:33.957+0700] {dag.py:2941} INFO - Sync 1 DAGs
[2025-08-08T15:41:34.005+0700] {logging_mixin.py:154} INFO - [2025-08-08T15:41:34.005+0700] {dag.py:3722} INFO - Setting next_dagrun for example_branch_labels to 2025-08-07T00:00:00+00:00, run_after=2025-08-08T00:00:00+00:00
[2025-08-08T15:41:34.050+0700] {processor.py:179} INFO - Processing /home/dwmhr/pln/venv/lib/python3.10/site-packages/airflow/example_dags/example_branch_labels.py took 0.172 seconds
[2025-08-08T15:42:36.215+0700] {processor.py:157} INFO - Started process (PID=95405) to work on /home/dwmhr/pln/venv/lib/python3.10/site-packages/airflow/example_dags/example_branch_labels.py
[2025-08-08T15:42:36.229+0700] {processor.py:829} INFO - Processing file /home/dwmhr/pln/venv/lib/python3.10/site-packages/airflow/example_dags/example_branch_labels.py for tasks to queue
[2025-08-08T15:42:36.231+0700] {logging_mixin.py:154} INFO - [2025-08-08T15:42:36.230+0700] {dagbag.py:536} INFO - Filling up the DagBag from /home/dwmhr/pln/venv/lib/python3.10/site-packages/airflow/example_dags/example_branch_labels.py
[2025-08-08T15:42:36.246+0700] {processor.py:839} INFO - DAG(s) dict_keys(['example_branch_labels']) retrieved from /home/dwmhr/pln/venv/lib/python3.10/site-packages/airflow/example_dags/example_branch_labels.py
[2025-08-08T15:42:36.278+0700] {logging_mixin.py:154} INFO - [2025-08-08T15:42:36.278+0700] {dag.py:2941} INFO - Sync 1 DAGs
[2025-08-08T15:42:36.309+0700] {logging_mixin.py:154} INFO - [2025-08-08T15:42:36.309+0700] {dag.py:3722} INFO - Setting next_dagrun for example_branch_labels to 2025-08-07T00:00:00+00:00, run_after=2025-08-08T00:00:00+00:00
[2025-08-08T15:42:36.349+0700] {processor.py:179} INFO - Processing /home/dwmhr/pln/venv/lib/python3.10/site-packages/airflow/example_dags/example_branch_labels.py took 0.140 seconds
[2025-08-08T15:43:27.250+0700] {processor.py:157} INFO - Started process (PID=95562) to work on /home/dwmhr/pln/venv/lib/python3.10/site-packages/airflow/example_dags/example_branch_labels.py
[2025-08-08T15:43:27.252+0700] {processor.py:829} INFO - Processing file /home/dwmhr/pln/venv/lib/python3.10/site-packages/airflow/example_dags/example_branch_labels.py for tasks to queue
[2025-08-08T15:43:27.252+0700] {logging_mixin.py:154} INFO - [2025-08-08T15:43:27.252+0700] {dagbag.py:536} INFO - Filling up the DagBag from /home/dwmhr/pln/venv/lib/python3.10/site-packages/airflow/example_dags/example_branch_labels.py
[2025-08-08T15:43:27.258+0700] {processor.py:839} INFO - DAG(s) dict_keys(['example_branch_labels']) retrieved from /home/dwmhr/pln/venv/lib/python3.10/site-packages/airflow/example_dags/example_branch_labels.py
[2025-08-08T15:43:27.272+0700] {logging_mixin.py:154} INFO - [2025-08-08T15:43:27.272+0700] {dag.py:2941} INFO - Sync 1 DAGs
[2025-08-08T15:43:27.284+0700] {logging_mixin.py:154} INFO - [2025-08-08T15:43:27.284+0700] {dag.py:3722} INFO - Setting next_dagrun for example_branch_labels to 2025-08-07T00:00:00+00:00, run_after=2025-08-08T00:00:00+00:00
[2025-08-08T15:43:27.301+0700] {processor.py:179} INFO - Processing /home/dwmhr/pln/venv/lib/python3.10/site-packages/airflow/example_dags/example_branch_labels.py took 0.054 seconds
[2025-08-08T15:44:12.806+0700] {processor.py:157} INFO - Started process (PID=95708) to work on /home/dwmhr/pln/venv/lib/python3.10/site-packages/airflow/example_dags/example_branch_labels.py
[2025-08-08T15:44:12.808+0700] {processor.py:829} INFO - Processing file /home/dwmhr/pln/venv/lib/python3.10/site-packages/airflow/example_dags/example_branch_labels.py for tasks to queue
[2025-08-08T15:44:12.809+0700] {logging_mixin.py:154} INFO - [2025-08-08T15:44:12.808+0700] {dagbag.py:536} INFO - Filling up the DagBag from /home/dwmhr/pln/venv/lib/python3.10/site-packages/airflow/example_dags/example_branch_labels.py
[2025-08-08T15:44:12.815+0700] {processor.py:839} INFO - DAG(s) dict_keys(['example_branch_labels']) retrieved from /home/dwmhr/pln/venv/lib/python3.10/site-packages/airflow/example_dags/example_branch_labels.py
[2025-08-08T15:44:12.829+0700] {logging_mixin.py:154} INFO - [2025-08-08T15:44:12.829+0700] {dag.py:2941} INFO - Sync 1 DAGs
[2025-08-08T15:44:12.841+0700] {logging_mixin.py:154} INFO - [2025-08-08T15:44:12.840+0700] {dag.py:3722} INFO - Setting next_dagrun for example_branch_labels to 2025-08-07T00:00:00+00:00, run_after=2025-08-08T00:00:00+00:00
[2025-08-08T15:44:12.858+0700] {processor.py:179} INFO - Processing /home/dwmhr/pln/venv/lib/python3.10/site-packages/airflow/example_dags/example_branch_labels.py took 0.057 seconds
[2025-08-08T15:45:05.664+0700] {processor.py:157} INFO - Started process (PID=95884) to work on /home/dwmhr/pln/venv/lib/python3.10/site-packages/airflow/example_dags/example_branch_labels.py
[2025-08-08T15:45:05.677+0700] {processor.py:829} INFO - Processing file /home/dwmhr/pln/venv/lib/python3.10/site-packages/airflow/example_dags/example_branch_labels.py for tasks to queue
[2025-08-08T15:45:05.678+0700] {logging_mixin.py:154} INFO - [2025-08-08T15:45:05.678+0700] {dagbag.py:536} INFO - Filling up the DagBag from /home/dwmhr/pln/venv/lib/python3.10/site-packages/airflow/example_dags/example_branch_labels.py
[2025-08-08T15:45:05.687+0700] {processor.py:839} INFO - DAG(s) dict_keys(['example_branch_labels']) retrieved from /home/dwmhr/pln/venv/lib/python3.10/site-packages/airflow/example_dags/example_branch_labels.py
[2025-08-08T15:45:05.704+0700] {logging_mixin.py:154} INFO - [2025-08-08T15:45:05.704+0700] {dag.py:2941} INFO - Sync 1 DAGs
[2025-08-08T15:45:05.722+0700] {logging_mixin.py:154} INFO - [2025-08-08T15:45:05.722+0700] {dag.py:3722} INFO - Setting next_dagrun for example_branch_labels to 2025-08-07T00:00:00+00:00, run_after=2025-08-08T00:00:00+00:00
[2025-08-08T15:45:05.746+0700] {processor.py:179} INFO - Processing /home/dwmhr/pln/venv/lib/python3.10/site-packages/airflow/example_dags/example_branch_labels.py took 0.086 seconds
[2025-08-08T15:45:57.442+0700] {processor.py:157} INFO - Started process (PID=96056) to work on /home/dwmhr/pln/venv/lib/python3.10/site-packages/airflow/example_dags/example_branch_labels.py
[2025-08-08T15:45:57.444+0700] {processor.py:829} INFO - Processing file /home/dwmhr/pln/venv/lib/python3.10/site-packages/airflow/example_dags/example_branch_labels.py for tasks to queue
[2025-08-08T15:45:57.444+0700] {logging_mixin.py:154} INFO - [2025-08-08T15:45:57.444+0700] {dagbag.py:536} INFO - Filling up the DagBag from /home/dwmhr/pln/venv/lib/python3.10/site-packages/airflow/example_dags/example_branch_labels.py
[2025-08-08T15:45:57.450+0700] {processor.py:839} INFO - DAG(s) dict_keys(['example_branch_labels']) retrieved from /home/dwmhr/pln/venv/lib/python3.10/site-packages/airflow/example_dags/example_branch_labels.py
[2025-08-08T15:45:57.463+0700] {logging_mixin.py:154} INFO - [2025-08-08T15:45:57.463+0700] {dag.py:2941} INFO - Sync 1 DAGs
[2025-08-08T15:45:57.475+0700] {logging_mixin.py:154} INFO - [2025-08-08T15:45:57.475+0700] {dag.py:3722} INFO - Setting next_dagrun for example_branch_labels to 2025-08-07T00:00:00+00:00, run_after=2025-08-08T00:00:00+00:00
[2025-08-08T15:45:57.491+0700] {processor.py:179} INFO - Processing /home/dwmhr/pln/venv/lib/python3.10/site-packages/airflow/example_dags/example_branch_labels.py took 0.052 seconds
[2025-08-08T15:46:45.355+0700] {processor.py:157} INFO - Started process (PID=96194) to work on /home/dwmhr/pln/venv/lib/python3.10/site-packages/airflow/example_dags/example_branch_labels.py
[2025-08-08T15:46:45.368+0700] {processor.py:829} INFO - Processing file /home/dwmhr/pln/venv/lib/python3.10/site-packages/airflow/example_dags/example_branch_labels.py for tasks to queue
[2025-08-08T15:46:45.369+0700] {logging_mixin.py:154} INFO - [2025-08-08T15:46:45.369+0700] {dagbag.py:536} INFO - Filling up the DagBag from /home/dwmhr/pln/venv/lib/python3.10/site-packages/airflow/example_dags/example_branch_labels.py
[2025-08-08T15:46:45.379+0700] {processor.py:839} INFO - DAG(s) dict_keys(['example_branch_labels']) retrieved from /home/dwmhr/pln/venv/lib/python3.10/site-packages/airflow/example_dags/example_branch_labels.py
[2025-08-08T15:46:45.399+0700] {logging_mixin.py:154} INFO - [2025-08-08T15:46:45.399+0700] {dag.py:2941} INFO - Sync 1 DAGs
[2025-08-08T15:46:45.419+0700] {logging_mixin.py:154} INFO - [2025-08-08T15:46:45.419+0700] {dag.py:3722} INFO - Setting next_dagrun for example_branch_labels to 2025-08-07T00:00:00+00:00, run_after=2025-08-08T00:00:00+00:00
[2025-08-08T15:46:45.444+0700] {processor.py:179} INFO - Processing /home/dwmhr/pln/venv/lib/python3.10/site-packages/airflow/example_dags/example_branch_labels.py took 0.092 seconds
[2025-08-08T15:47:37.579+0700] {processor.py:157} INFO - Started process (PID=96350) to work on /home/dwmhr/pln/venv/lib/python3.10/site-packages/airflow/example_dags/example_branch_labels.py
[2025-08-08T15:47:37.592+0700] {processor.py:829} INFO - Processing file /home/dwmhr/pln/venv/lib/python3.10/site-packages/airflow/example_dags/example_branch_labels.py for tasks to queue
[2025-08-08T15:47:37.593+0700] {logging_mixin.py:154} INFO - [2025-08-08T15:47:37.592+0700] {dagbag.py:536} INFO - Filling up the DagBag from /home/dwmhr/pln/venv/lib/python3.10/site-packages/airflow/example_dags/example_branch_labels.py
[2025-08-08T15:47:37.599+0700] {processor.py:839} INFO - DAG(s) dict_keys(['example_branch_labels']) retrieved from /home/dwmhr/pln/venv/lib/python3.10/site-packages/airflow/example_dags/example_branch_labels.py
[2025-08-08T15:47:37.612+0700] {logging_mixin.py:154} INFO - [2025-08-08T15:47:37.612+0700] {dag.py:2941} INFO - Sync 1 DAGs
[2025-08-08T15:47:37.624+0700] {logging_mixin.py:154} INFO - [2025-08-08T15:47:37.624+0700] {dag.py:3722} INFO - Setting next_dagrun for example_branch_labels to 2025-08-07T00:00:00+00:00, run_after=2025-08-08T00:00:00+00:00
[2025-08-08T15:47:37.641+0700] {processor.py:179} INFO - Processing /home/dwmhr/pln/venv/lib/python3.10/site-packages/airflow/example_dags/example_branch_labels.py took 0.064 seconds
[2025-08-08T15:48:22.169+0700] {processor.py:157} INFO - Started process (PID=96513) to work on /home/dwmhr/pln/venv/lib/python3.10/site-packages/airflow/example_dags/example_branch_labels.py
[2025-08-08T15:48:22.183+0700] {processor.py:829} INFO - Processing file /home/dwmhr/pln/venv/lib/python3.10/site-packages/airflow/example_dags/example_branch_labels.py for tasks to queue
[2025-08-08T15:48:22.184+0700] {logging_mixin.py:154} INFO - [2025-08-08T15:48:22.183+0700] {dagbag.py:536} INFO - Filling up the DagBag from /home/dwmhr/pln/venv/lib/python3.10/site-packages/airflow/example_dags/example_branch_labels.py
[2025-08-08T15:48:22.191+0700] {processor.py:839} INFO - DAG(s) dict_keys(['example_branch_labels']) retrieved from /home/dwmhr/pln/venv/lib/python3.10/site-packages/airflow/example_dags/example_branch_labels.py
[2025-08-08T15:48:22.206+0700] {logging_mixin.py:154} INFO - [2025-08-08T15:48:22.206+0700] {dag.py:2941} INFO - Sync 1 DAGs
[2025-08-08T15:48:22.221+0700] {logging_mixin.py:154} INFO - [2025-08-08T15:48:22.221+0700] {dag.py:3722} INFO - Setting next_dagrun for example_branch_labels to 2025-08-07T00:00:00+00:00, run_after=2025-08-08T00:00:00+00:00
[2025-08-08T15:48:22.239+0700] {processor.py:179} INFO - Processing /home/dwmhr/pln/venv/lib/python3.10/site-packages/airflow/example_dags/example_branch_labels.py took 0.073 seconds
[2025-08-08T15:49:12.763+0700] {processor.py:157} INFO - Started process (PID=96666) to work on /home/dwmhr/pln/venv/lib/python3.10/site-packages/airflow/example_dags/example_branch_labels.py
[2025-08-08T15:49:12.776+0700] {processor.py:829} INFO - Processing file /home/dwmhr/pln/venv/lib/python3.10/site-packages/airflow/example_dags/example_branch_labels.py for tasks to queue
[2025-08-08T15:49:12.776+0700] {logging_mixin.py:154} INFO - [2025-08-08T15:49:12.776+0700] {dagbag.py:536} INFO - Filling up the DagBag from /home/dwmhr/pln/venv/lib/python3.10/site-packages/airflow/example_dags/example_branch_labels.py
[2025-08-08T15:49:12.783+0700] {processor.py:839} INFO - DAG(s) dict_keys(['example_branch_labels']) retrieved from /home/dwmhr/pln/venv/lib/python3.10/site-packages/airflow/example_dags/example_branch_labels.py
[2025-08-08T15:49:12.795+0700] {logging_mixin.py:154} INFO - [2025-08-08T15:49:12.795+0700] {dag.py:2941} INFO - Sync 1 DAGs
[2025-08-08T15:49:12.807+0700] {logging_mixin.py:154} INFO - [2025-08-08T15:49:12.807+0700] {dag.py:3722} INFO - Setting next_dagrun for example_branch_labels to 2025-08-07T00:00:00+00:00, run_after=2025-08-08T00:00:00+00:00
[2025-08-08T15:49:12.823+0700] {processor.py:179} INFO - Processing /home/dwmhr/pln/venv/lib/python3.10/site-packages/airflow/example_dags/example_branch_labels.py took 0.063 seconds
[2025-08-08T15:49:59.560+0700] {processor.py:157} INFO - Started process (PID=96813) to work on /home/dwmhr/pln/venv/lib/python3.10/site-packages/airflow/example_dags/example_branch_labels.py
[2025-08-08T15:49:59.575+0700] {processor.py:829} INFO - Processing file /home/dwmhr/pln/venv/lib/python3.10/site-packages/airflow/example_dags/example_branch_labels.py for tasks to queue
[2025-08-08T15:49:59.577+0700] {logging_mixin.py:154} INFO - [2025-08-08T15:49:59.576+0700] {dagbag.py:536} INFO - Filling up the DagBag from /home/dwmhr/pln/venv/lib/python3.10/site-packages/airflow/example_dags/example_branch_labels.py
[2025-08-08T15:49:59.598+0700] {processor.py:839} INFO - DAG(s) dict_keys(['example_branch_labels']) retrieved from /home/dwmhr/pln/venv/lib/python3.10/site-packages/airflow/example_dags/example_branch_labels.py
[2025-08-08T15:49:59.638+0700] {logging_mixin.py:154} INFO - [2025-08-08T15:49:59.638+0700] {dag.py:2941} INFO - Sync 1 DAGs
[2025-08-08T15:49:59.663+0700] {logging_mixin.py:154} INFO - [2025-08-08T15:49:59.663+0700] {dag.py:3722} INFO - Setting next_dagrun for example_branch_labels to 2025-08-07T00:00:00+00:00, run_after=2025-08-08T00:00:00+00:00
[2025-08-08T15:49:59.700+0700] {processor.py:179} INFO - Processing /home/dwmhr/pln/venv/lib/python3.10/site-packages/airflow/example_dags/example_branch_labels.py took 0.149 seconds
[2025-08-08T15:51:00.638+0700] {processor.py:157} INFO - Started process (PID=96998) to work on /home/dwmhr/pln/venv/lib/python3.10/site-packages/airflow/example_dags/example_branch_labels.py
[2025-08-08T15:51:00.652+0700] {processor.py:829} INFO - Processing file /home/dwmhr/pln/venv/lib/python3.10/site-packages/airflow/example_dags/example_branch_labels.py for tasks to queue
[2025-08-08T15:51:00.654+0700] {logging_mixin.py:154} INFO - [2025-08-08T15:51:00.653+0700] {dagbag.py:536} INFO - Filling up the DagBag from /home/dwmhr/pln/venv/lib/python3.10/site-packages/airflow/example_dags/example_branch_labels.py
[2025-08-08T15:51:00.664+0700] {processor.py:839} INFO - DAG(s) dict_keys(['example_branch_labels']) retrieved from /home/dwmhr/pln/venv/lib/python3.10/site-packages/airflow/example_dags/example_branch_labels.py
[2025-08-08T15:51:00.685+0700] {logging_mixin.py:154} INFO - [2025-08-08T15:51:00.685+0700] {dag.py:2941} INFO - Sync 1 DAGs
[2025-08-08T15:51:00.706+0700] {logging_mixin.py:154} INFO - [2025-08-08T15:51:00.706+0700] {dag.py:3722} INFO - Setting next_dagrun for example_branch_labels to 2025-08-07T00:00:00+00:00, run_after=2025-08-08T00:00:00+00:00
[2025-08-08T15:51:00.731+0700] {processor.py:179} INFO - Processing /home/dwmhr/pln/venv/lib/python3.10/site-packages/airflow/example_dags/example_branch_labels.py took 0.104 seconds
[2025-08-08T15:52:05.266+0700] {processor.py:157} INFO - Started process (PID=97211) to work on /home/dwmhr/pln/venv/lib/python3.10/site-packages/airflow/example_dags/example_branch_labels.py
[2025-08-08T15:52:05.269+0700] {processor.py:829} INFO - Processing file /home/dwmhr/pln/venv/lib/python3.10/site-packages/airflow/example_dags/example_branch_labels.py for tasks to queue
[2025-08-08T15:52:05.272+0700] {logging_mixin.py:154} INFO - [2025-08-08T15:52:05.270+0700] {dagbag.py:536} INFO - Filling up the DagBag from /home/dwmhr/pln/venv/lib/python3.10/site-packages/airflow/example_dags/example_branch_labels.py
[2025-08-08T15:52:05.291+0700] {processor.py:839} INFO - DAG(s) dict_keys(['example_branch_labels']) retrieved from /home/dwmhr/pln/venv/lib/python3.10/site-packages/airflow/example_dags/example_branch_labels.py
[2025-08-08T15:52:05.335+0700] {logging_mixin.py:154} INFO - [2025-08-08T15:52:05.335+0700] {dag.py:2941} INFO - Sync 1 DAGs
[2025-08-08T15:52:05.384+0700] {logging_mixin.py:154} INFO - [2025-08-08T15:52:05.384+0700] {dag.py:3722} INFO - Setting next_dagrun for example_branch_labels to 2025-08-07T00:00:00+00:00, run_after=2025-08-08T00:00:00+00:00
[2025-08-08T15:52:05.448+0700] {processor.py:179} INFO - Processing /home/dwmhr/pln/venv/lib/python3.10/site-packages/airflow/example_dags/example_branch_labels.py took 0.187 seconds
[2025-08-08T15:53:08.492+0700] {processor.py:157} INFO - Started process (PID=97394) to work on /home/dwmhr/pln/venv/lib/python3.10/site-packages/airflow/example_dags/example_branch_labels.py
[2025-08-08T15:53:08.507+0700] {processor.py:829} INFO - Processing file /home/dwmhr/pln/venv/lib/python3.10/site-packages/airflow/example_dags/example_branch_labels.py for tasks to queue
[2025-08-08T15:53:08.510+0700] {logging_mixin.py:154} INFO - [2025-08-08T15:53:08.509+0700] {dagbag.py:536} INFO - Filling up the DagBag from /home/dwmhr/pln/venv/lib/python3.10/site-packages/airflow/example_dags/example_branch_labels.py
[2025-08-08T15:53:08.535+0700] {processor.py:839} INFO - DAG(s) dict_keys(['example_branch_labels']) retrieved from /home/dwmhr/pln/venv/lib/python3.10/site-packages/airflow/example_dags/example_branch_labels.py
[2025-08-08T15:53:08.574+0700] {logging_mixin.py:154} INFO - [2025-08-08T15:53:08.574+0700] {dag.py:2941} INFO - Sync 1 DAGs
[2025-08-08T15:53:08.601+0700] {logging_mixin.py:154} INFO - [2025-08-08T15:53:08.601+0700] {dag.py:3722} INFO - Setting next_dagrun for example_branch_labels to 2025-08-07T00:00:00+00:00, run_after=2025-08-08T00:00:00+00:00
[2025-08-08T15:53:08.625+0700] {processor.py:179} INFO - Processing /home/dwmhr/pln/venv/lib/python3.10/site-packages/airflow/example_dags/example_branch_labels.py took 0.146 seconds
[2025-08-08T15:54:07.217+0700] {processor.py:157} INFO - Started process (PID=97580) to work on /home/dwmhr/pln/venv/lib/python3.10/site-packages/airflow/example_dags/example_branch_labels.py
[2025-08-08T15:54:07.219+0700] {processor.py:829} INFO - Processing file /home/dwmhr/pln/venv/lib/python3.10/site-packages/airflow/example_dags/example_branch_labels.py for tasks to queue
[2025-08-08T15:54:07.221+0700] {logging_mixin.py:154} INFO - [2025-08-08T15:54:07.220+0700] {dagbag.py:536} INFO - Filling up the DagBag from /home/dwmhr/pln/venv/lib/python3.10/site-packages/airflow/example_dags/example_branch_labels.py
[2025-08-08T15:54:07.235+0700] {processor.py:839} INFO - DAG(s) dict_keys(['example_branch_labels']) retrieved from /home/dwmhr/pln/venv/lib/python3.10/site-packages/airflow/example_dags/example_branch_labels.py
[2025-08-08T15:54:07.254+0700] {logging_mixin.py:154} INFO - [2025-08-08T15:54:07.254+0700] {dag.py:2941} INFO - Sync 1 DAGs
[2025-08-08T15:54:07.272+0700] {logging_mixin.py:154} INFO - [2025-08-08T15:54:07.272+0700] {dag.py:3722} INFO - Setting next_dagrun for example_branch_labels to 2025-08-07T00:00:00+00:00, run_after=2025-08-08T00:00:00+00:00
[2025-08-08T15:54:07.296+0700] {processor.py:179} INFO - Processing /home/dwmhr/pln/venv/lib/python3.10/site-packages/airflow/example_dags/example_branch_labels.py took 0.085 seconds
[2025-08-08T15:55:09.288+0700] {processor.py:157} INFO - Started process (PID=97791) to work on /home/dwmhr/pln/venv/lib/python3.10/site-packages/airflow/example_dags/example_branch_labels.py
[2025-08-08T15:55:09.291+0700] {processor.py:829} INFO - Processing file /home/dwmhr/pln/venv/lib/python3.10/site-packages/airflow/example_dags/example_branch_labels.py for tasks to queue
[2025-08-08T15:55:09.293+0700] {logging_mixin.py:154} INFO - [2025-08-08T15:55:09.292+0700] {dagbag.py:536} INFO - Filling up the DagBag from /home/dwmhr/pln/venv/lib/python3.10/site-packages/airflow/example_dags/example_branch_labels.py
[2025-08-08T15:55:09.305+0700] {processor.py:839} INFO - DAG(s) dict_keys(['example_branch_labels']) retrieved from /home/dwmhr/pln/venv/lib/python3.10/site-packages/airflow/example_dags/example_branch_labels.py
[2025-08-08T15:55:09.330+0700] {logging_mixin.py:154} INFO - [2025-08-08T15:55:09.329+0700] {dag.py:2941} INFO - Sync 1 DAGs
[2025-08-08T15:55:09.352+0700] {logging_mixin.py:154} INFO - [2025-08-08T15:55:09.351+0700] {dag.py:3722} INFO - Setting next_dagrun for example_branch_labels to 2025-08-07T00:00:00+00:00, run_after=2025-08-08T00:00:00+00:00
[2025-08-08T15:55:09.389+0700] {processor.py:179} INFO - Processing /home/dwmhr/pln/venv/lib/python3.10/site-packages/airflow/example_dags/example_branch_labels.py took 0.111 seconds
[2025-08-08T15:56:08.573+0700] {processor.py:157} INFO - Started process (PID=97978) to work on /home/dwmhr/pln/venv/lib/python3.10/site-packages/airflow/example_dags/example_branch_labels.py
[2025-08-08T15:56:08.586+0700] {processor.py:829} INFO - Processing file /home/dwmhr/pln/venv/lib/python3.10/site-packages/airflow/example_dags/example_branch_labels.py for tasks to queue
[2025-08-08T15:56:08.587+0700] {logging_mixin.py:154} INFO - [2025-08-08T15:56:08.587+0700] {dagbag.py:536} INFO - Filling up the DagBag from /home/dwmhr/pln/venv/lib/python3.10/site-packages/airflow/example_dags/example_branch_labels.py
[2025-08-08T15:56:08.594+0700] {processor.py:839} INFO - DAG(s) dict_keys(['example_branch_labels']) retrieved from /home/dwmhr/pln/venv/lib/python3.10/site-packages/airflow/example_dags/example_branch_labels.py
[2025-08-08T15:56:08.607+0700] {logging_mixin.py:154} INFO - [2025-08-08T15:56:08.607+0700] {dag.py:2941} INFO - Sync 1 DAGs
[2025-08-08T15:56:08.620+0700] {logging_mixin.py:154} INFO - [2025-08-08T15:56:08.619+0700] {dag.py:3722} INFO - Setting next_dagrun for example_branch_labels to 2025-08-07T00:00:00+00:00, run_after=2025-08-08T00:00:00+00:00
[2025-08-08T15:56:08.636+0700] {processor.py:179} INFO - Processing /home/dwmhr/pln/venv/lib/python3.10/site-packages/airflow/example_dags/example_branch_labels.py took 0.065 seconds
[2025-08-08T15:56:58.866+0700] {processor.py:157} INFO - Started process (PID=98123) to work on /home/dwmhr/pln/venv/lib/python3.10/site-packages/airflow/example_dags/example_branch_labels.py
[2025-08-08T15:56:58.878+0700] {processor.py:829} INFO - Processing file /home/dwmhr/pln/venv/lib/python3.10/site-packages/airflow/example_dags/example_branch_labels.py for tasks to queue
[2025-08-08T15:56:58.879+0700] {logging_mixin.py:154} INFO - [2025-08-08T15:56:58.879+0700] {dagbag.py:536} INFO - Filling up the DagBag from /home/dwmhr/pln/venv/lib/python3.10/site-packages/airflow/example_dags/example_branch_labels.py
[2025-08-08T15:56:58.885+0700] {processor.py:839} INFO - DAG(s) dict_keys(['example_branch_labels']) retrieved from /home/dwmhr/pln/venv/lib/python3.10/site-packages/airflow/example_dags/example_branch_labels.py
[2025-08-08T15:56:58.899+0700] {logging_mixin.py:154} INFO - [2025-08-08T15:56:58.899+0700] {dag.py:2941} INFO - Sync 1 DAGs
[2025-08-08T15:56:58.911+0700] {logging_mixin.py:154} INFO - [2025-08-08T15:56:58.911+0700] {dag.py:3722} INFO - Setting next_dagrun for example_branch_labels to 2025-08-07T00:00:00+00:00, run_after=2025-08-08T00:00:00+00:00
[2025-08-08T15:56:58.927+0700] {processor.py:179} INFO - Processing /home/dwmhr/pln/venv/lib/python3.10/site-packages/airflow/example_dags/example_branch_labels.py took 0.064 seconds
[2025-08-08T15:57:52.411+0700] {processor.py:157} INFO - Started process (PID=98305) to work on /home/dwmhr/pln/venv/lib/python3.10/site-packages/airflow/example_dags/example_branch_labels.py
[2025-08-08T15:57:52.423+0700] {processor.py:829} INFO - Processing file /home/dwmhr/pln/venv/lib/python3.10/site-packages/airflow/example_dags/example_branch_labels.py for tasks to queue
[2025-08-08T15:57:52.425+0700] {logging_mixin.py:154} INFO - [2025-08-08T15:57:52.424+0700] {dagbag.py:536} INFO - Filling up the DagBag from /home/dwmhr/pln/venv/lib/python3.10/site-packages/airflow/example_dags/example_branch_labels.py
[2025-08-08T15:57:52.432+0700] {processor.py:839} INFO - DAG(s) dict_keys(['example_branch_labels']) retrieved from /home/dwmhr/pln/venv/lib/python3.10/site-packages/airflow/example_dags/example_branch_labels.py
[2025-08-08T15:57:52.445+0700] {logging_mixin.py:154} INFO - [2025-08-08T15:57:52.445+0700] {dag.py:2941} INFO - Sync 1 DAGs
[2025-08-08T15:57:52.456+0700] {logging_mixin.py:154} INFO - [2025-08-08T15:57:52.456+0700] {dag.py:3722} INFO - Setting next_dagrun for example_branch_labels to 2025-08-07T00:00:00+00:00, run_after=2025-08-08T00:00:00+00:00
[2025-08-08T15:57:52.474+0700] {processor.py:179} INFO - Processing /home/dwmhr/pln/venv/lib/python3.10/site-packages/airflow/example_dags/example_branch_labels.py took 0.066 seconds
[2025-08-08T15:58:39.525+0700] {processor.py:157} INFO - Started process (PID=98458) to work on /home/dwmhr/pln/venv/lib/python3.10/site-packages/airflow/example_dags/example_branch_labels.py
[2025-08-08T15:58:39.538+0700] {processor.py:829} INFO - Processing file /home/dwmhr/pln/venv/lib/python3.10/site-packages/airflow/example_dags/example_branch_labels.py for tasks to queue
[2025-08-08T15:58:39.539+0700] {logging_mixin.py:154} INFO - [2025-08-08T15:58:39.538+0700] {dagbag.py:536} INFO - Filling up the DagBag from /home/dwmhr/pln/venv/lib/python3.10/site-packages/airflow/example_dags/example_branch_labels.py
[2025-08-08T15:58:39.545+0700] {processor.py:839} INFO - DAG(s) dict_keys(['example_branch_labels']) retrieved from /home/dwmhr/pln/venv/lib/python3.10/site-packages/airflow/example_dags/example_branch_labels.py
[2025-08-08T15:58:39.558+0700] {logging_mixin.py:154} INFO - [2025-08-08T15:58:39.558+0700] {dag.py:2941} INFO - Sync 1 DAGs
[2025-08-08T15:58:39.570+0700] {logging_mixin.py:154} INFO - [2025-08-08T15:58:39.570+0700] {dag.py:3722} INFO - Setting next_dagrun for example_branch_labels to 2025-08-07T00:00:00+00:00, run_after=2025-08-08T00:00:00+00:00
[2025-08-08T15:58:39.587+0700] {processor.py:179} INFO - Processing /home/dwmhr/pln/venv/lib/python3.10/site-packages/airflow/example_dags/example_branch_labels.py took 0.064 seconds
[2025-08-08T15:59:24.447+0700] {processor.py:157} INFO - Started process (PID=98601) to work on /home/dwmhr/pln/venv/lib/python3.10/site-packages/airflow/example_dags/example_branch_labels.py
[2025-08-08T15:59:24.448+0700] {processor.py:829} INFO - Processing file /home/dwmhr/pln/venv/lib/python3.10/site-packages/airflow/example_dags/example_branch_labels.py for tasks to queue
[2025-08-08T15:59:24.449+0700] {logging_mixin.py:154} INFO - [2025-08-08T15:59:24.448+0700] {dagbag.py:536} INFO - Filling up the DagBag from /home/dwmhr/pln/venv/lib/python3.10/site-packages/airflow/example_dags/example_branch_labels.py
[2025-08-08T15:59:24.455+0700] {processor.py:839} INFO - DAG(s) dict_keys(['example_branch_labels']) retrieved from /home/dwmhr/pln/venv/lib/python3.10/site-packages/airflow/example_dags/example_branch_labels.py
[2025-08-08T15:59:24.471+0700] {logging_mixin.py:154} INFO - [2025-08-08T15:59:24.471+0700] {dag.py:2941} INFO - Sync 1 DAGs
[2025-08-08T15:59:24.486+0700] {logging_mixin.py:154} INFO - [2025-08-08T15:59:24.486+0700] {dag.py:3722} INFO - Setting next_dagrun for example_branch_labels to 2025-08-07T00:00:00+00:00, run_after=2025-08-08T00:00:00+00:00
[2025-08-08T15:59:24.505+0700] {processor.py:179} INFO - Processing /home/dwmhr/pln/venv/lib/python3.10/site-packages/airflow/example_dags/example_branch_labels.py took 0.061 seconds
[2025-08-08T16:00:09.457+0700] {processor.py:157} INFO - Started process (PID=98728) to work on /home/dwmhr/pln/venv/lib/python3.10/site-packages/airflow/example_dags/example_branch_labels.py
[2025-08-08T16:00:09.470+0700] {processor.py:829} INFO - Processing file /home/dwmhr/pln/venv/lib/python3.10/site-packages/airflow/example_dags/example_branch_labels.py for tasks to queue
[2025-08-08T16:00:09.471+0700] {logging_mixin.py:154} INFO - [2025-08-08T16:00:09.471+0700] {dagbag.py:536} INFO - Filling up the DagBag from /home/dwmhr/pln/venv/lib/python3.10/site-packages/airflow/example_dags/example_branch_labels.py
[2025-08-08T16:00:09.478+0700] {processor.py:839} INFO - DAG(s) dict_keys(['example_branch_labels']) retrieved from /home/dwmhr/pln/venv/lib/python3.10/site-packages/airflow/example_dags/example_branch_labels.py
[2025-08-08T16:00:09.494+0700] {logging_mixin.py:154} INFO - [2025-08-08T16:00:09.494+0700] {dag.py:2941} INFO - Sync 1 DAGs
[2025-08-08T16:00:09.506+0700] {logging_mixin.py:154} INFO - [2025-08-08T16:00:09.506+0700] {dag.py:3722} INFO - Setting next_dagrun for example_branch_labels to 2025-08-07T00:00:00+00:00, run_after=2025-08-08T00:00:00+00:00
[2025-08-08T16:00:09.524+0700] {processor.py:179} INFO - Processing /home/dwmhr/pln/venv/lib/python3.10/site-packages/airflow/example_dags/example_branch_labels.py took 0.069 seconds
[2025-08-08T16:01:17.936+0700] {processor.py:157} INFO - Started process (PID=98929) to work on /home/dwmhr/pln/venv/lib/python3.10/site-packages/airflow/example_dags/example_branch_labels.py
[2025-08-08T16:01:17.937+0700] {processor.py:829} INFO - Processing file /home/dwmhr/pln/venv/lib/python3.10/site-packages/airflow/example_dags/example_branch_labels.py for tasks to queue
[2025-08-08T16:01:17.938+0700] {logging_mixin.py:154} INFO - [2025-08-08T16:01:17.938+0700] {dagbag.py:536} INFO - Filling up the DagBag from /home/dwmhr/pln/venv/lib/python3.10/site-packages/airflow/example_dags/example_branch_labels.py
[2025-08-08T16:01:17.945+0700] {processor.py:839} INFO - DAG(s) dict_keys(['example_branch_labels']) retrieved from /home/dwmhr/pln/venv/lib/python3.10/site-packages/airflow/example_dags/example_branch_labels.py
[2025-08-08T16:01:17.959+0700] {logging_mixin.py:154} INFO - [2025-08-08T16:01:17.958+0700] {dag.py:2941} INFO - Sync 1 DAGs
[2025-08-08T16:01:17.972+0700] {logging_mixin.py:154} INFO - [2025-08-08T16:01:17.972+0700] {dag.py:3722} INFO - Setting next_dagrun for example_branch_labels to 2025-08-07T00:00:00+00:00, run_after=2025-08-08T00:00:00+00:00
[2025-08-08T16:01:18.037+0700] {processor.py:179} INFO - Processing /home/dwmhr/pln/venv/lib/python3.10/site-packages/airflow/example_dags/example_branch_labels.py took 0.104 seconds
[2025-08-08T16:02:06.543+0700] {processor.py:157} INFO - Started process (PID=99098) to work on /home/dwmhr/pln/venv/lib/python3.10/site-packages/airflow/example_dags/example_branch_labels.py
[2025-08-08T16:02:06.544+0700] {processor.py:829} INFO - Processing file /home/dwmhr/pln/venv/lib/python3.10/site-packages/airflow/example_dags/example_branch_labels.py for tasks to queue
[2025-08-08T16:02:06.545+0700] {logging_mixin.py:154} INFO - [2025-08-08T16:02:06.545+0700] {dagbag.py:536} INFO - Filling up the DagBag from /home/dwmhr/pln/venv/lib/python3.10/site-packages/airflow/example_dags/example_branch_labels.py
[2025-08-08T16:02:06.553+0700] {processor.py:839} INFO - DAG(s) dict_keys(['example_branch_labels']) retrieved from /home/dwmhr/pln/venv/lib/python3.10/site-packages/airflow/example_dags/example_branch_labels.py
[2025-08-08T16:02:06.568+0700] {logging_mixin.py:154} INFO - [2025-08-08T16:02:06.568+0700] {dag.py:2941} INFO - Sync 1 DAGs
[2025-08-08T16:02:06.582+0700] {logging_mixin.py:154} INFO - [2025-08-08T16:02:06.581+0700] {dag.py:3722} INFO - Setting next_dagrun for example_branch_labels to 2025-08-07T00:00:00+00:00, run_after=2025-08-08T00:00:00+00:00
[2025-08-08T16:02:06.600+0700] {processor.py:179} INFO - Processing /home/dwmhr/pln/venv/lib/python3.10/site-packages/airflow/example_dags/example_branch_labels.py took 0.060 seconds
[2025-08-08T16:02:51.967+0700] {processor.py:157} INFO - Started process (PID=99238) to work on /home/dwmhr/pln/venv/lib/python3.10/site-packages/airflow/example_dags/example_branch_labels.py
[2025-08-08T16:02:51.969+0700] {processor.py:829} INFO - Processing file /home/dwmhr/pln/venv/lib/python3.10/site-packages/airflow/example_dags/example_branch_labels.py for tasks to queue
[2025-08-08T16:02:51.969+0700] {logging_mixin.py:154} INFO - [2025-08-08T16:02:51.969+0700] {dagbag.py:536} INFO - Filling up the DagBag from /home/dwmhr/pln/venv/lib/python3.10/site-packages/airflow/example_dags/example_branch_labels.py
[2025-08-08T16:02:51.977+0700] {processor.py:839} INFO - DAG(s) dict_keys(['example_branch_labels']) retrieved from /home/dwmhr/pln/venv/lib/python3.10/site-packages/airflow/example_dags/example_branch_labels.py
[2025-08-08T16:02:51.991+0700] {logging_mixin.py:154} INFO - [2025-08-08T16:02:51.991+0700] {dag.py:2941} INFO - Sync 1 DAGs
[2025-08-08T16:02:52.004+0700] {logging_mixin.py:154} INFO - [2025-08-08T16:02:52.003+0700] {dag.py:3722} INFO - Setting next_dagrun for example_branch_labels to 2025-08-07T00:00:00+00:00, run_after=2025-08-08T00:00:00+00:00
[2025-08-08T16:02:52.021+0700] {processor.py:179} INFO - Processing /home/dwmhr/pln/venv/lib/python3.10/site-packages/airflow/example_dags/example_branch_labels.py took 0.056 seconds
[2025-08-08T16:03:44.928+0700] {processor.py:157} INFO - Started process (PID=99384) to work on /home/dwmhr/pln/venv/lib/python3.10/site-packages/airflow/example_dags/example_branch_labels.py
[2025-08-08T16:03:44.930+0700] {processor.py:829} INFO - Processing file /home/dwmhr/pln/venv/lib/python3.10/site-packages/airflow/example_dags/example_branch_labels.py for tasks to queue
[2025-08-08T16:03:44.931+0700] {logging_mixin.py:154} INFO - [2025-08-08T16:03:44.930+0700] {dagbag.py:536} INFO - Filling up the DagBag from /home/dwmhr/pln/venv/lib/python3.10/site-packages/airflow/example_dags/example_branch_labels.py
[2025-08-08T16:03:44.937+0700] {processor.py:839} INFO - DAG(s) dict_keys(['example_branch_labels']) retrieved from /home/dwmhr/pln/venv/lib/python3.10/site-packages/airflow/example_dags/example_branch_labels.py
[2025-08-08T16:03:44.951+0700] {logging_mixin.py:154} INFO - [2025-08-08T16:03:44.951+0700] {dag.py:2941} INFO - Sync 1 DAGs
[2025-08-08T16:03:44.963+0700] {logging_mixin.py:154} INFO - [2025-08-08T16:03:44.963+0700] {dag.py:3722} INFO - Setting next_dagrun for example_branch_labels to 2025-08-07T00:00:00+00:00, run_after=2025-08-08T00:00:00+00:00
[2025-08-08T16:03:44.980+0700] {processor.py:179} INFO - Processing /home/dwmhr/pln/venv/lib/python3.10/site-packages/airflow/example_dags/example_branch_labels.py took 0.055 seconds
[2025-08-08T16:04:27.060+0700] {processor.py:157} INFO - Started process (PID=99527) to work on /home/dwmhr/pln/venv/lib/python3.10/site-packages/airflow/example_dags/example_branch_labels.py
[2025-08-08T16:04:27.073+0700] {processor.py:829} INFO - Processing file /home/dwmhr/pln/venv/lib/python3.10/site-packages/airflow/example_dags/example_branch_labels.py for tasks to queue
[2025-08-08T16:04:27.074+0700] {logging_mixin.py:154} INFO - [2025-08-08T16:04:27.073+0700] {dagbag.py:536} INFO - Filling up the DagBag from /home/dwmhr/pln/venv/lib/python3.10/site-packages/airflow/example_dags/example_branch_labels.py
[2025-08-08T16:04:27.080+0700] {processor.py:839} INFO - DAG(s) dict_keys(['example_branch_labels']) retrieved from /home/dwmhr/pln/venv/lib/python3.10/site-packages/airflow/example_dags/example_branch_labels.py
[2025-08-08T16:04:27.094+0700] {logging_mixin.py:154} INFO - [2025-08-08T16:04:27.094+0700] {dag.py:2941} INFO - Sync 1 DAGs
[2025-08-08T16:04:27.107+0700] {logging_mixin.py:154} INFO - [2025-08-08T16:04:27.107+0700] {dag.py:3722} INFO - Setting next_dagrun for example_branch_labels to 2025-08-07T00:00:00+00:00, run_after=2025-08-08T00:00:00+00:00
[2025-08-08T16:04:27.123+0700] {processor.py:179} INFO - Processing /home/dwmhr/pln/venv/lib/python3.10/site-packages/airflow/example_dags/example_branch_labels.py took 0.066 seconds
[2025-08-08T16:05:19.167+0700] {processor.py:157} INFO - Started process (PID=99708) to work on /home/dwmhr/pln/venv/lib/python3.10/site-packages/airflow/example_dags/example_branch_labels.py
[2025-08-08T16:05:19.180+0700] {processor.py:829} INFO - Processing file /home/dwmhr/pln/venv/lib/python3.10/site-packages/airflow/example_dags/example_branch_labels.py for tasks to queue
[2025-08-08T16:05:19.181+0700] {logging_mixin.py:154} INFO - [2025-08-08T16:05:19.180+0700] {dagbag.py:536} INFO - Filling up the DagBag from /home/dwmhr/pln/venv/lib/python3.10/site-packages/airflow/example_dags/example_branch_labels.py
[2025-08-08T16:05:19.187+0700] {processor.py:839} INFO - DAG(s) dict_keys(['example_branch_labels']) retrieved from /home/dwmhr/pln/venv/lib/python3.10/site-packages/airflow/example_dags/example_branch_labels.py
[2025-08-08T16:05:19.200+0700] {logging_mixin.py:154} INFO - [2025-08-08T16:05:19.200+0700] {dag.py:2941} INFO - Sync 1 DAGs
[2025-08-08T16:05:19.213+0700] {logging_mixin.py:154} INFO - [2025-08-08T16:05:19.212+0700] {dag.py:3722} INFO - Setting next_dagrun for example_branch_labels to 2025-08-07T00:00:00+00:00, run_after=2025-08-08T00:00:00+00:00
[2025-08-08T16:05:19.231+0700] {processor.py:179} INFO - Processing /home/dwmhr/pln/venv/lib/python3.10/site-packages/airflow/example_dags/example_branch_labels.py took 0.066 seconds
[2025-08-08T16:06:02.974+0700] {processor.py:157} INFO - Started process (PID=99853) to work on /home/dwmhr/pln/venv/lib/python3.10/site-packages/airflow/example_dags/example_branch_labels.py
[2025-08-08T16:06:02.975+0700] {processor.py:829} INFO - Processing file /home/dwmhr/pln/venv/lib/python3.10/site-packages/airflow/example_dags/example_branch_labels.py for tasks to queue
[2025-08-08T16:06:02.977+0700] {logging_mixin.py:154} INFO - [2025-08-08T16:06:02.976+0700] {dagbag.py:536} INFO - Filling up the DagBag from /home/dwmhr/pln/venv/lib/python3.10/site-packages/airflow/example_dags/example_branch_labels.py
[2025-08-08T16:06:02.983+0700] {processor.py:839} INFO - DAG(s) dict_keys(['example_branch_labels']) retrieved from /home/dwmhr/pln/venv/lib/python3.10/site-packages/airflow/example_dags/example_branch_labels.py
[2025-08-08T16:06:02.996+0700] {logging_mixin.py:154} INFO - [2025-08-08T16:06:02.996+0700] {dag.py:2941} INFO - Sync 1 DAGs
[2025-08-08T16:06:03.008+0700] {logging_mixin.py:154} INFO - [2025-08-08T16:06:03.008+0700] {dag.py:3722} INFO - Setting next_dagrun for example_branch_labels to 2025-08-07T00:00:00+00:00, run_after=2025-08-08T00:00:00+00:00
[2025-08-08T16:06:03.026+0700] {processor.py:179} INFO - Processing /home/dwmhr/pln/venv/lib/python3.10/site-packages/airflow/example_dags/example_branch_labels.py took 0.056 seconds
[2025-08-08T16:06:48.429+0700] {processor.py:157} INFO - Started process (PID=99997) to work on /home/dwmhr/pln/venv/lib/python3.10/site-packages/airflow/example_dags/example_branch_labels.py
[2025-08-08T16:06:48.431+0700] {processor.py:829} INFO - Processing file /home/dwmhr/pln/venv/lib/python3.10/site-packages/airflow/example_dags/example_branch_labels.py for tasks to queue
[2025-08-08T16:06:48.432+0700] {logging_mixin.py:154} INFO - [2025-08-08T16:06:48.431+0700] {dagbag.py:536} INFO - Filling up the DagBag from /home/dwmhr/pln/venv/lib/python3.10/site-packages/airflow/example_dags/example_branch_labels.py
[2025-08-08T16:06:48.438+0700] {processor.py:839} INFO - DAG(s) dict_keys(['example_branch_labels']) retrieved from /home/dwmhr/pln/venv/lib/python3.10/site-packages/airflow/example_dags/example_branch_labels.py
[2025-08-08T16:06:48.450+0700] {logging_mixin.py:154} INFO - [2025-08-08T16:06:48.450+0700] {dag.py:2941} INFO - Sync 1 DAGs
[2025-08-08T16:06:48.463+0700] {logging_mixin.py:154} INFO - [2025-08-08T16:06:48.463+0700] {dag.py:3722} INFO - Setting next_dagrun for example_branch_labels to 2025-08-07T00:00:00+00:00, run_after=2025-08-08T00:00:00+00:00
[2025-08-08T16:06:48.480+0700] {processor.py:179} INFO - Processing /home/dwmhr/pln/venv/lib/python3.10/site-packages/airflow/example_dags/example_branch_labels.py took 0.054 seconds
[2025-08-08T16:07:35.929+0700] {processor.py:157} INFO - Started process (PID=100136) to work on /home/dwmhr/pln/venv/lib/python3.10/site-packages/airflow/example_dags/example_branch_labels.py
[2025-08-08T16:07:35.931+0700] {processor.py:829} INFO - Processing file /home/dwmhr/pln/venv/lib/python3.10/site-packages/airflow/example_dags/example_branch_labels.py for tasks to queue
[2025-08-08T16:07:35.931+0700] {logging_mixin.py:154} INFO - [2025-08-08T16:07:35.931+0700] {dagbag.py:536} INFO - Filling up the DagBag from /home/dwmhr/pln/venv/lib/python3.10/site-packages/airflow/example_dags/example_branch_labels.py
[2025-08-08T16:07:35.938+0700] {processor.py:839} INFO - DAG(s) dict_keys(['example_branch_labels']) retrieved from /home/dwmhr/pln/venv/lib/python3.10/site-packages/airflow/example_dags/example_branch_labels.py
[2025-08-08T16:07:35.951+0700] {logging_mixin.py:154} INFO - [2025-08-08T16:07:35.950+0700] {dag.py:2941} INFO - Sync 1 DAGs
[2025-08-08T16:07:35.963+0700] {logging_mixin.py:154} INFO - [2025-08-08T16:07:35.963+0700] {dag.py:3722} INFO - Setting next_dagrun for example_branch_labels to 2025-08-07T00:00:00+00:00, run_after=2025-08-08T00:00:00+00:00
[2025-08-08T16:07:36.078+0700] {processor.py:179} INFO - Processing /home/dwmhr/pln/venv/lib/python3.10/site-packages/airflow/example_dags/example_branch_labels.py took 0.151 seconds
[2025-08-08T16:08:20.600+0700] {processor.py:157} INFO - Started process (PID=100298) to work on /home/dwmhr/pln/venv/lib/python3.10/site-packages/airflow/example_dags/example_branch_labels.py
[2025-08-08T16:08:20.602+0700] {processor.py:829} INFO - Processing file /home/dwmhr/pln/venv/lib/python3.10/site-packages/airflow/example_dags/example_branch_labels.py for tasks to queue
[2025-08-08T16:08:20.602+0700] {logging_mixin.py:154} INFO - [2025-08-08T16:08:20.602+0700] {dagbag.py:536} INFO - Filling up the DagBag from /home/dwmhr/pln/venv/lib/python3.10/site-packages/airflow/example_dags/example_branch_labels.py
[2025-08-08T16:08:20.610+0700] {processor.py:839} INFO - DAG(s) dict_keys(['example_branch_labels']) retrieved from /home/dwmhr/pln/venv/lib/python3.10/site-packages/airflow/example_dags/example_branch_labels.py
[2025-08-08T16:08:20.623+0700] {logging_mixin.py:154} INFO - [2025-08-08T16:08:20.623+0700] {dag.py:2941} INFO - Sync 1 DAGs
[2025-08-08T16:08:20.635+0700] {logging_mixin.py:154} INFO - [2025-08-08T16:08:20.635+0700] {dag.py:3722} INFO - Setting next_dagrun for example_branch_labels to 2025-08-07T00:00:00+00:00, run_after=2025-08-08T00:00:00+00:00
[2025-08-08T16:08:20.655+0700] {processor.py:179} INFO - Processing /home/dwmhr/pln/venv/lib/python3.10/site-packages/airflow/example_dags/example_branch_labels.py took 0.057 seconds
[2025-08-08T16:09:16.971+0700] {processor.py:157} INFO - Started process (PID=100470) to work on /home/dwmhr/pln/venv/lib/python3.10/site-packages/airflow/example_dags/example_branch_labels.py
[2025-08-08T16:09:16.984+0700] {processor.py:829} INFO - Processing file /home/dwmhr/pln/venv/lib/python3.10/site-packages/airflow/example_dags/example_branch_labels.py for tasks to queue
[2025-08-08T16:09:16.984+0700] {logging_mixin.py:154} INFO - [2025-08-08T16:09:16.984+0700] {dagbag.py:536} INFO - Filling up the DagBag from /home/dwmhr/pln/venv/lib/python3.10/site-packages/airflow/example_dags/example_branch_labels.py
[2025-08-08T16:09:16.991+0700] {processor.py:839} INFO - DAG(s) dict_keys(['example_branch_labels']) retrieved from /home/dwmhr/pln/venv/lib/python3.10/site-packages/airflow/example_dags/example_branch_labels.py
[2025-08-08T16:09:17.004+0700] {logging_mixin.py:154} INFO - [2025-08-08T16:09:17.004+0700] {dag.py:2941} INFO - Sync 1 DAGs
[2025-08-08T16:09:17.016+0700] {logging_mixin.py:154} INFO - [2025-08-08T16:09:17.016+0700] {dag.py:3722} INFO - Setting next_dagrun for example_branch_labels to 2025-08-07T00:00:00+00:00, run_after=2025-08-08T00:00:00+00:00
[2025-08-08T16:09:17.033+0700] {processor.py:179} INFO - Processing /home/dwmhr/pln/venv/lib/python3.10/site-packages/airflow/example_dags/example_branch_labels.py took 0.065 seconds
[2025-08-08T16:10:03.481+0700] {processor.py:157} INFO - Started process (PID=100635) to work on /home/dwmhr/pln/venv/lib/python3.10/site-packages/airflow/example_dags/example_branch_labels.py
[2025-08-08T16:10:03.494+0700] {processor.py:829} INFO - Processing file /home/dwmhr/pln/venv/lib/python3.10/site-packages/airflow/example_dags/example_branch_labels.py for tasks to queue
[2025-08-08T16:10:03.495+0700] {logging_mixin.py:154} INFO - [2025-08-08T16:10:03.494+0700] {dagbag.py:536} INFO - Filling up the DagBag from /home/dwmhr/pln/venv/lib/python3.10/site-packages/airflow/example_dags/example_branch_labels.py
[2025-08-08T16:10:03.501+0700] {processor.py:839} INFO - DAG(s) dict_keys(['example_branch_labels']) retrieved from /home/dwmhr/pln/venv/lib/python3.10/site-packages/airflow/example_dags/example_branch_labels.py
[2025-08-08T16:10:03.518+0700] {logging_mixin.py:154} INFO - [2025-08-08T16:10:03.518+0700] {dag.py:2941} INFO - Sync 1 DAGs
[2025-08-08T16:10:03.530+0700] {logging_mixin.py:154} INFO - [2025-08-08T16:10:03.530+0700] {dag.py:3722} INFO - Setting next_dagrun for example_branch_labels to 2025-08-07T00:00:00+00:00, run_after=2025-08-08T00:00:00+00:00
[2025-08-08T16:10:03.547+0700] {processor.py:179} INFO - Processing /home/dwmhr/pln/venv/lib/python3.10/site-packages/airflow/example_dags/example_branch_labels.py took 0.068 seconds
[2025-08-08T16:10:54.823+0700] {processor.py:157} INFO - Started process (PID=100782) to work on /home/dwmhr/pln/venv/lib/python3.10/site-packages/airflow/example_dags/example_branch_labels.py
[2025-08-08T16:10:54.825+0700] {processor.py:829} INFO - Processing file /home/dwmhr/pln/venv/lib/python3.10/site-packages/airflow/example_dags/example_branch_labels.py for tasks to queue
[2025-08-08T16:10:54.827+0700] {logging_mixin.py:154} INFO - [2025-08-08T16:10:54.826+0700] {dagbag.py:536} INFO - Filling up the DagBag from /home/dwmhr/pln/venv/lib/python3.10/site-packages/airflow/example_dags/example_branch_labels.py
[2025-08-08T16:10:54.834+0700] {processor.py:839} INFO - DAG(s) dict_keys(['example_branch_labels']) retrieved from /home/dwmhr/pln/venv/lib/python3.10/site-packages/airflow/example_dags/example_branch_labels.py
[2025-08-08T16:10:54.848+0700] {logging_mixin.py:154} INFO - [2025-08-08T16:10:54.848+0700] {dag.py:2941} INFO - Sync 1 DAGs
[2025-08-08T16:10:54.861+0700] {logging_mixin.py:154} INFO - [2025-08-08T16:10:54.861+0700] {dag.py:3722} INFO - Setting next_dagrun for example_branch_labels to 2025-08-07T00:00:00+00:00, run_after=2025-08-08T00:00:00+00:00
[2025-08-08T16:10:54.878+0700] {processor.py:179} INFO - Processing /home/dwmhr/pln/venv/lib/python3.10/site-packages/airflow/example_dags/example_branch_labels.py took 0.059 seconds
[2025-08-08T16:11:46.360+0700] {processor.py:157} INFO - Started process (PID=100958) to work on /home/dwmhr/pln/venv/lib/python3.10/site-packages/airflow/example_dags/example_branch_labels.py
[2025-08-08T16:11:46.373+0700] {processor.py:829} INFO - Processing file /home/dwmhr/pln/venv/lib/python3.10/site-packages/airflow/example_dags/example_branch_labels.py for tasks to queue
[2025-08-08T16:11:46.374+0700] {logging_mixin.py:154} INFO - [2025-08-08T16:11:46.373+0700] {dagbag.py:536} INFO - Filling up the DagBag from /home/dwmhr/pln/venv/lib/python3.10/site-packages/airflow/example_dags/example_branch_labels.py
[2025-08-08T16:11:46.380+0700] {processor.py:839} INFO - DAG(s) dict_keys(['example_branch_labels']) retrieved from /home/dwmhr/pln/venv/lib/python3.10/site-packages/airflow/example_dags/example_branch_labels.py
[2025-08-08T16:11:46.393+0700] {logging_mixin.py:154} INFO - [2025-08-08T16:11:46.392+0700] {dag.py:2941} INFO - Sync 1 DAGs
[2025-08-08T16:11:46.499+0700] {logging_mixin.py:154} INFO - [2025-08-08T16:11:46.499+0700] {dag.py:3722} INFO - Setting next_dagrun for example_branch_labels to 2025-08-07T00:00:00+00:00, run_after=2025-08-08T00:00:00+00:00
[2025-08-08T16:11:45.155+0700] {processor.py:179} INFO - Processing /home/dwmhr/pln/venv/lib/python3.10/site-packages/airflow/example_dags/example_branch_labels.py took 0.171 seconds
[2025-08-08T16:12:34.134+0700] {processor.py:157} INFO - Started process (PID=101110) to work on /home/dwmhr/pln/venv/lib/python3.10/site-packages/airflow/example_dags/example_branch_labels.py
[2025-08-08T16:12:34.147+0700] {processor.py:829} INFO - Processing file /home/dwmhr/pln/venv/lib/python3.10/site-packages/airflow/example_dags/example_branch_labels.py for tasks to queue
[2025-08-08T16:12:34.148+0700] {logging_mixin.py:154} INFO - [2025-08-08T16:12:34.148+0700] {dagbag.py:536} INFO - Filling up the DagBag from /home/dwmhr/pln/venv/lib/python3.10/site-packages/airflow/example_dags/example_branch_labels.py
[2025-08-08T16:12:34.155+0700] {processor.py:839} INFO - DAG(s) dict_keys(['example_branch_labels']) retrieved from /home/dwmhr/pln/venv/lib/python3.10/site-packages/airflow/example_dags/example_branch_labels.py
[2025-08-08T16:12:34.169+0700] {logging_mixin.py:154} INFO - [2025-08-08T16:12:34.168+0700] {dag.py:2941} INFO - Sync 1 DAGs
[2025-08-08T16:12:34.181+0700] {logging_mixin.py:154} INFO - [2025-08-08T16:12:34.181+0700] {dag.py:3722} INFO - Setting next_dagrun for example_branch_labels to 2025-08-07T00:00:00+00:00, run_after=2025-08-08T00:00:00+00:00
[2025-08-08T16:12:34.198+0700] {processor.py:179} INFO - Processing /home/dwmhr/pln/venv/lib/python3.10/site-packages/airflow/example_dags/example_branch_labels.py took 0.066 seconds
[2025-08-08T16:13:18.669+0700] {processor.py:157} INFO - Started process (PID=101245) to work on /home/dwmhr/pln/venv/lib/python3.10/site-packages/airflow/example_dags/example_branch_labels.py
[2025-08-08T16:13:18.682+0700] {processor.py:829} INFO - Processing file /home/dwmhr/pln/venv/lib/python3.10/site-packages/airflow/example_dags/example_branch_labels.py for tasks to queue
[2025-08-08T16:13:18.683+0700] {logging_mixin.py:154} INFO - [2025-08-08T16:13:18.682+0700] {dagbag.py:536} INFO - Filling up the DagBag from /home/dwmhr/pln/venv/lib/python3.10/site-packages/airflow/example_dags/example_branch_labels.py
[2025-08-08T16:13:18.690+0700] {processor.py:839} INFO - DAG(s) dict_keys(['example_branch_labels']) retrieved from /home/dwmhr/pln/venv/lib/python3.10/site-packages/airflow/example_dags/example_branch_labels.py
[2025-08-08T16:13:18.702+0700] {logging_mixin.py:154} INFO - [2025-08-08T16:13:18.702+0700] {dag.py:2941} INFO - Sync 1 DAGs
[2025-08-08T16:13:18.812+0700] {logging_mixin.py:154} INFO - [2025-08-08T16:13:18.812+0700] {dag.py:3722} INFO - Setting next_dagrun for example_branch_labels to 2025-08-07T00:00:00+00:00, run_after=2025-08-08T00:00:00+00:00
[2025-08-08T16:13:18.840+0700] {processor.py:179} INFO - Processing /home/dwmhr/pln/venv/lib/python3.10/site-packages/airflow/example_dags/example_branch_labels.py took 0.173 seconds
[2025-08-08T16:14:10.618+0700] {processor.py:157} INFO - Started process (PID=101413) to work on /home/dwmhr/pln/venv/lib/python3.10/site-packages/airflow/example_dags/example_branch_labels.py
[2025-08-08T16:14:10.620+0700] {processor.py:829} INFO - Processing file /home/dwmhr/pln/venv/lib/python3.10/site-packages/airflow/example_dags/example_branch_labels.py for tasks to queue
[2025-08-08T16:14:10.621+0700] {logging_mixin.py:154} INFO - [2025-08-08T16:14:10.620+0700] {dagbag.py:536} INFO - Filling up the DagBag from /home/dwmhr/pln/venv/lib/python3.10/site-packages/airflow/example_dags/example_branch_labels.py
[2025-08-08T16:14:10.633+0700] {processor.py:839} INFO - DAG(s) dict_keys(['example_branch_labels']) retrieved from /home/dwmhr/pln/venv/lib/python3.10/site-packages/airflow/example_dags/example_branch_labels.py
[2025-08-08T16:14:10.657+0700] {logging_mixin.py:154} INFO - [2025-08-08T16:14:10.657+0700] {dag.py:2941} INFO - Sync 1 DAGs
[2025-08-08T16:14:10.682+0700] {logging_mixin.py:154} INFO - [2025-08-08T16:14:10.682+0700] {dag.py:3722} INFO - Setting next_dagrun for example_branch_labels to 2025-08-07T00:00:00+00:00, run_after=2025-08-08T00:00:00+00:00
[2025-08-08T16:14:10.714+0700] {processor.py:179} INFO - Processing /home/dwmhr/pln/venv/lib/python3.10/site-packages/airflow/example_dags/example_branch_labels.py took 0.099 seconds
[2025-08-08T16:15:00.311+0700] {processor.py:157} INFO - Started process (PID=101569) to work on /home/dwmhr/pln/venv/lib/python3.10/site-packages/airflow/example_dags/example_branch_labels.py
[2025-08-08T16:15:00.328+0700] {processor.py:829} INFO - Processing file /home/dwmhr/pln/venv/lib/python3.10/site-packages/airflow/example_dags/example_branch_labels.py for tasks to queue
[2025-08-08T16:15:00.332+0700] {logging_mixin.py:154} INFO - [2025-08-08T16:15:00.331+0700] {dagbag.py:536} INFO - Filling up the DagBag from /home/dwmhr/pln/venv/lib/python3.10/site-packages/airflow/example_dags/example_branch_labels.py
[2025-08-08T16:15:00.342+0700] {processor.py:839} INFO - DAG(s) dict_keys(['example_branch_labels']) retrieved from /home/dwmhr/pln/venv/lib/python3.10/site-packages/airflow/example_dags/example_branch_labels.py
[2025-08-08T16:15:00.369+0700] {logging_mixin.py:154} INFO - [2025-08-08T16:15:00.367+0700] {dag.py:2941} INFO - Sync 1 DAGs
[2025-08-08T16:15:00.383+0700] {logging_mixin.py:154} INFO - [2025-08-08T16:15:00.383+0700] {dag.py:3722} INFO - Setting next_dagrun for example_branch_labels to 2025-08-07T00:00:00+00:00, run_after=2025-08-08T00:00:00+00:00
[2025-08-08T16:15:00.412+0700] {processor.py:179} INFO - Processing /home/dwmhr/pln/venv/lib/python3.10/site-packages/airflow/example_dags/example_branch_labels.py took 0.108 seconds
[2025-08-08T16:15:48.109+0700] {processor.py:157} INFO - Started process (PID=101741) to work on /home/dwmhr/pln/venv/lib/python3.10/site-packages/airflow/example_dags/example_branch_labels.py
[2025-08-08T16:15:48.112+0700] {processor.py:829} INFO - Processing file /home/dwmhr/pln/venv/lib/python3.10/site-packages/airflow/example_dags/example_branch_labels.py for tasks to queue
[2025-08-08T16:15:48.113+0700] {logging_mixin.py:154} INFO - [2025-08-08T16:15:48.113+0700] {dagbag.py:536} INFO - Filling up the DagBag from /home/dwmhr/pln/venv/lib/python3.10/site-packages/airflow/example_dags/example_branch_labels.py
[2025-08-08T16:15:48.119+0700] {processor.py:839} INFO - DAG(s) dict_keys(['example_branch_labels']) retrieved from /home/dwmhr/pln/venv/lib/python3.10/site-packages/airflow/example_dags/example_branch_labels.py
[2025-08-08T16:15:48.134+0700] {logging_mixin.py:154} INFO - [2025-08-08T16:15:48.134+0700] {dag.py:2941} INFO - Sync 1 DAGs
[2025-08-08T16:15:48.149+0700] {logging_mixin.py:154} INFO - [2025-08-08T16:15:48.149+0700] {dag.py:3722} INFO - Setting next_dagrun for example_branch_labels to 2025-08-07T00:00:00+00:00, run_after=2025-08-08T00:00:00+00:00
[2025-08-08T16:15:48.168+0700] {processor.py:179} INFO - Processing /home/dwmhr/pln/venv/lib/python3.10/site-packages/airflow/example_dags/example_branch_labels.py took 0.063 seconds
[2025-08-08T16:16:49.644+0700] {processor.py:157} INFO - Started process (PID=101921) to work on /home/dwmhr/pln/venv/lib/python3.10/site-packages/airflow/example_dags/example_branch_labels.py
[2025-08-08T16:16:49.657+0700] {processor.py:829} INFO - Processing file /home/dwmhr/pln/venv/lib/python3.10/site-packages/airflow/example_dags/example_branch_labels.py for tasks to queue
[2025-08-08T16:16:49.658+0700] {logging_mixin.py:154} INFO - [2025-08-08T16:16:49.658+0700] {dagbag.py:536} INFO - Filling up the DagBag from /home/dwmhr/pln/venv/lib/python3.10/site-packages/airflow/example_dags/example_branch_labels.py
[2025-08-08T16:16:49.664+0700] {processor.py:839} INFO - DAG(s) dict_keys(['example_branch_labels']) retrieved from /home/dwmhr/pln/venv/lib/python3.10/site-packages/airflow/example_dags/example_branch_labels.py
[2025-08-08T16:16:49.678+0700] {logging_mixin.py:154} INFO - [2025-08-08T16:16:49.678+0700] {dag.py:2941} INFO - Sync 1 DAGs
[2025-08-08T16:16:49.691+0700] {logging_mixin.py:154} INFO - [2025-08-08T16:16:49.690+0700] {dag.py:3722} INFO - Setting next_dagrun for example_branch_labels to 2025-08-07T00:00:00+00:00, run_after=2025-08-08T00:00:00+00:00
[2025-08-08T16:16:49.707+0700] {processor.py:179} INFO - Processing /home/dwmhr/pln/venv/lib/python3.10/site-packages/airflow/example_dags/example_branch_labels.py took 0.065 seconds
